
================== ASTRAL ===================== 

This is ASTRAL version 5.6.3
Gene trees are treated as unrooted
50 trees read from g_trees-raxml-sqlen-25-ngen-50-s2g.trees
All output trees will be *arbitrarily* rooted at 16

======== Running the main analysis
Number of taxa: 25 (25 species)
Taxa: [16, 15, 14, 13, 12, 11, 10, 19, 18, 17, 25, 24, 1, 23, 2, 22, 3, 21, 4, 20, 5, 6, 7, 8, 9]
Taxon occupancy: {16_1=50, 15_1=50, 14_1=50, 13_1=50, 12_1=50, 11_1=50, 10_1=50, 19_1=50, 18_1=50, 17_1=50, 25_1=50, 24_1=50, 1_1=50, 2_1=50, 23_1=50, 3_1=50, 22_1=50, 21_1=50, 4_1=50, 5_1=50, 20_1=50, 6_1=50, 7_1=50, 8_1=50, 9_1=50}
Number of gene trees: 50
0 trees have missing taxa
Calculating quartet distance matrix (for completion of X)
Species tree distances calculated ...
Building set of clusters (X) from gene trees 
------------------------------
gradient0: 955
Number of Clusters after addition by distance: 955
calculating extra bipartitions to be added at level 1 ...
Adding to X using resolutions of greedy consensus ...
Limit for sigma of degrees:675
polytomy size limit : 7
discarded polytomies:  [3, 5, 7, 7]
Threshold 0.0:
Threshold 0.01:
Threshold 0.02:
Threshold 0.05:
Threshold 0.1:
Threshold 0.2:
polytomy of size 5; rounds with additions with at least 5 support: 0; clusters: 955
polytomy of size 3; rounds with additions with at least 5 support: 0; clusters: 955
Threshold 0.3333333333333333:
polytomy of size 7; rounds with additions with at least 5 support: 0; clusters: 955
polytomy of size 7; rounds with additions with at least 5 support: 0; clusters: 955
max k is :0
Number of Clusters after addition by greedy: 955
gradient0 in heuristiic: 955
partitions formed in 0.276 secs
Dynamic Programming starting after 0.276 secs
Using tree-based weight calculation.
Using polytree-based weight calculation.
Polytree max score: 632500
Polytree building time: 0.045 seconds.
Number of quartet trees in the gene trees: 632500
Size of largest cluster: 25
Greedy score: 388970
estimationFactor: 1.6260894156361674
Sub-optimal score: 403717
Total Number of elements weighted: 2063
Normalized score (portion of input quartet trees satisfied before correcting for multiple individuals): 0.6776505928853755
Optimization score: 428614
Optimal tree inferred in 0.478 secs.
(16,(18,((12,20),(13,((11,(17,7)),(((10,19),(14,(24,21))),(((3,5),(4,(1,2))),((22,9),(23,(8,(15,(25,6))))))))))));
Final quartet score is: 428614
Final normalized quartet score is: 0.6776505928853755
(16_1,(18_1,((12_1,20_1)0.98:0.2876820724517809,(13_1,((11_1,(17_1,7_1)0.76:0.1251631429540058)0.99:0.31267461467629504,(((10_1,19_1)0.77:0.13129300332954266,(14_1,(24_1,21_1)1:1.1493428368393457)1:0.9035051695771826)0.81:0.14197026127038734,(((3_1,5_1)1:0.5331313812802887,(4_1,(1_1,2_1)0.99:0.3407594886328326)1:1.119415416297873)1:1.2054462731735016,((22_1,9_1)1:1.1244329882898516,(23_1,(8_1,(15_1,(25_1,6_1)1:0.41892426148216916)1:0.42241466642193765)1:0.7844458095611949)0.99:0.3362271686136148)0.42:0.025062590526030507)0.8:0.14003508891997746)1:0.7930758523354098)0.56:0.061544162111113306)1:0.5089890759586893)0.89:0.19076042543981916));
Weight calculation took 0.100778893 secs
ASTRAL finished in 0.582 secs
