
================== ASTRAL ===================== 

This is ASTRAL version 5.6.3
Gene trees are treated as unrooted
25 trees read from g_trees-raxml-sqlen-250-ngen-25-s2g.trees
All output trees will be *arbitrarily* rooted at 16

======== Running the main analysis
Number of taxa: 25 (25 species)
Taxa: [16, 15, 14, 13, 12, 11, 10, 19, 18, 17, 25, 24, 1, 23, 2, 22, 3, 21, 4, 20, 5, 6, 7, 8, 9]
Taxon occupancy: {16_1=25, 15_1=25, 14_1=25, 13_1=25, 12_1=25, 11_1=25, 10_1=25, 19_1=25, 18_1=25, 17_1=25, 25_1=25, 24_1=25, 1_1=25, 2_1=25, 23_1=25, 3_1=25, 22_1=25, 21_1=25, 4_1=25, 20_1=25, 5_1=25, 6_1=25, 7_1=25, 8_1=25, 9_1=25}
Number of gene trees: 25
0 trees have missing taxa
Calculating quartet distance matrix (for completion of X)
Species tree distances calculated ...
Building set of clusters (X) from gene trees 
------------------------------
gradient0: 207
Number of Clusters after addition by distance: 207
calculating extra bipartitions to be added at level 1 ...
Adding to X using resolutions of greedy consensus ...
Limit for sigma of degrees:675
polytomy size limit : 3
discarded polytomies:  [3]
Threshold 0.0:
Threshold 0.01:
Threshold 0.02:
Threshold 0.05:
Threshold 0.1:
Threshold 0.2:
Threshold 0.3333333333333333:
polytomy of size 3; rounds with additions with at least 5 support: 0; clusters: 207
max k is :0
Number of Clusters after addition by greedy: 207
gradient0 in heuristiic: 207
partitions formed in 0.098 secs
Dynamic Programming starting after 0.098 secs
Using tree-based weight calculation.
Using polytree-based weight calculation.
Polytree max score: 316250
Polytree building time: 0.011 seconds.
Number of quartet trees in the gene trees: 316250
Size of largest cluster: 25
Greedy score: 286658
estimationFactor: 1.1032310279147974
Sub-optimal score: 286658
Total Number of elements weighted: 197
Normalized score (portion of input quartet trees satisfied before correcting for multiple individuals): 0.9076648221343874
Optimization score: 287049
Optimal tree inferred in 0.143 secs.
(6,(25,(15,(8,(23,(((22,9),((3,5),(4,(1,2)))),(((10,19),(14,(24,21))),((11,(17,7)),(13,((12,20),(16,18)))))))))));
Final quartet score is: 287049
Final normalized quartet score is: 0.9076648221343874
(16_1,(18_1,((12_1,20_1)1:1.247966796231875,(13_1,((11_1,(17_1,7_1)1:1.0608719606852628)1:1.3126066453287313,(((10_1,19_1)1:2.0417012136969888,(14_1,(24_1,21_1)1:2.159484249353373)1:2.8526314299133184)1:1.1786549963416464,(((22_1,9_1)1:2.8526314299133184,((3_1,5_1)1:1.466337068793427,(4_1,(1_1,2_1)0.99:0.45473615711494697)1:1.7540191412452077)1:2.8526314299133184)0.44:0.06857030651129956,(23_1,(8_1,(15_1,(25_1,6_1)1:2.8526314299133184)1:1.2431935174792175)1:2.629487878599107)1:1.1096621248546947)1:1.3020340175021505)1:2.5443300702588005)0.44:0.033355593700883326)1:2.2442254778084636)1:0.8965689093939866));
Weight calculation took 0.008971099 secs
ASTRAL finished in 0.224 secs
