
================== ASTRAL ===================== 

This is ASTRAL version 5.6.3
Gene trees are treated as unrooted
50 trees read from g_trees-raxml-sqlen-250-ngen-50-s2g.trees
All output trees will be *arbitrarily* rooted at 16

======== Running the main analysis
Number of taxa: 25 (25 species)
Taxa: [16, 15, 14, 13, 12, 11, 10, 19, 18, 17, 25, 24, 1, 23, 2, 22, 3, 21, 4, 20, 5, 6, 7, 8, 9]
Taxon occupancy: {16_1=50, 15_1=50, 14_1=50, 13_1=50, 12_1=50, 11_1=50, 10_1=50, 19_1=50, 18_1=50, 17_1=50, 25_1=50, 24_1=50, 1_1=50, 2_1=50, 23_1=50, 3_1=50, 22_1=50, 21_1=50, 4_1=50, 20_1=50, 5_1=50, 6_1=50, 7_1=50, 8_1=50, 9_1=50}
Number of gene trees: 50
0 trees have missing taxa
Calculating quartet distance matrix (for completion of X)
Species tree distances calculated ...
Building set of clusters (X) from gene trees 
------------------------------
gradient0: 237
Number of Clusters after addition by distance: 237
calculating extra bipartitions to be added at level 1 ...
Adding to X using resolutions of greedy consensus ...
Limit for sigma of degrees:675
polytomy size limit : 3
discarded polytomies:  [3]
Threshold 0.0:
Threshold 0.01:
Threshold 0.02:
Threshold 0.05:
Threshold 0.1:
Threshold 0.2:
Threshold 0.3333333333333333:
polytomy of size 3; rounds with additions with at least 5 support: 0; clusters: 237
max k is :0
Number of Clusters after addition by greedy: 237
gradient0 in heuristiic: 237
partitions formed in 0.145 secs
Dynamic Programming starting after 0.145 secs
Using tree-based weight calculation.
Using polytree-based weight calculation.
Polytree max score: 632500
Polytree building time: 0.021 seconds.
Number of quartet trees in the gene trees: 632500
Size of largest cluster: 25
Greedy score: 573889
estimationFactor: 1.1021295058800569
Sub-optimal score: 573889
Total Number of elements weighted: 229
Normalized score (portion of input quartet trees satisfied before correcting for multiple individuals): 0.9080284584980237
Optimization score: 574328
Optimal tree inferred in 0.223 secs.
(6,(25,(15,(8,(23,((22,9),(((3,5),(4,(1,2))),(((10,19),(14,(24,21))),((11,(17,7)),(13,((12,20),(16,18))))))))))));
Final quartet score is: 574328
Final normalized quartet score is: 0.9080284584980237
(16_1,(18_1,((12_1,20_1)1:1.5838575338824628,(13_1,((11_1,(17_1,7_1)1:1.045248945796713)1:1.2900409333286365,(((10_1,19_1)1:2.022283127839887,(14_1,(24_1,21_1)1:2.4277482359480516)1:2.4277482359480516)1:1.3573068242466393,(((3_1,5_1)1:1.7346010553881062,(4_1,(1_1,2_1)1:0.5819215454497209)1:1.9169226121820613)1:3.5263605246161593,((22_1,9_1)1:3.5263605246161593,(23_1,(8_1,(15_1,(25_1,6_1)1:2.8107404882041562)1:1.1503479630672988)1:3.120895416507997)1:1.5040773967762742)0.42:0.03593200922606344)1:1.252762968495368)1:2.9509963797125986)0.44:0.026886482184584774)1:2.917954572511307)1:0.8822141254934318));
Weight calculation took 0.021697837 secs
ASTRAL finished in 0.325 secs
