
================== ASTRAL ===================== 

This is ASTRAL version 5.6.3
Gene trees are treated as unrooted
25 trees read from g_trees-raxml-sqlen-25-ngen-25-s2g.trees
All output trees will be *arbitrarily* rooted at 16

======== Running the main analysis
Number of taxa: 25 (25 species)
Taxa: [16, 15, 14, 13, 12, 11, 10, 19, 18, 17, 25, 24, 1, 23, 2, 22, 3, 21, 4, 20, 5, 6, 7, 8, 9]
Taxon occupancy: {16_1=25, 15_1=25, 14_1=25, 13_1=25, 12_1=25, 11_1=25, 10_1=25, 19_1=25, 18_1=25, 17_1=25, 25_1=25, 24_1=25, 1_1=25, 2_1=25, 23_1=25, 3_1=25, 22_1=25, 21_1=25, 4_1=25, 5_1=25, 20_1=25, 6_1=25, 7_1=25, 8_1=25, 9_1=25}
Number of gene trees: 25
0 trees have missing taxa
Calculating quartet distance matrix (for completion of X)
Species tree distances calculated ...
Building set of clusters (X) from gene trees 
------------------------------
gradient0: 633
Number of Clusters after addition by distance: 633
calculating extra bipartitions to be added at level 1 ...
Adding to X using resolutions of greedy consensus ...
Limit for sigma of degrees:675
polytomy size limit : 13
discarded polytomies:  [3, 3, 4, 5, 13]
Threshold 0.0:
Threshold 0.01:
Threshold 0.02:
Threshold 0.05:
polytomy of size 3; rounds with additions with at least 5 support: 0; clusters: 633
Threshold 0.1:
polytomy of size 3; rounds with additions with at least 5 support: 0; clusters: 633
Threshold 0.2:
polytomy of size 5; rounds with additions with at least 5 support: 0; clusters: 633
polytomy of size 4; rounds with additions with at least 5 support: 0; clusters: 633
Threshold 0.3333333333333333:
polytomy of size 13; rounds with additions with at least 5 support: 0; clusters: 633
max k is :0
Number of Clusters after addition by greedy: 633
gradient0 in heuristiic: 633
partitions formed in 0.341 secs
Dynamic Programming starting after 0.341 secs
Using tree-based weight calculation.
Using polytree-based weight calculation.
Polytree max score: 316250
Polytree building time: 0.018 seconds.
Number of quartet trees in the gene trees: 316250
Size of largest cluster: 25
Greedy score: 185831
estimationFactor: 1.7018150900549425
Sub-optimal score: 194692
Total Number of elements weighted: 1032
Normalized score (portion of input quartet trees satisfied before correcting for multiple individuals): 0.6492774703557312
Optimization score: 205334
Optimal tree inferred in 0.449 secs.
(16,(18,((12,20),(13,((17,(11,7)),(((22,9),(23,(8,(15,(25,6))))),((14,(24,21)),((10,19),((3,5),(4,(1,2)))))))))));
Final quartet score is: 205334
Final normalized quartet score is: 0.6492774703557312
(16_1,(18_1,((12_1,20_1)0.97:0.38372512147175863,(13_1,((17_1,(11_1,7_1)0.38:0.003502630551202112)0.88:0.2543085636352742,(((22_1,9_1)1:0.9146894505071811,(23_1,(8_1,(15_1,(25_1,6_1)0.91:0.30531921393788775)0.84:0.22211386184619353)1:0.7669593384828456)0.82:0.20862604468068946)0.68:0.1357866811296122,((14_1,(24_1,21_1)1:1.1561821404895876)1:0.794851385014661,((10_1,19_1)0.74:0.1640283637466291,((3_1,5_1)1:0.8114111010536796,(4_1,(1_1,2_1)0.76:0.20710158579244162)1:1.1478833376748923)1:0.904739119654013)0.58:0.11437538675404188)0.42:0.02117032040390463)1:0.5530030847455317)0.61:0.10705878948801775)0.99:0.47077315602476427)0.53:0.09654720834499982));
Weight calculation took 0.046684497 secs
ASTRAL finished in 0.536 secs
