
================== ASTRAL ===================== 

This is ASTRAL version 5.6.3
Gene trees are treated as unrooted
100 trees read from g_trees-raxml-sqlen-25-ngen-100-s2g.trees
All output trees will be *arbitrarily* rooted at 16

======== Running the main analysis
Number of taxa: 25 (25 species)
Taxa: [16, 15, 14, 13, 12, 11, 10, 19, 18, 17, 25, 24, 1, 23, 2, 22, 3, 21, 4, 20, 5, 6, 7, 8, 9]
Taxon occupancy: {16_1=100, 15_1=100, 14_1=100, 13_1=100, 12_1=100, 11_1=100, 10_1=100, 19_1=100, 18_1=100, 17_1=100, 25_1=100, 24_1=100, 1_1=100, 2_1=100, 23_1=100, 3_1=100, 22_1=100, 21_1=100, 4_1=100, 5_1=100, 20_1=100, 6_1=100, 7_1=100, 8_1=100, 9_1=100}
Number of gene trees: 100
0 trees have missing taxa
Calculating quartet distance matrix (for completion of X)
Species tree distances calculated ...
Building set of clusters (X) from gene trees 
------------------------------
gradient0: 1581
Number of Clusters after addition by distance: 1581
calculating extra bipartitions to be added at level 1 ...
Adding to X using resolutions of greedy consensus ...
Limit for sigma of degrees:675
polytomy size limit : 13
discarded polytomies:  [3, 4, 4, 13]
Threshold 0.0:
Threshold 0.01:
Threshold 0.02:
Threshold 0.05:
Threshold 0.1:
Threshold 0.2:
polytomy of size 4; rounds with additions with at least 5 support: 0; clusters: 1581
polytomy of size 4; rounds with additions with at least 5 support: 0; clusters: 1581
Threshold 0.3333333333333333:
polytomy of size 3; rounds with additions with at least 5 support: 0; clusters: 1581
polytomy of size 13; rounds with additions with at least 5 support: 0; clusters: 1581
max k is :0
Number of Clusters after addition by greedy: 1581
gradient0 in heuristiic: 1581
partitions formed in 0.574 secs
Dynamic Programming starting after 0.574 secs
Using tree-based weight calculation.
Using polytree-based weight calculation.
Polytree max score: 1265000
Polytree building time: 0.071 seconds.
Number of quartet trees in the gene trees: 1265000
Size of largest cluster: 25
Greedy score: 783731
estimationFactor: 1.6140742167912205
Sub-optimal score: 788665
Total Number of elements weighted: 4625
Normalized score (portion of input quartet trees satisfied before correcting for multiple individuals): 0.6741826086956522
Optimization score: 852841
Optimal tree inferred in 1.0 secs.
(16,(18,((12,20),(13,((11,(17,7)),(((10,19),(14,(24,21))),((23,(8,(15,(25,6)))),((22,9),((3,5),(4,(1,2)))))))))));
Final quartet score is: 852841
Final normalized quartet score is: 0.6741826086956522
(16_1,(18_1,((12_1,20_1)1:0.2708513806273073,(13_1,((11_1,(17_1,7_1)0.99:0.20978804001142706)0.99:0.22624240721827601,(((10_1,19_1)1:0.2989666263180858,(14_1,(24_1,21_1)1:1.2821046475951763)1:1.0181507806610264)1:0.26659142063979907,((23_1,(8_1,(15_1,(25_1,6_1)1:0.5484274859496685)0.98:0.18899155952555272)1:0.8858191482284086)1:0.2696217955909398,((22_1,9_1)1:0.810311595720262,((3_1,5_1)1:0.6448286032891372,(4_1,(1_1,2_1)0.99:0.2198299654006291)1:1.169308342420152)1:1.3487781547341342)0.46:0.030639812827191273)0.97:0.17490920939702975)1:0.6651275801614847)0.45:0.03813801468378797)1:0.4909138003352454)0.97:0.18218012408033188));
Weight calculation took 0.272457519 secs
ASTRAL finished in 1.123 secs
