
================== ASTRAL ===================== 

This is ASTRAL version 5.6.3
Gene trees are treated as unrooted
25 trees read from g_trees-raxml-sqlen-50-ngen-25.trees.tree
All output trees will be *arbitrarily* rooted at 11

======== Running the main analysis
Number of taxa: 25 (25 species)
Taxa: [11, 16, 20, 12, 18, 13, 7, 17, 8, 15, 22, 6, 25, 23, 9, 3, 5, 1, 2, 4, 24, 14, 21, 10, 19]
Taxon occupancy: {22=25, 23=25, 24=25, 25=25, 10=25, 11=25, 12=25, 13=25, 14=25, 15=25, 16=25, 17=25, 18=25, 19=25, 1=25, 2=25, 3=25, 4=25, 5=25, 6=25, 7=25, 8=25, 9=25, 20=25, 21=25}
Number of gene trees: 25
0 trees have missing taxa
Calculating quartet distance matrix (for completion of X)
Species tree distances calculated ...
Building set of clusters (X) from gene trees 
------------------------------
gradient0: 471
Number of Clusters after addition by distance: 471
calculating extra bipartitions to be added at level 1 ...
Adding to X using resolutions of greedy consensus ...
Limit for sigma of degrees:675
polytomy size limit : 5
discarded polytomies:  [3, 3, 4, 5]
Threshold 0.0:
Threshold 0.01:
Threshold 0.02:
Threshold 0.05:
Threshold 0.1:
Threshold 0.2:
polytomy of size 3; rounds with additions with at least 5 support: 0; clusters: 471
Threshold 0.3333333333333333:
polytomy of size 3; rounds with additions with at least 5 support: 0; clusters: 471
polytomy of size 5; rounds with additions with at least 5 support: 0; clusters: 471
polytomy of size 4; rounds with additions with at least 5 support: 0; clusters: 471
max k is :0
Number of Clusters after addition by greedy: 471
gradient0 in heuristiic: 471
partitions formed in 0.199 secs
Dynamic Programming starting after 0.199 secs
Using tree-based weight calculation.
Using polytree-based weight calculation.
Polytree max score: 316250
Polytree building time: 0.018 seconds.
Number of quartet trees in the gene trees: 316250
Size of largest cluster: 25
Greedy score: 216790
estimationFactor: 1.4587849993080861
Sub-optimal score: 226182
Total Number of elements weighted: 753
Normalized score (portion of input quartet trees satisfied before correcting for multiple individuals): 0.744
Optimization score: 235290
Optimal tree inferred in 0.286 secs.
(18,(16,((20,12),((11,(7,17)),(13,(((10,19),(14,(24,21))),((23,((6,25),(8,15))),((22,9),((3,5),(4,(1,2)))))))))));
Final quartet score is: 235290
Final normalized quartet score is: 0.744
(11,((7,17)0.94:0.312462101450268,((13,(((10,19)1:0.5651599747293198,(14,(24,21)1:1.466337068793427)1:1.2840155119994723)0.98:0.4024648058274832,((23,((6,25)1:0.6633750222262754,(8,15)0.46:0.049271049006782794)1:1.0120817965158306)0.61:0.13184220303367777,((22,9)1:0.9146894505071814,((3,5)1:0.8716299610467342,(4,(1,2)0.54:0.09147140349715928)1:0.6554068525770984)1:2.341805806147327)0.44:0.03216871397588393)0.66:0.15506455882595305)1:1.3214124923394606)0.5:0.05642671460219506,((20,12)0.91:0.2767530019195907,(16,18)0.87:0.23941533148194657)0.99:0.4981745062124316)0.88:0.24686007793152595));
Weight calculation took 0.024948705 secs
ASTRAL finished in 2.48 secs
