
================== ASTRAL ===================== 

This is ASTRAL version 5.6.3
Gene trees are treated as unrooted
25 trees read from g_trees-raxml-sqlen-25-ngen-25.trees.tree
All output trees will be *arbitrarily* rooted at 23

======== Running the main analysis
Number of taxa: 25 (25 species)
Taxa: [23, 5, 3, 22, 15, 6, 25, 8, 9, 11, 13, 7, 17, 16, 18, 12, 20, 24, 21, 14, 2, 1, 4, 10, 19]
Taxon occupancy: {22=25, 23=25, 24=25, 25=25, 10=25, 11=25, 12=25, 13=25, 14=25, 15=25, 16=25, 17=25, 18=25, 19=25, 1=25, 2=25, 3=25, 4=25, 5=25, 6=25, 7=25, 8=25, 9=25, 20=25, 21=25}
Number of gene trees: 25
0 trees have missing taxa
Calculating quartet distance matrix (for completion of X)
Species tree distances calculated ...
Building set of clusters (X) from gene trees 
------------------------------
gradient0: 633
Number of Clusters after addition by distance: 633
calculating extra bipartitions to be added at level 1 ...
Adding to X using resolutions of greedy consensus ...
Limit for sigma of degrees:675
polytomy size limit : 13
discarded polytomies:  [3, 3, 4, 5, 13]
Threshold 0.0:
Threshold 0.01:
Threshold 0.02:
Threshold 0.05:
polytomy of size 3; rounds with additions with at least 5 support: 0; clusters: 633
Threshold 0.1:
polytomy of size 3; rounds with additions with at least 5 support: 0; clusters: 633
Threshold 0.2:
polytomy of size 4; rounds with additions with at least 5 support: 0; clusters: 633
polytomy of size 5; rounds with additions with at least 5 support: 0; clusters: 633
Threshold 0.3333333333333333:
polytomy of size 13; rounds with additions with at least 5 support: 0; clusters: 633
max k is :0
Number of Clusters after addition by greedy: 633
gradient0 in heuristiic: 633
partitions formed in 0.362 secs
Dynamic Programming starting after 0.362 secs
Using tree-based weight calculation.
Using polytree-based weight calculation.
Polytree max score: 316250
Polytree building time: 0.022 seconds.
Number of quartet trees in the gene trees: 316250
Size of largest cluster: 25
Greedy score: 186651
estimationFactor: 1.694338631992328
Sub-optimal score: 199606
Total Number of elements weighted: 1070
Normalized score (portion of input quartet trees satisfied before correcting for multiple individuals): 0.6492774703557312
Optimization score: 205334
Optimal tree inferred in 0.474 secs.
(2,(1,(4,((5,3),((10,19),((14,(24,21)),(((22,9),(23,(8,(15,(6,25))))),((17,(11,7)),(13,((16,18),(12,20)))))))))));
Final quartet score is: 205334
Final normalized quartet score is: 0.6492774703557312
(23,((8,(15,(6,25)0.91:0.30531921393788775)0.84:0.22211386184619353)1:0.7669593384828456,((22,9)1:0.9146894505071811,(((17,(11,7)0.38:0.003502630551202112)0.88:0.2543085636352742,(13,((16,18)0.53:0.09654720834499982,(12,20)0.97:0.38372512147175863)0.99:0.47077315602476427)0.61:0.10705878948801775)1:0.5530030847455317,((14,(24,21)1:1.1561821404895876)1:0.794851385014661,((10,19)0.74:0.1640283637466291,((5,3)1:0.8114111010536796,(4,(1,2)0.76:0.20710158579244162)1:1.1478833376748923)1:0.904739119654013)0.58:0.11437538675404188)0.42:0.02117032040390463)0.68:0.1357866811296122)0.82:0.20862604468068946));
Weight calculation took 0.041063521 secs
ASTRAL finished in 3.001 secs
