
================== ASTRAL ===================== 

This is ASTRAL version 5.6.3
Gene trees are treated as unrooted
500 trees read from g_trees-raxml-sqlen-100-ngen-500.trees.tree
All output trees will be *arbitrarily* rooted at 3

======== Running the main analysis
Number of taxa: 25 (25 species)
Taxa: [3, 5, 4, 1, 2, 23, 9, 22, 8, 6, 25, 15, 12, 20, 18, 16, 17, 7, 13, 11, 14, 24, 21, 10, 19]
Taxon occupancy: {22=500, 23=500, 24=500, 25=500, 10=500, 11=500, 12=500, 13=500, 14=500, 15=500, 16=500, 17=500, 18=500, 19=500, 1=500, 2=500, 3=500, 4=500, 5=500, 6=500, 7=500, 8=500, 9=500, 20=500, 21=500}
Number of gene trees: 500
0 trees have missing taxa
Calculating quartet distance matrix (for completion of X)
Species tree distances calculated ...
Building set of clusters (X) from gene trees 
------------------------------
gradient0: 1381
Number of Clusters after addition by distance: 1381
calculating extra bipartitions to be added at level 1 ...
Adding to X using resolutions of greedy consensus ...
Limit for sigma of degrees:675
polytomy size limit : 3
discarded polytomies:  [3, 3]
Threshold 0.0:
Threshold 0.01:
Threshold 0.02:
Threshold 0.05:
Threshold 0.1:
Threshold 0.2:
Threshold 0.3333333333333333:
polytomy of size 3; rounds with additions with at least 5 support: 0; clusters: 1381
polytomy of size 3; rounds with additions with at least 5 support: 0; clusters: 1381
max k is :0
Number of Clusters after addition by greedy: 1381
gradient0 in heuristiic: 1381
partitions formed in 0.558 secs
Dynamic Programming starting after 0.559 secs
Using tree-based weight calculation.
Using polytree-based weight calculation.
Polytree max score: 6325000
Polytree building time: 0.29 seconds.
Number of quartet trees in the gene trees: 6325000
Size of largest cluster: 25
Greedy score: 4977221
estimationFactor: 1.2707894626338674
Sub-optimal score: 5266301
Total Number of elements weighted: 4892
Normalized score (portion of input quartet trees satisfied before correcting for multiple individuals): 0.8333022924901186
Optimization score: 5270637
Optimal tree inferred in 1.317 secs.
(2,(1,(4,((3,5),((9,22),((23,(8,(15,(6,25)))),(((10,19),(14,(24,21))),(((12,20),(18,16)),(13,(11,(17,7)))))))))));
Final quartet score is: 5270637
Final normalized quartet score is: 0.8333022924901186
(3,(5,(((9,22)1:1.9849179773518877,((23,(8,(15,(6,25)1:1.229425549692506)1:0.4776173706940441)1:1.9574535645615196)1:0.7320770891233075,(((10,19)1:1.0374946570167072,(14,(24,21)1:1.6416608482451636)1:1.9994909616953407)1:1.076466609863342,(((12,20)1:0.9813046059702428,(18,16)1:0.41276284386574075)1:1.0890378057117187,(13,(11,(17,7)1:0.7210225883116068)1:0.5626142909316793)0.83:0.04878135829062713)1:1.3772658795169823)1:0.8053555355875107)0.97:0.07671989103505031)1:3.774259065715656,(4,(1,2)1:0.4692418073663705)1:1.4486795137976582)1:1.326256972863111));
Weight calculation took 0.360863722 secs
ASTRAL finished in 1.591 secs
