
================== ASTRAL ===================== 

This is ASTRAL version 5.6.3
Gene trees are treated as unrooted
500 trees read from g_trees-raxml-sqlen-250-ngen-500.trees.tree
All output trees will be *arbitrarily* rooted at 4

======== Running the main analysis
Number of taxa: 25 (25 species)
Taxa: [4, 2, 1, 5, 3, 22, 9, 25, 6, 15, 8, 23, 11, 17, 7, 13, 18, 16, 20, 12, 14, 24, 21, 10, 19]
Taxon occupancy: {22=500, 23=500, 24=500, 25=500, 10=500, 11=500, 12=500, 13=500, 14=500, 15=500, 16=500, 17=500, 18=500, 19=500, 1=500, 2=500, 3=500, 4=500, 5=500, 6=500, 7=500, 8=500, 9=500, 20=500, 21=500}
Number of gene trees: 500
0 trees have missing taxa
Calculating quartet distance matrix (for completion of X)
Species tree distances calculated ...
Building set of clusters (X) from gene trees 
------------------------------
gradient0: 589
Number of Clusters after addition by distance: 589
calculating extra bipartitions to be added at level 1 ...
Adding to X using resolutions of greedy consensus ...
Limit for sigma of degrees:675
polytomy size limit : 3
discarded polytomies:  [3]
Threshold 0.0:
Threshold 0.01:
Threshold 0.02:
Threshold 0.05:
Threshold 0.1:
Threshold 0.2:
Threshold 0.3333333333333333:
polytomy of size 3; rounds with additions with at least 5 support: 0; clusters: 589
max k is :0
Number of Clusters after addition by greedy: 589
gradient0 in heuristiic: 589
partitions formed in 0.387 secs
Dynamic Programming starting after 0.387 secs
Using tree-based weight calculation.
Using polytree-based weight calculation.
Polytree max score: 6325000
Polytree building time: 0.132 seconds.
Number of quartet trees in the gene trees: 6325000
Size of largest cluster: 25
Greedy score: 5761723
estimationFactor: 1.0977619021254579
Sub-optimal score: 5805213
Total Number of elements weighted: 1054
Normalized score (portion of input quartet trees satisfied before correcting for multiple individuals): 0.9179894071146245
Optimization score: 5806283
Optimal tree inferred in 0.683 secs.
(3,(5,((4,(2,1)),((22,9),((23,(8,(15,(25,6)))),(((10,19),(14,(24,21))),((13,(11,(17,7))),((18,16),(20,12)))))))));
Final quartet score is: 5806283
Final normalized quartet score is: 0.9179894071146245
(4,((2,1)1:0.8207084061979646,(((22,9)1:3.289866699017824,((23,(8,(15,(25,6)1:2.130247890495415)1:0.7529256392301832)1:3.22840209395166)1:1.2889941428002827,(((10,19)1:1.6714513475067607,(14,(24,21)1:2.6756467770475507)1:2.900149947877799)1:2.199472611254098,((13,(11,(17,7)1:1.324549613732289)1:1.2867677672931268)0.5:0.01758950918738795,((18,16)1:0.744785708846889,(20,12)1:1.8252481389820994)1:2.422646501495501)1:2.7457077653520736)1:1.6479369014906597)1:0.271773663806183)1:4.658461483038324,(5,3)1:2.3454050901769734)1:2.313119426679005));
Weight calculation took 0.090011114 secs
ASTRAL finished in 1.163 secs
