
================== ASTRAL ===================== 

This is ASTRAL version 5.6.3
Gene trees are treated as unrooted
25 trees read from g_trees-raxml-sqlen-25-ngen-25-s2g.trees
All output trees will be *arbitrarily* rooted at 14

======== Running the main analysis
Number of taxa: 64 (25 species)
Taxa: {22=[22_3, 22_2, 22_1], 23=[23_4, 23_3, 23_2, 23_1], 24=[24_2, 24_1], 25=[25_2, 25_1], 10=[10_3, 10_2, 10_1], 11=[11_2, 11_1], 12=[12_3, 12_2, 12_1], 13=[13_3, 13_2, 13_1], 14=[14_3, 14_2, 14_1], 15=[15_2, 15_1, 15_3], 16=[16_1, 16_2], 17=[17_4, 17_3, 17_2, 17_1], 18=[18_2, 18_1], 19=[19_2, 19_1], 1=[1_1, 1_2], 2=[2_1, 2_2, 2_3], 3=[3_1, 3_2], 4=[4_1, 4_2], 5=[5_1, 5_2], 6=[6_1, 6_2], 7=[7_1, 7_2, 7_3], 8=[8_1, 8_2, 8_3], 9=[9_1, 9_2], 20=[20_2, 20_1], 21=[21_3, 21_2, 21_1]}
Taxon occupancy: {16_1=20, 14_3=2, 14_2=5, 14_1=19, 12_3=2, 12_2=4, 12_1=20, 10_3=1, 10_2=5, 10_1=20, 18_2=1, 18_1=19, 16_2=4, 25_2=3, 23_4=1, 25_1=19, 23_3=1, 1_1=22, 23_2=3, 23_1=16, 1_2=4, 21_3=1, 3_1=22, 21_2=2, 21_1=19, 3_2=5, 5_1=21, 5_2=4, 7_1=18, 7_2=4, 9_1=22, 7_3=1, 9_2=5, 15_2=4, 15_1=19, 13_3=1, 13_2=4, 13_1=20, 11_2=4, 11_1=22, 19_2=3, 17_4=1, 19_1=19, 17_3=1, 17_2=4, 17_1=19, 15_3=2, 24_2=3, 24_1=20, 22_3=1, 2_1=20, 22_2=3, 22_1=19, 2_2=4, 4_1=23, 20_2=3, 2_3=2, 20_1=20, 4_2=4, 6_1=22, 6_2=4, 8_1=23, 8_2=4, 8_3=1}
Number of gene trees: 25
25 trees have missing taxa
Calculating quartet distance matrix (for completion of X)
Species tree distances calculated ...
Will attempt to complete bipartitions from X before adding using a distance matrix.
Building set of clusters (X) from gene trees 
In second round sampling 3 rounds will be done
------------------------------
gradient0: 303
------------------------------
gradient1: 96
------------------------------
gradient2: 80
Number of Clusters after addition by distance: 479
calculating extra bipartitions to be added at level 1 ...
Adding to X using resolutions of greedy consensus ...
Limit for sigma of degrees:675
polytomy size limit : 6
discarded polytomies:  [4, 6]
Threshold 0.0:
Threshold 0.01:
Threshold 0.02:
Threshold 0.05:
Threshold 0.1:
Threshold 0.2:
Threshold 0.3333333333333333:
polytomy of size 4; rounds with additions with at least 5 support: 0; clusters: 479
polytomy of size 6; rounds with additions with at least 5 support: 0; clusters: 479
max k is :0
Number of Clusters after addition by greedy: 479
gradient0 in heuristiic: 479
calculating extra bipartitions to be added at level 1 ...
Adding to X using resolutions of greedy consensus ...
Limit for sigma of degrees:675
polytomy size limit : 3
discarded polytomies:  [3, 3]
Threshold 0.0:
Threshold 0.01:
Threshold 0.02:
Threshold 0.05:
Threshold 0.1:
Threshold 0.2:
Threshold 0.3333333333333333:
polytomy of size 3; rounds with additions with at least 5 support: 0; clusters: 479
polytomy of size 3; rounds with additions with at least 5 support: 0; clusters: 479
max k is :0
Number of Clusters after addition by greedy: 479
gradient1 in heuristiic: 0
calculating extra bipartitions to be added at level 1 ...
Adding to X using resolutions of greedy consensus ...
Limit for sigma of degrees:675
polytomy size limit : 5
discarded polytomies:  [3, 3, 5]
Threshold 0.0:
Threshold 0.01:
Threshold 0.02:
Threshold 0.05:
Threshold 0.1:
Threshold 0.2:
polytomy of size 3; rounds with additions with at least 5 support: 0; clusters: 479
Threshold 0.3333333333333333:
polytomy of size 3; rounds with additions with at least 5 support: 0; clusters: 479
polytomy of size 5; rounds with additions with at least 5 support: 0; clusters: 479
max k is :0
Number of Clusters after addition by greedy: 479
gradient2 in heuristiic: 0
partitions formed in 2.679 secs
Dynamic Programming starting after 2.679 secs
Using tree-based weight calculation.
Using polytree-based weight calculation.
Polytree max score: 467550
Polytree building time: 0.012 seconds.
Number of quartet trees in the gene trees: 466943
Size of largest cluster: 64
Greedy score: 254891
estimationFactor: 1.834309892640594
Sub-optimal score: 293008
Total Number of elements weighted: 983
Normalized score (portion of input quartet trees satisfied before correcting for multiple individuals): 0.6533527646843404
Optimization score: 305078
Optimal tree inferred in 2.775 secs.
(4,(3,(((5,(16,8)),((11,6),(1,9))),(((13,(12,2)),(7,(10,(14,15)))),((18,21),((23,17),((25,24),(22,(19,20)))))))));
Final quartet score is: 316789
Final normalized quartet score is: 0.6784318428587643
You may want to ignore posterior probabilities and other statistics related to the following branch branch because the effective number of genes impacting it is only 4:
	{14}
You may want to ignore posterior probabilities and other statistics related to the following branch branch because the effective number of genes impacting it is only 3:
	{15}
You may want to ignore posterior probabilities and other statistics related to the following branch branch because the effective number of genes impacting it is only 3:
	{10}
You may want to ignore posterior probabilities and other statistics related to the following branch branch because the effective number of genes impacting it is only 3:
	{7}
You may want to ignore posterior probabilities and other statistics related to the following branch branch because the effective number of genes impacting it is only 3:
	{13}
You may want to ignore posterior probabilities and other statistics related to the following branch branch because the effective number of genes impacting it is only 3:
	{12}
You may want to ignore posterior probabilities and other statistics related to the following branch branch because the effective number of genes impacting it is only 3:
	{2}
You may want to ignore posterior probabilities and other statistics related to the following branch branch because the effective number of genes impacting it is only 19:
	{12, 13, 2}
You may want to ignore posterior probabilities and other statistics related to the following branch branch because the effective number of genes impacting it is only 1:
	{18}
You may want to ignore posterior probabilities and other statistics related to the following branch branch because the effective number of genes impacting it is only 1:
	{21}
You may want to ignore posterior probabilities and other statistics related to the following branch branch because the effective number of genes impacting it is only 18:
	{18, 21}
You may want to ignore posterior probabilities and other statistics related to the following branch branch because the effective number of genes impacting it is only 2:
	{23}
You may want to ignore posterior probabilities and other statistics related to the following branch branch because the effective number of genes impacting it is only 2:
	{17}
You may want to ignore posterior probabilities and other statistics related to the following branch branch because the effective number of genes impacting it is only 15:
	{23, 17}
You may want to ignore posterior probabilities and other statistics related to the following branch branch because the effective number of genes impacting it is only 3:
	{25}
You may want to ignore posterior probabilities and other statistics related to the following branch branch because the effective number of genes impacting it is only 3:
	{24}
You may want to ignore posterior probabilities and other statistics related to the following branch branch because the effective number of genes impacting it is only 19:
	{25, 24}
You may want to ignore posterior probabilities and other statistics related to the following branch branch because the effective number of genes impacting it is only 2:
	{22}
You may want to ignore posterior probabilities and other statistics related to the following branch branch because the effective number of genes impacting it is only 3:
	{19}
You may want to ignore posterior probabilities and other statistics related to the following branch branch because the effective number of genes impacting it is only 3:
	{20}
You may want to ignore posterior probabilities and other statistics related to the following branch branch because the effective number of genes impacting it is only 18:
	{19, 20}
You may want to ignore posterior probabilities and other statistics related to the following branch branch because the effective number of genes impacting it is only 19:
	{19, 22, 20}
You may want to ignore posterior probabilities and other statistics related to the following branch branch because the effective number of genes impacting it is only 16:
	{18, 25, 23, 21, 17, 19, 24, 22, 20}
You may want to ignore posterior probabilities and other statistics related to the following branch branch because the effective number of genes impacting it is only 4:
	{5}
You may want to ignore posterior probabilities and other statistics related to the following branch branch because the effective number of genes impacting it is only 4:
	{16}
You may want to ignore posterior probabilities and other statistics related to the following branch branch because the effective number of genes impacting it is only 3:
	{8}
You may want to ignore posterior probabilities and other statistics related to the following branch branch because the effective number of genes impacting it is only 18:
	{16, 8}
You may want to ignore posterior probabilities and other statistics related to the following branch branch because the effective number of genes impacting it is only 4:
	{11}
You may want to ignore posterior probabilities and other statistics related to the following branch branch because the effective number of genes impacting it is only 4:
	{6}
You may want to ignore posterior probabilities and other statistics related to the following branch branch because the effective number of genes impacting it is only 4:
	{1}
You may want to ignore posterior probabilities and other statistics related to the following branch branch because the effective number of genes impacting it is only 5:
	{9}
You may want to ignore posterior probabilities and other statistics related to the following branch branch because the effective number of genes impacting it is only 5:
	{3}
You may want to ignore posterior probabilities and other statistics related to the following branch branch because the effective number of genes impacting it is only 4:
	{4}
You may want to ignore posterior probabilities and other statistics related to the following branch branch because the effective number of genes impacting it is only 14:
	{16, 1, 3, 5, 9, 11, 4, 6, 8}
You may want to ignore posterior probabilities and other statistics related to the following branch branch because the effective number of genes impacting it is only 15:
	{16, 18, 25, 23, 1, 21, 3, 5, 9, 11, 17, 19, 24, 22, 20, 4, 6, 8}
You may want to ignore posterior probabilities and other statistics related to the following branch branch because the effective number of genes impacting it is only 17:
	{16, 12, 18, 25, 23, 1, 21, 3, 5, 9, 13, 11, 17, 19, 24, 22, 2, 20, 4, 6, 8}
You may want to ignore posterior probabilities and other statistics related to the following branch branch because the effective number of genes impacting it is only 17:
	{16, 12, 18, 25, 23, 1, 21, 3, 5, 7, 9, 13, 11, 17, 19, 24, 22, 2, 20, 4, 6, 8}
You may want to ignore posterior probabilities and other statistics related to the following branch branch because the effective number of genes impacting it is only 19:
	{16, 12, 10, 18, 25, 23, 1, 21, 3, 5, 7, 9, 13, 11, 17, 19, 24, 22, 2, 20, 4, 6, 8}
((14_3,14_2,14_1)0.18:0.0,((15_2,15_1,15_3)0.21:0.0,((10_3,10_2,10_1)0.15:0.0,((7_1,7_2,7_3)0.16:0.0,(((13_3,13_2,13_1)0.22:0.0,((12_3,12_2,12_1)0.16:0.0,(2_1,2_2,2_3)0.17:0.0)0.99:0.501606816584582)1:0.8727459980994371,((((18_2,18_1)0.43:0.0,(21_3,21_2,21_1)0.54:0.0984400728132524)0.93:0.3705902014933591,(((23_4,23_3,23_2,23_1)0.48:0.028018100249570653,(17_4,17_3,17_2,17_1)0.34:0.0)0.51:0.0976327417315941,(((25_2,25_1)0.28:0.0,(24_2,24_1)0.15:0.0)0.91:0.3265140848704343,((22_3,22_2,22_1)0.5:0.06441468979570031,((19_2,19_1)0.16:0.0,(20_2,20_1)0.13:0.0)0.99:0.5730611202850366)0.33:0.0)1:0.666267777468394)0.8:0.21904495792786127)1:0.9421480036342844,((((5_1,5_2)0.2:0.0,((16_1,16_2)0.17:0.0,(8_1,8_2,8_3)0.27:0.0)0.96:0.42578375635514365)0.6:0.11241856568100925,(((11_2,11_1)0.16:0.0,(6_1,6_2)0.11:0.0)1:1.0297569219893972,((1_1,1_2)0.15:0.0,(9_1,9_2)0.56:0.13049672167156393)0.25:0.0)1:0.6388963076011387)0.94:0.37185180700630177,((3_1,3_2)0.09:0.0,(4_1,4_2)0.12:0.0)1:1.7289218662345354)0.96:0.47378069773801534)1:0.7970037740874092)0.83:0.26962484434023715)0.63:0.13171839249594836)0.99:0.5327446474609607));
Weight calculation took 0.05318829 secs
ASTRAL finished in 2.874 secs
