
================== ASTRAL ===================== 

This is ASTRAL version 5.6.3
Gene trees are treated as unrooted
25 trees read from g_trees-raxml-sqlen-100-ngen-25-s2g.trees
All output trees will be *arbitrarily* rooted at 14

======== Running the main analysis
Number of taxa: 64 (25 species)
Taxa: {22=[22_3, 22_2, 22_1], 23=[23_4, 23_3, 23_2, 23_1], 24=[24_2, 24_1], 25=[25_2, 25_1], 10=[10_3, 10_2, 10_1], 11=[11_2, 11_1], 12=[12_3, 12_2, 12_1], 13=[13_3, 13_2, 13_1], 14=[14_3, 14_2, 14_1], 15=[15_2, 15_1, 15_3], 16=[16_1, 16_2], 17=[17_4, 17_3, 17_2, 17_1], 18=[18_2, 18_1], 19=[19_2, 19_1], 1=[1_1, 1_2], 2=[2_1, 2_2, 2_3], 3=[3_1, 3_2], 4=[4_1, 4_2], 5=[5_1, 5_2], 6=[6_1, 6_2], 7=[7_1, 7_2, 7_3], 8=[8_1, 8_2, 8_3], 9=[9_1, 9_2], 20=[20_2, 20_1], 21=[21_3, 21_2, 21_1]}
Taxon occupancy: {16_1=20, 14_3=2, 14_2=5, 14_1=19, 12_3=2, 12_2=4, 12_1=20, 10_3=1, 10_2=5, 10_1=20, 18_2=1, 18_1=19, 16_2=4, 25_2=3, 23_4=1, 25_1=19, 23_3=1, 1_1=22, 23_2=3, 23_1=16, 1_2=4, 21_3=1, 3_1=22, 21_2=2, 21_1=19, 3_2=5, 5_1=21, 5_2=4, 7_1=18, 7_2=4, 9_1=22, 7_3=1, 9_2=5, 15_2=4, 15_1=19, 13_3=1, 13_2=4, 13_1=20, 11_2=4, 11_1=22, 19_2=3, 17_4=1, 19_1=19, 17_3=1, 17_2=4, 17_1=19, 15_3=2, 24_2=3, 24_1=20, 22_3=1, 2_1=20, 22_2=3, 22_1=19, 2_2=4, 4_1=23, 20_2=3, 2_3=2, 20_1=20, 4_2=4, 6_1=22, 6_2=4, 8_1=23, 8_2=4, 8_3=1}
Number of gene trees: 25
25 trees have missing taxa
Calculating quartet distance matrix (for completion of X)
Species tree distances calculated ...
Will attempt to complete bipartitions from X before adding using a distance matrix.
Building set of clusters (X) from gene trees 
In second round sampling 3 rounds will be done
------------------------------
gradient0: 225
------------------------------
gradient1: 16
------------------------------
gradient2: 24
Number of Clusters after addition by distance: 265
calculating extra bipartitions to be added at level 1 ...
Adding to X using resolutions of greedy consensus ...
Limit for sigma of degrees:675
polytomy size limit : 3
discarded polytomies:  []
Threshold 0.0:
Threshold 0.01:
Threshold 0.02:
Threshold 0.05:
Threshold 0.1:
Threshold 0.2:
Threshold 0.3333333333333333:
max k is :0
Number of Clusters after addition by greedy: 265
gradient0 in heuristiic: 265
calculating extra bipartitions to be added at level 1 ...
Adding to X using resolutions of greedy consensus ...
Limit for sigma of degrees:675
polytomy size limit : 3
discarded polytomies:  []
Threshold 0.0:
Threshold 0.01:
Threshold 0.02:
Threshold 0.05:
Threshold 0.1:
Threshold 0.2:
Threshold 0.3333333333333333:
max k is :0
Number of Clusters after addition by greedy: 265
gradient1 in heuristiic: 0
calculating extra bipartitions to be added at level 1 ...
Adding to X using resolutions of greedy consensus ...
Limit for sigma of degrees:675
polytomy size limit : 3
discarded polytomies:  []
Threshold 0.0:
Threshold 0.01:
Threshold 0.02:
Threshold 0.05:
Threshold 0.1:
Threshold 0.2:
Threshold 0.3333333333333333:
max k is :0
Number of Clusters after addition by greedy: 265
gradient2 in heuristiic: 0
partitions formed in 2.508 secs
Dynamic Programming starting after 2.508 secs
Using tree-based weight calculation.
Using polytree-based weight calculation.
Polytree max score: 467550
Polytree building time: 0.011 seconds.
Number of quartet trees in the gene trees: 466943
Size of largest cluster: 64
Greedy score: 294215
estimationFactor: 1.589143993338205
Sub-optimal score: 336761
Total Number of elements weighted: 414
Normalized score (portion of input quartet trees satisfied before correcting for multiple individuals): 0.733162291757238
Optimization score: 342345
Optimal tree inferred in 2.579 secs.
(25,(24,((19,20),(22,(23,(17,((18,21),(((3,4),((5,(16,8)),((11,6),(1,9)))),((13,(12,2)),(7,(10,(14,15))))))))))));
Final quartet score is: 353920
Final normalized quartet score is: 0.7579511846199644
You may want to ignore posterior probabilities and other statistics related to the following branch branch because the effective number of genes impacting it is only 4:
	{14}
You may want to ignore posterior probabilities and other statistics related to the following branch branch because the effective number of genes impacting it is only 3:
	{15}
You may want to ignore posterior probabilities and other statistics related to the following branch branch because the effective number of genes impacting it is only 3:
	{10}
You may want to ignore posterior probabilities and other statistics related to the following branch branch because the effective number of genes impacting it is only 3:
	{7}
You may want to ignore posterior probabilities and other statistics related to the following branch branch because the effective number of genes impacting it is only 3:
	{13}
You may want to ignore posterior probabilities and other statistics related to the following branch branch because the effective number of genes impacting it is only 3:
	{12}
You may want to ignore posterior probabilities and other statistics related to the following branch branch because the effective number of genes impacting it is only 3:
	{2}
You may want to ignore posterior probabilities and other statistics related to the following branch branch because the effective number of genes impacting it is only 19:
	{12, 13, 2}
You may want to ignore posterior probabilities and other statistics related to the following branch branch because the effective number of genes impacting it is only 5:
	{3}
You may want to ignore posterior probabilities and other statistics related to the following branch branch because the effective number of genes impacting it is only 4:
	{4}
You may want to ignore posterior probabilities and other statistics related to the following branch branch because the effective number of genes impacting it is only 4:
	{5}
You may want to ignore posterior probabilities and other statistics related to the following branch branch because the effective number of genes impacting it is only 4:
	{16}
You may want to ignore posterior probabilities and other statistics related to the following branch branch because the effective number of genes impacting it is only 3:
	{8}
You may want to ignore posterior probabilities and other statistics related to the following branch branch because the effective number of genes impacting it is only 18:
	{16, 8}
You may want to ignore posterior probabilities and other statistics related to the following branch branch because the effective number of genes impacting it is only 4:
	{11}
You may want to ignore posterior probabilities and other statistics related to the following branch branch because the effective number of genes impacting it is only 4:
	{6}
You may want to ignore posterior probabilities and other statistics related to the following branch branch because the effective number of genes impacting it is only 4:
	{1}
You may want to ignore posterior probabilities and other statistics related to the following branch branch because the effective number of genes impacting it is only 5:
	{9}
You may want to ignore posterior probabilities and other statistics related to the following branch branch because the effective number of genes impacting it is only 14:
	{16, 1, 3, 5, 9, 11, 4, 6, 8}
You may want to ignore posterior probabilities and other statistics related to the following branch branch because the effective number of genes impacting it is only 1:
	{18}
You may want to ignore posterior probabilities and other statistics related to the following branch branch because the effective number of genes impacting it is only 1:
	{21}
You may want to ignore posterior probabilities and other statistics related to the following branch branch because the effective number of genes impacting it is only 18:
	{18, 21}
You may want to ignore posterior probabilities and other statistics related to the following branch branch because the effective number of genes impacting it is only 2:
	{17}
You may want to ignore posterior probabilities and other statistics related to the following branch branch because the effective number of genes impacting it is only 2:
	{23}
You may want to ignore posterior probabilities and other statistics related to the following branch branch because the effective number of genes impacting it is only 2:
	{22}
You may want to ignore posterior probabilities and other statistics related to the following branch branch because the effective number of genes impacting it is only 3:
	{19}
You may want to ignore posterior probabilities and other statistics related to the following branch branch because the effective number of genes impacting it is only 3:
	{20}
You may want to ignore posterior probabilities and other statistics related to the following branch branch because the effective number of genes impacting it is only 19:
	{19, 20}
You may want to ignore posterior probabilities and other statistics related to the following branch branch because the effective number of genes impacting it is only 3:
	{24}
You may want to ignore posterior probabilities and other statistics related to the following branch branch because the effective number of genes impacting it is only 3:
	{25}
You may want to ignore posterior probabilities and other statistics related to the following branch branch because the effective number of genes impacting it is only 19:
	{25, 24}
You may want to ignore posterior probabilities and other statistics related to the following branch branch because the effective number of genes impacting it is only 19:
	{25, 19, 24, 20}
You may want to ignore posterior probabilities and other statistics related to the following branch branch because the effective number of genes impacting it is only 15:
	{25, 19, 24, 22, 20}
You may want to ignore posterior probabilities and other statistics related to the following branch branch because the effective number of genes impacting it is only 15:
	{25, 23, 19, 24, 22, 20}
You may want to ignore posterior probabilities and other statistics related to the following branch branch because the effective number of genes impacting it is only 19:
	{25, 23, 17, 19, 24, 22, 20}
You may want to ignore posterior probabilities and other statistics related to the following branch branch because the effective number of genes impacting it is only 16:
	{18, 25, 23, 21, 17, 19, 24, 22, 20}
You may want to ignore posterior probabilities and other statistics related to the following branch branch because the effective number of genes impacting it is only 15:
	{16, 18, 25, 23, 1, 21, 3, 5, 9, 11, 17, 19, 24, 22, 20, 4, 6, 8}
You may want to ignore posterior probabilities and other statistics related to the following branch branch because the effective number of genes impacting it is only 17:
	{16, 12, 18, 25, 23, 1, 21, 3, 5, 9, 13, 11, 17, 19, 24, 22, 2, 20, 4, 6, 8}
You may want to ignore posterior probabilities and other statistics related to the following branch branch because the effective number of genes impacting it is only 17:
	{16, 12, 18, 25, 23, 1, 21, 3, 5, 7, 9, 13, 11, 17, 19, 24, 22, 2, 20, 4, 6, 8}
You may want to ignore posterior probabilities and other statistics related to the following branch branch because the effective number of genes impacting it is only 19:
	{16, 12, 10, 18, 25, 23, 1, 21, 3, 5, 7, 9, 13, 11, 17, 19, 24, 22, 2, 20, 4, 6, 8}
((14_3,14_2,14_1)0.26:0.0,((15_2,15_1,15_3)0.16:0.0,((10_3,10_2,10_1)0.15:0.0,((7_1,7_2,7_3)0.15:0.0,(((13_3,13_2,13_1)0.15:0.0,((12_3,12_2,12_1)0.17:0.0,(2_1,2_2,2_3)0.16:0.0)1:0.7193064766705474)1:0.9920025536098515,((((3_1,3_2)0.09:0.0,(4_1,4_2)0.11:0.0)1:1.9948139560454823,(((5_1,5_2)0.29:0.0,((16_1,16_2)0.11:0.0,(8_1,8_2,8_3)0.18:0.0)1:1.4390837395671852)0.58:0.0967937059891822,(((11_2,11_1)0.11:0.0,(6_1,6_2)0.11:0.0)1:1.3282305601651296,((1_1,1_2)0.12:0.0,(9_1,9_2)0.46:0.038759989809494834)0.32:0.019639597108062203)1:0.9908517051681267)0.98:0.47660802337727903)0.98:0.5915209012192344,(((18_2,18_1)0.22:0.0,(21_3,21_2,21_1)0.51:0.06453852113757118)1:1.0573693301340603,((17_4,17_3,17_2,17_1)0.39:0.0,((23_4,23_3,23_2,23_1)0.46:0.005323650825499886,((22_3,22_2,22_1)0.42:0.0,(((19_2,19_1)0.13:0.0,(20_2,20_1)0.13:0.0)1:1.717405991499007,((24_2,24_1)0.13:0.0,(25_2,25_1)0.13:0.0)0.99:0.600397093179331)1:0.7008253236210139)1:0.8758457341141224)0.25:0.0)1:0.8596580088491242)1:1.3899776065361866)1:1.276479495112684)1:0.6592006196091308)0.78:0.22143645543996826)1:1.1302390733247991));
Weight calculation took 0.036011229 secs
ASTRAL finished in 2.681 secs
