
================== ASTRAL ===================== 

This is ASTRAL version 5.6.3
Gene trees are treated as unrooted
25 trees read from g_trees-raxml-sqlen-50-ngen-25-s2g.trees
All output trees will be *arbitrarily* rooted at 14

======== Running the main analysis
Number of taxa: 64 (25 species)
Taxa: {22=[22_3, 22_2, 22_1], 23=[23_4, 23_3, 23_2, 23_1], 24=[24_2, 24_1], 25=[25_2, 25_1], 10=[10_3, 10_2, 10_1], 11=[11_2, 11_1], 12=[12_3, 12_2, 12_1], 13=[13_3, 13_2, 13_1], 14=[14_3, 14_2, 14_1], 15=[15_2, 15_1, 15_3], 16=[16_1, 16_2], 17=[17_4, 17_3, 17_2, 17_1], 18=[18_2, 18_1], 19=[19_2, 19_1], 1=[1_1, 1_2], 2=[2_1, 2_2, 2_3], 3=[3_1, 3_2], 4=[4_1, 4_2], 5=[5_1, 5_2], 6=[6_1, 6_2], 7=[7_1, 7_2, 7_3], 8=[8_1, 8_2, 8_3], 9=[9_1, 9_2], 20=[20_2, 20_1], 21=[21_3, 21_2, 21_1]}
Taxon occupancy: {16_1=20, 14_3=2, 14_2=5, 14_1=19, 12_3=2, 12_2=4, 12_1=20, 10_3=1, 10_2=5, 10_1=20, 18_2=1, 18_1=19, 16_2=4, 25_2=3, 23_4=1, 25_1=19, 23_3=1, 1_1=22, 23_2=3, 23_1=16, 1_2=4, 21_3=1, 3_1=22, 21_2=2, 21_1=19, 3_2=5, 5_1=21, 5_2=4, 7_1=18, 7_2=4, 9_1=22, 7_3=1, 9_2=5, 15_2=4, 15_1=19, 13_3=1, 13_2=4, 13_1=20, 11_2=4, 11_1=22, 19_2=3, 17_4=1, 19_1=19, 17_3=1, 17_2=4, 17_1=19, 15_3=2, 24_2=3, 24_1=20, 22_3=1, 2_1=20, 22_2=3, 22_1=19, 2_2=4, 4_1=23, 20_2=3, 2_3=2, 20_1=20, 4_2=4, 6_1=22, 6_2=4, 8_1=23, 8_2=4, 8_3=1}
Number of gene trees: 25
25 trees have missing taxa
Calculating quartet distance matrix (for completion of X)
Species tree distances calculated ...
Will attempt to complete bipartitions from X before adding using a distance matrix.
Building set of clusters (X) from gene trees 
In second round sampling 3 rounds will be done
------------------------------
gradient0: 307
------------------------------
gradient1: 36
------------------------------
gradient2: 26
Number of Clusters after addition by distance: 369
calculating extra bipartitions to be added at level 1 ...
Adding to X using resolutions of greedy consensus ...
Limit for sigma of degrees:675
polytomy size limit : 4
discarded polytomies:  [4]
Threshold 0.0:
Threshold 0.01:
Threshold 0.02:
Threshold 0.05:
Threshold 0.1:
Threshold 0.2:
Threshold 0.3333333333333333:
polytomy of size 4; rounds with additions with at least 5 support: 0; clusters: 369
max k is :0
Number of Clusters after addition by greedy: 369
gradient0 in heuristiic: 369
calculating extra bipartitions to be added at level 1 ...
Adding to X using resolutions of greedy consensus ...
Limit for sigma of degrees:675
polytomy size limit : 3
discarded polytomies:  [3]
Threshold 0.0:
Threshold 0.01:
Threshold 0.02:
Threshold 0.05:
Threshold 0.1:
Threshold 0.2:
Threshold 0.3333333333333333:
polytomy of size 3; rounds with additions with at least 5 support: 0; clusters: 369
max k is :0
Number of Clusters after addition by greedy: 369
gradient1 in heuristiic: 0
calculating extra bipartitions to be added at level 1 ...
Adding to X using resolutions of greedy consensus ...
Limit for sigma of degrees:675
polytomy size limit : 3
discarded polytomies:  []
Threshold 0.0:
Threshold 0.01:
Threshold 0.02:
Threshold 0.05:
Threshold 0.1:
Threshold 0.2:
Threshold 0.3333333333333333:
max k is :0
Number of Clusters after addition by greedy: 369
gradient2 in heuristiic: 0
partitions formed in 2.301 secs
Dynamic Programming starting after 2.301 secs
Using tree-based weight calculation.
Using polytree-based weight calculation.
Polytree max score: 467550
Polytree building time: 0.014 seconds.
Number of quartet trees in the gene trees: 466943
Size of largest cluster: 64
Greedy score: 272460
estimationFactor: 1.7160317110768553
Sub-optimal score: 312410
Total Number of elements weighted: 661
Normalized score (portion of input quartet trees satisfied before correcting for multiple individuals): 0.6969009065346305
Optimization score: 325413
Optimal tree inferred in 2.406 secs.
(24,(25,((19,20),(22,(23,(17,((18,21),(((3,4),((16,8),(5,(9,(1,(11,6)))))),((13,(12,2)),(7,(10,(14,15))))))))))));
Final quartet score is: 337465
Final normalized quartet score is: 0.722711337358093
You may want to ignore posterior probabilities and other statistics related to the following branch branch because the effective number of genes impacting it is only 4:
	{14}
You may want to ignore posterior probabilities and other statistics related to the following branch branch because the effective number of genes impacting it is only 3:
	{15}
You may want to ignore posterior probabilities and other statistics related to the following branch branch because the effective number of genes impacting it is only 3:
	{10}
You may want to ignore posterior probabilities and other statistics related to the following branch branch because the effective number of genes impacting it is only 3:
	{7}
You may want to ignore posterior probabilities and other statistics related to the following branch branch because the effective number of genes impacting it is only 3:
	{13}
You may want to ignore posterior probabilities and other statistics related to the following branch branch because the effective number of genes impacting it is only 3:
	{12}
You may want to ignore posterior probabilities and other statistics related to the following branch branch because the effective number of genes impacting it is only 3:
	{2}
You may want to ignore posterior probabilities and other statistics related to the following branch branch because the effective number of genes impacting it is only 19:
	{12, 13, 2}
You may want to ignore posterior probabilities and other statistics related to the following branch branch because the effective number of genes impacting it is only 5:
	{3}
You may want to ignore posterior probabilities and other statistics related to the following branch branch because the effective number of genes impacting it is only 4:
	{4}
You may want to ignore posterior probabilities and other statistics related to the following branch branch because the effective number of genes impacting it is only 4:
	{16}
You may want to ignore posterior probabilities and other statistics related to the following branch branch because the effective number of genes impacting it is only 3:
	{8}
You may want to ignore posterior probabilities and other statistics related to the following branch branch because the effective number of genes impacting it is only 4:
	{5}
You may want to ignore posterior probabilities and other statistics related to the following branch branch because the effective number of genes impacting it is only 5:
	{9}
You may want to ignore posterior probabilities and other statistics related to the following branch branch because the effective number of genes impacting it is only 4:
	{1}
You may want to ignore posterior probabilities and other statistics related to the following branch branch because the effective number of genes impacting it is only 4:
	{11}
You may want to ignore posterior probabilities and other statistics related to the following branch branch because the effective number of genes impacting it is only 4:
	{6}
You may want to ignore posterior probabilities and other statistics related to the following branch branch because the effective number of genes impacting it is only 14:
	{16, 1, 3, 5, 9, 11, 4, 6, 8}
You may want to ignore posterior probabilities and other statistics related to the following branch branch because the effective number of genes impacting it is only 1:
	{18}
You may want to ignore posterior probabilities and other statistics related to the following branch branch because the effective number of genes impacting it is only 1:
	{21}
You may want to ignore posterior probabilities and other statistics related to the following branch branch because the effective number of genes impacting it is only 18:
	{18, 21}
You may want to ignore posterior probabilities and other statistics related to the following branch branch because the effective number of genes impacting it is only 2:
	{17}
You may want to ignore posterior probabilities and other statistics related to the following branch branch because the effective number of genes impacting it is only 2:
	{23}
You may want to ignore posterior probabilities and other statistics related to the following branch branch because the effective number of genes impacting it is only 2:
	{22}
You may want to ignore posterior probabilities and other statistics related to the following branch branch because the effective number of genes impacting it is only 3:
	{19}
You may want to ignore posterior probabilities and other statistics related to the following branch branch because the effective number of genes impacting it is only 3:
	{20}
You may want to ignore posterior probabilities and other statistics related to the following branch branch because the effective number of genes impacting it is only 19:
	{19, 20}
You may want to ignore posterior probabilities and other statistics related to the following branch branch because the effective number of genes impacting it is only 3:
	{25}
You may want to ignore posterior probabilities and other statistics related to the following branch branch because the effective number of genes impacting it is only 3:
	{24}
You may want to ignore posterior probabilities and other statistics related to the following branch branch because the effective number of genes impacting it is only 19:
	{25, 24}
You may want to ignore posterior probabilities and other statistics related to the following branch branch because the effective number of genes impacting it is only 19:
	{25, 19, 24, 20}
You may want to ignore posterior probabilities and other statistics related to the following branch branch because the effective number of genes impacting it is only 15:
	{25, 19, 24, 22, 20}
You may want to ignore posterior probabilities and other statistics related to the following branch branch because the effective number of genes impacting it is only 15:
	{25, 23, 19, 24, 22, 20}
You may want to ignore posterior probabilities and other statistics related to the following branch branch because the effective number of genes impacting it is only 19:
	{25, 23, 17, 19, 24, 22, 20}
You may want to ignore posterior probabilities and other statistics related to the following branch branch because the effective number of genes impacting it is only 16:
	{18, 25, 23, 21, 17, 19, 24, 22, 20}
You may want to ignore posterior probabilities and other statistics related to the following branch branch because the effective number of genes impacting it is only 15:
	{16, 18, 25, 23, 1, 21, 3, 5, 9, 11, 17, 19, 24, 22, 20, 4, 6, 8}
You may want to ignore posterior probabilities and other statistics related to the following branch branch because the effective number of genes impacting it is only 17:
	{16, 12, 18, 25, 23, 1, 21, 3, 5, 9, 13, 11, 17, 19, 24, 22, 2, 20, 4, 6, 8}
You may want to ignore posterior probabilities and other statistics related to the following branch branch because the effective number of genes impacting it is only 17:
	{16, 12, 18, 25, 23, 1, 21, 3, 5, 7, 9, 13, 11, 17, 19, 24, 22, 2, 20, 4, 6, 8}
You may want to ignore posterior probabilities and other statistics related to the following branch branch because the effective number of genes impacting it is only 19:
	{16, 12, 10, 18, 25, 23, 1, 21, 3, 5, 7, 9, 13, 11, 17, 19, 24, 22, 2, 20, 4, 6, 8}
((14_3,14_2,14_1)0.21:0.0,((15_2,15_1,15_3)0.17:0.0,((10_3,10_2,10_1)0.16:0.0,((7_1,7_2,7_3)0.17:0.0,(((13_3,13_2,13_1)0.15:0.0,((12_3,12_2,12_1)0.16:0.0,(2_1,2_2,2_3)0.17:0.0)0.93:0.344149206084048)1:1.0229520798283456,((((3_1,3_2)0.11:0.0,(4_1,4_2)0.11:0.0)1:1.5351560221953577,(((16_1,16_2)0.22:0.0,(8_1,8_2,8_3)0.19:0.0)0.93:0.34101368451245656,((5_1,5_2)0.15:0.0,((9_1,9_2)0.6:0.16962472599954784,((1_1,1_2)0.17:0.0,((11_2,11_1)0.11:0.0,(6_1,6_2)0.11:0.0)1:1.3647702278936589)0.84:0.23251525047560034)1:0.603130883347243)0.67:0.174893277978436)0.93:0.328678737789078)0.98:0.5415972824327442,(((18_2,18_1)0.22:0.0,(21_3,21_2,21_1)0.53:0.08701137698962969)1:0.7058211419416737,((17_4,17_3,17_2,17_1)0.3:0.0,((23_4,23_3,23_2,23_1)0.43:0.0,((22_3,22_2,22_1)0.47:0.025317807984290012,(((19_2,19_1)0.14:0.0,(20_2,20_1)0.13:0.0)1:1.2699409182731016,((25_2,25_1)0.14:0.0,(24_2,24_1)0.14:0.0)0.94:0.3587817535410741)0.77:0.20465565479081227)1:0.9082691161971089)0.37:0.0)0.91:0.32523400335842906)1:1.1199786379404717)1:0.9507016023173981)0.94:0.39424358336420007)0.88:0.2967206903698898)1:0.7281172723082202));
Weight calculation took 0.062376242 secs
ASTRAL finished in 2.512 secs
