
================== ASTRAL ===================== 

This is ASTRAL version 5.6.3
Gene trees are treated as unrooted
91 trees read from g_trees-raxml-sqlen-25-ngen-50.trees.tree
All output trees will be *arbitrarily* rooted at 21

======== Running the main analysis
Number of taxa: 25 (25 species)
Taxa: [21, 18, 1, 9, 11, 6, 24, 25, 20, 19, 4, 3, 8, 5, 17, 23, 14, 10, 2, 13, 12, 15, 22, 16, 7]
Taxon occupancy: {22=64, 23=70, 24=67, 25=64, 10=68, 11=69, 12=74, 13=77, 14=73, 15=71, 16=58, 17=68, 18=71, 19=65, 1=71, 2=74, 3=78, 4=78, 5=76, 6=69, 7=72, 8=67, 9=71, 20=66, 21=70}
Number of gene trees: 91
78 trees have missing taxa
Calculating quartet distance matrix (for completion of X)
Species tree distances calculated ...
Will attempt to complete bipartitions from X before adding using a distance matrix.
Building set of clusters (X) from gene trees 
------------------------------
gradient0: 635
Number of Clusters after addition by distance: 635
calculating extra bipartitions to be added at level 1 ...
Adding to X using resolutions of greedy consensus ...
Limit for sigma of degrees:675
polytomy size limit : 3
discarded polytomies:  [3]
Threshold 0.0:
Threshold 0.01:
Threshold 0.02:
Threshold 0.05:
Threshold 0.1:
Threshold 0.2:
Threshold 0.3333333333333333:
polytomy of size 3; rounds with additions with at least 5 support: 0; clusters: 635
max k is :0
Number of Clusters after addition by greedy: 635
gradient0 in heuristiic: 635
partitions formed in 0.239 secs
Dynamic Programming starting after 0.239 secs
Using tree-based weight calculation.
Using polytree-based weight calculation.
Polytree max score: 491004
Polytree building time: 0.021 seconds.
Number of quartet trees in the gene trees: 491004
Size of largest cluster: 25
Greedy score: 324417
estimationFactor: 1.5134965183698759
Sub-optimal score: 380690
Total Number of elements weighted: 1235
Normalized score (portion of input quartet trees satisfied before correcting for multiple individuals): 0.7881707684662447
Optimization score: 386995
Optimal tree inferred in 0.466 secs.
(12,(2,(13,((7,(10,(14,15))),(((21,18),((17,23),(22,((20,19),(24,25))))),((4,3),((5,(8,16)),(1,(9,(11,6))))))))));
Final quartet score is: 386995
Final normalized quartet score is: 0.7881707684662447
(21,(18,(((17,23)0.8:0.14209603042340066,(22,((20,19)1:0.8573428578317939,(24,25)1:0.7859956235839191)0.91:0.1888647440991709)1:0.7154177858749818)1:0.48180946317669376,(((4,3)1:2.175456194919425,((5,(8,16)0.99:0.34873548624956197)0.56:0.09218673946348219,(1,(9,(11,6)1:2.5469262305557554)0.27:0.0)1:0.6910548967597451)1:0.6763251814019033)1:0.7294529435426811,((7,(10,(14,15)1:0.6547144516493151)1:0.4035004040654076)1:0.45793410171488147,(13,(2,12)1:1.1861400518682428)1:0.7107864710331807)1:0.47522557322688713)1:0.7485910845024765)1:0.5337730061668435));
Weight calculation took 0.143622752 secs
ASTRAL finished in 2.234 secs
