
================== ASTRAL ===================== 

This is ASTRAL version 5.6.3
Gene trees are treated as unrooted
68 trees read from g_trees-raxml-sqlen-0-ngen-50.trees.tree
All output trees will be *arbitrarily* rooted at 23

======== Running the main analysis
Number of taxa: 25 (25 species)
Taxa: [23, 17, 20, 19, 25, 24, 21, 18, 4, 3, 8, 5, 9, 1, 6, 11, 22, 2, 12, 13, 15, 14, 10, 16, 7]
Taxon occupancy: {22=54, 23=54, 24=55, 25=52, 10=54, 11=61, 12=59, 13=63, 14=54, 15=53, 16=59, 17=57, 18=58, 19=54, 1=63, 2=59, 3=65, 4=66, 5=62, 6=61, 7=57, 8=63, 9=63, 20=55, 21=56}
Number of gene trees: 68
47 trees have missing taxa
Calculating quartet distance matrix (for completion of X)
Species tree distances calculated ...
Will attempt to complete bipartitions from X before adding using a distance matrix.
Building set of clusters (X) from gene trees 
------------------------------
gradient0: 95
Number of Clusters after addition by distance: 95
calculating extra bipartitions to be added at level 1 ...
Adding to X using resolutions of greedy consensus ...
Limit for sigma of degrees:675
polytomy size limit : 3
discarded polytomies:  []
Threshold 0.0:
Threshold 0.01:
Threshold 0.02:
Threshold 0.05:
Threshold 0.1:
Threshold 0.2:
Threshold 0.3333333333333333:
max k is :0
Number of Clusters after addition by greedy: 95
gradient0 in heuristiic: 95
partitions formed in 0.114 secs
Dynamic Programming starting after 0.114 secs
Using tree-based weight calculation.
Using polytree-based weight calculation.
Polytree max score: 522757
Polytree building time: 0.018 seconds.
Number of quartet trees in the gene trees: 522757
Size of largest cluster: 25
Greedy score: 522757
estimationFactor: 1.0
Sub-optimal score: 522757
Total Number of elements weighted: 81
Normalized score (portion of input quartet trees satisfied before correcting for multiple individuals): 1.0
Optimization score: 522757
Optimal tree inferred in 0.189 secs.
(15,(14,(10,(7,((13,(2,12)),(((4,3),((8,16),(5,(9,(1,(6,11)))))),((21,18),(23,(17,(22,((25,24),(20,19))))))))))));
Final quartet score is: 522757
Final normalized quartet score is: 1.0
(23,((17,(22,((25,24)1:3.564826805443958,(20,19)1:3.601868077124306)1:3.601868077124306)1:3.564826805443958)1:3.486355190002461,((21,18)1:3.5835189384561117,(((4,3)1:3.737669618283365,((8,16)1:3.688879454113933,(5,(9,(1,(6,11)1:3.721669276936928)1:3.721669276936928)1:3.705408756065146)1:3.6720723357975578)1:3.721669276936928)1:3.5263605246161593,((13,(2,12)1:3.688879454113933)1:3.654977902438253,(7,(10,(14,15)1:3.564826805443958)1:3.506557897319981)1:3.5457786104732607)1:3.5835189384561117)1:3.601868077124306)1:3.601868077124306));
Weight calculation took 0.030436148 secs
ASTRAL finished in 0.299 secs
