
================== ASTRAL ===================== 

This is ASTRAL version 5.6.3
Gene trees are treated as unrooted
163 trees read from g_trees-raxml-sqlen-250-ngen-50.trees.tree
All output trees will be *arbitrarily* rooted at 6

======== Running the main analysis
Number of taxa: 25 (25 species)
Taxa: [6, 11, 9, 1, 8, 5, 4, 3, 21, 18, 17, 24, 25, 19, 20, 23, 16, 2, 10, 15, 14, 12, 13, 22, 7]
Taxon occupancy: {22=132, 23=134, 24=133, 25=124, 10=129, 11=115, 12=134, 13=139, 14=125, 15=123, 16=128, 17=139, 18=138, 19=132, 1=124, 2=134, 3=142, 4=143, 5=132, 6=115, 7=135, 8=134, 9=124, 20=133, 21=137}
Number of gene trees: 163
120 trees have missing taxa
Calculating quartet distance matrix (for completion of X)
Species tree distances calculated ...
Will attempt to complete bipartitions from X before adding using a distance matrix.
Building set of clusters (X) from gene trees 
------------------------------
gradient0: 199
Number of Clusters after addition by distance: 199
calculating extra bipartitions to be added at level 1 ...
Adding to X using resolutions of greedy consensus ...
Limit for sigma of degrees:675
polytomy size limit : 3
discarded polytomies:  []
Threshold 0.0:
Threshold 0.01:
Threshold 0.02:
Threshold 0.05:
Threshold 0.1:
Threshold 0.2:
Threshold 0.3333333333333333:
max k is :0
Number of Clusters after addition by greedy: 199
gradient0 in heuristiic: 199
partitions formed in 0.18 secs
Dynamic Programming starting after 0.18 secs
Using tree-based weight calculation.
Using polytree-based weight calculation.
Polytree max score: 1150526
Polytree building time: 0.025 seconds.
Number of quartet trees in the gene trees: 1150526
Size of largest cluster: 25
Greedy score: 1108531
estimationFactor: 1.0378834692038383
Sub-optimal score: 1108531
Total Number of elements weighted: 191
Normalized score (portion of input quartet trees satisfied before correcting for multiple individuals): 0.9634993037966982
Optimization score: 1108531
Optimal tree inferred in 0.28 secs.
(14,(15,(10,(7,((13,(2,12)),(((21,18),(23,(17,(22,((19,20),(24,25)))))),((4,3),((5,(8,16)),(9,(1,(6,11)))))))))));
Final quartet score is: 1108531
Final normalized quartet score is: 0.9634993037966982
(6,(11,(1,(9,((5,(8,16)1:2.683103224579271)0.89:0.13756249511749158,((4,3)1:3.3711199264248757,(((21,18)1:2.670309873119364,(23,(17,(22,((19,20)1:3.791736839553644,(24,25)1:1.6502599069543555)1:0.6033202221701518)1:4.258423121425774)1:0.812191091430657)1:1.077189853080703)1:4.438721978350428,((13,(2,12)1:2.490894691632622)1:2.264844765011199,(7,(10,(15,14)1:3.298681818136559)1:1.9240274378058053)1:2.7386871705640994)1:2.3434070875143016)1:2.9444389791664407)1:0.5993284253422904)1:3.4236244174496067)1:0.6722658045075901)1:3.1964029690161437));
Weight calculation took 0.037855193 secs
ASTRAL finished in 0.425 secs
