
================== ASTRAL ===================== 

This is ASTRAL version 5.6.3
Gene trees are treated as unrooted
52 trees read from g_trees-raxml-sqlen-25-ngen-25.trees.tree
All output trees will be *arbitrarily* rooted at 21

======== Running the main analysis
Number of taxa: 25 (25 species)
Taxa: [21, 18, 1, 9, 11, 6, 24, 25, 20, 19, 4, 3, 8, 5, 17, 23, 14, 10, 2, 13, 12, 15, 22, 16, 7]
Taxon occupancy: {22=33, 23=36, 24=36, 25=36, 10=41, 11=38, 12=41, 13=42, 14=43, 15=43, 16=29, 17=33, 18=38, 19=35, 1=38, 2=41, 3=48, 4=48, 5=40, 6=38, 7=41, 8=37, 9=37, 20=36, 21=39}
Number of gene trees: 52
47 trees have missing taxa
Calculating quartet distance matrix (for completion of X)
Species tree distances calculated ...
Will attempt to complete bipartitions from X before adding using a distance matrix.
Building set of clusters (X) from gene trees 
------------------------------
gradient0: 389
Number of Clusters after addition by distance: 389
calculating extra bipartitions to be added at level 1 ...
Adding to X using resolutions of greedy consensus ...
Limit for sigma of degrees:675
polytomy size limit : 3
discarded polytomies:  [3]
Threshold 0.0:
Threshold 0.01:
Threshold 0.02:
Threshold 0.05:
Threshold 0.1:
Threshold 0.2:
Threshold 0.3333333333333333:
polytomy of size 3; rounds with additions with at least 5 support: 0; clusters: 389
max k is :0
Number of Clusters after addition by greedy: 389
gradient0 in heuristiic: 389
partitions formed in 0.173 secs
Dynamic Programming starting after 0.174 secs
Using tree-based weight calculation.
Using polytree-based weight calculation.
Polytree max score: 242560
Polytree building time: 0.017 seconds.
Number of quartet trees in the gene trees: 242560
Size of largest cluster: 25
Greedy score: 181407
estimationFactor: 1.3371038603802499
Sub-optimal score: 196733
Total Number of elements weighted: 596
Normalized score (portion of input quartet trees satisfied before correcting for multiple individuals): 0.8126731530343008
Optimization score: 197122
Optimal tree inferred in 0.287 secs.
(11,(6,(1,(9,(5,((8,16),((4,3),(((13,(2,12)),(7,(10,(14,15)))),((21,18),((17,23),(22,((20,19),(24,25)))))))))))));
Final quartet score is: 197122
Final normalized quartet score is: 0.8126731530343008
(21,(18,(((17,23)0.45:0.07985528143424889,(22,((20,19)1:0.6075811122538378,(24,25)1:0.5006321720935262)0.59:0.08712529292889332)1:0.7237199743006998)1:0.6337558118848491,(((13,(2,12)1:1.0034651585453835)0.99:0.42121346507630353,(7,(10,(14,15)0.98:0.3358294277460494)1:0.4475786419556467)1:0.5880624382182025)1:0.7493868988828212,((4,3)1:2.6390573296152575,((8,16)0.87:0.2827849510615331,(5,(9,(1,(6,11)1:1.9999773703255879)0.39:0.0229811183271774)1:0.6782660946160997)0.75:0.17062551703076334)1:0.9050560015389435)1:1.1054658723258208)0.97:0.346113155887624)1:0.5866676001690001));
Weight calculation took 0.058139948 secs
ASTRAL finished in 1.462 secs
