
================== ASTRAL ===================== 

This is ASTRAL version 5.6.3
Gene trees are treated as unrooted
87 trees read from g_trees-raxml-sqlen-50-ngen-50.trees.tree
All output trees will be *arbitrarily* rooted at 1

======== Running the main analysis
Number of taxa: 25 (25 species)
Taxa: [1, 21, 18, 9, 11, 6, 3, 4, 5, 8, 24, 25, 20, 19, 17, 23, 2, 16, 12, 10, 13, 15, 14, 22, 7]
Taxon occupancy: {22=62, 23=66, 24=66, 25=63, 10=69, 11=71, 12=71, 13=73, 14=71, 15=69, 16=72, 17=62, 18=71, 19=65, 1=74, 2=73, 3=77, 4=77, 5=73, 6=71, 7=70, 8=76, 9=73, 20=66, 21=70}
Number of gene trees: 87
77 trees have missing taxa
Calculating quartet distance matrix (for completion of X)
Species tree distances calculated ...
Will attempt to complete bipartitions from X before adding using a distance matrix.
Building set of clusters (X) from gene trees 
------------------------------
gradient0: 465
Number of Clusters after addition by distance: 465
calculating extra bipartitions to be added at level 1 ...
Adding to X using resolutions of greedy consensus ...
Limit for sigma of degrees:675
polytomy size limit : 3
discarded polytomies:  [3, 3]
Threshold 0.0:
Threshold 0.01:
Threshold 0.02:
Threshold 0.05:
Threshold 0.1:
Threshold 0.2:
Threshold 0.3333333333333333:
polytomy of size 3; rounds with additions with at least 5 support: 0; clusters: 465
polytomy of size 3; rounds with additions with at least 5 support: 0; clusters: 465
max k is :0
Number of Clusters after addition by greedy: 465
gradient0 in heuristiic: 465
partitions formed in 0.216 secs
Dynamic Programming starting after 0.216 secs
Using tree-based weight calculation.
Using polytree-based weight calculation.
Polytree max score: 527635
Polytree building time: 0.021 seconds.
Number of quartet trees in the gene trees: 527635
Size of largest cluster: 25
Greedy score: 417550
estimationFactor: 1.2636450724464137
Sub-optimal score: 447088
Total Number of elements weighted: 745
Normalized score (portion of input quartet trees satisfied before correcting for multiple individuals): 0.8484425786765473
Optimization score: 447668
Optimal tree inferred in 0.373 secs.
(11,(6,(1,(9,(5,((8,16),((3,4),(((13,(2,12)),(7,(10,(15,14)))),((21,18),((17,23),(22,((20,19),(24,25)))))))))))));
Final quartet score is: 447668
Final normalized quartet score is: 0.8484425786765473
(1,((9,(5,((8,16)1:0.7152533552722282,((3,4)1:2.205280588681203,(((13,(2,12)1:0.9325126297532388)1:1.672825866005803,(7,(10,(15,14)1:1.022542012153253)1:0.768960929565989)1:0.7585209650438494)1:0.9953218865678157,((21,18)1:1.9081698210724665,((17,23)0.9:0.19064342185699396,(22,((20,19)1:1.79095334262253,(24,25)1:0.7430537318276631)0.9:0.17670836944855212)1:0.9688074494626246)1:0.7497175320483398)1:0.8323140619237929)1:1.0848029261139105)0.91:0.22171931264539646)0.59:0.11500822073311481)1:0.808713348558337)0.66:0.11309183658095459,(6,11)1:1.8971199848858815));
Weight calculation took 0.084140166 secs
ASTRAL finished in 1.819 secs
