
================== ASTRAL ===================== 

This is ASTRAL version 5.6.3
Gene trees are treated as unrooted
96 trees read from g_trees-raxml-sqlen-250-ngen-25.trees.tree
All output trees will be *arbitrarily* rooted at 6

======== Running the main analysis
Number of taxa: 25 (25 species)
Taxa: [6, 11, 9, 1, 8, 5, 4, 3, 21, 18, 17, 24, 25, 19, 20, 23, 16, 2, 10, 15, 14, 12, 13, 22, 7]
Taxon occupancy: {22=76, 23=70, 24=77, 25=76, 10=85, 11=64, 12=82, 13=81, 14=78, 15=78, 16=75, 17=78, 18=74, 19=76, 1=70, 2=82, 3=79, 4=80, 5=74, 6=64, 7=79, 8=81, 9=70, 20=77, 21=76}
Number of gene trees: 96
68 trees have missing taxa
Calculating quartet distance matrix (for completion of X)
Species tree distances calculated ...
Will attempt to complete bipartitions from X before adding using a distance matrix.
Building set of clusters (X) from gene trees 
------------------------------
gradient0: 171
Number of Clusters after addition by distance: 171
calculating extra bipartitions to be added at level 1 ...
Adding to X using resolutions of greedy consensus ...
Limit for sigma of degrees:675
polytomy size limit : 3
discarded polytomies:  []
Threshold 0.0:
Threshold 0.01:
Threshold 0.02:
Threshold 0.05:
Threshold 0.1:
Threshold 0.2:
Threshold 0.3333333333333333:
max k is :0
Number of Clusters after addition by greedy: 171
gradient0 in heuristiic: 171
partitions formed in 0.093 secs
Dynamic Programming starting after 0.093 secs
Using tree-based weight calculation.
Using polytree-based weight calculation.
Polytree max score: 676546
Polytree building time: 0.012 seconds.
Number of quartet trees in the gene trees: 676546
Size of largest cluster: 25
Greedy score: 653113
estimationFactor: 1.0358789367230479
Sub-optimal score: 653113
Total Number of elements weighted: 165
Normalized score (portion of input quartet trees satisfied before correcting for multiple individuals): 0.9653637742296902
Optimization score: 653113
Optimal tree inferred in 0.141 secs.
(14,(15,(10,(7,((13,(2,12)),(((21,18),(23,(17,(22,((24,25),(19,20)))))),((4,3),((5,(8,16)),(9,(1,(6,11)))))))))));
Final quartet score is: 653113
Final normalized quartet score is: 0.9653637742296902
(6,(11,(1,(9,((5,(8,16)1:2.5970776344483526)1:0.35141668400703596,((4,3)1:2.772588722239782,(((21,18)1:2.772588722239782,(23,(17,(22,((24,25)1:1.9924301646902058,(19,20)1:3.938340313745519)0.99:0.32742240110129495)1:3.925268232178164)1:0.9138781854687704)1:1.7408393788007983)1:3.8712010109078947,((13,(2,12)1:2.2094946699280342)1:2.341805806147327,(7,(10,(15,14)1:3.293825082023613)1:1.4733057381095203)1:2.744417845273086)1:3.828641396489098)1:3.0285220963769826)0.76:0.2451224580329851)1:3.3298598432159516)1:1.1071229783360186)1:2.573460047129446));
Weight calculation took 0.015973424 secs
ASTRAL finished in 0.236 secs
