
================== ASTRAL ===================== 

This is ASTRAL version 5.6.3
Gene trees are treated as unrooted
500 trees read from g_trees-raxml-sqlen-250-ngen-500-s2g.trees
All output trees will be *arbitrarily* rooted at 14

======== Running the main analysis
Number of taxa: 125 (25 species)
Taxa: {22=[22_5, 22_4, 22_3, 22_2, 22_1], 23=[23_5, 23_4, 23_3, 23_2, 23_1], 24=[24_4, 24_3, 24_2, 24_1, 24_5], 25=[25_3, 25_2, 25_1, 25_5, 25_4], 10=[10_6, 10_5, 10_4, 10_3, 10_2, 10_1], 11=[11_5, 11_4, 11_3, 11_2, 11_1], 12=[12_5, 12_4, 12_3, 12_2, 12_1], 13=[13_4, 13_3, 13_2, 13_1], 14=[14_3, 14_2, 14_1, 14_5, 14_4], 15=[15_2, 15_1, 15_4, 15_3], 16=[16_1, 16_4, 16_3, 16_2], 17=[17_6, 17_5, 17_4, 17_3, 17_2, 17_1], 18=[18_5, 18_4, 18_3, 18_2, 18_1], 19=[19_4, 19_3, 19_2, 19_1], 1=[1_1, 1_2, 1_3, 1_4, 1_5], 2=[2_1, 2_2, 2_3, 2_4, 2_5], 3=[3_1, 3_2, 3_3, 3_4, 3_5], 4=[4_1, 4_2, 4_3, 4_4, 4_5, 4_6], 5=[5_1, 5_2, 5_3, 5_4, 5_5, 5_6], 6=[6_1, 6_2, 6_3, 6_4, 6_5], 7=[7_1, 7_2, 7_3, 7_4, 7_5, 7_6], 8=[8_1, 8_2, 8_3, 8_4, 8_5], 9=[9_1, 9_2, 9_3, 9_4, 9_5], 20=[20_4, 20_3, 20_2, 20_1], 21=[21_5, 21_4, 21_3, 21_2, 21_1]}
Taxon occupancy: {14_3=31, 14_2=97, 10_6=1, 14_1=374, 10_5=3, 10_4=8, 10_3=28, 10_2=92, 10_1=378, 18_5=2, 18_4=5, 18_3=30, 18_2=108, 18_1=372, 14_5=2, 14_4=12, 25_3=28, 25_2=111, 25_1=382, 21_5=2, 21_4=9, 21_3=27, 3_1=374, 21_2=104, 21_1=381, 3_2=98, 3_3=26, 3_4=4, 7_1=379, 3_5=2, 7_2=102, 7_3=26, 7_4=12, 7_5=2, 7_6=1, 25_5=1, 25_4=5, 13_4=8, 13_3=27, 13_2=96, 13_1=374, 17_6=1, 17_5=2, 17_4=6, 17_3=25, 17_2=88, 17_1=367, 24_4=7, 24_3=25, 24_2=103, 24_1=374, 2_1=372, 20_4=4, 2_2=95, 20_3=22, 20_2=98, 2_3=31, 20_1=362, 2_4=4, 6_1=376, 2_5=1, 6_2=93, 6_3=23, 6_4=7, 6_5=1, 24_5=2, 16_1=373, 12_5=3, 12_4=8, 12_3=27, 12_2=98, 12_1=370, 16_4=9, 16_3=25, 16_2=94, 23_5=2, 23_4=6, 23_3=26, 1_1=375, 23_2=101, 23_1=365, 1_2=98, 1_3=30, 1_4=6, 5_1=381, 1_5=1, 5_2=97, 5_3=33, 5_4=9, 9_1=387, 5_5=3, 9_2=99, 5_6=3, 9_3=30, 9_4=8, 9_5=3, 15_2=108, 15_1=380, 11_5=2, 11_4=6, 11_3=22, 11_2=93, 11_1=379, 19_4=8, 19_3=28, 19_2=96, 19_1=360, 15_4=7, 15_3=26, 22_5=1, 22_4=9, 22_3=28, 22_2=101, 22_1=378, 4_1=380, 4_2=101, 4_3=25, 4_4=10, 8_1=371, 4_5=2, 8_2=104, 4_6=1, 8_3=29, 8_4=5, 8_5=2}
Number of gene trees: 500
500 trees have missing taxa
Calculating quartet distance matrix (for completion of X)
Species tree distances calculated ...
Will attempt to complete bipartitions from X before adding using a distance matrix.
Building set of clusters (X) from gene trees 
In second round sampling 4 rounds will be done
------------------------------
gradient0: 581
------------------------------
gradient1: 186
------------------------------
gradient2: 100
------------------------------
gradient3: 90
Number of Clusters after addition by distance: 957
calculating extra bipartitions to be added at level 1 ...
Adding to X using resolutions of greedy consensus ...
Limit for sigma of degrees:675
polytomy size limit : 3
discarded polytomies:  []
Threshold 0.0:
Threshold 0.01:
Threshold 0.02:
Threshold 0.05:
Threshold 0.1:
Threshold 0.2:
Threshold 0.3333333333333333:
max k is :0
Number of Clusters after addition by greedy: 957
gradient0 in heuristiic: 957
calculating extra bipartitions to be added at level 1 ...
Adding to X using resolutions of greedy consensus ...
Limit for sigma of degrees:675
polytomy size limit : 3
discarded polytomies:  []
Threshold 0.0:
Threshold 0.01:
Threshold 0.02:
Threshold 0.05:
Threshold 0.1:
Threshold 0.2:
Threshold 0.3333333333333333:
max k is :0
Number of Clusters after addition by greedy: 957
gradient1 in heuristiic: 0
calculating extra bipartitions to be added at level 1 ...
Adding to X using resolutions of greedy consensus ...
Limit for sigma of degrees:675
polytomy size limit : 3
discarded polytomies:  []
Threshold 0.0:
Threshold 0.01:
Threshold 0.02:
Threshold 0.05:
Threshold 0.1:
Threshold 0.2:
Threshold 0.3333333333333333:
max k is :0
Number of Clusters after addition by greedy: 957
gradient2 in heuristiic: 0
calculating extra bipartitions to be added at level 1 ...
Adding to X using resolutions of greedy consensus ...
Limit for sigma of degrees:675
polytomy size limit : 3
discarded polytomies:  []
Threshold 0.0:
Threshold 0.01:
Threshold 0.02:
Threshold 0.05:
Threshold 0.1:
Threshold 0.2:
Threshold 0.3333333333333333:
max k is :0
Number of Clusters after addition by greedy: 957
gradient3 in heuristiic: 0
partitions formed in 37.866 secs
Dynamic Programming starting after 37.866 secs
Using tree-based weight calculation.
Using polytree-based weight calculation.
Polytree max score: 16804852
Polytree building time: 0.052 seconds.
Number of quartet trees in the gene trees: 16745639
Size of largest cluster: 125
Greedy score: 10280665
estimationFactor: 1.6346074094133303
Sub-optimal score: 11297544
Total Number of elements weighted: 3324
Normalized score (portion of input quartet trees satisfied before correcting for multiple individuals): 0.6749304400984638
Optimization score: 11302141
Optimal tree inferred in 39.466 secs.
(13,(16,((20,19),(((17,(9,15)),(23,(25,(24,(21,22))))),((10,(2,(3,1))),((18,8),(5,((7,(14,12)),(4,(6,11))))))))));
Final quartet score is: 12027005
Final normalized quartet score is: 0.7182171429827192
((14_3,14_2,14_1,14_5,14_4)0.06:0.0,((12_5,12_4,12_3,12_2,12_1)0.04:0.0,((7_1,7_2,7_3,7_4,7_5,7_6)0.09:0.0,(((4_1,4_2,4_3,4_4,4_5,4_6)0.05:0.0,((6_1,6_2,6_3,6_4,6_5)0.02:0.0,(11_5,11_4,11_3,11_2,11_1)0.03:0.0)1:0.28901947193821387)1:1.6438756416658824,((5_1,5_2,5_3,5_4,5_5,5_6)0.52:0.05509249226454603,(((18_5,18_4,18_3,18_2,18_1)0.03:0.0,(8_1,8_2,8_3,8_4,8_5)0.02:0.0)1:2.2345968334834727,(((10_6,10_5,10_4,10_3,10_2,10_1)0.57:0.07561175177896248,((2_1,2_2,2_3,2_4,2_5)0.06:0.0,((3_1,3_2,3_3,3_4,3_5)0.02:0.0,(1_1,1_2,1_3,1_4,1_5)0.04:0.0)1:0.9807827619555571)1:1.5914169869011725)1:2.1781408007579253,((((17_6,17_5,17_4,17_3,17_2,17_1)1:1.1209269594578142,((9_1,9_2,9_3,9_4,9_5)0.05:0.0,(15_2,15_1,15_4,15_3)0.05:0.0)1:2.903205583316051)1:0.15859247135855836,((23_5,23_4,23_3,23_2,23_1)0.97:0.2664715862173647,((25_3,25_2,25_1,25_5,25_4)0.09:0.0,((24_4,24_3,24_2,24_1,24_5)0.07:0.0,((21_5,21_4,21_3,21_2,21_1)0.01:0.0,(22_5,22_4,22_3,22_2,22_1)0.01:0.0)1:1.4375390953490792)1:0.7037463919760303)1:1.6368352004882338)1:3.213411753170827)0.26:0.0,(((20_4,20_3,20_2,20_1)0.03:0.0,(19_4,19_3,19_2,19_1)0.03:0.0)1:0.5447945937371979,((16_1,16_4,16_3,16_2)0.01:0.0,(13_4,13_3,13_2,13_1)0.01:0.0)1:0.9933953180099065)1:3.0484863555886745)1:1.5612628691111126)1:0.7100882637569191)1:1.5819129655889634)1:0.6052310735312414)1:1.4581684963408343)1:0.8177859932373458));
Weight calculation took 1.713009935 secs
ASTRAL finished in 40.01 secs
