
================== ASTRAL ===================== 

This is ASTRAL version 5.6.3
Gene trees are treated as unrooted
500 trees read from g_trees-raxml-sqlen-100-ngen-500-s2g.trees
All output trees will be *arbitrarily* rooted at 14

======== Running the main analysis
Number of taxa: 125 (25 species)
Taxa: {22=[22_5, 22_4, 22_3, 22_2, 22_1], 23=[23_5, 23_4, 23_3, 23_2, 23_1], 24=[24_4, 24_3, 24_2, 24_1, 24_5], 25=[25_3, 25_2, 25_1, 25_5, 25_4], 10=[10_6, 10_5, 10_4, 10_3, 10_2, 10_1], 11=[11_5, 11_4, 11_3, 11_2, 11_1], 12=[12_5, 12_4, 12_3, 12_2, 12_1], 13=[13_4, 13_3, 13_2, 13_1], 14=[14_3, 14_2, 14_1, 14_5, 14_4], 15=[15_2, 15_1, 15_4, 15_3], 16=[16_1, 16_4, 16_3, 16_2], 17=[17_6, 17_5, 17_4, 17_3, 17_2, 17_1], 18=[18_5, 18_4, 18_3, 18_2, 18_1], 19=[19_4, 19_3, 19_2, 19_1], 1=[1_1, 1_2, 1_3, 1_4, 1_5], 2=[2_1, 2_2, 2_3, 2_4, 2_5], 3=[3_1, 3_2, 3_3, 3_4, 3_5], 4=[4_1, 4_2, 4_3, 4_4, 4_5, 4_6], 5=[5_1, 5_2, 5_3, 5_4, 5_5, 5_6], 6=[6_1, 6_2, 6_3, 6_4, 6_5], 7=[7_1, 7_2, 7_3, 7_4, 7_5, 7_6], 8=[8_1, 8_2, 8_3, 8_4, 8_5], 9=[9_1, 9_2, 9_3, 9_4, 9_5], 20=[20_4, 20_3, 20_2, 20_1], 21=[21_5, 21_4, 21_3, 21_2, 21_1]}
Taxon occupancy: {14_3=31, 14_2=97, 10_6=1, 14_1=374, 10_5=3, 10_4=8, 10_3=28, 10_2=92, 10_1=378, 18_5=2, 18_4=5, 18_3=30, 18_2=108, 18_1=372, 14_5=2, 14_4=12, 25_3=28, 25_2=111, 25_1=382, 21_5=2, 21_4=9, 21_3=27, 3_1=374, 21_2=104, 21_1=381, 3_2=98, 3_3=26, 3_4=4, 7_1=379, 3_5=2, 7_2=102, 7_3=26, 7_4=12, 7_5=2, 7_6=1, 25_5=1, 25_4=5, 13_4=8, 13_3=27, 13_2=96, 13_1=374, 17_6=1, 17_5=2, 17_4=6, 17_3=25, 17_2=88, 17_1=367, 24_4=7, 24_3=25, 24_2=103, 24_1=374, 2_1=372, 20_4=4, 2_2=95, 20_3=22, 20_2=98, 2_3=31, 20_1=362, 2_4=4, 6_1=376, 2_5=1, 6_2=93, 6_3=23, 6_4=7, 6_5=1, 24_5=2, 16_1=373, 12_5=3, 12_4=8, 12_3=27, 12_2=98, 12_1=370, 16_4=9, 16_3=25, 16_2=94, 23_5=2, 23_4=6, 23_3=26, 1_1=375, 23_2=101, 23_1=365, 1_2=98, 1_3=30, 1_4=6, 5_1=381, 1_5=1, 5_2=97, 5_3=33, 5_4=9, 9_1=387, 5_5=3, 9_2=99, 5_6=3, 9_3=30, 9_4=8, 9_5=3, 15_2=108, 15_1=380, 11_5=2, 11_4=6, 11_3=22, 11_2=93, 11_1=379, 19_4=8, 19_3=28, 19_2=96, 19_1=360, 15_4=7, 15_3=26, 22_5=1, 22_4=9, 22_3=28, 22_2=101, 22_1=378, 4_1=380, 4_2=101, 4_3=25, 4_4=10, 8_1=371, 4_5=2, 8_2=104, 4_6=1, 8_3=29, 8_4=5, 8_5=2}
Number of gene trees: 500
500 trees have missing taxa
Calculating quartet distance matrix (for completion of X)
Species tree distances calculated ...
Will attempt to complete bipartitions from X before adding using a distance matrix.
Building set of clusters (X) from gene trees 
In second round sampling 4 rounds will be done
------------------------------
gradient0: 927
------------------------------
gradient1: 428
------------------------------
gradient2: 216
------------------------------
gradient3: 214
Number of Clusters after addition by distance: 1785
calculating extra bipartitions to be added at level 1 ...
Adding to X using resolutions of greedy consensus ...
Limit for sigma of degrees:675
polytomy size limit : 3
discarded polytomies:  [3, 3]
Threshold 0.0:
Threshold 0.01:
Threshold 0.02:
Threshold 0.05:
Threshold 0.1:
Threshold 0.2:
Threshold 0.3333333333333333:
polytomy of size 3; rounds with additions with at least 5 support: 0; clusters: 1785
polytomy of size 3; rounds with additions with at least 5 support: 0; clusters: 1785
max k is :0
Number of Clusters after addition by greedy: 1785
gradient0 in heuristiic: 1785
calculating extra bipartitions to be added at level 1 ...
Adding to X using resolutions of greedy consensus ...
Limit for sigma of degrees:675
polytomy size limit : 3
discarded polytomies:  [3]
Threshold 0.0:
Threshold 0.01:
Threshold 0.02:
Threshold 0.05:
Threshold 0.1:
Threshold 0.2:
Threshold 0.3333333333333333:
polytomy of size 3; rounds with additions with at least 5 support: 0; clusters: 1785
max k is :0
Number of Clusters after addition by greedy: 1785
gradient1 in heuristiic: 0
calculating extra bipartitions to be added at level 1 ...
Adding to X using resolutions of greedy consensus ...
Limit for sigma of degrees:675
polytomy size limit : 3
discarded polytomies:  [3, 3]
Threshold 0.0:
Threshold 0.01:
Threshold 0.02:
Threshold 0.05:
Threshold 0.1:
Threshold 0.2:
Threshold 0.3333333333333333:
polytomy of size 3; rounds with additions with at least 5 support: 0; clusters: 1785
polytomy of size 3; rounds with additions with at least 5 support: 0; clusters: 1785
max k is :0
Number of Clusters after addition by greedy: 1785
gradient2 in heuristiic: 0
calculating extra bipartitions to be added at level 1 ...
Adding to X using resolutions of greedy consensus ...
Limit for sigma of degrees:675
polytomy size limit : 3
discarded polytomies:  [3]
Threshold 0.0:
Threshold 0.01:
Threshold 0.02:
Threshold 0.05:
Threshold 0.1:
Threshold 0.2:
Threshold 0.3333333333333333:
polytomy of size 3; rounds with additions with at least 5 support: 0; clusters: 1785
max k is :0
Number of Clusters after addition by greedy: 1785
gradient3 in heuristiic: 0
partitions formed in 33.391 secs
Dynamic Programming starting after 33.391 secs
Using tree-based weight calculation.
Using polytree-based weight calculation.
Polytree max score: 16804852
Polytree building time: 0.052 seconds.
Number of quartet trees in the gene trees: 16745639
Size of largest cluster: 125
Greedy score: 9218243
estimationFactor: 1.8229994587905742
Sub-optimal score: 10173877
Total Number of elements weighted: 9286
Normalized score (portion of input quartet trees satisfied before correcting for multiple individuals): 0.631098699786852
Optimization score: 10568151
Optimal tree inferred in 37.091 secs.
(16,(13,((20,19),((23,(25,(24,(21,22)))),((17,(9,15)),((10,(2,(3,1))),((18,8),(5,((4,(6,11)),(7,(14,12)))))))))));
Final quartet score is: 11271403
Final normalized quartet score is: 0.6730948278533891
((14_3,14_2,14_1,14_5,14_4)0.05:0.0,((12_5,12_4,12_3,12_2,12_1)0.04:0.0,((7_1,7_2,7_3,7_4,7_5,7_6)0.12:0.0,(((4_1,4_2,4_3,4_4,4_5,4_6)0.05:0.0,((6_1,6_2,6_3,6_4,6_5)0.01:0.0,(11_5,11_4,11_3,11_2,11_1)0.02:0.0)1:0.21994189966970012)1:1.3943741197101194,((5_1,5_2,5_3,5_4,5_5,5_6)0.36:0.0,(((18_5,18_4,18_3,18_2,18_1)0.02:0.0,(8_1,8_2,8_3,8_4,8_5)0.01:0.0)1:1.8737813965404133,(((10_6,10_5,10_4,10_3,10_2,10_1)0.51:0.054382182035136714,((2_1,2_2,2_3,2_4,2_5)0.07:0.0,((3_1,3_2,3_3,3_4,3_5)0.02:0.0,(1_1,1_2,1_3,1_4,1_5)0.04:0.0)1:0.7064247168623287)1:1.2223459837593889)1:1.51056037628348,(((17_6,17_5,17_4,17_3,17_2,17_1)1:0.7818553328350364,((9_1,9_2,9_3,9_4,9_5)0.12:0.0,(15_2,15_1,15_4,15_3)0.05:0.0)1:2.2613491924234284)0.94:0.0891921506545572,(((23_5,23_4,23_3,23_2,23_1)0.99:0.3474047752582858,((25_3,25_2,25_1,25_5,25_4)0.14:0.0,((24_4,24_3,24_2,24_1,24_5)0.06:0.0,((21_5,21_4,21_3,21_2,21_1)0.01:0.0,(22_5,22_4,22_3,22_2,22_1)0.01:0.0)1:1.2117218332081097)1:0.4395669414603246)1:1.0175695407625156)1:1.8528234490700075,(((20_4,20_3,20_2,20_1)0.02:0.0,(19_4,19_3,19_2,19_1)0.04:0.0)1:0.47412031666589327,((13_4,13_3,13_2,13_1)0.01:0.0,(16_1,16_4,16_3,16_2)0.01:0.0)1:0.7060381152490028)1:2.3950174208815085)0.75:0.05326910580925216)1:0.7517389032943964)1:0.37575517330074143)1:0.943095275758692)1:0.24897062830620711)1:0.9610239109539436)1:0.4329890431972858));
Weight calculation took 3.768277332 secs
ASTRAL finished in 37.603 secs
