
================== ASTRAL ===================== 

This is ASTRAL version 5.6.3
Gene trees are treated as unrooted
25 trees read from g_trees-raxml-sqlen-100-ngen-25-s2g.trees
All output trees will be *arbitrarily* rooted at 14

======== Running the main analysis
Number of taxa: 72 (25 species)
Taxa: {22=[22_2, 22_1], 23=[23_2, 23_1], 24=[24_3, 24_2, 24_1], 25=[25_3, 25_2, 25_1], 10=[10_4, 10_3, 10_2, 10_1], 11=[11_3, 11_2, 11_1], 12=[12_3, 12_2, 12_1], 13=[13_2, 13_1], 14=[14_3, 14_2, 14_1, 14_4], 15=[15_2, 15_1, 15_3], 16=[16_1, 16_2], 17=[17_3, 17_2, 17_1], 18=[18_3, 18_2, 18_1], 19=[19_3, 19_2, 19_1], 1=[1_1, 1_2, 1_3], 2=[2_1, 2_2, 2_3], 3=[3_1, 3_2], 4=[4_1, 4_2, 4_3], 5=[5_1, 5_2, 5_3], 6=[6_1, 6_2, 6_3], 7=[7_1, 7_2, 7_3, 7_4], 8=[8_1, 8_2, 8_3, 8_4], 9=[9_1, 9_2, 9_3], 20=[20_2, 20_1], 21=[21_2, 21_1]}
Taxon occupancy: {16_1=18, 14_3=3, 14_2=8, 14_1=20, 12_3=2, 12_2=7, 10_4=1, 12_1=20, 10_3=1, 10_2=5, 10_1=22, 18_3=5, 18_2=10, 18_1=21, 16_2=4, 14_4=1, 25_3=1, 25_2=4, 25_1=15, 1_1=20, 23_2=3, 23_1=14, 1_2=7, 3_1=19, 1_3=2, 21_2=6, 21_1=16, 3_2=6, 5_1=20, 5_2=5, 5_3=5, 7_1=21, 7_2=7, 9_1=19, 7_3=2, 9_2=5, 7_4=2, 9_3=2, 15_2=4, 15_1=21, 13_2=5, 13_1=19, 11_3=2, 11_2=3, 11_1=21, 19_3=1, 19_2=6, 19_1=19, 17_3=1, 17_2=3, 17_1=21, 15_3=1, 24_3=2, 24_2=4, 24_1=16, 2_1=20, 22_2=6, 22_1=15, 2_2=7, 4_1=20, 20_2=5, 2_3=1, 20_1=19, 4_2=5, 6_1=21, 4_3=1, 6_2=4, 8_1=21, 6_3=2, 8_2=8, 8_3=4, 8_4=1}
Number of gene trees: 25
25 trees have missing taxa
Calculating quartet distance matrix (for completion of X)
Species tree distances calculated ...
Will attempt to complete bipartitions from X before adding using a distance matrix.
Building set of clusters (X) from gene trees 
In second round sampling 3 rounds will be done
------------------------------
gradient0: 291
------------------------------
gradient1: 72
------------------------------
gradient2: 52
Number of Clusters after addition by distance: 415
calculating extra bipartitions to be added at level 1 ...
Adding to X using resolutions of greedy consensus ...
Limit for sigma of degrees:675
polytomy size limit : 3
discarded polytomies:  [3, 3]
Threshold 0.0:
Threshold 0.01:
Threshold 0.02:
Threshold 0.05:
Threshold 0.1:
Threshold 0.2:
Threshold 0.3333333333333333:
polytomy of size 3; rounds with additions with at least 5 support: 0; clusters: 415
polytomy of size 3; rounds with additions with at least 5 support: 0; clusters: 415
max k is :0
Number of Clusters after addition by greedy: 415
gradient0 in heuristiic: 415
calculating extra bipartitions to be added at level 1 ...
Adding to X using resolutions of greedy consensus ...
Limit for sigma of degrees:675
polytomy size limit : 3
discarded polytomies:  [3, 3, 3]
Threshold 0.0:
Threshold 0.01:
Threshold 0.02:
Threshold 0.05:
Threshold 0.1:
Threshold 0.2:
polytomy of size 3; rounds with additions with at least 5 support: 0; clusters: 415
Threshold 0.3333333333333333:
polytomy of size 3; rounds with additions with at least 5 support: 0; clusters: 415
polytomy of size 3; rounds with additions with at least 5 support: 0; clusters: 415
max k is :0
Number of Clusters after addition by greedy: 415
gradient1 in heuristiic: 0
calculating extra bipartitions to be added at level 1 ...
Adding to X using resolutions of greedy consensus ...
Limit for sigma of degrees:675
polytomy size limit : 4
discarded polytomies:  [3, 4]
Threshold 0.0:
Threshold 0.01:
Threshold 0.02:
Threshold 0.05:
Threshold 0.1:
Threshold 0.2:
Threshold 0.3333333333333333:
polytomy of size 3; rounds with additions with at least 5 support: 0; clusters: 415
polytomy of size 4; rounds with additions with at least 5 support: 0; clusters: 415
max k is :0
Number of Clusters after addition by greedy: 415
gradient2 in heuristiic: 0
partitions formed in 2.682 secs
Dynamic Programming starting after 2.682 secs
Using tree-based weight calculation.
Using polytree-based weight calculation.
Polytree max score: 839161
Polytree building time: 0.01 seconds.
Number of quartet trees in the gene trees: 837459
Size of largest cluster: 72
Greedy score: 521877
estimationFactor: 1.6079670113839084
Sub-optimal score: 567626
Total Number of elements weighted: 809
Normalized score (portion of input quartet trees satisfied before correcting for multiple individuals): 0.6807019806342758
Optimization score: 570060
Optimal tree inferred in 2.777 secs.
(20,(19,((16,13),(17,(((9,15),(23,(25,(24,(21,22))))),((10,(2,(1,3))),((18,8),(5,((4,(11,6)),(7,(14,12)))))))))));
Final quartet score is: 601162
Final normalized quartet score is: 0.7178405151774594
You may want to ignore posterior probabilities and other statistics related to the following branch branch because the effective number of genes impacting it is only 5:
	{14}
You may want to ignore posterior probabilities and other statistics related to the following branch branch because the effective number of genes impacting it is only 5:
	{12}
You may want to ignore posterior probabilities and other statistics related to the following branch branch because the effective number of genes impacting it is only 4:
	{7}
You may want to ignore posterior probabilities and other statistics related to the following branch branch because the effective number of genes impacting it is only 3:
	{4}
You may want to ignore posterior probabilities and other statistics related to the following branch branch because the effective number of genes impacting it is only 2:
	{11}
You may want to ignore posterior probabilities and other statistics related to the following branch branch because the effective number of genes impacting it is only 3:
	{6}
You may want to ignore posterior probabilities and other statistics related to the following branch branch because the effective number of genes impacting it is only 18:
	{11, 6}
You may want to ignore posterior probabilities and other statistics related to the following branch branch because the effective number of genes impacting it is only 5:
	{5}
You may want to ignore posterior probabilities and other statistics related to the following branch branch because the effective number of genes impacting it is only 8:
	{18}
You may want to ignore posterior probabilities and other statistics related to the following branch branch because the effective number of genes impacting it is only 5:
	{8}
You may want to ignore posterior probabilities and other statistics related to the following branch branch because the effective number of genes impacting it is only 3:
	{10}
You may want to ignore posterior probabilities and other statistics related to the following branch branch because the effective number of genes impacting it is only 5:
	{2}
You may want to ignore posterior probabilities and other statistics related to the following branch branch because the effective number of genes impacting it is only 5:
	{1}
You may want to ignore posterior probabilities and other statistics related to the following branch branch because the effective number of genes impacting it is only 6:
	{3}
You may want to ignore posterior probabilities and other statistics related to the following branch branch because the effective number of genes impacting it is only 19:
	{1, 3}
You may want to ignore posterior probabilities and other statistics related to the following branch branch because the effective number of genes impacting it is only 19:
	{10, 1, 3, 2}
You may want to ignore posterior probabilities and other statistics related to the following branch branch because the effective number of genes impacting it is only 4:
	{9}
You may want to ignore posterior probabilities and other statistics related to the following branch branch because the effective number of genes impacting it is only 3:
	{15}
You may want to ignore posterior probabilities and other statistics related to the following branch branch because the effective number of genes impacting it is only 14:
	{9, 15}
You may want to ignore posterior probabilities and other statistics related to the following branch branch because the effective number of genes impacting it is only 3:
	{23}
You may want to ignore posterior probabilities and other statistics related to the following branch branch because the effective number of genes impacting it is only 3:
	{25}
You may want to ignore posterior probabilities and other statistics related to the following branch branch because the effective number of genes impacting it is only 3:
	{24}
You may want to ignore posterior probabilities and other statistics related to the following branch branch because the effective number of genes impacting it is only 6:
	{21}
You may want to ignore posterior probabilities and other statistics related to the following branch branch because the effective number of genes impacting it is only 6:
	{22}
You may want to ignore posterior probabilities and other statistics related to the following branch branch because the effective number of genes impacting it is only 15:
	{21, 22}
You may want to ignore posterior probabilities and other statistics related to the following branch branch because the effective number of genes impacting it is only 15:
	{21, 24, 22}
You may want to ignore posterior probabilities and other statistics related to the following branch branch because the effective number of genes impacting it is only 11:
	{25, 21, 24, 22}
You may want to ignore posterior probabilities and other statistics related to the following branch branch because the effective number of genes impacting it is only 10:
	{25, 23, 21, 24, 22}
You may want to ignore posterior probabilities and other statistics related to the following branch branch because the effective number of genes impacting it is only 13:
	{25, 23, 21, 9, 15, 24, 22}
You may want to ignore posterior probabilities and other statistics related to the following branch branch because the effective number of genes impacting it is only 0:
	{17}
You may want to ignore posterior probabilities and other statistics related to the following branch branch because the effective number of genes impacting it is only 4:
	{16}
You may want to ignore posterior probabilities and other statistics related to the following branch branch because the effective number of genes impacting it is only 5:
	{13}
You may want to ignore posterior probabilities and other statistics related to the following branch branch because the effective number of genes impacting it is only 18:
	{16, 13}
You may want to ignore posterior probabilities and other statistics related to the following branch branch because the effective number of genes impacting it is only 4:
	{19}
You may want to ignore posterior probabilities and other statistics related to the following branch branch because the effective number of genes impacting it is only 5:
	{20}
You may want to ignore posterior probabilities and other statistics related to the following branch branch because the effective number of genes impacting it is only 19:
	{19, 20}
You may want to ignore posterior probabilities and other statistics related to the following branch branch because the effective number of genes impacting it is only 16:
	{16, 13, 19, 20}
You may want to ignore posterior probabilities and other statistics related to the following branch branch because the effective number of genes impacting it is only 16:
	{16, 13, 19, 17, 20}
You may want to ignore posterior probabilities and other statistics related to the following branch branch because the effective number of genes impacting it is only 19:
	{16, 25, 23, 21, 9, 15, 13, 19, 17, 24, 22, 20}
You may want to ignore posterior probabilities and other statistics related to the following branch branch because the effective number of genes impacting it is only 19:
	{16, 10, 25, 23, 1, 21, 3, 9, 15, 13, 19, 17, 24, 22, 2, 20}
You may want to ignore posterior probabilities and other statistics related to the following branch branch because the effective number of genes impacting it is only 18:
	{16, 10, 18, 25, 23, 1, 21, 3, 9, 15, 13, 19, 17, 24, 22, 2, 20, 8}
You may want to ignore posterior probabilities and other statistics related to the following branch branch because the effective number of genes impacting it is only 18:
	{16, 10, 18, 25, 23, 1, 21, 3, 5, 9, 15, 13, 19, 17, 24, 22, 2, 20, 8}
You may want to ignore posterior probabilities and other statistics related to the following branch branch because the effective number of genes impacting it is only 19:
	{16, 10, 18, 25, 23, 1, 21, 3, 5, 7, 9, 15, 13, 11, 19, 17, 24, 22, 2, 20, 4, 6, 8}
((14_3,14_2,14_1,14_4)0.22:0.0,((12_3,12_2,12_1)0.12:0.0,((7_1,7_2,7_3,7_4)0.15:0.0,(((4_1,4_2,4_3)0.16:0.0,((11_3,11_2,11_1)0.18:0.0,(6_1,6_2,6_3)0.16:0.0)0.34:0.09367179767631745)1:1.19507601575786,((5_1,5_2,5_3)0.17:0.0,(((18_3,18_2,18_1)0.21:0.0,(8_1,8_2,8_3,8_4)0.13:0.0)1:1.5337792561967483,(((10_4,10_3,10_2,10_1)0.31:0.0,((2_1,2_2,2_3)0.12:0.0,((1_1,1_2,1_3)0.15:0.0,(3_1,3_2)0.08:0.0)1:0.7357067949787414)1:1.0049268045907866)1:1.1260647648543238,((((9_1,9_2,9_3)0.16:0.0,(15_2,15_1,15_3)0.27:0.0)1:1.6709507126551346,((23_2,23_1)0.33:0.0,((25_3,25_2,25_1)0.18:0.0,((24_3,24_2,24_1)0.23:0.0,((21_2,21_1)0.12:0.0,(22_2,22_1)0.11:0.0)1:1.059542104706249)0.99:0.619083852259888)1:1.1584002070470834)1:1.3107116799538843)0.44:0.03155083454968056,((17_3,17_2,17_1)0.57:0.1053605156578264,(((16_1,16_2)0.11:0.0,(13_2,13_1)0.1:0.0)0.97:0.454337512501336,((19_3,19_2,19_1)0.3:0.0,(20_2,20_1)0.19:0.0)0.94:0.37015829427601965)1:2.4277482359480516)0.58:0.10720977401523256)1:0.6377543077418389)0.99:0.5125534009241812)0.99:0.5998464124883451)0.94:0.38651668764252456)1:0.7187001611671355)0.8:0.2623664552767693));
Weight calculation took 0.056311437 secs
ASTRAL finished in 2.879 secs
