
================== ASTRAL ===================== 

This is ASTRAL version 5.6.3
Gene trees are treated as unrooted
100 trees read from g_trees-raxml-sqlen-25-ngen-100-s2g.trees
All output trees will be *arbitrarily* rooted at 14

======== Running the main analysis
Number of taxa: 107 (25 species)
Taxa: {22=[22_4, 22_3, 22_2, 22_1], 23=[23_4, 23_3, 23_2, 23_1], 24=[24_4, 24_3, 24_2, 24_1], 25=[25_3, 25_2, 25_1], 10=[10_6, 10_5, 10_4, 10_3, 10_2, 10_1], 11=[11_5, 11_4, 11_3, 11_2, 11_1], 12=[12_5, 12_4, 12_3, 12_2, 12_1], 13=[13_4, 13_3, 13_2, 13_1], 14=[14_3, 14_2, 14_1, 14_4], 15=[15_2, 15_1, 15_4, 15_3], 16=[16_1, 16_4, 16_3, 16_2], 17=[17_4, 17_3, 17_2, 17_1], 18=[18_4, 18_3, 18_2, 18_1], 19=[19_4, 19_3, 19_2, 19_1], 1=[1_1, 1_2, 1_3, 1_4], 2=[2_1, 2_2, 2_3], 3=[3_1, 3_2, 3_3, 3_4], 4=[4_1, 4_2, 4_3, 4_4], 5=[5_1, 5_2, 5_3, 5_4, 5_5, 5_6], 6=[6_1, 6_2, 6_3, 6_4], 7=[7_1, 7_2, 7_3, 7_4, 7_5, 7_6], 8=[8_1, 8_2, 8_3, 8_4], 9=[9_1, 9_2, 9_3, 9_4, 9_5], 20=[20_4, 20_3, 20_2, 20_1], 21=[21_4, 21_3, 21_2, 21_1]}
Taxon occupancy: {14_3=5, 14_2=22, 10_6=1, 14_1=75, 10_5=1, 10_4=3, 10_3=5, 10_2=15, 10_1=74, 18_4=1, 18_3=9, 18_2=20, 18_1=68, 14_4=3, 25_3=5, 25_2=24, 25_1=76, 21_4=2, 21_3=7, 3_1=75, 21_2=29, 3_2=19, 21_1=75, 3_3=4, 3_4=1, 7_1=79, 7_2=23, 7_3=6, 7_4=5, 7_5=1, 7_6=1, 13_4=2, 13_3=6, 13_2=22, 13_1=79, 17_4=1, 17_3=6, 17_2=14, 17_1=73, 24_4=2, 24_3=6, 24_2=25, 24_1=72, 2_1=75, 20_4=2, 2_2=21, 20_3=5, 20_2=21, 2_3=6, 20_1=76, 6_1=73, 6_2=19, 6_3=6, 6_4=2, 16_1=78, 12_5=1, 12_4=1, 12_3=4, 12_2=22, 12_1=78, 16_4=2, 16_3=5, 16_2=21, 23_4=1, 23_3=4, 1_1=75, 23_2=15, 23_1=72, 1_2=19, 1_3=7, 1_4=3, 5_1=75, 5_2=18, 5_3=11, 5_4=2, 9_1=74, 5_5=1, 9_2=21, 5_6=1, 9_3=7, 9_4=2, 9_5=1, 15_2=17, 15_1=76, 11_5=1, 11_4=1, 11_3=6, 11_2=19, 11_1=73, 19_4=2, 19_3=7, 19_2=22, 19_1=76, 15_4=3, 15_3=5, 22_4=2, 22_3=6, 22_2=29, 22_1=74, 4_1=73, 4_2=23, 4_3=7, 4_4=3, 8_1=69, 8_2=19, 8_3=7, 8_4=1}
Number of gene trees: 100
100 trees have missing taxa
Calculating quartet distance matrix (for completion of X)
Species tree distances calculated ...
Will attempt to complete bipartitions from X before adding using a distance matrix.
Building set of clusters (X) from gene trees 
In second round sampling 4 rounds will be done
------------------------------
gradient0: 797
------------------------------
gradient1: 316
------------------------------
gradient2: 260
------------------------------
gradient3: 256
Number of Clusters after addition by distance: 1629
calculating extra bipartitions to be added at level 1 ...
Adding to X using resolutions of greedy consensus ...
Limit for sigma of degrees:675
polytomy size limit : 8
discarded polytomies:  [3, 3, 5, 8]
Threshold 0.0:
Threshold 0.01:
Threshold 0.02:
Threshold 0.05:
Threshold 0.1:
polytomy of size 3; rounds with additions with at least 5 support: 0; clusters: 1629
Threshold 0.2:
polytomy of size 3; rounds with additions with at least 5 support: 0; clusters: 1629
polytomy of size 5; rounds with additions with at least 5 support: 0; clusters: 1629
Threshold 0.3333333333333333:
polytomy of size 8; rounds with additions with at least 5 support: 0; clusters: 1629
max k is :0
Number of Clusters after addition by greedy: 1629
gradient0 in heuristiic: 1629
calculating extra bipartitions to be added at level 1 ...
Adding to X using resolutions of greedy consensus ...
Limit for sigma of degrees:675
polytomy size limit : 6
discarded polytomies:  [5, 6]
Threshold 0.0:
Threshold 0.01:
Threshold 0.02:
Threshold 0.05:
Threshold 0.1:
Threshold 0.2:
polytomy of size 5; rounds with additions with at least 5 support: 0; clusters: 1629
Threshold 0.3333333333333333:
polytomy of size 6; rounds with additions with at least 5 support: 0; clusters: 1629
max k is :0
Number of Clusters after addition by greedy: 1629
gradient1 in heuristiic: 0
calculating extra bipartitions to be added at level 1 ...
Adding to X using resolutions of greedy consensus ...
Limit for sigma of degrees:675
polytomy size limit : 7
discarded polytomies:  [3, 5, 7]
Threshold 0.0:
Threshold 0.01:
Threshold 0.02:
Threshold 0.05:
Threshold 0.1:
polytomy of size 3; rounds with additions with at least 5 support: 0; clusters: 1629
Threshold 0.2:
polytomy of size 5; rounds with additions with at least 5 support: 0; clusters: 1629
Threshold 0.3333333333333333:
polytomy of size 7; rounds with additions with at least 5 support: 0; clusters: 1629
max k is :0
Number of Clusters after addition by greedy: 1629
gradient2 in heuristiic: 0
calculating extra bipartitions to be added at level 1 ...
Adding to X using resolutions of greedy consensus ...
Limit for sigma of degrees:675
polytomy size limit : 7
discarded polytomies:  [3, 3, 3, 3, 6, 7]
Threshold 0.0:
Threshold 0.01:
Threshold 0.02:
polytomy of size 3; rounds with additions with at least 5 support: 0; clusters: 1629
Threshold 0.05:
polytomy of size 3; rounds with additions with at least 5 support: 0; clusters: 1629
Threshold 0.1:
polytomy of size 3; rounds with additions with at least 5 support: 0; clusters: 1629
Threshold 0.2:
polytomy of size 6; rounds with additions with at least 5 support: 0; clusters: 1629
Threshold 0.3333333333333333:
polytomy of size 3; rounds with additions with at least 5 support: 0; clusters: 1629
polytomy of size 7; rounds with additions with at least 5 support: 0; clusters: 1629
max k is :0
Number of Clusters after addition by greedy: 1629
gradient3 in heuristiic: 0
partitions formed in 14.017 secs
Dynamic Programming starting after 14.017 secs
Using tree-based weight calculation.
Using polytree-based weight calculation.
Polytree max score: 3649118
Polytree building time: 0.021 seconds.
Number of quartet trees in the gene trees: 3635141
Size of largest cluster: 107
Greedy score: 1595144
estimationFactor: 2.2876410256249513
Sub-optimal score: 1694798
Total Number of elements weighted: 6794
Normalized score (portion of input quartet trees satisfied before correcting for multiple individuals): 0.5137524239087287
Optimization score: 1867562
Optimal tree inferred in 14.781 secs.
(2,((3,1),(10,(((18,8),(5,((11,(6,4)),(7,(14,12))))),(((13,16),(20,19)),((9,15),(17,(23,(25,(24,(21,22)))))))))));
Final quartet score is: 1999897
Final normalized quartet score is: 0.5501566514201237
You may want to ignore posterior probabilities and other statistics related to the following branch branch because the effective number of genes impacting it is only 13:
	{14}
You may want to ignore posterior probabilities and other statistics related to the following branch branch because the effective number of genes impacting it is only 10:
	{12}
You may want to ignore posterior probabilities and other statistics related to the following branch branch because the effective number of genes impacting it is only 9:
	{7}
You may want to ignore posterior probabilities and other statistics related to the following branch branch because the effective number of genes impacting it is only 9:
	{11}
You may want to ignore posterior probabilities and other statistics related to the following branch branch because the effective number of genes impacting it is only 11:
	{6}
You may want to ignore posterior probabilities and other statistics related to the following branch branch because the effective number of genes impacting it is only 13:
	{4}
You may want to ignore posterior probabilities and other statistics related to the following branch branch because the effective number of genes impacting it is only 8:
	{5}
You may want to ignore posterior probabilities and other statistics related to the following branch branch because the effective number of genes impacting it is only 12:
	{18}
You may want to ignore posterior probabilities and other statistics related to the following branch branch because the effective number of genes impacting it is only 11:
	{8}
You may want to ignore posterior probabilities and other statistics related to the following branch branch because the effective number of genes impacting it is only 13:
	{13}
You may want to ignore posterior probabilities and other statistics related to the following branch branch because the effective number of genes impacting it is only 12:
	{16}
You may want to ignore posterior probabilities and other statistics related to the following branch branch because the effective number of genes impacting it is only 11:
	{20}
You may want to ignore posterior probabilities and other statistics related to the following branch branch because the effective number of genes impacting it is only 13:
	{19}
You may want to ignore posterior probabilities and other statistics related to the following branch branch because the effective number of genes impacting it is only 10:
	{9}
You may want to ignore posterior probabilities and other statistics related to the following branch branch because the effective number of genes impacting it is only 10:
	{15}
You may want to ignore posterior probabilities and other statistics related to the following branch branch because the effective number of genes impacting it is only 6:
	{17}
You may want to ignore posterior probabilities and other statistics related to the following branch branch because the effective number of genes impacting it is only 8:
	{23}
You may want to ignore posterior probabilities and other statistics related to the following branch branch because the effective number of genes impacting it is only 17:
	{25}
You may want to ignore posterior probabilities and other statistics related to the following branch branch because the effective number of genes impacting it is only 14:
	{24}
You may want to ignore posterior probabilities and other statistics related to the following branch branch because the effective number of genes impacting it is only 16:
	{21}
You may want to ignore posterior probabilities and other statistics related to the following branch branch because the effective number of genes impacting it is only 16:
	{22}
You may want to ignore posterior probabilities and other statistics related to the following branch branch because the effective number of genes impacting it is only 6:
	{10}
You may want to ignore posterior probabilities and other statistics related to the following branch branch because the effective number of genes impacting it is only 10:
	{3}
You may want to ignore posterior probabilities and other statistics related to the following branch branch because the effective number of genes impacting it is only 12:
	{1}
You may want to ignore posterior probabilities and other statistics related to the following branch branch because the effective number of genes impacting it is only 16:
	{2}
((14_3,14_2,14_1,14_4)0.19:0.0,((12_5,12_4,12_3,12_2,12_1)0.14:0.0,((7_1,7_2,7_3,7_4,7_5,7_6)0.26:0.0,(((11_5,11_4,11_3,11_2,11_1)0.11:0.0,((6_1,6_2,6_3,6_4)0.1:0.0,(4_1,4_2,4_3,4_4)0.14:0.0)0.25:0.011534436323423556)1:0.765047437925599,((5_1,5_2,5_3,5_4,5_5,5_6)0.33:0.0,(((18_4,18_3,18_2,18_1)0.32:0.0,(8_1,8_2,8_3,8_4)0.14:0.0)1:1.1864866453819172,(((((13_4,13_3,13_2,13_1)0.12:0.0,(16_1,16_4,16_3,16_2)0.07:0.0)1:0.5817660981758561,((20_4,20_3,20_2,20_1)0.11:0.0,(19_4,19_3,19_2,19_1)0.13:0.0)1:0.31384905272583463)1:1.375520944344541,(((9_1,9_2,9_3,9_4,9_5)0.21:0.0,(15_2,15_1,15_4,15_3)0.27:0.0)1:1.265477026870124,((17_4,17_3,17_2,17_1)0.49:0.06805346324501575,((23_4,23_3,23_2,23_1)0.75:0.26216694859115497,((25_3,25_2,25_1)0.13:0.0,((24_4,24_3,24_2,24_1)0.17:0.0,((21_4,21_3,21_2,21_1)0.06:0.0,(22_4,22_3,22_2,22_1)0.06:0.0)1:0.7215873902208184)0.98:0.23232463335710668)1:0.4276957140404913)1:0.5756073549526449)0.42:0.021932785819759507)0.15:0.0)0.98:0.2428446092062396,((10_6,10_5,10_4,10_3,10_2,10_1)0.5:0.07186717035032159,(((3_1,3_2,3_3,3_4)0.11:0.0,(1_1,1_2,1_3,1_4)0.22:0.0)1:0.4794595861641527,(2_1,2_2,2_3)0.2:0.0)1:0.651139546248587)1:0.5099834410586819)0.69:0.09194279874948862)1:0.3290187722132772)0.93:0.1829524805452466)1:0.35622174726301536)0.97:0.2053184704035271));
Weight calculation took 0.709755699 secs
ASTRAL finished in 14.967 secs
