
================== ASTRAL ===================== 

This is ASTRAL version 5.6.3
Gene trees are treated as unrooted
50 trees read from g_trees-raxml-sqlen-50-ngen-50-s2g.trees
All output trees will be *arbitrarily* rooted at 14

======== Running the main analysis
Number of taxa: 89 (25 species)
Taxa: {22=[22_4, 22_3, 22_2, 22_1], 23=[23_4, 23_3, 23_2, 23_1], 24=[24_4, 24_3, 24_2, 24_1], 25=[25_3, 25_2, 25_1], 10=[10_4, 10_3, 10_2, 10_1], 11=[11_3, 11_2, 11_1], 12=[12_3, 12_2, 12_1], 13=[13_4, 13_3, 13_2, 13_1], 14=[14_3, 14_2, 14_1, 14_4], 15=[15_2, 15_1, 15_3], 16=[16_1, 16_4, 16_3, 16_2], 17=[17_3, 17_2, 17_1], 18=[18_4, 18_3, 18_2, 18_1], 19=[19_4, 19_3, 19_2, 19_1], 1=[1_1, 1_2, 1_3, 1_4], 2=[2_1, 2_2, 2_3], 3=[3_1, 3_2, 3_3], 4=[4_1, 4_2, 4_3], 5=[5_1, 5_2, 5_3], 6=[6_1, 6_2, 6_3], 7=[7_1, 7_2, 7_3, 7_4], 8=[8_1, 8_2, 8_3, 8_4], 9=[9_1, 9_2, 9_3], 20=[20_4, 20_3, 20_2, 20_1], 21=[21_4, 21_3, 21_2, 21_1]}
Taxon occupancy: {16_1=39, 14_3=3, 14_2=11, 14_1=33, 12_3=3, 12_2=10, 10_4=1, 12_1=34, 10_3=1, 10_2=7, 10_1=38, 18_4=1, 18_3=7, 18_2=13, 16_4=1, 18_1=34, 16_3=2, 16_2=12, 14_4=1, 25_3=2, 25_2=10, 23_4=1, 25_1=36, 23_3=2, 1_1=37, 23_2=7, 21_4=1, 23_1=34, 1_2=11, 21_3=2, 3_1=38, 1_3=3, 21_2=13, 21_1=36, 3_2=11, 1_4=1, 5_1=37, 3_3=2, 5_2=8, 5_3=7, 7_1=35, 7_2=11, 9_1=38, 7_3=3, 9_2=11, 7_4=2, 9_3=4, 15_2=9, 13_4=1, 15_1=41, 13_3=2, 13_2=12, 13_1=40, 11_3=3, 11_2=7, 11_1=34, 19_4=1, 19_3=4, 19_2=13, 19_1=38, 17_3=2, 17_2=6, 17_1=37, 15_3=2, 24_4=2, 24_3=5, 24_2=11, 22_4=1, 24_1=34, 22_3=2, 2_1=38, 22_2=13, 20_4=1, 22_1=35, 2_2=12, 20_3=2, 4_1=33, 20_2=13, 2_3=2, 20_1=39, 4_2=9, 6_1=34, 4_3=2, 6_2=8, 8_1=35, 6_3=3, 8_2=12, 8_3=5, 8_4=1}
Number of gene trees: 50
50 trees have missing taxa
Calculating quartet distance matrix (for completion of X)
Species tree distances calculated ...
Will attempt to complete bipartitions from X before adding using a distance matrix.
Building set of clusters (X) from gene trees 
In second round sampling 3 rounds will be done
------------------------------
gradient0: 379
------------------------------
gradient1: 238
------------------------------
gradient2: 172
Number of Clusters after addition by distance: 789
calculating extra bipartitions to be added at level 1 ...
Adding to X using resolutions of greedy consensus ...
Limit for sigma of degrees:675
polytomy size limit : 5
discarded polytomies:  [4, 4, 5]
Threshold 0.0:
Threshold 0.01:
Threshold 0.02:
Threshold 0.05:
Threshold 0.1:
Threshold 0.2:
polytomy of size 4; rounds with additions with at least 5 support: 0; clusters: 789
Threshold 0.3333333333333333:
polytomy of size 4; rounds with additions with at least 5 support: 0; clusters: 789
polytomy of size 5; rounds with additions with at least 5 support: 0; clusters: 791
max k is :0
Number of Clusters after addition by greedy: 791
gradient0 in heuristiic: 791
calculating extra bipartitions to be added at level 1 ...
Adding to X using resolutions of greedy consensus ...
Limit for sigma of degrees:675
polytomy size limit : 7
discarded polytomies:  [3, 3, 3, 7]
Threshold 0.0:
Threshold 0.01:
Threshold 0.02:
Threshold 0.05:
Threshold 0.1:
Threshold 0.2:
polytomy of size 3; rounds with additions with at least 5 support: 0; clusters: 791
polytomy of size 3; rounds with additions with at least 5 support: 0; clusters: 791
polytomy of size 3; rounds with additions with at least 5 support: 0; clusters: 791
Threshold 0.3333333333333333:
polytomy of size 7; rounds with additions with at least 5 support: 0; clusters: 791
max k is :0
Number of Clusters after addition by greedy: 791
gradient1 in heuristiic: 0
calculating extra bipartitions to be added at level 1 ...
Adding to X using resolutions of greedy consensus ...
Limit for sigma of degrees:675
polytomy size limit : 8
discarded polytomies:  [3, 3, 5, 8]
Threshold 0.0:
Threshold 0.01:
Threshold 0.02:
Threshold 0.05:
Threshold 0.1:
polytomy of size 3; rounds with additions with at least 5 support: 0; clusters: 791
Threshold 0.2:
polytomy of size 3; rounds with additions with at least 5 support: 0; clusters: 791
polytomy of size 5; rounds with additions with at least 5 support: 1; clusters: 793
Threshold 0.3333333333333333:
polytomy of size 8; rounds with additions with at least 5 support: 0; clusters: 793
max k is :2
Number of Clusters after addition by greedy: 793
gradient2 in heuristiic: 2
partitions formed in 4.957 secs
Dynamic Programming starting after 4.957 secs
Using tree-based weight calculation.
Using polytree-based weight calculation.
Polytree max score: 1627729
Polytree building time: 0.015 seconds.
Number of quartet trees in the gene trees: 1623703
Size of largest cluster: 89
Greedy score: 937347
estimationFactor: 1.7365276679820814
Sub-optimal score: 984380
Total Number of elements weighted: 2182
Normalized score (portion of input quartet trees satisfied before correcting for multiple individuals): 0.6347152157752988
Optimization score: 1030589
Optimal tree inferred in 5.171 secs.
(5,(((4,(11,6)),(7,(14,12))),((18,8),((10,(2,(1,3))),(((16,13),(19,20)),((9,15),(17,(23,(25,(24,(21,22)))))))))));
Final quartet score is: 1095529
Final normalized quartet score is: 0.6747102148607227
You may want to ignore posterior probabilities and other statistics related to the following branch branch because the effective number of genes impacting it is only 6:
	{14}
You may want to ignore posterior probabilities and other statistics related to the following branch branch because the effective number of genes impacting it is only 7:
	{12}
You may want to ignore posterior probabilities and other statistics related to the following branch branch because the effective number of genes impacting it is only 6:
	{7}
You may want to ignore posterior probabilities and other statistics related to the following branch branch because the effective number of genes impacting it is only 6:
	{4}
You may want to ignore posterior probabilities and other statistics related to the following branch branch because the effective number of genes impacting it is only 5:
	{11}
You may want to ignore posterior probabilities and other statistics related to the following branch branch because the effective number of genes impacting it is only 6:
	{6}
You may want to ignore posterior probabilities and other statistics related to the following branch branch because the effective number of genes impacting it is only 8:
	{18}
You may want to ignore posterior probabilities and other statistics related to the following branch branch because the effective number of genes impacting it is only 7:
	{8}
You may want to ignore posterior probabilities and other statistics related to the following branch branch because the effective number of genes impacting it is only 4:
	{10}
You may want to ignore posterior probabilities and other statistics related to the following branch branch because the effective number of genes impacting it is only 8:
	{2}
You may want to ignore posterior probabilities and other statistics related to the following branch branch because the effective number of genes impacting it is only 6:
	{1}
You may want to ignore posterior probabilities and other statistics related to the following branch branch because the effective number of genes impacting it is only 8:
	{3}
You may want to ignore posterior probabilities and other statistics related to the following branch branch because the effective number of genes impacting it is only 6:
	{16}
You may want to ignore posterior probabilities and other statistics related to the following branch branch because the effective number of genes impacting it is only 6:
	{13}
You may want to ignore posterior probabilities and other statistics related to the following branch branch because the effective number of genes impacting it is only 7:
	{19}
You may want to ignore posterior probabilities and other statistics related to the following branch branch because the effective number of genes impacting it is only 6:
	{20}
You may want to ignore posterior probabilities and other statistics related to the following branch branch because the effective number of genes impacting it is only 8:
	{9}
You may want to ignore posterior probabilities and other statistics related to the following branch branch because the effective number of genes impacting it is only 6:
	{15}
You may want to ignore posterior probabilities and other statistics related to the following branch branch because the effective number of genes impacting it is only 3:
	{17}
You may want to ignore posterior probabilities and other statistics related to the following branch branch because the effective number of genes impacting it is only 4:
	{23}
You may want to ignore posterior probabilities and other statistics related to the following branch branch because the effective number of genes impacting it is only 7:
	{25}
You may want to ignore posterior probabilities and other statistics related to the following branch branch because the effective number of genes impacting it is only 7:
	{24}
You may want to ignore posterior probabilities and other statistics related to the following branch branch because the effective number of genes impacting it is only 7:
	{21}
You may want to ignore posterior probabilities and other statistics related to the following branch branch because the effective number of genes impacting it is only 7:
	{22}
You may want to ignore posterior probabilities and other statistics related to the following branch branch because the effective number of genes impacting it is only 7:
	{5}
((14_3,14_2,14_1,14_4)0.17:0.0,((12_3,12_2,12_1)0.11:0.0,((7_1,7_2,7_3,7_4)0.19:0.0,(((4_1,4_2,4_3)0.13:0.0,((11_3,11_2,11_1)0.13:0.0,(6_1,6_2,6_3)0.13:0.0)0.44:0.10643361728861098)1:0.8270769831609718,((((18_4,18_3,18_2,18_1)0.2:0.0,(8_1,8_2,8_3,8_4)0.22:0.0)1:1.2846830930600903,(((10_4,10_3,10_2,10_1)0.37:0.0,((2_1,2_2,2_3)0.15:0.0,((1_1,1_2,1_3,1_4)0.19:0.0,(3_1,3_2,3_3)0.13:0.0)0.99:0.36887419762813656)1:0.7889810017139789)1:0.7239194086510595,((((16_1,16_4,16_3,16_2)0.1:0.0,(13_4,13_3,13_2,13_1)0.11:0.0)1:0.44973326039964523,((19_4,19_3,19_2,19_1)0.2:0.0,(20_4,20_3,20_2,20_1)0.13:0.0)0.99:0.34356153850857274)1:2.481525338707508,(((9_1,9_2,9_3)0.28:0.0,(15_2,15_1,15_3)0.17:0.0)1:1.3804287227720442,((17_3,17_2,17_1)0.32:0.0,((23_4,23_3,23_2,23_1)0.36:0.0,((25_3,25_2,25_1)0.15:0.0,((24_4,24_3,24_2,24_1)0.2:0.0,((21_4,21_3,21_2,21_1)0.13:0.0,(22_4,22_3,22_2,22_1)0.09:0.0)1:0.8617822755307194)1:0.4511471372244203)1:0.5417284192032177)1:1.1800599683600175)0.23:0.0)0.5:0.057191643527057336)0.9:0.23280432908724868)0.95:0.31386545536459226)1:0.555811695215051,(5_1,5_2,5_3)0.22:0.0)0.95:0.3129374884796595)0.99:0.4174695989378837)0.82:0.18511207705608546));
Weight calculation took 0.186180802 secs
ASTRAL finished in 5.313 secs
