
================== ASTRAL ===================== 

This is ASTRAL version 5.6.3
Gene trees are treated as unrooted
1698 trees read from g_trees-raxml-sqlen-50-ngen-500.trees.tree
All output trees will be *arbitrarily* rooted at 18

======== Running the main analysis
Number of taxa: 25 (25 species)
Taxa: [18, 8, 1, 3, 10, 9, 15, 25, 24, 21, 22, 23, 13, 16, 20, 19, 2, 5, 6, 11, 4, 12, 14, 7, 17]
Taxon occupancy: {22=1129, 23=1085, 24=1114, 25=1198, 10=1238, 11=1328, 12=1186, 13=1202, 14=1259, 15=1180, 16=1206, 17=1106, 18=1208, 19=1174, 1=1233, 2=1238, 3=1268, 4=1336, 5=1309, 6=1343, 7=1260, 8=1245, 9=1161, 20=1203, 21=1152}
Number of gene trees: 1698
1687 trees have missing taxa
Calculating quartet distance matrix (for completion of X)
Species tree distances calculated ...
Will attempt to complete bipartitions from X before adding using a distance matrix.
Building set of clusters (X) from gene trees 
------------------------------
gradient0: 1647
Number of Clusters after addition by distance: 1647
calculating extra bipartitions to be added at level 1 ...
Adding to X using resolutions of greedy consensus ...
Limit for sigma of degrees:675
polytomy size limit : 3
discarded polytomies:  [3]
Threshold 0.0:
Threshold 0.01:
Threshold 0.02:
Threshold 0.05:
Threshold 0.1:
Threshold 0.2:
Threshold 0.3333333333333333:
polytomy of size 3; rounds with additions with at least 5 support: 0; clusters: 1647
max k is :0
Number of Clusters after addition by greedy: 1647
gradient0 in heuristiic: 1647
partitions formed in 1.128 secs
Dynamic Programming starting after 1.129 secs
Using tree-based weight calculation.
Using polytree-based weight calculation.
Polytree max score: 6131685
Polytree building time: 0.145 seconds.
Number of quartet trees in the gene trees: 6131685
Size of largest cluster: 25
Greedy score: 4186649
estimationFactor: 1.464580622832246
Sub-optimal score: 4432176
Total Number of elements weighted: 6702
Normalized score (portion of input quartet trees satisfied before correcting for multiple individuals): 0.7763882195513957
Optimization score: 4760568
Optimal tree inferred in 6.821 secs.
(10,((2,(1,3)),(((18,8),(5,((7,(12,14)),(4,(6,11))))),((17,(9,15)),(((13,16),(20,19)),(23,(25,(24,(21,22)))))))));
Final quartet score is: 4760568
Final normalized quartet score is: 0.7763882195513957
(18,(8,((5,((7,(12,14)1:0.36732426262205153)1:0.8710279274715018,(4,(6,11)1:0.12769931017264807)1:1.093934534279881)1:0.3148532740473814)1:0.7666796731458653,(((17,(9,15)1:2.387854897536536)0.93:0.065362272520401,(((13,16)1:1.0598070062579799,(20,19)1:0.40809983398016125)1:1.9502529269042774,(23,(25,(24,(21,22)1:1.9945438631185806)1:0.24731931436019433)1:0.7563105123799062)1:1.4064378524718468)0.05:0.05504879754545128)1:0.4414405767665701,((2,(1,3)1:0.6028182267526443)1:1.1210166508400947,10)1:1.0353094041829534)1:0.21466439154898714)1:2.2735473232251));
Weight calculation took 5.431460236 secs
ASTRAL finished in 8.355 secs
