
================== ASTRAL ===================== 

This is ASTRAL version 5.6.3
Gene trees are treated as unrooted
1338 trees read from g_trees-raxml-sqlen-0-ngen-500.trees.tree
All output trees will be *arbitrarily* rooted at 9

======== Running the main analysis
Number of taxa: 25 (25 species)
Taxa: [9, 15, 17, 19, 20, 16, 13, 18, 8, 5, 2, 1, 3, 10, 25, 24, 21, 22, 23, 7, 12, 14, 11, 6, 4]
Taxon occupancy: {22=1045, 23=1026, 24=1032, 25=1026, 10=1143, 11=1171, 12=1161, 13=1116, 14=1185, 15=1070, 16=1065, 17=1001, 18=1130, 19=1075, 1=1008, 2=1098, 3=1084, 4=1186, 5=1207, 6=1182, 7=1200, 8=1134, 9=1085, 20=1034, 21=1046}
Number of gene trees: 1338
1264 trees have missing taxa
Calculating quartet distance matrix (for completion of X)
Species tree distances calculated ...
Will attempt to complete bipartitions from X before adding using a distance matrix.
Building set of clusters (X) from gene trees 
------------------------------
gradient0: 101
Number of Clusters after addition by distance: 101
calculating extra bipartitions to be added at level 1 ...
Adding to X using resolutions of greedy consensus ...
Limit for sigma of degrees:675
polytomy size limit : 3
discarded polytomies:  []
Threshold 0.0:
Threshold 0.01:
Threshold 0.02:
Threshold 0.05:
Threshold 0.1:
Threshold 0.2:
Threshold 0.3333333333333333:
max k is :0
Number of Clusters after addition by greedy: 101
gradient0 in heuristiic: 101
partitions formed in 0.561 secs
Dynamic Programming starting after 0.561 secs
Using tree-based weight calculation.
Using polytree-based weight calculation.
Polytree max score: 8328972
Polytree building time: 0.096 seconds.
Number of quartet trees in the gene trees: 8328972
Size of largest cluster: 25
Greedy score: 8327890
estimationFactor: 1.000129924866923
Sub-optimal score: 8327890
Total Number of elements weighted: 84
Normalized score (portion of input quartet trees satisfied before correcting for multiple individuals): 0.999870092011355
Optimization score: 8327890
Optimal tree inferred in 0.802 secs.
(20,(19,((16,13),((17,(9,15)),((23,(25,(24,(21,22)))),((10,(2,(1,3))),((18,8),(5,((4,(11,6)),(7,(12,14)))))))))));
Final quartet score is: 8327890
Final normalized quartet score is: 0.999870092011355
(9,(15,(17,(((23,(25,(24,(21,22)1:6.480044561926623)1:6.42540912653806)1:6.376726947898659)1:6.464588303689997,((10,(2,(1,3)1:6.476972362889643)1:6.473890696352306)1:6.500288168203354,((18,8)1:6.578324857149911,(5,((4,(11,6)1:6.6003239111452805)1:6.640311468771292,(7,(12,14)1:6.574610832453626)1:6.617402977974515)1:6.593957359399752)1:6.545349660334411)1:6.57739764336082)1:6.578324857149911)1:5.45852111808839,((16,13)1:6.525029657843463,(19,20)1:6.5012896705404115)1:6.550127500288169)1:5.47785728038013)1:6.207919110271413));
Weight calculation took 0.07654691 secs
ASTRAL finished in 1.476 secs
