
================== ASTRAL ===================== 

This is ASTRAL version 5.6.3
Gene trees are treated as unrooted
294 trees read from g_trees-raxml-sqlen-0-ngen-100.trees.tree
All output trees will be *arbitrarily* rooted at 9

======== Running the main analysis
Number of taxa: 25 (25 species)
Taxa: [9, 15, 17, 19, 20, 16, 13, 18, 8, 5, 2, 1, 3, 10, 25, 24, 21, 22, 23, 7, 12, 14, 11, 6, 4]
Taxon occupancy: {22=239, 23=231, 24=232, 25=215, 10=235, 11=249, 12=266, 13=247, 14=259, 15=211, 16=244, 17=251, 18=222, 19=238, 1=241, 2=244, 3=243, 4=259, 5=266, 6=258, 7=275, 8=235, 9=206, 20=241, 21=235}
Number of gene trees: 294
262 trees have missing taxa
Calculating quartet distance matrix (for completion of X)
Species tree distances calculated ...
Will attempt to complete bipartitions from X before adding using a distance matrix.
Building set of clusters (X) from gene trees 
------------------------------
gradient0: 95
Number of Clusters after addition by distance: 95
calculating extra bipartitions to be added at level 1 ...
Adding to X using resolutions of greedy consensus ...
Limit for sigma of degrees:675
polytomy size limit : 3
discarded polytomies:  []
Threshold 0.0:
Threshold 0.01:
Threshold 0.02:
Threshold 0.05:
Threshold 0.1:
Threshold 0.2:
Threshold 0.3333333333333333:
max k is :0
Number of Clusters after addition by greedy: 95
gradient0 in heuristiic: 95
partitions formed in 0.205 secs
Dynamic Programming starting after 0.205 secs
Using tree-based weight calculation.
Using polytree-based weight calculation.
Polytree max score: 1891302
Polytree building time: 0.029 seconds.
Number of quartet trees in the gene trees: 1891302
Size of largest cluster: 25
Greedy score: 1891302
estimationFactor: 1.0
Sub-optimal score: 1891302
Total Number of elements weighted: 80
Normalized score (portion of input quartet trees satisfied before correcting for multiple individuals): 1.0
Optimization score: 1891302
Optimal tree inferred in 0.301 secs.
(20,(19,((16,13),((17,(9,15)),((23,(25,(24,(21,22)))),((10,(2,(1,3))),((18,8),(5,((4,(11,6)),(7,(12,14)))))))))));
Final quartet score is: 1891302
Final normalized quartet score is: 1.0
(9,(15,(17,(((23,(25,(24,(21,22)1:4.983606621708324)1:4.862393050955167)1:4.8148907169701705)1:4.992697593409592,((10,(2,(1,3)1:5.01948490937323)1:4.9790299546809305)1:4.997212273764125,((18,8)1:4.969813299575996,(5,((4,(11,6)1:5.079331825382494)1:5.151362953591375,(7,(12,14)1:5.111987788356531)1:5.1552165229073665)1:5.099866427824207)1:4.965172920019501)1:4.927253685157201)1:5.010635294096249)1:4.927253685157201,((16,13)1:5.079331825382494,(19,20)1:5.062595033026979)1:5.049856007249541)1:4.611814728706755)1:4.718498871295098));
Weight calculation took 0.024820505 secs
ASTRAL finished in 0.665 secs
