
================== ASTRAL ===================== 

This is ASTRAL version 5.6.3
Gene trees are treated as unrooted
67 trees read from g_trees-raxml-sqlen-25-ngen-25.trees.tree
All output trees will be *arbitrarily* rooted at 10

======== Running the main analysis
Number of taxa: 25 (25 species)
Taxa: [10, 2, 3, 1, 7, 12, 14, 5, 4, 6, 11, 18, 8, 17, 24, 15, 9, 21, 25, 22, 23, 20, 13, 16, 19]
Taxon occupancy: {22=37, 23=28, 24=32, 25=28, 10=65, 11=58, 12=43, 13=49, 14=54, 15=57, 16=47, 17=52, 18=46, 19=49, 1=61, 2=61, 3=53, 4=58, 5=50, 6=58, 7=43, 8=45, 9=57, 20=48, 21=38}
Number of gene trees: 67
65 trees have missing taxa
Calculating quartet distance matrix (for completion of X)
Species tree distances calculated ...
Will attempt to complete bipartitions from X before adding using a distance matrix.
Building set of clusters (X) from gene trees 
------------------------------
gradient0: 361
Number of Clusters after addition by distance: 361
calculating extra bipartitions to be added at level 1 ...
Adding to X using resolutions of greedy consensus ...
Limit for sigma of degrees:675
polytomy size limit : 3
discarded polytomies:  []
Threshold 0.0:
Threshold 0.01:
Threshold 0.02:
Threshold 0.05:
Threshold 0.1:
Threshold 0.2:
Threshold 0.3333333333333333:
max k is :0
Number of Clusters after addition by greedy: 361
gradient0 in heuristiic: 361
partitions formed in 0.17 secs
Dynamic Programming starting after 0.17 secs
Using tree-based weight calculation.
Using polytree-based weight calculation.
Polytree max score: 272652
Polytree building time: 0.015 seconds.
Number of quartet trees in the gene trees: 272652
Size of largest cluster: 25
Greedy score: 188349
estimationFactor: 1.447589315579058
Sub-optimal score: 199255
Total Number of elements weighted: 562
Normalized score (portion of input quartet trees satisfied before correcting for multiple individuals): 0.8064969264850432
Optimization score: 219893
Optimal tree inferred in 0.286 secs.
(7,((12,14),((2,(3,1)),((18,8),((10,5),((15,9),((17,(23,(25,(24,(21,22))))),((13,16),(19,(20,(4,(6,11))))))))))));
Final quartet score is: 219893
Final normalized quartet score is: 0.8064969264850432
(10,(5,(((15,9)1:2.6039660098039885,((17,(23,(25,(24,(21,22)1:1.9902586111766993)0.85:0.2451224580329851)1:0.9267620317414502)1:1.6587910160080916)1:0.8420762559516499,((13,16)1:2.3590752809487894,(19,(20,(4,(6,11)1:1.0133638283396686)1:2.1951546333035994)1:0.5668534552356532)1:0.46891835977788393)1:1.1364101015807762)1:0.5419162108360218)1:0.8726342841883821,((18,8)1:1.8191584434161694,((2,(3,1)1:1.5272670220996116)1:2.9720384845421055,((12,14)0.75:0.13685918271719744,7)1:1.6506019966208485)1:0.5852433491612351)1:0.3388283511838466)1:0.4651361224725553));
Weight calculation took 0.054242273 secs
ASTRAL finished in 1.164 secs
