
================== ASTRAL ===================== 

This is ASTRAL version 5.6.3
Gene trees are treated as unrooted
485 trees read from g_trees-raxml-sqlen-100-ngen-100.trees.tree
All output trees will be *arbitrarily* rooted at 15

======== Running the main analysis
Number of taxa: 25 (25 species)
Taxa: [15, 9, 18, 8, 7, 12, 14, 1, 3, 2, 10, 17, 23, 25, 24, 22, 21, 13, 16, 20, 19, 5, 11, 4, 6]
Taxon occupancy: {22=339, 23=293, 24=316, 25=323, 10=364, 11=384, 12=431, 13=377, 14=417, 15=302, 16=375, 17=398, 18=367, 19=376, 1=345, 2=354, 3=327, 4=408, 5=415, 6=408, 7=428, 8=398, 9=261, 20=375, 21=338}
Number of gene trees: 485
475 trees have missing taxa
Calculating quartet distance matrix (for completion of X)
Species tree distances calculated ...
Will attempt to complete bipartitions from X before adding using a distance matrix.
Building set of clusters (X) from gene trees 
------------------------------
gradient0: 441
Number of Clusters after addition by distance: 441
calculating extra bipartitions to be added at level 1 ...
Adding to X using resolutions of greedy consensus ...
Limit for sigma of degrees:675
polytomy size limit : 3
discarded polytomies:  []
Threshold 0.0:
Threshold 0.01:
Threshold 0.02:
Threshold 0.05:
Threshold 0.1:
Threshold 0.2:
Threshold 0.3333333333333333:
max k is :0
Number of Clusters after addition by greedy: 441
gradient0 in heuristiic: 441
partitions formed in 0.331 secs
Dynamic Programming starting after 0.331 secs
Using tree-based weight calculation.
Using polytree-based weight calculation.
Polytree max score: 2166296
Polytree building time: 0.067 seconds.
Number of quartet trees in the gene trees: 2166296
Size of largest cluster: 25
Greedy score: 1720733
estimationFactor: 1.2589379061132668
Sub-optimal score: 1895901
Total Number of elements weighted: 656
Normalized score (portion of input quartet trees satisfied before correcting for multiple individuals): 0.8751809540339824
Optimization score: 1895901
Optimal tree inferred in 0.698 secs.
(19,(20,((13,16),(17,(((15,9),(23,(25,(24,(22,21))))),((10,(2,(1,3))),((18,8),(5,((7,(12,14)),(4,(11,6)))))))))));
Final quartet score is: 1895901
Final normalized quartet score is: 0.8751809540339824
(15,(9,((23,(25,(24,(22,21)1:3.265092762487245)1:0.8101589088121051)1:2.2749335616635356)1:2.8280739758598905,(((10,(2,(1,3)1:0.8099854096152242)1:2.2417262585700457)1:2.19995491143293,((18,8)1:5.426417369175353,(5,((7,(12,14)1:0.7529692460692825)1:1.4121143164143026,(4,(11,6)0.99:0.1156474202273737)1:2.3621137788131823)1:0.22673722384905123)1:0.9277089018805799)1:0.9024793471737206)1:1.0042030135486772,(17,((13,16)1:1.1395937346755876,(20,19)1:0.24550522316775486)1:3.6132486558308496)1:0.2581556019813972)1:0.2677544323717127)1:4.720254797997356));
Weight calculation took 0.24461945 secs
ASTRAL finished in 0.887 secs
