
================== ASTRAL ===================== 

This is ASTRAL version 5.6.3
Gene trees are treated as unrooted
105 trees read from g_trees-raxml-sqlen-50-ngen-25.trees.tree
All output trees will be *arbitrarily* rooted at 18

======== Running the main analysis
Number of taxa: 25 (25 species)
Taxa: [18, 8, 1, 3, 10, 9, 15, 25, 24, 21, 22, 23, 13, 16, 20, 19, 2, 5, 6, 11, 4, 12, 14, 7, 17]
Taxon occupancy: {22=71, 23=71, 24=72, 25=71, 10=99, 11=86, 12=88, 13=67, 14=88, 15=68, 16=65, 17=78, 18=75, 19=65, 1=90, 2=90, 3=80, 4=89, 5=77, 6=89, 7=89, 8=73, 9=72, 20=63, 21=72}
Number of gene trees: 105
101 trees have missing taxa
Calculating quartet distance matrix (for completion of X)
Species tree distances calculated ...
Will attempt to complete bipartitions from X before adding using a distance matrix.
Building set of clusters (X) from gene trees 
------------------------------
gradient0: 303
Number of Clusters after addition by distance: 303
calculating extra bipartitions to be added at level 1 ...
Adding to X using resolutions of greedy consensus ...
Limit for sigma of degrees:675
polytomy size limit : 3
discarded polytomies:  []
Threshold 0.0:
Threshold 0.01:
Threshold 0.02:
Threshold 0.05:
Threshold 0.1:
Threshold 0.2:
Threshold 0.3333333333333333:
max k is :0
Number of Clusters after addition by greedy: 303
gradient0 in heuristiic: 303
partitions formed in 0.144 secs
Dynamic Programming starting after 0.144 secs
Using tree-based weight calculation.
Using polytree-based weight calculation.
Polytree max score: 452609
Polytree building time: 0.017 seconds.
Number of quartet trees in the gene trees: 452609
Size of largest cluster: 25
Greedy score: 355090
estimationFactor: 1.2746317834915093
Sub-optimal score: 358338
Total Number of elements weighted: 411
Normalized score (portion of input quartet trees satisfied before correcting for multiple individuals): 0.8384256610009965
Optimization score: 379479
Optimal tree inferred in 0.253 secs.
(10,((2,(1,3)),(((7,(12,14)),(4,(6,11))),((18,8),(5,((17,((13,16),(20,19))),((9,15),(23,(25,(24,(21,22)))))))))));
Final quartet score is: 379479
Final normalized quartet score is: 0.8384256610009965
(18,(8,((5,((17,((13,16)1:0.4700036292457356,(20,19)1:1.5606477482646683)1:3.120895416507997)1:0.8035815078405845,((9,15)1:1.299282984130261,(23,(25,(24,(21,22)1:3.3613216542708164)1:0.32240312037827695)1:2.4352510593421406)1:0.5797718224410137)0.23:0.045328614175580546)1:1.8385338798332167)0.46:0.03308087046425215,(((7,(12,14)1:0.355969638247653)1:0.5739542045924431,(4,(6,11)0.99:0.266096585467987)1:1.1110385737339956)1:0.7792089181645189,((2,(1,3)1:0.3229279430103486)1:0.7872952451840928,10)1:0.9794071666811612)0.99:0.276739430304273)1:2.8068187350778846));
Weight calculation took 0.057321358 secs
ASTRAL finished in 0.369 secs
