
================== ASTRAL ===================== 

This is ASTRAL version 5.6.3
Gene trees are treated as unrooted
79 trees read from g_trees-raxml-sqlen-0-ngen-25.trees.tree
All output trees will be *arbitrarily* rooted at 9

======== Running the main analysis
Number of taxa: 25 (25 species)
Taxa: [9, 15, 17, 19, 20, 16, 13, 18, 8, 5, 2, 1, 3, 10, 25, 24, 21, 22, 23, 7, 12, 14, 11, 6, 4]
Taxon occupancy: {22=54, 23=50, 24=55, 25=52, 10=65, 11=64, 12=64, 13=59, 14=70, 15=48, 16=56, 17=74, 18=65, 19=57, 1=66, 2=66, 3=62, 4=65, 5=72, 6=68, 7=72, 8=63, 9=44, 20=58, 21=55}
Number of gene trees: 79
73 trees have missing taxa
Calculating quartet distance matrix (for completion of X)
Species tree distances calculated ...
Will attempt to complete bipartitions from X before adding using a distance matrix.
Building set of clusters (X) from gene trees 
------------------------------
gradient0: 95
Number of Clusters after addition by distance: 95
calculating extra bipartitions to be added at level 1 ...
Adding to X using resolutions of greedy consensus ...
Limit for sigma of degrees:675
polytomy size limit : 3
discarded polytomies:  []
Threshold 0.0:
Threshold 0.01:
Threshold 0.02:
Threshold 0.05:
Threshold 0.1:
Threshold 0.2:
Threshold 0.3333333333333333:
max k is :0
Number of Clusters after addition by greedy: 95
gradient0 in heuristiic: 95
partitions formed in 0.115 secs
Dynamic Programming starting after 0.115 secs
Using tree-based weight calculation.
Using polytree-based weight calculation.
Polytree max score: 410022
Polytree building time: 0.016 seconds.
Number of quartet trees in the gene trees: 410022
Size of largest cluster: 25
Greedy score: 410022
estimationFactor: 1.0
Sub-optimal score: 410022
Total Number of elements weighted: 80
Normalized score (portion of input quartet trees satisfied before correcting for multiple individuals): 1.0
Optimization score: 410022
Optimal tree inferred in 0.179 secs.
(20,(19,((16,13),((17,(9,15)),((23,(25,(24,(21,22)))),((10,(2,(1,3))),((18,8),(5,((4,(11,6)),(7,(12,14)))))))))));
Final quartet score is: 410022
Final normalized quartet score is: 1.0
(9,(15,(17,(((23,(25,(24,(21,22)1:3.601868077124306)1:3.564826805443958)1:3.3787245258100977)1:3.444682493601893,((10,(2,(1,3)1:3.737669618283365)1:3.737669618283365)1:3.705408756065146,((18,8)1:3.7534179752515073,(5,((4,(11,6)1:3.688879454113933)1:3.784189633918262,(7,(12,14)1:3.737669618283365)1:3.828641396489098)1:3.7534179752515073)1:3.6720723357975578)1:3.6198865826269824)1:3.506557897319981)1:3.3557350075853964,((16,13)1:3.6375861597263826,(19,20)1:3.6375861597263826)1:3.688879454113933)1:3.2580965380214812)1:3.149882953381249));
Weight calculation took 0.021109149 secs
ASTRAL finished in 0.306 secs
