
================== ASTRAL ===================== 

This is ASTRAL version 5.6.3
Gene trees are treated as unrooted
440 trees read from g_trees-raxml-sqlen-50-ngen-100.trees.tree
All output trees will be *arbitrarily* rooted at 18

======== Running the main analysis
Number of taxa: 25 (25 species)
Taxa: [18, 8, 1, 3, 10, 9, 15, 25, 24, 21, 22, 23, 13, 16, 20, 19, 2, 5, 6, 11, 4, 12, 14, 7, 17]
Taxon occupancy: {22=303, 23=270, 24=285, 25=302, 10=341, 11=339, 12=349, 13=330, 14=378, 15=282, 16=331, 17=288, 18=292, 19=314, 1=312, 2=321, 3=322, 4=364, 5=357, 6=357, 7=358, 8=313, 9=287, 20=348, 21=306}
Number of gene trees: 440
436 trees have missing taxa
Calculating quartet distance matrix (for completion of X)
Species tree distances calculated ...
Will attempt to complete bipartitions from X before adding using a distance matrix.
Building set of clusters (X) from gene trees 
------------------------------
gradient0: 657
Number of Clusters after addition by distance: 657
calculating extra bipartitions to be added at level 1 ...
Adding to X using resolutions of greedy consensus ...
Limit for sigma of degrees:675
polytomy size limit : 3
discarded polytomies:  [3]
Threshold 0.0:
Threshold 0.01:
Threshold 0.02:
Threshold 0.05:
Threshold 0.1:
Threshold 0.2:
Threshold 0.3333333333333333:
polytomy of size 3; rounds with additions with at least 5 support: 0; clusters: 657
max k is :0
Number of Clusters after addition by greedy: 657
gradient0 in heuristiic: 657
partitions formed in 0.434 secs
Dynamic Programming starting after 0.434 secs
Using tree-based weight calculation.
Using polytree-based weight calculation.
Polytree max score: 1693957
Polytree building time: 0.057 seconds.
Number of quartet trees in the gene trees: 1693957
Size of largest cluster: 25
Greedy score: 1117389
estimationFactor: 1.5159957722870012
Sub-optimal score: 1334378
Total Number of elements weighted: 1454
Normalized score (portion of input quartet trees satisfied before correcting for multiple individuals): 0.7950615039224727
Optimization score: 1346800
Optimal tree inferred in 0.931 secs.
(10,((2,(1,3)),(((18,8),(5,((7,(12,14)),(4,(6,11))))),((9,15),(17,(((13,16),(20,19)),(23,(25,(24,(21,22))))))))));
Final quartet score is: 1346800
Final normalized quartet score is: 0.7950615039224727
(18,(8,((5,((7,(12,14)1:0.3508934148264564)1:0.7514265932192993,(4,(6,11)0.99:0.11879072349160621)1:1.023988769674749)1:0.4232749039570988)1:0.4300309513040292,(((9,15)1:2.470195370753661,(17,(((13,16)1:0.9617366116211837,(20,19)1:0.47443435196106776)1:3.1148395791378096,(23,(25,(24,(21,22)1:2.4847250453204768)1:0.23432739143577344)1:0.2979907855523061)1:1.1703496634733588)1:0.19700478000243402)0.99:0.14371858870165416)1:0.5329397804888792,((2,(1,3)1:0.660468002290725)1:1.3796038625758675,10)1:1.2206973908233472)1:0.24624840635546832)1:2.0276727269575643));
Weight calculation took 0.378975148 secs
ASTRAL finished in 1.298 secs
