
================== ASTRAL ===================== 

This is ASTRAL version 5.6.3
Gene trees are treated as unrooted
198 trees read from g_trees-raxml-sqlen-50-ngen-50.trees.tree
All output trees will be *arbitrarily* rooted at 18

======== Running the main analysis
Number of taxa: 25 (25 species)
Taxa: [18, 8, 1, 3, 10, 9, 15, 25, 24, 21, 22, 23, 13, 16, 20, 19, 2, 5, 6, 11, 4, 12, 14, 7, 17]
Taxon occupancy: {22=120, 23=113, 24=113, 25=116, 10=174, 11=155, 12=158, 13=143, 14=165, 15=113, 16=143, 17=115, 18=148, 19=140, 1=150, 2=171, 3=165, 4=158, 5=160, 6=157, 7=170, 8=150, 9=115, 20=139, 21=121}
Number of gene trees: 198
194 trees have missing taxa
Calculating quartet distance matrix (for completion of X)
Species tree distances calculated ...
Will attempt to complete bipartitions from X before adding using a distance matrix.
Building set of clusters (X) from gene trees 
------------------------------
gradient0: 465
Number of Clusters after addition by distance: 465
calculating extra bipartitions to be added at level 1 ...
Adding to X using resolutions of greedy consensus ...
Limit for sigma of degrees:675
polytomy size limit : 3
discarded polytomies:  [3, 3]
Threshold 0.0:
Threshold 0.01:
Threshold 0.02:
Threshold 0.05:
Threshold 0.1:
Threshold 0.2:
Threshold 0.3333333333333333:
polytomy of size 3; rounds with additions with at least 5 support: 0; clusters: 465
polytomy of size 3; rounds with additions with at least 5 support: 0; clusters: 465
max k is :0
Number of Clusters after addition by greedy: 465
gradient0 in heuristiic: 465
partitions formed in 0.347 secs
Dynamic Programming starting after 0.347 secs
Using tree-based weight calculation.
Using polytree-based weight calculation.
Polytree max score: 726239
Polytree building time: 0.035 seconds.
Number of quartet trees in the gene trees: 726239
Size of largest cluster: 25
Greedy score: 480521
estimationFactor: 1.511357464085857
Sub-optimal score: 541804
Total Number of elements weighted: 817
Normalized score (portion of input quartet trees satisfied before correcting for multiple individuals): 0.7983225907724592
Optimization score: 579773
Optimal tree inferred in 0.604 secs.
(10,((2,(1,3)),(((18,8),(5,((7,(12,14)),(6,(11,4))))),((17,((13,16),(20,19))),((9,15),(23,(25,(24,(21,22)))))))));
Final quartet score is: 579773
Final normalized quartet score is: 0.7983225907724592
(18,(8,((5,((7,(12,14)1:0.5157636442904825)1:0.482081665711214,(6,(11,4)0.86:0.15391268024793597)1:1.2401121834952136)1:0.27382251737816604)1:0.46888796071908817,(((17,((13,16)1:0.9571127263944101,(20,19)1:0.6849838699207843)1:3.2321210516182224)1:0.5114937708618083,((9,15)1:1.5497496121186867,(23,(25,(24,(21,22)1:2.2243905428749065)1:0.4820960237640117)1:1.227678621495913)1:0.8435864134861513)0.28:0.006601256418426651)1:0.3594778192319714,((2,(1,3)1:0.4575589946979303)1:0.9909436286172885,10)1:0.8846454354460744)1:0.4789032911808826)1:1.7917594692280545));
Weight calculation took 0.17568833 secs
ASTRAL finished in 0.746 secs
