
================== ASTRAL ===================== 

This is ASTRAL version 5.6.3
Gene trees are treated as unrooted
281 trees read from g_trees-raxml-sqlen-250-ngen-50.trees.tree
All output trees will be *arbitrarily* rooted at 15

======== Running the main analysis
Number of taxa: 25 (25 species)
Taxa: [15, 9, 5, 7, 14, 12, 6, 4, 11, 18, 8, 17, 24, 21, 22, 25, 23, 16, 13, 20, 19, 2, 10, 1, 3]
Taxon occupancy: {22=210, 23=152, 24=206, 25=166, 10=248, 11=243, 12=250, 13=266, 14=240, 15=185, 16=263, 17=190, 18=246, 19=253, 1=237, 2=249, 3=247, 4=242, 5=253, 6=242, 7=252, 8=243, 9=184, 20=257, 21=211}
Number of gene trees: 281
272 trees have missing taxa
Calculating quartet distance matrix (for completion of X)
Species tree distances calculated ...
Will attempt to complete bipartitions from X before adding using a distance matrix.
Building set of clusters (X) from gene trees 
------------------------------
gradient0: 209
Number of Clusters after addition by distance: 209
calculating extra bipartitions to be added at level 1 ...
Adding to X using resolutions of greedy consensus ...
Limit for sigma of degrees:675
polytomy size limit : 3
discarded polytomies:  []
Threshold 0.0:
Threshold 0.01:
Threshold 0.02:
Threshold 0.05:
Threshold 0.1:
Threshold 0.2:
Threshold 0.3333333333333333:
max k is :0
Number of Clusters after addition by greedy: 209
gradient0 in heuristiic: 209
partitions formed in 0.519 secs
Dynamic Programming starting after 0.519 secs
Using tree-based weight calculation.
Using polytree-based weight calculation.
Polytree max score: 1680374
Polytree building time: 0.036 seconds.
Number of quartet trees in the gene trees: 1680374
Size of largest cluster: 25
Greedy score: 1626174
estimationFactor: 1.0333297666793344
Sub-optimal score: 1626174
Total Number of elements weighted: 195
Normalized score (portion of input quartet trees satisfied before correcting for multiple individuals): 0.9677452757540881
Optimization score: 1626174
Optimal tree inferred in 0.652 secs.
(19,(20,((16,13),(17,((15,9),((23,(25,(24,(21,22)))),((10,(2,(1,3))),((18,8),(5,((4,(6,11)),(7,(14,12))))))))))));
Final quartet score is: 1626174
Final normalized quartet score is: 0.9677452757540881
(15,(9,(((23,(25,(24,(21,22)1:4.897839799950916)1:2.271813434327292)1:4.209655408733094)1:4.267363726353742,((10,(2,(1,3)1:2.2380465718564744)1:2.4150630764207364)1:4.356708826689595,((18,8)1:5.01948490937323,(5,((4,(6,11)1:0.2919464712382383)1:3.8966261092737016,(7,(14,12)1:2.1597869586034513)1:3.547151294285238)1:1.4729811154804722)1:3.112456547862131)1:2.062049798967967)1:2.356218901465196)1:0.963028209725846,(17,((16,13)1:1.7496882553073683,(20,19)1:1.9360772281390737)1:4.420178400638254)1:0.8955323859011577)1:4.484884020113582));
Weight calculation took 0.056908377 secs
ASTRAL finished in 0.906 secs
