
================== ASTRAL ===================== 

This is ASTRAL version 5.6.3
Gene trees are treated as unrooted
500 trees read from g_trees-raxml-sqlen-100-ngen-500-s2g.trees
All output trees will be *arbitrarily* rooted at 10

======== Running the main analysis
Number of taxa: 220 (25 species)
Taxa: {22=[22_6, 22_5, 22_4, 22_3, 22_2, 22_1, 22_8, 22_7], 23=[23_10, 23_5, 23_4, 23_3, 23_2, 23_1, 23_9, 23_8, 23_7, 23_6], 24=[24_4, 24_3, 24_2, 24_1, 24_9, 24_8, 24_7, 24_6, 24_5, 24_10], 25=[25_3, 25_2, 25_1, 25_8, 25_7, 25_6, 25_5, 25_4], 10=[10_7, 10_6, 10_5, 10_4, 10_3, 10_2, 10_1, 10_9, 10_8], 11=[11_6, 11_5, 11_4, 11_3, 11_2, 11_1, 11_9, 11_8, 11_7], 12=[12_5, 12_4, 12_3, 12_2, 12_1, 12_9, 12_8, 12_7, 12_6], 13=[13_4, 13_3, 13_2, 13_1, 13_7, 13_6, 13_5], 14=[14_3, 14_2, 14_1, 14_8, 14_7, 14_6, 14_5, 14_4], 15=[15_2, 15_1, 15_9, 15_8, 15_7, 15_6, 15_5, 15_4, 15_3, 15_10], 16=[16_1, 16_9, 16_8, 16_7, 16_6, 16_5, 16_4, 16_3, 16_2, 16_10, 16_11], 17=[17_8, 17_7, 17_6, 17_5, 17_4, 17_3, 17_2, 17_1], 18=[18_7, 18_6, 18_5, 18_4, 18_3, 18_2, 18_1], 19=[19_6, 19_5, 19_4, 19_3, 19_2, 19_1, 19_8, 19_7], 1=[1_1, 1_2, 1_3, 1_4, 1_5, 1_6, 1_7, 1_8, 1_9], 2=[2_1, 2_2, 2_3, 2_4, 2_5, 2_6, 2_7], 3=[3_1, 3_2, 3_3, 3_4, 3_5, 3_6, 3_7, 3_8, 3_9], 4=[4_1, 4_2, 4_3, 4_4, 4_5, 4_6, 4_7, 4_8], 5=[5_10, 5_12, 5_11, 5_14, 5_13, 5_1, 5_2, 5_3, 5_4, 5_5, 5_6, 5_7, 5_8, 5_9], 6=[6_1, 6_2, 6_3, 6_4, 6_5, 6_6, 6_7, 6_8, 6_9], 7=[7_1, 7_2, 7_3, 7_4, 7_5, 7_6, 7_7, 7_8, 7_9], 8=[8_1, 8_2, 8_3, 8_4, 8_5, 8_6, 8_7, 8_8], 9=[9_1, 9_2, 9_3, 9_4, 9_5, 9_6, 9_7, 9_8], 20=[20_8, 20_7, 20_6, 20_5, 20_4, 20_3, 20_2, 20_1, 20_9], 21=[21_7, 21_6, 21_5, 21_4, 21_3, 21_2, 21_1, 21_8]}
Taxon occupancy: {10_7=4, 10_6=12, 10_5=19, 10_4=38, 10_3=73, 23_10=1, 10_2=145, 10_1=295, 18_7=1, 18_6=5, 18_5=13, 18_4=29, 18_3=71, 18_2=139, 18_1=292, 10_9=1, 10_8=2, 21_7=5, 21_6=12, 21_5=18, 21_4=33, 21_3=68, 21_2=140, 21_1=291, 7_1=304, 7_2=131, 7_3=69, 7_4=33, 7_5=16, 7_6=6, 21_8=2, 7_7=4, 7_8=1, 7_9=1, 17_8=1, 17_7=2, 17_6=6, 17_5=12, 17_4=31, 17_3=64, 17_2=127, 17_1=306, 20_8=3, 20_7=5, 20_6=10, 20_5=19, 20_4=32, 20_3=62, 20_2=140, 20_1=314, 6_1=307, 6_2=136, 6_3=62, 6_4=25, 6_5=13, 6_6=10, 6_7=4, 6_8=2, 20_9=1, 5_10=1, 6_9=1, 5_12=1, 5_11=1, 5_14=1, 5_13=1, 16_1=297, 16_9=1, 16_8=3, 16_7=4, 16_6=4, 16_5=18, 16_4=31, 16_3=67, 16_2=142, 5_1=307, 5_2=125, 5_3=57, 5_4=21, 5_5=8, 5_6=4, 5_7=2, 5_8=1, 5_9=1, 16_10=1, 16_11=1, 15_2=147, 15_1=294, 15_9=2, 15_8=3, 15_7=7, 15_6=12, 15_5=20, 15_4=42, 15_3=70, 15_10=1, 4_1=308, 4_2=137, 4_3=61, 4_4=27, 4_5=16, 4_6=10, 4_7=5, 4_8=1, 14_3=66, 14_2=145, 14_1=323, 14_8=1, 14_7=3, 14_6=4, 14_5=11, 14_4=24, 25_3=72, 25_2=142, 25_1=283, 3_1=316, 3_2=139, 3_3=61, 3_4=32, 3_5=19, 3_6=10, 25_8=2, 3_7=5, 25_7=8, 3_8=2, 25_6=13, 3_9=1, 25_5=28, 25_4=46, 13_4=28, 13_3=66, 13_2=146, 13_1=324, 13_7=1, 13_6=4, 13_5=8, 24_4=29, 24_3=67, 24_2=148, 24_1=289, 2_1=307, 2_2=146, 2_3=69, 2_4=24, 2_5=7, 2_6=5, 2_7=2, 24_9=1, 24_8=4, 24_7=8, 24_6=11, 24_5=16, 12_5=11, 12_4=29, 12_3=70, 12_2=144, 12_1=281, 12_9=1, 12_8=3, 12_7=4, 12_6=7, 23_5=18, 23_4=35, 23_3=72, 1_1=302, 23_2=144, 23_1=297, 1_2=123, 1_3=59, 1_4=28, 1_5=15, 1_6=6, 1_7=4, 1_8=3, 9_1=308, 1_9=1, 9_2=139, 23_9=1, 9_3=64, 23_8=2, 9_4=27, 23_7=4, 9_5=13, 23_6=7, 9_6=7, 9_7=3, 9_8=2, 11_6=5, 11_5=12, 11_4=30, 11_3=65, 11_2=143, 11_1=311, 19_6=6, 19_5=10, 19_4=21, 19_3=58, 19_2=134, 19_1=301, 11_9=1, 11_8=1, 11_7=3, 22_6=8, 22_5=19, 22_4=35, 22_3=67, 22_2=132, 22_1=287, 24_10=1, 8_1=329, 8_2=157, 8_3=69, 8_4=28, 22_8=2, 8_5=9, 22_7=4, 8_6=6, 8_7=2, 8_8=2, 19_8=1, 19_7=4}
Number of gene trees: 500
500 trees have missing taxa
Calculating quartet distance matrix (for completion of X)
Species tree distances calculated ...
Will attempt to complete bipartitions from X before adding using a distance matrix.
Building set of clusters (X) from gene trees 
In second round sampling 5 rounds will be done
------------------------------
gradient0: 1209
------------------------------
gradient1: 986
------------------------------
gradient2: 916
------------------------------
gradient3: 282
------------------------------
gradient4: 464
Number of Clusters after addition by distance: 3857
calculating extra bipartitions to be added at level 1 ...
Adding to X using resolutions of greedy consensus ...
Limit for sigma of degrees:675
polytomy size limit : 5
discarded polytomies:  [4, 5, 5]
Threshold 0.0:
Threshold 0.01:
Threshold 0.02:
Threshold 0.05:
Threshold 0.1:
Threshold 0.2:
polytomy of size 4; rounds with additions with at least 5 support: 0; clusters: 3857
Threshold 0.3333333333333333:
polytomy of size 5; rounds with additions with at least 5 support: 0; clusters: 3857
polytomy of size 5; rounds with additions with at least 5 support: 0; clusters: 3857
max k is :0
Number of Clusters after addition by greedy: 3857
gradient0 in heuristiic: 3857
calculating extra bipartitions to be added at level 1 ...
Adding to X using resolutions of greedy consensus ...
Limit for sigma of degrees:675
polytomy size limit : 9
discarded polytomies:  [3, 3, 9]
Threshold 0.0:
Threshold 0.01:
Threshold 0.02:
Threshold 0.05:
Threshold 0.1:
Threshold 0.2:
polytomy of size 3; rounds with additions with at least 5 support: 0; clusters: 3857
polytomy of size 3; rounds with additions with at least 5 support: 0; clusters: 3857
Threshold 0.3333333333333333:
polytomy of size 9; rounds with additions with at least 5 support: 0; clusters: 3857
max k is :0
Number of Clusters after addition by greedy: 3857
gradient1 in heuristiic: 0
calculating extra bipartitions to be added at level 1 ...
Adding to X using resolutions of greedy consensus ...
Limit for sigma of degrees:675
polytomy size limit : 8
discarded polytomies:  [3, 3, 3, 4, 8]
Threshold 0.0:
Threshold 0.01:
Threshold 0.02:
Threshold 0.05:
Threshold 0.1:
Threshold 0.2:
polytomy of size 3; rounds with additions with at least 5 support: 0; clusters: 3857
polytomy of size 4; rounds with additions with at least 5 support: 0; clusters: 3857
polytomy of size 3; rounds with additions with at least 5 support: 0; clusters: 3857
Threshold 0.3333333333333333:
polytomy of size 3; rounds with additions with at least 5 support: 0; clusters: 3857
polytomy of size 8; rounds with additions with at least 5 support: 0; clusters: 3857
max k is :0
Number of Clusters after addition by greedy: 3857
gradient2 in heuristiic: 0
calculating extra bipartitions to be added at level 1 ...
Adding to X using resolutions of greedy consensus ...
Limit for sigma of degrees:675
polytomy size limit : 4
discarded polytomies:  [3, 4, 4]
Threshold 0.0:
Threshold 0.01:
Threshold 0.02:
Threshold 0.05:
Threshold 0.1:
Threshold 0.2:
polytomy of size 4; rounds with additions with at least 5 support: 0; clusters: 3857
Threshold 0.3333333333333333:
polytomy of size 3; rounds with additions with at least 5 support: 0; clusters: 3857
polytomy of size 4; rounds with additions with at least 5 support: 0; clusters: 3857
max k is :0
Number of Clusters after addition by greedy: 3857
gradient3 in heuristiic: 0
calculating extra bipartitions to be added at level 1 ...
Adding to X using resolutions of greedy consensus ...
Limit for sigma of degrees:675
polytomy size limit : 5
discarded polytomies:  [3, 3, 3, 4, 4, 5]
Threshold 0.0:
Threshold 0.01:
Threshold 0.02:
polytomy of size 3; rounds with additions with at least 5 support: 0; clusters: 3857
Threshold 0.05:
polytomy of size 3; rounds with additions with at least 5 support: 0; clusters: 3857
Threshold 0.1:
polytomy of size 4; rounds with additions with at least 5 support: 0; clusters: 3857
Threshold 0.2:
polytomy of size 4; rounds with additions with at least 5 support: 0; clusters: 3857
Threshold 0.3333333333333333:
polytomy of size 3; rounds with additions with at least 5 support: 0; clusters: 3857
polytomy of size 5; rounds with additions with at least 5 support: 0; clusters: 3857
max k is :0
Number of Clusters after addition by greedy: 3857
gradient4 in heuristiic: 0
partitions formed in 86.735 secs
Dynamic Programming starting after 86.735 secs
Using tree-based weight calculation.
Using polytree-based weight calculation.
Polytree max score: 48367202
Polytree building time: 0.054 seconds.
Number of quartet trees in the gene trees: 47831992
Size of largest cluster: 220
Greedy score: 22925156
estimationFactor: 2.1097872572819134
Sub-optimal score: 23319754
Total Number of elements weighted: 23903
Normalized score (portion of input quartet trees satisfied before correcting for multiple individuals): 0.5249018063057044
Optimization score: 25107099
Optimal tree inferred in 96.517 secs.
(18,((12,(7,(10,15))),(((4,9),(11,(8,(14,13)))),(((21,22),(25,(23,24))),(16,(2,(6,(5,((20,3),(1,(17,19)))))))))));
Final quartet score is: 28316397
Final normalized quartet score is: 0.5919970257563181
((10_7,10_6,10_5,10_4,10_3,10_2,10_1,10_9,10_8)0.03:0.0,((15_2,15_1,15_9,15_8,15_7,15_6,15_5,15_4,15_3,15_10)0.04:0.0,((7_1,7_2,7_3,7_4,7_5,7_6,7_7,7_8,7_9)0.86:0.18722172428819678,((12_5,12_4,12_3,12_2,12_1,12_9,12_8,12_7,12_6)0.99:0.3256473763086368,(((((4_1,4_2,4_3,4_4,4_5,4_6,4_7,4_8)0.43:0.024758361425865724,(9_1,9_2,9_3,9_4,9_5,9_6,9_7,9_8)0.63:0.08515634285777496)1:0.9832264284910733,((11_6,11_5,11_4,11_3,11_2,11_1,11_9,11_8,11_7)0.16:0.0,((8_1,8_2,8_3,8_4,8_5,8_6,8_7,8_8)0.14:0.0,((14_3,14_2,14_1,14_8,14_7,14_6,14_5,14_4)0.02:0.0,(13_4,13_3,13_2,13_1,13_7,13_6,13_5)0.03:0.0)1:0.6064675702683348)1:0.1907902702854013)1:1.0922046584205831)1:0.6735553955349889,((((21_7,21_6,21_5,21_4,21_3,21_2,21_1,21_8)0.62:0.08340042368192177,(22_6,22_5,22_4,22_3,22_2,22_1,22_8,22_7)0.74:0.12084185074172044)1:0.8501742422257847,((25_3,25_2,25_1,25_8,25_7,25_6,25_5,25_4)0.56:0.0597513234515139,((23_10,23_5,23_4,23_3,23_2,23_1,23_9,23_8,23_7,23_6)0.22:0.0,(24_4,24_3,24_2,24_1,24_9,24_8,24_7,24_6,24_5,24_10)0.25:0.0)1:0.42286392487035734)1:0.8374370260614038)1:2.1952621438217705,((16_1,16_9,16_8,16_7,16_6,16_5,16_4,16_3,16_2,16_10,16_11)1:0.72221142290319,((2_1,2_2,2_3,2_4,2_5,2_6,2_7)0.89:0.17344454059124123,((6_1,6_2,6_3,6_4,6_5,6_6,6_7,6_8,6_9)0.43:0.0248216717846482,((5_10,5_12,5_11,5_14,5_13,5_1,5_2,5_3,5_4,5_5,5_6,5_7,5_8,5_9)0.4:0.01069306597779114,(((20_8,20_7,20_6,20_5,20_4,20_3,20_2,20_1,20_9)0.02:0.0,(3_1,3_2,3_3,3_4,3_5,3_6,3_7,3_8,3_9)0.02:0.0)1:1.311118181877898,((1_1,1_2,1_3,1_4,1_5,1_6,1_7,1_8,1_9)0.3:0.0,((17_8,17_7,17_6,17_5,17_4,17_3,17_2,17_1)0.07:0.0,(19_6,19_5,19_4,19_3,19_2,19_1,19_8,19_7)0.07:0.0)1:0.6952723995034209)1:0.315463047775663)1:0.19993546452499325)1:0.1532620648367495)1:0.41742352428540064)1:1.4117590129979856)0.38:0.016457631349923903)1:0.2815614403785705)1:0.5733477100859082,(18_7,18_6,18_5,18_4,18_3,18_2,18_1)1:0.39868189279439326)1:0.2297850050767428)1:0.3441842088848331)1:1.2123978237930988));
Weight calculation took 10.816206823 secs
ASTRAL finished in 98.127 secs
