
================== ASTRAL ===================== 

This is ASTRAL version 5.6.3
Gene trees are treated as unrooted
500 trees read from g_trees-raxml-sqlen-25-ngen-500-s2g.trees
All output trees will be *arbitrarily* rooted at 10

======== Running the main analysis
Number of taxa: 220 (25 species)
Taxa: {22=[22_6, 22_5, 22_4, 22_3, 22_2, 22_1, 22_8, 22_7], 23=[23_10, 23_5, 23_4, 23_3, 23_2, 23_1, 23_9, 23_8, 23_7, 23_6], 24=[24_4, 24_3, 24_2, 24_1, 24_9, 24_8, 24_7, 24_6, 24_5, 24_10], 25=[25_3, 25_2, 25_1, 25_8, 25_7, 25_6, 25_5, 25_4], 10=[10_7, 10_6, 10_5, 10_4, 10_3, 10_2, 10_1, 10_9, 10_8], 11=[11_6, 11_5, 11_4, 11_3, 11_2, 11_1, 11_9, 11_8, 11_7], 12=[12_5, 12_4, 12_3, 12_2, 12_1, 12_9, 12_8, 12_7, 12_6], 13=[13_4, 13_3, 13_2, 13_1, 13_7, 13_6, 13_5], 14=[14_3, 14_2, 14_1, 14_8, 14_7, 14_6, 14_5, 14_4], 15=[15_2, 15_1, 15_9, 15_8, 15_7, 15_6, 15_5, 15_4, 15_3, 15_10], 16=[16_1, 16_9, 16_8, 16_7, 16_6, 16_5, 16_4, 16_3, 16_2, 16_10, 16_11], 17=[17_8, 17_7, 17_6, 17_5, 17_4, 17_3, 17_2, 17_1], 18=[18_7, 18_6, 18_5, 18_4, 18_3, 18_2, 18_1], 19=[19_6, 19_5, 19_4, 19_3, 19_2, 19_1, 19_8, 19_7], 1=[1_1, 1_2, 1_3, 1_4, 1_5, 1_6, 1_7, 1_8, 1_9], 2=[2_1, 2_2, 2_3, 2_4, 2_5, 2_6, 2_7], 3=[3_1, 3_2, 3_3, 3_4, 3_5, 3_6, 3_7, 3_8, 3_9], 4=[4_1, 4_2, 4_3, 4_4, 4_5, 4_6, 4_7, 4_8], 5=[5_10, 5_12, 5_11, 5_14, 5_13, 5_1, 5_2, 5_3, 5_4, 5_5, 5_6, 5_7, 5_8, 5_9], 6=[6_1, 6_2, 6_3, 6_4, 6_5, 6_6, 6_7, 6_8, 6_9], 7=[7_1, 7_2, 7_3, 7_4, 7_5, 7_6, 7_7, 7_8, 7_9], 8=[8_1, 8_2, 8_3, 8_4, 8_5, 8_6, 8_7, 8_8], 9=[9_1, 9_2, 9_3, 9_4, 9_5, 9_6, 9_7, 9_8], 20=[20_8, 20_7, 20_6, 20_5, 20_4, 20_3, 20_2, 20_1, 20_9], 21=[21_7, 21_6, 21_5, 21_4, 21_3, 21_2, 21_1, 21_8]}
Taxon occupancy: {10_7=4, 10_6=12, 10_5=19, 10_4=38, 10_3=73, 23_10=1, 10_2=145, 10_1=295, 18_7=1, 18_6=5, 18_5=13, 18_4=29, 18_3=71, 18_2=139, 18_1=292, 10_9=1, 10_8=2, 21_7=5, 21_6=12, 21_5=18, 21_4=33, 21_3=68, 21_2=140, 21_1=291, 7_1=304, 7_2=131, 7_3=69, 7_4=33, 7_5=16, 7_6=6, 21_8=2, 7_7=4, 7_8=1, 7_9=1, 17_8=1, 17_7=2, 17_6=6, 17_5=12, 17_4=31, 17_3=64, 17_2=127, 17_1=306, 20_8=3, 20_7=5, 20_6=10, 20_5=19, 20_4=32, 20_3=62, 20_2=140, 20_1=314, 6_1=307, 6_2=136, 6_3=62, 6_4=25, 6_5=13, 6_6=10, 6_7=4, 6_8=2, 20_9=1, 5_10=1, 6_9=1, 5_12=1, 5_11=1, 5_14=1, 5_13=1, 16_1=297, 16_9=1, 16_8=3, 16_7=4, 16_6=4, 16_5=18, 16_4=31, 16_3=67, 16_2=142, 5_1=307, 5_2=125, 5_3=57, 5_4=21, 5_5=8, 5_6=4, 5_7=2, 5_8=1, 5_9=1, 16_10=1, 16_11=1, 15_2=147, 15_1=294, 15_9=2, 15_8=3, 15_7=7, 15_6=12, 15_5=20, 15_4=42, 15_3=70, 15_10=1, 4_1=308, 4_2=137, 4_3=61, 4_4=27, 4_5=16, 4_6=10, 4_7=5, 4_8=1, 14_3=66, 14_2=145, 14_1=323, 14_8=1, 14_7=3, 14_6=4, 14_5=11, 14_4=24, 25_3=72, 25_2=142, 25_1=283, 3_1=316, 3_2=139, 3_3=61, 3_4=32, 3_5=19, 3_6=10, 25_8=2, 3_7=5, 25_7=8, 3_8=2, 25_6=13, 3_9=1, 25_5=28, 25_4=46, 13_4=28, 13_3=66, 13_2=146, 13_1=324, 13_7=1, 13_6=4, 13_5=8, 24_4=29, 24_3=67, 24_2=148, 24_1=289, 2_1=307, 2_2=146, 2_3=69, 2_4=24, 2_5=7, 2_6=5, 2_7=2, 24_9=1, 24_8=4, 24_7=8, 24_6=11, 24_5=16, 12_5=11, 12_4=29, 12_3=70, 12_2=144, 12_1=281, 12_9=1, 12_8=3, 12_7=4, 12_6=7, 23_5=18, 23_4=35, 23_3=72, 1_1=302, 23_2=144, 23_1=297, 1_2=123, 1_3=59, 1_4=28, 1_5=15, 1_6=6, 1_7=4, 1_8=3, 9_1=308, 1_9=1, 9_2=139, 23_9=1, 9_3=64, 23_8=2, 9_4=27, 23_7=4, 9_5=13, 23_6=7, 9_6=7, 9_7=3, 9_8=2, 11_6=5, 11_5=12, 11_4=30, 11_3=65, 11_2=143, 11_1=311, 19_6=6, 19_5=10, 19_4=21, 19_3=58, 19_2=134, 19_1=301, 11_9=1, 11_8=1, 11_7=3, 22_6=8, 22_5=19, 22_4=35, 22_3=67, 22_2=132, 22_1=287, 24_10=1, 8_1=329, 8_2=157, 8_3=69, 8_4=28, 22_8=2, 8_5=9, 22_7=4, 8_6=6, 8_7=2, 8_8=2, 19_8=1, 19_7=4}
Number of gene trees: 500
500 trees have missing taxa
Calculating quartet distance matrix (for completion of X)
Species tree distances calculated ...
Will attempt to complete bipartitions from X before adding using a distance matrix.
Building set of clusters (X) from gene trees 
In second round sampling 5 rounds will be done
------------------------------
gradient0: 3923
------------------------------
gradient1: 4148
------------------------------
gradient2: 2562
------------------------------
gradient3: 4304
------------------------------
gradient4: 3330
Number of Clusters after addition by distance: 18267
calculating extra bipartitions to be added at level 1 ...
Adding to X using resolutions of greedy consensus ...
Limit for sigma of degrees:675
polytomy size limit : 9
discarded polytomies:  [3, 5, 6, 6, 7, 7, 9]
Threshold 0.0:
polytomy of size 3; rounds with additions with at least 5 support: 1; clusters: 18271
Threshold 0.01:
polytomy of size 5; rounds with additions with at least 5 support: 0; clusters: 18285
Threshold 0.02:
polytomy of size 6; rounds with additions with at least 5 support: 1; clusters: 18317
Threshold 0.05:
polytomy of size 6; rounds with additions with at least 5 support: 0; clusters: 18317
Threshold 0.1:
polytomy of size 7; rounds with additions with at least 5 support: 0; clusters: 18317
Threshold 0.2:
polytomy of size 7; rounds with additions with at least 5 support: 1; clusters: 18321
Threshold 0.3333333333333333:
polytomy of size 9; rounds with additions with at least 5 support: 1; clusters: 18327
max k is :2
Number of Clusters after addition by greedy: 18327
gradient0 in heuristiic: 18327
calculating extra bipartitions to be added at level 1 ...
Adding to X using resolutions of greedy consensus ...
Limit for sigma of degrees:675
polytomy size limit : 10
discarded polytomies:  [3, 3, 3, 4, 5, 5, 5, 5, 6, 10]
Threshold 0.0:
polytomy of size 4; rounds with additions with at least 5 support: 0; clusters: 18331
Threshold 0.01:
polytomy of size 5; rounds with additions with at least 5 support: 0; clusters: 18335
Threshold 0.02:
polytomy of size 5; rounds with additions with at least 5 support: 0; clusters: 18335
Threshold 0.05:
polytomy of size 3; rounds with additions with at least 5 support: 0; clusters: 18335
polytomy of size 5; rounds with additions with at least 5 support: 0; clusters: 18335
Threshold 0.1:
polytomy of size 3; rounds with additions with at least 5 support: 0; clusters: 18335
polytomy of size 5; rounds with additions with at least 5 support: 0; clusters: 18335
Threshold 0.2:
polytomy of size 3; rounds with additions with at least 5 support: 0; clusters: 18335
polytomy of size 6; rounds with additions with at least 5 support: 0; clusters: 18339
Threshold 0.3333333333333333:
polytomy of size 10; rounds with additions with at least 5 support: 0; clusters: 18347
max k is :0
Number of Clusters after addition by greedy: 18347
gradient1 in heuristiic: 20
calculating extra bipartitions to be added at level 1 ...
Adding to X using resolutions of greedy consensus ...
Limit for sigma of degrees:675
polytomy size limit : 10
discarded polytomies:  [3, 3, 3, 4, 5, 6, 6, 6, 7, 10]
Threshold 0.0:
polytomy of size 4; rounds with additions with at least 5 support: 1; clusters: 18355
Threshold 0.01:
polytomy of size 5; rounds with additions with at least 5 support: 2; clusters: 18371
Threshold 0.02:
polytomy of size 6; rounds with additions with at least 5 support: 2; clusters: 18387
Threshold 0.05:
polytomy of size 3; rounds with additions with at least 5 support: 0; clusters: 18387
polytomy of size 6; rounds with additions with at least 5 support: 0; clusters: 18387
Threshold 0.1:
polytomy of size 3; rounds with additions with at least 5 support: 0; clusters: 18387
polytomy of size 6; rounds with additions with at least 5 support: 0; clusters: 18387
Threshold 0.2:
polytomy of size 3; rounds with additions with at least 5 support: 0; clusters: 18387
polytomy of size 7; rounds with additions with at least 5 support: 1; clusters: 18393
Threshold 0.3333333333333333:
polytomy of size 10; rounds with additions with at least 5 support: 0; clusters: 18399
max k is :4
Number of Clusters after addition by greedy: 18399
gradient2 in heuristiic: 52
calculating extra bipartitions to be added at level 1 ...
Adding to X using resolutions of greedy consensus ...
Limit for sigma of degrees:675
polytomy size limit : 11
discarded polytomies:  [3, 5, 5, 5, 6, 7, 8, 11]
Threshold 0.0:
polytomy of size 5; rounds with additions with at least 5 support: 2; clusters: 18413
Threshold 0.01:
polytomy of size 5; rounds with additions with at least 5 support: 0; clusters: 18413
Threshold 0.02:
polytomy of size 5; rounds with additions with at least 5 support: 0; clusters: 18413
Threshold 0.05:
polytomy of size 6; rounds with additions with at least 5 support: 2; clusters: 18419
Threshold 0.1:
polytomy of size 7; rounds with additions with at least 5 support: 2; clusters: 18433
Threshold 0.2:
polytomy of size 3; rounds with additions with at least 5 support: 0; clusters: 18433
polytomy of size 8; rounds with additions with at least 5 support: 2; clusters: 18445
Threshold 0.3333333333333333:
polytomy of size 11; rounds with additions with at least 5 support: 1; clusters: 18457
max k is :4
Number of Clusters after addition by greedy: 18457
gradient3 in heuristiic: 58
calculating extra bipartitions to be added at level 1 ...
Adding to X using resolutions of greedy consensus ...
Limit for sigma of degrees:675
polytomy size limit : 10
discarded polytomies:  [3, 4, 5, 5, 8, 8, 10, 10]
Threshold 0.0:
polytomy of size 4; rounds with additions with at least 5 support: 1; clusters: 18463
Threshold 0.01:
polytomy of size 5; rounds with additions with at least 5 support: 1; clusters: 18469
Threshold 0.02:
polytomy of size 5; rounds with additions with at least 5 support: 0; clusters: 18469
polytomy of size 3; rounds with additions with at least 5 support: 0; clusters: 18469
Threshold 0.05:
polytomy of size 8; rounds with additions with at least 5 support: 1; clusters: 18483
Threshold 0.1:
polytomy of size 8; rounds with additions with at least 5 support: 2; clusters: 18493
Threshold 0.2:
polytomy of size 10; rounds with additions with at least 5 support: 1; clusters: 18501
Threshold 0.3333333333333333:
polytomy of size 10; rounds with additions with at least 5 support: 0; clusters: 18505
max k is :4
Number of Clusters after addition by greedy: 18505
gradient4 in heuristiic: 48
partitions formed in 101.624 secs
Dynamic Programming starting after 101.624 secs
Using tree-based weight calculation.
Using polytree-based weight calculation.
Polytree max score: 48367202
Polytree building time: 0.055 seconds.
Number of quartet trees in the gene trees: 47831992
Size of largest cluster: 220
Greedy score: 18137918
estimationFactor: 2.666634726212788
Sub-optimal score: 19802727
Calculated 100000 weights; time (seconds): 142
Calculated 200000 weights; time (seconds): 40
Total Number of elements weighted: 216649
Normalized score (portion of input quartet trees satisfied before correcting for multiple individuals): 0.44439420377892686
Optimization score: 21256260
Optimal tree inferred in 189.826 secs.
(18,((7,(10,15)),(12,(((4,9),(11,(8,(14,13)))),(16,(((21,22),(25,(23,24))),(2,(6,((20,3),(5,(1,(17,19))))))))))));
Final quartet score is: 24208474
Final normalized quartet score is: 0.5061146941151855
((10_7,10_6,10_5,10_4,10_3,10_2,10_1,10_9,10_8)0.03:0.0,((15_2,15_1,15_9,15_8,15_7,15_6,15_5,15_4,15_3,15_10)0.04:0.0,((7_1,7_2,7_3,7_4,7_5,7_6,7_7,7_8,7_9)0.65:0.10033159029143848,(((12_5,12_4,12_3,12_2,12_1,12_9,12_8,12_7,12_6)0.93:0.21810697250857697,((((4_1,4_2,4_3,4_4,4_5,4_6,4_7,4_8)0.57:0.06714505544093421,(9_1,9_2,9_3,9_4,9_5,9_6,9_7,9_8)0.54:0.056897743856167665)1:0.6271675793699115,((11_6,11_5,11_4,11_3,11_2,11_1,11_9,11_8,11_7)0.19:0.0,((8_1,8_2,8_3,8_4,8_5,8_6,8_7,8_8)0.2:0.0,((14_3,14_2,14_1,14_8,14_7,14_6,14_5,14_4)0.05:0.0,(13_4,13_3,13_2,13_1,13_7,13_6,13_5)0.05:0.0)1:0.3518341805131977)0.96:0.0973585250574503)1:0.673538841430474)1:0.2638731108982788,((16_1,16_9,16_8,16_7,16_6,16_5,16_4,16_3,16_2,16_10,16_11)1:0.4672440963127747,((((21_7,21_6,21_5,21_4,21_3,21_2,21_1,21_8)0.72:0.11396995596936707,(22_6,22_5,22_4,22_3,22_2,22_1,22_8,22_7)0.65:0.0902828720739289)1:0.3675569918557744,((25_3,25_2,25_1,25_8,25_7,25_6,25_5,25_4)0.44:0.025604128104229698,((23_10,23_5,23_4,23_3,23_2,23_1,23_9,23_8,23_7,23_6)0.27:0.0,(24_4,24_3,24_2,24_1,24_9,24_8,24_7,24_6,24_5,24_10)0.44:0.027598057172430763)1:0.1992387065891294)1:0.5367993990491642)1:0.5953238628628653,((2_1,2_2,2_3,2_4,2_5,2_6,2_7)0.9:0.17811970463247687,((6_1,6_2,6_3,6_4,6_5,6_6,6_7,6_8,6_9)0.4:0.013817959851186298,(((20_8,20_7,20_6,20_5,20_4,20_3,20_2,20_1,20_9)0.03:0.0,(3_1,3_2,3_3,3_4,3_5,3_6,3_7,3_8,3_9)0.02:0.0)1:1.2007708099939978,((5_10,5_12,5_11,5_14,5_13,5_1,5_2,5_3,5_4,5_5,5_6,5_7,5_8,5_9)0.34:0.0,((1_1,1_2,1_3,1_4,1_5,1_6,1_7,1_8,1_9)0.21:0.0,((17_8,17_7,17_6,17_5,17_4,17_3,17_2,17_1)0.1:0.0,(19_6,19_5,19_4,19_3,19_2,19_1,19_8,19_7)0.11:0.0)1:0.30335907910051113)0.9:0.08340232148076857)0.33:0.0)0.48:0.027829819641473207)1:0.2590583945771197)1:0.5827580773969264)0.76:0.07007523980560422)0.97:0.12403581031634045)1:0.22520408715611553)0.04:0.0,(18_7,18_6,18_5,18_4,18_3,18_2,18_1)0.99:0.31619756126647125)1:0.18868972409913534)1:1.0920538719234372));
Weight calculation took 88.140233028 secs
ASTRAL finished in 191.445 secs
