
================== ASTRAL ===================== 

This is ASTRAL version 5.6.3
Gene trees are treated as unrooted
1320 trees read from g_trees-raxml-sqlen-25-ngen-500.trees.tree
All output trees will be *arbitrarily* rooted at 5

======== Running the main analysis
Number of taxa: 25 (25 species)
Taxa: [5, 16, 1, 20, 3, 2, 19, 17, 10, 15, 7, 22, 21, 18, 6, 8, 14, 13, 11, 9, 4, 12, 25, 23, 24]
Taxon occupancy: {22=590, 23=634, 24=614, 25=598, 10=861, 11=839, 12=720, 13=881, 14=868, 15=766, 16=570, 17=961, 18=794, 19=976, 1=926, 2=1001, 3=1054, 4=732, 5=881, 6=922, 7=675, 8=896, 9=784, 20=1012, 21=723}
Number of gene trees: 1320
1320 trees have missing taxa
Calculating quartet distance matrix (for completion of X)
Species tree distances calculated ...
Will attempt to complete bipartitions from X before adding using a distance matrix.
Building set of clusters (X) from gene trees 
------------------------------
gradient0: 2137
Number of Clusters after addition by distance: 2137
calculating extra bipartitions to be added at level 1 ...
Adding to X using resolutions of greedy consensus ...
Limit for sigma of degrees:675
polytomy size limit : 4
discarded polytomies:  [4]
Threshold 0.0:
Threshold 0.01:
Threshold 0.02:
Threshold 0.05:
Threshold 0.1:
Threshold 0.2:
Threshold 0.3333333333333333:
polytomy of size 4; rounds with additions with at least 5 support: 0; clusters: 2137
max k is :0
Number of Clusters after addition by greedy: 2137
gradient0 in heuristiic: 2137
partitions formed in 0.931 secs
Dynamic Programming starting after 0.931 secs
Using tree-based weight calculation.
Using polytree-based weight calculation.
Polytree max score: 2350625
Polytree building time: 0.102 seconds.
Number of quartet trees in the gene trees: 2350625
Size of largest cluster: 25
Greedy score: 1609254
estimationFactor: 1.4606923456458707
Sub-optimal score: 1633820
Total Number of elements weighted: 8622
Normalized score (portion of input quartet trees satisfied before correcting for multiple individuals): 0.7288397766551449
Optimization score: 1713229
Optimal tree inferred in 6.725 secs.
(3,(20,(5,((1,(19,17)),(6,(2,(((22,21),(25,(23,24))),((18,((16,7),(10,15))),(12,((9,4),(11,(8,(14,13)))))))))))));
Final quartet score is: 1713229
Final normalized quartet score is: 0.7288397766551449
(5,(((1,(19,17)1:0.22275944603415604)1:0.25529293872680586,(6,(2,(((22,21)1:0.3384789675025187,(25,(23,24)1:0.5210007937079668)1:0.648778721502993)1:0.7064256836077756,((18,((16,7)0.98:0.21143303143292588,(10,15)1:2.6450393894181614)0.81:0.08030178375902923)1:0.1701586994857246,(12,((9,4)1:0.8918128628410401,(11,(8,(14,13)1:0.7215063063589255)0.82:0.0727378189925065)1:0.9679289744490781)1:0.4142365572962563)1:0.16183036582356244)0.99:0.09975104834863015)1:1.4176772652765361)1:0.23135774276783877)0.61:0.030790213129873515)1:0.28452501207250663,(20,3)1:3.2481345858547854));
Weight calculation took 5.561782426 secs
ASTRAL finished in 7.215 secs
