
================== ASTRAL ===================== 

This is ASTRAL version 5.6.3
Gene trees are treated as unrooted
16 trees read from g_trees-raxml-sqlen-25-ngen-25.trees.tree
All output trees will be *arbitrarily* rooted at 5

======== Running the main analysis
Number of taxa: 25 (25 species)
Taxa: [5, 16, 1, 20, 3, 2, 19, 17, 10, 15, 7, 22, 21, 18, 6, 8, 14, 13, 11, 9, 4, 12, 25, 23, 24]
Taxon occupancy: {22=3, 23=4, 24=3, 25=6, 10=13, 11=8, 12=10, 13=8, 14=8, 15=13, 16=9, 17=15, 18=7, 19=13, 1=9, 2=12, 3=15, 4=12, 5=12, 6=13, 7=15, 8=6, 9=12, 20=14, 21=4}
Number of gene trees: 16
16 trees have missing taxa
Calculating quartet distance matrix (for completion of X)
Species tree distances calculated ...
Will attempt to complete bipartitions from X before adding using a distance matrix.
Building set of clusters (X) from gene trees 
------------------------------
gradient0: 305
Number of Clusters after addition by distance: 305
calculating extra bipartitions to be added at level 1 ...
Adding to X using resolutions of greedy consensus ...
Limit for sigma of degrees:675
polytomy size limit : 4
discarded polytomies:  [3, 4, 4]
Threshold 0.0:
Threshold 0.01:
Threshold 0.02:
Threshold 0.05:
Threshold 0.1:
Threshold 0.2:
polytomy of size 4; rounds with additions with at least 5 support: 0; clusters: 309
Threshold 0.3333333333333333:
polytomy of size 4; rounds with additions with at least 5 support: 0; clusters: 311
polytomy of size 3; rounds with additions with at least 5 support: 0; clusters: 311
max k is :0
Number of Clusters after addition by greedy: 311
gradient0 in heuristiic: 311
partitions formed in 0.164 secs
Dynamic Programming starting after 0.164 secs
Using tree-based weight calculation.
Using polytree-based weight calculation.
Polytree max score: 25899
Polytree building time: 0.006 seconds.
Number of quartet trees in the gene trees: 25899
Size of largest cluster: 25
Greedy score: 18607
estimationFactor: 1.3918955231901973
Sub-optimal score: 18982
Total Number of elements weighted: 436
Normalized score (portion of input quartet trees satisfied before correcting for multiple individuals): 0.7694119464071972
Optimization score: 19927
Optimal tree inferred in 0.226 secs.
(4,(9,((13,(14,(8,11))),((12,(7,(10,15))),((18,(16,(21,((23,24),(22,25))))),((2,(19,17)),(6,((5,1),(20,3)))))))));
Final quartet score is: 19927
Final normalized quartet score is: 0.7694119464071972
You may want to ignore posterior probabilities and other statistics related to the following branch branch because the effective number of genes impacting it is only 14:
	{20, 3}
You may want to ignore posterior probabilities and other statistics related to the following branch branch because the effective number of genes impacting it is only 10:
	{19, 17}
You may want to ignore posterior probabilities and other statistics related to the following branch branch because the effective number of genes impacting it is only 12:
	{2, 19, 17}
You may want to ignore posterior probabilities and other statistics related to the following branch branch because the effective number of genes impacting it is only 2:
	{23, 24}
You may want to ignore posterior probabilities and other statistics related to the following branch branch because the effective number of genes impacting it is only 1:
	{22, 25}
You may want to ignore posterior probabilities and other statistics related to the following branch branch because the effective number of genes impacting it is only 0:
	{22, 25, 23, 24}
You may want to ignore posterior probabilities and other statistics related to the following branch branch because the effective number of genes impacting it is only 2:
	{22, 21, 25, 23, 24}
You may want to ignore posterior probabilities and other statistics related to the following branch branch because the effective number of genes impacting it is only 4:
	{16, 22, 21, 25, 23, 24}
You may want to ignore posterior probabilities and other statistics related to the following branch branch because the effective number of genes impacting it is only 7:
	{16, 22, 21, 18, 25, 23, 24}
You may want to ignore posterior probabilities and other statistics related to the following branch branch because the effective number of genes impacting it is only 13:
	{10, 15}
You may want to ignore posterior probabilities and other statistics related to the following branch branch because the effective number of genes impacting it is only 9:
	{10, 15, 7}
You may want to ignore posterior probabilities and other statistics related to the following branch branch because the effective number of genes impacting it is only 9:
	{10, 15, 7, 12}
You may want to ignore posterior probabilities and other statistics related to the following branch branch because the effective number of genes impacting it is only 6:
	{8, 11}
You may want to ignore posterior probabilities and other statistics related to the following branch branch because the effective number of genes impacting it is only 8:
	{8, 14, 11}
You may want to ignore posterior probabilities and other statistics related to the following branch branch because the effective number of genes impacting it is only 6:
	{8, 14, 13, 11}
You may want to ignore posterior probabilities and other statistics related to the following branch branch because the effective number of genes impacting it is only 6:
	{9, 4}
You may want to ignore posterior probabilities and other statistics related to the following branch branch because the effective number of genes impacting it is only 5:
	{8, 14, 13, 11, 9, 4}
You may want to ignore posterior probabilities and other statistics related to the following branch branch because the effective number of genes impacting it is only 12:
	{10, 15, 7, 8, 14, 13, 11, 9, 4, 12}
You may want to ignore posterior probabilities and other statistics related to the following branch branch because the effective number of genes impacting it is only 14:
	{16, 10, 15, 7, 22, 21, 18, 8, 14, 13, 11, 9, 4, 12, 25, 23, 24}
You may want to ignore posterior probabilities and other statistics related to the following branch branch because the effective number of genes impacting it is only 12:
	{16, 2, 19, 17, 10, 15, 7, 22, 21, 18, 8, 14, 13, 11, 9, 4, 12, 25, 23, 24}
You may want to ignore posterior probabilities and other statistics related to the following branch branch because the effective number of genes impacting it is only 12:
	{16, 2, 19, 17, 10, 15, 7, 22, 21, 18, 6, 8, 14, 13, 11, 9, 4, 12, 25, 23, 24}
You may want to ignore posterior probabilities and other statistics related to the following branch branch because the effective number of genes impacting it is only 5:
	{16, 20, 3, 2, 19, 17, 10, 15, 7, 22, 21, 18, 6, 8, 14, 13, 11, 9, 4, 12, 25, 23, 24}
(5,(1,((20,3)1:2.302585092994046,(6,((2,(19,17)0.99:0.8374293592464497)0.98:0.6517259650090766,((18,(16,(21,((23,24)0.42:0.0,(22,25)0.67:0.2876820724517809)0.33:0.0)0.87:0.6931471805599453)0.52:0.1053605156578264)0.59:0.1455075836712384,((12,(7,(10,15)1:1.967571645836493)1:1.1669676083323814)1:1.6094379124340998,((13,(14,(8,11)0.83:0.4418327522790392)0.46:0.048790164169432056)0.97:0.8007778447523107,(9,4)0.99:1.1509802741854256)0.7:0.3016683144265209)0.99:0.781908339273363)0.97:0.5375689487415015)0.92:0.43870374958389813)1:0.9036220496221268)0.65:0.21622310846963608));
Weight calculation took 0.017325682 secs
ASTRAL finished in 0.473 secs
