
================== ASTRAL ===================== 

This is ASTRAL version 5.6.3
Gene trees are treated as unrooted
220 trees read from g_trees-raxml-sqlen-250-ngen-50.trees.tree
All output trees will be *arbitrarily* rooted at 22

======== Running the main analysis
Number of taxa: 25 (25 species)
Taxa: [22, 21, 16, 20, 3, 5, 17, 19, 1, 2, 10, 15, 7, 18, 6, 8, 11, 13, 14, 9, 4, 23, 24, 25, 12]
Taxon occupancy: {22=183, 23=118, 24=116, 25=117, 10=176, 11=170, 12=165, 13=175, 14=152, 15=158, 16=201, 17=159, 18=159, 19=163, 1=188, 2=173, 3=191, 4=154, 5=194, 6=197, 7=184, 8=149, 9=159, 20=186, 21=144}
Number of gene trees: 220
216 trees have missing taxa
Calculating quartet distance matrix (for completion of X)
Species tree distances calculated ...
Will attempt to complete bipartitions from X before adding using a distance matrix.
Building set of clusters (X) from gene trees 
------------------------------
gradient0: 181
Number of Clusters after addition by distance: 181
calculating extra bipartitions to be added at level 1 ...
Adding to X using resolutions of greedy consensus ...
Limit for sigma of degrees:675
polytomy size limit : 3
discarded polytomies:  []
Threshold 0.0:
Threshold 0.01:
Threshold 0.02:
Threshold 0.05:
Threshold 0.1:
Threshold 0.2:
Threshold 0.3333333333333333:
max k is :0
Number of Clusters after addition by greedy: 181
gradient0 in heuristiic: 181
partitions formed in 0.203 secs
Dynamic Programming starting after 0.203 secs
Using tree-based weight calculation.
Using polytree-based weight calculation.
Polytree max score: 976927
Polytree building time: 0.024 seconds.
Number of quartet trees in the gene trees: 976927
Size of largest cluster: 25
Greedy score: 937499
estimationFactor: 1.0420565781936835
Sub-optimal score: 937499
Total Number of elements weighted: 163
Normalized score (portion of input quartet trees satisfied before correcting for multiple individuals): 0.9596407919936699
Optimization score: 937499
Optimal tree inferred in 0.307 secs.
(4,(9,((11,(8,(13,14))),((12,(18,(7,(10,15)))),(16,(((22,21),(25,(23,24))),(2,(6,((1,(17,19)),(5,(20,3)))))))))));
Final quartet score is: 937499
Final normalized quartet score is: 0.9596407919936699
(22,(21,((25,(23,24)1:3.688879454113933)1:4.01337549968843,((2,(6,((1,(17,19)1:3.857214768933152)1:2.498151876538019,(5,(20,3)1:4.747826486389606)0.32:0.12874372829274933)1:1.8474723383122869)1:2.2528854244417684)1:4.650780697240144,(16,((12,(18,(7,(10,15)1:4.514515817719961)1:2.0045402335067184)1:0.29511705093929896)1:1.6923255722398693,((11,(8,(13,14)1:2.8754461076794877)1:0.9422144168839467)1:4.529008825022534,(9,4)1:2.3389527371649206)1:2.093234863812172)1:1.9104210303924158)1:0.3609960455249457)1:4.578141513600168)1:4.199705077879926));
Weight calculation took 0.037727232 secs
ASTRAL finished in 0.625 secs
