
================== ASTRAL ===================== 

This is ASTRAL version 5.6.3
Gene trees are treated as unrooted
158 trees read from g_trees-raxml-sqlen-0-ngen-50.trees.tree
All output trees will be *arbitrarily* rooted at 15

======== Running the main analysis
Number of taxa: 25 (25 species)
Taxa: [15, 10, 7, 18, 16, 5, 1, 17, 19, 3, 20, 2, 22, 21, 6, 4, 9, 8, 13, 14, 11, 23, 24, 25, 12]
Taxon occupancy: {22=120, 23=101, 24=108, 25=96, 10=140, 11=126, 12=101, 13=133, 14=128, 15=134, 16=133, 17=114, 18=100, 19=114, 1=111, 2=104, 3=111, 4=90, 5=110, 6=114, 7=129, 8=129, 9=100, 20=107, 21=93}
Number of gene trees: 158
150 trees have missing taxa
Calculating quartet distance matrix (for completion of X)
Species tree distances calculated ...
Will attempt to complete bipartitions from X before adding using a distance matrix.
Building set of clusters (X) from gene trees 
------------------------------
gradient0: 103
Number of Clusters after addition by distance: 103
calculating extra bipartitions to be added at level 1 ...
Adding to X using resolutions of greedy consensus ...
Limit for sigma of degrees:675
polytomy size limit : 3
discarded polytomies:  []
Threshold 0.0:
Threshold 0.01:
Threshold 0.02:
Threshold 0.05:
Threshold 0.1:
Threshold 0.2:
Threshold 0.3333333333333333:
max k is :0
Number of Clusters after addition by greedy: 103
gradient0 in heuristiic: 103
partitions formed in 0.177 secs
Dynamic Programming starting after 0.177 secs
Using tree-based weight calculation.
Using polytree-based weight calculation.
Polytree max score: 640850
Polytree building time: 0.018 seconds.
Number of quartet trees in the gene trees: 640850
Size of largest cluster: 25
Greedy score: 636658
estimationFactor: 1.0065843828240595
Sub-optimal score: 636658
Total Number of elements weighted: 87
Normalized score (portion of input quartet trees satisfied before correcting for multiple individuals): 0.9934586876804244
Optimization score: 636658
Optimal tree inferred in 0.258 secs.
(11,((8,(13,14)),((4,9),((18,(12,(7,(15,10)))),(16,(((22,21),(25,(23,24))),(2,(6,(5,((3,20),(1,(17,19))))))))))));
Final quartet score is: 636658
Final normalized quartet score is: 0.9934586876804244
(15,(10,(7,(12,(18,((16,(((22,21)1:3.5835189384561117,(25,(23,24)1:3.938340313745519)1:4.025351690735153)1:3.9120230054281477,(2,(6,(5,((3,20)1:4.276666119016051,(1,(17,19)1:4.238925791033211)1:4.248495242049363)1:4.209655408733094)1:4.229263880121472)1:4.137829674161844)1:4.10539439840869)1:2.6236996739609384)1:2.804337420554363,((4,9)1:4.060443010546421,((8,(13,14)1:4.313033763186934)1:4.229263880121472,11)1:4.116323468940871)1:2.212972934304359)1:4.169245870395222)1:3.768922161787476)1:3.9120230054281477)1:4.313033763186934));
Weight calculation took 0.020867177 secs
ASTRAL finished in 1.97 secs
