
================== ASTRAL ===================== 

This is ASTRAL version 5.6.3
Gene trees are treated as unrooted
87 trees read from g_trees-raxml-sqlen-100-ngen-25.trees.tree
All output trees will be *arbitrarily* rooted at 19

======== Running the main analysis
Number of taxa: 25 (25 species)
Taxa: [19, 17, 1, 5, 21, 22, 2, 16, 3, 20, 7, 15, 10, 18, 24, 23, 25, 6, 12, 9, 4, 11, 13, 14, 8]
Taxon occupancy: {22=67, 23=50, 24=50, 25=45, 10=35, 11=76, 12=66, 13=75, 14=77, 15=35, 16=87, 17=63, 18=68, 19=68, 1=60, 2=45, 3=59, 4=71, 5=75, 6=80, 7=59, 8=78, 9=76, 20=59, 21=6}
Number of gene trees: 87
87 trees have missing taxa
Calculating quartet distance matrix (for completion of X)
Species tree distances calculated ...
Will attempt to complete bipartitions from X before adding using a distance matrix.
Building set of clusters (X) from gene trees 
------------------------------
gradient0: 211
Number of Clusters after addition by distance: 211
calculating extra bipartitions to be added at level 1 ...
Adding to X using resolutions of greedy consensus ...
Limit for sigma of degrees:675
polytomy size limit : 3
discarded polytomies:  []
Threshold 0.0:
Threshold 0.01:
Threshold 0.02:
Threshold 0.05:
Threshold 0.1:
Threshold 0.2:
Threshold 0.3333333333333333:
max k is :0
Number of Clusters after addition by greedy: 211
gradient0 in heuristiic: 211
partitions formed in 0.163 secs
Dynamic Programming starting after 0.163 secs
Using tree-based weight calculation.
Using polytree-based weight calculation.
Polytree max score: 281183
Polytree building time: 0.015 seconds.
Number of quartet trees in the gene trees: 281183
Size of largest cluster: 25
Greedy score: 250467
estimationFactor: 1.122634917973226
Sub-optimal score: 250467
Total Number of elements weighted: 207
Normalized score (portion of input quartet trees satisfied before correcting for multiple individuals): 0.8910104807189624
Optimization score: 250537
Optimal tree inferred in 0.248 secs.
(4,(9,((18,(12,(7,(15,10)))),(11,(13,(14,(8,(16,(((21,22),(23,(24,25))),(2,(6,(5,((3,20),(1,(19,17)))))))))))))));
Final quartet score is: 250537
Final normalized quartet score is: 0.8910104807189624
You may want to ignore posterior probabilities and other statistics related to the following branch branch because the effective number of genes impacting it is only 3:
	{21, 22}
You may want to ignore posterior probabilities and other statistics related to the following branch branch because the effective number of genes impacting it is only 18:
	{7, 15, 10}
(19,(17,(1,((3,20)1:3.440418094815435,(5,(6,(2,(((21,22)0.95:0.9808292530117262,(23,(24,25)0.49:0.21357410029805904)1:2.8134107167600355)1:3.799227511282799,(16,(8,(14,(13,(11,((18,(12,(7,(15,10)1:3.1780538303479453)1:1.440361582390166)1:1.9095425048844386)1:3.688879454113933,(9,4)1:3.8712010109078947)1:1.0319154618901176)1:0.8531529960007801)1:0.6016034835510974)1:0.7138007337006282)1:2.3884463836004413)1:0.5387506494714611)1:1.3862943611198901)1:1.6486586255873819)1:1.7771415586660624)0.86:0.15320415822322736)1:2.189927705581913)1:3.4231762883809314));
Weight calculation took 0.028433341 secs
ASTRAL finished in 1.286 secs
