
================== ASTRAL ===================== 

This is ASTRAL version 5.6.3
Gene trees are treated as unrooted
72 trees read from g_trees-raxml-sqlen-250-ngen-25.trees.tree
All output trees will be *arbitrarily* rooted at 22

======== Running the main analysis
Number of taxa: 25 (25 species)
Taxa: [22, 21, 16, 20, 3, 5, 17, 19, 1, 2, 10, 15, 7, 18, 6, 8, 11, 13, 14, 9, 4, 23, 24, 25, 12]
Taxon occupancy: {22=56, 23=42, 24=42, 25=44, 10=37, 11=59, 12=47, 13=59, 14=61, 15=37, 16=72, 17=53, 18=49, 19=57, 1=45, 2=39, 3=48, 4=49, 5=56, 6=58, 7=65, 8=61, 9=57, 20=48, 21=14}
Number of gene trees: 72
72 trees have missing taxa
Calculating quartet distance matrix (for completion of X)
Species tree distances calculated ...
Will attempt to complete bipartitions from X before adding using a distance matrix.
Building set of clusters (X) from gene trees 
------------------------------
gradient0: 143
Number of Clusters after addition by distance: 143
calculating extra bipartitions to be added at level 1 ...
Adding to X using resolutions of greedy consensus ...
Limit for sigma of degrees:675
polytomy size limit : 3
discarded polytomies:  []
Threshold 0.0:
Threshold 0.01:
Threshold 0.02:
Threshold 0.05:
Threshold 0.1:
Threshold 0.2:
Threshold 0.3333333333333333:
max k is :0
Number of Clusters after addition by greedy: 143
gradient0 in heuristiic: 143
partitions formed in 0.129 secs
Dynamic Programming starting after 0.129 secs
Using tree-based weight calculation.
Using polytree-based weight calculation.
Polytree max score: 233350
Polytree building time: 0.018 seconds.
Number of quartet trees in the gene trees: 233350
Size of largest cluster: 25
Greedy score: 216040
estimationFactor: 1.0801240511016479
Sub-optimal score: 223019
Total Number of elements weighted: 128
Normalized score (portion of input quartet trees satisfied before correcting for multiple individuals): 0.9557274480394258
Optimization score: 223019
Optimal tree inferred in 0.21 secs.
(4,(9,((11,(8,(13,14))),(((18,12),(7,(10,15))),(16,(((22,21),(25,(23,24))),(2,(6,((1,(17,19)),(5,(20,3)))))))))));
Final quartet score is: 223019
Final normalized quartet score is: 0.9557274480394258
You may want to ignore posterior probabilities and other statistics related to the following branch branch because the effective number of genes impacting it is only 6:
	{16, 20, 3, 5, 17, 19, 1, 2, 10, 15, 7, 18, 6, 8, 11, 13, 14, 9, 4, 23, 24, 25, 12}
(22,(21,((25,(23,24)1:2.8134107167600355)1:3.0285220963769826,((2,(6,((1,(17,19)1:3.3081069585961425)1:3.401197381662154,(5,(20,3)1:3.3557350075853964)1:0.39086630868701183)1:1.5279448781829168)1:2.8526314299133184)1:3.120895416507997,(16,(((18,12)1:3.0285220963769826,(7,(10,15)1:3.205452804536062)1:0.8075575317376896)1:3.7534179752515073,((11,(8,(13,14)1:3.688879454113933)1:0.8823891801984737)1:3.5457786104732607,(9,4)1:3.506557897319981)1:1.4577533251020358)1:1.496876820758869)1:0.3620002390361247)1:3.444682493601893)1:1.5404450409471486));
Weight calculation took 0.034038261 secs
ASTRAL finished in 0.312 secs
