
================== ASTRAL ===================== 

This is ASTRAL version 5.6.3
Gene trees are treated as unrooted
80 trees read from g_trees-raxml-sqlen-25-ngen-50.trees.tree
All output trees will be *arbitrarily* rooted at 5

======== Running the main analysis
Number of taxa: 25 (25 species)
Taxa: [5, 16, 1, 20, 3, 2, 19, 17, 10, 15, 7, 22, 21, 18, 6, 8, 14, 13, 11, 9, 4, 12, 25, 23, 24]
Taxon occupancy: {22=49, 23=38, 24=42, 25=49, 10=67, 11=48, 12=31, 13=54, 14=48, 15=68, 16=35, 17=52, 18=64, 19=47, 1=53, 2=51, 3=53, 4=47, 5=49, 6=49, 7=63, 8=39, 9=43, 20=51, 21=56}
Number of gene trees: 80
80 trees have missing taxa
Calculating quartet distance matrix (for completion of X)
Species tree distances calculated ...
Will attempt to complete bipartitions from X before adding using a distance matrix.
Building set of clusters (X) from gene trees 
------------------------------
gradient0: 459
Number of Clusters after addition by distance: 459
calculating extra bipartitions to be added at level 1 ...
Adding to X using resolutions of greedy consensus ...
Limit for sigma of degrees:675
polytomy size limit : 3
discarded polytomies:  []
Threshold 0.0:
Threshold 0.01:
Threshold 0.02:
Threshold 0.05:
Threshold 0.1:
Threshold 0.2:
Threshold 0.3333333333333333:
max k is :0
Number of Clusters after addition by greedy: 459
gradient0 in heuristiic: 459
partitions formed in 0.194 secs
Dynamic Programming starting after 0.194 secs
Using tree-based weight calculation.
Using polytree-based weight calculation.
Polytree max score: 156821
Polytree building time: 0.017 seconds.
Number of quartet trees in the gene trees: 156821
Size of largest cluster: 25
Greedy score: 136406
estimationFactor: 1.1496635045379235
Sub-optimal score: 136406
Total Number of elements weighted: 681
Normalized score (portion of input quartet trees satisfied before correcting for multiple individuals): 0.8742387817958054
Optimization score: 137099
Optimal tree inferred in 0.337 secs.
(3,(20,(5,(2,(6,(1,(19,(17,((22,21),(((16,24),(25,23)),(18,((12,(7,(10,15))),((9,4),(8,(14,(13,11))))))))))))))));
Final quartet score is: 137099
Final normalized quartet score is: 0.8742387817958054
You may want to ignore posterior probabilities and other statistics related to the following branch branch because the effective number of genes impacting it is only 17:
	{10, 15, 7}
(5,((2,(6,(1,(19,(17,((22,21)1:2.4054424784337534,(((16,24)1:1.252762968495368,(25,23)1:1.0252810155825602)1:1.076139432816051,(18,((12,(7,(10,15)1:3.353866006956385)0.97:0.4954225757788227)0.99:0.44961222178448973,((9,4)1:1.4620134459427623,(8,(14,(13,11)1:0.5562677403702722)1:0.5849335959197125)1:2.4803089405393695)1:0.6482075157373006)1:1.036020038646738)1:1.167434525399586)1:0.9398416407368689)1:1.751059271446511)0.96:0.3217345340904835)1:0.7402494177655923)1:0.44371807765584104)1:0.5958763004694405)1:1.151079841918716,(20,3)1:3.0516127319484445));
Weight calculation took 0.086731725 secs
ASTRAL finished in 0.453 secs
