
================== ASTRAL ===================== 

This is ASTRAL version 5.6.3
Gene trees are treated as unrooted
62 trees read from g_trees-raxml-sqlen-0-ngen-25.trees.tree
All output trees will be *arbitrarily* rooted at 15

======== Running the main analysis
Number of taxa: 25 (25 species)
Taxa: [15, 10, 7, 18, 16, 5, 1, 17, 19, 3, 20, 2, 22, 21, 6, 4, 9, 8, 13, 14, 11, 23, 24, 25, 12]
Taxon occupancy: {22=44, 23=47, 24=47, 25=46, 10=49, 11=52, 12=30, 13=54, 14=56, 15=49, 16=62, 17=33, 18=46, 19=33, 1=26, 2=25, 3=32, 4=41, 5=32, 6=31, 7=58, 8=46, 9=48, 20=32, 21=11}
Number of gene trees: 62
62 trees have missing taxa
Calculating quartet distance matrix (for completion of X)
Species tree distances calculated ...
Will attempt to complete bipartitions from X before adding using a distance matrix.
Building set of clusters (X) from gene trees 
------------------------------
gradient0: 109
Number of Clusters after addition by distance: 109
calculating extra bipartitions to be added at level 1 ...
Adding to X using resolutions of greedy consensus ...
Limit for sigma of degrees:675
polytomy size limit : 3
discarded polytomies:  []
Threshold 0.0:
Threshold 0.01:
Threshold 0.02:
Threshold 0.05:
Threshold 0.1:
Threshold 0.2:
Threshold 0.3333333333333333:
max k is :0
Number of Clusters after addition by greedy: 109
gradient0 in heuristiic: 109
partitions formed in 0.132 secs
Dynamic Programming starting after 0.132 secs
Using tree-based weight calculation.
Using polytree-based weight calculation.
Polytree max score: 178884
Polytree building time: 0.013 seconds.
Number of quartet trees in the gene trees: 178884
Size of largest cluster: 25
Greedy score: 174692
estimationFactor: 1.023996519588762
Sub-optimal score: 174692
Total Number of elements weighted: 93
Normalized score (portion of input quartet trees satisfied before correcting for multiple individuals): 0.9765658191900897
Optimization score: 174692
Optimal tree inferred in 0.198 secs.
(11,((8,(13,14)),((4,9),((18,(12,(7,(15,10)))),(16,(((22,21),(25,(23,24))),(2,(6,(5,((3,20),(1,(17,19))))))))))));
Final quartet score is: 174692
Final normalized quartet score is: 0.9765658191900897
You may want to ignore posterior probabilities and other statistics related to the following branch branch because the effective number of genes impacting it is only 3:
	{22, 21}
You may want to ignore posterior probabilities and other statistics related to the following branch branch because the effective number of genes impacting it is only 18:
	{5, 1, 17, 19, 3, 20, 6}
You may want to ignore posterior probabilities and other statistics related to the following branch branch because the effective number of genes impacting it is only 19:
	{5, 1, 17, 19, 3, 20, 2, 6}
You may want to ignore posterior probabilities and other statistics related to the following branch branch because the effective number of genes impacting it is only 17:
	{18, 16, 5, 1, 17, 19, 3, 20, 2, 22, 21, 6, 4, 9, 8, 13, 14, 11, 23, 24, 25}
(15,(10,(7,(12,(18,((16,(((22,21)0.95:0.9808292530117262,(25,(23,24)1:3.205452804536062)1:3.2580965380214812)1:2.6390573296152575,(2,(6,(5,((3,20)1:3.091042453358317,(1,(17,19)1:2.890371757896163)1:2.8526314299133184)1:3.0285220963769826)1:3.0285220963769826)1:2.538973871058275)1:2.590267165445826)1:1.565092719906527)1:1.9953584244692955,((4,9)1:3.332204510175203,((8,(13,14)1:3.401197381662154)1:3.401197381662154,11)1:3.401197381662154)1:1.5404450409471486)1:3.3787245258100977)1:2.484906649788)1:2.6855773452501523)1:3.486355190002461));
Weight calculation took 0.01674164 secs
ASTRAL finished in 0.585 secs
