
================== ASTRAL ===================== 

This is ASTRAL version 5.6.3
Gene trees are treated as unrooted
50 trees read from g_trees-raxml-sqlen-0-ngen-50-s2g.trees
All output trees will be *arbitrarily* rooted at 14

======== Running the main analysis
Number of taxa: 142 (25 species)
Taxa: {22=[22_6, 22_5, 22_4, 22_3, 22_2, 22_1], 23=[23_4, 23_3, 23_2, 23_1], 24=[24_4, 24_3, 24_2, 24_1, 24_5], 25=[25_3, 25_2, 25_1, 25_7, 25_6, 25_5, 25_4], 10=[10_5, 10_4, 10_3, 10_2, 10_1], 11=[11_6, 11_5, 11_4, 11_3, 11_2, 11_1], 12=[12_5, 12_4, 12_3, 12_2, 12_1, 12_7, 12_6], 13=[13_3, 13_2, 13_1], 14=[14_3, 14_2, 14_1, 14_6, 14_5, 14_4], 15=[15_2, 15_1, 15_5, 15_4, 15_3], 16=[16_1, 16_4, 16_3, 16_2], 17=[17_3, 17_2, 17_1], 18=[18_6, 18_5, 18_4, 18_3, 18_2, 18_1], 19=[19_5, 19_4, 19_3, 19_2, 19_1], 1=[1_1, 1_2, 1_3, 1_4, 1_5, 1_6, 1_7, 1_8], 2=[2_1, 2_2, 2_3, 2_4, 2_5, 2_6, 2_7], 3=[3_1, 3_2, 3_3, 3_4, 3_5, 3_6], 4=[4_1, 4_2, 4_3, 4_4, 4_5, 4_6], 5=[5_1, 5_2, 5_3, 5_4, 5_5], 6=[6_1, 6_2, 6_3, 6_4, 6_5, 6_6, 6_7], 7=[7_1, 7_2, 7_3, 7_4, 7_5, 7_6], 8=[8_1, 8_2, 8_3, 8_4, 8_5, 8_6], 9=[9_1, 9_2, 9_3, 9_4, 9_5, 9_6], 20=[20_5, 20_4, 20_3, 20_2, 20_1], 21=[21_7, 21_6, 21_5, 21_4, 21_3, 21_2, 21_1, 21_8]}
Taxon occupancy: {14_3=6, 14_2=17, 14_1=32, 10_5=1, 10_4=1, 10_3=6, 10_2=10, 10_1=27, 18_6=2, 18_5=2, 18_4=3, 18_3=6, 18_2=18, 14_6=1, 18_1=32, 14_5=2, 14_4=3, 25_3=10, 21_7=1, 25_2=18, 21_6=2, 25_1=30, 21_5=2, 21_4=6, 21_3=7, 3_1=28, 21_2=15, 21_1=31, 3_2=15, 3_3=8, 3_4=4, 7_1=31, 3_5=3, 7_2=14, 3_6=2, 7_3=9, 7_4=6, 25_7=1, 7_5=2, 25_6=1, 25_5=3, 7_6=1, 25_4=5, 21_8=1, 13_3=1, 13_2=11, 13_1=29, 17_3=8, 17_2=15, 17_1=29, 24_4=3, 24_3=6, 24_2=15, 24_1=29, 20_5=1, 2_1=26, 20_4=3, 20_3=7, 2_2=12, 20_2=14, 2_3=9, 20_1=33, 2_4=6, 6_1=39, 2_5=5, 6_2=19, 2_6=3, 6_3=10, 2_7=2, 6_4=9, 6_5=6, 6_6=3, 6_7=1, 24_5=1, 16_1=32, 12_5=2, 12_4=5, 12_3=10, 12_2=19, 12_1=34, 16_4=3, 16_3=10, 12_7=1, 16_2=19, 12_6=2, 23_4=1, 23_3=10, 23_2=17, 1_1=26, 23_1=31, 1_2=11, 1_3=9, 1_4=6, 5_1=30, 1_5=5, 5_2=10, 1_6=4, 5_3=4, 1_7=2, 5_4=1, 1_8=1, 9_1=31, 5_5=1, 9_2=15, 9_3=7, 9_4=7, 9_5=3, 9_6=2, 15_2=15, 11_6=2, 15_1=31, 11_5=3, 11_4=7, 11_3=7, 11_2=15, 11_1=31, 19_5=2, 19_4=4, 19_3=7, 19_2=16, 19_1=32, 15_5=1, 15_4=4, 15_3=7, 22_6=2, 22_5=2, 22_4=5, 22_3=9, 22_2=14, 22_1=28, 4_1=30, 4_2=12, 4_3=10, 4_4=6, 8_1=27, 4_5=3, 8_2=12, 4_6=1, 8_3=4, 8_4=3, 8_5=3, 8_6=1}
Number of gene trees: 50
50 trees have missing taxa
Calculating quartet distance matrix (for completion of X)
Species tree distances calculated ...
Will attempt to complete bipartitions from X before adding using a distance matrix.
Building set of clusters (X) from gene trees 
In second round sampling 4 rounds will be done
------------------------------
gradient0: 267
------------------------------
gradient1: 130
------------------------------
gradient2: 64
------------------------------
gradient3: 26
Number of Clusters after addition by distance: 487
calculating extra bipartitions to be added at level 1 ...
Adding to X using resolutions of greedy consensus ...
Limit for sigma of degrees:675
polytomy size limit : 3
discarded polytomies:  []
Threshold 0.0:
Threshold 0.01:
Threshold 0.02:
Threshold 0.05:
Threshold 0.1:
Threshold 0.2:
Threshold 0.3333333333333333:
max k is :0
Number of Clusters after addition by greedy: 487
gradient0 in heuristiic: 487
calculating extra bipartitions to be added at level 1 ...
Adding to X using resolutions of greedy consensus ...
Limit for sigma of degrees:675
polytomy size limit : 3
discarded polytomies:  [3, 3, 3]
Threshold 0.0:
Threshold 0.01:
Threshold 0.02:
Threshold 0.05:
Threshold 0.1:
Threshold 0.2:
polytomy of size 3; rounds with additions with at least 5 support: 0; clusters: 487
Threshold 0.3333333333333333:
polytomy of size 3; rounds with additions with at least 5 support: 0; clusters: 487
polytomy of size 3; rounds with additions with at least 5 support: 0; clusters: 487
max k is :0
Number of Clusters after addition by greedy: 487
gradient1 in heuristiic: 0
calculating extra bipartitions to be added at level 1 ...
Adding to X using resolutions of greedy consensus ...
Limit for sigma of degrees:675
polytomy size limit : 4
discarded polytomies:  [3, 4]
Threshold 0.0:
Threshold 0.01:
Threshold 0.02:
Threshold 0.05:
Threshold 0.1:
Threshold 0.2:
polytomy of size 3; rounds with additions with at least 5 support: 0; clusters: 487
Threshold 0.3333333333333333:
polytomy of size 4; rounds with additions with at least 5 support: 0; clusters: 487
max k is :0
Number of Clusters after addition by greedy: 487
gradient2 in heuristiic: 0
calculating extra bipartitions to be added at level 1 ...
Adding to X using resolutions of greedy consensus ...
Limit for sigma of degrees:675
polytomy size limit : 3
discarded polytomies:  []
Threshold 0.0:
Threshold 0.01:
Threshold 0.02:
Threshold 0.05:
Threshold 0.1:
Threshold 0.2:
Threshold 0.3333333333333333:
max k is :0
Number of Clusters after addition by greedy: 487
gradient3 in heuristiic: 0
partitions formed in 6.071 secs
Dynamic Programming starting after 6.071 secs
Using tree-based weight calculation.
Using polytree-based weight calculation.
Polytree max score: 4908612
Polytree building time: 0.02 seconds.
Number of quartet trees in the gene trees: 4853130
Size of largest cluster: 142
Greedy score: 2694526
estimationFactor: 1.8216977679933317
Sub-optimal score: 2805545
Total Number of elements weighted: 1070
Normalized score (portion of input quartet trees satisfied before correcting for multiple individuals): 0.590374665422109
Optimization score: 2865165
Optimal tree inferred in 6.244 secs.
(13,(16,(((17,23),(10,5)),(((24,20),(14,18)),(8,((3,(2,1)),((7,4),(12,((19,(15,22)),(6,(25,(21,(9,11)))))))))))));
Final quartet score is: 3222683
Final normalized quartet score is: 0.6640421748438636
You may want to ignore posterior probabilities and other statistics related to the following branch branch because the effective number of genes impacting it is only 7:
	{14}
You may want to ignore posterior probabilities and other statistics related to the following branch branch because the effective number of genes impacting it is only 8:
	{18}
You may want to ignore posterior probabilities and other statistics related to the following branch branch because the effective number of genes impacting it is only 8:
	{24}
You may want to ignore posterior probabilities and other statistics related to the following branch branch because the effective number of genes impacting it is only 7:
	{20}
You may want to ignore posterior probabilities and other statistics related to the following branch branch because the effective number of genes impacting it is only 5:
	{8}
You may want to ignore posterior probabilities and other statistics related to the following branch branch because the effective number of genes impacting it is only 6:
	{3}
You may want to ignore posterior probabilities and other statistics related to the following branch branch because the effective number of genes impacting it is only 7:
	{2}
You may want to ignore posterior probabilities and other statistics related to the following branch branch because the effective number of genes impacting it is only 6:
	{1}
You may want to ignore posterior probabilities and other statistics related to the following branch branch because the effective number of genes impacting it is only 12:
	{3, 2, 1}
You may want to ignore posterior probabilities and other statistics related to the following branch branch because the effective number of genes impacting it is only 7:
	{7}
You may want to ignore posterior probabilities and other statistics related to the following branch branch because the effective number of genes impacting it is only 7:
	{4}
You may want to ignore posterior probabilities and other statistics related to the following branch branch because the effective number of genes impacting it is only 8:
	{12}
You may want to ignore posterior probabilities and other statistics related to the following branch branch because the effective number of genes impacting it is only 9:
	{19}
You may want to ignore posterior probabilities and other statistics related to the following branch branch because the effective number of genes impacting it is only 8:
	{15}
You may want to ignore posterior probabilities and other statistics related to the following branch branch because the effective number of genes impacting it is only 7:
	{22}
You may want to ignore posterior probabilities and other statistics related to the following branch branch because the effective number of genes impacting it is only 9:
	{6}
You may want to ignore posterior probabilities and other statistics related to the following branch branch because the effective number of genes impacting it is only 7:
	{25}
You may want to ignore posterior probabilities and other statistics related to the following branch branch because the effective number of genes impacting it is only 6:
	{21}
You may want to ignore posterior probabilities and other statistics related to the following branch branch because the effective number of genes impacting it is only 8:
	{9}
You may want to ignore posterior probabilities and other statistics related to the following branch branch because the effective number of genes impacting it is only 8:
	{11}
You may want to ignore posterior probabilities and other statistics related to the following branch branch because the effective number of genes impacting it is only 11:
	{25, 21, 7, 6, 12, 9, 11, 15, 19, 22, 4}
You may want to ignore posterior probabilities and other statistics related to the following branch branch because the effective number of genes impacting it is only 13:
	{25, 21, 3, 7, 2, 6, 12, 1, 9, 11, 15, 19, 22, 4}
You may want to ignore posterior probabilities and other statistics related to the following branch branch because the effective number of genes impacting it is only 12:
	{17}
You may want to ignore posterior probabilities and other statistics related to the following branch branch because the effective number of genes impacting it is only 11:
	{23}
You may want to ignore posterior probabilities and other statistics related to the following branch branch because the effective number of genes impacting it is only 5:
	{10}
You may want to ignore posterior probabilities and other statistics related to the following branch branch because the effective number of genes impacting it is only 4:
	{5}
You may want to ignore posterior probabilities and other statistics related to the following branch branch because the effective number of genes impacting it is only 10:
	{16}
You may want to ignore posterior probabilities and other statistics related to the following branch branch because the effective number of genes impacting it is only 7:
	{13}
((14_3,14_2,14_1,14_6,14_5,14_4)0.11:0.0,((18_6,18_5,18_4,18_3,18_2,18_1)0.12:0.0,(((24_4,24_3,24_2,24_1,24_5)0.2:0.0,(20_5,20_4,20_3,20_2,20_1)0.22:0.0)1:0.7342666611631875,(((8_1,8_2,8_3,8_4,8_5,8_6)0.81:0.3824185287750788,(((3_1,3_2,3_3,3_4,3_5,3_6)0.33:0.0,((2_1,2_2,2_3,2_4,2_5,2_6,2_7)0.16:0.0,(1_1,1_2,1_3,1_4,1_5,1_6,1_7,1_8)0.18:0.0)1:0.9831009798303391)1:2.159484249353373,(((7_1,7_2,7_3,7_4,7_5,7_6)0.16:0.0,(4_1,4_2,4_3,4_4,4_5,4_6)0.16:0.0)1:1.225530387294902,((12_5,12_4,12_3,12_2,12_1,12_7,12_6)0.59:0.1401687728716849,(((19_5,19_4,19_3,19_2,19_1)0.16:0.0,((15_2,15_1,15_5,15_4,15_3)0.16:0.0,(22_6,22_5,22_4,22_3,22_2,22_1)0.15:0.0)1:0.7932653694013632)1:1.153409661823045,((6_1,6_2,6_3,6_4,6_5,6_6,6_7)0.43:0.02095042890644773,((25_3,25_2,25_1,25_7,25_6,25_5,25_4)0.44:0.027571798057118593,((21_7,21_6,21_5,21_4,21_3,21_2,21_1,21_8)0.19:0.0,((9_1,9_2,9_3,9_4,9_5,9_6)0.12:0.0,(11_6,11_5,11_4,11_3,11_2,11_1)0.12:0.0)1:0.8458712568207514)1:0.8076644262689593)1:0.693806844902184)1:0.9013988948324166)1:0.8526551079326588)1:0.7040610592474935)1:1.6539757668650015)1:2.2335922215070947)1:1.0461367224249416,((((17_3,17_2,17_1)0.06:0.0,(23_4,23_3,23_2,23_1)0.15:0.0)1:1.2289267745345762,((10_5,10_4,10_3,10_2,10_1)0.54:0.10715423811185329,(5_1,5_2,5_3,5_4,5_5)0.28:0.0)1:0.9874963614396622)1:1.031238010347237,((16_1,16_4,16_3,16_2)0.78:0.26662866325394846,(13_3,13_2,13_1)0.85:0.3958956570920136)1:0.9905380671386876)1:1.237376750138784)1:1.558723968987128)1:1.0737899023567348));
Weight calculation took 0.155448231 secs
ASTRAL finished in 6.42 secs
