
================== ASTRAL ===================== 

This is ASTRAL version 5.6.3
Gene trees are treated as unrooted
500 trees read from g_trees-raxml-sqlen-25-ngen-500-s2g.trees
All output trees will be *arbitrarily* rooted at 10

======== Running the main analysis
Number of taxa: 214 (25 species)
Taxa: {22=[22_6, 22_5, 22_4, 22_3, 22_2, 22_1, 22_9, 22_8, 22_7], 23=[23_5, 23_4, 23_3, 23_2, 23_1, 23_8, 23_7, 23_6], 24=[24_4, 24_3, 24_2, 24_1, 24_8, 24_7, 24_6, 24_5], 25=[25_3, 25_2, 25_1, 25_8, 25_7, 25_6, 25_5, 25_4], 10=[10_7, 10_6, 10_5, 10_4, 10_3, 10_2, 10_1, 10_8], 11=[11_6, 11_5, 11_4, 11_3, 11_2, 11_1, 11_9, 11_8, 11_7], 12=[12_5, 12_4, 12_3, 12_2, 12_1, 12_9, 12_8, 12_7, 12_6], 13=[13_4, 13_3, 13_2, 13_1, 13_9, 13_8, 13_7, 13_6, 13_5], 14=[14_3, 14_2, 14_1, 14_9, 14_8, 14_7, 14_6, 14_5, 14_4], 15=[15_2, 15_1, 15_8, 15_7, 15_6, 15_5, 15_4, 15_3], 16=[16_1, 16_9, 16_8, 16_7, 16_6, 16_5, 16_4, 16_3, 16_2], 17=[17_7, 17_6, 17_5, 17_4, 17_3, 17_2, 17_1], 18=[18_7, 18_6, 18_5, 18_4, 18_3, 18_2, 18_1, 18_9, 18_8], 19=[19_6, 19_5, 19_4, 19_3, 19_2, 19_1, 19_8, 19_7], 1=[1_10, 1_1, 1_2, 1_3, 1_4, 1_5, 1_6, 1_7, 1_8, 1_9], 2=[2_1, 2_2, 2_3, 2_4, 2_5, 2_6, 2_7, 2_8, 2_9], 3=[3_1, 3_2, 3_3, 3_4, 3_5, 3_6, 3_7, 3_8], 4=[4_11, 4_10, 4_1, 4_2, 4_3, 4_4, 4_5, 4_6, 4_7, 4_8, 4_9], 5=[5_1, 5_2, 5_3, 5_4, 5_5, 5_6, 5_7], 6=[6_1, 6_2, 6_3, 6_4, 6_5, 6_6, 6_7], 7=[7_1, 7_2, 7_3, 7_4, 7_5, 7_6, 7_7, 7_8, 7_9, 7_11, 7_10], 8=[8_1, 8_2, 8_3, 8_4, 8_5, 8_6, 8_7], 9=[9_1, 9_2, 9_3, 9_4, 9_5, 9_6, 9_7, 9_8, 9_9], 20=[20_8, 20_7, 20_6, 20_5, 20_4, 20_3, 20_2, 20_1, 20_9], 21=[21_7, 21_6, 21_5, 21_4, 21_3, 21_2, 21_1, 21_8]}
Taxon occupancy: {10_7=3, 10_6=7, 10_5=12, 10_4=26, 10_3=66, 10_2=143, 10_1=309, 18_7=2, 18_6=10, 18_5=18, 18_4=34, 18_3=64, 18_2=142, 18_1=306, 10_8=1, 4_11=1, 4_10=1, 21_7=5, 21_6=10, 21_5=26, 21_4=49, 21_3=91, 21_2=168, 21_1=315, 7_1=318, 7_2=156, 7_3=82, 7_4=41, 7_5=19, 7_6=13, 21_8=4, 7_7=6, 7_8=4, 7_9=1, 18_9=2, 18_8=2, 17_7=1, 17_6=5, 17_5=14, 17_4=29, 17_3=66, 17_2=137, 17_1=302, 20_8=1, 20_7=5, 20_6=7, 20_5=14, 20_4=33, 20_3=66, 20_2=138, 20_1=300, 6_1=322, 6_2=169, 6_3=96, 6_4=52, 6_5=27, 6_6=11, 6_7=5, 20_9=1, 16_1=304, 16_9=2, 16_8=2, 16_7=3, 16_6=6, 16_5=12, 16_4=32, 16_3=73, 16_2=150, 5_1=307, 5_2=126, 5_3=58, 5_4=31, 5_5=13, 5_6=5, 5_7=1, 15_2=157, 15_1=318, 15_8=1, 15_7=2, 15_6=8, 15_5=19, 15_4=39, 15_3=75, 4_1=315, 4_2=151, 4_3=77, 4_4=40, 4_5=21, 4_6=12, 4_7=3, 4_8=3, 4_9=1, 1_10=1, 14_3=64, 14_2=140, 14_1=308, 14_9=1, 14_8=2, 14_7=2, 14_6=10, 14_5=19, 14_4=34, 25_3=92, 25_2=179, 25_1=325, 3_1=272, 3_2=122, 3_3=52, 3_4=24, 3_5=10, 3_6=6, 25_8=1, 3_7=3, 25_7=4, 3_8=2, 25_6=9, 25_5=20, 25_4=43, 7_11=1, 7_10=1, 13_4=30, 13_3=60, 13_2=148, 13_1=307, 13_9=1, 13_8=1, 13_7=2, 13_6=5, 13_5=13, 24_4=34, 24_3=63, 24_2=138, 24_1=295, 2_1=275, 2_2=128, 2_3=55, 2_4=33, 2_5=19, 2_6=10, 2_7=6, 2_8=2, 2_9=1, 24_8=2, 24_7=4, 24_6=5, 24_5=16, 12_5=18, 12_4=40, 12_3=82, 12_2=160, 12_1=322, 12_9=1, 12_8=2, 12_7=3, 12_6=8, 23_5=14, 23_4=35, 23_3=69, 23_2=138, 1_1=274, 23_1=309, 1_2=128, 1_3=54, 1_4=31, 1_5=20, 1_6=10, 1_7=6, 1_8=3, 9_1=321, 1_9=1, 9_2=164, 9_3=89, 23_8=1, 9_4=44, 23_7=1, 9_5=20, 23_6=3, 9_6=13, 9_7=6, 9_8=2, 9_9=1, 11_6=11, 11_5=21, 11_4=45, 11_3=90, 11_2=169, 11_1=319, 19_6=5, 19_5=22, 19_4=41, 19_3=77, 19_2=159, 19_1=323, 11_9=1, 11_8=2, 11_7=6, 22_6=11, 22_5=19, 22_4=42, 22_3=73, 22_2=155, 22_1=316, 8_1=294, 8_2=125, 8_3=59, 8_4=30, 22_9=1, 8_5=13, 22_8=1, 8_6=5, 22_7=3, 8_7=1, 19_8=1, 19_7=2}
Number of gene trees: 500
500 trees have missing taxa
Calculating quartet distance matrix (for completion of X)
Species tree distances calculated ...
Will attempt to complete bipartitions from X before adding using a distance matrix.
Building set of clusters (X) from gene trees 
In second round sampling 5 rounds will be done
------------------------------
gradient0: 2931
------------------------------
gradient1: 2042
------------------------------
gradient2: 2414
------------------------------
gradient3: 1312
------------------------------
gradient4: 2562
Number of Clusters after addition by distance: 11261
calculating extra bipartitions to be added at level 1 ...
Adding to X using resolutions of greedy consensus ...
Limit for sigma of degrees:675
polytomy size limit : 8
discarded polytomies:  [4, 4, 4, 5, 7, 7, 8]
Threshold 0.0:
polytomy of size 4; rounds with additions with at least 5 support: 0; clusters: 11265
Threshold 0.01:
polytomy of size 4; rounds with additions with at least 5 support: 0; clusters: 11265
Threshold 0.02:
polytomy of size 4; rounds with additions with at least 5 support: 0; clusters: 11265
Threshold 0.05:
polytomy of size 5; rounds with additions with at least 5 support: 0; clusters: 11265
Threshold 0.1:
polytomy of size 7; rounds with additions with at least 5 support: 0; clusters: 11265
Threshold 0.2:
polytomy of size 7; rounds with additions with at least 5 support: 0; clusters: 11265
Threshold 0.3333333333333333:
polytomy of size 8; rounds with additions with at least 5 support: 0; clusters: 11265
max k is :0
Number of Clusters after addition by greedy: 11265
gradient0 in heuristiic: 11265
calculating extra bipartitions to be added at level 1 ...
Adding to X using resolutions of greedy consensus ...
Limit for sigma of degrees:675
polytomy size limit : 9
discarded polytomies:  [5, 6, 6, 7, 7, 9]
Threshold 0.0:
Threshold 0.01:
polytomy of size 5; rounds with additions with at least 5 support: 1; clusters: 11279
Threshold 0.02:
polytomy of size 6; rounds with additions with at least 5 support: 1; clusters: 11303
Threshold 0.05:
polytomy of size 6; rounds with additions with at least 5 support: 0; clusters: 11303
Threshold 0.1:
polytomy of size 7; rounds with additions with at least 5 support: 0; clusters: 11303
Threshold 0.2:
polytomy of size 7; rounds with additions with at least 5 support: 0; clusters: 11303
Threshold 0.3333333333333333:
polytomy of size 9; rounds with additions with at least 5 support: 0; clusters: 11303
max k is :2
Number of Clusters after addition by greedy: 11303
gradient1 in heuristiic: 38
calculating extra bipartitions to be added at level 1 ...
Adding to X using resolutions of greedy consensus ...
Limit for sigma of degrees:675
polytomy size limit : 9
discarded polytomies:  [4, 4, 5, 5, 5, 5, 9]
Threshold 0.0:
polytomy of size 4; rounds with additions with at least 5 support: 0; clusters: 11307
Threshold 0.01:
polytomy of size 4; rounds with additions with at least 5 support: 0; clusters: 11307
Threshold 0.02:
polytomy of size 5; rounds with additions with at least 5 support: 0; clusters: 11311
Threshold 0.05:
polytomy of size 5; rounds with additions with at least 5 support: 0; clusters: 11311
Threshold 0.1:
polytomy of size 5; rounds with additions with at least 5 support: 0; clusters: 11311
Threshold 0.2:
polytomy of size 5; rounds with additions with at least 5 support: 0; clusters: 11311
Threshold 0.3333333333333333:
polytomy of size 9; rounds with additions with at least 5 support: 0; clusters: 11311
max k is :0
Number of Clusters after addition by greedy: 11311
gradient2 in heuristiic: 8
calculating extra bipartitions to be added at level 1 ...
Adding to X using resolutions of greedy consensus ...
Limit for sigma of degrees:675
polytomy size limit : 8
discarded polytomies:  [3, 4, 5, 5, 6, 6, 8]
Threshold 0.0:
polytomy of size 3; rounds with additions with at least 5 support: 0; clusters: 11311
Threshold 0.01:
polytomy of size 4; rounds with additions with at least 5 support: 1; clusters: 11313
Threshold 0.02:
polytomy of size 5; rounds with additions with at least 5 support: 0; clusters: 11315
Threshold 0.05:
polytomy of size 5; rounds with additions with at least 5 support: 0; clusters: 11315
Threshold 0.1:
polytomy of size 6; rounds with additions with at least 5 support: 0; clusters: 11315
Threshold 0.2:
polytomy of size 6; rounds with additions with at least 5 support: 0; clusters: 11317
Threshold 0.3333333333333333:
polytomy of size 8; rounds with additions with at least 5 support: 0; clusters: 11317
max k is :2
Number of Clusters after addition by greedy: 11317
gradient3 in heuristiic: 6
calculating extra bipartitions to be added at level 1 ...
Adding to X using resolutions of greedy consensus ...
Limit for sigma of degrees:675
polytomy size limit : 10
discarded polytomies:  [5, 6, 7, 7, 7, 9, 10]
Threshold 0.0:
polytomy of size 5; rounds with additions with at least 5 support: 3; clusters: 11335
Threshold 0.01:
polytomy of size 6; rounds with additions with at least 5 support: 1; clusters: 11369
Threshold 0.02:
polytomy of size 7; rounds with additions with at least 5 support: 1; clusters: 11403
Threshold 0.05:
polytomy of size 7; rounds with additions with at least 5 support: 0; clusters: 11407
Threshold 0.1:
polytomy of size 7; rounds with additions with at least 5 support: 0; clusters: 11407
Threshold 0.2:
polytomy of size 9; rounds with additions with at least 5 support: 3; clusters: 11423
Threshold 0.3333333333333333:
polytomy of size 10; rounds with additions with at least 5 support: 3; clusters: 11435
max k is :6
Number of Clusters after addition by greedy: 11435
gradient4 in heuristiic: 118
partitions formed in 98.015 secs
Dynamic Programming starting after 98.015 secs
Using tree-based weight calculation.
Using polytree-based weight calculation.
Polytree max score: 58521092
Polytree building time: 0.065 seconds.
Number of quartet trees in the gene trees: 57925050
Size of largest cluster: 214
Greedy score: 23474829
estimationFactor: 2.492929373565844
Sub-optimal score: 24204649
Calculated 100000 weights; time (seconds): 140
Total Number of elements weighted: 127829
Normalized score (portion of input quartet trees satisfied before correcting for multiple individuals): 0.45058441037167857
Optimization score: 26100124
Optimal tree inferred in 152.104 secs.
(5,(10,((17,23),(((20,24),(18,14)),((16,13),(8,((3,(1,2)),((4,7),(12,((19,(15,22)),(6,(25,(21,(9,11))))))))))))));
Final quartet score is: 29535333
Final normalized quartet score is: 0.5098887786890128
((10_7,10_6,10_5,10_4,10_3,10_2,10_1,10_8)0.71:0.11263818651875239,((((17_7,17_6,17_5,17_4,17_3,17_2,17_1)0.07:0.0,(23_5,23_4,23_3,23_2,23_1,23_8,23_7,23_6)0.08:0.0)1:0.8762133395302266,((((20_8,20_7,20_6,20_5,20_4,20_3,20_2,20_1,20_9)0.1:0.0,(24_4,24_3,24_2,24_1,24_8,24_7,24_6,24_5)0.15:0.0)1:0.18672740964687362,((18_7,18_6,18_5,18_4,18_3,18_2,18_1,18_9,18_8)0.03:0.0,(14_3,14_2,14_1,14_9,14_8,14_7,14_6,14_5,14_4)0.02:0.0)1:1.0538502375891323)1:0.7517046158210443,(((16_1,16_9,16_8,16_7,16_6,16_5,16_4,16_3,16_2)0.9:0.20484865467056804,(13_4,13_3,13_2,13_1,13_9,13_8,13_7,13_6,13_5)0.81:0.16576447355057822)0.97:0.1114983996208836,((8_1,8_2,8_3,8_4,8_5,8_6,8_7)0.99:0.34817697710145695,(((3_1,3_2,3_3,3_4,3_5,3_6,3_7,3_8)0.84:0.17828129840861565,((1_10,1_1,1_2,1_3,1_4,1_5,1_6,1_7,1_8,1_9)0.04:0.0,(2_1,2_2,2_3,2_4,2_5,2_6,2_7,2_8,2_9)0.03:0.0)1:0.9328657426466659)1:1.1309998415197693,(((4_11,4_10,4_1,4_2,4_3,4_4,4_5,4_6,4_7,4_8,4_9)0.05:0.0,(7_1,7_2,7_3,7_4,7_5,7_6,7_7,7_8,7_9,7_11,7_10)0.07:0.0)1:0.9879645571057238,((12_5,12_4,12_3,12_2,12_1,12_9,12_8,12_7,12_6)0.88:0.1711161274740147,(((19_6,19_5,19_4,19_3,19_2,19_1,19_8,19_7)0.1:0.0,((15_2,15_1,15_8,15_7,15_6,15_5,15_4,15_3)0.07:0.0,(22_6,22_5,22_4,22_3,22_2,22_1,22_9,22_8,22_7)0.04:0.0)1:0.15447023241586302)1:0.7521556182300645,((6_1,6_2,6_3,6_4,6_5,6_6,6_7)0.76:0.1037922524370751,((25_3,25_2,25_1,25_8,25_7,25_6,25_5,25_4)0.55:0.05411887295256353,((21_7,21_6,21_5,21_4,21_3,21_2,21_1,21_8)0.07:0.0,((9_1,9_2,9_3,9_4,9_5,9_6,9_7,9_8,9_9)0.02:0.0,(11_6,11_5,11_4,11_3,11_2,11_1,11_9,11_8,11_7)0.02:0.0)1:0.5338749542999682)1:0.582033760707629)0.53:0.025519390493064877)1:0.15981468578818092)0.85:0.07061537779415042)0.58:0.03410580041850167)1:0.40661857472554014)1:0.3407601984079091)0.96:0.1097845912213283)0.01:0.0)1:0.15878361564759044)1:0.2826205288022252,(5_1,5_2,5_3,5_4,5_5,5_6,5_7)0.5:0.044016121716249176));
Weight calculation took 54.552627575 secs
ASTRAL finished in 153.692 secs
