
================== ASTRAL ===================== 

This is ASTRAL version 5.6.3
Gene trees are treated as unrooted
25 trees read from g_trees-raxml-sqlen-25-ngen-25-s2g.trees
All output trees will be *arbitrarily* rooted at 14

======== Running the main analysis
Number of taxa: 123 (25 species)
Taxa: {22=[22_6, 22_5, 22_4, 22_3, 22_2, 22_1], 23=[23_3, 23_2, 23_1], 24=[24_4, 24_3, 24_2, 24_1], 25=[25_3, 25_2, 25_1, 25_5, 25_4], 10=[10_3, 10_2, 10_1], 11=[11_6, 11_5, 11_4, 11_3, 11_2, 11_1], 12=[12_5, 12_4, 12_3, 12_2, 12_1, 12_7, 12_6], 13=[13_2, 13_1], 14=[14_3, 14_2, 14_1, 14_6, 14_5, 14_4], 15=[15_2, 15_1, 15_5, 15_4, 15_3], 16=[16_1, 16_4, 16_3, 16_2], 17=[17_3, 17_2, 17_1], 18=[18_6, 18_5, 18_4, 18_3, 18_2, 18_1], 19=[19_5, 19_4, 19_3, 19_2, 19_1], 1=[1_1, 1_2, 1_3, 1_4, 1_5, 1_6], 2=[2_1, 2_2, 2_3, 2_4, 2_5], 3=[3_1, 3_2, 3_3], 4=[4_1, 4_2, 4_3, 4_4, 4_5], 5=[5_1, 5_2, 5_3], 6=[6_1, 6_2, 6_3, 6_4, 6_5, 6_6, 6_7], 7=[7_1, 7_2, 7_3, 7_4, 7_5], 8=[8_1, 8_2, 8_3, 8_4, 8_5, 8_6], 9=[9_1, 9_2, 9_3, 9_4, 9_5, 9_6], 20=[20_4, 20_3, 20_2, 20_1], 21=[21_7, 21_6, 21_5, 21_4, 21_3, 21_2, 21_1, 21_8]}
Taxon occupancy: {14_3=3, 14_2=9, 14_1=17, 10_3=1, 10_2=4, 10_1=12, 18_6=2, 18_5=2, 18_4=2, 18_3=3, 18_2=9, 14_6=1, 18_1=17, 14_5=2, 14_4=2, 25_3=4, 21_7=1, 25_2=9, 21_6=2, 25_1=17, 21_5=2, 21_4=3, 21_3=3, 3_1=13, 21_2=8, 21_1=17, 3_2=5, 3_3=1, 7_1=17, 7_2=9, 7_3=4, 7_4=2, 7_5=1, 25_5=2, 25_4=2, 21_8=1, 13_2=6, 13_1=14, 17_3=1, 17_2=7, 17_1=15, 24_4=1, 24_3=2, 24_2=8, 24_1=15, 2_1=14, 20_4=1, 20_3=2, 2_2=4, 20_2=7, 2_3=2, 20_1=18, 2_4=1, 6_1=20, 2_5=1, 6_2=10, 6_3=7, 6_4=7, 6_5=6, 6_6=3, 6_7=1, 16_1=17, 12_5=2, 12_4=4, 12_3=5, 12_2=10, 12_1=18, 16_4=1, 16_3=5, 12_7=1, 16_2=10, 12_6=2, 23_3=3, 23_2=7, 1_1=14, 23_1=16, 1_2=3, 1_3=2, 1_4=1, 5_1=15, 1_5=1, 5_2=4, 1_6=1, 5_3=1, 9_1=17, 9_2=9, 9_3=3, 9_4=3, 9_5=2, 9_6=2, 15_2=8, 11_6=2, 15_1=17, 11_5=2, 11_4=3, 11_3=3, 11_2=9, 11_1=17, 19_5=1, 19_4=2, 19_3=4, 19_2=9, 19_1=18, 15_5=1, 15_4=2, 15_3=5, 22_6=1, 22_5=1, 22_4=2, 22_3=5, 22_2=8, 22_1=16, 4_1=16, 4_2=7, 4_3=5, 4_4=2, 8_1=13, 4_5=1, 8_2=7, 8_3=3, 8_4=2, 8_5=2, 8_6=1}
Number of gene trees: 25
25 trees have missing taxa
Calculating quartet distance matrix (for completion of X)
Species tree distances calculated ...
Will attempt to complete bipartitions from X before adding using a distance matrix.
Building set of clusters (X) from gene trees 
In second round sampling 4 rounds will be done
------------------------------
gradient0: 487
------------------------------
gradient1: 274
------------------------------
gradient2: 226
------------------------------
gradient3: 236
Number of Clusters after addition by distance: 1223
calculating extra bipartitions to be added at level 1 ...
Adding to X using resolutions of greedy consensus ...
Limit for sigma of degrees:675
polytomy size limit : 10
discarded polytomies:  [3, 3, 3, 4, 4, 8, 10]
Threshold 0.0:
polytomy of size 3; rounds with additions with at least 5 support: 0; clusters: 1223
Threshold 0.01:
polytomy of size 3; rounds with additions with at least 5 support: 0; clusters: 1223
Threshold 0.02:
polytomy of size 3; rounds with additions with at least 5 support: 0; clusters: 1223
Threshold 0.05:
polytomy of size 4; rounds with additions with at least 5 support: 1; clusters: 1227
Threshold 0.1:
polytomy of size 4; rounds with additions with at least 5 support: 0; clusters: 1227
Threshold 0.2:
polytomy of size 8; rounds with additions with at least 5 support: 1; clusters: 1239
Threshold 0.3333333333333333:
polytomy of size 10; rounds with additions with at least 5 support: 0; clusters: 1249
max k is :2
Number of Clusters after addition by greedy: 1249
gradient0 in heuristiic: 1249
calculating extra bipartitions to be added at level 1 ...
Adding to X using resolutions of greedy consensus ...
Limit for sigma of degrees:675
polytomy size limit : 9
discarded polytomies:  [3, 3, 3, 3, 3, 4, 5, 9]
Threshold 0.0:
Threshold 0.01:
Threshold 0.02:
Threshold 0.05:
polytomy of size 3; rounds with additions with at least 5 support: 1; clusters: 1251
polytomy of size 3; rounds with additions with at least 5 support: 0; clusters: 1253
Threshold 0.1:
polytomy of size 3; rounds with additions with at least 5 support: 0; clusters: 1253
polytomy of size 3; rounds with additions with at least 5 support: 0; clusters: 1253
polytomy of size 3; rounds with additions with at least 5 support: 0; clusters: 1253
Threshold 0.2:
polytomy of size 4; rounds with additions with at least 5 support: 0; clusters: 1253
polytomy of size 5; rounds with additions with at least 5 support: 0; clusters: 1259
Threshold 0.3333333333333333:
polytomy of size 9; rounds with additions with at least 5 support: 0; clusters: 1261
max k is :2
Number of Clusters after addition by greedy: 1261
gradient1 in heuristiic: 12
calculating extra bipartitions to be added at level 1 ...
Adding to X using resolutions of greedy consensus ...
Limit for sigma of degrees:675
polytomy size limit : 10
discarded polytomies:  [3, 4, 6, 10]
Threshold 0.0:
Threshold 0.01:
Threshold 0.02:
Threshold 0.05:
Threshold 0.1:
polytomy of size 4; rounds with additions with at least 5 support: 1; clusters: 1265
Threshold 0.2:
polytomy of size 6; rounds with additions with at least 5 support: 0; clusters: 1267
polytomy of size 3; rounds with additions with at least 5 support: 0; clusters: 1267
Threshold 0.3333333333333333:
polytomy of size 10; rounds with additions with at least 5 support: 0; clusters: 1267
max k is :2
Number of Clusters after addition by greedy: 1267
gradient2 in heuristiic: 6
calculating extra bipartitions to be added at level 1 ...
Adding to X using resolutions of greedy consensus ...
Limit for sigma of degrees:675
polytomy size limit : 10
discarded polytomies:  [3, 3, 3, 3, 3, 3, 3, 6, 9, 10]
Threshold 0.0:
polytomy of size 3; rounds with additions with at least 5 support: 0; clusters: 1269
Threshold 0.01:
polytomy of size 3; rounds with additions with at least 5 support: 0; clusters: 1269
Threshold 0.02:
polytomy of size 3; rounds with additions with at least 5 support: 0; clusters: 1269
Threshold 0.05:
polytomy of size 3; rounds with additions with at least 5 support: 0; clusters: 1269
polytomy of size 3; rounds with additions with at least 5 support: 0; clusters: 1271
Threshold 0.1:
polytomy of size 6; rounds with additions with at least 5 support: 1; clusters: 1283
polytomy of size 3; rounds with additions with at least 5 support: 0; clusters: 1283
Threshold 0.2:
polytomy of size 9; rounds with additions with at least 5 support: 1; clusters: 1295
Threshold 0.3333333333333333:
polytomy of size 3; rounds with additions with at least 5 support: 0; clusters: 1295
polytomy of size 10; rounds with additions with at least 5 support: 0; clusters: 1307
max k is :2
Number of Clusters after addition by greedy: 1307
gradient3 in heuristiic: 40
partitions formed in 5.116 secs
Dynamic Programming starting after 5.116 secs
Using tree-based weight calculation.
Using polytree-based weight calculation.
Polytree max score: 2205052
Polytree building time: 0.012 seconds.
Number of quartet trees in the gene trees: 2176439
Size of largest cluster: 123
Greedy score: 994743
estimationFactor: 2.2167052193380603
Sub-optimal score: 1039579
Total Number of elements weighted: 3916
Normalized score (portion of input quartet trees satisfied before correcting for multiple individuals): 0.4898129467446595
Optimization score: 1066048
Optimal tree inferred in 5.38 secs.
(13,((17,23),(5,(16,(((3,(2,1)),((24,20),(14,18))),(10,(8,((12,(19,(15,22))),(6,((7,4),(25,(21,(9,11)))))))))))));
Final quartet score is: 1217004
Final normalized quartet score is: 0.5591721155520555
You may want to ignore posterior probabilities and other statistics related to the following branch branch because the effective number of genes impacting it is only 4:
	{14}
You may want to ignore posterior probabilities and other statistics related to the following branch branch because the effective number of genes impacting it is only 4:
	{18}
You may want to ignore posterior probabilities and other statistics related to the following branch branch because the effective number of genes impacting it is only 4:
	{24}
You may want to ignore posterior probabilities and other statistics related to the following branch branch because the effective number of genes impacting it is only 4:
	{20}
You may want to ignore posterior probabilities and other statistics related to the following branch branch because the effective number of genes impacting it is only 14:
	{24, 20}
You may want to ignore posterior probabilities and other statistics related to the following branch branch because the effective number of genes impacting it is only 3:
	{3}
You may want to ignore posterior probabilities and other statistics related to the following branch branch because the effective number of genes impacting it is only 2:
	{2}
You may want to ignore posterior probabilities and other statistics related to the following branch branch because the effective number of genes impacting it is only 1:
	{1}
You may want to ignore posterior probabilities and other statistics related to the following branch branch because the effective number of genes impacting it is only 13:
	{2, 1}
You may want to ignore posterior probabilities and other statistics related to the following branch branch because the effective number of genes impacting it is only 9:
	{3, 2, 1}
You may want to ignore posterior probabilities and other statistics related to the following branch branch because the effective number of genes impacting it is only 3:
	{10}
You may want to ignore posterior probabilities and other statistics related to the following branch branch because the effective number of genes impacting it is only 3:
	{8}
You may want to ignore posterior probabilities and other statistics related to the following branch branch because the effective number of genes impacting it is only 4:
	{12}
You may want to ignore posterior probabilities and other statistics related to the following branch branch because the effective number of genes impacting it is only 5:
	{19}
You may want to ignore posterior probabilities and other statistics related to the following branch branch because the effective number of genes impacting it is only 4:
	{15}
You may want to ignore posterior probabilities and other statistics related to the following branch branch because the effective number of genes impacting it is only 4:
	{22}
You may want to ignore posterior probabilities and other statistics related to the following branch branch because the effective number of genes impacting it is only 15:
	{15, 22}
You may want to ignore posterior probabilities and other statistics related to the following branch branch because the effective number of genes impacting it is only 17:
	{15, 19, 22}
You may want to ignore posterior probabilities and other statistics related to the following branch branch because the effective number of genes impacting it is only 16:
	{12, 15, 19, 22}
You may want to ignore posterior probabilities and other statistics related to the following branch branch because the effective number of genes impacting it is only 6:
	{6}
You may want to ignore posterior probabilities and other statistics related to the following branch branch because the effective number of genes impacting it is only 5:
	{7}
You may want to ignore posterior probabilities and other statistics related to the following branch branch because the effective number of genes impacting it is only 4:
	{4}
You may want to ignore posterior probabilities and other statistics related to the following branch branch because the effective number of genes impacting it is only 15:
	{7, 4}
You may want to ignore posterior probabilities and other statistics related to the following branch branch because the effective number of genes impacting it is only 5:
	{25}
You may want to ignore posterior probabilities and other statistics related to the following branch branch because the effective number of genes impacting it is only 3:
	{21}
You may want to ignore posterior probabilities and other statistics related to the following branch branch because the effective number of genes impacting it is only 4:
	{9}
You may want to ignore posterior probabilities and other statistics related to the following branch branch because the effective number of genes impacting it is only 4:
	{11}
You may want to ignore posterior probabilities and other statistics related to the following branch branch because the effective number of genes impacting it is only 16:
	{9, 11}
You may want to ignore posterior probabilities and other statistics related to the following branch branch because the effective number of genes impacting it is only 14:
	{21, 9, 11}
You may want to ignore posterior probabilities and other statistics related to the following branch branch because the effective number of genes impacting it is only 13:
	{25, 21, 9, 11}
You may want to ignore posterior probabilities and other statistics related to the following branch branch because the effective number of genes impacting it is only 15:
	{25, 21, 7, 9, 11, 4}
You may want to ignore posterior probabilities and other statistics related to the following branch branch because the effective number of genes impacting it is only 17:
	{25, 21, 7, 6, 9, 11, 4}
You may want to ignore posterior probabilities and other statistics related to the following branch branch because the effective number of genes impacting it is only 10:
	{25, 21, 7, 6, 12, 9, 11, 15, 19, 22, 4}
You may want to ignore posterior probabilities and other statistics related to the following branch branch because the effective number of genes impacting it is only 7:
	{25, 21, 7, 6, 12, 9, 11, 15, 19, 22, 4, 8}
You may want to ignore posterior probabilities and other statistics related to the following branch branch because the effective number of genes impacting it is only 10:
	{10, 25, 21, 7, 6, 12, 9, 11, 15, 19, 22, 4, 8}
You may want to ignore posterior probabilities and other statistics related to the following branch branch because the effective number of genes impacting it is only 6:
	{16}
You may want to ignore posterior probabilities and other statistics related to the following branch branch because the effective number of genes impacting it is only 2:
	{5}
You may want to ignore posterior probabilities and other statistics related to the following branch branch because the effective number of genes impacting it is only 5:
	{17}
You may want to ignore posterior probabilities and other statistics related to the following branch branch because the effective number of genes impacting it is only 5:
	{23}
You may want to ignore posterior probabilities and other statistics related to the following branch branch because the effective number of genes impacting it is only 11:
	{17, 23}
You may want to ignore posterior probabilities and other statistics related to the following branch branch because the effective number of genes impacting it is only 5:
	{13}
You may want to ignore posterior probabilities and other statistics related to the following branch branch because the effective number of genes impacting it is only 9:
	{13, 17, 23}
You may want to ignore posterior probabilities and other statistics related to the following branch branch because the effective number of genes impacting it is only 12:
	{13, 17, 23, 5}
You may want to ignore posterior probabilities and other statistics related to the following branch branch because the effective number of genes impacting it is only 13:
	{13, 17, 16, 23, 5}
You may want to ignore posterior probabilities and other statistics related to the following branch branch because the effective number of genes impacting it is only 8:
	{10, 25, 21, 7, 13, 17, 6, 12, 16, 23, 5, 9, 11, 15, 19, 22, 4, 8}
You may want to ignore posterior probabilities and other statistics related to the following branch branch because the effective number of genes impacting it is only 9:
	{10, 25, 21, 3, 7, 13, 17, 2, 6, 12, 16, 23, 1, 5, 9, 11, 15, 19, 22, 4, 8}
You may want to ignore posterior probabilities and other statistics related to the following branch branch because the effective number of genes impacting it is only 17:
	{10, 25, 21, 3, 7, 13, 17, 24, 20, 2, 6, 12, 16, 23, 1, 5, 9, 11, 15, 19, 22, 4, 8}
((14_3,14_2,14_1,14_6,14_5,14_4)0.17:0.0,((18_6,18_5,18_4,18_3,18_2,18_1)0.17:0.0,(((24_4,24_3,24_2,24_1)0.28:0.0,(20_4,20_3,20_2,20_1)0.15:0.0)0.54:0.10314316534660853,(((3_1,3_2,3_3)0.52:0.08919794524549746,((2_1,2_2,2_3,2_4,2_5)0.21:0.0,(1_1,1_2,1_3,1_4,1_5,1_6)0.23:0.0)0.99:0.6679643023131839)0.99:0.8480967905580492,(((10_3,10_2,10_1)0.79:0.43792317806923764,((8_1,8_2,8_3,8_4,8_5,8_6)0.33:0.0,(((12_5,12_4,12_3,12_2,12_1,12_7,12_6)0.36:0.0,((19_5,19_4,19_3,19_2,19_1)0.16:0.0,((15_2,15_1,15_5,15_4,15_3)0.17:0.0,(22_6,22_5,22_4,22_3,22_2,22_1)0.28:0.0)0.58:0.12036268416976191)1:0.7243617243543713)0.45:0.05013266398943181,((6_1,6_2,6_3,6_4,6_5,6_6,6_7)0.43:0.01669451719327688,(((7_1,7_2,7_3,7_4,7_5)0.2:0.0,(4_1,4_2,4_3,4_4,4_5)0.2:0.0)1:1.230876890324056,((25_3,25_2,25_1,25_5,25_4)0.41:0.0,((21_7,21_6,21_5,21_4,21_3,21_2,21_1,21_8)0.22:0.0,((9_1,9_2,9_3,9_4,9_5,9_6)0.16:0.0,(11_6,11_5,11_4,11_3,11_2,11_1)0.16:0.0)0.98:0.549168797908349)0.97:0.5038908230291902)0.24:0.0)0.66:0.15388233640668697)0.58:0.10775619857189057)1:0.992091189174726)0.49:0.0691917076682328)0.44:0.06483359522378568,((16_1,16_4,16_3,16_2)0.6:0.15574655392948267,((5_1,5_2,5_3)0.24:0.0,(((17_3,17_2,17_1)0.2:0.0,(23_3,23_2,23_1)0.17:0.0)0.99:0.833391716754952,(13_2,13_1)0.49:0.06594223752188143)0.3:0.0)0.75:0.23710926670856053)0.41:0.01552151819181636)0.5:0.07396553215632985)0.82:0.3411330815034074)1:1.095041634250035));
Weight calculation took 0.240336216 secs
ASTRAL finished in 5.535 secs
