
================== ASTRAL ===================== 

This is ASTRAL version 5.6.3
Gene trees are treated as unrooted
25 trees read from g_trees-raxml-sqlen-100-ngen-25-s2g.trees
All output trees will be *arbitrarily* rooted at 14

======== Running the main analysis
Number of taxa: 123 (25 species)
Taxa: {22=[22_6, 22_5, 22_4, 22_3, 22_2, 22_1], 23=[23_3, 23_2, 23_1], 24=[24_4, 24_3, 24_2, 24_1], 25=[25_3, 25_2, 25_1, 25_5, 25_4], 10=[10_3, 10_2, 10_1], 11=[11_6, 11_5, 11_4, 11_3, 11_2, 11_1], 12=[12_5, 12_4, 12_3, 12_2, 12_1, 12_7, 12_6], 13=[13_2, 13_1], 14=[14_3, 14_2, 14_1, 14_6, 14_5, 14_4], 15=[15_2, 15_1, 15_5, 15_4, 15_3], 16=[16_1, 16_4, 16_3, 16_2], 17=[17_3, 17_2, 17_1], 18=[18_6, 18_5, 18_4, 18_3, 18_2, 18_1], 19=[19_5, 19_4, 19_3, 19_2, 19_1], 1=[1_1, 1_2, 1_3, 1_4, 1_5, 1_6], 2=[2_1, 2_2, 2_3, 2_4, 2_5], 3=[3_1, 3_2, 3_3], 4=[4_1, 4_2, 4_3, 4_4, 4_5], 5=[5_1, 5_2, 5_3], 6=[6_1, 6_2, 6_3, 6_4, 6_5, 6_6, 6_7], 7=[7_1, 7_2, 7_3, 7_4, 7_5], 8=[8_1, 8_2, 8_3, 8_4, 8_5, 8_6], 9=[9_1, 9_2, 9_3, 9_4, 9_5, 9_6], 20=[20_4, 20_3, 20_2, 20_1], 21=[21_7, 21_6, 21_5, 21_4, 21_3, 21_2, 21_1, 21_8]}
Taxon occupancy: {14_3=3, 14_2=9, 14_1=17, 10_3=1, 10_2=4, 10_1=12, 18_6=2, 18_5=2, 18_4=2, 18_3=3, 18_2=9, 14_6=1, 18_1=17, 14_5=2, 14_4=2, 25_3=4, 21_7=1, 25_2=9, 21_6=2, 25_1=17, 21_5=2, 21_4=3, 21_3=3, 3_1=13, 21_2=8, 21_1=17, 3_2=5, 3_3=1, 7_1=17, 7_2=9, 7_3=4, 7_4=2, 7_5=1, 25_5=2, 25_4=2, 21_8=1, 13_2=6, 13_1=14, 17_3=1, 17_2=7, 17_1=15, 24_4=1, 24_3=2, 24_2=8, 24_1=15, 2_1=14, 20_4=1, 20_3=2, 2_2=4, 20_2=7, 2_3=2, 20_1=18, 2_4=1, 6_1=20, 2_5=1, 6_2=10, 6_3=7, 6_4=7, 6_5=6, 6_6=3, 6_7=1, 16_1=17, 12_5=2, 12_4=4, 12_3=5, 12_2=10, 12_1=18, 16_4=1, 16_3=5, 12_7=1, 16_2=10, 12_6=2, 23_3=3, 23_2=7, 1_1=14, 23_1=16, 1_2=3, 1_3=2, 1_4=1, 5_1=15, 1_5=1, 5_2=4, 1_6=1, 5_3=1, 9_1=17, 9_2=9, 9_3=3, 9_4=3, 9_5=2, 9_6=2, 15_2=8, 11_6=2, 15_1=17, 11_5=2, 11_4=3, 11_3=3, 11_2=9, 11_1=17, 19_5=1, 19_4=2, 19_3=4, 19_2=9, 19_1=18, 15_5=1, 15_4=2, 15_3=5, 22_6=1, 22_5=1, 22_4=2, 22_3=5, 22_2=8, 22_1=16, 4_1=16, 4_2=7, 4_3=5, 4_4=2, 8_1=13, 4_5=1, 8_2=7, 8_3=3, 8_4=2, 8_5=2, 8_6=1}
Number of gene trees: 25
25 trees have missing taxa
Calculating quartet distance matrix (for completion of X)
Species tree distances calculated ...
Will attempt to complete bipartitions from X before adding using a distance matrix.
Building set of clusters (X) from gene trees 
In second round sampling 4 rounds will be done
------------------------------
gradient0: 293
------------------------------
gradient1: 152
------------------------------
gradient2: 90
------------------------------
gradient3: 52
Number of Clusters after addition by distance: 587
calculating extra bipartitions to be added at level 1 ...
Adding to X using resolutions of greedy consensus ...
Limit for sigma of degrees:675
polytomy size limit : 4
discarded polytomies:  [3, 3, 4]
Threshold 0.0:
Threshold 0.01:
Threshold 0.02:
Threshold 0.05:
Threshold 0.1:
Threshold 0.2:
polytomy of size 3; rounds with additions with at least 5 support: 0; clusters: 587
Threshold 0.3333333333333333:
polytomy of size 3; rounds with additions with at least 5 support: 0; clusters: 587
polytomy of size 4; rounds with additions with at least 5 support: 0; clusters: 587
max k is :0
Number of Clusters after addition by greedy: 587
gradient0 in heuristiic: 587
calculating extra bipartitions to be added at level 1 ...
Adding to X using resolutions of greedy consensus ...
Limit for sigma of degrees:675
polytomy size limit : 7
discarded polytomies:  [3, 3, 3, 4, 4, 7]
Threshold 0.0:
Threshold 0.01:
Threshold 0.02:
Threshold 0.05:
polytomy of size 3; rounds with additions with at least 5 support: 0; clusters: 587
Threshold 0.1:
polytomy of size 4; rounds with additions with at least 5 support: 0; clusters: 587
Threshold 0.2:
polytomy of size 4; rounds with additions with at least 5 support: 0; clusters: 587
Threshold 0.3333333333333333:
polytomy of size 3; rounds with additions with at least 5 support: 0; clusters: 587
polytomy of size 7; rounds with additions with at least 5 support: 0; clusters: 587
polytomy of size 3; rounds with additions with at least 5 support: 0; clusters: 587
max k is :0
Number of Clusters after addition by greedy: 587
gradient1 in heuristiic: 0
calculating extra bipartitions to be added at level 1 ...
Adding to X using resolutions of greedy consensus ...
Limit for sigma of degrees:675
polytomy size limit : 5
discarded polytomies:  [3, 3, 4, 5]
Threshold 0.0:
Threshold 0.01:
Threshold 0.02:
Threshold 0.05:
Threshold 0.1:
polytomy of size 3; rounds with additions with at least 5 support: 0; clusters: 587
Threshold 0.2:
polytomy of size 4; rounds with additions with at least 5 support: 0; clusters: 587
Threshold 0.3333333333333333:
polytomy of size 3; rounds with additions with at least 5 support: 0; clusters: 587
polytomy of size 5; rounds with additions with at least 5 support: 0; clusters: 587
max k is :0
Number of Clusters after addition by greedy: 587
gradient2 in heuristiic: 0
calculating extra bipartitions to be added at level 1 ...
Adding to X using resolutions of greedy consensus ...
Limit for sigma of degrees:675
polytomy size limit : 6
discarded polytomies:  [3, 3, 6]
Threshold 0.0:
Threshold 0.01:
Threshold 0.02:
Threshold 0.05:
Threshold 0.1:
Threshold 0.2:
polytomy of size 3; rounds with additions with at least 5 support: 0; clusters: 587
Threshold 0.3333333333333333:
polytomy of size 3; rounds with additions with at least 5 support: 0; clusters: 587
polytomy of size 6; rounds with additions with at least 5 support: 0; clusters: 587
max k is :0
Number of Clusters after addition by greedy: 587
gradient3 in heuristiic: 0
partitions formed in 3.914 secs
Dynamic Programming starting after 3.914 secs
Using tree-based weight calculation.
Using polytree-based weight calculation.
Polytree max score: 2205052
Polytree building time: 0.012 seconds.
Number of quartet trees in the gene trees: 2176439
Size of largest cluster: 123
Greedy score: 1047642
estimationFactor: 2.1047762499021614
Sub-optimal score: 1121926
Total Number of elements weighted: 1589
Normalized score (portion of input quartet trees satisfied before correcting for multiple individuals): 0.5180581674928634
Optimization score: 1127522
Optimal tree inferred in 4.08 secs.
(13,(16,(((10,5),(17,23)),(((24,20),(14,18)),((8,(3,(2,1))),((12,(7,4)),((19,(15,22)),(6,(25,(21,(9,11)))))))))));
Final quartet score is: 1277932
Final normalized quartet score is: 0.587166467794411
You may want to ignore posterior probabilities and other statistics related to the following branch branch because the effective number of genes impacting it is only 4:
	{14}
You may want to ignore posterior probabilities and other statistics related to the following branch branch because the effective number of genes impacting it is only 4:
	{18}
You may want to ignore posterior probabilities and other statistics related to the following branch branch because the effective number of genes impacting it is only 4:
	{24}
You may want to ignore posterior probabilities and other statistics related to the following branch branch because the effective number of genes impacting it is only 4:
	{20}
You may want to ignore posterior probabilities and other statistics related to the following branch branch because the effective number of genes impacting it is only 14:
	{24, 20}
You may want to ignore posterior probabilities and other statistics related to the following branch branch because the effective number of genes impacting it is only 1:
	{8}
You may want to ignore posterior probabilities and other statistics related to the following branch branch because the effective number of genes impacting it is only 3:
	{3}
You may want to ignore posterior probabilities and other statistics related to the following branch branch because the effective number of genes impacting it is only 2:
	{2}
You may want to ignore posterior probabilities and other statistics related to the following branch branch because the effective number of genes impacting it is only 1:
	{1}
You may want to ignore posterior probabilities and other statistics related to the following branch branch because the effective number of genes impacting it is only 13:
	{2, 1}
You may want to ignore posterior probabilities and other statistics related to the following branch branch because the effective number of genes impacting it is only 7:
	{3, 2, 1}
You may want to ignore posterior probabilities and other statistics related to the following branch branch because the effective number of genes impacting it is only 5:
	{3, 2, 1, 8}
You may want to ignore posterior probabilities and other statistics related to the following branch branch because the effective number of genes impacting it is only 4:
	{12}
You may want to ignore posterior probabilities and other statistics related to the following branch branch because the effective number of genes impacting it is only 5:
	{7}
You may want to ignore posterior probabilities and other statistics related to the following branch branch because the effective number of genes impacting it is only 4:
	{4}
You may want to ignore posterior probabilities and other statistics related to the following branch branch because the effective number of genes impacting it is only 14:
	{7, 4}
You may want to ignore posterior probabilities and other statistics related to the following branch branch because the effective number of genes impacting it is only 14:
	{7, 12, 4}
You may want to ignore posterior probabilities and other statistics related to the following branch branch because the effective number of genes impacting it is only 5:
	{19}
You may want to ignore posterior probabilities and other statistics related to the following branch branch because the effective number of genes impacting it is only 4:
	{15}
You may want to ignore posterior probabilities and other statistics related to the following branch branch because the effective number of genes impacting it is only 4:
	{22}
You may want to ignore posterior probabilities and other statistics related to the following branch branch because the effective number of genes impacting it is only 15:
	{15, 22}
You may want to ignore posterior probabilities and other statistics related to the following branch branch because the effective number of genes impacting it is only 18:
	{15, 19, 22}
You may want to ignore posterior probabilities and other statistics related to the following branch branch because the effective number of genes impacting it is only 6:
	{6}
You may want to ignore posterior probabilities and other statistics related to the following branch branch because the effective number of genes impacting it is only 5:
	{25}
You may want to ignore posterior probabilities and other statistics related to the following branch branch because the effective number of genes impacting it is only 3:
	{21}
You may want to ignore posterior probabilities and other statistics related to the following branch branch because the effective number of genes impacting it is only 4:
	{9}
You may want to ignore posterior probabilities and other statistics related to the following branch branch because the effective number of genes impacting it is only 4:
	{11}
You may want to ignore posterior probabilities and other statistics related to the following branch branch because the effective number of genes impacting it is only 16:
	{9, 11}
You may want to ignore posterior probabilities and other statistics related to the following branch branch because the effective number of genes impacting it is only 14:
	{21, 9, 11}
You may want to ignore posterior probabilities and other statistics related to the following branch branch because the effective number of genes impacting it is only 14:
	{25, 21, 9, 11}
You may want to ignore posterior probabilities and other statistics related to the following branch branch because the effective number of genes impacting it is only 16:
	{25, 21, 6, 9, 11}
You may want to ignore posterior probabilities and other statistics related to the following branch branch because the effective number of genes impacting it is only 17:
	{25, 21, 6, 9, 11, 15, 19, 22}
You may want to ignore posterior probabilities and other statistics related to the following branch branch because the effective number of genes impacting it is only 11:
	{25, 21, 7, 6, 12, 9, 11, 15, 19, 22, 4}
You may want to ignore posterior probabilities and other statistics related to the following branch branch because the effective number of genes impacting it is only 11:
	{25, 21, 3, 7, 2, 6, 12, 1, 9, 11, 15, 19, 22, 4, 8}
You may want to ignore posterior probabilities and other statistics related to the following branch branch because the effective number of genes impacting it is only 3:
	{10}
You may want to ignore posterior probabilities and other statistics related to the following branch branch because the effective number of genes impacting it is only 2:
	{5}
You may want to ignore posterior probabilities and other statistics related to the following branch branch because the effective number of genes impacting it is only 10:
	{10, 5}
You may want to ignore posterior probabilities and other statistics related to the following branch branch because the effective number of genes impacting it is only 5:
	{17}
You may want to ignore posterior probabilities and other statistics related to the following branch branch because the effective number of genes impacting it is only 5:
	{23}
You may want to ignore posterior probabilities and other statistics related to the following branch branch because the effective number of genes impacting it is only 12:
	{17, 23}
You may want to ignore posterior probabilities and other statistics related to the following branch branch because the effective number of genes impacting it is only 12:
	{10, 17, 23, 5}
You may want to ignore posterior probabilities and other statistics related to the following branch branch because the effective number of genes impacting it is only 6:
	{16}
You may want to ignore posterior probabilities and other statistics related to the following branch branch because the effective number of genes impacting it is only 6:
	{13}
You may want to ignore posterior probabilities and other statistics related to the following branch branch because the effective number of genes impacting it is only 12:
	{13, 16}
You may want to ignore posterior probabilities and other statistics related to the following branch branch because the effective number of genes impacting it is only 15:
	{10, 13, 17, 16, 23, 5}
You may want to ignore posterior probabilities and other statistics related to the following branch branch because the effective number of genes impacting it is only 17:
	{10, 25, 21, 3, 7, 13, 17, 2, 6, 12, 16, 23, 1, 5, 9, 11, 15, 19, 22, 4, 8}
You may want to ignore posterior probabilities and other statistics related to the following branch branch because the effective number of genes impacting it is only 17:
	{10, 25, 21, 3, 7, 13, 17, 24, 20, 2, 6, 12, 16, 23, 1, 5, 9, 11, 15, 19, 22, 4, 8}
((14_3,14_2,14_1,14_6,14_5,14_4)0.16:0.0,((18_6,18_5,18_4,18_3,18_2,18_1)0.16:0.0,(((24_4,24_3,24_2,24_1)0.13:0.0,(20_4,20_3,20_2,20_1)0.15:0.0)0.94:0.4348486741542163,((((8_1,8_2,8_3,8_4,8_5,8_6)0.51:0.06453852113757118,((3_1,3_2,3_3)0.45:0.019672765598704893,((2_1,2_2,2_3,2_4,2_5)0.23:0.0,(1_1,1_2,1_3,1_4,1_5,1_6)0.23:0.0)1:0.9968295943581673)1:1.6739764335716716)0.32:0.0,(((12_5,12_4,12_3,12_2,12_1,12_7,12_6)0.42:4.499140878394624E-4,((7_1,7_2,7_3,7_4,7_5)0.28:0.0,(4_1,4_2,4_3,4_4,4_5)0.19:0.0)1:0.9622077549114761)0.21:0.0,(((19_5,19_4,19_3,19_2,19_1)0.14:0.0,((15_2,15_1,15_5,15_4,15_3)0.18:0.0,(22_6,22_5,22_4,22_3,22_2,22_1)0.23:0.0)0.86:0.2945563796945911)1:1.1057365697795987,((6_1,6_2,6_3,6_4,6_5,6_6,6_7)0.35:0.0,((25_3,25_2,25_1,25_5,25_4)0.45:0.02828080446589536,((21_7,21_6,21_5,21_4,21_3,21_2,21_1,21_8)0.19:0.0,((9_1,9_2,9_3,9_4,9_5,9_6)0.16:0.0,(11_6,11_5,11_4,11_3,11_2,11_1)0.16:0.0)1:0.7211136723279603)0.98:0.5548905964831204)0.23:0.0)0.88:0.31735815417110425)0.83:0.25206382038473163)1:1.6274564179367788)0.92:0.43917778515648787,((((10_3,10_2,10_1)0.53:0.10550788873303238,(5_1,5_2,5_3)0.35:0.0)0.33:0.0,((17_3,17_2,17_1)0.11:0.0,(23_3,23_2,23_1)0.14:0.0)1:1.1738493682157551)0.94:0.47124079626324406,((16_1,16_4,16_3,16_2)0.62:0.17307868971277715,(13_2,13_1)0.62:0.17335565966330846)0.46:0.04864483655992475)0.97:0.5181695554428738)1:0.7800092926787854)1:0.9141998157081114));
Weight calculation took 0.162435732 secs
ASTRAL finished in 4.231 secs
