
================== ASTRAL ===================== 

This is ASTRAL version 5.6.3
Gene trees are treated as unrooted
100 trees read from g_trees-raxml-sqlen-50-ngen-100-s2g.trees
All output trees will be *arbitrarily* rooted at 14

======== Running the main analysis
Number of taxa: 187 (25 species)
Taxa: {22=[22_6, 22_5, 22_4, 22_3, 22_2, 22_1, 22_7], 23=[23_5, 23_4, 23_3, 23_2, 23_1], 24=[24_4, 24_3, 24_2, 24_1, 24_5], 25=[25_3, 25_2, 25_1, 25_8, 25_7, 25_6, 25_5, 25_4], 10=[10_6, 10_5, 10_4, 10_3, 10_2, 10_1], 11=[11_6, 11_5, 11_4, 11_3, 11_2, 11_1, 11_8, 11_7], 12=[12_5, 12_4, 12_3, 12_2, 12_1, 12_7, 12_6], 13=[13_4, 13_3, 13_2, 13_1, 13_6, 13_5], 14=[14_3, 14_2, 14_1, 14_8, 14_7, 14_6, 14_5, 14_4], 15=[15_2, 15_1, 15_7, 15_6, 15_5, 15_4, 15_3], 16=[16_1, 16_9, 16_8, 16_7, 16_6, 16_5, 16_4, 16_3, 16_2], 17=[17_6, 17_5, 17_4, 17_3, 17_2, 17_1], 18=[18_7, 18_6, 18_5, 18_4, 18_3, 18_2, 18_1, 18_9, 18_8], 19=[19_6, 19_5, 19_4, 19_3, 19_2, 19_1, 19_7], 1=[1_1, 1_2, 1_3, 1_4, 1_5, 1_6, 1_7, 1_8, 1_9, 1_10], 2=[2_1, 2_2, 2_3, 2_4, 2_5, 2_6, 2_7, 2_8, 2_9], 3=[3_1, 3_2, 3_3, 3_4, 3_5, 3_6, 3_7, 3_8], 4=[4_11, 4_10, 4_1, 4_2, 4_3, 4_4, 4_5, 4_6, 4_7, 4_8, 4_9], 5=[5_1, 5_2, 5_3, 5_4, 5_5], 6=[6_1, 6_2, 6_3, 6_4, 6_5, 6_6, 6_7], 7=[7_1, 7_2, 7_3, 7_4, 7_5, 7_6, 7_7, 7_8, 7_9, 7_11, 7_10], 8=[8_1, 8_2, 8_3, 8_4, 8_5, 8_6], 9=[9_1, 9_2, 9_3, 9_4, 9_5, 9_6, 9_7, 9_8], 20=[20_6, 20_5, 20_4, 20_3, 20_2, 20_1], 21=[21_7, 21_6, 21_5, 21_4, 21_3, 21_2, 21_1, 21_8]}
Taxon occupancy: {14_3=15, 14_2=39, 10_6=2, 14_1=69, 10_5=3, 10_4=5, 10_3=11, 10_2=32, 10_1=65, 18_7=1, 18_6=4, 18_5=7, 18_4=11, 14_8=1, 18_3=15, 14_7=1, 18_2=41, 14_6=3, 18_1=69, 14_5=7, 14_4=11, 4_11=1, 4_10=1, 25_3=16, 21_7=2, 25_2=36, 21_6=3, 25_1=62, 21_5=5, 21_4=10, 21_3=18, 3_1=50, 21_2=30, 21_1=59, 3_2=25, 3_3=11, 3_4=5, 7_1=66, 3_5=4, 7_2=29, 3_6=3, 7_3=21, 25_8=1, 3_7=1, 7_4=13, 25_7=2, 3_8=1, 7_5=8, 25_6=3, 25_5=6, 7_6=6, 25_4=10, 21_8=2, 7_7=3, 7_8=3, 7_9=1, 7_11=1, 18_9=1, 18_8=1, 7_10=1, 13_4=6, 13_3=11, 13_2=31, 13_1=59, 17_6=1, 17_5=3, 17_4=3, 17_3=16, 17_2=28, 13_6=1, 17_1=59, 13_5=2, 24_4=7, 24_3=15, 24_2=36, 20_6=1, 24_1=63, 20_5=2, 2_1=49, 20_4=5, 20_3=17, 2_2=21, 20_2=35, 2_3=14, 20_1=69, 2_4=10, 6_1=70, 2_5=7, 6_2=34, 2_6=4, 6_3=18, 2_7=3, 6_4=12, 2_8=1, 6_5=9, 2_9=1, 6_6=3, 6_7=1, 24_5=4, 16_1=70, 12_5=4, 12_4=7, 12_3=19, 12_2=37, 12_1=66, 16_9=1, 16_8=1, 16_7=1, 16_6=1, 16_5=3, 16_4=8, 16_3=23, 12_7=1, 16_2=41, 12_6=3, 23_5=2, 23_4=6, 23_3=19, 23_2=32, 1_1=49, 23_1=63, 1_2=20, 1_3=14, 1_4=8, 5_1=65, 1_5=7, 5_2=22, 1_6=5, 5_3=12, 1_7=3, 5_4=5, 1_8=2, 9_1=59, 5_5=2, 1_9=1, 9_2=29, 9_3=16, 9_4=11, 9_5=6, 9_6=4, 9_7=1, 9_8=1, 15_2=30, 11_6=3, 15_1=63, 11_5=7, 11_4=11, 11_3=17, 11_2=29, 11_1=59, 19_6=1, 19_5=4, 19_4=8, 19_3=14, 15_7=1, 19_2=35, 15_6=1, 19_1=63, 15_5=3, 15_4=8, 11_8=1, 15_3=16, 11_7=1, 22_6=3, 22_5=6, 22_4=10, 22_3=16, 22_2=29, 22_1=61, 4_1=65, 4_2=26, 4_3=19, 4_4=13, 8_1=70, 4_5=8, 8_2=29, 4_6=4, 8_3=11, 4_7=2, 8_4=5, 4_8=2, 8_5=5, 4_9=1, 8_6=1, 22_7=1, 19_7=1, 1_10=1}
Number of gene trees: 100
100 trees have missing taxa
Calculating quartet distance matrix (for completion of X)
Species tree distances calculated ...
Will attempt to complete bipartitions from X before adding using a distance matrix.
Building set of clusters (X) from gene trees 
In second round sampling 4 rounds will be done
------------------------------
gradient0: 793
------------------------------
gradient1: 414
------------------------------
gradient2: 242
------------------------------
gradient3: 332
Number of Clusters after addition by distance: 1781
calculating extra bipartitions to be added at level 1 ...
Adding to X using resolutions of greedy consensus ...
Limit for sigma of degrees:675
polytomy size limit : 6
discarded polytomies:  [4, 6]
Threshold 0.0:
Threshold 0.01:
Threshold 0.02:
Threshold 0.05:
Threshold 0.1:
Threshold 0.2:
polytomy of size 4; rounds with additions with at least 5 support: 0; clusters: 1781
Threshold 0.3333333333333333:
polytomy of size 6; rounds with additions with at least 5 support: 0; clusters: 1781
max k is :0
Number of Clusters after addition by greedy: 1781
gradient0 in heuristiic: 1781
calculating extra bipartitions to be added at level 1 ...
Adding to X using resolutions of greedy consensus ...
Limit for sigma of degrees:675
polytomy size limit : 8
discarded polytomies:  [5, 8]
Threshold 0.0:
Threshold 0.01:
Threshold 0.02:
Threshold 0.05:
Threshold 0.1:
Threshold 0.2:
polytomy of size 5; rounds with additions with at least 5 support: 0; clusters: 1781
Threshold 0.3333333333333333:
polytomy of size 8; rounds with additions with at least 5 support: 0; clusters: 1781
max k is :0
Number of Clusters after addition by greedy: 1781
gradient1 in heuristiic: 0
calculating extra bipartitions to be added at level 1 ...
Adding to X using resolutions of greedy consensus ...
Limit for sigma of degrees:675
polytomy size limit : 5
discarded polytomies:  [3, 4, 5]
Threshold 0.0:
Threshold 0.01:
Threshold 0.02:
Threshold 0.05:
Threshold 0.1:
polytomy of size 3; rounds with additions with at least 5 support: 0; clusters: 1781
Threshold 0.2:
polytomy of size 4; rounds with additions with at least 5 support: 0; clusters: 1781
Threshold 0.3333333333333333:
polytomy of size 5; rounds with additions with at least 5 support: 0; clusters: 1783
max k is :0
Number of Clusters after addition by greedy: 1783
gradient2 in heuristiic: 2
calculating extra bipartitions to be added at level 1 ...
Adding to X using resolutions of greedy consensus ...
Limit for sigma of degrees:675
polytomy size limit : 7
discarded polytomies:  [3, 3, 5, 7]
Threshold 0.0:
Threshold 0.01:
Threshold 0.02:
Threshold 0.05:
polytomy of size 3; rounds with additions with at least 5 support: 0; clusters: 1783
Threshold 0.1:
polytomy of size 3; rounds with additions with at least 5 support: 0; clusters: 1783
Threshold 0.2:
polytomy of size 5; rounds with additions with at least 5 support: 0; clusters: 1783
Threshold 0.3333333333333333:
polytomy of size 7; rounds with additions with at least 5 support: 0; clusters: 1783
max k is :0
Number of Clusters after addition by greedy: 1783
gradient3 in heuristiic: 0
partitions formed in 16.776 secs
Dynamic Programming starting after 16.776 secs
Using tree-based weight calculation.
Using polytree-based weight calculation.
Polytree max score: 14557339
Polytree building time: 0.023 seconds.
Number of quartet trees in the gene trees: 14380302
Size of largest cluster: 187
Greedy score: 6406018
estimationFactor: 2.2724472306784627
Sub-optimal score: 6775765
Total Number of elements weighted: 7014
Normalized score (portion of input quartet trees satisfied before correcting for multiple individuals): 0.48855855043934404
Optimization score: 7025619
Optimal tree inferred in 17.629 secs.
(24,(20,((14,18),((13,16),(((10,5),(17,23)),(8,((3,(2,1)),((4,7),(12,((19,(15,22)),(6,(25,(21,(9,11))))))))))))));
Final quartet score is: 7998564
Final normalized quartet score is: 0.5562166914157992
You may want to ignore posterior probabilities and other statistics related to the following branch branch because the effective number of genes impacting it is only 14:
	{14}
You may want to ignore posterior probabilities and other statistics related to the following branch branch because the effective number of genes impacting it is only 13:
	{18}
You may want to ignore posterior probabilities and other statistics related to the following branch branch because the effective number of genes impacting it is only 12:
	{13}
You may want to ignore posterior probabilities and other statistics related to the following branch branch because the effective number of genes impacting it is only 11:
	{16}
You may want to ignore posterior probabilities and other statistics related to the following branch branch because the effective number of genes impacting it is only 12:
	{10}
You may want to ignore posterior probabilities and other statistics related to the following branch branch because the effective number of genes impacting it is only 12:
	{5}
You may want to ignore posterior probabilities and other statistics related to the following branch branch because the effective number of genes impacting it is only 13:
	{17}
You may want to ignore posterior probabilities and other statistics related to the following branch branch because the effective number of genes impacting it is only 18:
	{23}
You may want to ignore posterior probabilities and other statistics related to the following branch branch because the effective number of genes impacting it is only 12:
	{8}
You may want to ignore posterior probabilities and other statistics related to the following branch branch because the effective number of genes impacting it is only 8:
	{3}
You may want to ignore posterior probabilities and other statistics related to the following branch branch because the effective number of genes impacting it is only 9:
	{2}
You may want to ignore posterior probabilities and other statistics related to the following branch branch because the effective number of genes impacting it is only 8:
	{1}
You may want to ignore posterior probabilities and other statistics related to the following branch branch because the effective number of genes impacting it is only 9:
	{4}
You may want to ignore posterior probabilities and other statistics related to the following branch branch because the effective number of genes impacting it is only 10:
	{7}
You may want to ignore posterior probabilities and other statistics related to the following branch branch because the effective number of genes impacting it is only 15:
	{12}
You may want to ignore posterior probabilities and other statistics related to the following branch branch because the effective number of genes impacting it is only 14:
	{19}
You may want to ignore posterior probabilities and other statistics related to the following branch branch because the effective number of genes impacting it is only 12:
	{15}
You may want to ignore posterior probabilities and other statistics related to the following branch branch because the effective number of genes impacting it is only 13:
	{22}
You may want to ignore posterior probabilities and other statistics related to the following branch branch because the effective number of genes impacting it is only 15:
	{6}
You may want to ignore posterior probabilities and other statistics related to the following branch branch because the effective number of genes impacting it is only 12:
	{25}
You may want to ignore posterior probabilities and other statistics related to the following branch branch because the effective number of genes impacting it is only 12:
	{21}
You may want to ignore posterior probabilities and other statistics related to the following branch branch because the effective number of genes impacting it is only 12:
	{9}
You may want to ignore posterior probabilities and other statistics related to the following branch branch because the effective number of genes impacting it is only 12:
	{11}
You may want to ignore posterior probabilities and other statistics related to the following branch branch because the effective number of genes impacting it is only 15:
	{20}
You may want to ignore posterior probabilities and other statistics related to the following branch branch because the effective number of genes impacting it is only 19:
	{24}
((14_3,14_2,14_1,14_8,14_7,14_6,14_5,14_4)0.08:0.0,((18_7,18_6,18_5,18_4,18_3,18_2,18_1,18_9,18_8)0.08:0.0,((((13_4,13_3,13_2,13_1,13_6,13_5)0.87:0.3328749681490649,(16_1,16_9,16_8,16_7,16_6,16_5,16_4,16_3,16_2)0.75:0.23395134060407954)0.89:0.18701794136888725,((((10_6,10_5,10_4,10_3,10_2,10_1)0.7:0.1946699636523844,(5_1,5_2,5_3,5_4,5_5)0.15:0.0)0.95:0.24688551275956197,((17_6,17_5,17_4,17_3,17_2,17_1)0.09:0.0,(23_5,23_4,23_3,23_2,23_1)0.09:0.0)1:0.9927558076703467)0.96:0.2259073784110916,((8_1,8_2,8_3,8_4,8_5,8_6)0.98:0.6262852865580901,(((3_1,3_2,3_3,3_4,3_5,3_6,3_7,3_8)0.49:0.0678083094574928,((2_1,2_2,2_3,2_4,2_5,2_6,2_7,2_8,2_9)0.16:0.0,(1_1,1_2,1_3,1_4,1_5,1_6,1_7,1_8,1_9,1_10)0.17:0.0)1:0.6177990541711215)1:1.485702172104658,(((4_11,4_10,4_1,4_2,4_3,4_4,4_5,4_6,4_7,4_8,4_9)0.16:0.0,(7_1,7_2,7_3,7_4,7_5,7_6,7_7,7_8,7_9,7_11,7_10)0.2:0.0)1:1.170043525588915,((12_5,12_4,12_3,12_2,12_1,12_7,12_6)0.78:0.23100297502284264,(((19_6,19_5,19_4,19_3,19_2,19_1,19_7)0.21:0.0,((15_2,15_1,15_7,15_6,15_5,15_4,15_3)0.18:0.0,(22_6,22_5,22_4,22_3,22_2,22_1,22_7)0.14:0.0)0.76:0.130684545101538)1:0.8677987427701982,((6_1,6_2,6_3,6_4,6_5,6_6,6_7)0.34:0.0,((25_3,25_2,25_1,25_8,25_7,25_6,25_5,25_4)0.55:0.09840455373453333,((21_7,21_6,21_5,21_4,21_3,21_2,21_1,21_8)0.15:0.0,((9_1,9_2,9_3,9_4,9_5,9_6,9_7,9_8)0.1:0.0,(11_6,11_5,11_4,11_3,11_2,11_1,11_8,11_7)0.1:0.0)1:0.6720732477916036)1:0.7001596077062311)0.24:0.0)0.99:0.3243799375244382)0.92:0.1973901805126371)0.49:0.042981630397661376)0.99:0.4168550677857865)0.99:0.41933684403483423)0.92:0.18419304564533942)0.16:0.0)1:1.0319508508447905,((20_6,20_5,20_4,20_3,20_2,20_1)0.14:0.0,(24_4,24_3,24_2,24_1,24_5)0.11:0.0)0.92:0.18389470694280552)1:0.8636872290505326));
Weight calculation took 0.932064106 secs
ASTRAL finished in 18.046 secs
