
================== ASTRAL ===================== 

This is ASTRAL version 5.6.3
Gene trees are treated as unrooted
111 trees read from g_trees-raxml-sqlen-50-ngen-25.trees.tree
All output trees will be *arbitrarily* rooted at 16

======== Running the main analysis
Number of taxa: 25 (25 species)
Taxa: [16, 8, 24, 20, 18, 14, 5, 17, 23, 25, 12, 11, 9, 21, 6, 4, 7, 13, 10, 22, 15, 19, 3, 2, 1]
Taxon occupancy: {22=54, 23=90, 24=71, 25=57, 10=77, 11=102, 12=84, 13=73, 14=75, 15=56, 16=88, 17=80, 18=79, 19=51, 1=25, 2=25, 3=19, 4=72, 5=82, 6=71, 7=73, 8=70, 9=102, 20=71, 21=103}
Number of gene trees: 111
111 trees have missing taxa
Calculating quartet distance matrix (for completion of X)
Species tree distances calculated ...
Will attempt to complete bipartitions from X before adding using a distance matrix.
Building set of clusters (X) from gene trees 
------------------------------
gradient0: 289
Number of Clusters after addition by distance: 289
calculating extra bipartitions to be added at level 1 ...
Adding to X using resolutions of greedy consensus ...
Limit for sigma of degrees:675
polytomy size limit : 3
discarded polytomies:  [3]
Threshold 0.0:
Threshold 0.01:
Threshold 0.02:
Threshold 0.05:
Threshold 0.1:
Threshold 0.2:
Threshold 0.3333333333333333:
polytomy of size 3; rounds with additions with at least 5 support: 0; clusters: 289
max k is :0
Number of Clusters after addition by greedy: 289
gradient0 in heuristiic: 289
partitions formed in 0.207 secs
Dynamic Programming starting after 0.207 secs
Using tree-based weight calculation.
Using polytree-based weight calculation.
Polytree max score: 237471
Polytree building time: 0.016 seconds.
Number of quartet trees in the gene trees: 237471
Size of largest cluster: 25
Greedy score: 190444
estimationFactor: 1.2469334817584172
Sub-optimal score: 193955
Total Number of elements weighted: 378
Normalized score (portion of input quartet trees satisfied before correcting for multiple individuals): 0.855611843130319
Optimization score: 203183
Optimal tree inferred in 0.311 secs.
(18,(14,((24,20),((10,(5,(17,23))),((16,13),(8,((4,7),(((25,6),(21,(11,9))),((19,(22,15)),(12,(3,(2,1))))))))))));
Final quartet score is: 203183
Final normalized quartet score is: 0.855611843130319
You may want to ignore posterior probabilities and other statistics related to the following branch branch because the effective number of genes impacting it is only 15:
	{2, 1}
You may want to ignore posterior probabilities and other statistics related to the following branch branch because the effective number of genes impacting it is only 15:
	{3, 2, 1}
(16,(13,((8,((4,7)1:1.439982866233396,(((25,6)0.86:0.20959289630271008,(21,(11,9)1:3.130651591453362)1:2.2539885209266624)1:0.8888349798293885,((19,(22,15)1:1.0761394328160514)1:1.781809138374886,(12,(3,(2,1)0.98:0.5753641449035618)1:2.367123614131617)0.37:0.14250006260728304)0.99:0.3941407815843032)0:0.0)1:2.0543266763649406)1:0.4381909670920238,((10,(5,(17,23)1:2.657968047088978)1:0.9110021731832161)1:1.2624414233783179,((24,20)1:0.5183172006113632,(14,18)1:2.670309873119364)1:2.909671493554892)1:0.49661474765873753)0:0.0628718988867961));
Weight calculation took 0.041354824 secs
ASTRAL finished in 1.667 secs
