
================== ASTRAL ===================== 

This is ASTRAL version 5.6.3
Gene trees are treated as unrooted
852 trees read from g_trees-raxml-sqlen-0-ngen-25.trees.tree
All output trees will be *arbitrarily* rooted at 23

======== Running the main analysis
Number of taxa: 25 (25 species)
Taxa: [23, 17, 16, 13, 24, 20, 18, 14, 1, 2, 3, 5, 8, 6, 21, 11, 9, 25, 12, 7, 4, 19, 15, 22, 10]
Taxon occupancy: {22=376, 23=599, 24=516, 25=617, 10=535, 11=651, 12=535, 13=591, 14=598, 15=390, 16=620, 17=507, 18=598, 19=472, 1=400, 2=396, 3=376, 4=630, 5=558, 6=723, 7=702, 8=565, 9=651, 20=542, 21=655}
Number of gene trees: 852
780 trees have missing taxa
Calculating quartet distance matrix (for completion of X)
Species tree distances calculated ...
Will attempt to complete bipartitions from X before adding using a distance matrix.
Building set of clusters (X) from gene trees 
------------------------------
gradient0: 99
Number of Clusters after addition by distance: 99
calculating extra bipartitions to be added at level 1 ...
Adding to X using resolutions of greedy consensus ...
Limit for sigma of degrees:675
polytomy size limit : 3
discarded polytomies:  []
Threshold 0.0:
Threshold 0.01:
Threshold 0.02:
Threshold 0.05:
Threshold 0.1:
Threshold 0.2:
Threshold 0.3333333333333333:
max k is :0
Number of Clusters after addition by greedy: 99
gradient0 in heuristiic: 99
partitions formed in 0.436 secs
Dynamic Programming starting after 0.436 secs
Using tree-based weight calculation.
Using polytree-based weight calculation.
Polytree max score: 3008373
Polytree building time: 0.056 seconds.
Number of quartet trees in the gene trees: 3008373
Size of largest cluster: 25
Greedy score: 3008373
estimationFactor: 1.0
Sub-optimal score: 3008373
Total Number of elements weighted: 85
Normalized score (portion of input quartet trees satisfied before correcting for multiple individuals): 1.0
Optimization score: 3008373
Optimal tree inferred in 0.587 secs.
(24,(20,((18,14),(((16,13),((23,17),(5,10))),(8,((3,(1,2)),((7,4),(12,((19,(15,22)),(6,(25,(21,(11,9)))))))))))));
Final quartet score is: 3008373
Final normalized quartet score is: 1.0
(23,(17,((5,10)1:5.7766197986084435,((16,13)1:5.867411898438004,((8,((3,(1,2)1:5.466652681367253)1:5.01948490937323,((7,4)1:6.02586597382531,(12,((19,(15,22)1:5.365976015021851)1:5.632405811813952,(6,(25,(21,(11,9)1:6.068425588244106)1:5.94716428821141)1:5.940171252720428)1:5.674468086987429)1:5.598421958998388)1:5.646624060816265)1:5.119987831023621)1:5.143610976787059)1:5.757849695926485,((18,14)1:5.7990926544605195,(20,24)1:5.608250047934655)1:5.7990926544605195)1:6.0096318510634505)1:5.8692969131337644)1:5.685844773969538));
Weight calculation took 0.027503855 secs
ASTRAL finished in 2.872 secs
