
================== ASTRAL ===================== 

This is ASTRAL version 5.6.3
Gene trees are treated as unrooted
214 trees read from g_trees-raxml-sqlen-250-ngen-50.trees.tree
All output trees will be *arbitrarily* rooted at 8

======== Running the main analysis
Number of taxa: 25 (25 species)
Taxa: [8, 7, 4, 25, 21, 11, 9, 14, 18, 13, 16, 23, 17, 10, 5, 6, 20, 24, 12, 22, 15, 19, 3, 1, 2]
Taxon occupancy: {22=163, 23=170, 24=167, 25=99, 10=110, 11=162, 12=176, 13=118, 14=169, 15=173, 16=159, 17=143, 18=169, 19=174, 1=141, 2=141, 3=124, 4=172, 5=117, 6=176, 7=170, 8=183, 9=162, 20=166, 21=161}
Number of gene trees: 214
212 trees have missing taxa
Calculating quartet distance matrix (for completion of X)
Species tree distances calculated ...
Will attempt to complete bipartitions from X before adding using a distance matrix.
Building set of clusters (X) from gene trees 
------------------------------
gradient0: 203
Number of Clusters after addition by distance: 203
calculating extra bipartitions to be added at level 1 ...
Adding to X using resolutions of greedy consensus ...
Limit for sigma of degrees:675
polytomy size limit : 3
discarded polytomies:  []
Threshold 0.0:
Threshold 0.01:
Threshold 0.02:
Threshold 0.05:
Threshold 0.1:
Threshold 0.2:
Threshold 0.3333333333333333:
max k is :0
Number of Clusters after addition by greedy: 203
gradient0 in heuristiic: 203
partitions formed in 0.209 secs
Dynamic Programming starting after 0.209 secs
Using tree-based weight calculation.
Using polytree-based weight calculation.
Polytree max score: 807350
Polytree building time: 0.026 seconds.
Number of quartet trees in the gene trees: 807350
Size of largest cluster: 25
Greedy score: 767645
estimationFactor: 1.051723127226778
Sub-optimal score: 777046
Total Number of elements weighted: 196
Normalized score (portion of input quartet trees satisfied before correcting for multiple individuals): 0.9624648541524742
Optimization score: 777046
Optimal tree inferred in 0.318 secs.
(15,(22,(19,((6,(25,(21,(11,9)))),((12,(7,4)),((3,(1,2)),(8,(((23,17),(10,5)),((13,16),((20,24),(14,18)))))))))));
Final quartet score is: 777046
Final normalized quartet score is: 0.9624648541524742
(8,((((23,17)1:3.8430301339411983,(10,5)1:2.3918162267219873)1:1.1400855368746847,((13,16)1:1.9890565051457447,((20,24)1:1.8769172775683618,(14,18)1:4.669708707125666)1:4.529008825022534)0.58:0.15302518730552378)1:3.3202283191284896,((3,(1,2)1:4.313033763186934)1:4.330733340286328,((12,(7,4)1:4.514515817719961)1:1.199518453976556,((6,(25,(21,(11,9)1:3.53934772014297)1:3.8985999850960074)1:0.3829922522561057)1:1.9509709627099905,(19,(22,15)1:1.178654996341646)1:4.644390899141376)1:1.558908386672864)1:1.9993988340062994)1:1.9924301646902058));
Weight calculation took 0.03536511 secs
ASTRAL finished in 0.733 secs
