
================== ASTRAL ===================== 

This is ASTRAL version 5.6.3
Gene trees are treated as unrooted
419 trees read from g_trees-raxml-sqlen-50-ngen-100.trees.tree
All output trees will be *arbitrarily* rooted at 16

======== Running the main analysis
Number of taxa: 25 (25 species)
Taxa: [16, 8, 24, 20, 18, 14, 5, 17, 23, 25, 12, 11, 9, 21, 6, 4, 7, 13, 10, 22, 15, 19, 3, 2, 1]
Taxon occupancy: {22=273, 23=318, 24=261, 25=304, 10=287, 11=291, 12=305, 13=173, 14=270, 15=268, 16=302, 17=267, 18=278, 19=227, 1=145, 2=153, 3=147, 4=309, 5=274, 6=329, 7=320, 8=197, 9=282, 20=262, 21=300}
Number of gene trees: 419
419 trees have missing taxa
Calculating quartet distance matrix (for completion of X)
Species tree distances calculated ...
Will attempt to complete bipartitions from X before adding using a distance matrix.
Building set of clusters (X) from gene trees 
------------------------------
gradient0: 487
Number of Clusters after addition by distance: 487
calculating extra bipartitions to be added at level 1 ...
Adding to X using resolutions of greedy consensus ...
Limit for sigma of degrees:675
polytomy size limit : 4
discarded polytomies:  [4]
Threshold 0.0:
Threshold 0.01:
Threshold 0.02:
Threshold 0.05:
Threshold 0.1:
Threshold 0.2:
Threshold 0.3333333333333333:
polytomy of size 4; rounds with additions with at least 5 support: 0; clusters: 487
max k is :0
Number of Clusters after addition by greedy: 487
gradient0 in heuristiic: 487
partitions formed in 0.402 secs
Dynamic Programming starting after 0.402 secs
Using tree-based weight calculation.
Using polytree-based weight calculation.
Polytree max score: 812701
Polytree building time: 0.049 seconds.
Number of quartet trees in the gene trees: 812701
Size of largest cluster: 25
Greedy score: 666540
estimationFactor: 1.2192831638011221
Sub-optimal score: 666540
Total Number of elements weighted: 962
Normalized score (portion of input quartet trees satisfied before correcting for multiple individuals): 0.837385459104886
Optimization score: 680544
Optimal tree inferred in 0.756 secs.
(15,(22,(19,((6,(25,(21,(11,9)))),((12,(4,7)),((3,(2,1)),(8,(((18,14),(24,20)),((16,13),((17,23),(5,10)))))))))));
Final quartet score is: 680544
Final normalized quartet score is: 0.837385459104886
(16,(13,(((17,23)1:2.0275358992031154,(5,10)0.94:0.11701169737802358)1:1.2139279532304872,(((18,14)1:3.8525088778957346,(24,20)1:0.6984463875881106)1:2.52278434984332,(8,((3,(2,1)1:2.5032557884561966)1:4.276666119016051,((12,(4,7)1:1.8598189540887602)0.69:0.04644963611263565,((6,(25,(21,(11,9)1:2.5308437449750265)1:2.618927782585507)0.4:0.013021547036013572)1:0.34342818765440036,(19,(22,15)1:0.3224123797209477)1:1.5764073938458694)1:0.3716950392928152)1:1.2097365090426855)1:0.3522394527959457)1:0.3606750568987232)1:0.4002381316624246)1:0.3349733377815286));
Weight calculation took 0.250684761 secs
ASTRAL finished in 1.107 secs
