
================== ASTRAL ===================== 

This is ASTRAL version 5.6.3
Gene trees are treated as unrooted
560 trees read from g_trees-raxml-sqlen-250-ngen-100.trees.tree
All output trees will be *arbitrarily* rooted at 8

======== Running the main analysis
Number of taxa: 25 (25 species)
Taxa: [8, 7, 4, 25, 21, 11, 9, 14, 18, 13, 16, 23, 17, 10, 5, 6, 20, 24, 12, 22, 15, 19, 3, 1, 2]
Taxon occupancy: {22=375, 23=414, 24=420, 25=343, 10=350, 11=436, 12=415, 13=302, 14=462, 15=390, 16=434, 17=385, 18=466, 19=343, 1=270, 2=292, 3=279, 4=432, 5=314, 6=468, 7=437, 8=420, 9=435, 20=400, 21=430}
Number of gene trees: 560
558 trees have missing taxa
Calculating quartet distance matrix (for completion of X)
Species tree distances calculated ...
Will attempt to complete bipartitions from X before adding using a distance matrix.
Building set of clusters (X) from gene trees 
------------------------------
gradient0: 257
Number of Clusters after addition by distance: 257
calculating extra bipartitions to be added at level 1 ...
Adding to X using resolutions of greedy consensus ...
Limit for sigma of degrees:675
polytomy size limit : 3
discarded polytomies:  []
Threshold 0.0:
Threshold 0.01:
Threshold 0.02:
Threshold 0.05:
Threshold 0.1:
Threshold 0.2:
Threshold 0.3333333333333333:
max k is :0
Number of Clusters after addition by greedy: 257
gradient0 in heuristiic: 257
partitions formed in 0.342 secs
Dynamic Programming starting after 0.342 secs
Using tree-based weight calculation.
Using polytree-based weight calculation.
Polytree max score: 1828151
Polytree building time: 0.065 seconds.
Number of quartet trees in the gene trees: 1828151
Size of largest cluster: 25
Greedy score: 1699890
estimationFactor: 1.0754525292813064
Sub-optimal score: 1716646
Total Number of elements weighted: 296
Normalized score (portion of input quartet trees satisfied before correcting for multiple individuals): 0.9390066794263713
Optimization score: 1716646
Optimal tree inferred in 0.605 secs.
(15,(22,(19,((6,(25,(21,(11,9)))),((12,(7,4)),((3,(1,2)),(8,(((20,24),(14,18)),((13,16),((10,5),(23,17)))))))))));
Final quartet score is: 1716646
Final normalized quartet score is: 0.9390066794263713
(8,((((20,24)1:2.2059258986564565,(14,18)1:5.2814067273020555)1:4.106614654813914,((13,16)1:0.4031529683497847,((10,5)1:3.453157120592868,(23,17)1:1.6274564179367788)1:1.9090485557511552)1:0.4562693972570567)1:0.9937396969038375,((3,(1,2)1:4.927253685157201)1:5.006180943746879,((12,(7,4)1:5.375278407684161)1:0.6419807482393423,((6,(25,(21,(11,9)1:4.217053716214543)1:5.185521872402704)1:0.8504735620550994)1:1.6251244895617158,(19,(22,15)1:1.6157670474857482)1:5.359725994676675)1:1.514641206221823)1:2.678559772591504)1:2.799987696427895));
Weight calculation took 0.1469855 secs
ASTRAL finished in 0.985 secs
