
================== ASTRAL ===================== 

This is ASTRAL version 5.6.3
Gene trees are treated as unrooted
831 trees read from g_trees-raxml-sqlen-250-ngen-25.trees.tree
All output trees will be *arbitrarily* rooted at 1

======== Running the main analysis
Number of taxa: 25 (25 species)
Taxa: [1, 2, 3, 24, 20, 14, 18, 13, 17, 23, 16, 5, 8, 6, 9, 11, 21, 25, 12, 7, 4, 19, 15, 22, 10]
Taxon occupancy: {22=349, 23=435, 24=475, 25=392, 10=483, 11=428, 12=468, 13=555, 14=546, 15=342, 16=561, 17=343, 18=548, 19=373, 1=378, 2=370, 3=342, 4=657, 5=513, 6=497, 7=653, 8=606, 9=428, 20=518, 21=436}
Number of gene trees: 831
795 trees have missing taxa
Calculating quartet distance matrix (for completion of X)
Species tree distances calculated ...
Will attempt to complete bipartitions from X before adding using a distance matrix.
Building set of clusters (X) from gene trees 
------------------------------
gradient0: 165
Number of Clusters after addition by distance: 165
calculating extra bipartitions to be added at level 1 ...
Adding to X using resolutions of greedy consensus ...
Limit for sigma of degrees:675
polytomy size limit : 3
discarded polytomies:  []
Threshold 0.0:
Threshold 0.01:
Threshold 0.02:
Threshold 0.05:
Threshold 0.1:
Threshold 0.2:
Threshold 0.3333333333333333:
max k is :0
Number of Clusters after addition by greedy: 165
gradient0 in heuristiic: 165
partitions formed in 0.396 secs
Dynamic Programming starting after 0.396 secs
Using tree-based weight calculation.
Using polytree-based weight calculation.
Polytree max score: 1956003
Polytree building time: 0.05 seconds.
Number of quartet trees in the gene trees: 1956003
Size of largest cluster: 25
Greedy score: 1923376
estimationFactor: 1.016963401851744
Sub-optimal score: 1923376
Total Number of elements weighted: 140
Normalized score (portion of input quartet trees satisfied before correcting for multiple individuals): 0.983319555235856
Optimization score: 1923376
Optimal tree inferred in 0.543 secs.
(20,(24,((14,18),((13,(16,((17,23),(5,10)))),(8,((3,(1,2)),((12,(7,4)),((19,(15,22)),(25,(6,(21,(9,11))))))))))));
Final quartet score is: 1923376
Final normalized quartet score is: 0.983319555235856
(1,(2,(3,(((12,(7,4)1:5.5399555004984204)1:0.42815651931023524,((19,(15,22)1:1.2707814739980463)1:5.19665371277155,(25,(6,(21,(9,11)1:5.641907070938112)1:5.4146178222442005)1:0.3629054936893685)1:3.4994676030949514)1:1.3453202869095837)1:4.90280258929304,(8,((13,(16,((17,23)1:5.225746673713192,(5,10)1:2.2192034840549946)1:2.600958139688984)0:0.08626034428440701)1:1.5393823415910248,((14,18)1:3.79281037696217,(24,20)1:1.5735059032080372)1:5.743003187809486)1:3.2718087998854632)1:5.006180943746879)1:4.951121166563836)1:5.350277105478742));
Weight calculation took 0.037059472 secs
ASTRAL finished in 2.667 secs
