
================== ASTRAL ===================== 

This is ASTRAL version 5.6.3
Gene trees are treated as unrooted
175 trees read from g_trees-raxml-sqlen-0-ngen-50.trees.tree
All output trees will be *arbitrarily* rooted at 19

======== Running the main analysis
Number of taxa: 25 (25 species)
Taxa: [19, 15, 22, 9, 11, 21, 6, 12, 24, 20, 14, 18, 16, 5, 8, 10, 23, 17, 13, 25, 7, 4, 3, 1, 2]
Taxon occupancy: {22=100, 23=148, 24=127, 25=130, 10=135, 11=136, 12=127, 13=123, 14=140, 15=115, 16=151, 17=116, 18=140, 19=129, 1=91, 2=90, 3=91, 4=123, 5=135, 6=151, 7=131, 8=120, 9=136, 20=125, 21=135}
Number of gene trees: 175
171 trees have missing taxa
Calculating quartet distance matrix (for completion of X)
Species tree distances calculated ...
Will attempt to complete bipartitions from X before adding using a distance matrix.
Building set of clusters (X) from gene trees 
------------------------------
gradient0: 99
Number of Clusters after addition by distance: 99
calculating extra bipartitions to be added at level 1 ...
Adding to X using resolutions of greedy consensus ...
Limit for sigma of degrees:675
polytomy size limit : 3
discarded polytomies:  []
Threshold 0.0:
Threshold 0.01:
Threshold 0.02:
Threshold 0.05:
Threshold 0.1:
Threshold 0.2:
Threshold 0.3333333333333333:
max k is :0
Number of Clusters after addition by greedy: 99
gradient0 in heuristiic: 99
partitions formed in 0.182 secs
Dynamic Programming starting after 0.182 secs
Using tree-based weight calculation.
Using polytree-based weight calculation.
Polytree max score: 654819
Polytree building time: 0.019 seconds.
Number of quartet trees in the gene trees: 654819
Size of largest cluster: 25
Greedy score: 654819
estimationFactor: 1.0
Sub-optimal score: 654819
Total Number of elements weighted: 86
Normalized score (portion of input quartet trees satisfied before correcting for multiple individuals): 1.0
Optimization score: 654819
Optimal tree inferred in 0.266 secs.
(7,(4,((12,((19,(15,22)),(6,(25,(21,(9,11)))))),((3,(1,2)),(8,(((24,20),(14,18)),((16,13),((23,17),(5,10)))))))));
Final quartet score is: 654819
Final normalized quartet score is: 1.0
(19,((15,22)1:4.10539439840869,((6,(25,(21,(9,11)1:4.469732215092986)1:4.257973986003903)1:4.276666119016051)1:4.313033763186934,(12,(((3,(1,2)1:4.01337549968843)1:3.938340313745519,(8,(((24,20)1:4.313033763186934,(14,18)1:4.414816457496873)1:4.414816457496873,((16,13)1:4.276666119016051,((23,17)1:4.209655408733094,(5,10)1:4.382026634673885)1:4.484884020113582)1:4.550361949493098)1:4.238925791033211)1:3.884994333040223)1:3.721669276936928,(4,7)1:4.398555936625091)1:4.083171261623973)1:4.229263880121472)1:4.295015257684257));
Weight calculation took 0.022228146 secs
ASTRAL finished in 2.014 secs
