
================== ASTRAL ===================== 

This is ASTRAL version 5.6.3
Gene trees are treated as unrooted
380 trees read from g_trees-raxml-sqlen-0-ngen-100.trees.tree
All output trees will be *arbitrarily* rooted at 19

======== Running the main analysis
Number of taxa: 25 (25 species)
Taxa: [19, 15, 22, 9, 11, 21, 6, 12, 24, 20, 14, 18, 16, 5, 8, 10, 23, 17, 13, 25, 7, 4, 3, 1, 2]
Taxon occupancy: {22=251, 23=292, 24=282, 25=286, 10=305, 11=299, 12=257, 13=255, 14=311, 15=272, 16=308, 17=261, 18=315, 19=268, 1=230, 2=231, 3=236, 4=287, 5=298, 6=330, 7=296, 8=290, 9=298, 20=290, 21=300}
Number of gene trees: 380
360 trees have missing taxa
Calculating quartet distance matrix (for completion of X)
Species tree distances calculated ...
Will attempt to complete bipartitions from X before adding using a distance matrix.
Building set of clusters (X) from gene trees 
------------------------------
gradient0: 105
Number of Clusters after addition by distance: 105
calculating extra bipartitions to be added at level 1 ...
Adding to X using resolutions of greedy consensus ...
Limit for sigma of degrees:675
polytomy size limit : 3
discarded polytomies:  []
Threshold 0.0:
Threshold 0.01:
Threshold 0.02:
Threshold 0.05:
Threshold 0.1:
Threshold 0.2:
Threshold 0.3333333333333333:
max k is :0
Number of Clusters after addition by greedy: 105
gradient0 in heuristiic: 105
partitions formed in 0.279 secs
Dynamic Programming starting after 0.279 secs
Using tree-based weight calculation.
Using polytree-based weight calculation.
Polytree max score: 1617841
Polytree building time: 0.04 seconds.
Number of quartet trees in the gene trees: 1617841
Size of largest cluster: 25
Greedy score: 1617047
estimationFactor: 1.0004910185047189
Sub-optimal score: 1617047
Total Number of elements weighted: 92
Normalized score (portion of input quartet trees satisfied before correcting for multiple individuals): 0.9995092224761272
Optimization score: 1617047
Optimal tree inferred in 0.412 secs.
(7,(4,((12,((19,(15,22)),(6,(25,(21,(9,11)))))),((3,(1,2)),(8,(((24,20),(14,18)),((16,13),((23,17),(5,10)))))))));
Final quartet score is: 1617047
Final normalized quartet score is: 0.9995092224761272
(19,((15,22)1:4.997212273764125,((6,(25,(21,(9,11)1:5.225746673713192)1:4.988162438244203)1:5.079331825382494)1:5.123963979403262,(12,(((3,(1,2)1:4.877738620629821)1:4.841558964052319,(8,(((24,20)1:5.139712336371398,(14,18)1:5.250526702711674)1:5.264415814872353,((16,13)1:4.988162438244203,((23,17)1:5.010635294096249,(5,10)1:3.9765615265657206)1:4.406719247264248)1:4.845061594603531)1:4.8243057159047495)1:4.95582705760127)1:4.877738620629821,(4,7)1:5.232889561225584)1:4.946393025367891)1:4.872649551122363)1:5.107963638056819));
Weight calculation took 0.040819607 secs
ASTRAL finished in 0.828 secs
