
================== ASTRAL ===================== 

This is ASTRAL version 5.6.3
Gene trees are treated as unrooted
2654 trees read from g_trees-raxml-sqlen-100-ngen-500.trees.tree
All output trees will be *arbitrarily* rooted at 8

======== Running the main analysis
Number of taxa: 25 (25 species)
Taxa: [8, 16, 13, 17, 23, 5, 14, 18, 24, 20, 6, 21, 11, 9, 4, 7, 25, 12, 10, 19, 22, 15, 3, 2, 1]
Taxon occupancy: {22=1898, 23=1721, 24=1847, 25=1717, 10=1774, 11=1949, 12=1588, 13=1722, 14=1778, 15=1850, 16=1859, 17=1718, 18=1783, 19=1848, 1=1604, 2=1665, 3=1512, 4=1706, 5=1761, 6=1670, 7=1779, 8=1595, 9=1958, 20=1754, 21=1973}
Number of gene trees: 2654
2652 trees have missing taxa
Calculating quartet distance matrix (for completion of X)
Species tree distances calculated ...
Will attempt to complete bipartitions from X before adding using a distance matrix.
Building set of clusters (X) from gene trees 
------------------------------
gradient0: 831
Number of Clusters after addition by distance: 831
calculating extra bipartitions to be added at level 1 ...
Adding to X using resolutions of greedy consensus ...
Limit for sigma of degrees:675
polytomy size limit : 3
discarded polytomies:  [3]
Threshold 0.0:
Threshold 0.01:
Threshold 0.02:
Threshold 0.05:
Threshold 0.1:
Threshold 0.2:
Threshold 0.3333333333333333:
polytomy of size 3; rounds with additions with at least 5 support: 0; clusters: 831
max k is :0
Number of Clusters after addition by greedy: 831
gradient0 in heuristiic: 831
partitions formed in 1.341 secs
Dynamic Programming starting after 1.341 secs
Using tree-based weight calculation.
Using polytree-based weight calculation.
Polytree max score: 6893347
Polytree building time: 0.152 seconds.
Number of quartet trees in the gene trees: 6893347
Size of largest cluster: 25
Greedy score: 5844365
estimationFactor: 1.1794860519491852
Sub-optimal score: 5915666
Total Number of elements weighted: 2294
Normalized score (portion of input quartet trees satisfied before correcting for multiple individuals): 0.8788247566820588
Optimization score: 6058044
Optimal tree inferred in 3.815 secs.
(22,(15,(19,((6,(25,(21,(11,9)))),((4,7),(12,((3,(2,1)),(8,(((14,18),(24,20)),((16,13),((5,10),(17,23))))))))))));
Final quartet score is: 6058044
Final normalized quartet score is: 0.8788247566820588
(8,((((14,18)1:2.466843249899357,(24,20)1:1.0753416481838056)1:3.010665616996335,((16,13)1:0.09499329556117012,((5,10)1:1.2217651719087372,(17,23)1:2.265952044598225)1:0.6423487693276273)1:0.17007258423915958)1:0.4220695689155095,((3,(2,1)1:3.10520198196195)1:4.169964615855398,(12,((4,7)1:3.320180523125156,((6,(25,(21,(11,9)1:2.7027639226475433)1:2.890273120396173)1:0.17924748384627415)1:1.0341971330152115,(19,(15,22)1:0.37911390184341975)1:1.747567395913623)1:0.5033666116197406)0.91:0.04423760907706168)1:1.9900418028644256)1:1.445565079103426));
Weight calculation took 2.183675611 secs
ASTRAL finished in 5.257 secs
