
================== ASTRAL ===================== 

This is ASTRAL version 5.6.3
Gene trees are treated as unrooted
166 trees read from g_trees-raxml-sqlen-25-ngen-50.trees.tree
All output trees will be *arbitrarily* rooted at 8

======== Running the main analysis
Number of taxa: 25 (25 species)
Taxa: [8, 18, 14, 24, 20, 13, 16, 25, 21, 11, 9, 6, 4, 23, 17, 5, 7, 12, 19, 22, 15, 10, 3, 1, 2]
Taxon occupancy: {22=105, 23=78, 24=92, 25=151, 10=71, 11=97, 12=148, 13=114, 14=86, 15=108, 16=118, 17=29, 18=88, 19=85, 1=124, 2=130, 3=101, 4=145, 5=99, 6=143, 7=98, 8=43, 9=97, 20=84, 21=145}
Number of gene trees: 166
166 trees have missing taxa
Calculating quartet distance matrix (for completion of X)
Species tree distances calculated ...
Will attempt to complete bipartitions from X before adding using a distance matrix.
Building set of clusters (X) from gene trees 
------------------------------
gradient0: 323
Number of Clusters after addition by distance: 323
calculating extra bipartitions to be added at level 1 ...
Adding to X using resolutions of greedy consensus ...
Limit for sigma of degrees:675
polytomy size limit : 3
discarded polytomies:  []
Threshold 0.0:
Threshold 0.01:
Threshold 0.02:
Threshold 0.05:
Threshold 0.1:
Threshold 0.2:
Threshold 0.3333333333333333:
max k is :0
Number of Clusters after addition by greedy: 323
gradient0 in heuristiic: 323
partitions formed in 0.262 secs
Dynamic Programming starting after 0.262 secs
Using tree-based weight calculation.
Using polytree-based weight calculation.
Polytree max score: 308628
Polytree building time: 0.024 seconds.
Number of quartet trees in the gene trees: 308628
Size of largest cluster: 25
Greedy score: 258759
estimationFactor: 1.1927237313484749
Sub-optimal score: 266761
Total Number of elements weighted: 492
Normalized score (portion of input quartet trees satisfied before correcting for multiple individuals): 0.8643447775315266
Optimization score: 266761
Optimal tree inferred in 0.45 secs.
(15,(22,(19,(25,((6,12),((21,(11,9)),((4,7),(((23,17),(5,10)),((3,(1,2)),(8,((13,16),(20,(24,(18,14))))))))))))));
Final quartet score is: 266761
Final normalized quartet score is: 0.8643447775315266
You may want to ignore posterior probabilities and other statistics related to the following branch branch because the effective number of genes impacting it is only 15:
	{23, 17}
You may want to ignore posterior probabilities and other statistics related to the following branch branch because the effective number of genes impacting it is only 15:
	{5, 10}
You may want to ignore posterior probabilities and other statistics related to the following branch branch because the effective number of genes impacting it is only 18:
	{25, 21, 11, 9, 6, 4, 23, 17, 5, 7, 12, 19, 22, 15, 10, 3, 1, 2}
(8,(((13,16)1:0.7650398958504285,(20,(24,(18,14)1:4.060443010546421)1:0.532905063521697)1:1.2670261374151879)0.47:0.050943194145420916,((3,(1,2)1:2.730029107820986)1:4.179502370562407,(((23,17)1:1.881615798349916,(5,10)0.84:0.34594403615542485)1:1.749031599734169,((4,7)1:2.391505474699599,((21,(11,9)1:1.8971199848858815)1:4.414816457496873,((6,12)1:1.9087775597431813,(25,(19,(22,15)1:0.9142436482524302)1:2.7343360633731355)1:1.7661002060065882)1:1.0675453367576369)1:1.5057061859791625)1:2.3616779278098976)1:0.4148372479370274)1:1.4326001889541022));
Weight calculation took 0.108763019 secs
ASTRAL finished in 2.461 secs
