
================== ASTRAL ===================== 

This is ASTRAL version 5.6.3
Gene trees are treated as unrooted
339 trees read from g_trees-raxml-sqlen-25-ngen-100.trees.tree
All output trees will be *arbitrarily* rooted at 8

======== Running the main analysis
Number of taxa: 25 (25 species)
Taxa: [8, 18, 14, 24, 20, 13, 16, 25, 21, 11, 9, 6, 4, 23, 17, 5, 7, 12, 19, 22, 15, 10, 3, 1, 2]
Taxon occupancy: {22=252, 23=168, 24=224, 25=240, 10=193, 11=198, 12=225, 13=230, 14=207, 15=252, 16=203, 17=118, 18=215, 19=230, 1=207, 2=209, 3=182, 4=250, 5=222, 6=256, 7=206, 8=144, 9=197, 20=195, 21=264}
Number of gene trees: 339
339 trees have missing taxa
Calculating quartet distance matrix (for completion of X)
Species tree distances calculated ...
Will attempt to complete bipartitions from X before adding using a distance matrix.
Building set of clusters (X) from gene trees 
------------------------------
gradient0: 573
Number of Clusters after addition by distance: 573
calculating extra bipartitions to be added at level 1 ...
Adding to X using resolutions of greedy consensus ...
Limit for sigma of degrees:675
polytomy size limit : 5
discarded polytomies:  [3, 5]
Threshold 0.0:
Threshold 0.01:
Threshold 0.02:
Threshold 0.05:
Threshold 0.1:
Threshold 0.2:
polytomy of size 3; rounds with additions with at least 5 support: 0; clusters: 573
Threshold 0.3333333333333333:
polytomy of size 5; rounds with additions with at least 5 support: 0; clusters: 573
max k is :0
Number of Clusters after addition by greedy: 573
gradient0 in heuristiic: 573
partitions formed in 0.418 secs
Dynamic Programming starting after 0.418 secs
Using tree-based weight calculation.
Using polytree-based weight calculation.
Polytree max score: 633953
Polytree building time: 0.038 seconds.
Number of quartet trees in the gene trees: 633953
Size of largest cluster: 25
Greedy score: 492450
estimationFactor: 1.2873449081124988
Sub-optimal score: 508023
Total Number of elements weighted: 1155
Normalized score (portion of input quartet trees satisfied before correcting for multiple individuals): 0.8016098985256005
Optimization score: 508183
Optimal tree inferred in 0.758 secs.
(15,(19,(22,(25,((6,12),((21,(11,9)),((4,7),((3,(1,2)),(8,((13,16),(((23,17),(5,10)),((18,14),(24,20)))))))))))));
Final quartet score is: 508183
Final normalized quartet score is: 0.8016098985256005
(8,(((13,16)0.48:0.043201219620309816,(((23,17)1:1.2824892400716623,(5,10)0.65:0.10750769021887545)1:0.6235736299760337,((18,14)1:4.877738620629821,(24,20)1:0.2997253646120056)1:1.7478909289117481)1:0.343594807776737)0.63:0.06073073697638685,((3,(1,2)1:3.128221456600071)1:4.1261563898571225,((4,7)1:2.8715870134549677,((21,(11,9)1:2.350625069581406)1:2.4785397037749517,((6,12)1:0.8421618006873898,(25,(22,(19,15)0.99:0.24394405394479324)1:2.701117027441384)1:0.7298859543519176)1:0.32239376330553354)1:0.666707427762686)1:0.9900289499101492)1:1.9190587075617351));
Weight calculation took 0.249456655 secs
ASTRAL finished in 0.909 secs
