
================== ASTRAL ===================== 

This is ASTRAL version 5.6.3
Gene trees are treated as unrooted
500 trees read from g_trees-raxml-sqlen-250-ngen-500-s2g.trees
All output trees will be *arbitrarily* rooted at 16

======== Running the main analysis
Number of taxa: 25 (25 species)
Taxa: [16, 15, 14, 13, 12, 11, 10, 19, 18, 17, 25, 24, 1, 23, 2, 22, 3, 21, 4, 20, 5, 6, 7, 8, 9]
Taxon occupancy: {16_1=500, 15_1=500, 14_1=500, 13_1=500, 12_1=500, 11_1=500, 10_1=500, 19_1=500, 18_1=500, 17_1=500, 25_1=500, 24_1=500, 1_1=500, 2_1=500, 23_1=500, 3_1=500, 22_1=500, 4_1=500, 21_1=500, 5_1=500, 20_1=500, 6_1=500, 7_1=500, 8_1=500, 9_1=500}
Number of gene trees: 500
0 trees have missing taxa
Calculating quartet distance matrix (for completion of X)
Species tree distances calculated ...
Building set of clusters (X) from gene trees 
------------------------------
gradient0: 649
Number of Clusters after addition by distance: 649
calculating extra bipartitions to be added at level 1 ...
Adding to X using resolutions of greedy consensus ...
Limit for sigma of degrees:675
polytomy size limit : 3
discarded polytomies:  [3]
Threshold 0.0:
Threshold 0.01:
Threshold 0.02:
Threshold 0.05:
Threshold 0.1:
Threshold 0.2:
Threshold 0.3333333333333333:
polytomy of size 3; rounds with additions with at least 5 support: 0; clusters: 649
max k is :0
Number of Clusters after addition by greedy: 649
gradient0 in heuristiic: 649
partitions formed in 0.414 secs
Dynamic Programming starting after 0.414 secs
Using tree-based weight calculation.
Using polytree-based weight calculation.
Polytree max score: 6325000
Polytree building time: 0.137 seconds.
Number of quartet trees in the gene trees: 6325000
Size of largest cluster: 25
Greedy score: 5577151
estimationFactor: 1.1340915818847292
Sub-optimal score: 5761151
Total Number of elements weighted: 1376
Normalized score (portion of input quartet trees satisfied before correcting for multiple individuals): 0.9108539130434783
Optimization score: 5761151
Optimal tree inferred in 0.769 secs.
(13,(14,(21,(4,((10,1),((25,24),(((18,22),(12,6)),((8,(19,3)),((2,5),(23,((9,(16,20)),((11,17),(15,7)))))))))))));
Final quartet score is: 5761151
Final normalized quartet score is: 0.9108539130434783
(16_1,(20_1,(9_1,(((11_1,17_1)1:4.712528704308583,(15_1,7_1)1:2.5366953169536886)1:2.9009060915811284,(23_1,((2_1,5_1)1:3.0281894837013703,((8_1,(19_1,3_1)1:3.522286092794564)1:1.1274677455006648,(((18_1,22_1)1:3.702371836202349,(12_1,6_1)1:3.7139998741974587)1:0.9279749175877914,((25_1,24_1)1:4.658461483038324,((10_1,1_1)1:0.4540583172024123,(4_1,(21_1,(14_1,13_1)1:0.7665435429806307)1:0.8899442615276856)1:3.3710849093540554)1:1.9567782574009744)1:2.2876125291602567)1:0.8402865688922893)1:0.9540238627387277)1:1.7953587532577016)0.53:0.026592090694983597)1:3.5085558999826563)1:1.4888161106397768));
Weight calculation took 0.140578177 secs
ASTRAL finished in 1.08 secs
