
================== ASTRAL ===================== 

This is ASTRAL version 5.6.3
Gene trees are treated as unrooted
100 trees read from g_trees-raxml-sqlen-50-ngen-100-s2g.trees
All output trees will be *arbitrarily* rooted at 16

======== Running the main analysis
Number of taxa: 25 (25 species)
Taxa: [16, 15, 14, 13, 12, 11, 10, 19, 18, 17, 25, 24, 1, 23, 2, 22, 3, 21, 4, 20, 5, 6, 7, 8, 9]
Taxon occupancy: {16_1=100, 15_1=100, 14_1=100, 13_1=100, 12_1=100, 11_1=100, 10_1=100, 19_1=100, 18_1=100, 17_1=100, 25_1=100, 24_1=100, 1_1=100, 2_1=100, 23_1=100, 3_1=100, 22_1=100, 21_1=100, 4_1=100, 5_1=100, 20_1=100, 6_1=100, 7_1=100, 8_1=100, 9_1=100}
Number of gene trees: 100
0 trees have missing taxa
Calculating quartet distance matrix (for completion of X)
Species tree distances calculated ...
Building set of clusters (X) from gene trees 
------------------------------
gradient0: 1133
Number of Clusters after addition by distance: 1133
calculating extra bipartitions to be added at level 1 ...
Adding to X using resolutions of greedy consensus ...
Limit for sigma of degrees:675
polytomy size limit : 5
discarded polytomies:  [3, 3, 3, 3, 3, 5]
Threshold 0.0:
Threshold 0.01:
Threshold 0.02:
Threshold 0.05:
Threshold 0.1:
Threshold 0.2:
polytomy of size 3; rounds with additions with at least 5 support: 0; clusters: 1133
polytomy of size 3; rounds with additions with at least 5 support: 0; clusters: 1133
Threshold 0.3333333333333333:
polytomy of size 3; rounds with additions with at least 5 support: 0; clusters: 1133
polytomy of size 3; rounds with additions with at least 5 support: 0; clusters: 1133
polytomy of size 5; rounds with additions with at least 5 support: 0; clusters: 1133
polytomy of size 3; rounds with additions with at least 5 support: 0; clusters: 1133
max k is :0
Number of Clusters after addition by greedy: 1133
gradient0 in heuristiic: 1133
partitions formed in 0.391 secs
Dynamic Programming starting after 0.391 secs
Using tree-based weight calculation.
Using polytree-based weight calculation.
Polytree max score: 1265000
Polytree building time: 0.067 seconds.
Number of quartet trees in the gene trees: 1265000
Size of largest cluster: 25
Greedy score: 850077
estimationFactor: 1.488100489720343
Sub-optimal score: 878163
Total Number of elements weighted: 3294
Normalized score (portion of input quartet trees satisfied before correcting for multiple individuals): 0.734905138339921
Optimization score: 929655
Optimal tree inferred in 0.73 secs.
(14,((13,21),(4,(1,(10,((25,24),(((18,22),(12,6)),((8,(19,3)),((2,5),(23,((9,(16,20)),((11,17),(15,7)))))))))))));
Final quartet score is: 929655
Final normalized quartet score is: 0.734905138339921
(16_1,(20_1,(9_1,(((11_1,17_1)1:2.2671524179993954,(15_1,7_1)1:0.4731202205203387)1:0.7029586321683928,(23_1,((2_1,5_1)1:1.3086917949651984,((8_1,(19_1,3_1)1:1.465887125028803)1:0.24567266437423735,(((18_1,22_1)1:1.8117601359347246,(12_1,6_1)1:2.437936690388484)1:0.365870065528723,((25_1,24_1)1:2.336346072540931,(10_1,(1_1,(4_1,((13_1,21_1)0.83:0.11986666304685506,14_1)1:0.47539294877134075)1:1.2909841813155662)0.57:0.054479847642955236)1:0.8362928260643839)1:0.6527517812073516)0.75:0.08782741642992)1:0.3067362175544198)1:0.654443410921693)0.58:0.05322631433498979)1:1.361843265255726)1:0.34605899721042327));
Weight calculation took 0.192862956 secs
ASTRAL finished in 0.851 secs
