
================== ASTRAL ===================== 

This is ASTRAL version 5.6.3
Gene trees are treated as unrooted
25 trees read from g_trees-raxml-sqlen-25-ngen-25-s2g.trees
All output trees will be *arbitrarily* rooted at 16

======== Running the main analysis
Number of taxa: 25 (25 species)
Taxa: [16, 15, 14, 13, 12, 11, 10, 19, 18, 17, 25, 24, 1, 23, 2, 22, 3, 21, 4, 20, 5, 6, 7, 8, 9]
Taxon occupancy: {16_1=25, 15_1=25, 14_1=25, 13_1=25, 12_1=25, 11_1=25, 10_1=25, 19_1=25, 18_1=25, 17_1=25, 25_1=25, 24_1=25, 1_1=25, 2_1=25, 23_1=25, 22_1=25, 3_1=25, 4_1=25, 21_1=25, 20_1=25, 5_1=25, 6_1=25, 7_1=25, 8_1=25, 9_1=25}
Number of gene trees: 25
0 trees have missing taxa
Calculating quartet distance matrix (for completion of X)
Species tree distances calculated ...
Building set of clusters (X) from gene trees 
------------------------------
gradient0: 601
Number of Clusters after addition by distance: 601
calculating extra bipartitions to be added at level 1 ...
Adding to X using resolutions of greedy consensus ...
Limit for sigma of degrees:675
polytomy size limit : 10
discarded polytomies:  [3, 3, 3, 3, 4, 6, 10]
Threshold 0.0:
Threshold 0.01:
Threshold 0.02:
Threshold 0.05:
polytomy of size 3; rounds with additions with at least 5 support: 1; clusters: 605
Threshold 0.1:
polytomy of size 4; rounds with additions with at least 5 support: 0; clusters: 605
Threshold 0.2:
polytomy of size 6; rounds with additions with at least 5 support: 0; clusters: 605
polytomy of size 3; rounds with additions with at least 5 support: 1; clusters: 607
Threshold 0.3333333333333333:
polytomy of size 3; rounds with additions with at least 5 support: 0; clusters: 607
polytomy of size 10; rounds with additions with at least 5 support: 0; clusters: 609
polytomy of size 3; rounds with additions with at least 5 support: 0; clusters: 609
max k is :2
Number of Clusters after addition by greedy: 609
gradient0 in heuristiic: 609
partitions formed in 0.306 secs
Dynamic Programming starting after 0.306 secs
Using tree-based weight calculation.
Using polytree-based weight calculation.
Polytree max score: 316250
Polytree building time: 0.018 seconds.
Number of quartet trees in the gene trees: 316250
Size of largest cluster: 25
Greedy score: 207467
estimationFactor: 1.5243388105096232
Sub-optimal score: 211733
Total Number of elements weighted: 1074
Normalized score (portion of input quartet trees satisfied before correcting for multiple individuals): 0.6779541501976285
Optimization score: 214403
Optimal tree inferred in 0.429 secs.
(4,((13,(14,21)),(1,(10,((25,24),((12,6),((18,22),((8,(19,3)),((2,5),((23,(9,(16,20))),((11,17),(15,7))))))))))));
Final quartet score is: 214403
Final normalized quartet score is: 0.6779541501976285
(16_1,(20_1,(9_1,(23_1,(((11_1,17_1)1:2.0685124711476464,(15_1,7_1)0.73:0.16543202429129816)0.98:0.3931682873115829,((2_1,5_1)1:1.1034315751040582,((8_1,(19_1,3_1)1:0.7562880774308789)0.81:0.20203380355919304,((18_1,22_1)1:1.1189357616400242,((12_1,6_1)1:1.6842858032305337,((25_1,24_1)1:1.7540191412452077,(10_1,(1_1,((13_1,(14_1,21_1)0.54:0.07437697013785893)0.98:0.4144337780909248,4_1)1:0.7263858220356793)0.96:0.3492560313858103)1:0.6359887667199969)0.99:0.5033748176101251)0.37:3.6989088640711974E-4)0.67:0.12783337150988489)0.37:0.001603849581974516)0.98:0.4131871542020747)0.44:0.03775120517392141)1:0.7097680617959855)0.83:0.233246865896764));
Weight calculation took 0.059205428 secs
ASTRAL finished in 0.524 secs
