
================== ASTRAL ===================== 

This is ASTRAL version 5.6.3
Gene trees are treated as unrooted
25 trees read from g_trees-raxml-sqlen-100-ngen-25-s2g.trees
All output trees will be *arbitrarily* rooted at 16

======== Running the main analysis
Number of taxa: 25 (25 species)
Taxa: [16, 15, 14, 13, 12, 11, 10, 19, 18, 17, 25, 24, 1, 23, 2, 22, 3, 21, 4, 20, 5, 6, 7, 8, 9]
Taxon occupancy: {16_1=25, 15_1=25, 14_1=25, 13_1=25, 12_1=25, 11_1=25, 10_1=25, 19_1=25, 18_1=25, 17_1=25, 25_1=25, 24_1=25, 1_1=25, 2_1=25, 23_1=25, 3_1=25, 22_1=25, 4_1=25, 21_1=25, 5_1=25, 20_1=25, 6_1=25, 7_1=25, 8_1=25, 9_1=25}
Number of gene trees: 25
0 trees have missing taxa
Calculating quartet distance matrix (for completion of X)
Species tree distances calculated ...
Building set of clusters (X) from gene trees 
------------------------------
gradient0: 327
Number of Clusters after addition by distance: 327
calculating extra bipartitions to be added at level 1 ...
Adding to X using resolutions of greedy consensus ...
Limit for sigma of degrees:675
polytomy size limit : 4
discarded polytomies:  [3, 3, 4]
Threshold 0.0:
Threshold 0.01:
Threshold 0.02:
Threshold 0.05:
Threshold 0.1:
Threshold 0.2:
polytomy of size 3; rounds with additions with at least 5 support: 0; clusters: 327
Threshold 0.3333333333333333:
polytomy of size 4; rounds with additions with at least 5 support: 0; clusters: 327
polytomy of size 3; rounds with additions with at least 5 support: 0; clusters: 327
max k is :0
Number of Clusters after addition by greedy: 327
gradient0 in heuristiic: 327
partitions formed in 0.138 secs
Dynamic Programming starting after 0.138 secs
Using tree-based weight calculation.
Using polytree-based weight calculation.
Polytree max score: 316250
Polytree building time: 0.015 seconds.
Number of quartet trees in the gene trees: 316250
Size of largest cluster: 25
Greedy score: 234906
estimationFactor: 1.3462831941287152
Sub-optimal score: 238127
Total Number of elements weighted: 487
Normalized score (portion of input quartet trees satisfied before correcting for multiple individuals): 0.780891699604743
Optimization score: 246957
Optimal tree inferred in 0.202 secs.
(11,(17,((15,7),((9,(16,20)),(23,((2,5),((8,(19,3)),(((18,22),(12,6)),((25,24),(10,(1,(4,(21,(14,13))))))))))))));
Final quartet score is: 246957
Final normalized quartet score is: 0.780891699604743
(16_1,(20_1,(9_1,((23_1,((2_1,5_1)1:1.8971199848858804,((8_1,(19_1,3_1)1:2.8526314299133184)1:0.7008692266538558,(((18_1,22_1)1:2.8526314299133184,(12_1,6_1)1:2.159484249353373)1:0.5462075606121066,((25_1,24_1)1:2.7414057948030943,(10_1,(1_1,(4_1,(21_1,(14_1,13_1)0.8:0.22336210666422193)0.99:0.5058016351215144)1:1.7540191412452077)0.72:0.21357410029805904)1:0.9799246848812989)1:0.7494358022253746)0.4:0.016481226183792035)0.94:0.3246830288667495)1:0.740400065410491)0.65:0.12580437413981224,((15_1,7_1)1:1.0931328229034842,(17_1,11_1)1:2.8526314299133184)1:0.9723185633438172)1:1.665465743903763)0.99:0.4926354297059331));
Weight calculation took 0.018661507 secs
ASTRAL finished in 0.286 secs
