
================== ASTRAL ===================== 

This is ASTRAL version 5.6.3
Gene trees are treated as unrooted
100 trees read from g_trees-raxml-sqlen-250-ngen-100-s2g.trees
All output trees will be *arbitrarily* rooted at 16

======== Running the main analysis
Number of taxa: 25 (25 species)
Taxa: [16, 15, 14, 13, 12, 11, 10, 19, 18, 17, 25, 24, 1, 23, 2, 22, 3, 21, 4, 20, 5, 6, 7, 8, 9]
Taxon occupancy: {16_1=100, 15_1=100, 14_1=100, 13_1=100, 12_1=100, 11_1=100, 10_1=100, 19_1=100, 18_1=100, 17_1=100, 25_1=100, 24_1=100, 1_1=100, 2_1=100, 23_1=100, 3_1=100, 22_1=100, 4_1=100, 21_1=100, 5_1=100, 20_1=100, 6_1=100, 7_1=100, 8_1=100, 9_1=100}
Number of gene trees: 100
0 trees have missing taxa
Calculating quartet distance matrix (for completion of X)
Species tree distances calculated ...
Building set of clusters (X) from gene trees 
------------------------------
gradient0: 319
Number of Clusters after addition by distance: 319
calculating extra bipartitions to be added at level 1 ...
Adding to X using resolutions of greedy consensus ...
Limit for sigma of degrees:675
polytomy size limit : 3
discarded polytomies:  []
Threshold 0.0:
Threshold 0.01:
Threshold 0.02:
Threshold 0.05:
Threshold 0.1:
Threshold 0.2:
Threshold 0.3333333333333333:
max k is :0
Number of Clusters after addition by greedy: 319
gradient0 in heuristiic: 319
partitions formed in 0.274 secs
Dynamic Programming starting after 0.274 secs
Using tree-based weight calculation.
Using polytree-based weight calculation.
Polytree max score: 1265000
Polytree building time: 0.03 seconds.
Number of quartet trees in the gene trees: 1265000
Size of largest cluster: 25
Greedy score: 1113378
estimationFactor: 1.1361819615620212
Sub-optimal score: 1152768
Total Number of elements weighted: 425
Normalized score (portion of input quartet trees satisfied before correcting for multiple individuals): 0.9112790513833993
Optimization score: 1152768
Optimal tree inferred in 0.385 secs.
(13,(14,(21,(4,((10,1),((25,24),(((18,22),(12,6)),((8,(19,3)),((2,5),(((11,17),(15,7)),(23,(9,(16,20)))))))))))));
Final quartet score is: 1152768
Final normalized quartet score is: 0.9112790513833993
(16_1,(20_1,(9_1,(23_1,(((11_1,17_1)1:4.209655408733094,(15_1,7_1)1:2.1302138670532598)1:3.0725768392371857,((2_1,5_1)1:2.6170246146153757,((8_1,(19_1,3_1)1:2.725986883588028)1:0.9451690726128426,(((18_1,22_1)1:3.2468446612240456,(12_1,6_1)1:3.820190641971365)1:0.9992771243753347,((25_1,24_1)1:4.055504728905849,((10_1,1_1)1:0.3362638164453856,(4_1,(21_1,(14_1,13_1)1:0.8439282065192477)1:0.7566489926842557)1:3.293364676858939)1:1.7827725990614733)1:2.12781290551572)1:0.7003512857450873)1:1.0983029305836634)1:1.8856350350189839)0.85:0.11482077053941168)1:3.3726140485130793)1:1.486567330266345));
Weight calculation took 0.037479955 secs
ASTRAL finished in 0.55 secs
