
================== ASTRAL ===================== 

This is ASTRAL version 5.6.3
Gene trees are treated as unrooted
50 trees read from g_trees-raxml-sqlen-25-ngen-50-s2g.trees
All output trees will be *arbitrarily* rooted at 16

======== Running the main analysis
Number of taxa: 25 (25 species)
Taxa: [16, 15, 14, 13, 12, 11, 10, 19, 18, 17, 25, 24, 1, 23, 2, 22, 3, 21, 4, 20, 5, 6, 7, 8, 9]
Taxon occupancy: {16_1=50, 15_1=50, 14_1=50, 13_1=50, 12_1=50, 11_1=50, 10_1=50, 19_1=50, 18_1=50, 17_1=50, 25_1=50, 24_1=50, 1_1=50, 2_1=50, 23_1=50, 22_1=50, 3_1=50, 4_1=50, 21_1=50, 20_1=50, 5_1=50, 6_1=50, 7_1=50, 8_1=50, 9_1=50}
Number of gene trees: 50
0 trees have missing taxa
Calculating quartet distance matrix (for completion of X)
Species tree distances calculated ...
Building set of clusters (X) from gene trees 
------------------------------
gradient0: 1015
Number of Clusters after addition by distance: 1015
calculating extra bipartitions to be added at level 1 ...
Adding to X using resolutions of greedy consensus ...
Limit for sigma of degrees:675
polytomy size limit : 10
discarded polytomies:  [3, 3, 3, 3, 4, 7, 10]
Threshold 0.0:
Threshold 0.01:
Threshold 0.02:
Threshold 0.05:
polytomy of size 3; rounds with additions with at least 5 support: 1; clusters: 1019
Threshold 0.1:
polytomy of size 4; rounds with additions with at least 5 support: 0; clusters: 1021
Threshold 0.2:
polytomy of size 7; rounds with additions with at least 5 support: 0; clusters: 1021
Threshold 0.3333333333333333:
polytomy of size 3; rounds with additions with at least 5 support: 0; clusters: 1021
polytomy of size 3; rounds with additions with at least 5 support: 0; clusters: 1021
polytomy of size 10; rounds with additions with at least 5 support: 0; clusters: 1021
polytomy of size 3; rounds with additions with at least 5 support: 0; clusters: 1021
max k is :2
Number of Clusters after addition by greedy: 1021
gradient0 in heuristiic: 1021
partitions formed in 0.405 secs
Dynamic Programming starting after 0.405 secs
Using tree-based weight calculation.
Using polytree-based weight calculation.
Polytree max score: 632500
Polytree building time: 0.04 seconds.
Number of quartet trees in the gene trees: 632500
Size of largest cluster: 25
Greedy score: 374877
estimationFactor: 1.6872200748512178
Sub-optimal score: 412394
Total Number of elements weighted: 2209
Normalized score (portion of input quartet trees satisfied before correcting for multiple individuals): 0.6546039525691699
Optimization score: 414037
Optimal tree inferred in 0.609 secs.
(4,((13,(14,21)),(1,(10,((25,24),((12,6),((8,(19,3)),((18,22),((2,5),(23,((9,(16,20)),((11,17),(15,7)))))))))))));
Final quartet score is: 414037
Final normalized quartet score is: 0.6546039525691699
(16_1,(20_1,(9_1,(((11_1,17_1)1:1.9313113496341607,(15_1,7_1)0.92:0.21130909366720677)1:0.5177485881985096,(23_1,((2_1,5_1)1:0.8199783806146481,((18_1,22_1)1:1.3595070451562403,((8_1,(19_1,3_1)1:0.8553515951943012)0.98:0.2669827564386309,((12_1,6_1)1:2.154756878906274,((25_1,24_1)1:1.837785291623338,(10_1,(1_1,((13_1,(14_1,21_1)0.4:0.0134591533740048)1:0.5164436160702138,4_1)1:0.8487695309986595)0.82:0.14823426385531774)1:0.6883145857217365)1:0.5860235142837386)0.41:0.021470684396876657)0.43:0.03035814123569624)0.64:0.08734565745404946)0.94:0.2217439709597867)0.43:0.027330893716971418)1:0.9329732318340913)0.94:0.21548578124729192));
Weight calculation took 0.104232944 secs
ASTRAL finished in 0.711 secs
