
================== ASTRAL ===================== 

This is ASTRAL version 5.6.3
Gene trees are treated as unrooted
25 trees read from g_trees-raxml-sqlen-25-ngen-25.trees.tree
All output trees will be *arbitrarily* rooted at 6

======== Running the main analysis
Number of taxa: 25 (25 species)
Taxa: [6, 12, 22, 18, 15, 2, 16, 20, 9, 10, 23, 5, 7, 17, 8, 11, 1, 14, 4, 21, 13, 25, 24, 3, 19]
Taxon occupancy: {22=25, 23=25, 24=25, 25=25, 10=25, 11=25, 12=25, 13=25, 14=25, 15=25, 16=25, 17=25, 18=25, 19=25, 1=25, 2=25, 3=25, 4=25, 5=25, 6=25, 7=25, 8=25, 9=25, 20=25, 21=25}
Number of gene trees: 25
0 trees have missing taxa
Calculating quartet distance matrix (for completion of X)
Species tree distances calculated ...
Building set of clusters (X) from gene trees 
------------------------------
gradient0: 601
Number of Clusters after addition by distance: 601
calculating extra bipartitions to be added at level 1 ...
Adding to X using resolutions of greedy consensus ...
Limit for sigma of degrees:675
polytomy size limit : 10
discarded polytomies:  [3, 3, 3, 3, 4, 6, 10]
Threshold 0.0:
Threshold 0.01:
Threshold 0.02:
Threshold 0.05:
polytomy of size 3; rounds with additions with at least 5 support: 1; clusters: 605
Threshold 0.1:
polytomy of size 4; rounds with additions with at least 5 support: 1; clusters: 607
Threshold 0.2:
polytomy of size 3; rounds with additions with at least 5 support: 1; clusters: 609
polytomy of size 6; rounds with additions with at least 5 support: 0; clusters: 609
Threshold 0.3333333333333333:
polytomy of size 3; rounds with additions with at least 5 support: 0; clusters: 609
polytomy of size 3; rounds with additions with at least 5 support: 0; clusters: 609
polytomy of size 10; rounds with additions with at least 5 support: 0; clusters: 609
max k is :2
Number of Clusters after addition by greedy: 609
gradient0 in heuristiic: 609
partitions formed in 0.332 secs
Dynamic Programming starting after 0.332 secs
Using tree-based weight calculation.
Using polytree-based weight calculation.
Polytree max score: 316250
Polytree building time: 0.022 seconds.
Number of quartet trees in the gene trees: 316250
Size of largest cluster: 25
Greedy score: 192708
estimationFactor: 1.641083919712726
Sub-optimal score: 213582
Total Number of elements weighted: 1069
Normalized score (portion of input quartet trees satisfied before correcting for multiple individuals): 0.6779541501976285
Optimization score: 214403
Optimal tree inferred in 0.446 secs.
(13,((14,21),(4,(1,(10,((25,24),((6,12),((22,18),((8,(3,19)),((2,5),(((15,7),(17,11)),(23,(9,(16,20))))))))))))));
Final quartet score is: 214403
Final normalized quartet score is: 0.6779541501976285
(6,(12,(((22,18)1:1.1189357616400242,((8,(3,19)1:0.7562880774308789)0.81:0.20203380355919304,((2,5)1:1.1034315751040582,(((15,7)0.73:0.16543202429129816,(17,11)1:2.0685124711476464)0.98:0.3931682873115829,(23,(9,(16,20)0.83:0.233246865896764)1:0.7097680617959855)0.44:0.03775120517392141)0.98:0.4131871542020747)0.37:0.001603849581974516)0.67:0.12783337150988489)0.37:3.6989088640711974E-4,((25,24)1:1.7540191412452077,(10,(1,(4,((14,21)0.54:0.07437697013785893,13)0.98:0.4144337780909248)1:0.7263858220356793)0.96:0.3492560313858103)1:0.6359887667199969)0.99:0.5033748176101251)1:1.6842858032305337));
Weight calculation took 0.040995195 secs
ASTRAL finished in 3.168 secs
