
================== ASTRAL ===================== 

This is ASTRAL version 5.6.3
Gene trees are treated as unrooted
25 trees read from g_trees-raxml-sqlen-100-ngen-25.trees.tree
All output trees will be *arbitrarily* rooted at 10

======== Running the main analysis
Number of taxa: 25 (25 species)
Taxa: [10, 1, 14, 13, 4, 21, 8, 23, 16, 20, 9, 11, 17, 7, 15, 2, 5, 12, 6, 18, 22, 25, 24, 3, 19]
Taxon occupancy: {22=25, 23=25, 24=25, 25=25, 10=25, 11=25, 12=25, 13=25, 14=25, 15=25, 16=25, 17=25, 18=25, 19=25, 1=25, 2=25, 3=25, 4=25, 5=25, 6=25, 7=25, 8=25, 9=25, 20=25, 21=25}
Number of gene trees: 25
0 trees have missing taxa
Calculating quartet distance matrix (for completion of X)
Species tree distances calculated ...
Building set of clusters (X) from gene trees 
------------------------------
gradient0: 327
Number of Clusters after addition by distance: 327
calculating extra bipartitions to be added at level 1 ...
Adding to X using resolutions of greedy consensus ...
Limit for sigma of degrees:675
polytomy size limit : 4
discarded polytomies:  [3, 3, 4]
Threshold 0.0:
Threshold 0.01:
Threshold 0.02:
Threshold 0.05:
Threshold 0.1:
Threshold 0.2:
polytomy of size 3; rounds with additions with at least 5 support: 0; clusters: 327
Threshold 0.3333333333333333:
polytomy of size 3; rounds with additions with at least 5 support: 0; clusters: 327
polytomy of size 4; rounds with additions with at least 5 support: 0; clusters: 327
max k is :0
Number of Clusters after addition by greedy: 327
gradient0 in heuristiic: 327
partitions formed in 0.163 secs
Dynamic Programming starting after 0.163 secs
Using tree-based weight calculation.
Using polytree-based weight calculation.
Polytree max score: 316250
Polytree building time: 0.015 seconds.
Number of quartet trees in the gene trees: 316250
Size of largest cluster: 25
Greedy score: 227291
estimationFactor: 1.3913881323941555
Sub-optimal score: 246957
Total Number of elements weighted: 496
Normalized score (portion of input quartet trees satisfied before correcting for multiple individuals): 0.780891699604743
Optimization score: 246957
Optimal tree inferred in 0.243 secs.
(4,((21,(14,13)),(1,(10,((25,24),(((12,6),(18,22)),((8,(3,19)),((2,5),(23,((9,(16,20)),((11,17),(7,15))))))))))));
Final quartet score is: 246957
Final normalized quartet score is: 0.780891699604743
(10,(((25,24)1:2.7414057948030943,(((12,6)1:2.159484249353373,(18,22)1:2.8526314299133184)1:0.5462075606121066,((8,(3,19)1:2.8526314299133184)1:0.7008692266538558,((2,5)1:1.8971199848858804,(23,((9,(16,20)0.99:0.4926354297059331)1:1.665465743903763,((11,17)1:2.8526314299133184,(7,15)1:1.0931328229034842)1:0.9723185633438172)0.65:0.12580437413981224)1:0.740400065410491)0.94:0.3246830288667495)0.4:0.016481226183792035)1:0.7494358022253746)1:0.9799246848812989,(1,((21,(14,13)0.8:0.22336210666422193)0.99:0.5058016351215144,4)1:1.7540191412452077)0.72:0.21357410029805904));
Weight calculation took 0.027826463 secs
ASTRAL finished in 0.34 secs
