
================== ASTRAL ===================== 

This is ASTRAL version 5.6.3
Gene trees are treated as unrooted
500 trees read from g_trees-raxml-sqlen-250-ngen-500.trees.tree
All output trees will be *arbitrarily* rooted at 10

======== Running the main analysis
Number of taxa: 25 (25 species)
Taxa: [10, 13, 14, 4, 21, 1, 24, 25, 5, 2, 17, 11, 15, 7, 20, 16, 9, 23, 8, 22, 18, 12, 6, 3, 19]
Taxon occupancy: {22=500, 23=500, 24=500, 25=500, 10=500, 11=500, 12=500, 13=500, 14=500, 15=500, 16=500, 17=500, 18=500, 19=500, 1=500, 2=500, 3=500, 4=500, 5=500, 6=500, 7=500, 8=500, 9=500, 20=500, 21=500}
Number of gene trees: 500
0 trees have missing taxa
Calculating quartet distance matrix (for completion of X)
Species tree distances calculated ...
Building set of clusters (X) from gene trees 
------------------------------
gradient0: 649
Number of Clusters after addition by distance: 649
calculating extra bipartitions to be added at level 1 ...
Adding to X using resolutions of greedy consensus ...
Limit for sigma of degrees:675
polytomy size limit : 3
discarded polytomies:  [3]
Threshold 0.0:
Threshold 0.01:
Threshold 0.02:
Threshold 0.05:
Threshold 0.1:
Threshold 0.2:
Threshold 0.3333333333333333:
polytomy of size 3; rounds with additions with at least 5 support: 0; clusters: 649
max k is :0
Number of Clusters after addition by greedy: 649
gradient0 in heuristiic: 649
partitions formed in 0.371 secs
Dynamic Programming starting after 0.371 secs
Using tree-based weight calculation.
Using polytree-based weight calculation.
Polytree max score: 6325000
Polytree building time: 0.133 seconds.
Number of quartet trees in the gene trees: 6325000
Size of largest cluster: 25
Greedy score: 5577151
estimationFactor: 1.1340915818847292
Sub-optimal score: 5761151
Total Number of elements weighted: 1386
Normalized score (portion of input quartet trees satisfied before correcting for multiple individuals): 0.9108539130434783
Optimization score: 5761151
Optimal tree inferred in 0.693 secs.
(21,((13,14),(4,((10,1),((24,25),(((12,6),(22,18)),((8,(3,19)),((5,2),(23,((9,(20,16)),((17,11),(15,7))))))))))));
Final quartet score is: 5761151
Final normalized quartet score is: 0.9108539130434783
(10,(1,(((24,25)1:4.658461483038324,(((12,6)1:3.7139998741974587,(22,18)1:3.702371836202349)1:0.9279749175877914,((8,(3,19)1:3.522286092794564)1:1.1274677455006648,((5,2)1:3.0281894837013703,(23,((9,(20,16)1:1.4888161106397768)1:3.5085558999826563,((17,11)1:4.712528704308583,(15,7)1:2.5366953169536886)1:2.9009060915811284)0.53:0.026592090694983597)1:1.7953587532577016)1:0.9540238627387277)1:0.8402865688922893)1:2.2876125291602567)1:1.9567782574009744,(4,((13,14)1:0.7665435429806307,21)1:0.8899442615276856)1:3.3710849093540554)1:0.4540583172024123));
Weight calculation took 0.112679111 secs
ASTRAL finished in 1.223 secs
