
================== ASTRAL ===================== 

This is ASTRAL version 5.6.3
Gene trees are treated as unrooted
25 trees read from g_trees-raxml-sqlen-250-ngen-25.trees.tree
All output trees will be *arbitrarily* rooted at 10

======== Running the main analysis
Number of taxa: 25 (25 species)
Taxa: [10, 13, 14, 4, 21, 1, 24, 25, 5, 2, 17, 11, 15, 7, 20, 16, 9, 23, 8, 22, 18, 12, 6, 3, 19]
Taxon occupancy: {22=25, 23=25, 24=25, 25=25, 10=25, 11=25, 12=25, 13=25, 14=25, 15=25, 16=25, 17=25, 18=25, 19=25, 1=25, 2=25, 3=25, 4=25, 5=25, 6=25, 7=25, 8=25, 9=25, 20=25, 21=25}
Number of gene trees: 25
0 trees have missing taxa
Calculating quartet distance matrix (for completion of X)
Species tree distances calculated ...
Building set of clusters (X) from gene trees 
------------------------------
gradient0: 175
Number of Clusters after addition by distance: 175
calculating extra bipartitions to be added at level 1 ...
Adding to X using resolutions of greedy consensus ...
Limit for sigma of degrees:675
polytomy size limit : 3
discarded polytomies:  [3]
Threshold 0.0:
Threshold 0.01:
Threshold 0.02:
Threshold 0.05:
Threshold 0.1:
Threshold 0.2:
Threshold 0.3333333333333333:
polytomy of size 3; rounds with additions with at least 5 support: 0; clusters: 175
max k is :0
Number of Clusters after addition by greedy: 175
gradient0 in heuristiic: 175
partitions formed in 0.123 secs
Dynamic Programming starting after 0.123 secs
Using tree-based weight calculation.
Using polytree-based weight calculation.
Polytree max score: 316250
Polytree building time: 0.01 seconds.
Number of quartet trees in the gene trees: 316250
Size of largest cluster: 25
Greedy score: 291922
estimationFactor: 1.0833373298346818
Sub-optimal score: 292226
Total Number of elements weighted: 197
Normalized score (portion of input quartet trees satisfied before correcting for multiple individuals): 0.9240347826086956
Optimization score: 292226
Optimal tree inferred in 0.179 secs.
(21,((13,14),(4,((10,1),((24,25),(((12,6),(22,18)),((8,(3,19)),((5,2),(23,((9,(20,16)),((17,11),(15,7))))))))))));
Final quartet score is: 292226
Final normalized quartet score is: 0.9240347826086956
(10,(1,(((24,25)1:2.8526314299133184,(((12,6)1:2.8526314299133184,(22,18)1:2.8526314299133184)1:1.1478833376748923,((8,(3,19)1:2.542476501609479)1:0.6893084042527798,((5,2)1:2.8526314299133184,(23,((9,(20,16)1:1.4110743901183775)1:2.1876551263200694,((17,11)1:2.8526314299133184,(15,7)1:1.7540191412452077)1:2.8526314299133184)0.37:0.0)1:1.3328056761689049)1:1.442322192589553)1:0.752570601030746)1:2.159484249353373)1:1.7540191412452077,(4,((13,14)1:1.0608719606852628,21)1:0.7731898882334817)1:2.8526314299133184)0.88:0.2876820724517809));
Weight calculation took 0.007468605 secs
ASTRAL finished in 2.26 secs
