
================== ASTRAL ===================== 

This is ASTRAL version 5.6.3
Gene trees are treated as unrooted
100 trees read from g_trees-raxml-sqlen-100-ngen-100.trees.tree
All output trees will be *arbitrarily* rooted at 10

======== Running the main analysis
Number of taxa: 25 (25 species)
Taxa: [10, 1, 14, 13, 4, 21, 8, 23, 16, 20, 9, 11, 17, 7, 15, 2, 5, 12, 6, 18, 22, 25, 24, 3, 19]
Taxon occupancy: {22=100, 23=100, 24=100, 25=100, 10=100, 11=100, 12=100, 13=100, 14=100, 15=100, 16=100, 17=100, 18=100, 19=100, 1=100, 2=100, 3=100, 4=100, 5=100, 6=100, 7=100, 8=100, 9=100, 20=100, 21=100}
Number of gene trees: 100
0 trees have missing taxa
Calculating quartet distance matrix (for completion of X)
Species tree distances calculated ...
Building set of clusters (X) from gene trees 
------------------------------
gradient0: 643
Number of Clusters after addition by distance: 643
calculating extra bipartitions to be added at level 1 ...
Adding to X using resolutions of greedy consensus ...
Limit for sigma of degrees:675
polytomy size limit : 3
discarded polytomies:  [3, 3]
Threshold 0.0:
Threshold 0.01:
Threshold 0.02:
Threshold 0.05:
Threshold 0.1:
Threshold 0.2:
Threshold 0.3333333333333333:
polytomy of size 3; rounds with additions with at least 5 support: 0; clusters: 643
polytomy of size 3; rounds with additions with at least 5 support: 0; clusters: 643
max k is :0
Number of Clusters after addition by greedy: 643
gradient0 in heuristiic: 643
partitions formed in 0.259 secs
Dynamic Programming starting after 0.259 secs
Using tree-based weight calculation.
Using polytree-based weight calculation.
Polytree max score: 1265000
Polytree building time: 0.046 seconds.
Number of quartet trees in the gene trees: 1265000
Size of largest cluster: 25
Greedy score: 972542
estimationFactor: 1.300715033386733
Sub-optimal score: 1033245
Total Number of elements weighted: 1416
Normalized score (portion of input quartet trees satisfied before correcting for multiple individuals): 0.8173494071146246
Optimization score: 1033947
Optimal tree inferred in 0.46 secs.
(4,((21,(14,13)),((10,1),((25,24),(((12,6),(18,22)),((8,(3,19)),((2,5),(23,((9,(16,20)),((7,15),(11,17)))))))))));
Final quartet score is: 1033947
Final normalized quartet score is: 0.8173494071146246
(10,(1,(((25,24)1:2.7662026337732564,(((12,6)1:2.884729993989497,(18,22)1:2.659057996321927)1:0.5282557819883775,((8,(3,19)1:2.5911676607790746)1:0.6317075153264404,((2,5)1:1.7797037198186083,(23,((9,(16,20)1:0.7874677511791037)1:2.2134445212029825,((7,15)1:1.0316015783851495,(11,17)1:3.1110431200649846)1:1.5316826628681628)0.77:0.09709540661965303)1:1.0003490348810453)1:0.4317989182118571)1:0.27285849320630123)1:1.0294671058565172)1:1.0805755829816095,((21,(14,13)1:0.32062192152964786)1:0.6381126613237001,4)1:2.15350942965678)0.92:0.15080168220833493));
Weight calculation took 0.099939682 secs
ASTRAL finished in 0.596 secs
