
================== ASTRAL ===================== 

This is ASTRAL version 5.6.3
Gene trees are treated as unrooted
25 trees read from g_trees-raxml-sqlen-50-ngen-25.trees.tree
All output trees will be *arbitrarily* rooted at 5

======== Running the main analysis
Number of taxa: 25 (25 species)
Taxa: [5, 2, 8, 15, 7, 10, 23, 11, 17, 16, 20, 9, 18, 22, 25, 24, 6, 12, 1, 14, 21, 4, 13, 3, 19]
Taxon occupancy: {22=25, 23=25, 24=25, 25=25, 10=25, 11=25, 12=25, 13=25, 14=25, 15=25, 16=25, 17=25, 18=25, 19=25, 1=25, 2=25, 3=25, 4=25, 5=25, 6=25, 7=25, 8=25, 9=25, 20=25, 21=25}
Number of gene trees: 25
0 trees have missing taxa
Calculating quartet distance matrix (for completion of X)
Species tree distances calculated ...
Building set of clusters (X) from gene trees 
------------------------------
gradient0: 489
Number of Clusters after addition by distance: 489
calculating extra bipartitions to be added at level 1 ...
Adding to X using resolutions of greedy consensus ...
Limit for sigma of degrees:675
polytomy size limit : 5
discarded polytomies:  [3, 3, 4, 5]
Threshold 0.0:
Threshold 0.01:
Threshold 0.02:
Threshold 0.05:
Threshold 0.1:
Threshold 0.2:
polytomy of size 4; rounds with additions with at least 5 support: 0; clusters: 489
Threshold 0.3333333333333333:
polytomy of size 3; rounds with additions with at least 5 support: 0; clusters: 489
polytomy of size 3; rounds with additions with at least 5 support: 0; clusters: 489
polytomy of size 5; rounds with additions with at least 5 support: 0; clusters: 489
max k is :0
Number of Clusters after addition by greedy: 489
gradient0 in heuristiic: 489
partitions formed in 0.191 secs
Dynamic Programming starting after 0.191 secs
Using tree-based weight calculation.
Using polytree-based weight calculation.
Polytree max score: 316250
Polytree building time: 0.016 seconds.
Number of quartet trees in the gene trees: 316250
Size of largest cluster: 25
Greedy score: 219113
estimationFactor: 1.4433192005951268
Sub-optimal score: 226322
Total Number of elements weighted: 840
Normalized score (portion of input quartet trees satisfied before correcting for multiple individuals): 0.7300901185770751
Optimization score: 230891
Optimal tree inferred in 0.284 secs.
(21,(13,(14,(4,(1,(10,((25,24),(((6,12),(18,22)),((8,(3,19)),((5,2),((23,(9,(16,20))),((11,17),(15,7)))))))))))));
Final quartet score is: 230891
Final normalized quartet score is: 0.7300901185770751
(5,(2,(((23,(9,(16,20)0.97:0.3715198510938688)1:1.0412249633014659)0.38:0.005956619512768977,((11,17)1:2.1714604404000886,(15,7)0.97:0.3756929497744944)1:0.6013396313068224)1:0.8231135070199718,((8,(3,19)1:1.1645503901601038)0.87:0.2437878788945558,(((6,12)1:2.135953751943179,(18,22)1:1.7700194825916487)0.95:0.3245977519298453,((25,24)1:2.0794415416798353,(10,(1,(4,(14,(13,21)0.4:0.019418085857101513)0.97:0.37970097117203305)1:1.0692402103557794)0.44:0.049271049006782794)1:0.8275839602992803)1:0.5597082478310088)0.69:0.1404232186624438)0.66:0.12725534075803058)1:1.2944868118667678));
Weight calculation took 0.027171148 secs
ASTRAL finished in 2.459 secs
