
================== ASTRAL ===================== 

This is ASTRAL version 5.6.3
Gene trees are treated as unrooted
500 trees read from g_trees-raxml-sqlen-0-ngen-500-s2g.trees
All output trees will be *arbitrarily* rooted at 14

======== Running the main analysis
Number of taxa: 104 (25 species)
Taxa: {22=[22_3, 22_2, 22_1], 23=[23_4, 23_3, 23_2, 23_1], 24=[24_4, 24_3, 24_2, 24_1], 25=[25_3, 25_2, 25_1, 25_5, 25_4], 10=[10_4, 10_3, 10_2, 10_1], 11=[11_5, 11_4, 11_3, 11_2, 11_1], 12=[12_4, 12_3, 12_2, 12_1], 13=[13_4, 13_3, 13_2, 13_1], 14=[14_3, 14_2, 14_1, 14_5, 14_4], 15=[15_2, 15_1, 15_5, 15_4, 15_3], 16=[16_1, 16_5, 16_4, 16_3, 16_2], 17=[17_4, 17_3, 17_2, 17_1], 18=[18_4, 18_3, 18_2, 18_1], 19=[19_5, 19_4, 19_3, 19_2, 19_1], 1=[1_1, 1_2, 1_3, 1_4], 2=[2_1, 2_2, 2_3], 3=[3_1, 3_2, 3_3], 4=[4_1, 4_2, 4_3, 4_4], 5=[5_1, 5_2, 5_3, 5_4], 6=[6_1, 6_2, 6_3, 6_4], 7=[7_1, 7_2, 7_3, 7_4], 8=[8_1, 8_2, 8_3, 8_4], 9=[9_1, 9_2, 9_3, 9_4, 9_5], 20=[20_4, 20_3, 20_2, 20_1], 21=[21_4, 21_3, 21_2, 21_1]}
Taxon occupancy: {14_3=16, 14_2=79, 14_1=422, 10_4=3, 10_3=10, 10_2=76, 10_1=439, 18_4=1, 18_3=13, 18_2=72, 18_1=430, 14_5=2, 14_4=3, 25_3=12, 25_2=66, 25_1=431, 21_4=1, 21_3=13, 3_1=425, 21_2=71, 21_1=436, 3_2=70, 3_3=12, 7_1=435, 7_2=72, 7_3=12, 7_4=3, 25_5=1, 25_4=3, 13_4=1, 13_3=13, 13_2=74, 13_1=429, 17_4=1, 17_3=12, 17_2=79, 17_1=427, 24_4=1, 24_3=15, 24_2=76, 24_1=424, 2_1=438, 20_4=4, 2_2=71, 20_3=15, 20_2=73, 2_3=14, 20_1=428, 6_1=428, 6_2=75, 6_3=13, 6_4=4, 16_1=434, 12_4=2, 12_3=16, 12_2=82, 12_1=441, 16_5=1, 16_4=2, 16_3=15, 16_2=70, 23_4=2, 23_3=10, 1_1=426, 23_2=80, 23_1=427, 1_2=74, 1_3=10, 1_4=1, 5_1=435, 5_2=78, 5_3=11, 5_4=1, 9_1=426, 9_2=76, 9_3=15, 9_4=4, 9_5=2, 15_2=66, 15_1=438, 11_5=1, 11_4=4, 11_3=17, 11_2=77, 11_1=424, 19_5=1, 19_4=3, 19_3=13, 19_2=79, 19_1=425, 15_5=1, 15_4=3, 15_3=13, 22_3=11, 22_2=68, 22_1=430, 4_1=421, 4_2=71, 4_3=13, 4_4=3, 8_1=428, 8_2=68, 8_3=8, 8_4=1}
Number of gene trees: 500
500 trees have missing taxa
Calculating quartet distance matrix (for completion of X)
Species tree distances calculated ...
Will attempt to complete bipartitions from X before adding using a distance matrix.
Building set of clusters (X) from gene trees 
In second round sampling 4 rounds will be done
------------------------------
gradient0: 327
------------------------------
gradient1: 94
------------------------------
gradient2: 110
------------------------------
gradient3: 90
Number of Clusters after addition by distance: 621
calculating extra bipartitions to be added at level 1 ...
Adding to X using resolutions of greedy consensus ...
Limit for sigma of degrees:675
polytomy size limit : 3
discarded polytomies:  [3, 3, 3, 3, 3]
Threshold 0.0:
Threshold 0.01:
Threshold 0.02:
polytomy of size 3; rounds with additions with at least 5 support: 0; clusters: 621
Threshold 0.05:
polytomy of size 3; rounds with additions with at least 5 support: 0; clusters: 621
Threshold 0.1:
polytomy of size 3; rounds with additions with at least 5 support: 0; clusters: 621
Threshold 0.2:
polytomy of size 3; rounds with additions with at least 5 support: 0; clusters: 621
Threshold 0.3333333333333333:
polytomy of size 3; rounds with additions with at least 5 support: 0; clusters: 621
max k is :0
Number of Clusters after addition by greedy: 621
gradient0 in heuristiic: 621
calculating extra bipartitions to be added at level 1 ...
Adding to X using resolutions of greedy consensus ...
Limit for sigma of degrees:675
polytomy size limit : 3
discarded polytomies:  [3, 3, 3, 3, 3]
Threshold 0.0:
Threshold 0.01:
Threshold 0.02:
polytomy of size 3; rounds with additions with at least 5 support: 0; clusters: 621
Threshold 0.05:
polytomy of size 3; rounds with additions with at least 5 support: 0; clusters: 621
Threshold 0.1:
polytomy of size 3; rounds with additions with at least 5 support: 0; clusters: 621
Threshold 0.2:
polytomy of size 3; rounds with additions with at least 5 support: 0; clusters: 621
Threshold 0.3333333333333333:
polytomy of size 3; rounds with additions with at least 5 support: 0; clusters: 621
max k is :0
Number of Clusters after addition by greedy: 621
gradient1 in heuristiic: 0
calculating extra bipartitions to be added at level 1 ...
Adding to X using resolutions of greedy consensus ...
Limit for sigma of degrees:675
polytomy size limit : 3
discarded polytomies:  [3, 3, 3]
Threshold 0.0:
Threshold 0.01:
Threshold 0.02:
Threshold 0.05:
Threshold 0.1:
polytomy of size 3; rounds with additions with at least 5 support: 0; clusters: 621
Threshold 0.2:
polytomy of size 3; rounds with additions with at least 5 support: 0; clusters: 621
Threshold 0.3333333333333333:
polytomy of size 3; rounds with additions with at least 5 support: 0; clusters: 621
max k is :0
Number of Clusters after addition by greedy: 621
gradient2 in heuristiic: 0
calculating extra bipartitions to be added at level 1 ...
Adding to X using resolutions of greedy consensus ...
Limit for sigma of degrees:675
polytomy size limit : 3
discarded polytomies:  [3, 3, 3, 3]
Threshold 0.0:
Threshold 0.01:
Threshold 0.02:
Threshold 0.05:
polytomy of size 3; rounds with additions with at least 5 support: 0; clusters: 621
Threshold 0.1:
polytomy of size 3; rounds with additions with at least 5 support: 0; clusters: 621
Threshold 0.2:
polytomy of size 3; rounds with additions with at least 5 support: 0; clusters: 621
Threshold 0.3333333333333333:
polytomy of size 3; rounds with additions with at least 5 support: 0; clusters: 621
max k is :0
Number of Clusters after addition by greedy: 621
gradient3 in heuristiic: 0
partitions formed in 39.281 secs
Dynamic Programming starting after 39.281 secs
Using tree-based weight calculation.
Using polytree-based weight calculation.
Polytree max score: 14777933
Polytree building time: 0.059 seconds.
Number of quartet trees in the gene trees: 14756203
Size of largest cluster: 104
Greedy score: 9493778
estimationFactor: 1.556591298185438
Sub-optimal score: 10699604
Total Number of elements weighted: 1890
Normalized score (portion of input quartet trees satisfied before correcting for multiple individuals): 0.7250919833510016
Optimization score: 10699604
Optimal tree inferred in 40.094 secs.
(2,(5,((3,(1,4)),(((24,(13,22)),(18,(17,23))),((7,16),((21,(9,(25,8))),(12,((11,(14,19)),(15,(10,(20,6)))))))))));
Final quartet score is: 11072916
Final normalized quartet score is: 0.750390598448666
((14_3,14_2,14_1,14_5,14_4)0.03:0.0,((19_5,19_4,19_3,19_2,19_1)0.03:0.0,((11_5,11_4,11_3,11_2,11_1)0.04:0.0,(((15_2,15_1,15_5,15_4,15_3)0.1:0.0,((10_4,10_3,10_2,10_1)0.06:0.0,((20_4,20_3,20_2,20_1)0.01:0.0,(6_1,6_2,6_3,6_4)0.01:0.0)1:2.1331276123480922)1:2.0976929750179156)1:2.1641284888201535,((12_4,12_3,12_2,12_1)0.42:0.02010632149614497,(((21_4,21_3,21_2,21_1)0.41:0.017100933161193377,((9_1,9_2,9_3,9_4,9_5)0.19:0.0,((25_3,25_2,25_1,25_5,25_4)0.05:0.0,(8_1,8_2,8_3,8_4)0.06:0.0)1:2.1540693305977228)1:2.321487483347425)1:2.6636395963585695,(((7_1,7_2,7_3,7_4)0.27:0.0,(16_1,16_5,16_4,16_3,16_2)0.37:0.0011008991787607768)1:2.7685515750528094,((((24_4,24_3,24_2,24_1)0.33:0.0,((13_4,13_3,13_2,13_1)0.03:0.0,(22_3,22_2,22_1)0.01:0.0)1:2.2311261290119004)1:2.366251442833854,((18_4,18_3,18_2,18_1)0.03:0.0,((17_4,17_3,17_2,17_1)0.01:0.0,(23_4,23_3,23_2,23_1)0.01:0.0)1:2.033192771333719)1:2.432288542582479)1:3.1631102108407885,(((3_1,3_2,3_3)0.11:0.0,((1_1,1_2,1_3,1_4)0.17:0.0,(4_1,4_2,4_3,4_4)0.16:0.0)1:2.13876899872866)1:2.253344494296589,((5_1,5_2,5_3,5_4)0.08:0.0,(2_1,2_2,2_3)0.04:0.0)1:2.261795383095012)1:5.575949103146332)1:3.175395802375716)1:2.606954095340228)1:2.592155823400241)1:2.105877714356535)1:2.114261517003472)1:1.960599742384236));
Weight calculation took 0.811705567 secs
ASTRAL finished in 40.504 secs
