
================== ASTRAL ===================== 

This is ASTRAL version 5.6.3
Gene trees are treated as unrooted
25 trees read from g_trees-raxml-sqlen-25-ngen-25-s2g.trees
All output trees will be *arbitrarily* rooted at 14

======== Running the main analysis
Number of taxa: 67 (25 species)
Taxa: {22=[22_3, 22_2, 22_1], 23=[23_2, 23_1], 24=[24_3, 24_2, 24_1], 25=[25_2, 25_1], 10=[10_4, 10_3, 10_2, 10_1], 11=[11_4, 11_3, 11_2, 11_1], 12=[12_3, 12_2, 12_1], 13=[13_3, 13_2, 13_1], 14=[14_3, 14_2, 14_1, 14_4], 15=[15_2, 15_1, 15_3], 16=[16_1, 16_2], 17=[17_3, 17_2, 17_1], 18=[18_2, 18_1], 19=[19_4, 19_3, 19_2, 19_1], 1=[1_1, 1_2], 2=[2_1, 2_2], 3=[3_1, 3_2], 4=[4_1, 4_2, 4_3], 5=[5_1], 6=[6_1, 6_2, 6_3], 7=[7_1, 7_2], 8=[8_1, 8_2], 9=[9_1, 9_2], 20=[20_3, 20_2, 20_1], 21=[21_3, 21_2, 21_1]}
Taxon occupancy: {16_1=21, 14_3=1, 14_2=3, 14_1=20, 12_3=1, 12_2=4, 10_4=1, 12_1=21, 10_3=1, 10_2=6, 10_1=21, 18_2=2, 18_1=24, 16_2=4, 14_4=1, 25_2=1, 25_1=18, 1_1=20, 23_2=2, 23_1=23, 1_2=2, 21_3=1, 3_1=19, 21_2=3, 21_1=20, 3_2=2, 5_1=20, 7_1=20, 7_2=5, 9_1=20, 9_2=1, 15_2=3, 15_1=21, 13_3=1, 13_2=3, 11_4=1, 13_1=23, 11_3=1, 11_2=3, 11_1=20, 19_4=1, 19_3=1, 19_2=3, 19_1=20, 17_3=1, 17_2=2, 17_1=23, 15_3=1, 24_3=1, 24_2=4, 24_1=24, 22_3=1, 2_1=20, 22_2=3, 22_1=22, 2_2=1, 20_3=1, 4_1=20, 20_2=3, 20_1=20, 4_2=4, 6_1=20, 4_3=1, 6_2=3, 8_1=19, 6_3=1, 8_2=2}
Number of gene trees: 25
25 trees have missing taxa
Calculating quartet distance matrix (for completion of X)
Species tree distances calculated ...
Will attempt to complete bipartitions from X before adding using a distance matrix.
Building set of clusters (X) from gene trees 
In second round sampling 3 rounds will be done
------------------------------
gradient0: 503
------------------------------
gradient1: 266
------------------------------
gradient2: 224
Number of Clusters after addition by distance: 993
calculating extra bipartitions to be added at level 1 ...
Adding to X using resolutions of greedy consensus ...
Limit for sigma of degrees:675
polytomy size limit : 8
discarded polytomies:  [3, 3, 3, 3, 6, 7, 8]
Threshold 0.0:
polytomy of size 3; rounds with additions with at least 5 support: 0; clusters: 995
Threshold 0.01:
polytomy of size 3; rounds with additions with at least 5 support: 0; clusters: 995
Threshold 0.02:
polytomy of size 3; rounds with additions with at least 5 support: 0; clusters: 995
Threshold 0.05:
polytomy of size 3; rounds with additions with at least 5 support: 0; clusters: 995
Threshold 0.1:
polytomy of size 6; rounds with additions with at least 5 support: 1; clusters: 1017
Threshold 0.2:
polytomy of size 7; rounds with additions with at least 5 support: 0; clusters: 1023
Threshold 0.3333333333333333:
polytomy of size 8; rounds with additions with at least 5 support: 1; clusters: 1039
max k is :2
Number of Clusters after addition by greedy: 1039
gradient0 in heuristiic: 1039
calculating extra bipartitions to be added at level 1 ...
Adding to X using resolutions of greedy consensus ...
Limit for sigma of degrees:675
polytomy size limit : 8
discarded polytomies:  [3, 3, 3, 3, 4, 5, 8]
Threshold 0.0:
polytomy of size 3; rounds with additions with at least 5 support: 0; clusters: 1041
Threshold 0.01:
polytomy of size 3; rounds with additions with at least 5 support: 0; clusters: 1041
Threshold 0.02:
polytomy of size 3; rounds with additions with at least 5 support: 0; clusters: 1041
Threshold 0.05:
polytomy of size 3; rounds with additions with at least 5 support: 0; clusters: 1041
Threshold 0.1:
polytomy of size 4; rounds with additions with at least 5 support: 1; clusters: 1051
Threshold 0.2:
polytomy of size 5; rounds with additions with at least 5 support: 1; clusters: 1059
Threshold 0.3333333333333333:
polytomy of size 8; rounds with additions with at least 5 support: 1; clusters: 1073
max k is :2
Number of Clusters after addition by greedy: 1073
gradient1 in heuristiic: 34
calculating extra bipartitions to be added at level 1 ...
Adding to X using resolutions of greedy consensus ...
Limit for sigma of degrees:675
polytomy size limit : 9
discarded polytomies:  [3, 3, 3, 4, 5, 7, 9]
Threshold 0.0:
polytomy of size 3; rounds with additions with at least 5 support: 0; clusters: 1075
Threshold 0.01:
polytomy of size 3; rounds with additions with at least 5 support: 0; clusters: 1075
Threshold 0.02:
polytomy of size 3; rounds with additions with at least 5 support: 0; clusters: 1075
Threshold 0.05:
polytomy of size 4; rounds with additions with at least 5 support: 1; clusters: 1081
Threshold 0.1:
polytomy of size 5; rounds with additions with at least 5 support: 1; clusters: 1085
Threshold 0.2:
polytomy of size 7; rounds with additions with at least 5 support: 1; clusters: 1101
Threshold 0.3333333333333333:
polytomy of size 9; rounds with additions with at least 5 support: 0; clusters: 1121
max k is :2
Number of Clusters after addition by greedy: 1121
gradient2 in heuristiic: 48
partitions formed in 3.413 secs
Dynamic Programming starting after 3.413 secs
Using tree-based weight calculation.
Using polytree-based weight calculation.
Polytree max score: 693696
Polytree building time: 0.014 seconds.
Number of quartet trees in the gene trees: 692483
Size of largest cluster: 67
Greedy score: 340245
estimationFactor: 2.038813208129436
Sub-optimal score: 351311
Total Number of elements weighted: 3137
Normalized score (portion of input quartet trees satisfied before correcting for multiple individuals): 0.526488014868235
Optimization score: 364584
Optimal tree inferred in 3.615 secs.
(5,(2,(4,(3,(1,(((18,(23,17)),(24,(13,22))),((21,(9,(25,8))),((16,7),((11,(14,19)),(15,(10,(12,(20,6)))))))))))));
Final quartet score is: 380267
Final normalized quartet score is: 0.5491355022433764
You may want to ignore posterior probabilities and other statistics related to the following branch branch because the effective number of genes impacting it is only 2:
	{14}
You may want to ignore posterior probabilities and other statistics related to the following branch branch because the effective number of genes impacting it is only 2:
	{19}
You may want to ignore posterior probabilities and other statistics related to the following branch branch because the effective number of genes impacting it is only 2:
	{11}
You may want to ignore posterior probabilities and other statistics related to the following branch branch because the effective number of genes impacting it is only 2:
	{15}
You may want to ignore posterior probabilities and other statistics related to the following branch branch because the effective number of genes impacting it is only 3:
	{10}
You may want to ignore posterior probabilities and other statistics related to the following branch branch because the effective number of genes impacting it is only 3:
	{12}
You may want to ignore posterior probabilities and other statistics related to the following branch branch because the effective number of genes impacting it is only 2:
	{20}
You may want to ignore posterior probabilities and other statistics related to the following branch branch because the effective number of genes impacting it is only 2:
	{6}
You may want to ignore posterior probabilities and other statistics related to the following branch branch because the effective number of genes impacting it is only 4:
	{16}
You may want to ignore posterior probabilities and other statistics related to the following branch branch because the effective number of genes impacting it is only 5:
	{7}
You may want to ignore posterior probabilities and other statistics related to the following branch branch because the effective number of genes impacting it is only 19:
	{16, 7}
You may want to ignore posterior probabilities and other statistics related to the following branch branch because the effective number of genes impacting it is only 2:
	{21}
You may want to ignore posterior probabilities and other statistics related to the following branch branch because the effective number of genes impacting it is only 1:
	{9}
You may want to ignore posterior probabilities and other statistics related to the following branch branch because the effective number of genes impacting it is only 1:
	{25}
You may want to ignore posterior probabilities and other statistics related to the following branch branch because the effective number of genes impacting it is only 2:
	{8}
You may want to ignore posterior probabilities and other statistics related to the following branch branch because the effective number of genes impacting it is only 18:
	{25, 8}
You may want to ignore posterior probabilities and other statistics related to the following branch branch because the effective number of genes impacting it is only 19:
	{25, 9, 8}
You may want to ignore posterior probabilities and other statistics related to the following branch branch because the effective number of genes impacting it is only 2:
	{18}
You may want to ignore posterior probabilities and other statistics related to the following branch branch because the effective number of genes impacting it is only 2:
	{23}
You may want to ignore posterior probabilities and other statistics related to the following branch branch because the effective number of genes impacting it is only 1:
	{17}
You may want to ignore posterior probabilities and other statistics related to the following branch branch because the effective number of genes impacting it is only 3:
	{24}
You may want to ignore posterior probabilities and other statistics related to the following branch branch because the effective number of genes impacting it is only 2:
	{13}
You may want to ignore posterior probabilities and other statistics related to the following branch branch because the effective number of genes impacting it is only 2:
	{22}
You may want to ignore posterior probabilities and other statistics related to the following branch branch because the effective number of genes impacting it is only 18:
	{18, 23, 13, 17, 24, 22}
You may want to ignore posterior probabilities and other statistics related to the following branch branch because the effective number of genes impacting it is only 1:
	{1}
You may want to ignore posterior probabilities and other statistics related to the following branch branch because the effective number of genes impacting it is only 2:
	{3}
You may want to ignore posterior probabilities and other statistics related to the following branch branch because the effective number of genes impacting it is only 3:
	{4}
You may want to ignore posterior probabilities and other statistics related to the following branch branch because the effective number of genes impacting it is only 1:
	{2}
You may want to ignore posterior probabilities and other statistics related to the following branch branch because the effective number of genes impacting it is only 19:
	{5, 2, 4}
You may want to ignore posterior probabilities and other statistics related to the following branch branch because the effective number of genes impacting it is only 18:
	{3, 5, 2, 4}
You may want to ignore posterior probabilities and other statistics related to the following branch branch because the effective number of genes impacting it is only 18:
	{1, 3, 5, 2, 4}
You may want to ignore posterior probabilities and other statistics related to the following branch branch because the effective number of genes impacting it is only 16:
	{18, 23, 1, 3, 5, 13, 17, 24, 22, 2, 4}
You may want to ignore posterior probabilities and other statistics related to the following branch branch because the effective number of genes impacting it is only 18:
	{18, 25, 23, 1, 21, 3, 5, 9, 13, 17, 24, 22, 2, 4, 8}
You may want to ignore posterior probabilities and other statistics related to the following branch branch because the effective number of genes impacting it is only 18:
	{16, 12, 10, 18, 25, 23, 1, 21, 3, 5, 7, 9, 15, 13, 11, 17, 24, 22, 2, 20, 4, 6, 8}
((14_3,14_2,14_1,14_4)0.22:0.0,((19_4,19_3,19_2,19_1)0.22:0.0,((11_4,11_3,11_2,11_1)0.22:0.0,(((15_2,15_1,15_3)0.36:0.0,((10_4,10_3,10_2,10_1)0.33:0.0,((12_3,12_2,12_1)0.6:0.18516246779555834,((20_3,20_2,20_1)0.2:0.0,(6_1,6_2,6_3)0.23:0.0)1:1.240839545632206)0.15:0.0)0.41:0.020780446583527762)0.79:0.22318411614810385,(((16_1,16_2)0.37:0.0,(7_1,7_2)0.49:0.06286767697275362)1:0.7760921612325085,(((21_3,21_2,21_1)0.64:0.24058195431584795,((9_1,9_2)0.31:0.0,((25_2,25_1)0.23:0.0,(8_1,8_2)0.17:0.0)0.88:0.2928582422867306)0.84:0.2519948033235938)0.99:0.5465374125480261,((((18_2,18_1)0.28:0.0,((23_2,23_1)0.17:0.0,(17_3,17_2,17_1)0.27:0.0)1:0.983292602026458)1:0.5794045937715981,((24_3,24_2,24_1)0.26:0.0,((13_3,13_2,13_1)0.17:0.0,(22_3,22_2,22_1)0.18:0.0)1:0.5845040152186952)1:0.8474550048615812)1:0.6906750467571701,((1_1,1_2)0.67:0.2876820724517809,((3_1,3_2)0.21:0.0,((4_1,4_2,4_3)0.18:0.0,((2_1,2_2)0.22:0.0,5_1)0.99:0.5636759170391579)0.4:0.032170945935235486)0.36:0.0)1:1.3186158933440575)0.24:0.0)0.47:0.053306615442303404)0.83:0.2411530446023922)1:0.7211154002657021)0.98:0.5156947094624903));
Weight calculation took 0.142490863 secs
ASTRAL finished in 3.71 secs
