
================== ASTRAL ===================== 

This is ASTRAL version 5.6.3
Gene trees are treated as unrooted
142 trees read from g_trees-raxml-sqlen-0-ngen-100.trees.tree
All output trees will be *arbitrarily* rooted at 7

======== Running the main analysis
Number of taxa: 25 (25 species)
Taxa: [7, 16, 21, 25, 8, 9, 10, 20, 6, 15, 14, 19, 11, 12, 17, 23, 18, 24, 22, 13, 4, 1, 3, 5, 2]
Taxon occupancy: {22=126, 23=110, 24=128, 25=126, 10=137, 11=134, 12=136, 13=125, 14=135, 15=137, 16=132, 17=110, 18=113, 19=134, 1=114, 2=115, 3=115, 4=114, 5=118, 6=137, 7=129, 8=124, 9=126, 20=137, 21=128}
Number of gene trees: 142
104 trees have missing taxa
Calculating quartet distance matrix (for completion of X)
Species tree distances calculated ...
Will attempt to complete bipartitions from X before adding using a distance matrix.
Building set of clusters (X) from gene trees 
------------------------------
gradient0: 95
Number of Clusters after addition by distance: 95
calculating extra bipartitions to be added at level 1 ...
Adding to X using resolutions of greedy consensus ...
Limit for sigma of degrees:675
polytomy size limit : 3
discarded polytomies:  []
Threshold 0.0:
Threshold 0.01:
Threshold 0.02:
Threshold 0.05:
Threshold 0.1:
Threshold 0.2:
Threshold 0.3333333333333333:
max k is :0
Number of Clusters after addition by greedy: 95
gradient0 in heuristiic: 95
partitions formed in 0.162 secs
Dynamic Programming starting after 0.162 secs
Using tree-based weight calculation.
Using polytree-based weight calculation.
Polytree max score: 1191497
Polytree building time: 0.021 seconds.
Number of quartet trees in the gene trees: 1191497
Size of largest cluster: 25
Greedy score: 1191497
estimationFactor: 1.0
Sub-optimal score: 1191497
Total Number of elements weighted: 80
Normalized score (portion of input quartet trees satisfied before correcting for multiple individuals): 1.0
Optimization score: 1191497
Optimal tree inferred in 0.245 secs.
(4,(1,(3,((5,2),(((18,(17,23)),(24,(22,13))),((7,16),((21,(9,(25,8))),(12,((11,(14,19)),(15,(10,(20,6))))))))))));
Final quartet score is: 1191497
Final normalized quartet score is: 1.0
(7,(16,(((21,(9,(25,8)1:4.382026634673885)1:4.406719247264248)1:4.422848629194136,(12,((11,(14,19)1:4.477336814478208)1:4.484884020113582,(15,(10,(20,6)1:4.514515817719961)1:4.507189777627891)1:4.492374691842744)1:4.469732215092986)1:4.430816798843317)1:4.398555936625091,(((18,(17,23)1:4.257973986003903)1:4.229263880121472,(24,(22,13)1:4.414816457496873)1:4.330733340286328)1:4.209655408733094,((5,2)1:4.313033763186934,(3,(1,4)1:4.199705077879926)1:4.348125082998204)1:4.348125082998204)1:4.321922710604174)1:4.398555936625091));
Weight calculation took 0.021435853 secs
ASTRAL finished in 0.547 secs
