
================== ASTRAL ===================== 

This is ASTRAL version 5.6.3
Gene trees are treated as unrooted
228 trees read from g_trees-raxml-sqlen-50-ngen-100.trees.tree
All output trees will be *arbitrarily* rooted at 23

======== Running the main analysis
Number of taxa: 25 (25 species)
Taxa: [23, 18, 17, 7, 16, 21, 25, 8, 12, 9, 3, 4, 5, 2, 1, 10, 15, 6, 24, 13, 22, 20, 14, 11, 19]
Taxon occupancy: {22=179, 23=160, 24=190, 25=182, 10=196, 11=196, 12=206, 13=187, 14=197, 15=192, 16=196, 17=168, 18=161, 19=193, 1=147, 2=152, 3=153, 4=156, 5=153, 6=193, 7=194, 8=179, 9=179, 20=193, 21=179}
Number of gene trees: 228
209 trees have missing taxa
Calculating quartet distance matrix (for completion of X)
Species tree distances calculated ...
Will attempt to complete bipartitions from X before adding using a distance matrix.
Building set of clusters (X) from gene trees 
------------------------------
gradient0: 761
Number of Clusters after addition by distance: 761
calculating extra bipartitions to be added at level 1 ...
Adding to X using resolutions of greedy consensus ...
Limit for sigma of degrees:675
polytomy size limit : 3
discarded polytomies:  [3]
Threshold 0.0:
Threshold 0.01:
Threshold 0.02:
Threshold 0.05:
Threshold 0.1:
Threshold 0.2:
Threshold 0.3333333333333333:
polytomy of size 3; rounds with additions with at least 5 support: 0; clusters: 761
max k is :0
Number of Clusters after addition by greedy: 761
gradient0 in heuristiic: 761
partitions formed in 0.338 secs
Dynamic Programming starting after 0.338 secs
Using tree-based weight calculation.
Using polytree-based weight calculation.
Polytree max score: 1251274
Polytree building time: 0.051 seconds.
Number of quartet trees in the gene trees: 1251274
Size of largest cluster: 25
Greedy score: 876632
estimationFactor: 1.4273651885854042
Sub-optimal score: 942451
Total Number of elements weighted: 1833
Normalized score (portion of input quartet trees satisfied before correcting for multiple individuals): 0.7981369388319425
Optimization score: 998688
Optimal tree inferred in 0.812 secs.
(22,(13,(24,((18,(23,17)),(((5,2),(3,(4,1))),((7,16),((21,(9,(25,8))),((11,(14,19)),(12,(15,(10,(6,20))))))))))));
Final quartet score is: 998688
Final normalized quartet score is: 0.7981369388319425
(23,(17,(18,((((5,2)1:0.3984475354495183,(3,(4,1)1:0.2432974183171475)1:0.389661847461501)1:2.8330910423377236,((7,16)1:1.867737942394774,((21,(9,(25,8)0.99:0.1749611313129235)1:0.6274276600969143)1:0.7338801064132168,((11,(14,19)1:0.4225901707652482)1:1.24585512638173,(12,(15,(10,(6,20)1:1.8854221374739244)0.99:0.1652050793752334)1:0.6367462497457761)0.7:0.08002045961850217)1:1.0266545385540502)1:0.31592607529771444)1:0.18307809289523772)1:0.7194139303865514,(24,(13,22)1:1.037599549057374)1:1.089638252971723)1:0.9655743204105993)1:1.5812342049875843));
Weight calculation took 0.345844649 secs
ASTRAL finished in 1.198 secs
