
================== ASTRAL ===================== 

This is ASTRAL version 5.6.3
Gene trees are treated as unrooted
85 trees read from g_trees-raxml-sqlen-100-ngen-25.trees.tree
All output trees will be *arbitrarily* rooted at 13

======== Running the main analysis
Number of taxa: 25 (25 species)
Taxa: [13, 22, 24, 18, 17, 23, 12, 8, 9, 25, 21, 16, 7, 3, 4, 1, 2, 5, 10, 15, 6, 20, 11, 14, 19]
Taxon occupancy: {22=69, 23=64, 24=74, 25=66, 10=70, 11=65, 12=70, 13=70, 14=70, 15=65, 16=69, 17=70, 18=67, 19=67, 1=58, 2=58, 3=53, 4=66, 5=57, 6=69, 7=67, 8=67, 9=68, 20=69, 21=69}
Number of gene trees: 85
74 trees have missing taxa
Calculating quartet distance matrix (for completion of X)
Species tree distances calculated ...
Will attempt to complete bipartitions from X before adding using a distance matrix.
Building set of clusters (X) from gene trees 
------------------------------
gradient0: 265
Number of Clusters after addition by distance: 265
calculating extra bipartitions to be added at level 1 ...
Adding to X using resolutions of greedy consensus ...
Limit for sigma of degrees:675
polytomy size limit : 3
discarded polytomies:  []
Threshold 0.0:
Threshold 0.01:
Threshold 0.02:
Threshold 0.05:
Threshold 0.1:
Threshold 0.2:
Threshold 0.3333333333333333:
max k is :0
Number of Clusters after addition by greedy: 265
gradient0 in heuristiic: 265
partitions formed in 0.127 secs
Dynamic Programming starting after 0.127 secs
Using tree-based weight calculation.
Using polytree-based weight calculation.
Polytree max score: 536755
Polytree building time: 0.014 seconds.
Number of quartet trees in the gene trees: 536755
Size of largest cluster: 25
Greedy score: 470024
estimationFactor: 1.1419736013480162
Sub-optimal score: 470024
Total Number of elements weighted: 314
Normalized score (portion of input quartet trees satisfied before correcting for multiple individuals): 0.8806997605984108
Optimization score: 472720
Optimal tree inferred in 0.199 secs.
(17,(23,(18,((24,(13,22)),(((2,5),(3,(4,1))),((16,7),((21,(9,(8,25))),(12,((11,(14,19)),(15,(10,(6,20))))))))))));
Final quartet score is: 472720
Final normalized quartet score is: 0.8806997605984108
(13,(22,(24,((((2,5)1:0.4076997459095804,(3,(4,1)0.83:0.21159976599434144)1:1.1108823812599242)1:3.601868077124306,((16,7)1:2.3178525651248343,((21,(9,(8,25)1:0.7060228949199905)1:1.7346010553881062)1:0.687916131142393,(12,((11,(14,19)0.79:0.1479201300766223)1:2.137893616761004,(15,(10,(6,20)1:0.8487695309986599)0.89:0.17069707594166741)1:2.2688589214552595)0.98:0.2519639898497015)1:1.9408707171109123)1:0.5680397432572919)0.8:0.1797824102752781)1:1.1727202608218315,(18,(23,17)1:1.4748477584613355)1:1.8584508437267273)1:2.007468042054746)1:2.8919715022782886));
Weight calculation took 0.029100259 secs
ASTRAL finished in 0.317 secs
