
================== ASTRAL ===================== 

This is ASTRAL version 5.6.3
Gene trees are treated as unrooted
1017 trees read from g_trees-raxml-sqlen-250-ngen-500.trees.tree
All output trees will be *arbitrarily* rooted at 5

======== Running the main analysis
Number of taxa: 25 (25 species)
Taxa: [5, 2, 1, 4, 3, 7, 16, 23, 17, 18, 13, 22, 24, 21, 8, 9, 25, 12, 15, 10, 20, 6, 14, 11, 19]
Taxon occupancy: {22=837, 23=846, 24=855, 25=897, 10=921, 11=920, 12=922, 13=869, 14=908, 15=917, 16=889, 17=845, 18=839, 19=906, 1=804, 2=805, 3=825, 4=774, 5=810, 6=902, 7=899, 8=903, 9=894, 20=905, 21=913}
Number of gene trees: 1017
840 trees have missing taxa
Calculating quartet distance matrix (for completion of X)
Species tree distances calculated ...
Will attempt to complete bipartitions from X before adding using a distance matrix.
Building set of clusters (X) from gene trees 
------------------------------
gradient0: 501
Number of Clusters after addition by distance: 501
calculating extra bipartitions to be added at level 1 ...
Adding to X using resolutions of greedy consensus ...
Limit for sigma of degrees:675
polytomy size limit : 3
discarded polytomies:  []
Threshold 0.0:
Threshold 0.01:
Threshold 0.02:
Threshold 0.05:
Threshold 0.1:
Threshold 0.2:
Threshold 0.3333333333333333:
max k is :0
Number of Clusters after addition by greedy: 501
gradient0 in heuristiic: 501
partitions formed in 0.477 secs
Dynamic Programming starting after 0.477 secs
Using tree-based weight calculation.
Using polytree-based weight calculation.
Polytree max score: 7574623
Polytree building time: 0.123 seconds.
Number of quartet trees in the gene trees: 7574623
Size of largest cluster: 25
Greedy score: 7020703
estimationFactor: 1.0788980818587541
Sub-optimal score: 7100252
Total Number of elements weighted: 593
Normalized score (portion of input quartet trees satisfied before correcting for multiple individuals): 0.937920606741748
Optimization score: 7104395
Optimal tree inferred in 1.032 secs.
(3,((1,4),((5,2),(((18,(23,17)),(24,(13,22))),((7,16),((21,(9,(8,25))),(12,((11,(14,19)),(15,(10,(20,6)))))))))));
Final quartet score is: 7104395
Final normalized quartet score is: 0.937920606741748
(5,(2,((((18,(23,17)1:2.287122479873271)1:3.0046783128734154,(24,(13,22)1:2.5465650326050553)1:2.2810432492192922)1:2.504030497800721,((7,16)1:3.555971262018117,((21,(9,(8,25)1:0.817178552938591)1:2.3420517262274183)1:2.7708297927786374,(12,((11,(14,19)1:1.2040951491381413)1:2.7623546519756585,(15,(10,(20,6)1:3.8877931348120196)0.33:0.010287826782320592)1:3.0820671721543547)1:0.21537543560208927)1:2.466323862558955)1:0.5805021709491628)1:1.718231822978214)1:5.546478680837551,((1,4)1:0.365334982732896,3)1:0.5641457304371691)1:1.775630087298172));
Weight calculation took 0.359719709 secs
ASTRAL finished in 1.386 secs
