
================== ASTRAL ===================== 

This is ASTRAL version 5.6.3
Gene trees are treated as unrooted
92 trees read from g_trees-raxml-sqlen-25-ngen-50.trees.tree
All output trees will be *arbitrarily* rooted at 16

======== Running the main analysis
Number of taxa: 25 (25 species)
Taxa: [16, 7, 12, 9, 21, 25, 17, 18, 23, 24, 13, 22, 8, 10, 15, 20, 6, 11, 4, 3, 1, 2, 5, 14, 19]
Taxon occupancy: {22=69, 23=68, 24=72, 25=77, 10=76, 11=74, 12=82, 13=68, 14=74, 15=75, 16=82, 17=68, 18=66, 19=69, 1=56, 2=55, 3=62, 4=63, 5=57, 6=76, 7=81, 8=76, 9=81, 20=74, 21=81}
Number of gene trees: 92
83 trees have missing taxa
Calculating quartet distance matrix (for completion of X)
Species tree distances calculated ...
Will attempt to complete bipartitions from X before adding using a distance matrix.
Building set of clusters (X) from gene trees 
------------------------------
gradient0: 767
Number of Clusters after addition by distance: 767
calculating extra bipartitions to be added at level 1 ...
Adding to X using resolutions of greedy consensus ...
Limit for sigma of degrees:675
polytomy size limit : 4
discarded polytomies:  [3, 3, 3, 4]
Threshold 0.0:
Threshold 0.01:
Threshold 0.02:
Threshold 0.05:
Threshold 0.1:
Threshold 0.2:
polytomy of size 3; rounds with additions with at least 5 support: 0; clusters: 767
Threshold 0.3333333333333333:
polytomy of size 3; rounds with additions with at least 5 support: 0; clusters: 767
polytomy of size 3; rounds with additions with at least 5 support: 0; clusters: 767
polytomy of size 4; rounds with additions with at least 5 support: 0; clusters: 767
max k is :0
Number of Clusters after addition by greedy: 767
gradient0 in heuristiic: 767
partitions formed in 0.307 secs
Dynamic Programming starting after 0.307 secs
Using tree-based weight calculation.
Using polytree-based weight calculation.
Polytree max score: 487696
Polytree building time: 0.021 seconds.
Number of quartet trees in the gene trees: 487696
Size of largest cluster: 25
Greedy score: 276082
estimationFactor: 1.7664896661136908
Sub-optimal score: 310661
Total Number of elements weighted: 1669
Normalized score (portion of input quartet trees satisfied before correcting for multiple individuals): 0.7021935796069683
Optimization score: 342457
Optimal tree inferred in 0.55 secs.
(1,(3,((2,5),(4,(((16,7),((15,(10,(20,6))),(12,(11,(14,19))))),((21,(9,(25,8))),((24,(13,22)),(18,(17,23)))))))));
Final quartet score is: 342457
Final normalized quartet score is: 0.7021935796069683
(16,(7,(((15,(10,(20,6)1:1.230851726253214)0.32:0.01789046077984972)1:0.45421691668104597,(12,(11,(14,19)1:0.6277672301968366)1:0.8360823533219173)0.44:0.026643187621092478)1:0.3213635113219236,(((21,(9,(25,8)0.98:0.22371286802279478)1:0.6342843210839955)1:0.4214827544382554,((24,(13,22)1:0.38278664647864347)1:0.6642322855502311,(18,(17,23)1:1.1391077587841052)1:0.4662985340502498)1:0.7536329766253448)0.23:0.0,(4,((2,5)1:0.5989403164631011,(3,1)0.95:0.22838583045619582)0.36:0.008439467133068606)1:2.2649427513911715)0.52:0.05711878513701677)1:1.2104107713012462));
Weight calculation took 0.159525569 secs
ASTRAL finished in 2.181 secs
