
================== ASTRAL ===================== 

This is ASTRAL version 5.6.3
Gene trees are treated as unrooted
1175 trees read from g_trees-raxml-sqlen-100-ngen-500.trees.tree
All output trees will be *arbitrarily* rooted at 12

======== Running the main analysis
Number of taxa: 25 (25 species)
Taxa: [12, 8, 9, 25, 18, 23, 17, 24, 13, 22, 21, 16, 7, 3, 4, 1, 2, 5, 10, 15, 6, 20, 11, 14, 19]
Taxon occupancy: {22=938, 23=952, 24=945, 25=1022, 10=1033, 11=1014, 12=1073, 13=959, 14=1009, 15=1037, 16=997, 17=954, 18=952, 19=1014, 1=892, 2=884, 3=911, 4=865, 5=886, 6=998, 7=995, 8=1007, 9=1022, 20=1003, 21=1039}
Number of gene trees: 1175
1038 trees have missing taxa
Calculating quartet distance matrix (for completion of X)
Species tree distances calculated ...
Will attempt to complete bipartitions from X before adding using a distance matrix.
Building set of clusters (X) from gene trees 
------------------------------
gradient0: 963
Number of Clusters after addition by distance: 963
calculating extra bipartitions to be added at level 1 ...
Adding to X using resolutions of greedy consensus ...
Limit for sigma of degrees:675
polytomy size limit : 3
discarded polytomies:  [3]
Threshold 0.0:
Threshold 0.01:
Threshold 0.02:
Threshold 0.05:
Threshold 0.1:
Threshold 0.2:
Threshold 0.3333333333333333:
polytomy of size 3; rounds with additions with at least 5 support: 0; clusters: 963
max k is :0
Number of Clusters after addition by greedy: 963
gradient0 in heuristiic: 963
partitions formed in 0.731 secs
Dynamic Programming starting after 0.731 secs
Using tree-based weight calculation.
Using polytree-based weight calculation.
Polytree max score: 7796897
Polytree building time: 0.141 seconds.
Number of quartet trees in the gene trees: 7796897
Size of largest cluster: 25
Greedy score: 6170483
estimationFactor: 1.2635796906012058
Sub-optimal score: 6724436
Total Number of elements weighted: 2735
Normalized score (portion of input quartet trees satisfied before correcting for multiple individuals): 0.8624502798998114
Optimization score: 6724436
Optimal tree inferred in 2.453 secs.
(18,((23,17),((24,(13,22)),(((2,5),(3,(4,1))),((16,7),((21,(9,(8,25))),(12,((11,(14,19)),(15,(10,(6,20)))))))))));
Final quartet score is: 6724436
Final normalized quartet score is: 0.8624502798998114
(12,(((11,(14,19)1:0.5703642785403557)1:1.8756629222134618,(15,(10,(6,20)1:2.3058265682875376)0.4:0.006345808092429759)1:1.3019875945308421)0.91:0.041841426247846265,((21,(9,(8,25)1:0.5763276392613802)1:1.3851141963753777)1:1.5042038217179687,((16,7)1:2.2720459142641527,(((2,5)1:0.998234253136149,(3,(4,1)1:0.27478923921945164)1:0.2949219522570346)1:5.318891259355282,((24,(13,22)1:1.447236626369537)1:1.4857863364580794,((23,17)1:1.6181594505679986,18)1:1.8944448577727853)1:1.5085370087502616)1:0.8148323107647936)1:0.2159700269603482)1:1.403941910121119));
Weight calculation took 1.500681606 secs
ASTRAL finished in 2.806 secs
