
================== ASTRAL ===================== 

This is ASTRAL version 5.6.3
Gene trees are treated as unrooted
66 trees read from g_trees-raxml-sqlen-0-ngen-50.trees.tree
All output trees will be *arbitrarily* rooted at 7

======== Running the main analysis
Number of taxa: 25 (25 species)
Taxa: [7, 16, 21, 25, 8, 9, 10, 20, 6, 15, 14, 19, 11, 12, 17, 23, 18, 24, 22, 13, 4, 1, 3, 5, 2]
Taxon occupancy: {22=59, 23=54, 24=62, 25=54, 10=63, 11=60, 12=62, 13=58, 14=61, 15=62, 16=61, 17=54, 18=53, 19=60, 1=53, 2=55, 3=55, 4=53, 5=52, 6=62, 7=61, 8=54, 9=57, 20=62, 21=58}
Number of gene trees: 66
46 trees have missing taxa
Calculating quartet distance matrix (for completion of X)
Species tree distances calculated ...
Will attempt to complete bipartitions from X before adding using a distance matrix.
Building set of clusters (X) from gene trees 
------------------------------
gradient0: 97
Number of Clusters after addition by distance: 97
calculating extra bipartitions to be added at level 1 ...
Adding to X using resolutions of greedy consensus ...
Limit for sigma of degrees:675
polytomy size limit : 3
discarded polytomies:  []
Threshold 0.0:
Threshold 0.01:
Threshold 0.02:
Threshold 0.05:
Threshold 0.1:
Threshold 0.2:
Threshold 0.3333333333333333:
max k is :0
Number of Clusters after addition by greedy: 97
gradient0 in heuristiic: 97
partitions formed in 0.112 secs
Dynamic Programming starting after 0.112 secs
Using tree-based weight calculation.
Using polytree-based weight calculation.
Polytree max score: 541742
Polytree building time: 0.017 seconds.
Number of quartet trees in the gene trees: 541742
Size of largest cluster: 25
Greedy score: 541742
estimationFactor: 1.0
Sub-optimal score: 541742
Total Number of elements weighted: 82
Normalized score (portion of input quartet trees satisfied before correcting for multiple individuals): 1.0
Optimization score: 541742
Optimal tree inferred in 0.186 secs.
(4,(1,(3,((5,2),(((18,(17,23)),(24,(22,13))),((7,16),((21,(9,(25,8))),(12,((11,(14,19)),(15,(10,(20,6))))))))))));
Final quartet score is: 541742
Final normalized quartet score is: 1.0
(7,(16,(((21,(9,(25,8)1:3.564826805443958)1:3.6375861597263826)1:3.6198865826269824,(12,((11,(14,19)1:3.654977902438253)1:3.688879454113933,(15,(10,(20,6)1:3.737669618283365)1:3.721669276936928)1:3.705408756065146)1:3.688879454113933)1:3.601868077124306)1:3.564826805443958,(((18,(17,23)1:3.506557897319981)1:3.486355190002461,(24,(22,13)1:3.654977902438253)1:3.6375861597263826)1:3.506557897319981,((5,2)1:3.5457786104732607,(3,(1,4)1:3.506557897319981)1:3.6198865826269824)1:3.601868077124306)1:3.564826805443958)1:3.6720723357975578));
Weight calculation took 0.028109554 secs
ASTRAL finished in 0.292 secs
