
================== ASTRAL ===================== 

This is ASTRAL version 5.6.3
Gene trees are treated as unrooted
154 trees read from g_trees-raxml-sqlen-250-ngen-50.trees.tree
All output trees will be *arbitrarily* rooted at 24

======== Running the main analysis
Number of taxa: 25 (25 species)
Taxa: [24, 13, 22, 18, 17, 23, 5, 2, 1, 4, 3, 7, 16, 21, 8, 9, 25, 12, 15, 10, 20, 6, 14, 11, 19]
Taxon occupancy: {22=127, 23=121, 24=134, 25=126, 10=128, 11=126, 12=124, 13=126, 14=130, 15=126, 16=130, 17=121, 18=112, 19=127, 1=119, 2=123, 3=124, 4=130, 5=114, 6=126, 7=129, 8=124, 9=129, 20=126, 21=131}
Number of gene trees: 154
114 trees have missing taxa
Calculating quartet distance matrix (for completion of X)
Species tree distances calculated ...
Will attempt to complete bipartitions from X before adding using a distance matrix.
Building set of clusters (X) from gene trees 
------------------------------
gradient0: 209
Number of Clusters after addition by distance: 209
calculating extra bipartitions to be added at level 1 ...
Adding to X using resolutions of greedy consensus ...
Limit for sigma of degrees:675
polytomy size limit : 3
discarded polytomies:  []
Threshold 0.0:
Threshold 0.01:
Threshold 0.02:
Threshold 0.05:
Threshold 0.1:
Threshold 0.2:
Threshold 0.3333333333333333:
max k is :0
Number of Clusters after addition by greedy: 209
gradient0 in heuristiic: 209
partitions formed in 0.176 secs
Dynamic Programming starting after 0.176 secs
Using tree-based weight calculation.
Using polytree-based weight calculation.
Polytree max score: 1109521
Polytree building time: 0.026 seconds.
Number of quartet trees in the gene trees: 1109521
Size of largest cluster: 25
Greedy score: 1044998
estimationFactor: 1.061744615779169
Sub-optimal score: 1044998
Total Number of elements weighted: 207
Normalized score (portion of input quartet trees satisfied before correcting for multiple individuals): 0.9418460759192481
Optimization score: 1044998
Optimal tree inferred in 0.281 secs.
(17,(23,(18,((24,(13,22)),(((5,2),(3,(1,4))),((7,16),((21,(9,(8,25))),(12,((11,(14,19)),((20,6),(15,10)))))))))));
Final quartet score is: 1044998
Final normalized quartet score is: 0.9418460759192481
(24,((13,22)1:2.4769384801388226,((((5,2)1:2.2335922215070947,(3,(1,4)1:0.2946860466318779)1:0.3949276028053786)1:4.313033763186934,((7,16)1:2.805378545062773,((21,(9,(8,25)1:1.410986973710262)1:2.7539376056136806)1:2.629487878599107,(12,((11,(14,19)1:1.3862943611198908)1:4.398555936625091,((20,6)1:1.4703774783304322,(15,10)1:0.533252659553435)1:3.6681907200553763)1:0.25409787183607835)1:3.1686080728194916)1:0.6766444916943907)1:1.9163221918698183)1:1.3429975553665663,(18,(23,17)1:3.5835189384561117)1:2.512494606306828)1:1.8619637279013028));
Weight calculation took 0.04345298 secs
ASTRAL finished in 0.426 secs
