
================== ASTRAL ===================== 

This is ASTRAL version 5.6.3
Gene trees are treated as unrooted
52 trees read from g_trees-raxml-sqlen-50-ngen-25.trees.tree
All output trees will be *arbitrarily* rooted at 23

======== Running the main analysis
Number of taxa: 25 (25 species)
Taxa: [23, 18, 17, 7, 16, 21, 25, 8, 12, 9, 3, 4, 5, 2, 1, 10, 15, 6, 24, 13, 22, 20, 14, 11, 19]
Taxon occupancy: {22=43, 23=42, 24=47, 25=40, 10=50, 11=42, 12=48, 13=44, 14=45, 15=46, 16=48, 17=45, 18=43, 19=44, 1=31, 2=30, 3=29, 4=33, 5=28, 6=46, 7=47, 8=41, 9=41, 20=46, 21=42}
Number of gene trees: 52
46 trees have missing taxa
Calculating quartet distance matrix (for completion of X)
Species tree distances calculated ...
Will attempt to complete bipartitions from X before adding using a distance matrix.
Building set of clusters (X) from gene trees 
------------------------------
gradient0: 337
Number of Clusters after addition by distance: 337
calculating extra bipartitions to be added at level 1 ...
Adding to X using resolutions of greedy consensus ...
Limit for sigma of degrees:675
polytomy size limit : 4
discarded polytomies:  [4]
Threshold 0.0:
Threshold 0.01:
Threshold 0.02:
Threshold 0.05:
Threshold 0.1:
Threshold 0.2:
Threshold 0.3333333333333333:
polytomy of size 4; rounds with additions with at least 5 support: 0; clusters: 337
max k is :0
Number of Clusters after addition by greedy: 337
gradient0 in heuristiic: 337
partitions formed in 0.171 secs
Dynamic Programming starting after 0.171 secs
Using tree-based weight calculation.
Using polytree-based weight calculation.
Polytree max score: 305309
Polytree building time: 0.014 seconds.
Number of quartet trees in the gene trees: 305309
Size of largest cluster: 25
Greedy score: 237157
estimationFactor: 1.287370813427392
Sub-optimal score: 239514
Total Number of elements weighted: 474
Normalized score (portion of input quartet trees satisfied before correcting for multiple individuals): 0.7921810362616235
Optimization score: 241860
Optimal tree inferred in 0.272 secs.
(22,(13,(24,((18,(23,17)),((7,16),((21,(9,(25,8))),(((5,2),(3,(4,1))),((15,(10,(6,20))),(12,(11,(14,19)))))))))));
Final quartet score is: 241860
Final normalized quartet score is: 0.7921810362616235
(23,(17,(18,(((7,16)1:1.3643154544011147,((21,(9,(25,8)0.99:0.3349026135093672)1:0.8688184259092258)1:0.9714980401340464,(((5,2)0.9:0.2500836588947736,(3,(4,1)0.89:0.26554277314525826)0.68:0.21072103131565253)1:2.866520542073983,((15,(10,(6,20)1:2.9731214010016935)0.54:0.10034934394848338)1:1.0768874420389214,(12,(11,(14,19)1:1.0465806305745065)1:2.0533767177145386)0.79:0.14488628622963695)1:0.9626932732064163)0.94:0.28701265370537254)0.15:0.009529330809176213)1:1.7797305725370813,(24,(13,22)1:0.9419242794811279)1:0.5625269981428811)1:0.4418327522790392)1:1.9081698210724654));
Weight calculation took 0.041313517 secs
ASTRAL finished in 1.429 secs
