
================== ASTRAL ===================== 

This is ASTRAL version 5.6.3
Gene trees are treated as unrooted
25 trees read from g_trees-raxml-sqlen-25-ngen-25-s2g.trees
All output trees will be *arbitrarily* rooted at 16

======== Running the main analysis
Number of taxa: 25 (25 species)
Taxa: [16, 15, 14, 13, 12, 11, 10, 19, 18, 17, 25, 24, 1, 23, 2, 22, 3, 21, 4, 20, 5, 6, 7, 8, 9]
Taxon occupancy: {16_1=25, 15_1=25, 14_1=25, 13_1=25, 12_1=25, 11_1=25, 10_1=25, 19_1=25, 18_1=25, 17_1=25, 25_1=25, 1_1=25, 24_1=25, 2_1=25, 23_1=25, 3_1=25, 22_1=25, 4_1=25, 21_1=25, 5_1=25, 20_1=25, 6_1=25, 7_1=25, 8_1=25, 9_1=25}
Number of gene trees: 25
0 trees have missing taxa
Calculating quartet distance matrix (for completion of X)
Species tree distances calculated ...
Building set of clusters (X) from gene trees 
------------------------------
gradient0: 593
Number of Clusters after addition by distance: 593
calculating extra bipartitions to be added at level 1 ...
Adding to X using resolutions of greedy consensus ...
Limit for sigma of degrees:675
polytomy size limit : 8
discarded polytomies:  [3, 4, 7, 8]
Threshold 0.0:
Threshold 0.01:
Threshold 0.02:
Threshold 0.05:
Threshold 0.1:
Threshold 0.2:
polytomy of size 4; rounds with additions with at least 5 support: 1; clusters: 595
polytomy of size 3; rounds with additions with at least 5 support: 0; clusters: 595
Threshold 0.3333333333333333:
polytomy of size 7; rounds with additions with at least 5 support: 0; clusters: 595
polytomy of size 8; rounds with additions with at least 5 support: 0; clusters: 595
max k is :2
Number of Clusters after addition by greedy: 595
gradient0 in heuristiic: 595
partitions formed in 0.28 secs
Dynamic Programming starting after 0.28 secs
Using tree-based weight calculation.
Using polytree-based weight calculation.
Polytree max score: 316250
Polytree building time: 0.023 seconds.
Number of quartet trees in the gene trees: 316250
Size of largest cluster: 25
Greedy score: 209263
estimationFactor: 1.5112561704649174
Sub-optimal score: 225294
Total Number of elements weighted: 1067
Normalized score (portion of input quartet trees satisfied before correcting for multiple individuals): 0.7319936758893281
Optimization score: 231493
Optimal tree inferred in 0.403 secs.
(24,((18,(15,22)),((19,(23,21)),(16,((14,(17,(25,20))),(7,((12,(11,(4,6))),((2,(9,(10,1))),((13,3),(5,8))))))))));
Final quartet score is: 231493
Final normalized quartet score is: 0.7319936758893281
(16_1,(((14_1,(17_1,(25_1,20_1)0.8:0.19747069273148013)1:0.9413268100354805)0.89:0.25996330292995257,(7_1,((12_1,(11_1,(4_1,6_1)0.68:0.13853891435514498)0.99:0.45690300520003735)0.78:0.1858039446350621,((2_1,(9_1,(10_1,1_1)1:2.159484249353373)1:1.205805985407597)0.66:0.13579639925537487,((13_1,3_1)1:0.8219800524029135,(5_1,8_1)0.99:0.48550781578170055)0.97:0.38471885509945847)0.84:0.22029305054680412)0.52:0.07760427681400137)1:1.1403361320395093)0.41:0.01812609601329908,((19_1,(23_1,21_1)1:0.7961794064581804)0.81:0.19782574332992017,((18_1,(15_1,22_1)1:1.4110743901183775)0.81:0.21698125861967318,24_1)0.99:0.48724543568024153)0.96:0.3677247801253174));
Weight calculation took 0.053891668 secs
ASTRAL finished in 0.499 secs
