
================== ASTRAL ===================== 

This is ASTRAL version 5.6.3
Gene trees are treated as unrooted
100 trees read from g_trees-raxml-sqlen-25-ngen-100-s2g.trees
All output trees will be *arbitrarily* rooted at 16

======== Running the main analysis
Number of taxa: 25 (25 species)
Taxa: [16, 15, 14, 13, 12, 11, 10, 19, 18, 17, 25, 24, 1, 23, 2, 22, 3, 21, 4, 20, 5, 6, 7, 8, 9]
Taxon occupancy: {16_1=100, 15_1=100, 14_1=100, 13_1=100, 12_1=100, 11_1=100, 10_1=100, 19_1=100, 18_1=100, 17_1=100, 25_1=100, 1_1=100, 24_1=100, 2_1=100, 23_1=100, 3_1=100, 22_1=100, 4_1=100, 21_1=100, 5_1=100, 20_1=100, 6_1=100, 7_1=100, 8_1=100, 9_1=100}
Number of gene trees: 100
0 trees have missing taxa
Calculating quartet distance matrix (for completion of X)
Species tree distances calculated ...
Building set of clusters (X) from gene trees 
------------------------------
gradient0: 1359
Number of Clusters after addition by distance: 1359
calculating extra bipartitions to be added at level 1 ...
Adding to X using resolutions of greedy consensus ...
Limit for sigma of degrees:675
polytomy size limit : 7
discarded polytomies:  [3, 3, 4, 7, 7]
Threshold 0.0:
Threshold 0.01:
Threshold 0.02:
Threshold 0.05:
Threshold 0.1:
Threshold 0.2:
polytomy of size 4; rounds with additions with at least 5 support: 0; clusters: 1359
polytomy of size 3; rounds with additions with at least 5 support: 0; clusters: 1359
Threshold 0.3333333333333333:
polytomy of size 3; rounds with additions with at least 5 support: 0; clusters: 1359
polytomy of size 7; rounds with additions with at least 5 support: 0; clusters: 1359
polytomy of size 7; rounds with additions with at least 5 support: 0; clusters: 1359
max k is :0
Number of Clusters after addition by greedy: 1359
gradient0 in heuristiic: 1359
partitions formed in 0.428 secs
Dynamic Programming starting after 0.428 secs
Using tree-based weight calculation.
Using polytree-based weight calculation.
Polytree max score: 1265000
Polytree building time: 0.089 seconds.
Number of quartet trees in the gene trees: 1265000
Size of largest cluster: 25
Greedy score: 865279
estimationFactor: 1.461956201410181
Sub-optimal score: 913543
Total Number of elements weighted: 4226
Normalized score (portion of input quartet trees satisfied before correcting for multiple individuals): 0.7448537549407115
Optimization score: 942240
Optimal tree inferred in 0.834 secs.
(24,((18,(15,22)),((19,(23,21)),(16,((14,(17,(25,20))),((12,(11,(4,6))),(7,((2,(9,(10,1))),((13,3),(5,8))))))))));
Final quartet score is: 942240
Final normalized quartet score is: 0.7448537549407115
(16_1,(((14_1,(17_1,(25_1,20_1)1:0.4505716959459102)1:0.9607585676100366)0.94:0.15736891448443574,((12_1,(11_1,(4_1,6_1)0.51:0.06796472591379622)1:0.6611333123140813)1:0.3437409809583126,(7_1,((2_1,(9_1,(10_1,1_1)1:2.238102829064444)1:0.9226759965628275)0.95:0.1590646946296874,((13_1,3_1)1:0.9719110995605107,(5_1,8_1)1:1.0100109457927808)0.98:0.18884394622815287)0.88:0.1249272487495289)0.98:0.19873019770816927)1:1.5111412724522244)0.96:0.1714355349713859,((19_1,(23_1,21_1)1:0.8191207328149803)1:0.39224837967979814,((18_1,(15_1,22_1)1:1.3844957994839755)1:0.3914199334051167,24_1)1:0.3550522892342414)1:0.41119641041560323));
Weight calculation took 0.233346403 secs
ASTRAL finished in 0.963 secs
