
================== ASTRAL ===================== 

This is ASTRAL version 5.6.3
Gene trees are treated as unrooted
50 trees read from g_trees-raxml-sqlen-50-ngen-50-s2g.trees
All output trees will be *arbitrarily* rooted at 16

======== Running the main analysis
Number of taxa: 25 (25 species)
Taxa: [16, 15, 14, 13, 12, 11, 10, 19, 18, 17, 25, 24, 1, 23, 2, 22, 3, 21, 4, 20, 5, 6, 7, 8, 9]
Taxon occupancy: {16_1=50, 15_1=50, 14_1=50, 13_1=50, 12_1=50, 11_1=50, 10_1=50, 19_1=50, 18_1=50, 17_1=50, 25_1=50, 1_1=50, 24_1=50, 23_1=50, 2_1=50, 22_1=50, 3_1=50, 21_1=50, 4_1=50, 20_1=50, 5_1=50, 6_1=50, 7_1=50, 8_1=50, 9_1=50}
Number of gene trees: 50
0 trees have missing taxa
Calculating quartet distance matrix (for completion of X)
Species tree distances calculated ...
Building set of clusters (X) from gene trees 
------------------------------
gradient0: 607
Number of Clusters after addition by distance: 607
calculating extra bipartitions to be added at level 1 ...
Adding to X using resolutions of greedy consensus ...
Limit for sigma of degrees:675
polytomy size limit : 5
discarded polytomies:  [4, 5]
Threshold 0.0:
Threshold 0.01:
Threshold 0.02:
Threshold 0.05:
Threshold 0.1:
Threshold 0.2:
Threshold 0.3333333333333333:
polytomy of size 5; rounds with additions with at least 5 support: 0; clusters: 607
polytomy of size 4; rounds with additions with at least 5 support: 0; clusters: 607
max k is :0
Number of Clusters after addition by greedy: 607
gradient0 in heuristiic: 607
partitions formed in 0.208 secs
Dynamic Programming starting after 0.208 secs
Using tree-based weight calculation.
Using polytree-based weight calculation.
Polytree max score: 632500
Polytree building time: 0.035 seconds.
Number of quartet trees in the gene trees: 632500
Size of largest cluster: 25
Greedy score: 474646
estimationFactor: 1.3325720642331338
Sub-optimal score: 493049
Total Number of elements weighted: 1289
Normalized score (portion of input quartet trees satisfied before correcting for multiple individuals): 0.8121754940711462
Optimization score: 513701
Optimal tree inferred in 0.343 secs.
(17,((25,20),(14,((16,((19,(23,21)),(24,(18,(15,22))))),((12,(6,(11,4))),(7,((2,(9,(10,1))),((13,3),(5,8)))))))));
Final quartet score is: 513701
Final normalized quartet score is: 0.8121754940711462
(16_1,(((19_1,(23_1,21_1)1:1.072225533494915)1:0.37469344944141086,(24_1,(18_1,(15_1,22_1)1:1.523652777167715)1:0.9855087187336852)1:0.5629346516578672)1:0.631912120226233,(((12_1,(6_1,(11_1,4_1)0.78:0.151258253736858)1:0.6723564108908712)1:0.4447620768921441,(7_1,((2_1,(9_1,(10_1,1_1)1:2.4277482359480516)1:2.6005910487874617)1:0.36436633528556106,((13_1,3_1)1:1.4802049605697907,(5_1,8_1)1:1.334440999509635)1:0.35229749004830785)0.66:0.09350803625856796)1:0.4235504607648499)1:2.5134977831172574,(14_1,((25_1,20_1)1:0.8062619849977763,17_1)1:1.2285487103747734)0.94:0.2220129689439236)0.94:0.21979589658560605));
Weight calculation took 0.055487807 secs
ASTRAL finished in 0.45 secs
