
================== ASTRAL ===================== 

This is ASTRAL version 5.6.3
Gene trees are treated as unrooted
100 trees read from g_trees-raxml-sqlen-250-ngen-100-s2g.trees
All output trees will be *arbitrarily* rooted at 16

======== Running the main analysis
Number of taxa: 25 (25 species)
Taxa: [16, 15, 14, 13, 12, 11, 10, 19, 18, 17, 25, 24, 1, 23, 2, 22, 3, 21, 4, 20, 5, 6, 7, 8, 9]
Taxon occupancy: {16_1=100, 15_1=100, 14_1=100, 13_1=100, 12_1=100, 11_1=100, 10_1=100, 19_1=100, 18_1=100, 17_1=100, 25_1=100, 24_1=100, 1_1=100, 23_1=100, 2_1=100, 22_1=100, 3_1=100, 21_1=100, 4_1=100, 20_1=100, 5_1=100, 6_1=100, 7_1=100, 8_1=100, 9_1=100}
Number of gene trees: 100
0 trees have missing taxa
Calculating quartet distance matrix (for completion of X)
Species tree distances calculated ...
Building set of clusters (X) from gene trees 
------------------------------
gradient0: 319
Number of Clusters after addition by distance: 319
calculating extra bipartitions to be added at level 1 ...
Adding to X using resolutions of greedy consensus ...
Limit for sigma of degrees:675
polytomy size limit : 3
discarded polytomies:  []
Threshold 0.0:
Threshold 0.01:
Threshold 0.02:
Threshold 0.05:
Threshold 0.1:
Threshold 0.2:
Threshold 0.3333333333333333:
max k is :0
Number of Clusters after addition by greedy: 319
gradient0 in heuristiic: 319
partitions formed in 0.301 secs
Dynamic Programming starting after 0.301 secs
Using tree-based weight calculation.
Using polytree-based weight calculation.
Polytree max score: 1265000
Polytree building time: 0.064 seconds.
Number of quartet trees in the gene trees: 1265000
Size of largest cluster: 25
Greedy score: 1174838
estimationFactor: 1.0767441979234584
Sub-optimal score: 1174838
Total Number of elements weighted: 388
Normalized score (portion of input quartet trees satisfied before correcting for multiple individuals): 0.9287256916996047
Optimization score: 1174838
Optimal tree inferred in 0.508 secs.
(15,(22,(18,(24,((19,(23,21)),(16,(14,((17,(25,20)),((12,(6,(11,4))),(7,(((5,8),(13,3)),(2,(9,(10,1))))))))))))));
Final quartet score is: 1174838
Final normalized quartet score is: 0.9287256916996047
(16_1,((14_1,((17_1,(25_1,20_1)1:2.2702599406989754)1:2.6002174962989937,((12_1,(6_1,(11_1,4_1)0.99:0.22997375483113416)1:1.9070703157390496)1:1.337975783849083,(7_1,(((5_1,8_1)1:2.6692103677859462,(13_1,3_1)1:2.829331214599708)1:1.5449323799740213,(2_1,(9_1,(10_1,1_1)1:3.1110431200649846)1:2.326924161299313)1:0.6559894334266665)1:0.8791264085840478)1:1.1831514765123505)1:4.209655408733094)0.6:0.0599287006594096)1:0.9348719519265986,((19_1,(23_1,21_1)1:2.8233610476132034)1:1.6951000650229642,(24_1,(18_1,(22_1,15_1)1:4.165203646162264)1:1.3991059242540906)1:1.9052201764508863)1:1.5254158563246027));
Weight calculation took 0.077717172 secs
ASTRAL finished in 0.745 secs
