
================== ASTRAL ===================== 

This is ASTRAL version 5.6.3
Gene trees are treated as unrooted
500 trees read from g_trees-raxml-sqlen-50-ngen-500-s2g.trees
All output trees will be *arbitrarily* rooted at 16

======== Running the main analysis
Number of taxa: 25 (25 species)
Taxa: [16, 15, 14, 13, 12, 11, 10, 19, 18, 17, 25, 24, 1, 23, 2, 22, 3, 21, 4, 20, 5, 6, 7, 8, 9]
Taxon occupancy: {16_1=500, 15_1=500, 14_1=500, 13_1=500, 12_1=500, 11_1=500, 10_1=500, 19_1=500, 18_1=500, 17_1=500, 25_1=500, 1_1=500, 24_1=500, 23_1=500, 2_1=500, 22_1=500, 3_1=500, 21_1=500, 4_1=500, 20_1=500, 5_1=500, 6_1=500, 7_1=500, 8_1=500, 9_1=500}
Number of gene trees: 500
0 trees have missing taxa
Calculating quartet distance matrix (for completion of X)
Species tree distances calculated ...
Building set of clusters (X) from gene trees 
------------------------------
gradient0: 1963
Number of Clusters after addition by distance: 1963
calculating extra bipartitions to be added at level 1 ...
Adding to X using resolutions of greedy consensus ...
Limit for sigma of degrees:675
polytomy size limit : 4
discarded polytomies:  [3, 3, 4]
Threshold 0.0:
Threshold 0.01:
Threshold 0.02:
Threshold 0.05:
Threshold 0.1:
Threshold 0.2:
Threshold 0.3333333333333333:
polytomy of size 3; rounds with additions with at least 5 support: 0; clusters: 1963
polytomy of size 4; rounds with additions with at least 5 support: 0; clusters: 1963
polytomy of size 3; rounds with additions with at least 5 support: 0; clusters: 1963
max k is :0
Number of Clusters after addition by greedy: 1963
gradient0 in heuristiic: 1963
partitions formed in 0.66 secs
Dynamic Programming starting after 0.66 secs
Using tree-based weight calculation.
Using polytree-based weight calculation.
Polytree max score: 6325000
Polytree building time: 0.694 seconds.
Number of quartet trees in the gene trees: 6325000
Size of largest cluster: 25
Greedy score: 4542609
estimationFactor: 1.3923716525018992
Sub-optimal score: 4915556
Total Number of elements weighted: 8953
Normalized score (portion of input quartet trees satisfied before correcting for multiple individuals): 0.8054246640316206
Optimization score: 5094311
Optimal tree inferred in 2.421 secs.
(17,((25,20),((14,(16,((19,(23,21)),(24,(18,(15,22)))))),((12,(6,(11,4))),(7,((2,(9,(10,1))),((13,3),(5,8))))))));
Final quartet score is: 5094311
Final normalized quartet score is: 0.8054246640316206
(16_1,(((19_1,(23_1,21_1)1:1.2819686757605608)1:0.5266338275614744,(24_1,(18_1,(15_1,22_1)1:1.7405614433958296)1:0.46641725361450836)1:0.5123299211606743)1:0.5636526323299672,(14_1,(((12_1,(6_1,(11_1,4_1)0.87:0.06522828900358599)1:0.7462881129756475)1:0.5248712167221476,(7_1,((2_1,(9_1,(10_1,1_1)1:2.581415152084432)1:1.5070758997725306)1:0.2449879322301217,((13_1,3_1)1:1.5514837882619708,(5_1,8_1)1:1.4000758023229005)1:0.3828278886364476)1:0.20059662759646096)1:0.3217298940301092)1:2.6868472180020375,((25_1,20_1)1:0.858199015113463,17_1)1:1.1636320146700159)0.76:0.04128871826606857)1:0.2961653448034589));
Weight calculation took 0.926904952 secs
ASTRAL finished in 2.691 secs
