
================== ASTRAL ===================== 

This is ASTRAL version 5.6.3
Gene trees are treated as unrooted
25 trees read from g_trees-raxml-sqlen-250-ngen-25-s2g.trees
All output trees will be *arbitrarily* rooted at 16

======== Running the main analysis
Number of taxa: 25 (25 species)
Taxa: [16, 15, 14, 13, 12, 11, 10, 19, 18, 17, 25, 24, 1, 23, 2, 22, 3, 21, 4, 20, 5, 6, 7, 8, 9]
Taxon occupancy: {16_1=25, 15_1=25, 14_1=25, 13_1=25, 12_1=25, 11_1=25, 10_1=25, 19_1=25, 18_1=25, 17_1=25, 25_1=25, 24_1=25, 1_1=25, 23_1=25, 2_1=25, 22_1=25, 3_1=25, 21_1=25, 4_1=25, 20_1=25, 5_1=25, 6_1=25, 7_1=25, 8_1=25, 9_1=25}
Number of gene trees: 25
0 trees have missing taxa
Calculating quartet distance matrix (for completion of X)
Species tree distances calculated ...
Building set of clusters (X) from gene trees 
------------------------------
gradient0: 233
Number of Clusters after addition by distance: 233
calculating extra bipartitions to be added at level 1 ...
Adding to X using resolutions of greedy consensus ...
Limit for sigma of degrees:675
polytomy size limit : 3
discarded polytomies:  []
Threshold 0.0:
Threshold 0.01:
Threshold 0.02:
Threshold 0.05:
Threshold 0.1:
Threshold 0.2:
Threshold 0.3333333333333333:
max k is :0
Number of Clusters after addition by greedy: 233
gradient0 in heuristiic: 233
partitions formed in 0.098 secs
Dynamic Programming starting after 0.098 secs
Using tree-based weight calculation.
Using polytree-based weight calculation.
Polytree max score: 316250
Polytree building time: 0.011 seconds.
Number of quartet trees in the gene trees: 316250
Size of largest cluster: 25
Greedy score: 289845
estimationFactor: 1.091100415739447
Sub-optimal score: 289845
Total Number of elements weighted: 296
Normalized score (portion of input quartet trees satisfied before correcting for multiple individuals): 0.9165059288537549
Optimization score: 289845
Optimal tree inferred in 0.147 secs.
(15,(22,(18,(24,((19,(23,21)),(16,(14,((17,(25,20)),((12,(4,(11,6))),(7,(((5,8),(13,3)),(2,(9,(10,1))))))))))))));
Final quartet score is: 289845
Final normalized quartet score is: 0.9165059288537549
(16_1,((14_1,((17_1,(25_1,20_1)1:2.182473767578072)1:1.5234954826333753,((12_1,(4_1,(11_1,6_1)0.72:0.21357410029805904)1:2.8526314299133184)1:1.2431935174792175,(7_1,(((5_1,8_1)1:1.8718021769015907,(13_1,3_1)1:1.7619873108943855)1:1.0066112596813857,(2_1,(9_1,(10_1,1_1)1:2.159484249353373)1:1.9081698210724654)1:0.6232497409425671)0.94:0.3331723986186575)1:0.7424182295667281)1:2.8526314299133184)0.98:0.39233059092751726)1:0.7810330656945076,((19_1,(23_1,21_1)1:1.7540191412452077)1:1.7448024861402838,(24_1,(18_1,(22_1,15_1)1:2.808179667342484)1:1.7540191412452077)1:1.665465743903763)1:1.2670041661729359));
Weight calculation took 0.011238621 secs
ASTRAL finished in 0.233 secs
