
================== ASTRAL ===================== 

This is ASTRAL version 5.6.3
Gene trees are treated as unrooted
50 trees read from g_trees-raxml-sqlen-50-ngen-50.trees.tree
All output trees will be *arbitrarily* rooted at 6

======== Running the main analysis
Number of taxa: 25 (25 species)
Taxa: [6, 11, 4, 7, 9, 1, 10, 13, 3, 2, 8, 5, 12, 16, 17, 25, 20, 14, 24, 18, 15, 22, 21, 23, 19]
Taxon occupancy: {22=50, 23=50, 24=50, 25=50, 10=50, 11=50, 12=50, 13=50, 14=50, 15=50, 16=50, 17=50, 18=50, 19=50, 1=50, 2=50, 3=50, 4=50, 5=50, 6=50, 7=50, 8=50, 9=50, 20=50, 21=50}
Number of gene trees: 50
0 trees have missing taxa
Calculating quartet distance matrix (for completion of X)
Species tree distances calculated ...
Building set of clusters (X) from gene trees 
------------------------------
gradient0: 607
Number of Clusters after addition by distance: 607
calculating extra bipartitions to be added at level 1 ...
Adding to X using resolutions of greedy consensus ...
Limit for sigma of degrees:675
polytomy size limit : 5
discarded polytomies:  [4, 5]
Threshold 0.0:
Threshold 0.01:
Threshold 0.02:
Threshold 0.05:
Threshold 0.1:
Threshold 0.2:
Threshold 0.3333333333333333:
polytomy of size 4; rounds with additions with at least 5 support: 0; clusters: 607
polytomy of size 5; rounds with additions with at least 5 support: 0; clusters: 607
max k is :0
Number of Clusters after addition by greedy: 607
gradient0 in heuristiic: 607
partitions formed in 0.294 secs
Dynamic Programming starting after 0.294 secs
Using tree-based weight calculation.
Using polytree-based weight calculation.
Polytree max score: 632500
Polytree building time: 0.043 seconds.
Number of quartet trees in the gene trees: 632500
Size of largest cluster: 25
Greedy score: 484145
estimationFactor: 1.3064267936258764
Sub-optimal score: 506001
Total Number of elements weighted: 1334
Normalized score (portion of input quartet trees satisfied before correcting for multiple individuals): 0.8121754940711462
Optimization score: 513701
Optimal tree inferred in 0.493 secs.
(15,(22,(18,(24,((19,(21,23)),(16,((14,(17,(25,20))),((12,(6,(11,4))),(7,((2,(9,(1,10))),((8,5),(13,3))))))))))));
Final quartet score is: 513701
Final normalized quartet score is: 0.8121754940711462
(6,((11,4)0.78:0.151258253736858,(12,((7,((2,(9,(1,10)1:2.4277482359480516)1:2.6005910487874617)1:0.36436633528556106,((8,5)1:1.334440999509635,(13,3)1:1.4802049605697907)1:0.35229749004830785)0.66:0.09350803625856796)1:0.4235504607648499,((14,(17,(25,20)1:0.8062619849977763)1:1.2285487103747734)0.94:0.2220129689439236,(16,((19,(21,23)1:1.072225533494915)1:0.37469344944141086,(24,(18,(22,15)1:1.523652777167715)1:0.9855087187336852)1:0.5629346516578672)1:0.631912120226233)0.94:0.21979589658560605)1:2.5134977831172574)1:0.4447620768921441)1:0.6723564108908712));
Weight calculation took 0.093713522 secs
ASTRAL finished in 2.159 secs
