
================== ASTRAL ===================== 

This is ASTRAL version 5.6.3
Gene trees are treated as unrooted
50 trees read from g_trees-raxml-sqlen-250-ngen-50.trees.tree
All output trees will be *arbitrarily* rooted at 12

======== Running the main analysis
Number of taxa: 25 (25 species)
Taxa: [12, 4, 11, 6, 7, 2, 9, 1, 10, 8, 5, 13, 3, 23, 21, 24, 18, 15, 22, 16, 17, 20, 25, 14, 19]
Taxon occupancy: {22=50, 23=50, 24=50, 25=50, 10=50, 11=50, 12=50, 13=50, 14=50, 15=50, 16=50, 17=50, 18=50, 19=50, 1=50, 2=50, 3=50, 4=50, 5=50, 6=50, 7=50, 8=50, 9=50, 20=50, 21=50}
Number of gene trees: 50
0 trees have missing taxa
Calculating quartet distance matrix (for completion of X)
Species tree distances calculated ...
Building set of clusters (X) from gene trees 
------------------------------
gradient0: 279
Number of Clusters after addition by distance: 279
calculating extra bipartitions to be added at level 1 ...
Adding to X using resolutions of greedy consensus ...
Limit for sigma of degrees:675
polytomy size limit : 3
discarded polytomies:  []
Threshold 0.0:
Threshold 0.01:
Threshold 0.02:
Threshold 0.05:
Threshold 0.1:
Threshold 0.2:
Threshold 0.3333333333333333:
max k is :0
Number of Clusters after addition by greedy: 279
gradient0 in heuristiic: 279
partitions formed in 0.137 secs
Dynamic Programming starting after 0.137 secs
Using tree-based weight calculation.
Using polytree-based weight calculation.
Polytree max score: 632500
Polytree building time: 0.019 seconds.
Number of quartet trees in the gene trees: 632500
Size of largest cluster: 25
Greedy score: 580539
estimationFactor: 1.0895047533412914
Sub-optimal score: 580539
Total Number of elements weighted: 300
Normalized score (portion of input quartet trees satisfied before correcting for multiple individuals): 0.9206434782608696
Optimization score: 582307
Optimal tree inferred in 0.215 secs.
(17,((20,25),((14,(16,((19,(23,21)),(24,(18,(15,22)))))),((12,(6,(4,11))),(7,(((13,3),(8,5)),(2,(9,(1,10)))))))));
Final quartet score is: 582307
Final normalized quartet score is: 0.9206434782608696
(12,((6,(4,11)0.81:0.1590646946296874)1:2.14006616349627,((7,(((13,3)1:2.4357164055972285,(8,5)1:2.2270775404858996)1:1.1894450503383678,(2,(9,(1,10)1:2.4277482359480516)1:2.5818989157753114)1:0.6931471805599453)1:0.6043757112850514)1:1.0732025731427415,((14,(16,((19,(23,21)1:2.4277482359480516)1:1.7208077332557703,(24,(18,(15,22)1:3.481908762045327)1:1.4469189829363254)1:2.0181763458872344)1:1.3759672469640405)1:0.8739992293745399)0.78:0.13633644355213123,((20,25)1:2.4430157080788413,17)1:2.14006616349627)1:3.5263605246161593)1:1.2237754316221159));
Weight calculation took 0.024299267 secs
ASTRAL finished in 0.335 secs
