
================== ASTRAL ===================== 

This is ASTRAL version 5.6.3
Gene trees are treated as unrooted
100 trees read from g_trees-raxml-sqlen-0-ngen-100.trees.tree
All output trees will be *arbitrarily* rooted at 7

======== Running the main analysis
Number of taxa: 25 (25 species)
Taxa: [7, 3, 13, 8, 5, 2, 1, 10, 9, 6, 11, 4, 12, 14, 18, 15, 22, 24, 21, 23, 19, 16, 17, 25, 20]
Taxon occupancy: {22=100, 23=100, 24=100, 25=100, 10=100, 11=100, 12=100, 13=100, 14=100, 15=100, 16=100, 17=100, 18=100, 19=100, 1=100, 2=100, 3=100, 4=100, 5=100, 6=100, 7=100, 8=100, 9=100, 20=100, 21=100}
Number of gene trees: 100
0 trees have missing taxa
Calculating quartet distance matrix (for completion of X)
Species tree distances calculated ...
Building set of clusters (X) from gene trees 
------------------------------
gradient0: 97
Number of Clusters after addition by distance: 97
calculating extra bipartitions to be added at level 1 ...
Adding to X using resolutions of greedy consensus ...
Limit for sigma of degrees:675
polytomy size limit : 3
discarded polytomies:  []
Threshold 0.0:
Threshold 0.01:
Threshold 0.02:
Threshold 0.05:
Threshold 0.1:
Threshold 0.2:
Threshold 0.3333333333333333:
max k is :0
Number of Clusters after addition by greedy: 97
gradient0 in heuristiic: 97
partitions formed in 0.135 secs
Dynamic Programming starting after 0.135 secs
Using tree-based weight calculation.
Using polytree-based weight calculation.
Polytree max score: 1265000
Polytree building time: 0.018 seconds.
Number of quartet trees in the gene trees: 1265000
Size of largest cluster: 25
Greedy score: 1265000
estimationFactor: 1.0
Sub-optimal score: 1265000
Total Number of elements weighted: 83
Normalized score (portion of input quartet trees satisfied before correcting for multiple individuals): 1.0
Optimization score: 1265000
Optimal tree inferred in 0.197 secs.
(19,((21,23),((24,(18,(15,22))),(16,(14,((17,(25,20)),((12,(6,(11,4))),(7,((2,(9,(1,10))),((3,13),(8,5)))))))))));
Final quartet score is: 1265000
Final normalized quartet score is: 1.0
(7,(((2,(9,(1,10)1:4.209655408733094)1:4.209655408733094)1:4.209655408733094,((3,13)1:4.209655408733094,(8,5)1:4.209655408733094)1:4.209655408733094)1:4.209655408733094,((12,(6,(11,4)1:4.209655408733094)1:4.209655408733094)1:4.209655408733094,((17,(25,20)1:4.209655408733094)1:4.209655408733094,(14,(16,((24,(18,(15,22)1:4.209655408733094)1:4.209655408733094)1:4.209655408733094,((21,23)1:4.209655408733094,19)1:4.209655408733094)1:4.209655408733094)1:4.209655408733094)1:4.209655408733094)1:4.209655408733094)1:4.209655408733094));
Weight calculation took 0.005285311 secs
ASTRAL finished in 0.531 secs
