
================== ASTRAL ===================== 

This is ASTRAL version 5.6.3
Gene trees are treated as unrooted
100 trees read from g_trees-raxml-sqlen-250-ngen-100.trees.tree
All output trees will be *arbitrarily* rooted at 12

======== Running the main analysis
Number of taxa: 25 (25 species)
Taxa: [12, 4, 11, 6, 7, 2, 9, 1, 10, 8, 5, 13, 3, 23, 21, 24, 18, 15, 22, 16, 17, 20, 25, 14, 19]
Taxon occupancy: {22=100, 23=100, 24=100, 25=100, 10=100, 11=100, 12=100, 13=100, 14=100, 15=100, 16=100, 17=100, 18=100, 19=100, 1=100, 2=100, 3=100, 4=100, 5=100, 6=100, 7=100, 8=100, 9=100, 20=100, 21=100}
Number of gene trees: 100
0 trees have missing taxa
Calculating quartet distance matrix (for completion of X)
Species tree distances calculated ...
Building set of clusters (X) from gene trees 
------------------------------
gradient0: 319
Number of Clusters after addition by distance: 319
calculating extra bipartitions to be added at level 1 ...
Adding to X using resolutions of greedy consensus ...
Limit for sigma of degrees:675
polytomy size limit : 3
discarded polytomies:  []
Threshold 0.0:
Threshold 0.01:
Threshold 0.02:
Threshold 0.05:
Threshold 0.1:
Threshold 0.2:
Threshold 0.3333333333333333:
max k is :0
Number of Clusters after addition by greedy: 319
gradient0 in heuristiic: 319
partitions formed in 0.207 secs
Dynamic Programming starting after 0.207 secs
Using tree-based weight calculation.
Using polytree-based weight calculation.
Polytree max score: 1265000
Polytree building time: 0.04 seconds.
Number of quartet trees in the gene trees: 1265000
Size of largest cluster: 25
Greedy score: 1171978
estimationFactor: 1.079371797081515
Sub-optimal score: 1171978
Total Number of elements weighted: 379
Normalized score (portion of input quartet trees satisfied before correcting for multiple individuals): 0.9287256916996047
Optimization score: 1174838
Optimal tree inferred in 0.335 secs.
(17,((20,25),((14,(16,((19,(23,21)),(24,(18,(15,22)))))),((12,(6,(4,11))),(7,(((13,3),(8,5)),(2,(9,(1,10)))))))));
Final quartet score is: 1174838
Final normalized quartet score is: 0.9287256916996047
(12,((6,(4,11)0.99:0.22997375483113416)1:1.9070703157390496,((7,(((13,3)1:2.829331214599708,(8,5)1:2.6692103677859462)1:1.5449323799740213,(2,(9,(1,10)1:3.1110431200649846)1:2.326924161299313)1:0.6559894334266665)1:0.8791264085840478)1:1.1831514765123505,((14,(16,((19,(23,21)1:2.8233610476132034)1:1.6951000650229642,(24,(18,(15,22)1:4.165203646162264)1:1.3991059242540906)1:1.9052201764508863)1:1.5254158563246027)1:0.9348719519265986)0.6:0.0599287006594096,((20,25)1:2.2702599406989754,17)1:2.6002174962989937)1:4.209655408733094)1:1.337975783849083));
Weight calculation took 0.037752508 secs
ASTRAL finished in 0.681 secs
