
================== ASTRAL ===================== 

This is ASTRAL version 5.6.3
Gene trees are treated as unrooted
100 trees read from g_trees-raxml-sqlen-25-ngen-100.trees.tree
All output trees will be *arbitrarily* rooted at 23

======== Running the main analysis
Number of taxa: 25 (25 species)
Taxa: [23, 21, 25, 20, 17, 16, 14, 24, 18, 15, 22, 6, 12, 11, 4, 2, 5, 8, 13, 3, 9, 10, 1, 7, 19]
Taxon occupancy: {22=100, 23=100, 24=100, 25=100, 10=100, 11=100, 12=100, 13=100, 14=100, 15=100, 16=100, 17=100, 18=100, 19=100, 1=100, 2=100, 3=100, 4=100, 5=100, 6=100, 7=100, 8=100, 9=100, 20=100, 21=100}
Number of gene trees: 100
0 trees have missing taxa
Calculating quartet distance matrix (for completion of X)
Species tree distances calculated ...
Building set of clusters (X) from gene trees 
------------------------------
gradient0: 1359
Number of Clusters after addition by distance: 1359
calculating extra bipartitions to be added at level 1 ...
Adding to X using resolutions of greedy consensus ...
Limit for sigma of degrees:675
polytomy size limit : 7
discarded polytomies:  [3, 3, 4, 7, 7]
Threshold 0.0:
Threshold 0.01:
Threshold 0.02:
Threshold 0.05:
Threshold 0.1:
Threshold 0.2:
polytomy of size 4; rounds with additions with at least 5 support: 0; clusters: 1359
polytomy of size 3; rounds with additions with at least 5 support: 0; clusters: 1359
Threshold 0.3333333333333333:
polytomy of size 3; rounds with additions with at least 5 support: 0; clusters: 1359
polytomy of size 7; rounds with additions with at least 5 support: 0; clusters: 1359
polytomy of size 7; rounds with additions with at least 5 support: 0; clusters: 1359
max k is :0
Number of Clusters after addition by greedy: 1359
gradient0 in heuristiic: 1359
partitions formed in 0.504 secs
Dynamic Programming starting after 0.504 secs
Using tree-based weight calculation.
Using polytree-based weight calculation.
Polytree max score: 1265000
Polytree building time: 0.077 seconds.
Number of quartet trees in the gene trees: 1265000
Size of largest cluster: 25
Greedy score: 824989
estimationFactor: 1.533353778050374
Sub-optimal score: 880048
Total Number of elements weighted: 4254
Normalized score (portion of input quartet trees satisfied before correcting for multiple individuals): 0.7448537549407115
Optimization score: 942240
Optimal tree inferred in 0.925 secs.
(17,((25,20),(14,((16,((19,(23,21)),(24,(18,(15,22))))),((12,(11,(6,4))),(7,((2,(9,(10,1))),((5,8),(13,3)))))))));
Final quartet score is: 942240
Final normalized quartet score is: 0.7448537549407115
(23,(21,(19,((24,(18,(15,22)1:1.3844957994839755)1:0.3914199334051167)1:0.3550522892342414,(16,(((12,(11,(6,4)0.51:0.06796472591379622)1:0.6611333123140813)1:0.3437409809583126,(7,((2,(9,(10,1)1:2.238102829064444)1:0.9226759965628275)0.95:0.1590646946296874,((5,8)1:1.0100109457927808,(13,3)1:0.9719110995605107)0.98:0.18884394622815287)0.88:0.1249272487495289)0.98:0.19873019770816927)1:1.5111412724522244,(14,((25,20)1:0.4505716959459102,17)1:0.9607585676100366)0.94:0.15736891448443574)0.96:0.1714355349713859)1:0.41119641041560323)1:0.39224837967979814)1:0.8191207328149803));
Weight calculation took 0.252060993 secs
ASTRAL finished in 1.082 secs
