
================== ASTRAL ===================== 

This is ASTRAL version 5.6.3
Gene trees are treated as unrooted
25 trees read from g_trees-raxml-sqlen-25-ngen-25.trees.tree
All output trees will be *arbitrarily* rooted at 23

======== Running the main analysis
Number of taxa: 25 (25 species)
Taxa: [23, 21, 25, 20, 17, 16, 14, 24, 18, 15, 22, 6, 12, 11, 4, 2, 5, 8, 13, 3, 9, 10, 1, 7, 19]
Taxon occupancy: {22=25, 23=25, 24=25, 25=25, 10=25, 11=25, 12=25, 13=25, 14=25, 15=25, 16=25, 17=25, 18=25, 19=25, 1=25, 2=25, 3=25, 4=25, 5=25, 6=25, 7=25, 8=25, 9=25, 20=25, 21=25}
Number of gene trees: 25
0 trees have missing taxa
Calculating quartet distance matrix (for completion of X)
Species tree distances calculated ...
Building set of clusters (X) from gene trees 
------------------------------
gradient0: 593
Number of Clusters after addition by distance: 593
calculating extra bipartitions to be added at level 1 ...
Adding to X using resolutions of greedy consensus ...
Limit for sigma of degrees:675
polytomy size limit : 8
discarded polytomies:  [3, 4, 7, 8]
Threshold 0.0:
Threshold 0.01:
Threshold 0.02:
Threshold 0.05:
Threshold 0.1:
Threshold 0.2:
polytomy of size 4; rounds with additions with at least 5 support: 0; clusters: 595
polytomy of size 3; rounds with additions with at least 5 support: 1; clusters: 597
Threshold 0.3333333333333333:
polytomy of size 7; rounds with additions with at least 5 support: 0; clusters: 597
polytomy of size 8; rounds with additions with at least 5 support: 0; clusters: 597
max k is :2
Number of Clusters after addition by greedy: 597
gradient0 in heuristiic: 597
partitions formed in 0.292 secs
Dynamic Programming starting after 0.292 secs
Using tree-based weight calculation.
Using polytree-based weight calculation.
Polytree max score: 316250
Polytree building time: 0.027 seconds.
Number of quartet trees in the gene trees: 316250
Size of largest cluster: 25
Greedy score: 204120
estimationFactor: 1.5493337252596513
Sub-optimal score: 218456
Total Number of elements weighted: 1084
Normalized score (portion of input quartet trees satisfied before correcting for multiple individuals): 0.7319936758893281
Optimization score: 231493
Optimal tree inferred in 0.418 secs.
(17,((25,20),(14,((16,((19,(23,21)),(24,(18,(15,22))))),(7,((12,(11,(6,4))),((2,(9,(10,1))),((5,8),(13,3)))))))));
Final quartet score is: 231493
Final normalized quartet score is: 0.7319936758893281
(23,(21,(19,((24,(18,(15,22)1:1.4110743901183775)0.81:0.21698125861967318)0.99:0.48724543568024153,(16,((7,((12,(11,(6,4)0.68:0.13853891435514498)0.99:0.45690300520003735)0.78:0.1858039446350621,((2,(9,(10,1)1:2.159484249353373)1:1.205805985407597)0.66:0.13579639925537487,((5,8)0.99:0.48550781578170055,(13,3)1:0.8219800524029135)0.97:0.38471885509945847)0.84:0.22029305054680412)0.52:0.07760427681400137)1:1.1403361320395093,(14,((25,20)0.8:0.19747069273148013,17)1:0.9413268100354805)0.89:0.25996330292995257)0.41:0.01812609601329908)0.96:0.3677247801253174)0.81:0.19782574332992017)1:0.7961794064581804));
Weight calculation took 0.04847903 secs
ASTRAL finished in 3.114 secs
