
================== ASTRAL ===================== 

This is ASTRAL version 5.6.3
Gene trees are treated as unrooted
500 trees read from g_trees-raxml-sqlen-25-ngen-500-s2g.trees
All output trees will be *arbitrarily* rooted at 16

======== Running the main analysis
Number of taxa: 25 (25 species)
Taxa: [16, 15, 14, 13, 12, 11, 10, 19, 18, 17, 25, 24, 1, 23, 2, 22, 3, 21, 4, 20, 5, 6, 7, 8, 9]
Taxon occupancy: {16_1=500, 15_1=500, 14_1=500, 13_1=500, 12_1=500, 11_1=500, 10_1=500, 19_1=500, 18_1=500, 17_1=500, 25_1=500, 24_1=500, 1_1=500, 23_1=500, 2_1=500, 22_1=500, 3_1=500, 4_1=500, 21_1=500, 20_1=500, 5_1=500, 6_1=500, 7_1=500, 8_1=500, 9_1=500}
Number of gene trees: 500
0 trees have missing taxa
Calculating quartet distance matrix (for completion of X)
Species tree distances calculated ...
Building set of clusters (X) from gene trees 
------------------------------
gradient0: 4193
Number of Clusters after addition by distance: 4193
calculating extra bipartitions to be added at level 1 ...
Adding to X using resolutions of greedy consensus ...
Limit for sigma of degrees:675
polytomy size limit : 7
discarded polytomies:  [3, 3, 4, 6, 7]
Threshold 0.0:
Threshold 0.01:
Threshold 0.02:
Threshold 0.05:
Threshold 0.1:
Threshold 0.2:
polytomy of size 4; rounds with additions with at least 5 support: 0; clusters: 4193
polytomy of size 3; rounds with additions with at least 5 support: 0; clusters: 4193
polytomy of size 3; rounds with additions with at least 5 support: 0; clusters: 4193
Threshold 0.3333333333333333:
polytomy of size 6; rounds with additions with at least 5 support: 0; clusters: 4193
polytomy of size 7; rounds with additions with at least 5 support: 0; clusters: 4193
max k is :0
Number of Clusters after addition by greedy: 4193
gradient0 in heuristiic: 4193
partitions formed in 0.874 secs
Dynamic Programming starting after 0.874 secs
Using tree-based weight calculation.
Using polytree-based weight calculation.
Polytree max score: 6325000
Polytree building time: 1.105 seconds.
Number of quartet trees in the gene trees: 6325000
Size of largest cluster: 25
Greedy score: 4018247
estimationFactor: 1.574069488510786
Sub-optimal score: 4321872
Total Number of elements weighted: 24038
Normalized score (portion of input quartet trees satisfied before correcting for multiple individuals): 0.7099636363636364
Optimization score: 4490520
Optimal tree inferred in 5.588 secs.
(12,(8,((15,(13,(10,18))),((7,((14,11),(25,24))),((22,5),((3,(1,2)),(21,((23,20),((19,6),(9,(4,(16,17))))))))))));
Final quartet score is: 4490520
Final normalized quartet score is: 0.7099636363636364
(16_1,(17_1,(4_1,(9_1,((19_1,6_1)1:2.4465711982994685,((23_1,20_1)1:1.6565563503772411,(21_1,((3_1,(1_1,2_1)1:0.28804504886229976)1:0.930607894492603,((22_1,5_1)1:1.0058787913260145,((7_1,((14_1,11_1)1:1.7026117957626423,(25_1,24_1)1:0.23564292948441554)1:0.4713818240290024)1:0.11405749373753192,((15_1,(13_1,(10_1,18_1)1:0.23985148925254068)1:0.9326774719889281)1:0.4753334921848047,(8_1,12_1)1:0.7989279967388265)1:0.1485402005364919)1:0.6308254360143187)0.99:0.0975082024696652)1:0.4225962723950584)1:0.2052814834776547)1:0.1982946995874419)1:0.0994367620755223)1:0.48778264247089564)1:1.6125729248838478));
Weight calculation took 3.386436042 secs
ASTRAL finished in 5.852 secs
