
================== ASTRAL ===================== 

This is ASTRAL version 5.6.3
Gene trees are treated as unrooted
50 trees read from g_trees-raxml-sqlen-250-ngen-50-s2g.trees
All output trees will be *arbitrarily* rooted at 16

======== Running the main analysis
Number of taxa: 25 (25 species)
Taxa: [16, 15, 14, 13, 12, 11, 10, 19, 18, 17, 25, 24, 1, 23, 2, 22, 3, 21, 4, 20, 5, 6, 7, 8, 9]
Taxon occupancy: {16_1=50, 15_1=50, 14_1=50, 13_1=50, 12_1=50, 11_1=50, 10_1=50, 19_1=50, 18_1=50, 17_1=50, 25_1=50, 1_1=50, 24_1=50, 2_1=50, 23_1=50, 3_1=50, 22_1=50, 21_1=50, 4_1=50, 5_1=50, 20_1=50, 6_1=50, 7_1=50, 8_1=50, 9_1=50}
Number of gene trees: 50
0 trees have missing taxa
Calculating quartet distance matrix (for completion of X)
Species tree distances calculated ...
Building set of clusters (X) from gene trees 
------------------------------
gradient0: 217
Number of Clusters after addition by distance: 217
calculating extra bipartitions to be added at level 1 ...
Adding to X using resolutions of greedy consensus ...
Limit for sigma of degrees:675
polytomy size limit : 3
discarded polytomies:  [3]
Threshold 0.0:
Threshold 0.01:
Threshold 0.02:
Threshold 0.05:
Threshold 0.1:
Threshold 0.2:
Threshold 0.3333333333333333:
polytomy of size 3; rounds with additions with at least 5 support: 0; clusters: 217
max k is :0
Number of Clusters after addition by greedy: 217
gradient0 in heuristiic: 217
partitions formed in 0.136 secs
Dynamic Programming starting after 0.136 secs
Using tree-based weight calculation.
Using polytree-based weight calculation.
Polytree max score: 632500
Polytree building time: 0.017 seconds.
Number of quartet trees in the gene trees: 632500
Size of largest cluster: 25
Greedy score: 572682
estimationFactor: 1.104452383696362
Sub-optimal score: 580668
Total Number of elements weighted: 240
Normalized score (portion of input quartet trees satisfied before correcting for multiple individuals): 0.9180521739130435
Optimization score: 580668
Optimal tree inferred in 0.207 secs.
(24,(25,((14,11),(7,(((12,8),(15,(13,(10,18)))),(((22,5),(3,(1,2))),(21,((23,20),((19,6),(9,(4,(16,17))))))))))));
Final quartet score is: 580668
Final normalized quartet score is: 0.9180521739130435
(16_1,(17_1,(4_1,(9_1,((19_1,6_1)1:3.5263605246161593,((23_1,20_1)1:3.5263605246161593,(21_1,(((22_1,5_1)1:3.0881055936850097,(3_1,(1_1,2_1)1:1.3291359472799418)1:2.8332133440562166)0.43:0.025272103100715062,(((12_1,8_1)1:2.14006616349627,(15_1,(13_1,(10_1,18_1)1:0.6904769520040664)1:2.8332133440562166)1:1.3031604608766814)1:0.37331929852665124,(7_1,((14_1,11_1)1:3.5263605246161593,(25_1,24_1)1:1.4175913678418048)1:2.191359457883822)1:0.9396711805182189)1:2.501514386187663)1:2.4790415303356017)1:1.1749852674526835)1:1.1165049763548194)1:1.311744204568073)1:1.9361539741099487)1:3.5263605246161593));
Weight calculation took 0.019591486 secs
ASTRAL finished in 0.312 secs
