
================== ASTRAL ===================== 

This is ASTRAL version 5.6.3
Gene trees are treated as unrooted
100 trees read from g_trees-raxml-sqlen-25-ngen-100-s2g.trees
All output trees will be *arbitrarily* rooted at 16

======== Running the main analysis
Number of taxa: 25 (25 species)
Taxa: [16, 15, 14, 13, 12, 11, 10, 19, 18, 17, 25, 24, 1, 23, 2, 22, 3, 21, 4, 20, 5, 6, 7, 8, 9]
Taxon occupancy: {16_1=100, 15_1=100, 14_1=100, 13_1=100, 12_1=100, 11_1=100, 10_1=100, 19_1=100, 18_1=100, 17_1=100, 25_1=100, 24_1=100, 1_1=100, 23_1=100, 2_1=100, 22_1=100, 3_1=100, 4_1=100, 21_1=100, 20_1=100, 5_1=100, 6_1=100, 7_1=100, 8_1=100, 9_1=100}
Number of gene trees: 100
0 trees have missing taxa
Calculating quartet distance matrix (for completion of X)
Species tree distances calculated ...
Building set of clusters (X) from gene trees 
------------------------------
gradient0: 1465
Number of Clusters after addition by distance: 1465
calculating extra bipartitions to be added at level 1 ...
Adding to X using resolutions of greedy consensus ...
Limit for sigma of degrees:675
polytomy size limit : 7
discarded polytomies:  [3, 3, 4, 7, 7]
Threshold 0.0:
Threshold 0.01:
Threshold 0.02:
Threshold 0.05:
Threshold 0.1:
Threshold 0.2:
polytomy of size 4; rounds with additions with at least 5 support: 0; clusters: 1465
polytomy of size 3; rounds with additions with at least 5 support: 0; clusters: 1465
polytomy of size 3; rounds with additions with at least 5 support: 0; clusters: 1465
Threshold 0.3333333333333333:
polytomy of size 7; rounds with additions with at least 5 support: 0; clusters: 1465
polytomy of size 7; rounds with additions with at least 5 support: 0; clusters: 1465
max k is :0
Number of Clusters after addition by greedy: 1465
gradient0 in heuristiic: 1465
partitions formed in 0.422 secs
Dynamic Programming starting after 0.422 secs
Using tree-based weight calculation.
Using polytree-based weight calculation.
Polytree max score: 1265000
Polytree building time: 0.09 seconds.
Number of quartet trees in the gene trees: 1265000
Size of largest cluster: 25
Greedy score: 809418
estimationFactor: 1.5628513326859546
Sub-optimal score: 852829
Total Number of elements weighted: 4100
Normalized score (portion of input quartet trees satisfied before correcting for multiple individuals): 0.7069249011857708
Optimization score: 894260
Optimal tree inferred in 0.855 secs.
(12,(8,((15,(13,(10,18))),((7,((14,11),(25,24))),((22,5),((3,(1,2)),(21,((23,20),((19,6),(9,(4,(16,17))))))))))));
Final quartet score is: 894260
Final normalized quartet score is: 0.7069249011857708
(16_1,(17_1,(4_1,(9_1,((19_1,6_1)1:2.1252917898478305,((23_1,20_1)1:1.7690148584196477,(21_1,((3_1,(1_1,2_1)1:0.28678238728088334)1:0.9912925359151248,((22_1,5_1)1:1.151873504215222,((7_1,((14_1,11_1)1:1.4626897913812114,(25_1,24_1)1:0.30192732758782964)1:0.33819401506107205)0.63:0.05978791837897326,((15_1,(13_1,(10_1,18_1)0.98:0.18755575338432318)1:0.7841526361698213)1:0.4496800329354286,(8_1,12_1)1:0.8713604604297429)0.7:0.0851165550658224)1:0.6777547037413184)0.71:0.07767236517420752)1:0.33365822556171104)1:0.3066311037686499)0.87:0.12096405070275469)0.68:0.07210572897319713)1:0.45959126558001884)1:1.8539604904250995));
Weight calculation took 0.258510055 secs
ASTRAL finished in 0.997 secs
