
================== ASTRAL ===================== 

This is ASTRAL version 5.6.3
Gene trees are treated as unrooted
100 trees read from g_trees-raxml-sqlen-50-ngen-100-s2g.trees
All output trees will be *arbitrarily* rooted at 16

======== Running the main analysis
Number of taxa: 25 (25 species)
Taxa: [16, 15, 14, 13, 12, 11, 10, 19, 18, 17, 25, 24, 1, 23, 2, 22, 3, 21, 4, 20, 5, 6, 7, 8, 9]
Taxon occupancy: {16_1=100, 15_1=100, 14_1=100, 13_1=100, 12_1=100, 11_1=100, 10_1=100, 19_1=100, 18_1=100, 17_1=100, 25_1=100, 1_1=100, 24_1=100, 2_1=100, 23_1=100, 22_1=100, 3_1=100, 21_1=100, 4_1=100, 5_1=100, 20_1=100, 6_1=100, 7_1=100, 8_1=100, 9_1=100}
Number of gene trees: 100
0 trees have missing taxa
Calculating quartet distance matrix (for completion of X)
Species tree distances calculated ...
Building set of clusters (X) from gene trees 
------------------------------
gradient0: 905
Number of Clusters after addition by distance: 905
calculating extra bipartitions to be added at level 1 ...
Adding to X using resolutions of greedy consensus ...
Limit for sigma of degrees:675
polytomy size limit : 4
discarded polytomies:  [3, 4, 4, 4]
Threshold 0.0:
Threshold 0.01:
Threshold 0.02:
Threshold 0.05:
Threshold 0.1:
Threshold 0.2:
polytomy of size 4; rounds with additions with at least 5 support: 0; clusters: 905
Threshold 0.3333333333333333:
polytomy of size 4; rounds with additions with at least 5 support: 0; clusters: 905
polytomy of size 3; rounds with additions with at least 5 support: 0; clusters: 905
polytomy of size 4; rounds with additions with at least 5 support: 0; clusters: 905
max k is :0
Number of Clusters after addition by greedy: 905
gradient0 in heuristiic: 905
partitions formed in 0.353 secs
Dynamic Programming starting after 0.353 secs
Using tree-based weight calculation.
Using polytree-based weight calculation.
Polytree max score: 1265000
Polytree building time: 0.063 seconds.
Number of quartet trees in the gene trees: 1265000
Size of largest cluster: 25
Greedy score: 943345
estimationFactor: 1.340972814823845
Sub-optimal score: 978976
Total Number of elements weighted: 2365
Normalized score (portion of input quartet trees satisfied before correcting for multiple individuals): 0.782404743083004
Optimization score: 989742
Optimal tree inferred in 0.632 secs.
(16,(17,(4,(9,((19,6),((23,20),(21,(((22,5),(3,(1,2))),((7,((14,11),(25,24))),((12,8),(15,(13,(10,18)))))))))))));
Final quartet score is: 989742
Final normalized quartet score is: 0.782404743083004
(16_1,(17_1,(4_1,(9_1,((19_1,6_1)1:2.225030747497093,((23_1,20_1)1:1.7546017220947752,(21_1,(((22_1,5_1)1:2.332738131164732,(3_1,(1_1,2_1)1:0.45588238288314803)1:1.9196490979459109)0.57:0.04990464636020062,((7_1,((14_1,11_1)1:2.1066833696430614,(25_1,24_1)1:0.5136584868502948)1:0.6869781295332302)0.82:0.10386862264034792,((12_1,8_1)1:1.3842121115388113,(15_1,(13_1,(10_1,18_1)1:0.3959470921295727)1:1.3515445130551513)1:0.8771376644128084)0.74:0.08401984220805453)1:1.1566330427663611)1:0.7242282930431869)1:0.34596954510451233)1:0.2979265642130856)0.98:0.19185092363332842)1:0.8472978603872029)1:1.5836701606851888));
Weight calculation took 0.147624686 secs
ASTRAL finished in 0.758 secs
