
================== ASTRAL ===================== 

This is ASTRAL version 5.6.3
Gene trees are treated as unrooted
100 trees read from g_trees-raxml-sqlen-0-ngen-100.trees.tree
All output trees will be *arbitrarily* rooted at 11

======== Running the main analysis
Number of taxa: 25 (25 species)
Taxa: [11, 14, 25, 24, 7, 8, 12, 15, 13, 10, 18, 22, 5, 9, 16, 17, 4, 19, 6, 23, 20, 21, 2, 1, 3]
Taxon occupancy: {22=100, 23=100, 24=100, 25=100, 10=100, 11=100, 12=100, 13=100, 14=100, 15=100, 16=100, 17=100, 18=100, 19=100, 1=100, 2=100, 3=100, 4=100, 5=100, 6=100, 7=100, 8=100, 9=100, 20=100, 21=100}
Number of gene trees: 100
0 trees have missing taxa
Calculating quartet distance matrix (for completion of X)
Species tree distances calculated ...
Building set of clusters (X) from gene trees 
------------------------------
gradient0: 97
Number of Clusters after addition by distance: 97
calculating extra bipartitions to be added at level 1 ...
Adding to X using resolutions of greedy consensus ...
Limit for sigma of degrees:675
polytomy size limit : 3
discarded polytomies:  []
Threshold 0.0:
Threshold 0.01:
Threshold 0.02:
Threshold 0.05:
Threshold 0.1:
Threshold 0.2:
Threshold 0.3333333333333333:
max k is :0
Number of Clusters after addition by greedy: 97
gradient0 in heuristiic: 97
partitions formed in 0.155 secs
Dynamic Programming starting after 0.155 secs
Using tree-based weight calculation.
Using polytree-based weight calculation.
Polytree max score: 1265000
Polytree building time: 0.017 seconds.
Number of quartet trees in the gene trees: 1265000
Size of largest cluster: 25
Greedy score: 1265000
estimationFactor: 1.0
Sub-optimal score: 1265000
Total Number of elements weighted: 84
Normalized score (portion of input quartet trees satisfied before correcting for multiple individuals): 1.0
Optimization score: 1265000
Optimal tree inferred in 0.226 secs.
(7,(((11,14),(25,24)),(((8,12),(15,(13,(10,18)))),((22,5),((3,(2,1)),(21,((23,20),((19,6),(9,(4,(16,17)))))))))));
Final quartet score is: 1265000
Final normalized quartet score is: 1.0
(11,(14,((25,24)1:4.209655408733094,((((8,12)1:4.209655408733094,(15,(13,(10,18)1:4.209655408733094)1:4.209655408733094)1:4.209655408733094)1:4.209655408733094,((22,5)1:4.209655408733094,((3,(2,1)1:4.209655408733094)1:4.209655408733094,(21,((23,20)1:4.209655408733094,((19,6)1:4.209655408733094,(9,(4,(16,17)1:4.209655408733094)1:4.209655408733094)1:4.209655408733094)1:4.209655408733094)1:4.209655408733094)1:4.209655408733094)1:4.209655408733094)1:4.209655408733094)1:4.209655408733094,7)1:4.209655408733094)1:4.209655408733094));
Weight calculation took 0.004932173 secs
ASTRAL finished in 0.56 secs
