
================== ASTRAL ===================== 

This is ASTRAL version 5.6.3
Gene trees are treated as unrooted
25 trees read from g_trees-raxml-sqlen-100-ngen-25.trees.tree
All output trees will be *arbitrarily* rooted at 5

======== Running the main analysis
Number of taxa: 25 (25 species)
Taxa: [5, 22, 2, 1, 3, 21, 12, 8, 7, 25, 14, 11, 24, 15, 18, 10, 13, 20, 23, 9, 4, 17, 16, 6, 19]
Taxon occupancy: {22=25, 23=25, 24=25, 25=25, 10=25, 11=25, 12=25, 13=25, 14=25, 15=25, 16=25, 17=25, 18=25, 19=25, 1=25, 2=25, 3=25, 4=25, 5=25, 6=25, 7=25, 8=25, 9=25, 20=25, 21=25}
Number of gene trees: 25
0 trees have missing taxa
Calculating quartet distance matrix (for completion of X)
Species tree distances calculated ...
Building set of clusters (X) from gene trees 
------------------------------
gradient0: 299
Number of Clusters after addition by distance: 299
calculating extra bipartitions to be added at level 1 ...
Adding to X using resolutions of greedy consensus ...
Limit for sigma of degrees:675
polytomy size limit : 4
discarded polytomies:  [4]
Threshold 0.0:
Threshold 0.01:
Threshold 0.02:
Threshold 0.05:
Threshold 0.1:
Threshold 0.2:
Threshold 0.3333333333333333:
polytomy of size 4; rounds with additions with at least 5 support: 0; clusters: 299
max k is :0
Number of Clusters after addition by greedy: 299
gradient0 in heuristiic: 299
partitions formed in 0.142 secs
Dynamic Programming starting after 0.142 secs
Using tree-based weight calculation.
Using polytree-based weight calculation.
Polytree max score: 316250
Polytree building time: 0.015 seconds.
Number of quartet trees in the gene trees: 316250
Size of largest cluster: 25
Greedy score: 257349
estimationFactor: 1.2288759622147356
Sub-optimal score: 268002
Total Number of elements weighted: 415
Normalized score (portion of input quartet trees satisfied before correcting for multiple individuals): 0.8539256916996047
Optimization score: 270054
Optimal tree inferred in 0.221 secs.
(4,((17,16),(9,((6,19),((20,23),(21,((3,(2,1)),((5,22),((7,((14,11),(25,24))),((12,8),(15,(13,(18,10)))))))))))));
Final quartet score is: 270054
Final normalized quartet score is: 0.8539256916996047
(5,(22,(((7,((14,11)1:2.8526314299133184,(25,24)0.94:0.31742404165051835)1:0.8820286682676332)0.82:0.20975487223106354,((12,8)1:1.7153046290645173,(15,(13,(18,10)0.91:0.27724719515920143)1:1.6415411578185177)1:0.6711242684725083)0.73:0.17063190601105016)1:1.7965787556640034,((3,(2,1)1:1.7241661780955262)1:1.785859747100868,(21,((20,23)1:2.8526314299133184,((6,19)1:2.8526314299133184,(9,((17,16)1:2.159484249353373,4)1:1.4904346203724874)0.96:0.34889728698734407)1:0.6343874853530223)1:0.5700364817957743)1:0.9326967672612649)0.7:0.1506602748874897)1:1.7540191412452077));
Weight calculation took 0.027010899 secs
ASTRAL finished in 0.318 secs
