
================== ASTRAL ===================== 

This is ASTRAL version 5.6.3
Gene trees are treated as unrooted
500 trees read from g_trees-raxml-sqlen-100-ngen-500.trees.tree
All output trees will be *arbitrarily* rooted at 5

======== Running the main analysis
Number of taxa: 25 (25 species)
Taxa: [5, 22, 2, 1, 3, 21, 12, 8, 7, 25, 14, 11, 24, 15, 18, 10, 13, 20, 23, 9, 4, 17, 16, 6, 19]
Taxon occupancy: {22=500, 23=500, 24=500, 25=500, 10=500, 11=500, 12=500, 13=500, 14=500, 15=500, 16=500, 17=500, 18=500, 19=500, 1=500, 2=500, 3=500, 4=500, 5=500, 6=500, 7=500, 8=500, 9=500, 20=500, 21=500}
Number of gene trees: 500
0 trees have missing taxa
Calculating quartet distance matrix (for completion of X)
Species tree distances calculated ...
Building set of clusters (X) from gene trees 
------------------------------
gradient0: 1087
Number of Clusters after addition by distance: 1087
calculating extra bipartitions to be added at level 1 ...
Adding to X using resolutions of greedy consensus ...
Limit for sigma of degrees:675
polytomy size limit : 3
discarded polytomies:  [3, 3]
Threshold 0.0:
Threshold 0.01:
Threshold 0.02:
Threshold 0.05:
Threshold 0.1:
Threshold 0.2:
Threshold 0.3333333333333333:
polytomy of size 3; rounds with additions with at least 5 support: 0; clusters: 1087
polytomy of size 3; rounds with additions with at least 5 support: 0; clusters: 1087
max k is :0
Number of Clusters after addition by greedy: 1087
gradient0 in heuristiic: 1087
partitions formed in 0.52 secs
Dynamic Programming starting after 0.52 secs
Using tree-based weight calculation.
Using polytree-based weight calculation.
Polytree max score: 6325000
Polytree building time: 0.236 seconds.
Number of quartet trees in the gene trees: 6325000
Size of largest cluster: 25
Greedy score: 5205217
estimationFactor: 1.2151270542611383
Sub-optimal score: 5370775
Total Number of elements weighted: 3030
Normalized score (portion of input quartet trees satisfied before correcting for multiple individuals): 0.863981976284585
Optimization score: 5464686
Optimal tree inferred in 1.129 secs.
(4,((17,16),(9,((6,19),((20,23),(21,((3,(2,1)),((5,22),((7,((14,11),(25,24))),((12,8),(15,(13,(18,10)))))))))))));
Final quartet score is: 5464686
Final normalized quartet score is: 0.863981976284585
(5,(22,(((7,((14,11)1:2.916808833864442,(25,24)1:0.7043300927996912)1:1.238493998694169)1:0.5221677422577712,((12,8)1:2.170443335493682,(15,(13,(18,10)1:0.5290915988930356)1:2.099312605877222)1:1.061794518454346)1:0.19535739571521207)1:1.7983429692323574,((3,(2,1)1:0.6874476129527142)1:2.6656633330633666,(21,((20,23)1:3.0354932288898326,((6,19)1:4.113595813032346,(9,((17,16)1:2.5408809687620253,4)1:1.2987128586872256)1:0.28286127082873286)1:0.7618979186302016)1:0.5246115821807058)1:1.482433995835601)0.95:0.06967680285468406)1:2.533138994608406));
Weight calculation took 0.26891579 secs
ASTRAL finished in 1.606 secs
