
================== ASTRAL ===================== 

This is ASTRAL version 5.6.3
Gene trees are treated as unrooted
50 trees read from g_trees-raxml-sqlen-50-ngen-50.trees.tree
All output trees will be *arbitrarily* rooted at 22

======== Running the main analysis
Number of taxa: 25 (25 species)
Taxa: [22, 5, 1, 2, 3, 21, 12, 8, 24, 7, 15, 13, 18, 10, 25, 14, 11, 17, 4, 16, 9, 23, 20, 6, 19]
Taxon occupancy: {22=50, 23=50, 24=50, 25=50, 10=50, 11=50, 12=50, 13=50, 14=50, 15=50, 16=50, 17=50, 18=50, 19=50, 1=50, 2=50, 3=50, 4=50, 5=50, 6=50, 7=50, 8=50, 9=50, 20=50, 21=50}
Number of gene trees: 50
0 trees have missing taxa
Calculating quartet distance matrix (for completion of X)
Species tree distances calculated ...
Building set of clusters (X) from gene trees 
------------------------------
gradient0: 659
Number of Clusters after addition by distance: 659
calculating extra bipartitions to be added at level 1 ...
Adding to X using resolutions of greedy consensus ...
Limit for sigma of degrees:675
polytomy size limit : 5
discarded polytomies:  [3, 4, 4, 5]
Threshold 0.0:
Threshold 0.01:
Threshold 0.02:
Threshold 0.05:
Threshold 0.1:
Threshold 0.2:
polytomy of size 4; rounds with additions with at least 5 support: 0; clusters: 659
Threshold 0.3333333333333333:
polytomy of size 4; rounds with additions with at least 5 support: 0; clusters: 659
polytomy of size 5; rounds with additions with at least 5 support: 0; clusters: 659
polytomy of size 3; rounds with additions with at least 5 support: 0; clusters: 659
max k is :0
Number of Clusters after addition by greedy: 659
gradient0 in heuristiic: 659
partitions formed in 0.338 secs
Dynamic Programming starting after 0.338 secs
Using tree-based weight calculation.
Using polytree-based weight calculation.
Polytree max score: 632500
Polytree building time: 0.036 seconds.
Number of quartet trees in the gene trees: 632500
Size of largest cluster: 25
Greedy score: 449426
estimationFactor: 1.4073507095717648
Sub-optimal score: 477846
Total Number of elements weighted: 1375
Normalized score (portion of input quartet trees satisfied before correcting for multiple individuals): 0.7681865612648221
Optimization score: 485878
Optimal tree inferred in 0.549 secs.
(9,((4,(17,16)),((6,19),((23,20),(21,(((22,5),(3,(1,2))),(((24,25),(14,11)),(7,((12,8),(15,(13,(18,10))))))))))));
Final quartet score is: 485878
Final normalized quartet score is: 0.7681865612648221
(22,(5,((3,(1,2)1:0.4498864870861362)1:1.8825211854647288,((((24,25)0.99:0.3209077200801012,(14,11)1:2.0992441689760164)1:0.6362722536106269,(7,((12,8)1:1.2042308355491453,(15,(13,(18,10)1:0.4189242614821688)1:1.1818112325230834)1:0.9178399188609841)0.92:0.20537947681080687)0.45:0.03382911152932034)1:1.0309929090089711,(21,((23,20)1:2.042085755136067,((6,19)1:2.0135494478711324,((4,(17,16)1:1.324098153249985)1:0.80569185955474,9)0.97:0.25485896012663134)0.84:0.15552128418970218)0.95:0.22975235120760865)1:0.6922117892977829)0.49:0.05391318722844818)1:2.2783708348734515));
Weight calculation took 0.106669252 secs
ASTRAL finished in 2.083 secs
