
================== ASTRAL ===================== 

This is ASTRAL version 5.6.3
Gene trees are treated as unrooted
500 trees read from g_trees-raxml-sqlen-250-ngen-500.trees.tree
All output trees will be *arbitrarily* rooted at 21

======== Running the main analysis
Number of taxa: 25 (25 species)
Taxa: [21, 22, 5, 24, 25, 14, 11, 7, 15, 10, 18, 13, 8, 12, 3, 2, 1, 20, 23, 9, 4, 17, 16, 6, 19]
Taxon occupancy: {22=500, 23=500, 24=500, 25=500, 10=500, 11=500, 12=500, 13=500, 14=500, 15=500, 16=500, 17=500, 18=500, 19=500, 1=500, 2=500, 3=500, 4=500, 5=500, 6=500, 7=500, 8=500, 9=500, 20=500, 21=500}
Number of gene trees: 500
0 trees have missing taxa
Calculating quartet distance matrix (for completion of X)
Species tree distances calculated ...
Building set of clusters (X) from gene trees 
------------------------------
gradient0: 511
Number of Clusters after addition by distance: 511
calculating extra bipartitions to be added at level 1 ...
Adding to X using resolutions of greedy consensus ...
Limit for sigma of degrees:675
polytomy size limit : 3
discarded polytomies:  [3]
Threshold 0.0:
Threshold 0.01:
Threshold 0.02:
Threshold 0.05:
Threshold 0.1:
Threshold 0.2:
Threshold 0.3333333333333333:
polytomy of size 3; rounds with additions with at least 5 support: 0; clusters: 511
max k is :0
Number of Clusters after addition by greedy: 511
gradient0 in heuristiic: 511
partitions formed in 0.363 secs
Dynamic Programming starting after 0.363 secs
Using tree-based weight calculation.
Using polytree-based weight calculation.
Polytree max score: 6325000
Polytree building time: 0.104 seconds.
Number of quartet trees in the gene trees: 6325000
Size of largest cluster: 25
Greedy score: 5739577
estimationFactor: 1.1019975862332712
Sub-optimal score: 5804293
Total Number of elements weighted: 718
Normalized score (portion of input quartet trees satisfied before correcting for multiple individuals): 0.9176747826086956
Optimization score: 5804293
Optimal tree inferred in 0.589 secs.
(25,(24,((14,11),(7,(((8,12),(15,(13,(10,18)))),((22,5),((3,(2,1)),(21,((20,23),((6,19),(9,(4,(17,16)))))))))))));
Final quartet score is: 5804293
Final normalized quartet score is: 0.9176747826086956
(21,(((20,23)1:4.329090918518715,((6,19)1:4.809155539997671,(9,(4,(17,16)1:4.192653245022682)1:2.3848639269175247)1:0.7387121698590283)1:1.3985209686444704)1:1.0528027526368158,((3,(2,1)1:1.1715693802712766)1:3.643798157010801,((22,5)1:3.884903609520089,(((8,12)1:3.4084724414256686,(15,(13,(10,18)1:0.7601201632308704)1:3.2425353243120556)1:2.0093637107724303)1:0.4645948442944398,(7,((14,11)1:4.007547066101649,(24,25)1:1.4617851405923672)1:2.26584326734079)1:0.9556754162686741)1:2.88350913212664)0.45:0.01671178195579006)1:2.6140389676580593));
Weight calculation took 0.050102171 secs
ASTRAL finished in 1.142 secs
