
================== ASTRAL ===================== 

This is ASTRAL version 5.6.3
Gene trees are treated as unrooted
25 trees read from g_trees-raxml-sqlen-25-ngen-25-s2g.trees
All output trees will be *arbitrarily* rooted at 14

======== Running the main analysis
Number of taxa: 68 (25 species)
Taxa: {22=[22_2, 22_1], 23=[23_2, 23_1], 24=[24_2, 24_1], 25=[25_2, 25_1], 10=[10_3, 10_2, 10_1], 11=[11_3, 11_2, 11_1], 12=[12_3, 12_2, 12_1], 13=[13_3, 13_2, 13_1], 14=[14_3, 14_2, 14_1], 15=[15_2, 15_1, 15_4, 15_3], 16=[16_1, 16_3, 16_2], 17=[17_2, 17_1], 18=[18_2, 18_1], 19=[19_2, 19_1], 1=[1_1, 1_2, 1_3], 2=[2_1, 2_2, 2_3], 3=[3_1, 3_2, 3_3], 4=[4_1, 4_2, 4_3], 5=[5_1, 5_2, 5_3], 6=[6_1, 6_2, 6_3], 7=[7_1, 7_2, 7_3, 7_4], 8=[8_1, 8_2, 8_3], 9=[9_1, 9_2, 9_3], 20=[20_2, 20_1], 21=[21_2, 21_1]}
Taxon occupancy: {16_1=21, 14_3=2, 14_2=6, 14_1=22, 12_3=2, 12_2=6, 12_1=22, 10_3=2, 10_2=5, 10_1=21, 18_2=4, 18_1=22, 16_3=3, 16_2=7, 25_2=3, 25_1=23, 1_1=22, 23_2=4, 23_1=23, 1_2=6, 3_1=22, 1_3=2, 21_2=3, 21_1=22, 3_2=7, 5_1=22, 3_3=2, 5_2=5, 7_1=21, 5_3=2, 7_2=7, 9_1=22, 7_3=2, 9_2=6, 7_4=1, 9_3=2, 15_2=8, 15_1=21, 13_3=2, 13_2=6, 13_1=22, 11_3=2, 11_2=6, 11_1=22, 19_2=3, 19_1=22, 15_4=1, 17_2=3, 17_1=22, 15_3=2, 24_2=3, 24_1=22, 2_1=22, 22_2=3, 22_1=23, 2_2=6, 4_1=22, 2_3=2, 20_2=4, 20_1=23, 4_2=7, 6_1=22, 4_3=2, 6_2=3, 8_1=21, 6_3=1, 8_2=7, 8_3=1}
Number of gene trees: 25
25 trees have missing taxa
Calculating quartet distance matrix (for completion of X)
Species tree distances calculated ...
Will attempt to complete bipartitions from X before adding using a distance matrix.
Building set of clusters (X) from gene trees 
In second round sampling 3 rounds will be done
------------------------------
gradient0: 457
------------------------------
gradient1: 178
------------------------------
gradient2: 130
Number of Clusters after addition by distance: 765
calculating extra bipartitions to be added at level 1 ...
Adding to X using resolutions of greedy consensus ...
Limit for sigma of degrees:675
polytomy size limit : 7
discarded polytomies:  [3, 4, 5, 5, 7]
Threshold 0.0:
Threshold 0.01:
Threshold 0.02:
Threshold 0.05:
polytomy of size 3; rounds with additions with at least 5 support: 1; clusters: 767
Threshold 0.1:
polytomy of size 4; rounds with additions with at least 5 support: 0; clusters: 767
Threshold 0.2:
polytomy of size 5; rounds with additions with at least 5 support: 0; clusters: 775
Threshold 0.3333333333333333:
polytomy of size 5; rounds with additions with at least 5 support: 0; clusters: 775
polytomy of size 7; rounds with additions with at least 5 support: 0; clusters: 775
max k is :2
Number of Clusters after addition by greedy: 775
gradient0 in heuristiic: 775
calculating extra bipartitions to be added at level 1 ...
Adding to X using resolutions of greedy consensus ...
Limit for sigma of degrees:675
polytomy size limit : 7
discarded polytomies:  [3, 3, 3, 3, 4, 4, 5, 6, 7]
Threshold 0.0:
polytomy of size 3; rounds with additions with at least 5 support: 1; clusters: 777
Threshold 0.01:
polytomy of size 3; rounds with additions with at least 5 support: 0; clusters: 777
Threshold 0.02:
polytomy of size 3; rounds with additions with at least 5 support: 0; clusters: 777
Threshold 0.05:
polytomy of size 4; rounds with additions with at least 5 support: 0; clusters: 779
Threshold 0.1:
polytomy of size 5; rounds with additions with at least 5 support: 1; clusters: 789
Threshold 0.2:
polytomy of size 3; rounds with additions with at least 5 support: 0; clusters: 789
polytomy of size 6; rounds with additions with at least 5 support: 0; clusters: 795
Threshold 0.3333333333333333:
polytomy of size 4; rounds with additions with at least 5 support: 0; clusters: 795
polytomy of size 7; rounds with additions with at least 5 support: 0; clusters: 795
max k is :2
Number of Clusters after addition by greedy: 795
gradient1 in heuristiic: 20
calculating extra bipartitions to be added at level 1 ...
Adding to X using resolutions of greedy consensus ...
Limit for sigma of degrees:675
polytomy size limit : 6
discarded polytomies:  [4, 5, 6]
Threshold 0.0:
Threshold 0.01:
Threshold 0.02:
Threshold 0.05:
Threshold 0.1:
polytomy of size 4; rounds with additions with at least 5 support: 1; clusters: 799
Threshold 0.2:
polytomy of size 5; rounds with additions with at least 5 support: 2; clusters: 805
Threshold 0.3333333333333333:
polytomy of size 6; rounds with additions with at least 5 support: 0; clusters: 805
max k is :4
Number of Clusters after addition by greedy: 805
gradient2 in heuristiic: 10
partitions formed in 3.415 secs
Dynamic Programming starting after 3.415 secs
Using tree-based weight calculation.
Using polytree-based weight calculation.
Polytree max score: 1390829
Polytree building time: 0.012 seconds.
Number of quartet trees in the gene trees: 1388953
Size of largest cluster: 68
Greedy score: 658086
estimationFactor: 2.113444053327336
Sub-optimal score: 707485
Total Number of elements weighted: 2048
Normalized score (portion of input quartet trees satisfied before correcting for multiple individuals): 0.5165657153265806
Optimization score: 717485
Optimal tree inferred in 3.569 secs.
(21,(19,(18,((23,(22,(17,24))),((25,20),(8,(((16,10),((11,2),(12,3))),((4,(7,15)),((5,6),((14,9),(1,13)))))))))));
Final quartet score is: 747549
Final normalized quartet score is: 0.5382104362062647
You may want to ignore posterior probabilities and other statistics related to the following branch branch because the effective number of genes impacting it is only 4:
	{14}
You may want to ignore posterior probabilities and other statistics related to the following branch branch because the effective number of genes impacting it is only 4:
	{9}
You may want to ignore posterior probabilities and other statistics related to the following branch branch because the effective number of genes impacting it is only 4:
	{1}
You may want to ignore posterior probabilities and other statistics related to the following branch branch because the effective number of genes impacting it is only 4:
	{13}
You may want to ignore posterior probabilities and other statistics related to the following branch branch because the effective number of genes impacting it is only 4:
	{5}
You may want to ignore posterior probabilities and other statistics related to the following branch branch because the effective number of genes impacting it is only 2:
	{6}
You may want to ignore posterior probabilities and other statistics related to the following branch branch because the effective number of genes impacting it is only 5:
	{4}
You may want to ignore posterior probabilities and other statistics related to the following branch branch because the effective number of genes impacting it is only 4:
	{7}
You may want to ignore posterior probabilities and other statistics related to the following branch branch because the effective number of genes impacting it is only 4:
	{15}
You may want to ignore posterior probabilities and other statistics related to the following branch branch because the effective number of genes impacting it is only 5:
	{16}
You may want to ignore posterior probabilities and other statistics related to the following branch branch because the effective number of genes impacting it is only 4:
	{10}
You may want to ignore posterior probabilities and other statistics related to the following branch branch because the effective number of genes impacting it is only 4:
	{11}
You may want to ignore posterior probabilities and other statistics related to the following branch branch because the effective number of genes impacting it is only 4:
	{2}
You may want to ignore posterior probabilities and other statistics related to the following branch branch because the effective number of genes impacting it is only 4:
	{12}
You may want to ignore posterior probabilities and other statistics related to the following branch branch because the effective number of genes impacting it is only 5:
	{3}
You may want to ignore posterior probabilities and other statistics related to the following branch branch because the effective number of genes impacting it is only 5:
	{8}
You may want to ignore posterior probabilities and other statistics related to the following branch branch because the effective number of genes impacting it is only 3:
	{25}
You may want to ignore posterior probabilities and other statistics related to the following branch branch because the effective number of genes impacting it is only 4:
	{20}
You may want to ignore posterior probabilities and other statistics related to the following branch branch because the effective number of genes impacting it is only 4:
	{23}
You may want to ignore posterior probabilities and other statistics related to the following branch branch because the effective number of genes impacting it is only 3:
	{22}
You may want to ignore posterior probabilities and other statistics related to the following branch branch because the effective number of genes impacting it is only 3:
	{17}
You may want to ignore posterior probabilities and other statistics related to the following branch branch because the effective number of genes impacting it is only 3:
	{24}
You may want to ignore posterior probabilities and other statistics related to the following branch branch because the effective number of genes impacting it is only 4:
	{18}
You may want to ignore posterior probabilities and other statistics related to the following branch branch because the effective number of genes impacting it is only 3:
	{19}
You may want to ignore posterior probabilities and other statistics related to the following branch branch because the effective number of genes impacting it is only 3:
	{21}
You may want to ignore posterior probabilities and other statistics related to the following branch branch because the effective number of genes impacting it is only 19:
	{18, 23, 21, 19, 17, 24, 22}
((14_3,14_2,14_1)0.14:0.0,((9_1,9_2,9_3)0.17:0.0,(((1_1,1_2,1_3)0.2:0.0,(13_3,13_2,13_1)0.15:0.0)0.76:0.22574075938309748,(((5_1,5_2,5_3)0.44:0.017122012829322346,(6_1,6_2,6_3)0.19:0.0)1:0.9499247214674433,(((4_1,4_2,4_3)0.21:0.0,((7_1,7_2,7_3,7_4)0.14:0.0,(15_2,15_1,15_4,15_3)0.18:0.0)0.98:0.44667608229693323)0.87:0.2647728795664774,((((16_1,16_3,16_2)0.26:0.0,(10_3,10_2,10_1)0.16:0.0)0.45:0.046581504167185935,(((11_3,11_2,11_1)0.12:0.0,(2_1,2_2,2_3)0.12:0.0)1:0.9288311301016515,((12_3,12_2,12_1)0.13:0.0,(3_1,3_2,3_3)0.27:0.0)0.54:0.08817908282182921)0.91:0.30482663869702076)0.99:0.48877501848725774,((8_1,8_2,8_3)0.2:0.0,(((25_2,25_1)0.35:0.0,(20_2,20_1)0.3:0.0)1:0.671695253841994,(((23_2,23_1)0.28:0.0,((22_2,22_1)0.13:0.0,((17_2,17_1)0.13:0.0,(24_2,24_1)0.14:0.0)1:0.6772081168699204)0.97:0.4149381927474196)0.93:0.3376862079149586,((18_2,18_1)0.19:0.0,((19_2,19_1)0.14:0.0,(21_2,21_1)0.39:0.0)0.05:0.0)1:0.7115824993435074)0.4:0.016664527439918683)1:1.7856556862900372)0.95:0.3787176796074756)0.11:0.0)0.32:0.0)1:0.7439089811622506)0.35:0.0));
Weight calculation took 0.106748217 secs
ASTRAL finished in 3.672 secs
