
================== ASTRAL ===================== 

This is ASTRAL version 5.6.3
Gene trees are treated as unrooted
50 trees read from g_trees-raxml-sqlen-250-ngen-50-s2g.trees
All output trees will be *arbitrarily* rooted at 14

======== Running the main analysis
Number of taxa: 72 (25 species)
Taxa: {22=[22_2, 22_1], 23=[23_2, 23_1], 24=[24_2, 24_1], 25=[25_2, 25_1], 10=[10_3, 10_2, 10_1], 11=[11_3, 11_2, 11_1], 12=[12_3, 12_2, 12_1], 13=[13_4, 13_3, 13_2, 13_1], 14=[14_3, 14_2, 14_1, 14_4], 15=[15_2, 15_1, 15_4, 15_3], 16=[16_1, 16_3, 16_2], 17=[17_2, 17_1], 18=[18_2, 18_1], 19=[19_2, 19_1], 1=[1_1, 1_2, 1_3, 1_4], 2=[2_1, 2_2, 2_3], 3=[3_1, 3_2, 3_3], 4=[4_1, 4_2, 4_3], 5=[5_1, 5_2, 5_3], 6=[6_1, 6_2, 6_3], 7=[7_1, 7_2, 7_3, 7_4], 8=[8_1, 8_2, 8_3], 9=[9_1, 9_2, 9_3, 9_4], 20=[20_2, 20_1], 21=[21_2, 21_1]}
Taxon occupancy: {16_1=42, 14_3=3, 14_2=10, 14_1=42, 12_3=2, 12_2=10, 12_1=42, 10_3=2, 10_2=9, 10_1=41, 18_2=7, 18_1=43, 16_3=3, 16_2=11, 14_4=1, 25_2=4, 25_1=46, 1_1=42, 23_2=7, 23_1=43, 1_2=10, 3_1=43, 1_3=3, 21_2=6, 21_1=44, 3_2=11, 1_4=1, 5_1=42, 3_3=2, 5_2=10, 7_1=40, 5_3=3, 7_2=11, 9_1=42, 7_3=2, 9_2=12, 7_4=1, 9_3=3, 9_4=1, 15_2=12, 13_4=1, 15_1=41, 13_3=3, 13_2=11, 13_1=42, 11_3=2, 11_2=10, 11_1=43, 19_2=5, 19_1=44, 15_4=1, 17_2=7, 17_1=45, 15_3=2, 24_2=6, 24_1=45, 22_2=6, 2_1=43, 22_1=45, 2_2=10, 4_1=42, 2_3=2, 20_2=5, 20_1=45, 4_2=11, 6_1=44, 4_3=3, 6_2=7, 8_1=41, 6_3=3, 8_2=11, 8_3=1}
Number of gene trees: 50
50 trees have missing taxa
Calculating quartet distance matrix (for completion of X)
Species tree distances calculated ...
Will attempt to complete bipartitions from X before adding using a distance matrix.
Building set of clusters (X) from gene trees 
In second round sampling 3 rounds will be done
------------------------------
gradient0: 263
------------------------------
gradient1: 56
------------------------------
gradient2: 46
Number of Clusters after addition by distance: 365
calculating extra bipartitions to be added at level 1 ...
Adding to X using resolutions of greedy consensus ...
Limit for sigma of degrees:675
polytomy size limit : 4
discarded polytomies:  [4]
Threshold 0.0:
Threshold 0.01:
Threshold 0.02:
Threshold 0.05:
Threshold 0.1:
Threshold 0.2:
Threshold 0.3333333333333333:
polytomy of size 4; rounds with additions with at least 5 support: 0; clusters: 365
max k is :0
Number of Clusters after addition by greedy: 365
gradient0 in heuristiic: 365
calculating extra bipartitions to be added at level 1 ...
Adding to X using resolutions of greedy consensus ...
Limit for sigma of degrees:675
polytomy size limit : 4
discarded polytomies:  [3, 3, 3, 4]
Threshold 0.0:
Threshold 0.01:
Threshold 0.02:
Threshold 0.05:
polytomy of size 3; rounds with additions with at least 5 support: 0; clusters: 365
Threshold 0.1:
polytomy of size 3; rounds with additions with at least 5 support: 0; clusters: 365
Threshold 0.2:
polytomy of size 3; rounds with additions with at least 5 support: 0; clusters: 365
Threshold 0.3333333333333333:
polytomy of size 4; rounds with additions with at least 5 support: 0; clusters: 365
max k is :0
Number of Clusters after addition by greedy: 365
gradient1 in heuristiic: 0
calculating extra bipartitions to be added at level 1 ...
Adding to X using resolutions of greedy consensus ...
Limit for sigma of degrees:675
polytomy size limit : 3
discarded polytomies:  [3]
Threshold 0.0:
Threshold 0.01:
Threshold 0.02:
Threshold 0.05:
Threshold 0.1:
Threshold 0.2:
Threshold 0.3333333333333333:
polytomy of size 3; rounds with additions with at least 5 support: 0; clusters: 365
max k is :0
Number of Clusters after addition by greedy: 365
gradient2 in heuristiic: 0
partitions formed in 4.695 secs
Dynamic Programming starting after 4.695 secs
Using tree-based weight calculation.
Using polytree-based weight calculation.
Polytree max score: 2108169
Polytree building time: 0.02 seconds.
Number of quartet trees in the gene trees: 2105380
Size of largest cluster: 72
Greedy score: 1110667
estimationFactor: 1.8981107748767183
Sub-optimal score: 1188910
Total Number of elements weighted: 732
Normalized score (portion of input quartet trees satisfied before correcting for multiple individuals): 0.5951657183026342
Optimization score: 1253050
Optimal tree inferred in 4.844 secs.
(19,(18,(21,((23,(22,(17,24))),((25,20),((5,6),(8,((9,(14,(1,13))),((4,(7,15)),((16,10),(12,(3,(11,2)))))))))))));
Final quartet score is: 1293361
Final normalized quartet score is: 0.6143123806628732
You may want to ignore posterior probabilities and other statistics related to the following branch branch because the effective number of genes impacting it is only 6:
	{14}
You may want to ignore posterior probabilities and other statistics related to the following branch branch because the effective number of genes impacting it is only 6:
	{1}
You may want to ignore posterior probabilities and other statistics related to the following branch branch because the effective number of genes impacting it is only 6:
	{13}
You may want to ignore posterior probabilities and other statistics related to the following branch branch because the effective number of genes impacting it is only 7:
	{9}
You may want to ignore posterior probabilities and other statistics related to the following branch branch because the effective number of genes impacting it is only 8:
	{4}
You may want to ignore posterior probabilities and other statistics related to the following branch branch because the effective number of genes impacting it is only 6:
	{7}
You may want to ignore posterior probabilities and other statistics related to the following branch branch because the effective number of genes impacting it is only 6:
	{15}
You may want to ignore posterior probabilities and other statistics related to the following branch branch because the effective number of genes impacting it is only 8:
	{16}
You may want to ignore posterior probabilities and other statistics related to the following branch branch because the effective number of genes impacting it is only 6:
	{10}
You may want to ignore posterior probabilities and other statistics related to the following branch branch because the effective number of genes impacting it is only 7:
	{12}
You may want to ignore posterior probabilities and other statistics related to the following branch branch because the effective number of genes impacting it is only 8:
	{3}
You may want to ignore posterior probabilities and other statistics related to the following branch branch because the effective number of genes impacting it is only 7:
	{11}
You may want to ignore posterior probabilities and other statistics related to the following branch branch because the effective number of genes impacting it is only 7:
	{2}
You may want to ignore posterior probabilities and other statistics related to the following branch branch because the effective number of genes impacting it is only 7:
	{8}
You may want to ignore posterior probabilities and other statistics related to the following branch branch because the effective number of genes impacting it is only 7:
	{5}
You may want to ignore posterior probabilities and other statistics related to the following branch branch because the effective number of genes impacting it is only 5:
	{6}
You may want to ignore posterior probabilities and other statistics related to the following branch branch because the effective number of genes impacting it is only 4:
	{25}
You may want to ignore posterior probabilities and other statistics related to the following branch branch because the effective number of genes impacting it is only 5:
	{20}
You may want to ignore posterior probabilities and other statistics related to the following branch branch because the effective number of genes impacting it is only 7:
	{23}
You may want to ignore posterior probabilities and other statistics related to the following branch branch because the effective number of genes impacting it is only 6:
	{22}
You may want to ignore posterior probabilities and other statistics related to the following branch branch because the effective number of genes impacting it is only 7:
	{17}
You may want to ignore posterior probabilities and other statistics related to the following branch branch because the effective number of genes impacting it is only 6:
	{24}
You may want to ignore posterior probabilities and other statistics related to the following branch branch because the effective number of genes impacting it is only 6:
	{21}
You may want to ignore posterior probabilities and other statistics related to the following branch branch because the effective number of genes impacting it is only 7:
	{18}
You may want to ignore posterior probabilities and other statistics related to the following branch branch because the effective number of genes impacting it is only 5:
	{19}
((14_3,14_2,14_1,14_4)0.11:0.0,(((1_1,1_2,1_3,1_4)0.1:0.0,(13_4,13_3,13_2,13_1)0.11:0.0)1:0.6233071898511928,((9_1,9_2,9_3,9_4)0.19:0.0,((((4_1,4_2,4_3)0.09:0.0,((7_1,7_2,7_3,7_4)0.09:0.0,(15_2,15_1,15_4,15_3)0.12:0.0)1:1.2969791712294498)1:0.988674614745955,(((16_1,16_3,16_2)0.13:0.0,(10_3,10_2,10_1)0.09:0.0)1:0.8792457023846088,((12_3,12_2,12_1)0.08:0.0,((3_1,3_2,3_3)0.12:0.0,((11_3,11_2,11_1)0.08:0.0,(2_1,2_2,2_3)0.08:0.0)1:1.566863407831842)0.98:0.32026828719855077)1:1.006498464962843)1:1.3606060869726604)1:0.6796881201983562,((8_1,8_2,8_3)0.55:0.11625743282863388,(((5_1,5_2,5_3)0.41:0.008583743691391555,(6_1,6_2,6_3)0.29:0.0)1:1.5256498820304023,(((25_2,25_1)0.26:0.0,(20_2,20_1)0.21:0.0)1:1.7793369492294975,(((23_2,23_1)0.27:0.0,((22_2,22_1)0.59:0.15415067982725836,((17_2,17_1)0.14:0.0,(24_2,24_1)0.08:0.0)1:1.8746471290338225)1:1.6907835518880518)1:0.5145037583409146,((21_2,21_1)0.08:0.0,((18_2,18_1)0.07:0.0,(19_2,19_1)0.09:0.0)1:1.299282984130261)1:2.238106901861621)0.57:0.11251820302570635)1:3.3557350075853964)1:0.7387668029273428)1:1.4045605317647996)1:1.1678027968221754)0.14:0.0));
Weight calculation took 0.113322224 secs
ASTRAL finished in 4.981 secs
