
================== ASTRAL ===================== 

This is ASTRAL version 5.6.3
Gene trees are treated as unrooted
25 trees read from g_trees-raxml-sqlen-250-ngen-25-s2g.trees
All output trees will be *arbitrarily* rooted at 14

======== Running the main analysis
Number of taxa: 68 (25 species)
Taxa: {22=[22_2, 22_1], 23=[23_2, 23_1], 24=[24_2, 24_1], 25=[25_2, 25_1], 10=[10_3, 10_2, 10_1], 11=[11_3, 11_2, 11_1], 12=[12_3, 12_2, 12_1], 13=[13_3, 13_2, 13_1], 14=[14_3, 14_2, 14_1], 15=[15_2, 15_1, 15_4, 15_3], 16=[16_1, 16_3, 16_2], 17=[17_2, 17_1], 18=[18_2, 18_1], 19=[19_2, 19_1], 1=[1_1, 1_2, 1_3], 2=[2_1, 2_2, 2_3], 3=[3_1, 3_2, 3_3], 4=[4_1, 4_2, 4_3], 5=[5_1, 5_2, 5_3], 6=[6_1, 6_2, 6_3], 7=[7_1, 7_2, 7_3, 7_4], 8=[8_1, 8_2, 8_3], 9=[9_1, 9_2, 9_3], 20=[20_2, 20_1], 21=[21_2, 21_1]}
Taxon occupancy: {16_1=21, 14_3=2, 14_2=6, 14_1=22, 12_3=2, 12_2=6, 12_1=22, 10_3=2, 10_2=5, 10_1=21, 18_2=4, 18_1=22, 16_3=3, 16_2=7, 25_2=3, 25_1=23, 1_1=22, 23_2=4, 23_1=23, 1_2=6, 3_1=22, 1_3=2, 21_2=3, 21_1=22, 3_2=7, 5_1=22, 3_3=2, 5_2=5, 7_1=21, 5_3=2, 7_2=7, 9_1=22, 7_3=2, 9_2=6, 7_4=1, 9_3=2, 15_2=8, 15_1=21, 13_3=2, 13_2=6, 13_1=22, 11_3=2, 11_2=6, 11_1=22, 19_2=3, 19_1=22, 15_4=1, 17_2=3, 17_1=22, 15_3=2, 24_2=3, 24_1=22, 22_2=3, 2_1=22, 22_1=23, 2_2=6, 4_1=22, 2_3=2, 20_2=4, 20_1=23, 4_2=7, 6_1=22, 4_3=2, 6_2=3, 8_1=21, 6_3=1, 8_2=7, 8_3=1}
Number of gene trees: 25
25 trees have missing taxa
Calculating quartet distance matrix (for completion of X)
Species tree distances calculated ...
Will attempt to complete bipartitions from X before adding using a distance matrix.
Building set of clusters (X) from gene trees 
In second round sampling 3 rounds will be done
------------------------------
gradient0: 235
------------------------------
gradient1: 38
------------------------------
gradient2: 12
Number of Clusters after addition by distance: 285
calculating extra bipartitions to be added at level 1 ...
Adding to X using resolutions of greedy consensus ...
Limit for sigma of degrees:675
polytomy size limit : 5
discarded polytomies:  [3, 3, 3, 3, 4, 5, 5]
Threshold 0.0:
polytomy of size 3; rounds with additions with at least 5 support: 0; clusters: 285
Threshold 0.01:
polytomy of size 3; rounds with additions with at least 5 support: 0; clusters: 285
Threshold 0.02:
polytomy of size 3; rounds with additions with at least 5 support: 0; clusters: 285
Threshold 0.05:
polytomy of size 3; rounds with additions with at least 5 support: 0; clusters: 285
Threshold 0.1:
polytomy of size 4; rounds with additions with at least 5 support: 0; clusters: 285
Threshold 0.2:
polytomy of size 5; rounds with additions with at least 5 support: 0; clusters: 285
Threshold 0.3333333333333333:
polytomy of size 5; rounds with additions with at least 5 support: 0; clusters: 285
max k is :0
Number of Clusters after addition by greedy: 285
gradient0 in heuristiic: 285
calculating extra bipartitions to be added at level 1 ...
Adding to X using resolutions of greedy consensus ...
Limit for sigma of degrees:675
polytomy size limit : 5
discarded polytomies:  [3, 5]
Threshold 0.0:
Threshold 0.01:
Threshold 0.02:
Threshold 0.05:
Threshold 0.1:
Threshold 0.2:
polytomy of size 3; rounds with additions with at least 5 support: 0; clusters: 285
Threshold 0.3333333333333333:
polytomy of size 5; rounds with additions with at least 5 support: 0; clusters: 285
max k is :0
Number of Clusters after addition by greedy: 285
gradient1 in heuristiic: 0
calculating extra bipartitions to be added at level 1 ...
Adding to X using resolutions of greedy consensus ...
Limit for sigma of degrees:675
polytomy size limit : 3
discarded polytomies:  [3]
Threshold 0.0:
Threshold 0.01:
Threshold 0.02:
Threshold 0.05:
Threshold 0.1:
Threshold 0.2:
Threshold 0.3333333333333333:
polytomy of size 3; rounds with additions with at least 5 support: 0; clusters: 285
max k is :0
Number of Clusters after addition by greedy: 285
gradient2 in heuristiic: 0
partitions formed in 3.516 secs
Dynamic Programming starting after 3.52 secs
Using tree-based weight calculation.
Using polytree-based weight calculation.
Polytree max score: 1390829
Polytree building time: 0.013 seconds.
Number of quartet trees in the gene trees: 1388953
Size of largest cluster: 68
Greedy score: 703358
estimationFactor: 1.9774112348112662
Sub-optimal score: 737976
Total Number of elements weighted: 518
Normalized score (portion of input quartet trees satisfied before correcting for multiple individuals): 0.5574576677540565
Optimization score: 774282
Optimal tree inferred in 3.608 secs.
(21,((18,19),((23,(22,(17,24))),((25,20),((5,6),(8,(((14,9),(1,13)),((4,(7,15)),((16,10),(12,(3,(11,2))))))))))));
Final quartet score is: 799784
Final normalized quartet score is: 0.5758179002457247
You may want to ignore posterior probabilities and other statistics related to the following branch branch because the effective number of genes impacting it is only 4:
	{14}
You may want to ignore posterior probabilities and other statistics related to the following branch branch because the effective number of genes impacting it is only 4:
	{9}
You may want to ignore posterior probabilities and other statistics related to the following branch branch because the effective number of genes impacting it is only 4:
	{1}
You may want to ignore posterior probabilities and other statistics related to the following branch branch because the effective number of genes impacting it is only 4:
	{13}
You may want to ignore posterior probabilities and other statistics related to the following branch branch because the effective number of genes impacting it is only 5:
	{4}
You may want to ignore posterior probabilities and other statistics related to the following branch branch because the effective number of genes impacting it is only 4:
	{7}
You may want to ignore posterior probabilities and other statistics related to the following branch branch because the effective number of genes impacting it is only 4:
	{15}
You may want to ignore posterior probabilities and other statistics related to the following branch branch because the effective number of genes impacting it is only 5:
	{16}
You may want to ignore posterior probabilities and other statistics related to the following branch branch because the effective number of genes impacting it is only 4:
	{10}
You may want to ignore posterior probabilities and other statistics related to the following branch branch because the effective number of genes impacting it is only 4:
	{12}
You may want to ignore posterior probabilities and other statistics related to the following branch branch because the effective number of genes impacting it is only 5:
	{3}
You may want to ignore posterior probabilities and other statistics related to the following branch branch because the effective number of genes impacting it is only 4:
	{11}
You may want to ignore posterior probabilities and other statistics related to the following branch branch because the effective number of genes impacting it is only 4:
	{2}
You may want to ignore posterior probabilities and other statistics related to the following branch branch because the effective number of genes impacting it is only 4:
	{8}
You may want to ignore posterior probabilities and other statistics related to the following branch branch because the effective number of genes impacting it is only 4:
	{5}
You may want to ignore posterior probabilities and other statistics related to the following branch branch because the effective number of genes impacting it is only 2:
	{6}
You may want to ignore posterior probabilities and other statistics related to the following branch branch because the effective number of genes impacting it is only 3:
	{25}
You may want to ignore posterior probabilities and other statistics related to the following branch branch because the effective number of genes impacting it is only 4:
	{20}
You may want to ignore posterior probabilities and other statistics related to the following branch branch because the effective number of genes impacting it is only 4:
	{23}
You may want to ignore posterior probabilities and other statistics related to the following branch branch because the effective number of genes impacting it is only 3:
	{22}
You may want to ignore posterior probabilities and other statistics related to the following branch branch because the effective number of genes impacting it is only 3:
	{17}
You may want to ignore posterior probabilities and other statistics related to the following branch branch because the effective number of genes impacting it is only 3:
	{24}
You may want to ignore posterior probabilities and other statistics related to the following branch branch because the effective number of genes impacting it is only 4:
	{18}
You may want to ignore posterior probabilities and other statistics related to the following branch branch because the effective number of genes impacting it is only 3:
	{19}
You may want to ignore posterior probabilities and other statistics related to the following branch branch because the effective number of genes impacting it is only 3:
	{21}
You may want to ignore posterior probabilities and other statistics related to the following branch branch because the effective number of genes impacting it is only 19:
	{18, 23, 21, 19, 17, 24, 22}
You may want to ignore posterior probabilities and other statistics related to the following branch branch because the effective number of genes impacting it is only 19:
	{18, 25, 23, 21, 5, 19, 17, 24, 22, 20, 6}
((14_3,14_2,14_1)0.14:0.0,((9_1,9_2,9_3)0.12:0.0,(((1_1,1_2,1_3)0.12:0.0,(13_3,13_2,13_1)0.14:0.0)1:0.7431775089613691,((((4_1,4_2,4_3)0.11:0.0,((7_1,7_2,7_3,7_4)0.13:0.0,(15_2,15_1,15_4,15_3)0.18:0.0)1:0.985980839597976)1:1.153824401147917,(((16_1,16_3,16_2)0.21:0.0,(10_3,10_2,10_1)0.14:0.0)1:0.8434123212377836,((12_3,12_2,12_1)0.12:0.0,((3_1,3_2,3_3)0.18:0.0,((11_3,11_2,11_1)0.12:0.0,(2_1,2_2,2_3)0.12:0.0)1:1.3048811614709552)0.98:0.44425113314332093)1:1.0464699958074188)1:1.2335207544434348)1:0.747002026073324,((8_1,8_2,8_3)0.47:0.04043766956065572,(((5_1,5_2,5_3)0.33:0.0,(6_1,6_2,6_3)0.22:0.0)1:2.0368819272610392,(((25_2,25_1)0.33:0.0,(20_2,20_1)0.26:0.0)1:2.2335922215070947,(((23_2,23_1)0.26:0.0,((22_2,22_1)0.33:0.0,((17_2,17_1)0.13:0.0,(24_2,24_1)0.13:0.0)1:1.4328143767547836)1:1.3862943611198908)0.99:0.5525539010537469,(((18_2,18_1)0.11:0.0,(19_2,19_1)0.13:0.0)1:1.0252810155825602,(21_2,21_1)0.13:0.0)1:1.7747066808453351)0.37:0.0)1:2.6855773452501523)0.96:0.4066230154332487)1:1.0881639862172525)1:1.148896071478846)0.29:0.00827256379846263));
Weight calculation took 0.047880367 secs
ASTRAL finished in 3.712 secs
