
================== ASTRAL ===================== 

This is ASTRAL version 5.6.3
Gene trees are treated as unrooted
100 trees read from g_trees-raxml-sqlen-25-ngen-100-s2g.trees
All output trees will be *arbitrarily* rooted at 14

======== Running the main analysis
Number of taxa: 78 (25 species)
Taxa: {22=[22_2, 22_1], 23=[23_3, 23_2, 23_1], 24=[24_3, 24_2, 24_1], 25=[25_2, 25_1], 10=[10_3, 10_2, 10_1], 11=[11_3, 11_2, 11_1], 12=[12_3, 12_2, 12_1], 13=[13_4, 13_3, 13_2, 13_1], 14=[14_3, 14_2, 14_1, 14_4], 15=[15_2, 15_1, 15_4, 15_3], 16=[16_1, 16_3, 16_2], 17=[17_3, 17_2, 17_1], 18=[18_3, 18_2, 18_1], 19=[19_3, 19_2, 19_1], 1=[1_1, 1_2, 1_3, 1_4], 2=[2_1, 2_2, 2_3], 3=[3_1, 3_2, 3_3], 4=[4_1, 4_2, 4_3], 5=[5_1, 5_2, 5_3], 6=[6_1, 6_2, 6_3], 7=[7_1, 7_2, 7_3, 7_4], 8=[8_1, 8_2, 8_3], 9=[9_1, 9_2, 9_3, 9_4], 20=[20_2, 20_1], 21=[21_3, 21_2, 21_1]}
Taxon occupancy: {16_1=87, 14_3=4, 14_2=14, 14_1=87, 12_3=3, 12_2=16, 12_1=88, 10_3=3, 10_2=15, 10_1=86, 18_3=1, 18_2=11, 18_1=87, 16_3=4, 16_2=17, 14_4=1, 25_2=9, 25_1=89, 23_3=2, 1_1=84, 23_2=15, 23_1=86, 1_2=14, 21_3=2, 3_1=89, 1_3=4, 21_2=11, 21_1=87, 3_2=17, 1_4=1, 5_1=87, 3_3=3, 5_2=14, 7_1=86, 5_3=5, 7_2=14, 9_1=87, 7_3=2, 9_2=16, 7_4=1, 9_3=4, 9_4=1, 15_2=15, 13_4=1, 15_1=87, 13_3=4, 13_2=16, 13_1=86, 11_3=3, 11_2=14, 11_1=89, 19_3=1, 19_2=10, 19_1=88, 17_3=2, 15_4=1, 17_2=13, 17_1=87, 15_3=3, 24_3=1, 24_2=13, 24_1=87, 2_1=89, 22_2=13, 22_1=83, 2_2=14, 4_1=88, 2_3=3, 20_2=12, 20_1=88, 4_2=14, 6_1=91, 4_3=4, 6_2=15, 8_1=88, 6_3=5, 8_2=20, 8_3=4}
Number of gene trees: 100
100 trees have missing taxa
Calculating quartet distance matrix (for completion of X)
Species tree distances calculated ...
Will attempt to complete bipartitions from X before adding using a distance matrix.
Building set of clusters (X) from gene trees 
In second round sampling 3 rounds will be done
------------------------------
gradient0: 993
------------------------------
gradient1: 618
------------------------------
gradient2: 392
Number of Clusters after addition by distance: 2003
calculating extra bipartitions to be added at level 1 ...
Adding to X using resolutions of greedy consensus ...
Limit for sigma of degrees:675
polytomy size limit : 10
discarded polytomies:  [3, 3, 3, 4, 4, 6, 10]
Threshold 0.0:
polytomy of size 3; rounds with additions with at least 5 support: 0; clusters: 2003
Threshold 0.01:
polytomy of size 3; rounds with additions with at least 5 support: 0; clusters: 2003
Threshold 0.02:
polytomy of size 3; rounds with additions with at least 5 support: 0; clusters: 2003
Threshold 0.05:
polytomy of size 4; rounds with additions with at least 5 support: 0; clusters: 2003
Threshold 0.1:
polytomy of size 4; rounds with additions with at least 5 support: 0; clusters: 2003
Threshold 0.2:
polytomy of size 6; rounds with additions with at least 5 support: 0; clusters: 2005
Threshold 0.3333333333333333:
polytomy of size 10; rounds with additions with at least 5 support: 0; clusters: 2007
max k is :0
Number of Clusters after addition by greedy: 2007
gradient0 in heuristiic: 2007
calculating extra bipartitions to be added at level 1 ...
Adding to X using resolutions of greedy consensus ...
Limit for sigma of degrees:675
polytomy size limit : 8
discarded polytomies:  [3, 3, 4, 5, 6, 8]
Threshold 0.0:
Threshold 0.01:
Threshold 0.02:
polytomy of size 3; rounds with additions with at least 5 support: 0; clusters: 2007
Threshold 0.05:
polytomy of size 4; rounds with additions with at least 5 support: 0; clusters: 2011
Threshold 0.1:
polytomy of size 5; rounds with additions with at least 5 support: 0; clusters: 2013
Threshold 0.2:
polytomy of size 6; rounds with additions with at least 5 support: 2; clusters: 2029
Threshold 0.3333333333333333:
polytomy of size 3; rounds with additions with at least 5 support: 0; clusters: 2029
polytomy of size 8; rounds with additions with at least 5 support: 1; clusters: 2051
max k is :4
Number of Clusters after addition by greedy: 2051
gradient1 in heuristiic: 44
calculating extra bipartitions to be added at level 1 ...
Adding to X using resolutions of greedy consensus ...
Limit for sigma of degrees:675
polytomy size limit : 6
discarded polytomies:  [3, 4, 4, 5, 6]
Threshold 0.0:
Threshold 0.01:
Threshold 0.02:
Threshold 0.05:
Threshold 0.1:
polytomy of size 4; rounds with additions with at least 5 support: 0; clusters: 2051
Threshold 0.2:
polytomy of size 3; rounds with additions with at least 5 support: 0; clusters: 2051
polytomy of size 5; rounds with additions with at least 5 support: 0; clusters: 2055
Threshold 0.3333333333333333:
polytomy of size 4; rounds with additions with at least 5 support: 0; clusters: 2055
polytomy of size 6; rounds with additions with at least 5 support: 0; clusters: 2061
max k is :0
Number of Clusters after addition by greedy: 2061
gradient2 in heuristiic: 10
partitions formed in 8.683 secs
Dynamic Programming starting after 8.683 secs
Using tree-based weight calculation.
Using polytree-based weight calculation.
Polytree max score: 3083475
Polytree building time: 0.033 seconds.
Number of quartet trees in the gene trees: 3079752
Size of largest cluster: 78
Greedy score: 1569305
estimationFactor: 1.9648666129273786
Sub-optimal score: 1684689
Total Number of elements weighted: 9415
Normalized score (portion of input quartet trees satisfied before correcting for multiple individuals): 0.5598967059685326
Optimization score: 1724343
Optimal tree inferred in 9.559 secs.
(25,(20,(((21,(18,19)),(23,(22,(17,24)))),(8,((5,6),((9,(14,(1,13))),((4,(7,15)),((16,10),((11,2),(12,3))))))))));
Final quartet score is: 1786021
Final normalized quartet score is: 0.5799236432024397
You may want to ignore posterior probabilities and other statistics related to the following branch branch because the effective number of genes impacting it is only 8:
	{14}
You may want to ignore posterior probabilities and other statistics related to the following branch branch because the effective number of genes impacting it is only 8:
	{1}
You may want to ignore posterior probabilities and other statistics related to the following branch branch because the effective number of genes impacting it is only 9:
	{13}
You may want to ignore posterior probabilities and other statistics related to the following branch branch because the effective number of genes impacting it is only 9:
	{9}
You may want to ignore posterior probabilities and other statistics related to the following branch branch because the effective number of genes impacting it is only 10:
	{4}
You may want to ignore posterior probabilities and other statistics related to the following branch branch because the effective number of genes impacting it is only 7:
	{7}
You may want to ignore posterior probabilities and other statistics related to the following branch branch because the effective number of genes impacting it is only 8:
	{15}
You may want to ignore posterior probabilities and other statistics related to the following branch branch because the effective number of genes impacting it is only 12:
	{16}
You may want to ignore posterior probabilities and other statistics related to the following branch branch because the effective number of genes impacting it is only 11:
	{10}
You may want to ignore posterior probabilities and other statistics related to the following branch branch because the effective number of genes impacting it is only 10:
	{11}
You may want to ignore posterior probabilities and other statistics related to the following branch branch because the effective number of genes impacting it is only 10:
	{2}
You may want to ignore posterior probabilities and other statistics related to the following branch branch because the effective number of genes impacting it is only 11:
	{12}
You may want to ignore posterior probabilities and other statistics related to the following branch branch because the effective number of genes impacting it is only 12:
	{3}
You may want to ignore posterior probabilities and other statistics related to the following branch branch because the effective number of genes impacting it is only 11:
	{5}
You may want to ignore posterior probabilities and other statistics related to the following branch branch because the effective number of genes impacting it is only 11:
	{6}
You may want to ignore posterior probabilities and other statistics related to the following branch branch because the effective number of genes impacting it is only 13:
	{8}
You may want to ignore posterior probabilities and other statistics related to the following branch branch because the effective number of genes impacting it is only 8:
	{21}
You may want to ignore posterior probabilities and other statistics related to the following branch branch because the effective number of genes impacting it is only 7:
	{18}
You may want to ignore posterior probabilities and other statistics related to the following branch branch because the effective number of genes impacting it is only 7:
	{19}
You may want to ignore posterior probabilities and other statistics related to the following branch branch because the effective number of genes impacting it is only 10:
	{23}
You may want to ignore posterior probabilities and other statistics related to the following branch branch because the effective number of genes impacting it is only 13:
	{22}
You may want to ignore posterior probabilities and other statistics related to the following branch branch because the effective number of genes impacting it is only 9:
	{17}
You may want to ignore posterior probabilities and other statistics related to the following branch branch because the effective number of genes impacting it is only 9:
	{24}
You may want to ignore posterior probabilities and other statistics related to the following branch branch because the effective number of genes impacting it is only 12:
	{20}
You may want to ignore posterior probabilities and other statistics related to the following branch branch because the effective number of genes impacting it is only 9:
	{25}
((14_3,14_2,14_1,14_4)0.11:0.0,(((1_1,1_2,1_3,1_4)0.13:0.0,(13_4,13_3,13_2,13_1)0.13:0.0)0.98:0.207042054613541,((9_1,9_2,9_3,9_4)0.18:0.0,((((4_1,4_2,4_3)0.19:0.0,((7_1,7_2,7_3,7_4)0.09:0.0,(15_2,15_1,15_4,15_3)0.11:0.0)1:0.642402740431549)1:0.3248926793252589,(((16_1,16_3,16_2)0.17:0.0,(10_3,10_2,10_1)0.11:0.0)1:0.363691794722611,(((11_3,11_2,11_1)0.06:0.0,(2_1,2_2,2_3)0.06:0.0)1:1.1000748264949134,((12_3,12_2,12_1)0.09:0.0,(3_1,3_2,3_3)0.18:0.0)0.31:0.0)1:0.3257573050212688)1:0.6143210884366052)0.91:0.14873474819428287,(((5_1,5_2,5_3)0.4:0.006219513597317438,(6_1,6_2,6_3)0.69:0.19166257885690932)1:0.7548030596402008,((8_1,8_2,8_3)0.3:0.0,((((21_3,21_2,21_1)0.29:0.0,((18_3,18_2,18_1)0.08:0.0,(19_3,19_2,19_1)0.19:0.0)1:0.41316897359896343)1:0.8113434321465562,((23_3,23_2,23_1)0.33:0.0,((22_2,22_1)0.12:0.0,((17_3,17_2,17_1)0.13:0.0,(24_3,24_2,24_1)0.12:0.0)1:0.7085814197976705)1:0.4134566416986446)0.94:0.17857088105989202)0.59:0.06115827351440118,((20_2,20_1)0.64:0.15652471036716162,(25_2,25_1)0.37:0.0)1:0.5843089015680873)1:1.4516325931861667)0.38:0.006048941492688111)1:0.4811320375269378)1:0.8463737836712172)0.41:0.016208457934366566));
Weight calculation took 0.769375983 secs
ASTRAL finished in 9.712 secs
