
================== ASTRAL ===================== 

This is ASTRAL version 5.6.3
Gene trees are treated as unrooted
150 trees read from g_trees-raxml-sqlen-250-ngen-100.trees.tree
All output trees will be *arbitrarily* rooted at 9

======== Running the main analysis
Number of taxa: 25 (25 species)
Taxa: [9, 14, 1, 13, 10, 16, 12, 3, 11, 2, 4, 7, 15, 8, 5, 6, 23, 17, 24, 22, 20, 21, 18, 19, 25]
Taxon occupancy: {22=123, 23=127, 24=125, 25=120, 10=143, 11=148, 12=148, 13=141, 14=141, 15=144, 16=147, 17=125, 18=121, 19=121, 1=136, 2=148, 3=149, 4=143, 5=123, 6=132, 7=142, 8=138, 9=143, 20=115, 21=122}
Number of gene trees: 150
104 trees have missing taxa
Calculating quartet distance matrix (for completion of X)
Species tree distances calculated ...
Will attempt to complete bipartitions from X before adding using a distance matrix.
Building set of clusters (X) from gene trees 
------------------------------
gradient0: 329
Number of Clusters after addition by distance: 329
calculating extra bipartitions to be added at level 1 ...
Adding to X using resolutions of greedy consensus ...
Limit for sigma of degrees:675
polytomy size limit : 3
discarded polytomies:  []
Threshold 0.0:
Threshold 0.01:
Threshold 0.02:
Threshold 0.05:
Threshold 0.1:
Threshold 0.2:
Threshold 0.3333333333333333:
max k is :0
Number of Clusters after addition by greedy: 329
gradient0 in heuristiic: 329
partitions formed in 0.205 secs
Dynamic Programming starting after 0.205 secs
Using tree-based weight calculation.
Using polytree-based weight calculation.
Polytree max score: 1312514
Polytree building time: 0.034 seconds.
Number of quartet trees in the gene trees: 1312514
Size of largest cluster: 25
Greedy score: 1212946
estimationFactor: 1.082087743395007
Sub-optimal score: 1225706
Total Number of elements weighted: 410
Normalized score (portion of input quartet trees satisfied before correcting for multiple individuals): 0.9338963241534948
Optimization score: 1225752
Optimal tree inferred in 0.383 secs.
(20,(25,(((21,(18,19)),(23,(22,(17,24)))),((5,6),(8,(((9,14),(1,13)),((4,(7,15)),((10,16),(12,(3,(11,2)))))))))));
Final quartet score is: 1225752
Final normalized quartet score is: 0.9338963241534948
(9,(14,((1,13)1:1.0041682847516338,(((4,(7,15)1:2.712820800861254)1:1.4904632478290838,((10,16)1:2.1231268848405946,(12,(3,(11,2)1:4.163163126579456)0.93:0.1427853306045838)1:1.9379359016198643)1:2.1911176574246394)1:1.0334937501137555,(8,((5,6)1:2.2335922215070947,(((21,(18,19)1:1.477496766632913)1:3.315359360127674,(23,(22,(17,24)1:3.0654000227449782)1:2.117805306415271)1:0.8040322116496628)0.18:0.017544309650909393,(25,20)1:2.404863942114463)1:4.313033763186934)1:1.0241964821268559)1:2.647623657923645)1:2.448690992850488)1:0.21832955341554733));
Weight calculation took 0.095818454 secs
ASTRAL finished in 2.262 secs
