
================== ASTRAL ===================== 

This is ASTRAL version 5.6.3
Gene trees are treated as unrooted
174 trees read from g_trees-raxml-sqlen-50-ngen-100.trees.tree
All output trees will be *arbitrarily* rooted at 14

======== Running the main analysis
Number of taxa: 25 (25 species)
Taxa: [14, 4, 1, 13, 5, 6, 9, 3, 12, 2, 11, 10, 16, 8, 15, 7, 22, 24, 17, 20, 21, 23, 18, 19, 25]
Taxon occupancy: {22=128, 23=126, 24=127, 25=130, 10=150, 11=159, 12=157, 13=153, 14=152, 15=156, 16=157, 17=127, 18=128, 19=127, 1=149, 2=159, 3=159, 4=156, 5=135, 6=146, 7=155, 8=142, 9=155, 20=118, 21=128}
Number of gene trees: 174
141 trees have missing taxa
Calculating quartet distance matrix (for completion of X)
Species tree distances calculated ...
Will attempt to complete bipartitions from X before adding using a distance matrix.
Building set of clusters (X) from gene trees 
------------------------------
gradient0: 847
Number of Clusters after addition by distance: 847
calculating extra bipartitions to be added at level 1 ...
Adding to X using resolutions of greedy consensus ...
Limit for sigma of degrees:675
polytomy size limit : 3
discarded polytomies:  [3, 3]
Threshold 0.0:
Threshold 0.01:
Threshold 0.02:
Threshold 0.05:
Threshold 0.1:
Threshold 0.2:
Threshold 0.3333333333333333:
polytomy of size 3; rounds with additions with at least 5 support: 0; clusters: 847
polytomy of size 3; rounds with additions with at least 5 support: 0; clusters: 847
max k is :0
Number of Clusters after addition by greedy: 847
gradient0 in heuristiic: 847
partitions formed in 0.371 secs
Dynamic Programming starting after 0.371 secs
Using tree-based weight calculation.
Using polytree-based weight calculation.
Polytree max score: 1176245
Polytree building time: 0.049 seconds.
Number of quartet trees in the gene trees: 1176245
Size of largest cluster: 25
Greedy score: 901799
estimationFactor: 1.304331674796712
Sub-optimal score: 920696
Total Number of elements weighted: 2192
Normalized score (portion of input quartet trees satisfied before correcting for multiple individuals): 0.804604482909598
Optimization score: 946412
Optimal tree inferred in 0.801 secs.
(21,((18,19),((20,25),((23,(22,(24,17))),((5,6),(8,(((14,9),(1,13)),((4,(15,7)),((10,16),(12,(3,(2,11))))))))))));
Final quartet score is: 946412
Final normalized quartet score is: 0.804604482909598
(14,(9,((1,13)1:0.4462508046078097,(((4,(15,7)1:1.3329351300804682)1:0.5557590654119947,((10,16)1:0.46378506722257923,(12,(3,(2,11)1:1.3765602893716362)1:0.27678290945121414)1:0.5552484192518097)1:1.0235069238213004)0.99:0.18221423932035744,(8,((5,6)1:1.0320880264295111,((23,(22,(24,17)1:1.6606177654464624)1:0.5420909800216324)1:0.24021553521285718,((20,25)1:1.0132012570646207,((18,19)1:0.31456800780956135,21)1:1.5999389299209186)0.3:0.0)1:2.825284809690372)1:0.21027581672146137)1:0.6225507004360004)1:1.1279460864631479)0.42:0.03479342869018798));
Weight calculation took 0.298658487 secs
ASTRAL finished in 1.158 secs
