
================== ASTRAL ===================== 

This is ASTRAL version 5.6.3
Gene trees are treated as unrooted
127 trees read from g_trees-raxml-sqlen-0-ngen-100.trees.tree
All output trees will be *arbitrarily* rooted at 19

======== Running the main analysis
Number of taxa: 25 (25 species)
Taxa: [19, 18, 21, 22, 17, 24, 23, 20, 6, 5, 4, 15, 7, 2, 11, 3, 12, 10, 16, 14, 9, 1, 13, 8, 25]
Taxon occupancy: {22=108, 23=110, 24=109, 25=108, 10=122, 11=126, 12=126, 13=123, 14=124, 15=124, 16=125, 17=109, 18=107, 19=107, 1=121, 2=126, 3=127, 4=125, 5=116, 6=119, 7=122, 8=118, 9=124, 20=106, 21=107}
Number of gene trees: 127
71 trees have missing taxa
Calculating quartet distance matrix (for completion of X)
Species tree distances calculated ...
Will attempt to complete bipartitions from X before adding using a distance matrix.
Building set of clusters (X) from gene trees 
------------------------------
gradient0: 97
Number of Clusters after addition by distance: 97
calculating extra bipartitions to be added at level 1 ...
Adding to X using resolutions of greedy consensus ...
Limit for sigma of degrees:675
polytomy size limit : 3
discarded polytomies:  []
Threshold 0.0:
Threshold 0.01:
Threshold 0.02:
Threshold 0.05:
Threshold 0.1:
Threshold 0.2:
Threshold 0.3333333333333333:
max k is :0
Number of Clusters after addition by greedy: 97
gradient0 in heuristiic: 97
partitions formed in 0.154 secs
Dynamic Programming starting after 0.154 secs
Using tree-based weight calculation.
Using polytree-based weight calculation.
Polytree max score: 1239596
Polytree building time: 0.02 seconds.
Number of quartet trees in the gene trees: 1239596
Size of largest cluster: 25
Greedy score: 1239596
estimationFactor: 1.0
Sub-optimal score: 1239596
Total Number of elements weighted: 83
Normalized score (portion of input quartet trees satisfied before correcting for multiple individuals): 1.0
Optimization score: 1239596
Optimal tree inferred in 0.237 secs.
(17,(24,(22,(23,((21,(19,18)),((20,25),((6,5),(8,(((1,13),(14,9)),((4,(15,7)),((10,16),(12,(3,(2,11))))))))))))));
Final quartet score is: 1239596
Final normalized quartet score is: 1.0
(19,(18,(21,(((20,25)1:4.238925791033211,((6,5)1:4.257973986003903,(8,(((1,13)1:4.398555936625091,(14,9)1:4.414816457496873)1:4.414816457496873,((4,(15,7)1:4.398555936625091)1:4.414816457496873,((10,16)1:4.406719247264248,(12,(3,(2,11)1:4.438721978350428)1:4.430816798843317)1:4.422848629194136)1:4.422848629194136)1:4.414816457496873)1:4.339467020255092)1:4.257973986003903)1:4.276666119016051)1:4.209655408733094,(23,(22,(24,17)1:4.257973986003903)1:4.209655408733094)1:4.179502370562407)1:4.248495242049363)1:4.257973986003903));
Weight calculation took 0.019076272 secs
ASTRAL finished in 0.539 secs
