
================== ASTRAL ===================== 

This is ASTRAL version 5.6.3
Gene trees are treated as unrooted
867 trees read from g_trees-raxml-sqlen-100-ngen-500.trees.tree
All output trees will be *arbitrarily* rooted at 9

======== Running the main analysis
Number of taxa: 25 (25 species)
Taxa: [9, 1, 13, 4, 14, 7, 15, 3, 12, 10, 16, 2, 11, 6, 5, 8, 17, 24, 22, 18, 23, 21, 20, 19, 25]
Taxon occupancy: {22=625, 23=629, 24=617, 25=647, 10=798, 11=798, 12=817, 13=767, 14=765, 15=803, 16=805, 17=616, 18=650, 19=646, 1=759, 2=798, 3=812, 4=807, 5=720, 6=730, 7=803, 8=783, 9=772, 20=640, 21=644}
Number of gene trees: 867
681 trees have missing taxa
Calculating quartet distance matrix (for completion of X)
Species tree distances calculated ...
Will attempt to complete bipartitions from X before adding using a distance matrix.
Building set of clusters (X) from gene trees 
------------------------------
gradient0: 1071
Number of Clusters after addition by distance: 1071
calculating extra bipartitions to be added at level 1 ...
Adding to X using resolutions of greedy consensus ...
Limit for sigma of degrees:675
polytomy size limit : 3
discarded polytomies:  []
Threshold 0.0:
Threshold 0.01:
Threshold 0.02:
Threshold 0.05:
Threshold 0.1:
Threshold 0.2:
Threshold 0.3333333333333333:
max k is :0
Number of Clusters after addition by greedy: 1071
gradient0 in heuristiic: 1071
partitions formed in 0.464 secs
Dynamic Programming starting after 0.464 secs
Using tree-based weight calculation.
Using polytree-based weight calculation.
Polytree max score: 6285819
Polytree building time: 0.156 seconds.
Number of quartet trees in the gene trees: 6285819
Size of largest cluster: 25
Greedy score: 5067438
estimationFactor: 1.2404333313994171
Sub-optimal score: 5441454
Total Number of elements weighted: 3380
Normalized score (portion of input quartet trees satisfied before correcting for multiple individuals): 0.8724486021630594
Optimization score: 5484054
Optimal tree inferred in 1.954 secs.
(23,((22,(17,24)),(((20,25),(21,(18,19))),((6,5),(8,(((9,14),(1,13)),((4,(7,15)),((10,16),(12,(3,(2,11)))))))))));
Final quartet score is: 5484054
Final normalized quartet score is: 0.8724486021630594
(9,(14,((1,13)1:0.5947572272718687,(((4,(7,15)1:2.180415463071262)1:0.8679634940140959,((10,16)1:1.0833361687016434,(12,(3,(2,11)1:2.9660887282514676)1:0.16219921296249135)1:0.8726550655259042)1:1.2777702735744307)1:0.4687124247964397,(8,((6,5)1:1.607098050381819,(((20,25)1:1.917585259028955,(21,(18,19)1:0.7180518598377787)1:2.0964471060567327)1:0.11600785636705141,((22,(17,24)1:1.9603063598684871)1:1.4731117038949963,23)1:0.684788708313882)1:4.443048237369703)1:0.6453213889310268)1:0.876628135368647)1:1.8168167406026081)0.9:0.05174069470180114));
Weight calculation took 1.250768758 secs
ASTRAL finished in 2.244 secs
