
================== ASTRAL ===================== 

This is ASTRAL version 5.6.3
Gene trees are treated as unrooted
187 trees read from g_trees-raxml-sqlen-25-ngen-100.trees.tree
All output trees will be *arbitrarily* rooted at 8

======== Running the main analysis
Number of taxa: 25 (25 species)
Taxa: [8, 15, 7, 4, 1, 5, 6, 9, 13, 16, 3, 12, 2, 11, 10, 14, 20, 23, 21, 22, 18, 19, 17, 24, 25]
Taxon occupancy: {22=141, 23=148, 24=136, 25=133, 10=154, 11=163, 12=163, 13=160, 14=162, 15=163, 16=158, 17=136, 18=130, 19=130, 1=155, 2=163, 3=165, 4=166, 5=145, 6=159, 7=162, 8=159, 9=161, 20=127, 21=132}
Number of gene trees: 187
158 trees have missing taxa
Calculating quartet distance matrix (for completion of X)
Species tree distances calculated ...
Will attempt to complete bipartitions from X before adding using a distance matrix.
Building set of clusters (X) from gene trees 
------------------------------
gradient0: 1181
Number of Clusters after addition by distance: 1181
calculating extra bipartitions to be added at level 1 ...
Adding to X using resolutions of greedy consensus ...
Limit for sigma of degrees:675
polytomy size limit : 4
discarded polytomies:  [3, 3, 4]
Threshold 0.0:
Threshold 0.01:
Threshold 0.02:
Threshold 0.05:
Threshold 0.1:
Threshold 0.2:
Threshold 0.3333333333333333:
polytomy of size 3; rounds with additions with at least 5 support: 0; clusters: 1181
polytomy of size 3; rounds with additions with at least 5 support: 0; clusters: 1181
polytomy of size 4; rounds with additions with at least 5 support: 0; clusters: 1181
max k is :0
Number of Clusters after addition by greedy: 1181
gradient0 in heuristiic: 1181
partitions formed in 0.534 secs
Dynamic Programming starting after 0.534 secs
Using tree-based weight calculation.
Using polytree-based weight calculation.
Polytree max score: 1157461
Polytree building time: 0.037 seconds.
Number of quartet trees in the gene trees: 1157461
Size of largest cluster: 25
Greedy score: 811401
estimationFactor: 1.4264968862498322
Sub-optimal score: 837861
Total Number of elements weighted: 3350
Normalized score (portion of input quartet trees satisfied before correcting for multiple individuals): 0.7488831157162099
Optimization score: 866803
Optimal tree inferred in 1.126 secs.
(18,(19,(21,(23,((22,(17,24)),((20,25),((5,6),(8,(((1,13),(9,14)),((4,(15,7)),((16,10),(12,(3,(2,11))))))))))))));
Final quartet score is: 866803
Final normalized quartet score is: 0.7488831157162099
(8,((((1,13)1:0.5413343918515987,(9,14)0.53:0.053577372343343)1:1.0561364938192204,((4,(15,7)1:1.0056795521089092)0.97:0.15865121416915653,((16,10)1:0.3482973315452877,(12,(3,(2,11)1:1.3540532157083396)0.75:0.09591470812068006)1:0.4899012578475352)1:0.5807279152687072)1:0.24439982555473755)1:0.30501771397916244,((5,6)1:1.1727202608218323,((20,25)1:0.6334260705037636,((22,(17,24)1:0.7910189090072)1:0.30875630252965686,(23,(21,(19,18)1:0.4022712224429034)1:1.449921694498278)0.43:0.0389057948091934)0.5:0.059816760513374076)1:0.9777222484579714)0.87:0.1027911015301026));
Weight calculation took 0.446189224 secs
ASTRAL finished in 1.317 secs
