
================== ASTRAL ===================== 

This is ASTRAL version 5.6.3
Gene trees are treated as unrooted
922 trees read from g_trees-raxml-sqlen-50-ngen-500.trees.tree
All output trees will be *arbitrarily* rooted at 14

======== Running the main analysis
Number of taxa: 25 (25 species)
Taxa: [14, 4, 1, 13, 5, 6, 9, 3, 12, 2, 11, 10, 16, 8, 15, 7, 22, 24, 17, 20, 21, 23, 18, 19, 25]
Taxon occupancy: {22=637, 23=619, 24=633, 25=646, 10=824, 11=817, 12=842, 13=798, 14=786, 15=838, 16=834, 17=631, 18=648, 19=644, 1=790, 2=817, 3=839, 4=841, 5=727, 6=730, 7=839, 8=797, 9=800, 20=633, 21=647}
Number of gene trees: 922
770 trees have missing taxa
Calculating quartet distance matrix (for completion of X)
Species tree distances calculated ...
Will attempt to complete bipartitions from X before adding using a distance matrix.
Building set of clusters (X) from gene trees 
------------------------------
gradient0: 1801
Number of Clusters after addition by distance: 1801
calculating extra bipartitions to be added at level 1 ...
Adding to X using resolutions of greedy consensus ...
Limit for sigma of degrees:675
polytomy size limit : 3
discarded polytomies:  [3]
Threshold 0.0:
Threshold 0.01:
Threshold 0.02:
Threshold 0.05:
Threshold 0.1:
Threshold 0.2:
Threshold 0.3333333333333333:
polytomy of size 3; rounds with additions with at least 5 support: 0; clusters: 1801
max k is :0
Number of Clusters after addition by greedy: 1801
gradient0 in heuristiic: 1801
partitions formed in 0.714 secs
Dynamic Programming starting after 0.715 secs
Using tree-based weight calculation.
Using polytree-based weight calculation.
Polytree max score: 5830086
Polytree building time: 0.156 seconds.
Number of quartet trees in the gene trees: 5830086
Size of largest cluster: 25
Greedy score: 4407250
estimationFactor: 1.3228398661296727
Sub-optimal score: 4594114
Total Number of elements weighted: 8201
Normalized score (portion of input quartet trees satisfied before correcting for multiple individuals): 0.808177615218712
Optimization score: 4711745
Optimal tree inferred in 4.536 secs.
(21,((18,19),((20,25),((23,(22,(24,17))),((5,6),(8,(((14,9),(1,13)),((4,(15,7)),((10,16),(12,(3,(2,11))))))))))));
Final quartet score is: 4711745
Final normalized quartet score is: 0.808177615218712
(14,(9,((1,13)1:0.334209898005524,(((4,(15,7)1:1.5655931450767455)1:0.5492138375512168,((10,16)1:0.6052425505264701,(12,(3,(2,11)1:1.678921560596811)0.96:0.05686507446895507)1:0.6568585856001673)1:0.9737057507844235)1:0.19860480239370587,(8,((5,6)1:0.9327759673877081,((23,(22,(24,17)1:1.4945666887021989)1:0.7814445632436474)1:0.42061531570687044,((20,25)1:1.1473092222782377,((18,19)1:0.5141171192996903,21)1:1.2943050375843688)0.73:0.034496022313756085)1:2.729050658502051)1:0.270665287141891)1:0.6369142008732919)1:1.3071770942883212)0.45:0.00953902053892228));
Weight calculation took 3.531671087 secs
ASTRAL finished in 6.598 secs
