
================== ASTRAL ===================== 

This is ASTRAL version 5.6.3
Gene trees are treated as unrooted
97 trees read from g_trees-raxml-sqlen-50-ngen-50.trees.tree
All output trees will be *arbitrarily* rooted at 14

======== Running the main analysis
Number of taxa: 25 (25 species)
Taxa: [14, 4, 1, 13, 5, 6, 9, 3, 12, 2, 11, 10, 16, 8, 15, 7, 22, 24, 17, 20, 21, 23, 18, 19, 25]
Taxon occupancy: {22=77, 23=77, 24=76, 25=75, 10=78, 11=84, 12=82, 13=82, 14=79, 15=82, 16=84, 17=76, 18=73, 19=72, 1=82, 2=84, 3=83, 4=82, 5=68, 6=76, 7=81, 8=69, 9=82, 20=66, 21=74}
Number of gene trees: 97
86 trees have missing taxa
Calculating quartet distance matrix (for completion of X)
Species tree distances calculated ...
Will attempt to complete bipartitions from X before adding using a distance matrix.
Building set of clusters (X) from gene trees 
------------------------------
gradient0: 593
Number of Clusters after addition by distance: 593
calculating extra bipartitions to be added at level 1 ...
Adding to X using resolutions of greedy consensus ...
Limit for sigma of degrees:675
polytomy size limit : 3
discarded polytomies:  []
Threshold 0.0:
Threshold 0.01:
Threshold 0.02:
Threshold 0.05:
Threshold 0.1:
Threshold 0.2:
Threshold 0.3333333333333333:
max k is :0
Number of Clusters after addition by greedy: 593
gradient0 in heuristiic: 593
partitions formed in 0.2 secs
Dynamic Programming starting after 0.2 secs
Using tree-based weight calculation.
Using polytree-based weight calculation.
Polytree max score: 596237
Polytree building time: 0.018 seconds.
Number of quartet trees in the gene trees: 596237
Size of largest cluster: 25
Greedy score: 465616
estimationFactor: 1.280533744544861
Sub-optimal score: 475537
Total Number of elements weighted: 1290
Normalized score (portion of input quartet trees satisfied before correcting for multiple individuals): 0.813763654385756
Optimization score: 485196
Optimal tree inferred in 0.402 secs.
(21,((18,19),(23,((22,(24,17)),((20,25),((5,6),(8,(((14,9),(1,13)),((4,(15,7)),((10,16),(12,(3,(2,11)))))))))))));
Final quartet score is: 485196
Final normalized quartet score is: 0.813763654385756
(14,(9,((1,13)1:0.40073334636039054,(((4,(15,7)1:1.62145490630827)1:0.6047947211315121,((10,16)1:0.2738425993455719,(12,(3,(2,11)1:1.593804116470089)1:0.3416504551668928)1:0.5294074190970548)1:0.7643619028983345)0.97:0.2116753022559998,(8,((5,6)1:1.3141319148716601,((20,25)1:0.8265191471179683,((22,(24,17)1:2.09126175928241)1:0.42519594744062095,(23,((18,19)1:0.3524407216675774,21)1:1.791699594597918)1:0.34199853937679364)0.81:0.12510831989541374)1:2.694407424698422)0.82:0.14723023698268461)1:0.8253533772506092)1:1.1694280462521844)0.6:0.06418643693823214));
Weight calculation took 0.125860696 secs
ASTRAL finished in 1.228 secs
