
================== ASTRAL ===================== 

This is ASTRAL version 5.6.3
Gene trees are treated as unrooted
50 trees read from g_trees-raxml-sqlen-50-ngen-25.trees.tree
All output trees will be *arbitrarily* rooted at 14

======== Running the main analysis
Number of taxa: 25 (25 species)
Taxa: [14, 4, 1, 13, 5, 6, 9, 3, 12, 2, 11, 10, 16, 8, 15, 7, 22, 24, 17, 20, 21, 23, 18, 19, 25]
Taxon occupancy: {22=43, 23=43, 24=41, 25=40, 10=40, 11=43, 12=43, 13=39, 14=40, 15=40, 16=42, 17=41, 18=38, 19=37, 1=39, 2=43, 3=43, 4=40, 5=36, 6=38, 7=40, 8=36, 9=39, 20=40, 21=37}
Number of gene trees: 50
42 trees have missing taxa
Calculating quartet distance matrix (for completion of X)
Species tree distances calculated ...
Will attempt to complete bipartitions from X before adding using a distance matrix.
Building set of clusters (X) from gene trees 
------------------------------
gradient0: 427
Number of Clusters after addition by distance: 427
calculating extra bipartitions to be added at level 1 ...
Adding to X using resolutions of greedy consensus ...
Limit for sigma of degrees:675
polytomy size limit : 3
discarded polytomies:  [3, 3]
Threshold 0.0:
Threshold 0.01:
Threshold 0.02:
Threshold 0.05:
Threshold 0.1:
Threshold 0.2:
Threshold 0.3333333333333333:
polytomy of size 3; rounds with additions with at least 5 support: 0; clusters: 427
polytomy of size 3; rounds with additions with at least 5 support: 0; clusters: 427
max k is :0
Number of Clusters after addition by greedy: 427
gradient0 in heuristiic: 427
partitions formed in 0.197 secs
Dynamic Programming starting after 0.197 secs
Using tree-based weight calculation.
Using polytree-based weight calculation.
Polytree max score: 314708
Polytree building time: 0.015 seconds.
Number of quartet trees in the gene trees: 314708
Size of largest cluster: 25
Greedy score: 250737
estimationFactor: 1.255131871243574
Sub-optimal score: 255752
Total Number of elements weighted: 741
Normalized score (portion of input quartet trees satisfied before correcting for multiple individuals): 0.8176849651105151
Optimization score: 257332
Optimal tree inferred in 0.312 secs.
(21,((18,19),((23,(22,(24,17))),((20,25),(8,((5,6),((14,(9,(1,13))),((4,(15,7)),((10,16),(12,(3,(2,11))))))))))));
Final quartet score is: 257332
Final normalized quartet score is: 0.8176849651105151
(14,((9,(1,13)1:0.4077434191923284)0.36:0.012497887030309964,(((4,(15,7)1:1.7536204966315965)1:0.5136202335728143,((10,16)0.84:0.17442490953844778,(12,(3,(2,11)1:1.7602367778560788)0.97:0.2838365038920938)1:0.6607268122454565)1:0.8283550883546723)0.5:0.0876965942004954,((5,6)1:1.55221272731913,(8,((20,25)1:0.7188877321565337,((23,(22,(24,17)1:2.531426665422894)0.78:0.21039039815013444)0.96:0.3402046837398983,((18,19)0.99:0.44398152388253564,21)1:1.3057490145817883)0.99:0.3799017945485489)1:1.975372181785629)0.98:0.3810852398518506)1:0.8319532307393054)1:1.1388638359787062));
Weight calculation took 0.051676712 secs
ASTRAL finished in 1.162 secs
