
================== ASTRAL ===================== 

This is ASTRAL version 5.6.3
Gene trees are treated as unrooted
500 trees read from g_trees-raxml-sqlen-50-ngen-500-s2g.trees
All output trees will be *arbitrarily* rooted at 14

======== Running the main analysis
Number of taxa: 148 (25 species)
Taxa: {22=[22_5, 22_4, 22_3, 22_2, 22_1], 23=[23_5, 23_4, 23_3, 23_2, 23_1], 24=[24_4, 24_3, 24_2, 24_1, 24_7, 24_6, 24_5], 25=[25_3, 25_2, 25_1, 25_5, 25_4], 10=[10_5, 10_4, 10_3, 10_2, 10_1], 11=[11_6, 11_5, 11_4, 11_3, 11_2, 11_1], 12=[12_5, 12_4, 12_3, 12_2, 12_1, 12_6], 13=[13_4, 13_3, 13_2, 13_1, 13_5], 14=[14_3, 14_2, 14_1, 14_8, 14_7, 14_6, 14_5, 14_4], 15=[15_2, 15_1, 15_6, 15_5, 15_4, 15_3], 16=[16_1, 16_5, 16_4, 16_3, 16_2], 17=[17_6, 17_5, 17_4, 17_3, 17_2, 17_1], 18=[18_7, 18_6, 18_5, 18_4, 18_3, 18_2, 18_1, 18_8], 19=[19_6, 19_5, 19_4, 19_3, 19_2, 19_1], 1=[1_1, 1_2, 1_3, 1_4, 1_5, 1_6, 1_7], 2=[2_1, 2_2, 2_3, 2_4, 2_5, 2_6], 3=[3_1, 3_2, 3_3, 3_4, 3_5], 4=[4_1, 4_2, 4_3, 4_4, 4_5, 4_6], 5=[5_1, 5_2, 5_3, 5_4, 5_5], 6=[6_1, 6_2, 6_3, 6_4, 6_5], 7=[7_1, 7_2, 7_3, 7_4, 7_5, 7_6], 8=[8_1, 8_2, 8_3, 8_4, 8_5, 8_6], 9=[9_1, 9_2, 9_3, 9_4, 9_5], 20=[20_7, 20_6, 20_5, 20_4, 20_3, 20_2, 20_1], 21=[21_7, 21_6, 21_5, 21_4, 21_3, 21_2, 21_1]}
Taxon occupancy: {14_3=26, 14_2=102, 14_1=377, 10_5=1, 10_4=10, 10_3=31, 10_2=108, 10_1=373, 18_7=1, 18_6=2, 18_5=4, 18_4=9, 14_8=1, 18_3=34, 14_7=1, 18_2=102, 14_6=1, 18_1=389, 14_5=3, 14_4=10, 25_3=32, 21_7=1, 25_2=108, 21_6=1, 25_1=362, 21_5=2, 21_4=5, 21_3=23, 3_1=370, 21_2=110, 21_1=389, 3_2=110, 3_3=30, 3_4=8, 7_1=381, 3_5=2, 7_2=95, 7_3=25, 7_4=4, 7_5=3, 7_6=2, 25_5=4, 25_4=9, 18_8=1, 13_4=10, 13_3=31, 13_2=111, 13_1=373, 17_6=2, 17_5=6, 17_4=9, 17_3=30, 17_2=106, 17_1=358, 13_5=1, 24_4=4, 24_3=24, 20_7=1, 24_2=108, 20_6=1, 24_1=386, 20_5=4, 2_1=389, 20_4=8, 2_2=104, 20_3=23, 20_2=109, 2_3=36, 20_1=381, 2_4=11, 6_1=370, 2_5=4, 6_2=106, 2_6=3, 6_3=30, 6_4=8, 6_5=1, 24_7=1, 24_6=1, 24_5=2, 16_1=369, 12_5=5, 12_4=7, 12_3=29, 12_2=104, 12_1=370, 16_5=2, 16_4=11, 16_3=28, 16_2=110, 12_6=2, 23_5=2, 23_4=8, 23_3=32, 1_1=391, 23_2=107, 23_1=381, 1_2=104, 1_3=34, 1_4=12, 5_1=358, 1_5=3, 5_2=98, 1_6=3, 5_3=26, 1_7=1, 5_4=4, 9_1=364, 5_5=1, 9_2=102, 9_3=23, 9_4=5, 9_5=2, 15_2=100, 11_6=2, 15_1=371, 11_5=3, 11_4=7, 11_3=28, 11_2=95, 11_1=367, 19_6=1, 19_5=3, 19_4=7, 19_3=27, 19_2=101, 15_6=3, 19_1=372, 15_5=4, 15_4=9, 15_3=29, 22_5=3, 22_4=11, 22_3=34, 22_2=107, 22_1=360, 4_1=380, 4_2=119, 4_3=27, 4_4=9, 8_1=394, 4_5=3, 8_2=113, 4_6=1, 8_3=35, 8_4=11, 8_5=3, 8_6=3}
Number of gene trees: 500
500 trees have missing taxa
Calculating quartet distance matrix (for completion of X)
Species tree distances calculated ...
Will attempt to complete bipartitions from X before adding using a distance matrix.
Building set of clusters (X) from gene trees 
In second round sampling 4 rounds will be done
------------------------------
gradient0: 963
------------------------------
gradient1: 464
------------------------------
gradient2: 328
------------------------------
gradient3: 254
Number of Clusters after addition by distance: 2009
calculating extra bipartitions to be added at level 1 ...
Adding to X using resolutions of greedy consensus ...
Limit for sigma of degrees:675
polytomy size limit : 3
discarded polytomies:  []
Threshold 0.0:
Threshold 0.01:
Threshold 0.02:
Threshold 0.05:
Threshold 0.1:
Threshold 0.2:
Threshold 0.3333333333333333:
max k is :0
Number of Clusters after addition by greedy: 2009
gradient0 in heuristiic: 2009
calculating extra bipartitions to be added at level 1 ...
Adding to X using resolutions of greedy consensus ...
Limit for sigma of degrees:675
polytomy size limit : 3
discarded polytomies:  [3]
Threshold 0.0:
Threshold 0.01:
Threshold 0.02:
Threshold 0.05:
Threshold 0.1:
Threshold 0.2:
Threshold 0.3333333333333333:
polytomy of size 3; rounds with additions with at least 5 support: 0; clusters: 2009
max k is :0
Number of Clusters after addition by greedy: 2009
gradient1 in heuristiic: 0
calculating extra bipartitions to be added at level 1 ...
Adding to X using resolutions of greedy consensus ...
Limit for sigma of degrees:675
polytomy size limit : 3
discarded polytomies:  []
Threshold 0.0:
Threshold 0.01:
Threshold 0.02:
Threshold 0.05:
Threshold 0.1:
Threshold 0.2:
Threshold 0.3333333333333333:
max k is :0
Number of Clusters after addition by greedy: 2009
gradient2 in heuristiic: 0
calculating extra bipartitions to be added at level 1 ...
Adding to X using resolutions of greedy consensus ...
Limit for sigma of degrees:675
polytomy size limit : 3
discarded polytomies:  [3, 3]
Threshold 0.0:
Threshold 0.01:
Threshold 0.02:
Threshold 0.05:
Threshold 0.1:
Threshold 0.2:
Threshold 0.3333333333333333:
polytomy of size 3; rounds with additions with at least 5 support: 0; clusters: 2009
polytomy of size 3; rounds with additions with at least 5 support: 0; clusters: 2009
max k is :0
Number of Clusters after addition by greedy: 2009
gradient3 in heuristiic: 0
partitions formed in 55.266 secs
Dynamic Programming starting after 55.266 secs
Using tree-based weight calculation.
Using polytree-based weight calculation.
Polytree max score: 23341558
Polytree building time: 0.063 seconds.
Number of quartet trees in the gene trees: 23237030
Size of largest cluster: 148
Greedy score: 10879075
estimationFactor: 2.1455460990228445
Sub-optimal score: 11777839
Total Number of elements weighted: 9160
Normalized score (portion of input quartet trees satisfied before correcting for multiple individuals): 0.5458903956314555
Optimization score: 12684871
Optimal tree inferred in 59.268 secs.
(23,((20,(21,24)),((25,22),(((4,(19,(14,7))),(18,(2,(1,8)))),((9,(11,(16,(10,13)))),(5,(17,(12,(15,(3,6))))))))));
Final quartet score is: 13617190
Final normalized quartet score is: 0.5860124981548847
((14_3,14_2,14_1,14_8,14_7,14_6,14_5,14_4)0.14:0.0,((7_1,7_2,7_3,7_4,7_5,7_6)0.09:0.0,((19_6,19_5,19_4,19_3,19_2,19_1)0.14:0.0,((4_1,4_2,4_3,4_4,4_5,4_6)0.53:0.05472461071127895,(((18_7,18_6,18_5,18_4,18_3,18_2,18_1,18_8)0.19:0.0,((2_1,2_2,2_3,2_4,2_5,2_6)0.03:0.0,((1_1,1_2,1_3,1_4,1_5,1_6,1_7)0.03:0.0,(8_1,8_2,8_3,8_4,8_5,8_6)0.04:0.0)1:0.1726726347536177)1:0.8415034175353799)1:0.5056880381303065,((((9_1,9_2,9_3,9_4,9_5)0.87:0.17755205152784098,((11_6,11_5,11_4,11_3,11_2,11_1)0.29:0.0,((16_1,16_5,16_4,16_3,16_2)0.1:0.0,((10_5,10_4,10_3,10_2,10_1)0.01:0.0,(13_4,13_3,13_2,13_1,13_5)0.01:0.0)1:1.4276776242334182)1:0.4580299083861246)1:0.5951585522573227)1:0.4308283881434577,((5_1,5_2,5_3,5_4,5_5)0.33:0.0,((17_6,17_5,17_4,17_3,17_2,17_1)0.44:0.026041393939262438,((12_5,12_4,12_3,12_2,12_1,12_6)0.31:0.0,((15_2,15_1,15_6,15_5,15_4,15_3)0.11:0.0,((3_1,3_2,3_3,3_4,3_5)0.03:0.0,(6_1,6_2,6_3,6_4,6_5)0.03:0.0)1:0.47593097852319244)1:0.3428855587829928)1:0.5418747366533165)0.86:0.06637079638136821)1:0.6551987655293163)1:0.2573224296550966,(((25_3,25_2,25_1,25_5,25_4)0.02:0.0,(22_5,22_4,22_3,22_2,22_1)0.02:0.0)1:2.058725495857898,(((20_7,20_6,20_5,20_4,20_3,20_2,20_1)0.19:0.0,((21_7,21_6,21_5,21_4,21_3,21_2,21_1)0.03:0.0,(24_4,24_3,24_2,24_1,24_7,24_6,24_5)0.03:0.0)1:1.162441936787568)1:0.7293784649185512,(23_5,23_4,23_3,23_2,23_1)0.95:0.23045643551155612)1:0.6444061173109594)1:0.5070450188459131)1:0.7745151267455217)1:0.22499850048890194)1:0.5062985771353203)0.54:0.02631975049137583));
Weight calculation took 4.186286222 secs
ASTRAL finished in 59.973 secs
