
================== ASTRAL ===================== 

This is ASTRAL version 5.6.3
Gene trees are treated as unrooted
25 trees read from g_trees-raxml-sqlen-100-ngen-25-s2g.trees
All output trees will be *arbitrarily* rooted at 12

======== Running the main analysis
Number of taxa: 84 (25 species)
Taxa: {22=[22_3, 22_2, 22_1], 23=[23_4, 23_3, 23_2, 23_1], 24=[24_2, 24_1], 25=[25_3, 25_2, 25_1], 10=[10_4, 10_3, 10_2, 10_1], 11=[11_3, 11_2, 11_1], 12=[12_5, 12_4, 12_3, 12_2, 12_1, 12_6], 13=[13_4, 13_3, 13_2, 13_1], 14=[14_3, 14_2, 14_1, 14_4], 15=[15_2, 15_1, 15_3], 16=[16_1, 16_3, 16_2], 17=[17_3, 17_2, 17_1], 18=[18_2, 18_1], 19=[19_4, 19_3, 19_2, 19_1], 1=[1_1, 1_2, 1_3], 2=[2_1, 2_2, 2_3], 3=[3_1, 3_2, 3_3, 3_4], 4=[4_1, 4_2, 4_3, 4_4], 5=[5_1, 5_2, 5_3], 6=[6_1, 6_2, 6_3, 6_4], 7=[7_1, 7_2, 7_3, 7_4, 7_5], 8=[8_1, 8_2, 8_3], 9=[9_1, 9_2, 9_3], 20=[20_2, 20_1], 21=[21_2, 21_1]}
Taxon occupancy: {16_1=18, 14_3=3, 12_5=1, 14_2=4, 12_4=1, 14_1=18, 12_3=2, 12_2=6, 10_4=1, 12_1=18, 10_3=3, 10_2=5, 10_1=19, 18_2=5, 18_1=16, 16_3=1, 14_4=2, 16_2=6, 12_6=1, 25_3=2, 25_2=5, 23_4=1, 25_1=18, 23_3=4, 1_1=16, 23_2=9, 23_1=22, 1_2=6, 3_1=21, 21_2=6, 1_3=1, 21_1=18, 3_2=6, 5_1=19, 3_3=1, 5_2=6, 3_4=1, 7_1=17, 5_3=1, 7_2=4, 9_1=19, 7_3=1, 9_2=7, 7_4=1, 7_5=1, 9_3=2, 15_2=6, 13_4=1, 15_1=21, 13_3=3, 13_2=5, 13_1=19, 11_3=2, 11_2=5, 11_1=21, 19_4=1, 19_3=2, 19_2=5, 19_1=18, 17_3=1, 17_2=6, 17_1=18, 15_3=2, 24_2=7, 24_1=18, 22_3=2, 2_1=16, 22_2=5, 22_1=18, 2_2=6, 4_1=19, 20_2=5, 2_3=1, 20_1=19, 4_2=7, 6_1=21, 4_3=2, 6_2=6, 4_4=1, 8_1=16, 6_3=1, 8_2=6, 6_4=1, 8_3=1}
Number of gene trees: 25
25 trees have missing taxa
Calculating quartet distance matrix (for completion of X)
Species tree distances calculated ...
Will attempt to complete bipartitions from X before adding using a distance matrix.
Building set of clusters (X) from gene trees 
In second round sampling 3 rounds will be done
------------------------------
gradient0: 227
------------------------------
gradient1: 30
------------------------------
gradient2: 26
Number of Clusters after addition by distance: 283
calculating extra bipartitions to be added at level 1 ...
Adding to X using resolutions of greedy consensus ...
Limit for sigma of degrees:675
polytomy size limit : 3
discarded polytomies:  []
Threshold 0.0:
Threshold 0.01:
Threshold 0.02:
Threshold 0.05:
Threshold 0.1:
Threshold 0.2:
Threshold 0.3333333333333333:
max k is :0
Number of Clusters after addition by greedy: 283
gradient0 in heuristiic: 283
calculating extra bipartitions to be added at level 1 ...
Adding to X using resolutions of greedy consensus ...
Limit for sigma of degrees:675
polytomy size limit : 3
discarded polytomies:  []
Threshold 0.0:
Threshold 0.01:
Threshold 0.02:
Threshold 0.05:
Threshold 0.1:
Threshold 0.2:
Threshold 0.3333333333333333:
max k is :0
Number of Clusters after addition by greedy: 283
gradient1 in heuristiic: 0
calculating extra bipartitions to be added at level 1 ...
Adding to X using resolutions of greedy consensus ...
Limit for sigma of degrees:675
polytomy size limit : 3
discarded polytomies:  []
Threshold 0.0:
Threshold 0.01:
Threshold 0.02:
Threshold 0.05:
Threshold 0.1:
Threshold 0.2:
Threshold 0.3333333333333333:
max k is :0
Number of Clusters after addition by greedy: 283
gradient2 in heuristiic: 0
partitions formed in 1.964 secs
Dynamic Programming starting after 1.965 secs
Using tree-based weight calculation.
Using polytree-based weight calculation.
Polytree max score: 786906
Polytree building time: 0.011 seconds.
Number of quartet trees in the gene trees: 783857
Size of largest cluster: 84
Greedy score: 524524
estimationFactor: 1.5002273487701718
Sub-optimal score: 551434
Total Number of elements weighted: 441
Normalized score (portion of input quartet trees satisfied before correcting for multiple individuals): 0.7197786075776577
Optimization score: 564203
Optimal tree inferred in 2.04 secs.
(20,((21,24),(23,((25,22),(((18,(8,(1,2))),(4,(7,(14,19)))),((9,(11,(16,(10,13)))),(5,(17,(12,(15,(3,6)))))))))));
Final quartet score is: 603364
Final normalized quartet score is: 0.7697373372949403
You may want to ignore posterior probabilities and other statistics related to the following branch branch because the effective number of genes impacting it is only 2:
	{12}
You may want to ignore posterior probabilities and other statistics related to the following branch branch because the effective number of genes impacting it is only 4:
	{15}
You may want to ignore posterior probabilities and other statistics related to the following branch branch because the effective number of genes impacting it is only 3:
	{3}
You may want to ignore posterior probabilities and other statistics related to the following branch branch because the effective number of genes impacting it is only 3:
	{6}
You may want to ignore posterior probabilities and other statistics related to the following branch branch because the effective number of genes impacting it is only 18:
	{3, 15, 6}
You may want to ignore posterior probabilities and other statistics related to the following branch branch because the effective number of genes impacting it is only 4:
	{17}
You may want to ignore posterior probabilities and other statistics related to the following branch branch because the effective number of genes impacting it is only 4:
	{5}
You may want to ignore posterior probabilities and other statistics related to the following branch branch because the effective number of genes impacting it is only 5:
	{9}
You may want to ignore posterior probabilities and other statistics related to the following branch branch because the effective number of genes impacting it is only 4:
	{11}
You may want to ignore posterior probabilities and other statistics related to the following branch branch because the effective number of genes impacting it is only 4:
	{16}
You may want to ignore posterior probabilities and other statistics related to the following branch branch because the effective number of genes impacting it is only 3:
	{10}
You may want to ignore posterior probabilities and other statistics related to the following branch branch because the effective number of genes impacting it is only 3:
	{13}
You may want to ignore posterior probabilities and other statistics related to the following branch branch because the effective number of genes impacting it is only 17:
	{10, 13}
You may want to ignore posterior probabilities and other statistics related to the following branch branch because the effective number of genes impacting it is only 17:
	{16, 10, 13}
You may want to ignore posterior probabilities and other statistics related to the following branch branch because the effective number of genes impacting it is only 17:
	{16, 10, 13, 11}
You may want to ignore posterior probabilities and other statistics related to the following branch branch because the effective number of genes impacting it is only 16:
	{16, 10, 9, 13, 11}
You may want to ignore posterior probabilities and other statistics related to the following branch branch because the effective number of genes impacting it is only 4:
	{18}
You may want to ignore posterior probabilities and other statistics related to the following branch branch because the effective number of genes impacting it is only 4:
	{8}
You may want to ignore posterior probabilities and other statistics related to the following branch branch because the effective number of genes impacting it is only 4:
	{1}
You may want to ignore posterior probabilities and other statistics related to the following branch branch because the effective number of genes impacting it is only 4:
	{2}
You may want to ignore posterior probabilities and other statistics related to the following branch branch because the effective number of genes impacting it is only 16:
	{1, 2}
You may want to ignore posterior probabilities and other statistics related to the following branch branch because the effective number of genes impacting it is only 14:
	{1, 2, 8}
You may want to ignore posterior probabilities and other statistics related to the following branch branch because the effective number of genes impacting it is only 13:
	{18, 1, 2, 8}
You may want to ignore posterior probabilities and other statistics related to the following branch branch because the effective number of genes impacting it is only 4:
	{4}
You may want to ignore posterior probabilities and other statistics related to the following branch branch because the effective number of genes impacting it is only 2:
	{7}
You may want to ignore posterior probabilities and other statistics related to the following branch branch because the effective number of genes impacting it is only 3:
	{14}
You may want to ignore posterior probabilities and other statistics related to the following branch branch because the effective number of genes impacting it is only 3:
	{19}
You may want to ignore posterior probabilities and other statistics related to the following branch branch because the effective number of genes impacting it is only 16:
	{14, 19}
You may want to ignore posterior probabilities and other statistics related to the following branch branch because the effective number of genes impacting it is only 17:
	{14, 7, 19}
You may want to ignore posterior probabilities and other statistics related to the following branch branch because the effective number of genes impacting it is only 17:
	{14, 7, 19, 4}
You may want to ignore posterior probabilities and other statistics related to the following branch branch because the effective number of genes impacting it is only 16:
	{14, 18, 1, 7, 19, 2, 4, 8}
You may want to ignore posterior probabilities and other statistics related to the following branch branch because the effective number of genes impacting it is only 4:
	{25}
You may want to ignore posterior probabilities and other statistics related to the following branch branch because the effective number of genes impacting it is only 4:
	{22}
You may want to ignore posterior probabilities and other statistics related to the following branch branch because the effective number of genes impacting it is only 16:
	{25, 22}
You may want to ignore posterior probabilities and other statistics related to the following branch branch because the effective number of genes impacting it is only 5:
	{23}
You may want to ignore posterior probabilities and other statistics related to the following branch branch because the effective number of genes impacting it is only 6:
	{21}
You may want to ignore posterior probabilities and other statistics related to the following branch branch because the effective number of genes impacting it is only 7:
	{24}
You may want to ignore posterior probabilities and other statistics related to the following branch branch because the effective number of genes impacting it is only 18:
	{21, 24}
You may want to ignore posterior probabilities and other statistics related to the following branch branch because the effective number of genes impacting it is only 4:
	{20}
You may want to ignore posterior probabilities and other statistics related to the following branch branch because the effective number of genes impacting it is only 17:
	{21, 24, 20}
You may want to ignore posterior probabilities and other statistics related to the following branch branch because the effective number of genes impacting it is only 14:
	{23, 21, 24, 20}
You may want to ignore posterior probabilities and other statistics related to the following branch branch because the effective number of genes impacting it is only 14:
	{25, 23, 21, 24, 22, 20}
You may want to ignore posterior probabilities and other statistics related to the following branch branch because the effective number of genes impacting it is only 15:
	{14, 18, 25, 23, 1, 21, 7, 19, 24, 22, 2, 20, 4, 8}
You may want to ignore posterior probabilities and other statistics related to the following branch branch because the effective number of genes impacting it is only 19:
	{14, 16, 10, 18, 25, 23, 1, 21, 7, 9, 13, 11, 19, 24, 22, 2, 20, 4, 8}
You may want to ignore posterior probabilities and other statistics related to the following branch branch because the effective number of genes impacting it is only 17:
	{14, 16, 10, 18, 25, 23, 1, 21, 5, 7, 9, 13, 11, 19, 24, 22, 2, 20, 4, 8}
You may want to ignore posterior probabilities and other statistics related to the following branch branch because the effective number of genes impacting it is only 16:
	{14, 16, 10, 18, 25, 23, 1, 21, 5, 7, 9, 13, 11, 19, 17, 24, 22, 2, 20, 4, 8}
((12_5,12_4,12_3,12_2,12_1,12_6)0.22:0.0,(((15_2,15_1,15_3)0.14:0.0,((3_1,3_2,3_3,3_4)0.22:0.0,(6_1,6_2,6_3,6_4)0.14:0.0)1:0.7148105226431798)0.98:0.4655815441583528,((17_3,17_2,17_1)0.38:0.0,((5_1,5_2,5_3)0.4:0.0,(((9_1,9_2,9_3)0.77:0.3417492937220567,((11_3,11_2,11_1)0.34:0.0,((16_1,16_3,16_2)0.22:0.0,((10_4,10_3,10_2,10_1)0.16:0.0,(13_4,13_3,13_2,13_1)0.19:0.0)1:1.398566652018789)1:0.9371532154914712)0.99:0.5872456857166235)0.99:0.6645802639841124,((((18_2,18_1)0.38:0.0,((8_1,8_2,8_3)0.12:0.0,((1_1,1_2,1_3)0.12:0.0,(2_1,2_2,2_3)0.12:0.0)0.33:0.0)1:1.2226649373380885)1:0.919271360012293,((4_1,4_2,4_3,4_4)0.68:0.26100464495145154,((7_1,7_2,7_3,7_4,7_5)0.2:0.0,((14_3,14_2,14_1,14_4)0.31:0.0,(19_4,19_3,19_2,19_1)0.28:0.0)0.68:0.17305566337251482)0.99:0.5690350098519144)0.97:0.4775483591464132)1:1.154782560135164,(((25_3,25_2,25_1)0.21:0.0,(22_3,22_2,22_1)0.2:0.0)1:2.4277482359480516,((23_4,23_3,23_2,23_1)0.69:0.2484613592984996,(((21_2,21_1)0.13:0.0,(24_2,24_1)0.14:0.0)0.99:0.6123817728477265,(20_2,20_1)0.11:0.0)1:1.556591724947043)1:1.1252805357502709)1:0.9162907318741549)0.86:0.3006445109073525)1:0.8624096428838659)0.71:0.17305336497065882)0.99:0.6315043846995854));
Weight calculation took 0.046259439 secs
ASTRAL finished in 2.159 secs
