
================== ASTRAL ===================== 

This is ASTRAL version 5.6.3
Gene trees are treated as unrooted
100 trees read from g_trees-raxml-sqlen-50-ngen-100-s2g.trees
All output trees will be *arbitrarily* rooted at 14

======== Running the main analysis
Number of taxa: 113 (25 species)
Taxa: {22=[22_4, 22_3, 22_2, 22_1], 23=[23_4, 23_3, 23_2, 23_1], 24=[24_3, 24_2, 24_1], 25=[25_3, 25_2, 25_1, 25_5, 25_4], 10=[10_4, 10_3, 10_2, 10_1], 11=[11_4, 11_3, 11_2, 11_1], 12=[12_5, 12_4, 12_3, 12_2, 12_1, 12_6], 13=[13_4, 13_3, 13_2, 13_1], 14=[14_3, 14_2, 14_1, 14_4], 15=[15_2, 15_1, 15_6, 15_5, 15_4, 15_3], 16=[16_1, 16_3, 16_2], 17=[17_6, 17_5, 17_4, 17_3, 17_2, 17_1], 18=[18_5, 18_4, 18_3, 18_2, 18_1], 19=[19_5, 19_4, 19_3, 19_2, 19_1], 1=[1_1, 1_2, 1_3, 1_4, 1_5, 1_6], 2=[2_1, 2_2, 2_3, 2_4], 3=[3_1, 3_2, 3_3, 3_4, 3_5], 4=[4_1, 4_2, 4_3, 4_4, 4_5], 5=[5_1, 5_2, 5_3, 5_4], 6=[6_1, 6_2, 6_3, 6_4], 7=[7_1, 7_2, 7_3, 7_4, 7_5, 7_6], 8=[8_1, 8_2, 8_3, 8_4], 9=[9_1, 9_2, 9_3, 9_4, 9_5], 20=[20_4, 20_3, 20_2, 20_1], 21=[21_3, 21_2, 21_1]}
Taxon occupancy: {14_3=8, 14_2=18, 14_1=75, 10_4=2, 10_3=5, 10_2=18, 10_1=77, 18_5=1, 18_4=3, 18_3=8, 18_2=21, 18_1=75, 14_4=4, 25_3=4, 25_2=20, 25_1=74, 21_3=2, 3_1=71, 21_2=17, 21_1=73, 3_2=23, 3_3=7, 3_4=2, 7_1=73, 3_5=1, 7_2=16, 7_3=2, 7_4=2, 7_5=2, 7_6=1, 25_5=1, 25_4=1, 13_4=2, 13_3=5, 13_2=19, 13_1=76, 17_6=1, 17_5=2, 17_4=2, 17_3=6, 17_2=19, 17_1=65, 24_3=2, 24_2=18, 24_1=73, 2_1=78, 20_4=1, 2_2=23, 20_3=3, 20_2=19, 2_3=11, 20_1=71, 2_4=3, 6_1=72, 6_2=23, 6_3=7, 6_4=3, 16_1=76, 12_5=2, 12_4=2, 12_3=9, 12_2=21, 12_1=72, 16_3=3, 16_2=23, 12_6=1, 23_4=1, 23_3=9, 1_1=78, 23_2=21, 23_1=80, 1_2=23, 1_3=9, 1_4=4, 5_1=66, 1_5=1, 5_2=19, 1_6=1, 5_3=5, 5_4=1, 9_1=71, 9_2=18, 9_3=4, 9_4=1, 9_5=1, 15_2=22, 15_1=75, 11_4=1, 11_3=5, 11_2=16, 11_1=72, 19_5=1, 19_4=2, 19_3=5, 19_2=19, 15_6=1, 19_1=73, 15_5=1, 15_4=2, 15_3=8, 22_4=2, 22_3=5, 22_2=18, 22_1=75, 4_1=73, 4_2=22, 4_3=7, 4_4=3, 8_1=78, 4_5=1, 8_2=22, 8_3=9, 8_4=4}
Number of gene trees: 100
100 trees have missing taxa
Calculating quartet distance matrix (for completion of X)
Species tree distances calculated ...
Will attempt to complete bipartitions from X before adding using a distance matrix.
Building set of clusters (X) from gene trees 
In second round sampling 4 rounds will be done
------------------------------
gradient0: 561
------------------------------
gradient1: 216
------------------------------
gradient2: 266
------------------------------
gradient3: 154
Number of Clusters after addition by distance: 1197
calculating extra bipartitions to be added at level 1 ...
Adding to X using resolutions of greedy consensus ...
Limit for sigma of degrees:675
polytomy size limit : 5
discarded polytomies:  [3, 4, 5]
Threshold 0.0:
Threshold 0.01:
Threshold 0.02:
Threshold 0.05:
Threshold 0.1:
Threshold 0.2:
polytomy of size 3; rounds with additions with at least 5 support: 0; clusters: 1197
Threshold 0.3333333333333333:
polytomy of size 5; rounds with additions with at least 5 support: 0; clusters: 1199
polytomy of size 4; rounds with additions with at least 5 support: 0; clusters: 1199
max k is :0
Number of Clusters after addition by greedy: 1199
gradient0 in heuristiic: 1199
calculating extra bipartitions to be added at level 1 ...
Adding to X using resolutions of greedy consensus ...
Limit for sigma of degrees:675
polytomy size limit : 3
discarded polytomies:  [3]
Threshold 0.0:
Threshold 0.01:
Threshold 0.02:
Threshold 0.05:
Threshold 0.1:
Threshold 0.2:
Threshold 0.3333333333333333:
polytomy of size 3; rounds with additions with at least 5 support: 0; clusters: 1199
max k is :0
Number of Clusters after addition by greedy: 1199
gradient1 in heuristiic: 0
calculating extra bipartitions to be added at level 1 ...
Adding to X using resolutions of greedy consensus ...
Limit for sigma of degrees:675
polytomy size limit : 10
discarded polytomies:  [3, 4, 10]
Threshold 0.0:
Threshold 0.01:
Threshold 0.02:
Threshold 0.05:
Threshold 0.1:
polytomy of size 3; rounds with additions with at least 5 support: 0; clusters: 1199
Threshold 0.2:
polytomy of size 4; rounds with additions with at least 5 support: 0; clusters: 1199
Threshold 0.3333333333333333:
polytomy of size 10; rounds with additions with at least 5 support: 0; clusters: 1201
max k is :0
Number of Clusters after addition by greedy: 1201
gradient2 in heuristiic: 2
calculating extra bipartitions to be added at level 1 ...
Adding to X using resolutions of greedy consensus ...
Limit for sigma of degrees:675
polytomy size limit : 3
discarded polytomies:  [3, 3]
Threshold 0.0:
Threshold 0.01:
Threshold 0.02:
Threshold 0.05:
Threshold 0.1:
Threshold 0.2:
Threshold 0.3333333333333333:
polytomy of size 3; rounds with additions with at least 5 support: 0; clusters: 1201
polytomy of size 3; rounds with additions with at least 5 support: 0; clusters: 1201
max k is :0
Number of Clusters after addition by greedy: 1201
gradient3 in heuristiic: 0
partitions formed in 11.045 secs
Dynamic Programming starting after 11.045 secs
Using tree-based weight calculation.
Using polytree-based weight calculation.
Polytree max score: 5131368
Polytree building time: 0.019 seconds.
Number of quartet trees in the gene trees: 5109485
Size of largest cluster: 113
Greedy score: 2356350
estimationFactor: 2.177676491183398
Sub-optimal score: 2426196
Total Number of elements weighted: 3727
Normalized score (portion of input quartet trees satisfied before correcting for multiple individuals): 0.5082341958142552
Optimization score: 2596815
Optimal tree inferred in 11.441 secs.
(16,((10,13),(11,((5,(9,(17,(12,(15,(3,6)))))),(((25,22),(23,(20,(21,24)))),((18,(2,(1,8))),(4,(7,(14,19)))))))));
Final quartet score is: 2798166
Final normalized quartet score is: 0.5476414942014705
You may want to ignore posterior probabilities and other statistics related to the following branch branch because the effective number of genes impacting it is only 12:
	{14}
You may want to ignore posterior probabilities and other statistics related to the following branch branch because the effective number of genes impacting it is only 9:
	{19}
You may want to ignore posterior probabilities and other statistics related to the following branch branch because the effective number of genes impacting it is only 6:
	{7}
You may want to ignore posterior probabilities and other statistics related to the following branch branch because the effective number of genes impacting it is only 11:
	{4}
You may want to ignore posterior probabilities and other statistics related to the following branch branch because the effective number of genes impacting it is only 10:
	{18}
You may want to ignore posterior probabilities and other statistics related to the following branch branch because the effective number of genes impacting it is only 15:
	{2}
You may want to ignore posterior probabilities and other statistics related to the following branch branch because the effective number of genes impacting it is only 10:
	{1}
You may want to ignore posterior probabilities and other statistics related to the following branch branch because the effective number of genes impacting it is only 14:
	{8}
You may want to ignore posterior probabilities and other statistics related to the following branch branch because the effective number of genes impacting it is only 9:
	{25}
You may want to ignore posterior probabilities and other statistics related to the following branch branch because the effective number of genes impacting it is only 10:
	{22}
You may want to ignore posterior probabilities and other statistics related to the following branch branch because the effective number of genes impacting it is only 12:
	{23}
You may want to ignore posterior probabilities and other statistics related to the following branch branch because the effective number of genes impacting it is only 9:
	{20}
You may want to ignore posterior probabilities and other statistics related to the following branch branch because the effective number of genes impacting it is only 12:
	{21}
You may want to ignore posterior probabilities and other statistics related to the following branch branch because the effective number of genes impacting it is only 12:
	{24}
You may want to ignore posterior probabilities and other statistics related to the following branch branch because the effective number of genes impacting it is only 11:
	{5}
You may want to ignore posterior probabilities and other statistics related to the following branch branch because the effective number of genes impacting it is only 7:
	{9}
You may want to ignore posterior probabilities and other statistics related to the following branch branch because the effective number of genes impacting it is only 8:
	{17}
You may want to ignore posterior probabilities and other statistics related to the following branch branch because the effective number of genes impacting it is only 9:
	{12}
You may want to ignore posterior probabilities and other statistics related to the following branch branch because the effective number of genes impacting it is only 9:
	{15}
You may want to ignore posterior probabilities and other statistics related to the following branch branch because the effective number of genes impacting it is only 11:
	{3}
You may want to ignore posterior probabilities and other statistics related to the following branch branch because the effective number of genes impacting it is only 13:
	{6}
You may want to ignore posterior probabilities and other statistics related to the following branch branch because the effective number of genes impacting it is only 9:
	{11}
You may want to ignore posterior probabilities and other statistics related to the following branch branch because the effective number of genes impacting it is only 10:
	{10}
You may want to ignore posterior probabilities and other statistics related to the following branch branch because the effective number of genes impacting it is only 11:
	{13}
You may want to ignore posterior probabilities and other statistics related to the following branch branch because the effective number of genes impacting it is only 15:
	{16}
((14_3,14_2,14_1,14_4)0.1:0.0,((19_5,19_4,19_3,19_2,19_1)0.2:0.0,((7_1,7_2,7_3,7_4,7_5,7_6)0.15:0.0,((4_1,4_2,4_3,4_4,4_5)0.6:0.13733256464005641,(((18_5,18_4,18_3,18_2,18_1)0.26:0.0,((2_1,2_2,2_3,2_4)0.07:0.0,((1_1,1_2,1_3,1_4,1_5,1_6)0.11:0.0,(8_1,8_2,8_3,8_4)0.08:0.0)0.44:0.03424220554052322)1:0.9287371294466403)1:0.4306478726120648,((((25_3,25_2,25_1,25_5,25_4)0.12:0.0,(22_4,22_3,22_2,22_1)0.08:0.0)1:2.1542016168889457,((23_4,23_3,23_2,23_1)0.74:0.2230628457266974,((20_4,20_3,20_2,20_1)0.56:0.11335907513249185,((21_3,21_2,21_1)0.09:0.0,(24_3,24_2,24_1)0.09:0.0)1:1.2522777417845332)1:0.7682782046980432)1:0.6572846946633563)1:0.6083776277425212,(((5_1,5_2,5_3,5_4)0.4:0.0082184130934035,((9_1,9_2,9_3,9_4,9_5)0.6:0.15160689378676007,((17_6,17_5,17_4,17_3,17_2,17_1)0.35:0.0,((12_5,12_4,12_3,12_2,12_1,12_6)0.29:0.0,((15_2,15_1,15_6,15_5,15_4,15_3)0.22:0.0,((3_1,3_2,3_3,3_4,3_5)0.09:0.0,(6_1,6_2,6_3,6_4)0.12:0.0)1:0.37553092745854805)0.64:0.07388770234062778)1:0.5594913307941342)1:0.6448260309837325)0:0.0)1:0.5353884212231879,((11_4,11_3,11_2,11_1)0.28:0.0,(((10_4,10_3,10_2,10_1)0.06:0.0,(13_4,13_3,13_2,13_1)0.07:0.0)1:1.7405129176250982,(16_1,16_3,16_2)0.26:0.0)1:0.39150932829223883)1:0.8139148184975632)1:0.3352767693488243)1:0.6683149490316145)1:0.2974730291340645)1:0.6074125585482881)0.22:0.0));
Weight calculation took 0.355993307 secs
ASTRAL finished in 11.607 secs
