
================== ASTRAL ===================== 

This is ASTRAL version 5.6.3
Gene trees are treated as unrooted
127 trees read from g_trees-raxml-sqlen-25-ngen-50.trees.tree
All output trees will be *arbitrarily* rooted at 15

======== Running the main analysis
Number of taxa: 25 (25 species)
Taxa: [15, 6, 5, 3, 12, 17, 11, 16, 9, 20, 23, 21, 24, 25, 22, 4, 14, 18, 2, 8, 1, 19, 7, 10, 13]
Taxon occupancy: {22=90, 23=70, 24=71, 25=92, 10=81, 11=72, 12=96, 13=81, 14=93, 15=100, 16=84, 17=58, 18=81, 19=100, 1=100, 2=98, 3=101, 4=96, 5=45, 6=98, 7=97, 8=100, 9=82, 20=56, 21=71}
Number of gene trees: 127
127 trees have missing taxa
Calculating quartet distance matrix (for completion of X)
Species tree distances calculated ...
Will attempt to complete bipartitions from X before adding using a distance matrix.
Building set of clusters (X) from gene trees 
------------------------------
gradient0: 661
Number of Clusters after addition by distance: 661
calculating extra bipartitions to be added at level 1 ...
Adding to X using resolutions of greedy consensus ...
Limit for sigma of degrees:675
polytomy size limit : 6
discarded polytomies:  [3, 6]
Threshold 0.0:
Threshold 0.01:
Threshold 0.02:
Threshold 0.05:
Threshold 0.1:
Threshold 0.2:
polytomy of size 3; rounds with additions with at least 5 support: 0; clusters: 661
Threshold 0.3333333333333333:
polytomy of size 6; rounds with additions with at least 5 support: 0; clusters: 661
max k is :0
Number of Clusters after addition by greedy: 661
gradient0 in heuristiic: 661
partitions formed in 0.327 secs
Dynamic Programming starting after 0.327 secs
Using tree-based weight calculation.
Using polytree-based weight calculation.
Polytree max score: 339054
Polytree building time: 0.024 seconds.
Number of quartet trees in the gene trees: 339054
Size of largest cluster: 25
Greedy score: 204044
estimationFactor: 1.6616710121346376
Sub-optimal score: 228979
Total Number of elements weighted: 1302
Normalized score (portion of input quartet trees satisfied before correcting for multiple individuals): 0.7166469058026155
Optimization score: 242982
Optimal tree inferred in 0.619 secs.
(1,(8,(2,((18,(4,(19,(14,7)))),(((25,22),(23,(20,(21,24)))),((9,(11,(16,(10,13)))),(17,(5,(12,(15,(6,3)))))))))));
Final quartet score is: 242982
Final normalized quartet score is: 0.7166469058026155
(15,((6,3)1:0.6347593701988923,(12,(5,(17,((9,(11,(16,(10,13)1:2.484906649788)1:0.952414741009107)1:1.2352206067971108)1:0.8710276102324419,(((25,22)1:1.8820821075213414,(23,(20,(21,24)1:1.885385729275543)1:0.5608836478604656)0.98:0.2948365871939218)1:0.4990892101408322,((18,(4,(19,(14,7)0.69:0.0913086235724477)1:0.5337792262682239)0.95:0.19800523856390678)0.27:0.05227062481498251,(2,(8,1)0.61:0.06617736127717105)1:1.5697928625606679)1:0.30334877674663036)0.69:0.11323345174662469)1:0.8076935974181394)0.89:0.2321403922182608)0.5:0.05698351754160119)1:0.33280082359405355));
Weight calculation took 0.203174763 secs
ASTRAL finished in 2.755 secs
