
================== ASTRAL ===================== 

This is ASTRAL version 5.6.3
Gene trees are treated as unrooted
1300 trees read from g_trees-raxml-sqlen-25-ngen-500.trees.tree
All output trees will be *arbitrarily* rooted at 15

======== Running the main analysis
Number of taxa: 25 (25 species)
Taxa: [15, 6, 5, 3, 12, 17, 11, 16, 9, 20, 23, 21, 24, 25, 22, 4, 14, 18, 2, 8, 1, 19, 7, 10, 13]
Taxon occupancy: {22=847, 23=838, 24=823, 25=862, 10=929, 11=887, 12=937, 13=921, 14=946, 15=862, 16=930, 17=849, 18=980, 19=968, 1=998, 2=977, 3=936, 4=886, 5=887, 6=928, 7=983, 8=1002, 9=906, 20=828, 21=853}
Number of gene trees: 1300
1290 trees have missing taxa
Calculating quartet distance matrix (for completion of X)
Species tree distances calculated ...
Will attempt to complete bipartitions from X before adding using a distance matrix.
Building set of clusters (X) from gene trees 
------------------------------
gradient0: 3151
Number of Clusters after addition by distance: 3151
calculating extra bipartitions to be added at level 1 ...
Adding to X using resolutions of greedy consensus ...
Limit for sigma of degrees:675
polytomy size limit : 3
discarded polytomies:  []
Threshold 0.0:
Threshold 0.01:
Threshold 0.02:
Threshold 0.05:
Threshold 0.1:
Threshold 0.2:
Threshold 0.3333333333333333:
max k is :0
Number of Clusters after addition by greedy: 3151
gradient0 in heuristiic: 3151
partitions formed in 0.781 secs
Dynamic Programming starting after 0.781 secs
Using tree-based weight calculation.
Using polytree-based weight calculation.
Polytree max score: 4429438
Polytree building time: 0.123 seconds.
Number of quartet trees in the gene trees: 4429438
Size of largest cluster: 25
Greedy score: 2810424
estimationFactor: 1.5760746421180576
Sub-optimal score: 3042386
Total Number of elements weighted: 16009
Normalized score (portion of input quartet trees satisfied before correcting for multiple individuals): 0.7417692718579648
Optimization score: 3285621
Optimal tree inferred in 11.12 secs.
(12,((15,(6,3)),((5,17),((9,(11,(16,(10,13)))),(((25,22),(23,(20,(21,24)))),((18,(2,(8,1))),(4,(19,(14,7)))))))));
Final quartet score is: 3285621
Final normalized quartet score is: 0.7417692718579648
(15,((6,3)1:0.4586403940403686,(((5,17)0.49:0.014102512213526468,((9,(11,(16,(10,13)1:3.027970624033181)1:0.34840452671028)1:0.3498502272291015)1:0.5229921877623489,(((25,22)1:2.1108381689069695,(23,(20,(21,24)1:1.9020084559883579)1:0.5724560824063639)1:0.40970827946679156)1:0.6671668595436374,((18,(2,(8,1)0.94:0.08685560006974845)1:0.8540096321833279)1:0.4764625990330622,(4,(19,(14,7)1:0.25168566934212333)1:0.4673248260424057)1:0.30170356960485767)1:0.5875714743929672)1:0.30111450648393157)1:0.6502630826080752)1:0.31980501847041704,12)1:0.2328690660560281));
Weight calculation took 10.041584331 secs
ASTRAL finished in 12.015 secs
