
================== ASTRAL ===================== 

This is ASTRAL version 5.6.3
Gene trees are treated as unrooted
124 trees read from g_trees-raxml-sqlen-0-ngen-50.trees.tree
All output trees will be *arbitrarily* rooted at 19

======== Running the main analysis
Number of taxa: 25 (25 species)
Taxa: [19, 14, 4, 2, 1, 8, 18, 9, 11, 16, 12, 15, 3, 6, 17, 5, 22, 25, 20, 24, 21, 23, 7, 10, 13]
Taxon occupancy: {22=105, 23=90, 24=91, 25=106, 10=96, 11=82, 12=105, 13=96, 14=113, 15=105, 16=97, 17=95, 18=99, 19=115, 1=114, 2=114, 3=110, 4=115, 5=83, 6=112, 7=114, 8=113, 9=90, 20=82, 21=91}
Number of gene trees: 124
105 trees have missing taxa
Calculating quartet distance matrix (for completion of X)
Species tree distances calculated ...
Will attempt to complete bipartitions from X before adding using a distance matrix.
Building set of clusters (X) from gene trees 
------------------------------
gradient0: 95
Number of Clusters after addition by distance: 95
calculating extra bipartitions to be added at level 1 ...
Adding to X using resolutions of greedy consensus ...
Limit for sigma of degrees:675
polytomy size limit : 3
discarded polytomies:  []
Threshold 0.0:
Threshold 0.01:
Threshold 0.02:
Threshold 0.05:
Threshold 0.1:
Threshold 0.2:
Threshold 0.3333333333333333:
max k is :0
Number of Clusters after addition by greedy: 95
gradient0 in heuristiic: 95
partitions formed in 0.16 secs
Dynamic Programming starting after 0.16 secs
Using tree-based weight calculation.
Using polytree-based weight calculation.
Polytree max score: 789001
Polytree building time: 0.018 seconds.
Number of quartet trees in the gene trees: 789001
Size of largest cluster: 25
Greedy score: 789001
estimationFactor: 1.0
Sub-optimal score: 789001
Total Number of elements weighted: 78
Normalized score (portion of input quartet trees satisfied before correcting for multiple individuals): 1.0
Optimization score: 789001
Optimal tree inferred in 0.241 secs.
(21,(24,(20,(23,((22,25),(((4,(19,(14,7))),(18,(2,(1,8)))),((9,(11,(16,(10,13)))),(5,(17,(12,(15,(3,6))))))))))));
Final quartet score is: 789001
Final normalized quartet score is: 1.0
(19,((14,7)1:4.276666119016051,(4,((18,(2,(1,8)1:4.330733340286328)1:4.169245870395222)1:4.158883083359675,(((9,(11,(16,(10,13)1:4.137829674161844)1:3.9120230054281477)1:3.8985999850960074)1:3.9765615265657206,(5,(17,(12,(15,(3,6)1:4.238925791033211)1:4.1896547420264305)1:4.071871706370043)1:3.884994333040223)1:3.9765615265657206)1:4.137829674161844,((22,25)1:4.094344562222104,(23,(20,(24,21)1:3.9765615265657206)1:3.925268232178164)1:3.951243718581431)1:4.037186148382156)1:4.257973986003903)1:4.3040650932041675)1:4.276666119016051));
Weight calculation took 0.01943784 secs
ASTRAL finished in 1.648 secs
