
================== ASTRAL ===================== 

This is ASTRAL version 5.6.3
Gene trees are treated as unrooted
350 trees read from g_trees-raxml-sqlen-250-ngen-100.trees.tree
All output trees will be *arbitrarily* rooted at 22

======== Running the main analysis
Number of taxa: 25 (25 species)
Taxa: [22, 25, 21, 20, 24, 23, 9, 16, 11, 12, 15, 6, 3, 17, 5, 18, 8, 2, 1, 4, 14, 19, 7, 13, 10]
Taxon occupancy: {22=259, 23=257, 24=262, 25=264, 10=285, 11=262, 12=250, 13=281, 14=284, 15=260, 16=267, 17=237, 18=285, 19=272, 1=294, 2=296, 3=248, 4=284, 5=250, 6=256, 7=261, 8=293, 9=256, 20=243, 21=262}
Number of gene trees: 350
334 trees have missing taxa
Calculating quartet distance matrix (for completion of X)
Species tree distances calculated ...
Will attempt to complete bipartitions from X before adding using a distance matrix.
Building set of clusters (X) from gene trees 
------------------------------
gradient0: 273
Number of Clusters after addition by distance: 273
calculating extra bipartitions to be added at level 1 ...
Adding to X using resolutions of greedy consensus ...
Limit for sigma of degrees:675
polytomy size limit : 3
discarded polytomies:  []
Threshold 0.0:
Threshold 0.01:
Threshold 0.02:
Threshold 0.05:
Threshold 0.1:
Threshold 0.2:
Threshold 0.3333333333333333:
max k is :0
Number of Clusters after addition by greedy: 273
gradient0 in heuristiic: 273
partitions formed in 0.263 secs
Dynamic Programming starting after 0.263 secs
Using tree-based weight calculation.
Using polytree-based weight calculation.
Polytree max score: 1700811
Polytree building time: 0.043 seconds.
Number of quartet trees in the gene trees: 1700811
Size of largest cluster: 25
Greedy score: 1626748
estimationFactor: 1.0455282563740664
Sub-optimal score: 1626748
Total Number of elements weighted: 300
Normalized score (portion of input quartet trees satisfied before correcting for multiple individuals): 0.9564543032706162
Optimization score: 1626748
Optimal tree inferred in 0.457 secs.
(24,(21,(20,(23,((22,25),(((18,(2,(8,1))),(4,(7,(14,19)))),((9,(11,(16,(13,10)))),((17,5),(12,(15,(6,3)))))))))));
Final quartet score is: 1626748
Final normalized quartet score is: 0.9564543032706162
(22,(25,((((18,(2,(8,1)1:0.3596024184587049)1:2.7870517842673377)1:1.899667949611045,(4,(7,(14,19)1:0.2813942336342513)1:1.5461430620617864)1:1.1876236663244062)1:4.340899343250031,((9,(11,(16,(13,10)1:3.75510468010547)1:2.3120638369485897)1:3.560098664248013)1:1.684184075793327,((17,5)0.38:0.14305178675920932,(12,(15,(6,3)1:2.2328011865284703)1:2.0193206317508583)1:2.5301632413761217)1:3.4258489183844025)1:0.9437733775679873)1:4.364327057574478,(23,(20,(21,24)1:3.9426599748900317)1:2.2891620726619055)1:2.11021320034659)1:1.3452863373925137));
Weight calculation took 0.109303429 secs
ASTRAL finished in 0.671 secs
