
================== ASTRAL ===================== 

This is ASTRAL version 5.6.3
Gene trees are treated as unrooted
1699 trees read from g_trees-raxml-sqlen-100-ngen-500.trees.tree
All output trees will be *arbitrarily* rooted at 23

======== Running the main analysis
Number of taxa: 25 (25 species)
Taxa: [23, 21, 20, 24, 25, 22, 16, 9, 11, 5, 3, 15, 17, 6, 12, 18, 8, 1, 2, 14, 4, 19, 7, 10, 13]
Taxon occupancy: {22=1163, 23=1165, 24=1210, 25=1166, 10=1201, 11=1227, 12=1264, 13=1190, 14=1296, 15=1264, 16=1233, 17=1290, 18=1350, 19=1291, 1=1340, 2=1328, 3=1283, 4=1326, 5=1303, 6=1255, 7=1289, 8=1357, 9=1239, 20=1183, 21=1232}
Number of gene trees: 1699
1663 trees have missing taxa
Calculating quartet distance matrix (for completion of X)
Species tree distances calculated ...
Will attempt to complete bipartitions from X before adding using a distance matrix.
Building set of clusters (X) from gene trees 
------------------------------
gradient0: 857
Number of Clusters after addition by distance: 857
calculating extra bipartitions to be added at level 1 ...
Adding to X using resolutions of greedy consensus ...
Limit for sigma of degrees:675
polytomy size limit : 3
discarded polytomies:  []
Threshold 0.0:
Threshold 0.01:
Threshold 0.02:
Threshold 0.05:
Threshold 0.1:
Threshold 0.2:
Threshold 0.3333333333333333:
max k is :0
Number of Clusters after addition by greedy: 857
gradient0 in heuristiic: 857
partitions formed in 0.705 secs
Dynamic Programming starting after 0.705 secs
Using tree-based weight calculation.
Using polytree-based weight calculation.
Polytree max score: 7262904
Polytree building time: 0.119 seconds.
Number of quartet trees in the gene trees: 7262904
Size of largest cluster: 25
Greedy score: 6216596
estimationFactor: 1.1683088301057363
Sub-optimal score: 6482920
Total Number of elements weighted: 1886
Normalized score (portion of input quartet trees satisfied before correcting for multiple individuals): 0.8926071444700356
Optimization score: 6482920
Optimal tree inferred in 2.364 secs.
(4,((7,(14,19)),((18,(2,(8,1))),(((25,22),(23,(20,(21,24)))),((9,(11,(16,(10,13)))),(5,(17,(12,(15,(3,6))))))))));
Final quartet score is: 6482920
Final normalized quartet score is: 0.8926071444700356
(23,((20,(21,24)1:2.1127654574766876)1:1.313800366523295,((25,22)1:2.8078470963655575,(((9,(11,(16,(10,13)1:3.5300280872526013)1:1.0048910852883093)1:1.5407050781772846)1:1.1457164844619043,(5,(17,(12,(15,(3,6)1:0.9420528600691408)1:1.1283602871429912)1:0.8721707143153729)1:0.19281581773952627)1:1.9416234535468633)1:0.5630920661375045,((18,(2,(8,1)1:0.24870930466943114)1:1.9939239975108183)1:1.3508155148002874,((7,(14,19)0.59:0.01665514491202414)1:0.8619986843506874,4)1:0.6156300553319843)1:1.532671533486749)1:1.2008774350342197)1:1.8123787564307876));
Weight calculation took 1.453036837 secs
ASTRAL finished in 2.925 secs
