
================== ASTRAL ===================== 

This is ASTRAL version 5.6.3
Gene trees are treated as unrooted
93 trees read from g_trees-raxml-sqlen-50-ngen-25.trees.tree
All output trees will be *arbitrarily* rooted at 20

======== Running the main analysis
Number of taxa: 25 (25 species)
Taxa: [20, 24, 23, 21, 25, 22, 17, 12, 3, 6, 15, 5, 9, 16, 11, 4, 14, 2, 8, 1, 18, 19, 7, 13, 10]
Taxon occupancy: {22=57, 23=62, 24=74, 25=57, 10=57, 11=73, 12=59, 13=57, 14=84, 15=63, 16=62, 17=70, 18=74, 19=78, 1=79, 2=79, 3=79, 4=75, 5=57, 6=78, 7=82, 8=79, 9=78, 20=72, 21=74}
Number of gene trees: 93
88 trees have missing taxa
Calculating quartet distance matrix (for completion of X)
Species tree distances calculated ...
Will attempt to complete bipartitions from X before adding using a distance matrix.
Building set of clusters (X) from gene trees 
------------------------------
gradient0: 347
Number of Clusters after addition by distance: 347
calculating extra bipartitions to be added at level 1 ...
Adding to X using resolutions of greedy consensus ...
Limit for sigma of degrees:675
polytomy size limit : 3
discarded polytomies:  []
Threshold 0.0:
Threshold 0.01:
Threshold 0.02:
Threshold 0.05:
Threshold 0.1:
Threshold 0.2:
Threshold 0.3333333333333333:
max k is :0
Number of Clusters after addition by greedy: 347
gradient0 in heuristiic: 347
partitions formed in 0.143 secs
Dynamic Programming starting after 0.143 secs
Using tree-based weight calculation.
Using polytree-based weight calculation.
Polytree max score: 434371
Polytree building time: 0.016 seconds.
Number of quartet trees in the gene trees: 434371
Size of largest cluster: 25
Greedy score: 333060
estimationFactor: 1.3041824295922657
Sub-optimal score: 333060
Total Number of elements weighted: 493
Normalized score (portion of input quartet trees satisfied before correcting for multiple individuals): 0.8074779393651971
Optimization score: 350745
Optimal tree inferred in 0.242 secs.
(18,((1,(2,8)),(4,((14,(19,7)),(((25,22),(23,(20,(24,21)))),((11,(16,(13,10))),(9,(17,(5,(12,(15,(3,6))))))))))));
Final quartet score is: 350745
Final normalized quartet score is: 0.8074779393651971
(20,((24,21)1:1.1947614553726988,(23,((25,22)1:3.654977902438253,(((11,(16,(13,10)1:3.486355190002461)1:0.9516746590690695)1:2.1194509255404763,(9,(17,(5,(12,(15,(3,6)1:0.6511829814609134)0.99:0.32367551763798175)1:0.4851236876855887)1:0.3668557689130466)1:0.7833390619949582)1:0.458276288836896)1:0.3670610003079248,((14,(19,7)0.6:0.06193644770378114)1:0.35317965901008996,(4,((1,(2,8)1:0.6404619206098219)0.99:0.3605665789628042,18)1:1.0492562293174974)1:0.3775057964703476)1:1.7006978639394024)1:0.5129537369334841)1:0.5997952939170156)1:1.6347557204183902));
Weight calculation took 0.049567578 secs
ASTRAL finished in 0.346 secs
