
================== ASTRAL ===================== 

This is ASTRAL version 5.6.3
Gene trees are treated as unrooted
243 trees read from g_trees-raxml-sqlen-0-ngen-100.trees.tree
All output trees will be *arbitrarily* rooted at 19

======== Running the main analysis
Number of taxa: 25 (25 species)
Taxa: [19, 14, 4, 2, 1, 8, 18, 9, 11, 16, 12, 15, 3, 6, 17, 5, 22, 25, 20, 24, 21, 23, 7, 10, 13]
Taxon occupancy: {22=192, 23=171, 24=167, 25=193, 10=203, 11=169, 12=196, 13=198, 14=211, 15=204, 16=203, 17=179, 18=199, 19=204, 1=219, 2=220, 3=198, 4=201, 5=176, 6=203, 7=202, 8=218, 9=172, 20=157, 21=167}
Number of gene trees: 243
223 trees have missing taxa
Calculating quartet distance matrix (for completion of X)
Species tree distances calculated ...
Will attempt to complete bipartitions from X before adding using a distance matrix.
Building set of clusters (X) from gene trees 
------------------------------
gradient0: 95
Number of Clusters after addition by distance: 95
calculating extra bipartitions to be added at level 1 ...
Adding to X using resolutions of greedy consensus ...
Limit for sigma of degrees:675
polytomy size limit : 3
discarded polytomies:  []
Threshold 0.0:
Threshold 0.01:
Threshold 0.02:
Threshold 0.05:
Threshold 0.1:
Threshold 0.2:
Threshold 0.3333333333333333:
max k is :0
Number of Clusters after addition by greedy: 95
gradient0 in heuristiic: 95
partitions formed in 0.186 secs
Dynamic Programming starting after 0.186 secs
Using tree-based weight calculation.
Using polytree-based weight calculation.
Polytree max score: 1363364
Polytree building time: 0.028 seconds.
Number of quartet trees in the gene trees: 1363364
Size of largest cluster: 25
Greedy score: 1363364
estimationFactor: 1.0
Sub-optimal score: 1363364
Total Number of elements weighted: 78
Normalized score (portion of input quartet trees satisfied before correcting for multiple individuals): 1.0
Optimization score: 1363364
Optimal tree inferred in 0.279 secs.
(21,(24,(20,(23,((22,25),(((4,(19,(14,7))),(18,(2,(1,8)))),((9,(11,(16,(10,13)))),(5,(17,(12,(15,(3,6))))))))))));
Final quartet score is: 1363364
Final normalized quartet score is: 1.0
(19,((14,7)1:4.825643508746419,(4,((18,(2,(1,8)1:4.983606621708324)1:4.862393050955167)1:4.825643508746419,(((9,(11,(16,(10,13)1:4.836281906951467)1:4.6379600088110795)1:4.5849674786705705)1:4.591747165655945,(5,(17,(12,(15,(3,6)1:4.809470649500817)1:4.825643508746419)1:4.6821312271242155)1:4.591747165655945)1:4.730333328942101)1:4.747826486389606,((22,25)1:4.591747165655945,(23,(20,(24,21)1:4.605170185988085)1:4.543294782270002)1:4.499809670330263)1:4.507189777627891)1:4.872649551122363)1:4.867534450455586)1:4.8148907169701705));
Weight calculation took 0.024971627 secs
ASTRAL finished in 0.636 secs
