
================== ASTRAL ===================== 

This is ASTRAL version 5.6.3
Gene trees are treated as unrooted
100 trees read from g_trees-raxml-sqlen-250-ngen-100-s2g.trees
All output trees will be *arbitrarily* rooted at 14

======== Running the main analysis
Number of taxa: 93 (25 species)
Taxa: {22=[22_4, 22_3, 22_2, 22_1], 23=[23_4, 23_3, 23_2, 23_1], 24=[24_4, 24_3, 24_2, 24_1], 25=[25_3, 25_2, 25_1, 25_5, 25_4], 10=[10_3, 10_2, 10_1], 11=[11_3, 11_2, 11_1], 12=[12_3, 12_2, 12_1], 13=[13_3, 13_2, 13_1], 14=[14_3, 14_2, 14_1, 14_5, 14_4], 15=[15_2, 15_1, 15_3], 16=[16_1, 16_4, 16_3, 16_2], 17=[17_5, 17_4, 17_3, 17_2, 17_1], 18=[18_4, 18_3, 18_2, 18_1], 19=[19_4, 19_3, 19_2, 19_1], 1=[1_1, 1_2, 1_3], 2=[2_1, 2_2, 2_3, 2_4], 3=[3_1, 3_2, 3_3, 3_4], 4=[4_1, 4_2, 4_3], 5=[5_1, 5_2, 5_3], 6=[6_1, 6_2, 6_3, 6_4], 7=[7_1, 7_2, 7_3, 7_4], 8=[8_1, 8_2, 8_3], 9=[9_1, 9_2, 9_3], 20=[20_4, 20_3, 20_2, 20_1], 21=[21_4, 21_3, 21_2, 21_1]}
Taxon occupancy: {16_1=80, 14_3=2, 14_2=18, 14_1=82, 12_3=3, 12_2=17, 12_1=80, 10_3=1, 10_2=16, 10_1=82, 18_4=1, 18_3=6, 18_2=19, 16_4=5, 18_1=79, 16_3=10, 14_5=1, 16_2=22, 14_4=1, 25_3=6, 25_2=17, 23_4=3, 25_1=77, 23_3=9, 23_2=24, 1_1=80, 21_4=5, 23_1=80, 21_3=8, 1_2=17, 3_1=80, 21_2=24, 1_3=1, 21_1=81, 3_2=17, 5_1=80, 3_3=6, 5_2=17, 3_4=2, 7_1=80, 5_3=1, 7_2=19, 9_1=78, 7_3=6, 9_2=19, 7_4=1, 9_3=1, 25_5=1, 25_4=1, 15_2=17, 15_1=74, 13_3=3, 13_2=16, 13_1=83, 11_3=2, 11_2=19, 11_1=82, 19_4=1, 19_3=6, 17_5=1, 19_2=21, 17_4=1, 19_1=77, 17_3=6, 17_2=17, 17_1=77, 15_3=5, 24_4=3, 24_3=8, 24_2=23, 22_4=3, 24_1=79, 22_3=8, 2_1=75, 22_2=21, 20_4=4, 22_1=76, 2_2=19, 20_3=10, 4_1=86, 20_2=22, 2_3=4, 20_1=77, 4_2=19, 2_4=1, 6_1=80, 4_3=1, 6_2=18, 8_1=81, 6_3=6, 8_2=21, 6_4=1, 8_3=2}
Number of gene trees: 100
100 trees have missing taxa
Calculating quartet distance matrix (for completion of X)
Species tree distances calculated ...
Will attempt to complete bipartitions from X before adding using a distance matrix.
Building set of clusters (X) from gene trees 
In second round sampling 3 rounds will be done
------------------------------
gradient0: 307
------------------------------
gradient1: 64
------------------------------
gradient2: 46
Number of Clusters after addition by distance: 417
calculating extra bipartitions to be added at level 1 ...
Adding to X using resolutions of greedy consensus ...
Limit for sigma of degrees:675
polytomy size limit : 3
discarded polytomies:  []
Threshold 0.0:
Threshold 0.01:
Threshold 0.02:
Threshold 0.05:
Threshold 0.1:
Threshold 0.2:
Threshold 0.3333333333333333:
max k is :0
Number of Clusters after addition by greedy: 417
gradient0 in heuristiic: 417
calculating extra bipartitions to be added at level 1 ...
Adding to X using resolutions of greedy consensus ...
Limit for sigma of degrees:675
polytomy size limit : 3
discarded polytomies:  []
Threshold 0.0:
Threshold 0.01:
Threshold 0.02:
Threshold 0.05:
Threshold 0.1:
Threshold 0.2:
Threshold 0.3333333333333333:
max k is :0
Number of Clusters after addition by greedy: 417
gradient1 in heuristiic: 0
calculating extra bipartitions to be added at level 1 ...
Adding to X using resolutions of greedy consensus ...
Limit for sigma of degrees:675
polytomy size limit : 3
discarded polytomies:  []
Threshold 0.0:
Threshold 0.01:
Threshold 0.02:
Threshold 0.05:
Threshold 0.1:
Threshold 0.2:
Threshold 0.3333333333333333:
max k is :0
Number of Clusters after addition by greedy: 417
gradient2 in heuristiic: 0
partitions formed in 7.793 secs
Dynamic Programming starting after 7.793 secs
Using tree-based weight calculation.
Using polytree-based weight calculation.
Polytree max score: 3362017
Polytree building time: 0.026 seconds.
Number of quartet trees in the gene trees: 3353128
Size of largest cluster: 93
Greedy score: 2093983
estimationFactor: 1.6055604067558316
Sub-optimal score: 2187012
Total Number of elements weighted: 915
Normalized score (portion of input quartet trees satisfied before correcting for multiple individuals): 0.6572124595303251
Optimization score: 2203717
Optimal tree inferred in 8.067 secs.
(1,(5,(9,(((12,11),(14,(10,13))),(((2,8),(7,6)),((4,(3,15)),((25,17),((18,19),((22,20),(21,(16,(23,24))))))))))));
Final quartet score is: 2312536
Final normalized quartet score is: 0.6896652916321715
You may want to ignore posterior probabilities and other statistics related to the following branch branch because the effective number of genes impacting it is only 8:
	{14}
You may want to ignore posterior probabilities and other statistics related to the following branch branch because the effective number of genes impacting it is only 11:
	{10}
You may want to ignore posterior probabilities and other statistics related to the following branch branch because the effective number of genes impacting it is only 11:
	{13}
You may want to ignore posterior probabilities and other statistics related to the following branch branch because the effective number of genes impacting it is only 12:
	{12}
You may want to ignore posterior probabilities and other statistics related to the following branch branch because the effective number of genes impacting it is only 13:
	{11}
You may want to ignore posterior probabilities and other statistics related to the following branch branch because the effective number of genes impacting it is only 10:
	{2}
You may want to ignore posterior probabilities and other statistics related to the following branch branch because the effective number of genes impacting it is only 12:
	{8}
You may want to ignore posterior probabilities and other statistics related to the following branch branch because the effective number of genes impacting it is only 11:
	{7}
You may want to ignore posterior probabilities and other statistics related to the following branch branch because the effective number of genes impacting it is only 10:
	{6}
You may want to ignore posterior probabilities and other statistics related to the following branch branch because the effective number of genes impacting it is only 13:
	{4}
You may want to ignore posterior probabilities and other statistics related to the following branch branch because the effective number of genes impacting it is only 10:
	{3}
You may want to ignore posterior probabilities and other statistics related to the following branch branch because the effective number of genes impacting it is only 13:
	{15}
You may want to ignore posterior probabilities and other statistics related to the following branch branch because the effective number of genes impacting it is only 8:
	{25}
You may want to ignore posterior probabilities and other statistics related to the following branch branch because the effective number of genes impacting it is only 8:
	{17}
You may want to ignore posterior probabilities and other statistics related to the following branch branch because the effective number of genes impacting it is only 11:
	{18}
You may want to ignore posterior probabilities and other statistics related to the following branch branch because the effective number of genes impacting it is only 12:
	{19}
You may want to ignore posterior probabilities and other statistics related to the following branch branch because the effective number of genes impacting it is only 13:
	{22}
You may want to ignore posterior probabilities and other statistics related to the following branch branch because the effective number of genes impacting it is only 14:
	{20}
You may want to ignore posterior probabilities and other statistics related to the following branch branch because the effective number of genes impacting it is only 15:
	{21}
You may want to ignore posterior probabilities and other statistics related to the following branch branch because the effective number of genes impacting it is only 14:
	{16}
You may want to ignore posterior probabilities and other statistics related to the following branch branch because the effective number of genes impacting it is only 15:
	{23}
You may want to ignore posterior probabilities and other statistics related to the following branch branch because the effective number of genes impacting it is only 14:
	{24}
You may want to ignore posterior probabilities and other statistics related to the following branch branch because the effective number of genes impacting it is only 13:
	{9}
You may want to ignore posterior probabilities and other statistics related to the following branch branch because the effective number of genes impacting it is only 11:
	{5}
You may want to ignore posterior probabilities and other statistics related to the following branch branch because the effective number of genes impacting it is only 11:
	{1}
((14_3,14_2,14_1,14_5,14_4)0.22:0.0,(((10_3,10_2,10_1)0.18:0.0,(13_3,13_2,13_1)0.17:0.0)0.95:0.19156818280522875,(((12_3,12_2,12_1)0.46:0.04288735354139031,(11_3,11_2,11_1)0.26:0.0)1:1.855293221837573,(((((2_1,2_2,2_3,2_4)0.39:0.0,(8_1,8_2,8_3)0.27:0.0)1:0.3183788880649935,((7_1,7_2,7_3,7_4)0.08:0.0,(6_1,6_2,6_3,6_4)0.06:0.0)1:1.9193490323640496)0.99:0.2469063516904673,(((4_1,4_2,4_3)0.89:0.3505819666547793,((3_1,3_2,3_3,3_4)0.17:0.0,(15_2,15_1,15_3)0.16:0.0)1:1.9533570153263513)1:0.8953727305262297,(((25_3,25_2,25_1,25_5,25_4)0.08:0.0,(17_5,17_4,17_3,17_2,17_1)0.08:0.0)1:2.008563976926352,(((18_4,18_3,18_2,18_1)0.08:0.0,(19_4,19_3,19_2,19_1)0.07:0.0)1:1.5031637580525798,(((22_4,22_3,22_2,22_1)0.27:0.0,(20_4,20_3,20_2,20_1)0.22:0.0)1:0.5408604185010943,((21_4,21_3,21_2,21_1)0.13:0.0,((16_1,16_4,16_3,16_2)0.15:0.0,((23_4,23_3,23_2,23_1)0.17:0.0,(24_4,24_3,24_2,24_1)0.11:0.0)1:1.3339343053000734)1:0.7036364975828343)1:1.0094135270002702)1:0.9788782620229042)1:0.3412080464484019)1:3.1832550804637902)1:1.5121052432091324)1:0.7369045347542219,((9_1,9_2,9_3)0.08:0.0,((5_1,5_2,5_3)0.06:0.0,(1_1,1_2,1_3)0.05:0.0)1:0.5154660033224929)1:2.1715383521684637)0.95:0.18491232034260668)1:1.3989568769649676));
Weight calculation took 0.261736699 secs
ASTRAL finished in 8.272 secs
