
================== ASTRAL ===================== 

This is ASTRAL version 5.6.3
Gene trees are treated as unrooted
500 trees read from g_trees-raxml-sqlen-0-ngen-500-s2g.trees
All output trees will be *arbitrarily* rooted at 14

======== Running the main analysis
Number of taxa: 134 (25 species)
Taxa: {22=[22_5, 22_4, 22_3, 22_2, 22_1], 23=[23_5, 23_4, 23_3, 23_2, 23_1], 24=[24_4, 24_3, 24_2, 24_1, 24_5], 25=[25_3, 25_2, 25_1, 25_5, 25_4], 10=[10_6, 10_5, 10_4, 10_3, 10_2, 10_1], 11=[11_5, 11_4, 11_3, 11_2, 11_1], 12=[12_5, 12_4, 12_3, 12_2, 12_1, 12_6], 13=[13_4, 13_3, 13_2, 13_1, 13_7, 13_6, 13_5], 14=[14_3, 14_2, 14_1, 14_6, 14_5, 14_4], 15=[15_2, 15_1, 15_4, 15_3], 16=[16_1, 16_5, 16_4, 16_3, 16_2], 17=[17_5, 17_4, 17_3, 17_2, 17_1], 18=[18_4, 18_3, 18_2, 18_1], 19=[19_4, 19_3, 19_2, 19_1], 1=[1_1, 1_2, 1_3, 1_4, 1_5, 1_6], 2=[2_1, 2_2, 2_3, 2_4, 2_5, 2_6], 3=[3_1, 3_2, 3_3, 3_4], 4=[4_1, 4_2, 4_3, 4_4, 4_5, 4_6], 5=[5_1, 5_2, 5_3, 5_4, 5_5, 5_6], 6=[6_1, 6_2, 6_3, 6_4, 6_5, 6_6], 7=[7_1, 7_2, 7_3, 7_4, 7_5, 7_6], 8=[8_1, 8_2, 8_3, 8_4, 8_5, 8_6, 8_7], 9=[9_1, 9_2, 9_3, 9_4, 9_5, 9_6], 20=[20_5, 20_4, 20_3, 20_2, 20_1], 21=[21_4, 21_3, 21_2, 21_1]}
Taxon occupancy: {14_3=24, 14_2=88, 10_6=1, 14_1=384, 10_5=2, 10_4=5, 10_3=18, 10_2=83, 10_1=383, 18_4=2, 18_3=33, 18_2=104, 14_6=1, 18_1=378, 14_5=5, 14_4=7, 25_3=28, 25_2=101, 25_1=367, 21_4=8, 21_3=32, 3_1=371, 21_2=112, 21_1=388, 3_2=95, 3_3=22, 3_4=8, 7_1=374, 7_2=84, 7_3=27, 7_4=5, 7_5=1, 25_5=1, 7_6=1, 25_4=6, 13_4=7, 13_3=26, 13_2=88, 13_1=381, 17_5=1, 17_4=6, 17_3=28, 13_7=1, 17_2=101, 13_6=1, 17_1=367, 13_5=3, 24_4=9, 24_3=30, 24_2=125, 24_1=391, 20_5=1, 2_1=368, 20_4=9, 2_2=83, 20_3=33, 20_2=114, 2_3=23, 20_1=387, 2_4=7, 6_1=376, 2_5=4, 6_2=85, 2_6=1, 6_3=29, 6_4=4, 6_5=1, 6_6=1, 24_5=1, 16_1=397, 12_5=3, 12_4=7, 12_3=20, 12_2=83, 12_1=378, 16_5=5, 16_4=11, 16_3=34, 16_2=123, 12_6=1, 23_5=2, 23_4=7, 23_3=36, 1_1=374, 23_2=125, 23_1=387, 1_2=83, 1_3=20, 1_4=6, 5_1=375, 1_5=2, 5_2=82, 1_6=1, 5_3=17, 5_4=7, 9_1=377, 5_5=3, 9_2=82, 5_6=1, 9_3=20, 9_4=6, 9_5=2, 9_6=2, 15_2=87, 15_1=367, 11_5=1, 11_4=5, 11_3=19, 11_2=92, 11_1=382, 19_4=4, 19_3=28, 19_2=109, 19_1=375, 15_4=7, 15_3=21, 22_5=1, 22_4=10, 22_3=27, 22_2=113, 22_1=380, 4_1=357, 4_2=87, 4_3=16, 4_4=4, 8_1=372, 4_5=2, 8_2=96, 4_6=1, 8_3=23, 8_4=4, 8_5=1, 8_6=1, 8_7=1}
Number of gene trees: 500
500 trees have missing taxa
Calculating quartet distance matrix (for completion of X)
Species tree distances calculated ...
Will attempt to complete bipartitions from X before adding using a distance matrix.
Building set of clusters (X) from gene trees 
In second round sampling 4 rounds will be done
------------------------------
gradient0: 467
------------------------------
gradient1: 152
------------------------------
gradient2: 120
------------------------------
gradient3: 114
Number of Clusters after addition by distance: 853
calculating extra bipartitions to be added at level 1 ...
Adding to X using resolutions of greedy consensus ...
Limit for sigma of degrees:675
polytomy size limit : 3
discarded polytomies:  [3, 3, 3, 3, 3, 3, 3]
Threshold 0.0:
Threshold 0.01:
polytomy of size 3; rounds with additions with at least 5 support: 0; clusters: 853
Threshold 0.02:
polytomy of size 3; rounds with additions with at least 5 support: 0; clusters: 853
Threshold 0.05:
polytomy of size 3; rounds with additions with at least 5 support: 0; clusters: 853
Threshold 0.1:
polytomy of size 3; rounds with additions with at least 5 support: 0; clusters: 853
Threshold 0.2:
polytomy of size 3; rounds with additions with at least 5 support: 0; clusters: 853
Threshold 0.3333333333333333:
polytomy of size 3; rounds with additions with at least 5 support: 0; clusters: 853
polytomy of size 3; rounds with additions with at least 5 support: 0; clusters: 853
max k is :0
Number of Clusters after addition by greedy: 853
gradient0 in heuristiic: 853
calculating extra bipartitions to be added at level 1 ...
Adding to X using resolutions of greedy consensus ...
Limit for sigma of degrees:675
polytomy size limit : 3
discarded polytomies:  [3]
Threshold 0.0:
Threshold 0.01:
Threshold 0.02:
Threshold 0.05:
Threshold 0.1:
Threshold 0.2:
Threshold 0.3333333333333333:
polytomy of size 3; rounds with additions with at least 5 support: 0; clusters: 853
max k is :0
Number of Clusters after addition by greedy: 853
gradient1 in heuristiic: 0
calculating extra bipartitions to be added at level 1 ...
Adding to X using resolutions of greedy consensus ...
Limit for sigma of degrees:675
polytomy size limit : 4
discarded polytomies:  [3, 3, 3, 3, 3, 3, 4]
Threshold 0.0:
Threshold 0.01:
polytomy of size 3; rounds with additions with at least 5 support: 0; clusters: 853
Threshold 0.02:
polytomy of size 3; rounds with additions with at least 5 support: 0; clusters: 853
Threshold 0.05:
polytomy of size 3; rounds with additions with at least 5 support: 0; clusters: 853
Threshold 0.1:
polytomy of size 3; rounds with additions with at least 5 support: 0; clusters: 853
Threshold 0.2:
polytomy of size 3; rounds with additions with at least 5 support: 0; clusters: 853
Threshold 0.3333333333333333:
polytomy of size 3; rounds with additions with at least 5 support: 0; clusters: 853
polytomy of size 4; rounds with additions with at least 5 support: 0; clusters: 853
max k is :0
Number of Clusters after addition by greedy: 853
gradient2 in heuristiic: 0
calculating extra bipartitions to be added at level 1 ...
Adding to X using resolutions of greedy consensus ...
Limit for sigma of degrees:675
polytomy size limit : 3
discarded polytomies:  [3, 3, 3, 3, 3, 3]
Threshold 0.0:
Threshold 0.01:
polytomy of size 3; rounds with additions with at least 5 support: 0; clusters: 853
Threshold 0.02:
polytomy of size 3; rounds with additions with at least 5 support: 0; clusters: 853
Threshold 0.05:
polytomy of size 3; rounds with additions with at least 5 support: 0; clusters: 853
Threshold 0.1:
polytomy of size 3; rounds with additions with at least 5 support: 0; clusters: 853
Threshold 0.2:
polytomy of size 3; rounds with additions with at least 5 support: 0; clusters: 853
Threshold 0.3333333333333333:
polytomy of size 3; rounds with additions with at least 5 support: 0; clusters: 853
max k is :0
Number of Clusters after addition by greedy: 853
gradient3 in heuristiic: 0
partitions formed in 62.308 secs
Dynamic Programming starting after 62.308 secs
Using tree-based weight calculation.
Using polytree-based weight calculation.
Polytree max score: 20261426
Polytree building time: 0.054 seconds.
Number of quartet trees in the gene trees: 20190230
Size of largest cluster: 134
Greedy score: 11005045
estimationFactor: 1.8411033375554877
Sub-optimal score: 12479197
Total Number of elements weighted: 2578
Normalized score (portion of input quartet trees satisfied before correcting for multiple individuals): 0.6343282122095687
Optimization score: 12807232
Optimal tree inferred in 63.463 secs.
(19,(18,(((20,22),(21,(16,(24,23)))),((25,17),((4,(3,15)),(((7,6),(2,8)),((9,(1,5)),((12,11),(14,(10,13))))))))));
Final quartet score is: 13478316
Final normalized quartet score is: 0.6675662436733014
((14_3,14_2,14_1,14_6,14_5,14_4)0.22:0.0,(((10_6,10_5,10_4,10_3,10_2,10_1)0.1:0.0,(13_4,13_3,13_2,13_1,13_7,13_6,13_5)0.28:0.0)1:1.8139714410865042,(((12_5,12_4,12_3,12_2,12_1,12_6)0.08:0.0,(11_5,11_4,11_3,11_2,11_1)0.12:0.0)1:1.899893220567453,(((9_1,9_2,9_3,9_4,9_5,9_6)0.04:0.0,((1_1,1_2,1_3,1_4,1_5,1_6)0.02:0.0,(5_1,5_2,5_3,5_4,5_5,5_6)0.02:0.0)1:1.7945874982995658)1:2.0925929460116626,((((7_1,7_2,7_3,7_4,7_5,7_6)0.02:0.0,(6_1,6_2,6_3,6_4,6_5,6_6)0.02:0.0)1:2.15875533592397,((2_1,2_2,2_3,2_4,2_5,2_6)0.43:0.024712555637368936,(8_1,8_2,8_3,8_4,8_5,8_6,8_7)0.39:0.010615734012858195)1:1.8145090562704307)1:1.9906558381874664,(((4_1,4_2,4_3,4_4,4_5,4_6)0.95:0.2849030243053479,((3_1,3_2,3_3,3_4)0.09:0.0,(15_2,15_1,15_4,15_3)0.06:0.0)1:2.114029696653928)1:2.4302963532410353,(((25_3,25_2,25_1,25_5,25_4)0.01:0.0,(17_5,17_4,17_3,17_2,17_1)0.01:0.0)1:2.026602025922975,((((20_5,20_4,20_3,20_2,20_1)0.08:0.0,(22_5,22_4,22_3,22_2,22_1)0.1:0.0)1:1.5358474182257347,((21_4,21_3,21_2,21_1)0.03:0.0,((16_1,16_5,16_4,16_3,16_2)0.03:0.0,((24_4,24_3,24_2,24_1,24_5)0.01:0.0,(23_5,23_4,23_3,23_2,23_1)0.02:0.0)1:1.479240055957614)1:1.4711785107233915)1:1.5966829087511125)1:1.7459373261140054,((18_4,18_3,18_2,18_1)0.01:0.0,(19_4,19_3,19_2,19_1)0:0.0)1:1.806822812550307)1:1.7284797682280282)1:5.174264717878058)1:2.8187136250095444)1:2.0035970896139026)1:1.9102740474650486)1:2.0040223331527454));
Weight calculation took 1.304188303 secs
ASTRAL finished in 64.096 secs
