
================== ASTRAL ===================== 

This is ASTRAL version 5.6.3
Gene trees are treated as unrooted
100 trees read from g_trees-raxml-sqlen-50-ngen-100-s2g.trees
All output trees will be *arbitrarily* rooted at 14

======== Running the main analysis
Number of taxa: 93 (25 species)
Taxa: {22=[22_4, 22_3, 22_2, 22_1], 23=[23_4, 23_3, 23_2, 23_1], 24=[24_4, 24_3, 24_2, 24_1], 25=[25_3, 25_2, 25_1, 25_5, 25_4], 10=[10_3, 10_2, 10_1], 11=[11_3, 11_2, 11_1], 12=[12_3, 12_2, 12_1], 13=[13_3, 13_2, 13_1], 14=[14_3, 14_2, 14_1, 14_5, 14_4], 15=[15_2, 15_1, 15_3], 16=[16_1, 16_4, 16_3, 16_2], 17=[17_5, 17_4, 17_3, 17_2, 17_1], 18=[18_4, 18_3, 18_2, 18_1], 19=[19_4, 19_3, 19_2, 19_1], 1=[1_1, 1_2, 1_3], 2=[2_1, 2_2, 2_3, 2_4], 3=[3_1, 3_2, 3_3, 3_4], 4=[4_1, 4_2, 4_3], 5=[5_1, 5_2, 5_3], 6=[6_1, 6_2, 6_3, 6_4], 7=[7_1, 7_2, 7_3, 7_4], 8=[8_1, 8_2, 8_3], 9=[9_1, 9_2, 9_3], 20=[20_4, 20_3, 20_2, 20_1], 21=[21_4, 21_3, 21_2, 21_1]}
Taxon occupancy: {16_1=80, 14_3=2, 14_2=18, 14_1=82, 12_3=3, 12_2=17, 12_1=80, 10_3=1, 10_2=16, 10_1=82, 18_4=1, 18_3=6, 18_2=19, 16_4=5, 18_1=79, 16_3=10, 14_5=1, 16_2=22, 14_4=1, 25_3=6, 25_2=17, 23_4=3, 25_1=77, 23_3=9, 1_1=80, 23_2=24, 21_4=5, 23_1=80, 21_3=8, 1_2=17, 3_1=80, 21_2=24, 1_3=1, 21_1=81, 3_2=17, 5_1=80, 3_3=6, 5_2=17, 3_4=2, 7_1=80, 5_3=1, 7_2=19, 9_1=78, 7_3=6, 9_2=19, 7_4=1, 9_3=1, 25_5=1, 25_4=1, 15_2=17, 15_1=74, 13_3=3, 13_2=16, 13_1=83, 11_3=2, 11_2=19, 11_1=82, 19_4=1, 19_3=6, 17_5=1, 19_2=21, 17_4=1, 19_1=77, 17_3=6, 17_2=17, 17_1=77, 15_3=5, 24_4=3, 24_3=8, 24_2=23, 22_4=3, 24_1=79, 22_3=8, 2_1=75, 22_2=21, 20_4=4, 2_2=19, 22_1=76, 20_3=10, 4_1=86, 20_2=22, 2_3=4, 4_2=19, 20_1=77, 2_4=1, 6_1=80, 4_3=1, 6_2=18, 8_1=81, 6_3=6, 8_2=21, 6_4=1, 8_3=2}
Number of gene trees: 100
100 trees have missing taxa
Calculating quartet distance matrix (for completion of X)
Species tree distances calculated ...
Will attempt to complete bipartitions from X before adding using a distance matrix.
Building set of clusters (X) from gene trees 
In second round sampling 3 rounds will be done
------------------------------
gradient0: 517
------------------------------
gradient1: 128
------------------------------
gradient2: 118
Number of Clusters after addition by distance: 763
calculating extra bipartitions to be added at level 1 ...
Adding to X using resolutions of greedy consensus ...
Limit for sigma of degrees:675
polytomy size limit : 4
discarded polytomies:  [3, 4]
Threshold 0.0:
Threshold 0.01:
Threshold 0.02:
Threshold 0.05:
Threshold 0.1:
Threshold 0.2:
Threshold 0.3333333333333333:
polytomy of size 3; rounds with additions with at least 5 support: 0; clusters: 763
polytomy of size 4; rounds with additions with at least 5 support: 0; clusters: 763
max k is :0
Number of Clusters after addition by greedy: 763
gradient0 in heuristiic: 763
calculating extra bipartitions to be added at level 1 ...
Adding to X using resolutions of greedy consensus ...
Limit for sigma of degrees:675
polytomy size limit : 4
discarded polytomies:  [3, 4]
Threshold 0.0:
Threshold 0.01:
Threshold 0.02:
Threshold 0.05:
Threshold 0.1:
Threshold 0.2:
polytomy of size 3; rounds with additions with at least 5 support: 0; clusters: 763
Threshold 0.3333333333333333:
polytomy of size 4; rounds with additions with at least 5 support: 0; clusters: 763
max k is :0
Number of Clusters after addition by greedy: 763
gradient1 in heuristiic: 0
calculating extra bipartitions to be added at level 1 ...
Adding to X using resolutions of greedy consensus ...
Limit for sigma of degrees:675
polytomy size limit : 4
discarded polytomies:  [3, 3, 4]
Threshold 0.0:
Threshold 0.01:
Threshold 0.02:
Threshold 0.05:
Threshold 0.1:
Threshold 0.2:
polytomy of size 3; rounds with additions with at least 5 support: 0; clusters: 763
Threshold 0.3333333333333333:
polytomy of size 3; rounds with additions with at least 5 support: 0; clusters: 763
polytomy of size 4; rounds with additions with at least 5 support: 0; clusters: 763
max k is :0
Number of Clusters after addition by greedy: 763
gradient2 in heuristiic: 0
partitions formed in 7.289 secs
Dynamic Programming starting after 7.289 secs
Using tree-based weight calculation.
Using polytree-based weight calculation.
Polytree max score: 3362017
Polytree building time: 0.021 seconds.
Number of quartet trees in the gene trees: 3353128
Size of largest cluster: 93
Greedy score: 1911146
estimationFactor: 1.7591628269111832
Sub-optimal score: 1980197
Total Number of elements weighted: 2396
Normalized score (portion of input quartet trees satisfied before correcting for multiple individuals): 0.5950795794255394
Optimization score: 1995378
Optimal tree inferred in 7.629 secs.
(5,(1,(9,((14,(10,13)),((12,11),((2,(8,(7,6))),((4,(3,15)),((25,17),((18,19),((22,20),(21,(16,(23,24)))))))))))));
Final quartet score is: 2103296
Final normalized quartet score is: 0.6272638563156551
You may want to ignore posterior probabilities and other statistics related to the following branch branch because the effective number of genes impacting it is only 8:
	{14}
You may want to ignore posterior probabilities and other statistics related to the following branch branch because the effective number of genes impacting it is only 11:
	{10}
You may want to ignore posterior probabilities and other statistics related to the following branch branch because the effective number of genes impacting it is only 11:
	{13}
You may want to ignore posterior probabilities and other statistics related to the following branch branch because the effective number of genes impacting it is only 12:
	{12}
You may want to ignore posterior probabilities and other statistics related to the following branch branch because the effective number of genes impacting it is only 13:
	{11}
You may want to ignore posterior probabilities and other statistics related to the following branch branch because the effective number of genes impacting it is only 10:
	{2}
You may want to ignore posterior probabilities and other statistics related to the following branch branch because the effective number of genes impacting it is only 14:
	{8}
You may want to ignore posterior probabilities and other statistics related to the following branch branch because the effective number of genes impacting it is only 11:
	{7}
You may want to ignore posterior probabilities and other statistics related to the following branch branch because the effective number of genes impacting it is only 10:
	{6}
You may want to ignore posterior probabilities and other statistics related to the following branch branch because the effective number of genes impacting it is only 13:
	{4}
You may want to ignore posterior probabilities and other statistics related to the following branch branch because the effective number of genes impacting it is only 10:
	{3}
You may want to ignore posterior probabilities and other statistics related to the following branch branch because the effective number of genes impacting it is only 13:
	{15}
You may want to ignore posterior probabilities and other statistics related to the following branch branch because the effective number of genes impacting it is only 8:
	{25}
You may want to ignore posterior probabilities and other statistics related to the following branch branch because the effective number of genes impacting it is only 8:
	{17}
You may want to ignore posterior probabilities and other statistics related to the following branch branch because the effective number of genes impacting it is only 11:
	{18}
You may want to ignore posterior probabilities and other statistics related to the following branch branch because the effective number of genes impacting it is only 12:
	{19}
You may want to ignore posterior probabilities and other statistics related to the following branch branch because the effective number of genes impacting it is only 13:
	{22}
You may want to ignore posterior probabilities and other statistics related to the following branch branch because the effective number of genes impacting it is only 14:
	{20}
You may want to ignore posterior probabilities and other statistics related to the following branch branch because the effective number of genes impacting it is only 15:
	{21}
You may want to ignore posterior probabilities and other statistics related to the following branch branch because the effective number of genes impacting it is only 14:
	{16}
You may want to ignore posterior probabilities and other statistics related to the following branch branch because the effective number of genes impacting it is only 15:
	{23}
You may want to ignore posterior probabilities and other statistics related to the following branch branch because the effective number of genes impacting it is only 14:
	{24}
You may want to ignore posterior probabilities and other statistics related to the following branch branch because the effective number of genes impacting it is only 13:
	{9}
You may want to ignore posterior probabilities and other statistics related to the following branch branch because the effective number of genes impacting it is only 11:
	{1}
You may want to ignore posterior probabilities and other statistics related to the following branch branch because the effective number of genes impacting it is only 11:
	{5}
((14_3,14_2,14_1,14_5,14_4)0.26:0.0,(((10_3,10_2,10_1)0.27:0.0,(13_3,13_2,13_1)0.17:0.0)0.3:0.01484186259822863,((((12_3,12_2,12_1)0.3:0.0,(11_3,11_2,11_1)0.36:0.0)1:0.6184116348529503,(((2_1,2_2,2_3,2_4)0.4:0.0029827123679341773,((8_1,8_2,8_3)0.43:0.027069835985659364,((7_1,7_2,7_3,7_4)0.07:0.0,(6_1,6_2,6_3,6_4)0.06:0.0)1:1.9615114951817303)0.47:0.055851402751513846)0.36:0.0062284748616827255,(((4_1,4_2,4_3)0.35:0.0,((3_1,3_2,3_3,3_4)0.18:0.0,(15_2,15_1,15_3)0.27:0.0)1:1.097444934318036)1:0.4504182378211935,(((25_3,25_2,25_1,25_5,25_4)0.08:0.0,(17_5,17_4,17_3,17_2,17_1)0.09:0.0)1:1.9458125920800748,(((18_4,18_3,18_2,18_1)0.1:0.0,(19_4,19_3,19_2,19_1)0.08:0.0)1:1.091147141094932,(((22_4,22_3,22_2,22_1)0.29:0.0,(20_4,20_3,20_2,20_1)0.33:0.0)0.91:0.17505404503297742,((21_4,21_3,21_2,21_1)0.21:0.0,((16_1,16_4,16_3,16_2)0.18:0.0,((23_4,23_3,23_2,23_1)0.23:0.0,(24_4,24_3,24_2,24_1)0.1:0.0)1:0.6615786826512396)0.99:0.26042814223592564)0.98:0.2265316576752212)1:0.536113965055525)0.68:0.10090815492154812)1:1.885669493595309)1:0.6590855989032613)0.71:0.09527360971242145)0.5:0.038108194972337736,((9_1,9_2,9_3)0.1:0.0,((1_1,1_2,1_3)0.06:0.0,(5_1,5_2,5_3)0.05:0.0)0.94:0.17974933578676255)1:1.5973323957592138)1:0.4225759755596254));
Weight calculation took 0.296748784 secs
ASTRAL finished in 7.788 secs
