
================== ASTRAL ===================== 

This is ASTRAL version 5.6.3
Gene trees are treated as unrooted
50 trees read from g_trees-raxml-sqlen-25-ngen-50-s2g.trees
All output trees will be *arbitrarily* rooted at 16

======== Running the main analysis
Number of taxa: 86 (25 species)
Taxa: {22=[22_4, 22_3, 22_2, 22_1], 23=[23_4, 23_3, 23_2, 23_1], 24=[24_4, 24_3, 24_2, 24_1], 25=[25_3, 25_2, 25_1, 25_5, 25_4], 10=[10_2, 10_1], 11=[11_2, 11_1], 12=[12_3, 12_2, 12_1], 13=[13_2, 13_1], 14=[14_2, 14_1], 15=[15_2, 15_1, 15_3], 16=[16_1, 16_4, 16_3, 16_2], 17=[17_5, 17_4, 17_3, 17_2, 17_1], 18=[18_4, 18_3, 18_2, 18_1], 19=[19_4, 19_3, 19_2, 19_1], 1=[1_1, 1_2, 1_3], 2=[2_1, 2_2, 2_3, 2_4], 3=[3_1, 3_2, 3_3], 4=[4_1, 4_2, 4_3], 5=[5_1, 5_2, 5_3], 6=[6_1, 6_2, 6_3, 6_4], 7=[7_1, 7_2, 7_3, 7_4], 8=[8_1, 8_2, 8_3], 9=[9_1, 9_2, 9_3], 20=[20_4, 20_3, 20_2, 20_1], 21=[21_4, 21_3, 21_2, 21_1]}
Taxon occupancy: {16_1=42, 14_2=10, 14_1=43, 12_3=1, 12_2=11, 12_1=43, 10_2=6, 10_1=44, 18_4=1, 18_3=4, 18_2=12, 16_4=4, 18_1=41, 16_3=7, 16_2=12, 25_3=4, 25_2=8, 23_4=3, 25_1=40, 23_3=5, 23_2=13, 1_1=43, 21_4=3, 23_1=41, 21_3=5, 1_2=10, 3_1=38, 21_2=13, 1_3=1, 21_1=42, 3_2=11, 5_1=43, 3_3=3, 5_2=10, 7_1=43, 5_3=1, 7_2=15, 9_1=41, 7_3=5, 9_2=12, 7_4=1, 9_3=1, 25_5=1, 25_4=1, 15_2=10, 15_1=34, 13_2=8, 13_1=44, 11_2=10, 11_1=42, 19_4=1, 19_3=4, 17_5=1, 19_2=14, 17_4=1, 19_1=40, 17_3=4, 17_2=8, 17_1=40, 15_3=1, 24_4=3, 24_3=5, 24_2=12, 22_4=2, 24_1=40, 22_3=5, 2_1=39, 22_2=14, 20_4=3, 22_1=38, 2_2=12, 20_3=5, 4_1=45, 20_2=12, 2_3=2, 20_1=41, 4_2=8, 2_4=1, 6_1=43, 4_3=1, 6_2=14, 8_1=42, 6_3=5, 8_2=12, 6_4=1, 8_3=1}
Number of gene trees: 50
50 trees have missing taxa
Calculating quartet distance matrix (for completion of X)
Species tree distances calculated ...
Will attempt to complete bipartitions from X before adding using a distance matrix.
Building set of clusters (X) from gene trees 
In second round sampling 3 rounds will be done
------------------------------
gradient0: 509
------------------------------
gradient1: 270
------------------------------
gradient2: 138
Number of Clusters after addition by distance: 917
calculating extra bipartitions to be added at level 1 ...
Adding to X using resolutions of greedy consensus ...
Limit for sigma of degrees:675
polytomy size limit : 5
discarded polytomies:  [3, 3, 5, 5]
Threshold 0.0:
Threshold 0.01:
Threshold 0.02:
Threshold 0.05:
Threshold 0.1:
Threshold 0.2:
polytomy of size 3; rounds with additions with at least 5 support: 0; clusters: 917
polytomy of size 3; rounds with additions with at least 5 support: 0; clusters: 917
Threshold 0.3333333333333333:
polytomy of size 5; rounds with additions with at least 5 support: 0; clusters: 917
polytomy of size 5; rounds with additions with at least 5 support: 0; clusters: 917
max k is :0
Number of Clusters after addition by greedy: 917
gradient0 in heuristiic: 917
calculating extra bipartitions to be added at level 1 ...
Adding to X using resolutions of greedy consensus ...
Limit for sigma of degrees:675
polytomy size limit : 7
discarded polytomies:  [3, 5, 5, 7]
Threshold 0.0:
Threshold 0.01:
Threshold 0.02:
Threshold 0.05:
Threshold 0.1:
polytomy of size 3; rounds with additions with at least 5 support: 0; clusters: 917
Threshold 0.2:
polytomy of size 5; rounds with additions with at least 5 support: 0; clusters: 917
Threshold 0.3333333333333333:
polytomy of size 7; rounds with additions with at least 5 support: 0; clusters: 919
polytomy of size 5; rounds with additions with at least 5 support: 0; clusters: 919
max k is :0
Number of Clusters after addition by greedy: 919
gradient1 in heuristiic: 2
calculating extra bipartitions to be added at level 1 ...
Adding to X using resolutions of greedy consensus ...
Limit for sigma of degrees:675
polytomy size limit : 6
discarded polytomies:  [3, 3, 3, 4, 6]
Threshold 0.0:
Threshold 0.01:
Threshold 0.02:
Threshold 0.05:
polytomy of size 3; rounds with additions with at least 5 support: 0; clusters: 919
Threshold 0.1:
polytomy of size 3; rounds with additions with at least 5 support: 0; clusters: 919
Threshold 0.2:
polytomy of size 4; rounds with additions with at least 5 support: 0; clusters: 919
Threshold 0.3333333333333333:
polytomy of size 6; rounds with additions with at least 5 support: 0; clusters: 921
polytomy of size 3; rounds with additions with at least 5 support: 0; clusters: 921
max k is :0
Number of Clusters after addition by greedy: 921
gradient2 in heuristiic: 2
partitions formed in 5.302 secs
Dynamic Programming starting after 5.302 secs
Using tree-based weight calculation.
Using polytree-based weight calculation.
Polytree max score: 2194541
Polytree building time: 0.017 seconds.
Number of quartet trees in the gene trees: 2188300
Size of largest cluster: 86
Greedy score: 1126733
estimationFactor: 1.9477027831793334
Sub-optimal score: 1154062
Total Number of elements weighted: 2638
Normalized score (portion of input quartet trees satisfied before correcting for multiple individuals): 0.5440396654937623
Optimization score: 1190522
Optimal tree inferred in 5.533 secs.
(14,((10,13),((11,(9,(1,5))),((7,6),(12,(2,(8,((4,(3,15)),((18,19),((25,17),((22,20),(21,(16,(23,24))))))))))))));
Final quartet score is: 1262200
Final normalized quartet score is: 0.5767947721975963
You may want to ignore posterior probabilities and other statistics related to the following branch branch because the effective number of genes impacting it is only 8:
	{16}
You may want to ignore posterior probabilities and other statistics related to the following branch branch because the effective number of genes impacting it is only 8:
	{23}
You may want to ignore posterior probabilities and other statistics related to the following branch branch because the effective number of genes impacting it is only 8:
	{24}
You may want to ignore posterior probabilities and other statistics related to the following branch branch because the effective number of genes impacting it is only 8:
	{21}
You may want to ignore posterior probabilities and other statistics related to the following branch branch because the effective number of genes impacting it is only 8:
	{22}
You may want to ignore posterior probabilities and other statistics related to the following branch branch because the effective number of genes impacting it is only 8:
	{20}
You may want to ignore posterior probabilities and other statistics related to the following branch branch because the effective number of genes impacting it is only 4:
	{25}
You may want to ignore posterior probabilities and other statistics related to the following branch branch because the effective number of genes impacting it is only 4:
	{17}
You may want to ignore posterior probabilities and other statistics related to the following branch branch because the effective number of genes impacting it is only 7:
	{18}
You may want to ignore posterior probabilities and other statistics related to the following branch branch because the effective number of genes impacting it is only 8:
	{19}
You may want to ignore posterior probabilities and other statistics related to the following branch branch because the effective number of genes impacting it is only 5:
	{4}
You may want to ignore posterior probabilities and other statistics related to the following branch branch because the effective number of genes impacting it is only 7:
	{3}
You may want to ignore posterior probabilities and other statistics related to the following branch branch because the effective number of genes impacting it is only 7:
	{15}
You may want to ignore posterior probabilities and other statistics related to the following branch branch because the effective number of genes impacting it is only 8:
	{8}
You may want to ignore posterior probabilities and other statistics related to the following branch branch because the effective number of genes impacting it is only 6:
	{2}
You may want to ignore posterior probabilities and other statistics related to the following branch branch because the effective number of genes impacting it is only 7:
	{12}
You may want to ignore posterior probabilities and other statistics related to the following branch branch because the effective number of genes impacting it is only 9:
	{7}
You may want to ignore posterior probabilities and other statistics related to the following branch branch because the effective number of genes impacting it is only 8:
	{6}
You may want to ignore posterior probabilities and other statistics related to the following branch branch because the effective number of genes impacting it is only 10:
	{11}
You may want to ignore posterior probabilities and other statistics related to the following branch branch because the effective number of genes impacting it is only 8:
	{9}
You may want to ignore posterior probabilities and other statistics related to the following branch branch because the effective number of genes impacting it is only 7:
	{1}
You may want to ignore posterior probabilities and other statistics related to the following branch branch because the effective number of genes impacting it is only 7:
	{5}
You may want to ignore posterior probabilities and other statistics related to the following branch branch because the effective number of genes impacting it is only 6:
	{10}
You may want to ignore posterior probabilities and other statistics related to the following branch branch because the effective number of genes impacting it is only 8:
	{13}
You may want to ignore posterior probabilities and other statistics related to the following branch branch because the effective number of genes impacting it is only 10:
	{14}
((16_1,16_4,16_3,16_2)0.3:0.0,(((23_4,23_3,23_2,23_1)0.21:0.0,(24_4,24_3,24_2,24_1)0.18:0.0)0.99:0.3717364959659816,((21_4,21_3,21_2,21_1)0.27:0.0,(((22_4,22_3,22_2,22_1)0.37:0.0,(20_4,20_3,20_2,20_1)0.29:0.0)0.92:0.23936359849291286,(((25_3,25_2,25_1,25_5,25_4)0.14:0.0,(17_5,17_4,17_3,17_2,17_1)0.14:0.0)1:1.442599907654002,(((18_4,18_3,18_2,18_1)0.14:0.0,(19_4,19_3,19_2,19_1)0.16:0.0)1:0.7247159854662127,(((4_1,4_2,4_3)0.49:0.0679729835862061,((3_1,3_2,3_3)0.14:0.0,(15_2,15_1,15_3)0.19:0.0)1:0.5203213547165334)0.94:0.2814950015427638,((8_1,8_2,8_3)0.3:0.0,((2_1,2_2,2_3,2_4)0.32:0.0,((12_3,12_2,12_1)0.39:0.0,(((7_1,7_2,7_3,7_4)0.1:0.0,(6_1,6_2,6_3,6_4)0.1:0.0)1:1.6021371166130547,(((11_2,11_1)0.21:0.0,((9_1,9_2,9_3)0.1:0.0,((1_1,1_2,1_3)0.08:0.0,(5_1,5_2,5_3)0.08:0.0)0.21:0.0)1:1.2467967269810034)0.25:0.0,(((10_2,10_1)0.12:0.0,(13_2,13_1)0.18:0.0)0.69:0.11264465725968308,(14_2,14_1)0.21:0.0)0.94:0.23829444295743676)0.57:0.07238846413868574)0.2:0.0)0.47:0.04550374803208247)0.23:0.0)1:0.4353570745878184)1:1.661727025705454)0.22:0.0)0.99:0.3495429091918629)0.49:0.04471472414253757)0.82:0.1667364467308543));
Weight calculation took 0.197682025 secs
ASTRAL finished in 5.677 secs
