
================== ASTRAL ===================== 

This is ASTRAL version 5.6.3
Gene trees are treated as unrooted
100 trees read from g_trees-raxml-sqlen-100-ngen-100-s2g.trees
All output trees will be *arbitrarily* rooted at 14

======== Running the main analysis
Number of taxa: 93 (25 species)
Taxa: {22=[22_4, 22_3, 22_2, 22_1], 23=[23_4, 23_3, 23_2, 23_1], 24=[24_4, 24_3, 24_2, 24_1], 25=[25_3, 25_2, 25_1, 25_5, 25_4], 10=[10_3, 10_2, 10_1], 11=[11_3, 11_2, 11_1], 12=[12_3, 12_2, 12_1], 13=[13_3, 13_2, 13_1], 14=[14_3, 14_2, 14_1, 14_5, 14_4], 15=[15_2, 15_1, 15_3], 16=[16_1, 16_4, 16_3, 16_2], 17=[17_5, 17_4, 17_3, 17_2, 17_1], 18=[18_4, 18_3, 18_2, 18_1], 19=[19_4, 19_3, 19_2, 19_1], 1=[1_1, 1_2, 1_3], 2=[2_1, 2_2, 2_3, 2_4], 3=[3_1, 3_2, 3_3, 3_4], 4=[4_1, 4_2, 4_3], 5=[5_1, 5_2, 5_3], 6=[6_1, 6_2, 6_3, 6_4], 7=[7_1, 7_2, 7_3, 7_4], 8=[8_1, 8_2, 8_3], 9=[9_1, 9_2, 9_3], 20=[20_4, 20_3, 20_2, 20_1], 21=[21_4, 21_3, 21_2, 21_1]}
Taxon occupancy: {16_1=80, 14_3=2, 14_2=18, 14_1=82, 12_3=3, 12_2=17, 12_1=80, 10_3=1, 10_2=16, 10_1=82, 18_4=1, 18_3=6, 18_2=19, 16_4=5, 18_1=79, 16_3=10, 14_5=1, 16_2=22, 14_4=1, 25_3=6, 25_2=17, 23_4=3, 25_1=77, 23_3=9, 1_1=80, 23_2=24, 21_4=5, 23_1=80, 21_3=8, 1_2=17, 3_1=80, 21_2=24, 1_3=1, 21_1=81, 3_2=17, 5_1=80, 3_3=6, 5_2=17, 3_4=2, 7_1=80, 5_3=1, 7_2=19, 9_1=78, 7_3=6, 9_2=19, 7_4=1, 9_3=1, 25_5=1, 25_4=1, 15_2=17, 15_1=74, 13_3=3, 13_2=16, 13_1=83, 11_3=2, 11_2=19, 11_1=82, 19_4=1, 19_3=6, 17_5=1, 19_2=21, 17_4=1, 19_1=77, 17_3=6, 17_2=17, 17_1=77, 15_3=5, 24_4=3, 24_3=8, 24_2=23, 22_4=3, 24_1=79, 22_3=8, 2_1=75, 22_2=21, 20_4=4, 2_2=19, 22_1=76, 20_3=10, 4_1=86, 20_2=22, 2_3=4, 4_2=19, 20_1=77, 2_4=1, 6_1=80, 4_3=1, 6_2=18, 8_1=81, 6_3=6, 8_2=21, 6_4=1, 8_3=2}
Number of gene trees: 100
100 trees have missing taxa
Calculating quartet distance matrix (for completion of X)
Species tree distances calculated ...
Will attempt to complete bipartitions from X before adding using a distance matrix.
Building set of clusters (X) from gene trees 
In second round sampling 3 rounds will be done
------------------------------
gradient0: 419
------------------------------
gradient1: 250
------------------------------
gradient2: 92
Number of Clusters after addition by distance: 761
calculating extra bipartitions to be added at level 1 ...
Adding to X using resolutions of greedy consensus ...
Limit for sigma of degrees:675
polytomy size limit : 4
discarded polytomies:  [4]
Threshold 0.0:
Threshold 0.01:
Threshold 0.02:
Threshold 0.05:
Threshold 0.1:
Threshold 0.2:
Threshold 0.3333333333333333:
polytomy of size 4; rounds with additions with at least 5 support: 0; clusters: 761
max k is :0
Number of Clusters after addition by greedy: 761
gradient0 in heuristiic: 761
calculating extra bipartitions to be added at level 1 ...
Adding to X using resolutions of greedy consensus ...
Limit for sigma of degrees:675
polytomy size limit : 5
discarded polytomies:  [3, 5]
Threshold 0.0:
Threshold 0.01:
Threshold 0.02:
Threshold 0.05:
Threshold 0.1:
Threshold 0.2:
Threshold 0.3333333333333333:
polytomy of size 3; rounds with additions with at least 5 support: 0; clusters: 761
polytomy of size 5; rounds with additions with at least 5 support: 0; clusters: 761
max k is :0
Number of Clusters after addition by greedy: 761
gradient1 in heuristiic: 0
calculating extra bipartitions to be added at level 1 ...
Adding to X using resolutions of greedy consensus ...
Limit for sigma of degrees:675
polytomy size limit : 4
discarded polytomies:  [3, 4]
Threshold 0.0:
Threshold 0.01:
Threshold 0.02:
Threshold 0.05:
Threshold 0.1:
Threshold 0.2:
polytomy of size 3; rounds with additions with at least 5 support: 0; clusters: 761
Threshold 0.3333333333333333:
polytomy of size 4; rounds with additions with at least 5 support: 0; clusters: 761
max k is :0
Number of Clusters after addition by greedy: 761
gradient2 in heuristiic: 0
partitions formed in 9.773 secs
Dynamic Programming starting after 9.773 secs
Using tree-based weight calculation.
Using polytree-based weight calculation.
Polytree max score: 3362017
Polytree building time: 0.024 seconds.
Number of quartet trees in the gene trees: 3353128
Size of largest cluster: 93
Greedy score: 2006312
estimationFactor: 1.6757199279075239
Sub-optimal score: 2082372
Total Number of elements weighted: 2270
Normalized score (portion of input quartet trees satisfied before correcting for multiple individuals): 0.6310767140413369
Optimization score: 2116081
Optimal tree inferred in 10.176 secs.
(5,(1,(9,(((12,11),(14,(10,13))),(((2,8),(7,6)),((4,(3,15)),((25,17),((18,19),((22,20),(21,(16,(23,24))))))))))));
Final quartet score is: 2223898
Final normalized quartet score is: 0.6632308698027632
You may want to ignore posterior probabilities and other statistics related to the following branch branch because the effective number of genes impacting it is only 8:
	{14}
You may want to ignore posterior probabilities and other statistics related to the following branch branch because the effective number of genes impacting it is only 11:
	{10}
You may want to ignore posterior probabilities and other statistics related to the following branch branch because the effective number of genes impacting it is only 11:
	{13}
You may want to ignore posterior probabilities and other statistics related to the following branch branch because the effective number of genes impacting it is only 12:
	{12}
You may want to ignore posterior probabilities and other statistics related to the following branch branch because the effective number of genes impacting it is only 13:
	{11}
You may want to ignore posterior probabilities and other statistics related to the following branch branch because the effective number of genes impacting it is only 10:
	{2}
You may want to ignore posterior probabilities and other statistics related to the following branch branch because the effective number of genes impacting it is only 12:
	{8}
You may want to ignore posterior probabilities and other statistics related to the following branch branch because the effective number of genes impacting it is only 11:
	{7}
You may want to ignore posterior probabilities and other statistics related to the following branch branch because the effective number of genes impacting it is only 10:
	{6}
You may want to ignore posterior probabilities and other statistics related to the following branch branch because the effective number of genes impacting it is only 13:
	{4}
You may want to ignore posterior probabilities and other statistics related to the following branch branch because the effective number of genes impacting it is only 10:
	{3}
You may want to ignore posterior probabilities and other statistics related to the following branch branch because the effective number of genes impacting it is only 13:
	{15}
You may want to ignore posterior probabilities and other statistics related to the following branch branch because the effective number of genes impacting it is only 8:
	{25}
You may want to ignore posterior probabilities and other statistics related to the following branch branch because the effective number of genes impacting it is only 8:
	{17}
You may want to ignore posterior probabilities and other statistics related to the following branch branch because the effective number of genes impacting it is only 11:
	{18}
You may want to ignore posterior probabilities and other statistics related to the following branch branch because the effective number of genes impacting it is only 12:
	{19}
You may want to ignore posterior probabilities and other statistics related to the following branch branch because the effective number of genes impacting it is only 13:
	{22}
You may want to ignore posterior probabilities and other statistics related to the following branch branch because the effective number of genes impacting it is only 14:
	{20}
You may want to ignore posterior probabilities and other statistics related to the following branch branch because the effective number of genes impacting it is only 15:
	{21}
You may want to ignore posterior probabilities and other statistics related to the following branch branch because the effective number of genes impacting it is only 14:
	{16}
You may want to ignore posterior probabilities and other statistics related to the following branch branch because the effective number of genes impacting it is only 15:
	{23}
You may want to ignore posterior probabilities and other statistics related to the following branch branch because the effective number of genes impacting it is only 14:
	{24}
You may want to ignore posterior probabilities and other statistics related to the following branch branch because the effective number of genes impacting it is only 13:
	{9}
You may want to ignore posterior probabilities and other statistics related to the following branch branch because the effective number of genes impacting it is only 11:
	{1}
You may want to ignore posterior probabilities and other statistics related to the following branch branch because the effective number of genes impacting it is only 11:
	{5}
((14_3,14_2,14_1,14_5,14_4)0.31:0.0,(((10_3,10_2,10_1)0.19:0.0,(13_3,13_2,13_1)0.13:0.0)0.89:0.1501724699580585,(((12_3,12_2,12_1)0.33:0.0,(11_3,11_2,11_1)0.27:0.0)1:0.946317988517878,(((((2_1,2_2,2_3,2_4)0.37:0.0,(8_1,8_2,8_3)0.37:0.0)1:0.38937239514714306,((7_1,7_2,7_3,7_4)0.08:0.0,(6_1,6_2,6_3,6_4)0.07:0.0)1:2.0343013785718655)0.92:0.1648063677435423,(((4_1,4_2,4_3)0.68:0.17519653527710327,((3_1,3_2,3_3,3_4)0.2:0.0,(15_2,15_1,15_3)0.13:0.0)1:1.4013024902314994)1:0.5719670593038523,(((25_3,25_2,25_1,25_5,25_4)0.08:0.0,(17_5,17_4,17_3,17_2,17_1)0.08:0.0)1:1.9247327308941449,(((18_4,18_3,18_2,18_1)0.08:0.0,(19_4,19_3,19_2,19_1)0.09:0.0)1:1.4026189890895846,(((22_4,22_3,22_2,22_1)0.23:0.0,(20_4,20_3,20_2,20_1)0.36:0.0)0.99:0.2551445502059487,((21_4,21_3,21_2,21_1)0.18:0.0,((16_1,16_4,16_3,16_2)0.17:0.0,((23_4,23_3,23_2,23_1)0.16:0.0,(24_4,24_3,24_2,24_1)0.11:0.0)1:0.8856967645648708)1:0.5106226460466053)1:0.45061799513470163)1:0.6961069939895672)0.99:0.2852297387667613)1:2.957939803625938)1:0.9429485902628074)1:0.3917076284354031,((9_1,9_2,9_3)0.08:0.0,((1_1,1_2,1_3)0.05:0.0,(5_1,5_2,5_3)0.07:0.0)1:0.35413119702424856)1:1.8094772516933255)0.72:0.12633798131047794)1:0.9227522284750017));
Weight calculation took 0.347662882 secs
ASTRAL finished in 10.363 secs
