
================== ASTRAL ===================== 

This is ASTRAL version 5.6.3
Gene trees are treated as unrooted
136 trees read from g_trees-raxml-sqlen-100-ngen-50.trees.tree
All output trees will be *arbitrarily* rooted at 2

======== Running the main analysis
Number of taxa: 25 (25 species)
Taxa: [2, 12, 11, 14, 10, 13, 9, 5, 1, 3, 4, 17, 25, 8, 6, 7, 22, 20, 18, 19, 21, 24, 23, 16, 15]
Taxon occupancy: {22=89, 23=89, 24=89, 25=95, 10=115, 11=117, 12=110, 13=124, 14=118, 15=75, 16=89, 17=95, 18=98, 19=100, 1=113, 2=117, 3=95, 4=106, 5=113, 6=118, 7=118, 8=98, 9=110, 20=86, 21=94}
Number of gene trees: 136
124 trees have missing taxa
Calculating quartet distance matrix (for completion of X)
Species tree distances calculated ...
Will attempt to complete bipartitions from X before adding using a distance matrix.
Building set of clusters (X) from gene trees 
------------------------------
gradient0: 465
Number of Clusters after addition by distance: 465
calculating extra bipartitions to be added at level 1 ...
Adding to X using resolutions of greedy consensus ...
Limit for sigma of degrees:675
polytomy size limit : 5
discarded polytomies:  [5]
Threshold 0.0:
Threshold 0.01:
Threshold 0.02:
Threshold 0.05:
Threshold 0.1:
Threshold 0.2:
Threshold 0.3333333333333333:
polytomy of size 5; rounds with additions with at least 5 support: 0; clusters: 465
max k is :0
Number of Clusters after addition by greedy: 465
gradient0 in heuristiic: 465
partitions formed in 0.233 secs
Dynamic Programming starting after 0.233 secs
Using tree-based weight calculation.
Using polytree-based weight calculation.
Polytree max score: 659257
Polytree building time: 0.024 seconds.
Number of quartet trees in the gene trees: 659257
Size of largest cluster: 25
Greedy score: 550241
estimationFactor: 1.1981240947148613
Sub-optimal score: 554907
Total Number of elements weighted: 837
Normalized score (portion of input quartet trees satisfied before correcting for multiple individuals): 0.8438059815822965
Optimization score: 556285
Optimal tree inferred in 0.406 secs.
(10,((14,13),((12,11),((9,(5,1)),((2,8),((6,7),((4,(3,15)),((17,25),((18,19),((22,20),(21,(16,(24,23)))))))))))));
Final quartet score is: 556285
Final normalized quartet score is: 0.8438059815822965
(2,(8,(((6,7)1:2.8956488149970085,((4,(3,15)1:1.467005741503063)1:1.3059187085456594,((17,25)1:4.094344562222104,((18,19)1:3.529297384289472,((22,20)1:0.6318414371369757,(21,(16,(24,23)1:1.0794353734523012)1:0.8891183942808101)1:0.4649843546312491)1:1.3544154652613385)0.99:0.25408612302326494)1:3.7650685924714846)1:1.4477016664980855)0.96:0.17628218442752458,((9,(5,1)1:0.23196741287746017)1:1.5361348191409787,((12,11)1:1.2571795659759801,((14,13)0.94:0.1586631079781828,10)1:1.3434183885612911)0.99:0.25517450576212286)0.99:0.20179740567118618)1:0.3285524075120952));
Weight calculation took 0.098525906 secs
ASTRAL finished in 0.71 secs
