
================== ASTRAL ===================== 

This is ASTRAL version 5.6.3
Gene trees are treated as unrooted
1347 trees read from g_trees-raxml-sqlen-100-ngen-500.trees.tree
All output trees will be *arbitrarily* rooted at 2

======== Running the main analysis
Number of taxa: 25 (25 species)
Taxa: [2, 12, 11, 14, 10, 13, 9, 5, 1, 3, 4, 17, 25, 8, 6, 7, 22, 20, 18, 19, 21, 24, 23, 16, 15]
Taxon occupancy: {22=992, 23=990, 24=990, 25=973, 10=1066, 11=1082, 12=1076, 13=1073, 14=1067, 15=957, 16=1022, 17=970, 18=990, 19=1002, 1=1070, 2=1055, 3=998, 4=1026, 5=1079, 6=1082, 7=1067, 8=1040, 9=1073, 20=997, 21=989}
Number of gene trees: 1347
1291 trees have missing taxa
Calculating quartet distance matrix (for completion of X)
Species tree distances calculated ...
Will attempt to complete bipartitions from X before adding using a distance matrix.
Building set of clusters (X) from gene trees 
------------------------------
gradient0: 1251
Number of Clusters after addition by distance: 1251
calculating extra bipartitions to be added at level 1 ...
Adding to X using resolutions of greedy consensus ...
Limit for sigma of degrees:675
polytomy size limit : 3
discarded polytomies:  []
Threshold 0.0:
Threshold 0.01:
Threshold 0.02:
Threshold 0.05:
Threshold 0.1:
Threshold 0.2:
Threshold 0.3333333333333333:
max k is :0
Number of Clusters after addition by greedy: 1251
gradient0 in heuristiic: 1251
partitions formed in 0.652 secs
Dynamic Programming starting after 0.652 secs
Using tree-based weight calculation.
Using polytree-based weight calculation.
Polytree max score: 6671932
Polytree building time: 0.116 seconds.
Number of quartet trees in the gene trees: 6671932
Size of largest cluster: 25
Greedy score: 5406193
estimationFactor: 1.2341276014378324
Sub-optimal score: 5532607
Total Number of elements weighted: 5366
Normalized score (portion of input quartet trees satisfied before correcting for multiple individuals): 0.8392670968469104
Optimization score: 5599533
Optimal tree inferred in 4.16 secs.
(21,((16,(24,23)),((22,20),((18,19),((17,25),((4,(3,15)),(((6,7),(2,8)),((9,(5,1)),((12,11),(14,(10,13)))))))))));
Final quartet score is: 5599533
Final normalized quartet score is: 0.8392670968469104
(2,(8,((6,7)1:3.848332165611166,(((9,(5,1)1:0.2675443229767632)1:2.3606284224734755,((12,11)1:1.3964431829117192,(14,(10,13)1:0.23729986144800952)1:1.2731775981783466)1:0.12393944074981848)1:0.39348090256642704,((4,(3,15)1:2.0086330446347884)1:0.5502109824777313,((17,25)1:6.436150368369431,((18,19)1:2.4392148498571498,((22,20)1:0.5464363001671062,((16,(24,23)1:1.3886763139489182)1:0.6238976446817832,21)1:0.7911743977720432)1:0.947176586429493)1:0.27104160043552256)1:3.973564080964332)1:1.1696435857660028)1:0.16578138602532136)1:0.33284893364645407));
Weight calculation took 3.281592981 secs
ASTRAL finished in 5.285 secs
