
================== ASTRAL ===================== 

This is ASTRAL version 5.6.3
Gene trees are treated as unrooted
627 trees read from g_trees-raxml-sqlen-0-ngen-100.trees.tree
All output trees will be *arbitrarily* rooted at 4

======== Running the main analysis
Number of taxa: 25 (25 species)
Taxa: [4, 3, 7, 6, 2, 8, 9, 5, 1, 12, 11, 14, 13, 10, 16, 24, 23, 21, 22, 20, 19, 18, 25, 17, 15]
Taxon occupancy: {22=481, 23=538, 24=530, 25=466, 10=542, 11=569, 12=545, 13=568, 14=569, 15=474, 16=531, 17=466, 18=517, 19=513, 1=542, 2=534, 3=552, 4=553, 5=542, 6=542, 7=542, 8=553, 9=532, 20=485, 21=547}
Number of gene trees: 627
547 trees have missing taxa
Calculating quartet distance matrix (for completion of X)
Species tree distances calculated ...
Will attempt to complete bipartitions from X before adding using a distance matrix.
Building set of clusters (X) from gene trees 
------------------------------
gradient0: 97
Number of Clusters after addition by distance: 97
calculating extra bipartitions to be added at level 1 ...
Adding to X using resolutions of greedy consensus ...
Limit for sigma of degrees:675
polytomy size limit : 3
discarded polytomies:  []
Threshold 0.0:
Threshold 0.01:
Threshold 0.02:
Threshold 0.05:
Threshold 0.1:
Threshold 0.2:
Threshold 0.3333333333333333:
max k is :0
Number of Clusters after addition by greedy: 97
gradient0 in heuristiic: 97
partitions formed in 0.328 secs
Dynamic Programming starting after 0.328 secs
Using tree-based weight calculation.
Using polytree-based weight calculation.
Polytree max score: 4775670
Polytree building time: 0.049 seconds.
Number of quartet trees in the gene trees: 4775670
Size of largest cluster: 25
Greedy score: 4772118
estimationFactor: 1.0007443235896514
Sub-optimal score: 4772118
Total Number of elements weighted: 84
Normalized score (portion of input quartet trees satisfied before correcting for multiple individuals): 0.999256230015893
Optimization score: 4772118
Optimal tree inferred in 0.462 secs.
(19,(18,(((22,20),(21,(16,(24,23)))),((25,17),((4,(3,15)),(((2,8),(7,6)),((9,(5,1)),((12,11),(14,(13,10))))))))));
Final quartet score is: 4772118
Final normalized quartet score is: 0.999256230015893
(4,((3,15)1:5.662960480135966,((((2,8)1:5.762051382780159,(7,6)1:5.887954170738304)1:5.887954170738304,((9,(5,1)1:5.873056316057652)1:5.873056316057652,((12,11)1:5.891644211825773,(14,(13,10)1:5.842577766400242)1:5.933128970095011)1:5.871178381233502)1:5.891644211825773)1:5.874930730852028,((25,17)1:5.672177135240852,(((22,20)1:5.685844773969538,(21,(16,(24,23)1:5.828945617610211)1:5.836758157347004)1:5.780743515792307)1:5.725761381374982,(18,19)1:5.790979019686341)1:5.537334267018553)1:5.622813412122549)1:2.844501303830067));
Weight calculation took 0.025134221 secs
ASTRAL finished in 0.924 secs
