
================== ASTRAL ===================== 

This is ASTRAL version 5.6.3
Gene trees are treated as unrooted
1154 trees read from g_trees-raxml-sqlen-250-ngen-500.trees.tree
All output trees will be *arbitrarily* rooted at 3

======== Running the main analysis
Number of taxa: 25 (25 species)
Taxa: [3, 4, 12, 11, 9, 5, 1, 10, 14, 13, 6, 7, 2, 8, 19, 18, 22, 20, 21, 16, 24, 23, 25, 17, 15]
Taxon occupancy: {22=842, 23=883, 24=869, 25=845, 10=984, 11=966, 12=947, 13=954, 14=956, 15=874, 16=909, 17=845, 18=912, 19=899, 1=974, 2=911, 3=890, 4=905, 5=971, 6=951, 7=930, 8=918, 9=971, 20=888, 21=875}
Number of gene trees: 1154
1071 trees have missing taxa
Calculating quartet distance matrix (for completion of X)
Species tree distances calculated ...
Will attempt to complete bipartitions from X before adding using a distance matrix.
Building set of clusters (X) from gene trees 
------------------------------
gradient0: 715
Number of Clusters after addition by distance: 715
calculating extra bipartitions to be added at level 1 ...
Adding to X using resolutions of greedy consensus ...
Limit for sigma of degrees:675
polytomy size limit : 3
discarded polytomies:  []
Threshold 0.0:
Threshold 0.01:
Threshold 0.02:
Threshold 0.05:
Threshold 0.1:
Threshold 0.2:
Threshold 0.3333333333333333:
max k is :0
Number of Clusters after addition by greedy: 715
gradient0 in heuristiic: 715
partitions formed in 0.62 secs
Dynamic Programming starting after 0.62 secs
Using tree-based weight calculation.
Using polytree-based weight calculation.
Polytree max score: 6584557
Polytree building time: 0.102 seconds.
Number of quartet trees in the gene trees: 6584557
Size of largest cluster: 25
Greedy score: 5645395
estimationFactor: 1.1663589527393565
Sub-optimal score: 5890098
Total Number of elements weighted: 1606
Normalized score (portion of input quartet trees satisfied before correcting for multiple individuals): 0.9041879354981663
Optimization score: 5953677
Optimal tree inferred in 1.62 secs.
(9,((5,1),(((12,11),(14,(10,13))),(((6,7),(2,8)),((4,(3,15)),((25,17),((19,18),((22,20),(21,(16,(24,23)))))))))));
Final quartet score is: 5953677
Final normalized quartet score is: 0.9041879354981663
(3,(15,(4,(((25,17)1:6.30749109256892,((19,18)1:3.608050551107523,((22,20)1:0.7771137604746391,(21,(16,(24,23)1:2.561701507203783)1:1.359585683870913)1:1.603103158760047)1:1.8016698223485321)1:0.8221443120892007)1:5.627621113690643,(((6,7)1:3.812332594748268,(2,8)1:0.5397145283654982)1:0.2868088299185491,(((12,11)1:2.762723276965765,(14,(10,13)1:0.35237371137718876)1:2.270469359171708)1:0.3229429238003853,((5,1)1:0.4641216047181518,9)1:3.847866929192495)1:0.7587816806369009)1:2.1207131478577845)1:1.1742127397917752)1:3.9609962078487913));
Weight calculation took 0.823484762 secs
ASTRAL finished in 1.972 secs
