
================== ASTRAL ===================== 

This is ASTRAL version 5.6.3
Gene trees are treated as unrooted
265 trees read from g_trees-raxml-sqlen-100-ngen-100.trees.tree
All output trees will be *arbitrarily* rooted at 2

======== Running the main analysis
Number of taxa: 25 (25 species)
Taxa: [2, 12, 11, 14, 10, 13, 9, 5, 1, 3, 4, 17, 25, 8, 6, 7, 22, 20, 18, 19, 21, 24, 23, 16, 15]
Taxon occupancy: {22=168, 23=174, 24=173, 25=169, 10=213, 11=239, 12=229, 13=245, 14=226, 15=167, 16=171, 17=169, 18=196, 19=190, 1=217, 2=224, 3=191, 4=219, 5=217, 6=224, 7=224, 8=188, 9=214, 20=177, 21=180}
Number of gene trees: 265
250 trees have missing taxa
Calculating quartet distance matrix (for completion of X)
Species tree distances calculated ...
Will attempt to complete bipartitions from X before adding using a distance matrix.
Building set of clusters (X) from gene trees 
------------------------------
gradient0: 629
Number of Clusters after addition by distance: 629
calculating extra bipartitions to be added at level 1 ...
Adding to X using resolutions of greedy consensus ...
Limit for sigma of degrees:675
polytomy size limit : 3
discarded polytomies:  [3]
Threshold 0.0:
Threshold 0.01:
Threshold 0.02:
Threshold 0.05:
Threshold 0.1:
Threshold 0.2:
Threshold 0.3333333333333333:
polytomy of size 3; rounds with additions with at least 5 support: 0; clusters: 629
max k is :0
Number of Clusters after addition by greedy: 629
gradient0 in heuristiic: 629
partitions formed in 0.319 secs
Dynamic Programming starting after 0.319 secs
Using tree-based weight calculation.
Using polytree-based weight calculation.
Polytree max score: 1265901
Polytree building time: 0.035 seconds.
Number of quartet trees in the gene trees: 1265901
Size of largest cluster: 25
Greedy score: 1019337
estimationFactor: 1.2418866380794575
Sub-optimal score: 1059167
Total Number of elements weighted: 1546
Normalized score (portion of input quartet trees satisfied before correcting for multiple individuals): 0.8454958168134791
Optimization score: 1070314
Optimal tree inferred in 0.777 secs.
(21,((16,(24,23)),((22,20),((18,19),((17,25),((4,(3,15)),(((6,7),(2,8)),((12,11),((9,(5,1)),(14,(10,13)))))))))));
Final quartet score is: 1070314
Final normalized quartet score is: 0.8454958168134791
(2,(8,((6,7)1:4.121298167608077,(((12,11)1:0.9228367237530134,((9,(5,1)1:0.2383829320852493)1:2.182117521223356,(14,(10,13)1:0.3394224385277976)1:1.9322247106889987)1:0.231978033598896)1:0.49416704210062046,((4,(3,15)1:1.8012909154936072)1:1.3437591269769418,((17,25)1:4.644390899141376,((18,19)1:2.576774485401352,((22,20)1:0.5659444572296707,((16,(24,23)1:1.3543227205118236)1:0.4953073555134337,21)1:0.7230895837362029)1:1.6452858922224227)1:0.5226233389957055)1:4.373658385003369)1:0.8627570962926016)0.15:0.05492883722454489)1:0.33671751457643756));
Weight calculation took 0.360060028 secs
ASTRAL finished in 0.938 secs
