
================== ASTRAL ===================== 

This is ASTRAL version 5.6.3
Gene trees are treated as unrooted
58 trees read from g_trees-raxml-sqlen-25-ngen-25.trees.tree
All output trees will be *arbitrarily* rooted at 3

======== Running the main analysis
Number of taxa: 25 (25 species)
Taxa: [3, 6, 7, 10, 2, 1, 9, 5, 8, 13, 4, 21, 22, 20, 18, 19, 16, 24, 23, 25, 17, 14, 11, 12, 15]
Taxon occupancy: {22=33, 23=33, 24=31, 25=48, 10=47, 11=45, 12=47, 13=48, 14=48, 15=35, 16=34, 17=48, 18=39, 19=38, 1=43, 2=42, 3=42, 4=49, 5=43, 6=49, 7=50, 8=52, 9=43, 20=33, 21=41}
Number of gene trees: 58
56 trees have missing taxa
Calculating quartet distance matrix (for completion of X)
Species tree distances calculated ...
Will attempt to complete bipartitions from X before adding using a distance matrix.
Building set of clusters (X) from gene trees 
------------------------------
gradient0: 507
Number of Clusters after addition by distance: 507
calculating extra bipartitions to be added at level 1 ...
Adding to X using resolutions of greedy consensus ...
Limit for sigma of degrees:675
polytomy size limit : 8
discarded polytomies:  [3, 4, 4, 4, 6, 8]
Threshold 0.0:
Threshold 0.01:
Threshold 0.02:
polytomy of size 4; rounds with additions with at least 5 support: 3; clusters: 521
Threshold 0.05:
polytomy of size 4; rounds with additions with at least 5 support: 0; clusters: 521
Threshold 0.1:
polytomy of size 4; rounds with additions with at least 5 support: 0; clusters: 521
Threshold 0.2:
polytomy of size 6; rounds with additions with at least 5 support: 1; clusters: 531
Threshold 0.3333333333333333:
polytomy of size 3; rounds with additions with at least 5 support: 0; clusters: 531
polytomy of size 8; rounds with additions with at least 5 support: 2; clusters: 537
max k is :6
Number of Clusters after addition by greedy: 537
gradient0 in heuristiic: 537
partitions formed in 0.341 secs
Dynamic Programming starting after 0.342 secs
Using tree-based weight calculation.
Using polytree-based weight calculation.
Polytree max score: 243757
Polytree building time: 0.016 seconds.
Number of quartet trees in the gene trees: 243757
Size of largest cluster: 25
Greedy score: 162817
estimationFactor: 1.4971225363444849
Sub-optimal score: 169782
Total Number of elements weighted: 1085
Normalized score (portion of input quartet trees satisfied before correcting for multiple individuals): 0.724389453431081
Optimization score: 176575
Optimal tree inferred in 0.496 secs.
(17,(25,((18,19),(((22,20),(21,(16,(24,23)))),((4,(3,15)),((6,7),((11,12),((2,8),((5,(1,9)),(14,(10,13)))))))))));
Final quartet score is: 176575
Final normalized quartet score is: 0.724389453431081
(3,(15,(4,(((6,7)1:2.8028286074294995,((11,12)0.98:0.34058940887575573,((2,8)0.29:0.0,((5,(1,9)0.87:0.18800642953358707)1:1.566907349599979,(14,(10,13)0.9:0.21146218642129372)0.79:0.19182512635093701)0.93:0.2429980885192093)0.38:0.033133331045353195)0.75:0.13727768916150804)1:0.5262869131277373,(((22,20)0.76:0.17203940821966118,(21,(16,(24,23)0.9:0.29447275379430604)0.94:0.3199731008276157)0.5:0.06459753583781427)1:0.6964420764567976,((18,19)1:0.49254556134936867,(25,17)1:3.283414346005771)0.73:0.1458518770125633)1:1.4418642122747016)0.58:0.08088765913910057)0.82:0.20144763638118882));
Weight calculation took 0.087309184 secs
ASTRAL finished in 1.646 secs
