
================== ASTRAL ===================== 

This is ASTRAL version 5.6.3
Gene trees are treated as unrooted
832 trees read from g_trees-raxml-sqlen-0-ngen-500.trees.tree
All output trees will be *arbitrarily* rooted at 4

======== Running the main analysis
Number of taxa: 25 (25 species)
Taxa: [4, 3, 7, 6, 2, 8, 9, 5, 1, 12, 11, 14, 13, 10, 16, 24, 23, 21, 22, 20, 19, 18, 25, 17, 15]
Taxon occupancy: {22=659, 23=675, 24=682, 25=652, 10=749, 11=753, 12=746, 13=736, 14=738, 15=649, 16=686, 17=652, 18=673, 19=661, 1=746, 2=710, 3=678, 4=672, 5=747, 6=740, 7=736, 8=729, 9=748, 20=682, 21=669}
Number of gene trees: 832
724 trees have missing taxa
Calculating quartet distance matrix (for completion of X)
Species tree distances calculated ...
Will attempt to complete bipartitions from X before adding using a distance matrix.
Building set of clusters (X) from gene trees 
------------------------------
gradient0: 99
Number of Clusters after addition by distance: 99
calculating extra bipartitions to be added at level 1 ...
Adding to X using resolutions of greedy consensus ...
Limit for sigma of degrees:675
polytomy size limit : 3
discarded polytomies:  []
Threshold 0.0:
Threshold 0.01:
Threshold 0.02:
Threshold 0.05:
Threshold 0.1:
Threshold 0.2:
Threshold 0.3333333333333333:
max k is :0
Number of Clusters after addition by greedy: 99
gradient0 in heuristiic: 99
partitions formed in 0.421 secs
Dynamic Programming starting after 0.421 secs
Using tree-based weight calculation.
Using polytree-based weight calculation.
Polytree max score: 5944799
Polytree building time: 0.076 seconds.
Number of quartet trees in the gene trees: 5944799
Size of largest cluster: 25
Greedy score: 5943719
estimationFactor: 1.0001817044177224
Sub-optimal score: 5943719
Total Number of elements weighted: 85
Normalized score (portion of input quartet trees satisfied before correcting for multiple individuals): 0.999818328592775
Optimization score: 5943719
Optimal tree inferred in 0.615 secs.
(2,(8,((7,6),(((9,(5,1)),((12,11),(14,(13,10)))),((4,(3,15)),((25,17),((19,18),((22,20),(21,(16,(24,23)))))))))));
Final quartet score is: 5943719
Final normalized quartet score is: 0.999818328592775
(4,((3,15)1:5.906269701044745,(((25,17)1:6.065334395674426,((19,18)1:6.030685260261267,((22,20)1:5.332718793265364,(21,(16,(24,23)1:6.062233617996205)1:6.035481432524728)1:6.054439346269356)1:6.062233617996205)1:5.952377158399943)1:5.9224716756210345,(((9,(5,1)1:6.195765010620687)1:6.209260492095596,((12,11)1:6.15131324804985,(14,(13,10)1:6.103304028863537)1:6.169610732491493)1:6.1668174345858615)1:6.21727121584169,((7,6)1:6.186208623900526,(8,2)1:5.971261839790494)1:6.186208623900526)1:6.076112021168262)1:4.085042169559785));
Weight calculation took 0.056813698 secs
ASTRAL finished in 1.171 secs
