
================== ASTRAL ===================== 

This is ASTRAL version 5.6.3
Gene trees are treated as unrooted
74 trees read from g_trees-raxml-sqlen-50-ngen-25.trees.tree
All output trees will be *arbitrarily* rooted at 4

======== Running the main analysis
Number of taxa: 25 (25 species)
Taxa: [4, 3, 7, 6, 2, 8, 25, 17, 18, 19, 20, 21, 22, 16, 23, 24, 1, 9, 5, 10, 13, 14, 12, 11, 15]
Taxon occupancy: {22=49, 23=45, 24=43, 25=55, 10=63, 11=63, 12=65, 13=66, 14=66, 15=35, 16=45, 17=55, 18=58, 19=50, 1=64, 2=56, 3=45, 4=60, 5=64, 6=67, 7=69, 8=49, 9=64, 20=46, 21=46}
Number of gene trees: 74
72 trees have missing taxa
Calculating quartet distance matrix (for completion of X)
Species tree distances calculated ...
Will attempt to complete bipartitions from X before adding using a distance matrix.
Building set of clusters (X) from gene trees 
------------------------------
gradient0: 413
Number of Clusters after addition by distance: 413
calculating extra bipartitions to be added at level 1 ...
Adding to X using resolutions of greedy consensus ...
Limit for sigma of degrees:675
polytomy size limit : 6
discarded polytomies:  [6]
Threshold 0.0:
Threshold 0.01:
Threshold 0.02:
Threshold 0.05:
Threshold 0.1:
Threshold 0.2:
Threshold 0.3333333333333333:
polytomy of size 6; rounds with additions with at least 5 support: 0; clusters: 413
max k is :0
Number of Clusters after addition by greedy: 413
gradient0 in heuristiic: 413
partitions formed in 0.182 secs
Dynamic Programming starting after 0.182 secs
Using tree-based weight calculation.
Using polytree-based weight calculation.
Polytree max score: 343347
Polytree building time: 0.018 seconds.
Number of quartet trees in the gene trees: 343347
Size of largest cluster: 25
Greedy score: 260183
estimationFactor: 1.3196365634956935
Sub-optimal score: 261841
Total Number of elements weighted: 742
Normalized score (portion of input quartet trees satisfied before correcting for multiple individuals): 0.7676781798006099
Optimization score: 263580
Optimal tree inferred in 0.297 secs.
(2,(8,((14,(9,(1,5))),(((12,11),(10,13)),((7,6),((3,15),(4,((25,17),((18,19),((20,22),(16,(21,(23,24)))))))))))));
Final quartet score is: 263580
Final normalized quartet score is: 0.7676781798006099
(4,(((25,17)1:3.5263605246161593,((18,19)1:1.6711233645892645,((20,22)1:0.48745585537758934,(16,(21,(23,24)1:0.5350296300906472)0.63:0.1250433198209462)0.99:0.37570406094733416)1:0.6876580716402722)1:0.446974151779458)1:1.0014485402144617,((3,15)1:0.6443570163905135,((7,6)1:3.799227511282799,(((12,11)1:1.1567436093223928,(10,13)1:0.6960045907109382)0.61:0.1206625929091491,((14,(9,(1,5)0.66:0.09557063038529962)1:1.7375765808475934)0.86:0.15332421034891006,(8,2)0.88:0.240295075293627)0.61:0.07282456524424592)0.47:0.07527872383587132)1:1.471339942312333)0.01:0.08220202385158554));
Weight calculation took 0.058778539 secs
ASTRAL finished in 0.397 secs
