
================== ASTRAL ===================== 

This is ASTRAL version 5.6.3
Gene trees are treated as unrooted
50 trees read from g_trees-raxml-sqlen-250-ngen-50-s2g.trees
All output trees will be *arbitrarily* rooted at 14

======== Running the main analysis
Number of taxa: 98 (25 species)
Taxa: {22=[22_5, 22_4, 22_3, 22_2, 22_1], 23=[23_3, 23_2, 23_1], 24=[24_4, 24_3, 24_2, 24_1], 25=[25_3, 25_2, 25_1], 10=[10_4, 10_3, 10_2, 10_1], 11=[11_4, 11_3, 11_2, 11_1], 12=[12_3, 12_2, 12_1], 13=[13_4, 13_3, 13_2, 13_1, 13_5], 14=[14_3, 14_2, 14_1], 15=[15_2, 15_1, 15_5, 15_4, 15_3], 16=[16_1, 16_4, 16_3, 16_2], 17=[17_4, 17_3, 17_2, 17_1], 18=[18_3, 18_2, 18_1], 19=[19_4, 19_3, 19_2, 19_1], 1=[1_1, 1_2, 1_3, 1_4, 1_5], 2=[2_1, 2_2, 2_3, 2_4, 2_5], 3=[3_1, 3_2, 3_3, 3_4], 4=[4_1, 4_2, 4_3], 5=[5_1, 5_2, 5_3], 6=[6_1, 6_2, 6_3, 6_4], 7=[7_1, 7_2, 7_3, 7_4], 8=[8_1, 8_2, 8_3, 8_4, 8_5], 9=[9_1, 9_2, 9_3, 9_4], 20=[20_3, 20_2, 20_1], 21=[21_4, 21_3, 21_2, 21_1]}
Taxon occupancy: {14_3=1, 14_2=11, 14_1=41, 10_4=1, 10_3=4, 10_2=12, 10_1=38, 18_3=1, 18_2=11, 18_1=41, 25_3=3, 25_2=12, 25_1=39, 21_4=1, 21_3=3, 3_1=35, 21_2=11, 21_1=40, 3_2=9, 3_3=3, 3_4=1, 7_1=37, 7_2=10, 7_3=2, 7_4=1, 13_4=1, 13_3=4, 13_2=10, 13_1=36, 17_4=1, 17_3=5, 17_2=12, 17_1=38, 13_5=1, 24_4=1, 24_3=2, 24_2=9, 24_1=42, 2_1=37, 20_3=3, 2_2=9, 20_2=8, 2_3=3, 20_1=41, 2_4=1, 6_1=41, 2_5=1, 6_2=16, 6_3=4, 6_4=1, 16_1=37, 12_3=1, 12_2=6, 12_1=35, 16_4=1, 16_3=2, 16_2=9, 23_3=4, 1_1=37, 23_2=11, 23_1=39, 1_2=9, 1_3=3, 1_4=1, 5_1=38, 1_5=1, 5_2=11, 5_3=2, 9_1=40, 9_2=12, 9_3=2, 9_4=1, 15_2=8, 15_1=39, 11_4=1, 11_3=2, 11_2=12, 11_1=40, 19_4=1, 19_3=2, 19_2=9, 19_1=40, 15_5=1, 15_4=2, 15_3=4, 22_5=1, 22_4=1, 22_3=3, 22_2=8, 22_1=40, 4_1=37, 4_2=11, 4_3=2, 8_1=37, 8_2=7, 8_3=4, 8_4=2, 8_5=1}
Number of gene trees: 50
50 trees have missing taxa
Calculating quartet distance matrix (for completion of X)
Species tree distances calculated ...
Will attempt to complete bipartitions from X before adding using a distance matrix.
Building set of clusters (X) from gene trees 
In second round sampling 3 rounds will be done
------------------------------
gradient0: 263
------------------------------
gradient1: 86
------------------------------
gradient2: 36
Number of Clusters after addition by distance: 385
calculating extra bipartitions to be added at level 1 ...
Adding to X using resolutions of greedy consensus ...
Limit for sigma of degrees:675
polytomy size limit : 3
discarded polytomies:  []
Threshold 0.0:
Threshold 0.01:
Threshold 0.02:
Threshold 0.05:
Threshold 0.1:
Threshold 0.2:
Threshold 0.3333333333333333:
max k is :0
Number of Clusters after addition by greedy: 385
gradient0 in heuristiic: 385
calculating extra bipartitions to be added at level 1 ...
Adding to X using resolutions of greedy consensus ...
Limit for sigma of degrees:675
polytomy size limit : 3
discarded polytomies:  [3]
Threshold 0.0:
Threshold 0.01:
Threshold 0.02:
Threshold 0.05:
Threshold 0.1:
Threshold 0.2:
Threshold 0.3333333333333333:
polytomy of size 3; rounds with additions with at least 5 support: 0; clusters: 385
max k is :0
Number of Clusters after addition by greedy: 385
gradient1 in heuristiic: 0
calculating extra bipartitions to be added at level 1 ...
Adding to X using resolutions of greedy consensus ...
Limit for sigma of degrees:675
polytomy size limit : 3
discarded polytomies:  []
Threshold 0.0:
Threshold 0.01:
Threshold 0.02:
Threshold 0.05:
Threshold 0.1:
Threshold 0.2:
Threshold 0.3333333333333333:
max k is :0
Number of Clusters after addition by greedy: 385
gradient2 in heuristiic: 0
partitions formed in 7.229 secs
Dynamic Programming starting after 7.229 secs
Using tree-based weight calculation.
Using polytree-based weight calculation.
Polytree max score: 1759894
Polytree building time: 0.021 seconds.
Number of quartet trees in the gene trees: 1753612
Size of largest cluster: 98
Greedy score: 1119625
estimationFactor: 1.5718602210561572
Sub-optimal score: 1145669
Total Number of elements weighted: 726
Normalized score (portion of input quartet trees satisfied before correcting for multiple individuals): 0.6733234033526231
Optimization score: 1180748
Optimal tree inferred in 7.407 secs.
(23,(17,((10,5),((13,16),(((14,18),(24,20)),(8,((3,(2,1)),((7,4),(12,((19,(15,22)),(6,(25,(21,(9,11))))))))))))));
Final quartet score is: 1254827
Final normalized quartet score is: 0.7155670695684108
You may want to ignore posterior probabilities and other statistics related to the following branch branch because the effective number of genes impacting it is only 7:
	{14}
You may want to ignore posterior probabilities and other statistics related to the following branch branch because the effective number of genes impacting it is only 7:
	{18}
You may want to ignore posterior probabilities and other statistics related to the following branch branch because the effective number of genes impacting it is only 5:
	{24}
You may want to ignore posterior probabilities and other statistics related to the following branch branch because the effective number of genes impacting it is only 6:
	{20}
You may want to ignore posterior probabilities and other statistics related to the following branch branch because the effective number of genes impacting it is only 4:
	{8}
You may want to ignore posterior probabilities and other statistics related to the following branch branch because the effective number of genes impacting it is only 5:
	{3}
You may want to ignore posterior probabilities and other statistics related to the following branch branch because the effective number of genes impacting it is only 4:
	{2}
You may want to ignore posterior probabilities and other statistics related to the following branch branch because the effective number of genes impacting it is only 4:
	{1}
You may want to ignore posterior probabilities and other statistics related to the following branch branch because the effective number of genes impacting it is only 5:
	{7}
You may want to ignore posterior probabilities and other statistics related to the following branch branch because the effective number of genes impacting it is only 8:
	{4}
You may want to ignore posterior probabilities and other statistics related to the following branch branch because the effective number of genes impacting it is only 4:
	{12}
You may want to ignore posterior probabilities and other statistics related to the following branch branch because the effective number of genes impacting it is only 5:
	{19}
You may want to ignore posterior probabilities and other statistics related to the following branch branch because the effective number of genes impacting it is only 4:
	{15}
You may want to ignore posterior probabilities and other statistics related to the following branch branch because the effective number of genes impacting it is only 4:
	{22}
You may want to ignore posterior probabilities and other statistics related to the following branch branch because the effective number of genes impacting it is only 9:
	{6}
You may want to ignore posterior probabilities and other statistics related to the following branch branch because the effective number of genes impacting it is only 9:
	{25}
You may want to ignore posterior probabilities and other statistics related to the following branch branch because the effective number of genes impacting it is only 6:
	{21}
You may want to ignore posterior probabilities and other statistics related to the following branch branch because the effective number of genes impacting it is only 6:
	{9}
You may want to ignore posterior probabilities and other statistics related to the following branch branch because the effective number of genes impacting it is only 6:
	{11}
You may want to ignore posterior probabilities and other statistics related to the following branch branch because the effective number of genes impacting it is only 4:
	{13}
You may want to ignore posterior probabilities and other statistics related to the following branch branch because the effective number of genes impacting it is only 5:
	{16}
You may want to ignore posterior probabilities and other statistics related to the following branch branch because the effective number of genes impacting it is only 7:
	{10}
You may want to ignore posterior probabilities and other statistics related to the following branch branch because the effective number of genes impacting it is only 7:
	{5}
You may want to ignore posterior probabilities and other statistics related to the following branch branch because the effective number of genes impacting it is only 7:
	{17}
You may want to ignore posterior probabilities and other statistics related to the following branch branch because the effective number of genes impacting it is only 8:
	{23}
((14_3,14_2,14_1)0.07:0.0,((18_3,18_2,18_1)0.07:0.0,(((24_4,24_3,24_2,24_1)0.18:0.0,(20_3,20_2,20_1)0.12:0.0)1:1.2586236044571,(((8_1,8_2,8_3,8_4,8_5)0.63:0.20679441331268014,(((3_1,3_2,3_3,3_4)0.39:0.0,((2_1,2_2,2_3,2_4,2_5)0.13:0.0,(1_1,1_2,1_3,1_4,1_5)0.13:0.0)1:1.2317628014556148)1:2.890371757896163,(((7_1,7_2,7_3,7_4)0.13:0.0,(4_1,4_2,4_3)0.11:0.0)1:2.0618864729234527,((12_3,12_2,12_1)0.27:0.0,(((19_4,19_3,19_2,19_1)0.19:0.0,((15_2,15_1,15_5,15_4,15_3)0.19:0.0,(22_5,22_4,22_3,22_2,22_1)0.15:0.0)0.93:0.24119614830708724)1:1.4608853880402988,((6_1,6_2,6_3,6_4)0.33:0.0,((25_3,25_2,25_1)0.21:0.0,((21_4,21_3,21_2,21_1)0.17:0.0,((9_1,9_2,9_3,9_4)0.09:0.0,(11_4,11_3,11_2,11_1)0.09:0.0)1:1.2005981942753299)1:1.3387384498834056)0.79:0.15599652546915263)1:0.6855836193435031)1:0.9040337272729746)0.8:0.17617325670967487)1:1.4271163556401456)1:1.8465281987698203)1:0.6081795473362533,(((13_4,13_3,13_2,13_1,13_5)0.46:0.03678772528030209,(16_1,16_4,16_3,16_2)0.41:0.0)0.94:0.28289060763038293,(((10_4,10_3,10_2,10_1)0.3:0.0,(5_1,5_2,5_3)0.32:0.0)1:1.0327311251948768,((17_4,17_3,17_2,17_1)0.11:0.0,(23_3,23_2,23_1)0.08:0.0)1:1.6242951602198588)1:0.5251780986950666)1:0.44996935162780943)1:2.126883930296389)1:1.371662698851826));
Weight calculation took 0.171834494 secs
ASTRAL finished in 7.579 secs
