
================== ASTRAL ===================== 

This is ASTRAL version 5.6.3
Gene trees are treated as unrooted
100 trees read from g_trees-raxml-sqlen-250-ngen-100-s2g.trees
All output trees will be *arbitrarily* rooted at 14

======== Running the main analysis
Number of taxa: 101 (25 species)
Taxa: {22=[22_5, 22_4, 22_3, 22_2, 22_1], 23=[23_4, 23_3, 23_2, 23_1], 24=[24_4, 24_3, 24_2, 24_1], 25=[25_3, 25_2, 25_1], 10=[10_4, 10_3, 10_2, 10_1], 11=[11_4, 11_3, 11_2, 11_1], 12=[12_4, 12_3, 12_2, 12_1], 13=[13_4, 13_3, 13_2, 13_1, 13_5], 14=[14_3, 14_2, 14_1], 15=[15_2, 15_1, 15_5, 15_4, 15_3], 16=[16_1, 16_4, 16_3, 16_2], 17=[17_4, 17_3, 17_2, 17_1], 18=[18_3, 18_2, 18_1], 19=[19_4, 19_3, 19_2, 19_1], 1=[1_1, 1_2, 1_3, 1_4, 1_5], 2=[2_1, 2_2, 2_3, 2_4, 2_5], 3=[3_1, 3_2, 3_3, 3_4], 4=[4_1, 4_2, 4_3], 5=[5_1, 5_2, 5_3, 5_4], 6=[6_1, 6_2, 6_3, 6_4], 7=[7_1, 7_2, 7_3, 7_4], 8=[8_1, 8_2, 8_3, 8_4, 8_5], 9=[9_1, 9_2, 9_3, 9_4], 20=[20_3, 20_2, 20_1], 21=[21_4, 21_3, 21_2, 21_1]}
Taxon occupancy: {14_3=2, 14_2=25, 14_1=81, 10_4=2, 10_3=9, 10_2=26, 10_1=83, 18_3=1, 18_2=25, 18_1=81, 25_3=3, 25_2=18, 25_1=74, 21_4=1, 21_3=3, 3_1=75, 21_2=15, 21_1=73, 3_2=18, 3_3=7, 3_4=1, 7_1=71, 7_2=15, 7_3=2, 7_4=1, 13_4=1, 13_3=5, 13_2=18, 13_1=78, 17_4=2, 17_3=8, 17_2=23, 17_1=80, 13_5=1, 24_4=2, 24_3=3, 24_2=21, 24_1=84, 2_1=79, 20_3=5, 2_2=19, 20_2=22, 2_3=5, 20_1=83, 2_4=1, 6_1=73, 2_5=1, 6_2=21, 6_3=5, 6_4=1, 16_1=83, 12_4=1, 12_3=4, 12_2=19, 12_1=73, 16_4=2, 16_3=4, 16_2=22, 23_4=1, 23_3=6, 1_1=79, 23_2=19, 23_1=81, 1_2=18, 1_3=5, 1_4=1, 5_1=82, 1_5=1, 5_2=23, 5_3=5, 5_4=1, 9_1=72, 9_2=16, 9_3=2, 9_4=1, 15_2=18, 15_1=72, 11_4=1, 11_3=2, 11_2=16, 11_1=72, 19_4=1, 19_3=4, 19_2=16, 19_1=72, 15_5=1, 15_4=2, 15_3=6, 22_5=1, 22_4=1, 22_3=5, 22_2=18, 22_1=72, 4_1=71, 4_2=16, 4_3=2, 8_1=75, 8_2=17, 8_3=5, 8_4=3, 8_5=2}
Number of gene trees: 100
100 trees have missing taxa
Calculating quartet distance matrix (for completion of X)
Species tree distances calculated ...
Will attempt to complete bipartitions from X before adding using a distance matrix.
Building set of clusters (X) from gene trees 
In second round sampling 4 rounds will be done
------------------------------
gradient0: 297
------------------------------
gradient1: 86
------------------------------
gradient2: 50
------------------------------
gradient3: 22
Number of Clusters after addition by distance: 455
calculating extra bipartitions to be added at level 1 ...
Adding to X using resolutions of greedy consensus ...
Limit for sigma of degrees:675
polytomy size limit : 3
discarded polytomies:  [3]
Threshold 0.0:
Threshold 0.01:
Threshold 0.02:
Threshold 0.05:
Threshold 0.1:
Threshold 0.2:
Threshold 0.3333333333333333:
polytomy of size 3; rounds with additions with at least 5 support: 0; clusters: 455
max k is :0
Number of Clusters after addition by greedy: 455
gradient0 in heuristiic: 455
calculating extra bipartitions to be added at level 1 ...
Adding to X using resolutions of greedy consensus ...
Limit for sigma of degrees:675
polytomy size limit : 3
discarded polytomies:  []
Threshold 0.0:
Threshold 0.01:
Threshold 0.02:
Threshold 0.05:
Threshold 0.1:
Threshold 0.2:
Threshold 0.3333333333333333:
max k is :0
Number of Clusters after addition by greedy: 455
gradient1 in heuristiic: 0
calculating extra bipartitions to be added at level 1 ...
Adding to X using resolutions of greedy consensus ...
Limit for sigma of degrees:675
polytomy size limit : 3
discarded polytomies:  []
Threshold 0.0:
Threshold 0.01:
Threshold 0.02:
Threshold 0.05:
Threshold 0.1:
Threshold 0.2:
Threshold 0.3333333333333333:
max k is :0
Number of Clusters after addition by greedy: 455
gradient2 in heuristiic: 0
calculating extra bipartitions to be added at level 1 ...
Adding to X using resolutions of greedy consensus ...
Limit for sigma of degrees:675
polytomy size limit : 3
discarded polytomies:  []
Threshold 0.0:
Threshold 0.01:
Threshold 0.02:
Threshold 0.05:
Threshold 0.1:
Threshold 0.2:
Threshold 0.3333333333333333:
max k is :0
Number of Clusters after addition by greedy: 455
gradient3 in heuristiic: 0
partitions formed in 9.675 secs
Dynamic Programming starting after 9.675 secs
Using tree-based weight calculation.
Using polytree-based weight calculation.
Polytree max score: 2731492
Polytree building time: 0.025 seconds.
Number of quartet trees in the gene trees: 2723282
Size of largest cluster: 101
Greedy score: 1771836
estimationFactor: 1.5416162834437601
Sub-optimal score: 1847210
Total Number of elements weighted: 993
Normalized score (portion of input quartet trees satisfied before correcting for multiple individuals): 0.6981313356457393
Optimization score: 1901208
Optimal tree inferred in 9.919 secs.
(20,(24,((14,18),(((13,16),((17,23),(10,5))),(8,((3,(2,1)),((7,4),(12,((19,(15,22)),(6,(25,(21,(9,11)))))))))))));
Final quartet score is: 2009441
Final normalized quartet score is: 0.7378747408457883
You may want to ignore posterior probabilities and other statistics related to the following branch branch because the effective number of genes impacting it is only 17:
	{14}
You may want to ignore posterior probabilities and other statistics related to the following branch branch because the effective number of genes impacting it is only 17:
	{18}
You may want to ignore posterior probabilities and other statistics related to the following branch branch because the effective number of genes impacting it is only 7:
	{13}
You may want to ignore posterior probabilities and other statistics related to the following branch branch because the effective number of genes impacting it is only 12:
	{16}
You may want to ignore posterior probabilities and other statistics related to the following branch branch because the effective number of genes impacting it is only 14:
	{17}
You may want to ignore posterior probabilities and other statistics related to the following branch branch because the effective number of genes impacting it is only 11:
	{23}
You may want to ignore posterior probabilities and other statistics related to the following branch branch because the effective number of genes impacting it is only 15:
	{10}
You may want to ignore posterior probabilities and other statistics related to the following branch branch because the effective number of genes impacting it is only 12:
	{5}
You may want to ignore posterior probabilities and other statistics related to the following branch branch because the effective number of genes impacting it is only 8:
	{8}
You may want to ignore posterior probabilities and other statistics related to the following branch branch because the effective number of genes impacting it is only 11:
	{3}
You may want to ignore posterior probabilities and other statistics related to the following branch branch because the effective number of genes impacting it is only 9:
	{2}
You may want to ignore posterior probabilities and other statistics related to the following branch branch because the effective number of genes impacting it is only 8:
	{1}
You may want to ignore posterior probabilities and other statistics related to the following branch branch because the effective number of genes impacting it is only 8:
	{7}
You may want to ignore posterior probabilities and other statistics related to the following branch branch because the effective number of genes impacting it is only 11:
	{4}
You may want to ignore posterior probabilities and other statistics related to the following branch branch because the effective number of genes impacting it is only 10:
	{12}
You may want to ignore posterior probabilities and other statistics related to the following branch branch because the effective number of genes impacting it is only 9:
	{19}
You may want to ignore posterior probabilities and other statistics related to the following branch branch because the effective number of genes impacting it is only 8:
	{15}
You may want to ignore posterior probabilities and other statistics related to the following branch branch because the effective number of genes impacting it is only 8:
	{22}
You may want to ignore posterior probabilities and other statistics related to the following branch branch because the effective number of genes impacting it is only 12:
	{6}
You may want to ignore posterior probabilities and other statistics related to the following branch branch because the effective number of genes impacting it is only 12:
	{25}
You may want to ignore posterior probabilities and other statistics related to the following branch branch because the effective number of genes impacting it is only 8:
	{21}
You may want to ignore posterior probabilities and other statistics related to the following branch branch because the effective number of genes impacting it is only 8:
	{9}
You may want to ignore posterior probabilities and other statistics related to the following branch branch because the effective number of genes impacting it is only 8:
	{11}
You may want to ignore posterior probabilities and other statistics related to the following branch branch because the effective number of genes impacting it is only 11:
	{24}
You may want to ignore posterior probabilities and other statistics related to the following branch branch because the effective number of genes impacting it is only 16:
	{20}
((14_3,14_2,14_1)0.03:0.0,((18_3,18_2,18_1)0.03:0.0,(((((13_4,13_3,13_2,13_1,13_5)0.56:0.11934575199960969,(16_1,16_4,16_3,16_2)0.47:0.04946922447963255)0.96:0.2070018138030736,(((17_4,17_3,17_2,17_1)0.1:0.0,(23_4,23_3,23_2,23_1)0.08:0.0)1:1.8707087345830993,((10_4,10_3,10_2,10_1)0.18:0.0,(5_1,5_2,5_3,5_4)0.34:0.0)1:1.2252719427344)1:0.5841932494150168)1:0.3800914183944712,((8_1,8_2,8_3,8_4,8_5)0.92:0.4858723136898732,(((3_1,3_2,3_3,3_4)0.45:0.04038806090528818,((2_1,2_2,2_3,2_4,2_5)0.08:0.0,(1_1,1_2,1_3,1_4,1_5)0.08:0.0)1:1.6353494388945373)1:3.601868077124306,(((7_1,7_2,7_3,7_4)0.12:0.0,(4_1,4_2,4_3)0.1:0.0)1:2.5567387611370838,((12_4,12_3,12_2,12_1)0.91:0.41713690589216956,(((19_4,19_3,19_2,19_1)0.11:0.0,((15_2,15_1,15_5,15_4,15_3)0.16:0.0,(22_5,22_4,22_3,22_2,22_1)0.15:0.0)1:0.38668720761651604)1:1.7670869203707076,((6_1,6_2,6_3,6_4)0.35:0.0,((25_3,25_2,25_1)0.19:0.0,((21_4,21_3,21_2,21_1)0.12:0.0,((9_1,9_2,9_3,9_4)0.07:0.0,(11_4,11_3,11_2,11_1)0.08:0.0)1:1.6170666789027404)1:1.7073602443395142)1:0.3109072581801714)1:0.8045700176313528)1:0.8454315620606455)0.92:0.18344378561973018)1:1.6297036098936835)1:1.4865284622699455)1:0.6156856376377724)1:1.9442875487950035,((24_4,24_3,24_2,24_1)0.1:0.0,(20_3,20_2,20_1)0.07:0.0)1:0.98554980930856)1:1.4321567167412945));
Weight calculation took 0.17417212 secs
ASTRAL finished in 11.54 secs
