
================== ASTRAL ===================== 

This is ASTRAL version 5.6.3
Gene trees are treated as unrooted
384 trees read from g_trees-raxml-sqlen-0-ngen-50.trees.tree
All output trees will be *arbitrarily* rooted at 13

======== Running the main analysis
Number of taxa: 25 (25 species)
Taxa: [13, 10, 23, 17, 14, 18, 24, 20, 8, 7, 4, 25, 21, 9, 11, 6, 15, 22, 19, 1, 2, 3, 12, 16, 5]
Taxon occupancy: {22=263, 23=323, 24=329, 25=258, 10=343, 11=257, 12=238, 13=291, 14=329, 15=262, 16=299, 17=305, 18=329, 19=236, 1=318, 2=318, 3=299, 4=254, 5=324, 6=279, 7=254, 8=343, 9=257, 20=322, 21=248}
Number of gene trees: 384
328 trees have missing taxa
Calculating quartet distance matrix (for completion of X)
Species tree distances calculated ...
Will attempt to complete bipartitions from X before adding using a distance matrix.
Building set of clusters (X) from gene trees 
------------------------------
gradient0: 97
Number of Clusters after addition by distance: 97
calculating extra bipartitions to be added at level 1 ...
Adding to X using resolutions of greedy consensus ...
Limit for sigma of degrees:675
polytomy size limit : 3
discarded polytomies:  []
Threshold 0.0:
Threshold 0.01:
Threshold 0.02:
Threshold 0.05:
Threshold 0.1:
Threshold 0.2:
Threshold 0.3333333333333333:
max k is :0
Number of Clusters after addition by greedy: 97
gradient0 in heuristiic: 97
partitions formed in 0.242 secs
Dynamic Programming starting after 0.242 secs
Using tree-based weight calculation.
Using polytree-based weight calculation.
Polytree max score: 2122436
Polytree building time: 0.037 seconds.
Number of quartet trees in the gene trees: 2122436
Size of largest cluster: 25
Greedy score: 2122436
estimationFactor: 1.0
Sub-optimal score: 2122436
Total Number of elements weighted: 85
Normalized score (portion of input quartet trees satisfied before correcting for multiple individuals): 1.0
Optimization score: 2122436
Optimal tree inferred in 0.347 secs.
(2,(1,(3,(((7,4),(12,((19,(15,22)),(6,(25,(21,(9,11))))))),(8,(((14,18),(24,20)),((13,16),((10,5),(23,17)))))))));
Final quartet score is: 2122436
Final normalized quartet score is: 1.0
(13,(16,(((10,5)1:5.211305989558401,(23,17)1:5.278114659230516)1:5.278114659230516,(((14,18)1:5.393627546352355,(24,20)1:5.359725994676675)1:5.387548500275979,(8,(((7,4)1:5.127924380619362,(12,((19,(15,22)1:5.04127226355815)1:5.049856007249541,(6,(25,(21,(9,11)1:5.07517381523383)1:4.965172920019501)1:5.083472618048526)1:5.151362953591375)1:4.988162438244203)1:4.992697593409592)1:4.90280258929304,(3,(1,2)1:5.291628378397225)1:4.946393025367891)1:4.907740870933624)1:5.28489434621589)1:5.36908643743626)1:5.119987831023621));
Weight calculation took 0.02575685 secs
ASTRAL finished in 0.608 secs
