
================== ASTRAL ===================== 

This is ASTRAL version 5.6.3
Gene trees are treated as unrooted
754 trees read from g_trees-raxml-sqlen-0-ngen-100.trees.tree
All output trees will be *arbitrarily* rooted at 13

======== Running the main analysis
Number of taxa: 25 (25 species)
Taxa: [13, 10, 23, 17, 14, 18, 24, 20, 8, 7, 4, 25, 21, 9, 11, 6, 15, 22, 19, 1, 2, 3, 12, 16, 5]
Taxon occupancy: {22=490, 23=633, 24=656, 25=528, 10=690, 11=475, 12=539, 13=574, 14=618, 15=501, 16=623, 17=633, 18=618, 19=470, 1=639, 2=639, 3=611, 4=527, 5=636, 6=517, 7=527, 8=631, 9=475, 20=654, 21=479}
Number of gene trees: 754
656 trees have missing taxa
Calculating quartet distance matrix (for completion of X)
Species tree distances calculated ...
Will attempt to complete bipartitions from X before adding using a distance matrix.
Building set of clusters (X) from gene trees 
------------------------------
gradient0: 97
Number of Clusters after addition by distance: 97
calculating extra bipartitions to be added at level 1 ...
Adding to X using resolutions of greedy consensus ...
Limit for sigma of degrees:675
polytomy size limit : 3
discarded polytomies:  []
Threshold 0.0:
Threshold 0.01:
Threshold 0.02:
Threshold 0.05:
Threshold 0.1:
Threshold 0.2:
Threshold 0.3333333333333333:
max k is :0
Number of Clusters after addition by greedy: 97
gradient0 in heuristiic: 97
partitions formed in 0.382 secs
Dynamic Programming starting after 0.382 secs
Using tree-based weight calculation.
Using polytree-based weight calculation.
Polytree max score: 4235032
Polytree building time: 0.052 seconds.
Number of quartet trees in the gene trees: 4235032
Size of largest cluster: 25
Greedy score: 4235032
estimationFactor: 1.0
Sub-optimal score: 4235032
Total Number of elements weighted: 85
Normalized score (portion of input quartet trees satisfied before correcting for multiple individuals): 1.0
Optimization score: 4235032
Optimal tree inferred in 0.547 secs.
(2,(1,(3,(((7,4),(12,((19,(15,22)),(6,(25,(21,(9,11))))))),(8,(((14,18),(24,20)),((13,16),((10,5),(23,17)))))))));
Final quartet score is: 4235032
Final normalized quartet score is: 1.0
(13,(16,(((10,5)1:5.900810178839867,(23,17)1:5.9780415267758675)1:6.017781855425347,(((14,18)1:6.021023349349504,(24,20)1:5.974657428791616)1:6.007993849059205,(8,(((7,4)1:5.8579331544834865,(12,((19,(15,22)1:5.699328124306799)1:5.732261945978064,(6,(25,(21,(9,11)1:5.721404076006044)1:5.644268347123782)1:5.641907070938112)1:5.774551545544389)1:5.681309618804124)1:5.734419444118069)1:5.699328124306799,(3,(1,2)1:5.991464547107959)1:5.753630280383757)1:5.662960480135966)1:5.924255797414507)1:6.0806956808359605)1:5.797070409079776));
Weight calculation took 0.028025626 secs
ASTRAL finished in 1.791 secs
