
================== ASTRAL ===================== 

This is ASTRAL version 5.6.3
Gene trees are treated as unrooted
995 trees read from g_trees-raxml-sqlen-0-ngen-500.trees.tree
All output trees will be *arbitrarily* rooted at 13

======== Running the main analysis
Number of taxa: 25 (25 species)
Taxa: [13, 10, 23, 17, 14, 18, 24, 20, 8, 4, 7, 25, 21, 9, 11, 6, 15, 22, 19, 1, 2, 3, 12, 16, 5]
Taxon occupancy: {22=828, 23=809, 24=820, 25=818, 10=837, 11=810, 12=811, 13=774, 14=838, 15=827, 16=808, 17=804, 18=839, 19=813, 1=725, 2=727, 3=699, 4=811, 5=791, 6=844, 7=817, 8=830, 9=810, 20=817, 21=807}
Number of gene trees: 995
952 trees have missing taxa
Calculating quartet distance matrix (for completion of X)
Species tree distances calculated ...
Will attempt to complete bipartitions from X before adding using a distance matrix.
Building set of clusters (X) from gene trees 
------------------------------
gradient0: 99
Number of Clusters after addition by distance: 99
calculating extra bipartitions to be added at level 1 ...
Adding to X using resolutions of greedy consensus ...
Limit for sigma of degrees:675
polytomy size limit : 3
discarded polytomies:  []
Threshold 0.0:
Threshold 0.01:
Threshold 0.02:
Threshold 0.05:
Threshold 0.1:
Threshold 0.2:
Threshold 0.3333333333333333:
max k is :0
Number of Clusters after addition by greedy: 99
gradient0 in heuristiic: 99
partitions formed in 0.503 secs
Dynamic Programming starting after 0.503 secs
Using tree-based weight calculation.
Using polytree-based weight calculation.
Polytree max score: 5862123
Polytree building time: 0.075 seconds.
Number of quartet trees in the gene trees: 5862123
Size of largest cluster: 25
Greedy score: 5861803
estimationFactor: 1.0000545907121068
Sub-optimal score: 5861803
Total Number of elements weighted: 87
Normalized score (portion of input quartet trees satisfied before correcting for multiple individuals): 0.9999454122678764
Optimization score: 5861803
Optimal tree inferred in 0.745 secs.
(2,(1,(3,(((4,7),(12,((19,(15,22)),(6,(25,(21,(9,11))))))),(8,(((14,18),(24,20)),((13,16),((10,5),(23,17)))))))));
Final quartet score is: 5861803
Final normalized quartet score is: 0.9999454122678764
(13,(16,(((10,5)1:6.086774726912337,(23,17)1:6.213273875409043)1:6.213273875409043,(((14,18)1:6.30749109256892,(24,20)1:6.211937869866309)1:6.302618975744909,(8,(((4,7)1:6.275389570682087,(12,((19,(15,22)1:6.240925406739607)1:6.25126141607026,(6,(25,(21,(9,11)1:6.267832859659451)1:6.165417854231424)1:6.128323729825177)1:6.219927259899816)1:6.156978985585584)1:6.128323729825177)1:6.032286541628208,(3,(1,2)1:6.049733455231923)1:5.962722078242311)1:4.917544871030243)1:6.198478716492343)1:6.305058001344239)1:6.0958245624322105));
Weight calculation took 0.069718715 secs
ASTRAL finished in 1.321 secs
