
================== ASTRAL ===================== 

This is ASTRAL version 5.6.3
Gene trees are treated as unrooted
57 trees read from g_trees-raxml-sqlen-100-ngen-25.trees.tree
All output trees will be *arbitrarily* rooted at 24

======== Running the main analysis
Number of taxa: 25 (25 species)
Taxa: [24, 18, 14, 20, 13, 8, 10, 17, 23, 3, 2, 1, 4, 7, 21, 9, 11, 6, 25, 15, 22, 19, 5, 16, 12]
Taxon occupancy: {22=52, 23=36, 24=51, 25=43, 10=40, 11=46, 12=38, 13=38, 14=49, 15=51, 16=43, 17=31, 18=49, 19=52, 1=41, 2=41, 3=34, 4=34, 5=34, 6=47, 7=32, 8=37, 9=46, 20=51, 21=48}
Number of gene trees: 57
57 trees have missing taxa
Calculating quartet distance matrix (for completion of X)
Species tree distances calculated ...
Will attempt to complete bipartitions from X before adding using a distance matrix.
Building set of clusters (X) from gene trees 
------------------------------
gradient0: 261
Number of Clusters after addition by distance: 261
calculating extra bipartitions to be added at level 1 ...
Adding to X using resolutions of greedy consensus ...
Limit for sigma of degrees:675
polytomy size limit : 3
discarded polytomies:  [3]
Threshold 0.0:
Threshold 0.01:
Threshold 0.02:
Threshold 0.05:
Threshold 0.1:
Threshold 0.2:
Threshold 0.3333333333333333:
polytomy of size 3; rounds with additions with at least 5 support: 0; clusters: 261
max k is :0
Number of Clusters after addition by greedy: 261
gradient0 in heuristiic: 261
partitions formed in 0.172 secs
Dynamic Programming starting after 0.172 secs
Using tree-based weight calculation.
Using polytree-based weight calculation.
Polytree max score: 256494
Polytree building time: 0.014 seconds.
Number of quartet trees in the gene trees: 256494
Size of largest cluster: 25
Greedy score: 232763
estimationFactor: 1.101953489171389
Sub-optimal score: 233849
Total Number of elements weighted: 333
Normalized score (portion of input quartet trees satisfied before correcting for multiple individuals): 0.9124462950400399
Optimization score: 234037
Optimal tree inferred in 0.26 secs.
(13,((16,((17,23),(10,5))),(((18,14),(24,20)),(8,((3,(2,1)),((4,7),(12,((19,(15,22)),(6,(25,(21,(9,11))))))))))));
Final quartet score is: 234037
Final normalized quartet score is: 0.9124462950400399
(24,(20,((18,14)1:3.506557897319981,((8,((3,(2,1)1:2.4567357728213035)1:2.92673940206704,((4,7)1:3.0602707946915624,(12,((19,(15,22)1:0.3616824656693545)1:2.030112439205794,(6,(25,(21,(9,11)1:1.8352445811677933)1:3.2580965380214812)0.84:0.17950140366217887)1:1.2980017539742128)0.98:0.35990456071291305)0.35:0.1244155592165132)1:1.9459101490553135)1:2.8134107167600355)1:0.4689515512949318,((16,((17,23)1:2.92673940206704,(10,5)1:1.1300538145029284)1:0.8120149139189311)0.7:0.13971530518372174,13)0.97:0.31124227033272966)1:1.9073764850530697)1:0.9118886704735171));
Weight calculation took 0.031041163 secs
ASTRAL finished in 2.045 secs
