
================== ASTRAL ===================== 

This is ASTRAL version 5.6.3
Gene trees are treated as unrooted
45 trees read from g_trees-raxml-sqlen-250-ngen-25.trees.tree
All output trees will be *arbitrarily* rooted at 10

======== Running the main analysis
Number of taxa: 25 (25 species)
Taxa: [10, 8, 13, 18, 14, 20, 24, 17, 23, 3, 1, 2, 4, 7, 25, 6, 21, 9, 11, 15, 22, 19, 5, 16, 12]
Taxon occupancy: {22=44, 23=33, 24=41, 25=35, 10=38, 11=38, 12=32, 13=27, 14=41, 15=43, 16=32, 17=29, 18=41, 19=44, 1=34, 2=34, 3=28, 4=30, 5=36, 6=41, 7=31, 8=32, 9=38, 20=41, 21=40}
Number of gene trees: 45
43 trees have missing taxa
Calculating quartet distance matrix (for completion of X)
Species tree distances calculated ...
Will attempt to complete bipartitions from X before adding using a distance matrix.
Building set of clusters (X) from gene trees 
------------------------------
gradient0: 187
Number of Clusters after addition by distance: 187
calculating extra bipartitions to be added at level 1 ...
Adding to X using resolutions of greedy consensus ...
Limit for sigma of degrees:675
polytomy size limit : 3
discarded polytomies:  []
Threshold 0.0:
Threshold 0.01:
Threshold 0.02:
Threshold 0.05:
Threshold 0.1:
Threshold 0.2:
Threshold 0.3333333333333333:
max k is :0
Number of Clusters after addition by greedy: 187
gradient0 in heuristiic: 187
partitions formed in 0.138 secs
Dynamic Programming starting after 0.138 secs
Using tree-based weight calculation.
Using polytree-based weight calculation.
Polytree max score: 259938
Polytree building time: 0.012 seconds.
Number of quartet trees in the gene trees: 259938
Size of largest cluster: 25
Greedy score: 248613
estimationFactor: 1.0455527265267706
Sub-optimal score: 248613
Total Number of elements weighted: 167
Normalized score (portion of input quartet trees satisfied before correcting for multiple individuals): 0.9564319183805369
Optimization score: 248613
Optimal tree inferred in 0.21 secs.
(14,(18,((20,24),(((13,16),((17,23),(10,5))),(8,((3,(1,2)),((4,7),(12,((19,(15,22)),(6,(25,(21,(9,11)))))))))))));
Final quartet score is: 248613
Final normalized quartet score is: 0.9564319183805369
(10,(5,((17,23)1:2.302585092994046,((13,16)1:1.05683276952763,((8,((3,(1,2)1:2.961830721878311)1:2.890371757896163,((4,7)1:3.0285220963769826,(12,((19,(15,22)0.82:0.15984870094189613)1:2.813410716760038,(6,(25,(21,(9,11)1:3.2580965380214812)1:3.0285220963769826)0.35:0.06141839380132754)1:1.6217080050259147)1:0.8855190732074013)0.75:0.17435338714477766)1:2.6855773452501523)1:2.8134107167600355)1:0.9509762898620451,((20,24)1:2.6390573296152575,(18,14)1:3.332204510175203)1:3.332204510175203)1:1.153962383751275)1:1.1687578980348694)1:1.9924301646902058));
Weight calculation took 0.02037553 secs
ASTRAL finished in 1.757 secs
