
================== ASTRAL ===================== 

This is ASTRAL version 5.6.3
Gene trees are treated as unrooted
138 trees read from g_trees-raxml-sqlen-0-ngen-25.trees.tree
All output trees will be *arbitrarily* rooted at 13

======== Running the main analysis
Number of taxa: 25 (25 species)
Taxa: [13, 10, 23, 17, 14, 18, 24, 20, 8, 7, 4, 25, 21, 9, 11, 6, 15, 22, 19, 1, 2, 3, 12, 16, 5]
Taxon occupancy: {22=100, 23=92, 24=132, 25=90, 10=121, 11=90, 12=71, 13=100, 14=132, 15=98, 16=122, 17=74, 18=132, 19=100, 1=108, 2=108, 3=97, 4=79, 5=116, 6=97, 7=79, 8=124, 9=90, 20=132, 21=98}
Number of gene trees: 138
122 trees have missing taxa
Calculating quartet distance matrix (for completion of X)
Species tree distances calculated ...
Will attempt to complete bipartitions from X before adding using a distance matrix.
Building set of clusters (X) from gene trees 
------------------------------
gradient0: 97
Number of Clusters after addition by distance: 97
calculating extra bipartitions to be added at level 1 ...
Adding to X using resolutions of greedy consensus ...
Limit for sigma of degrees:675
polytomy size limit : 3
discarded polytomies:  []
Threshold 0.0:
Threshold 0.01:
Threshold 0.02:
Threshold 0.05:
Threshold 0.1:
Threshold 0.2:
Threshold 0.3333333333333333:
max k is :0
Number of Clusters after addition by greedy: 97
gradient0 in heuristiic: 97
partitions formed in 0.161 secs
Dynamic Programming starting after 0.161 secs
Using tree-based weight calculation.
Using polytree-based weight calculation.
Polytree max score: 743715
Polytree building time: 0.022 seconds.
Number of quartet trees in the gene trees: 743715
Size of largest cluster: 25
Greedy score: 743715
estimationFactor: 1.0
Sub-optimal score: 743715
Total Number of elements weighted: 85
Normalized score (portion of input quartet trees satisfied before correcting for multiple individuals): 1.0
Optimization score: 743715
Optimal tree inferred in 0.25 secs.
(2,(1,(3,(((7,4),(12,((19,(15,22)),(6,(25,(21,(9,11))))))),(8,(((14,18),(24,20)),((13,16),((10,5),(23,17)))))))));
Final quartet score is: 743715
Final normalized quartet score is: 1.0
(13,(16,(((10,5)1:3.8985999850960074,(23,17)1:3.828641396489098)1:4.037186148382156,(((14,18)1:4.484884020113582,(24,20)1:4.484884020113582)1:4.469732215092986,(8,(((7,4)1:3.9765615265657206,(12,((19,(15,22)1:4.1896547420264305)1:4.209655408733094,(6,(25,(21,(9,11)1:4.10539439840869)1:3.9765615265657206)1:4.071871706370043)1:4.169245870395222)1:3.857214768933152)1:3.6720723357975578)1:3.6720723357975578,(3,(1,2)1:4.158883083359675)1:3.8430301339411983)1:3.857214768933152)1:4.348125082998204)1:4.454347296253506)1:4.137829674161844));
Weight calculation took 0.031423323 secs
ASTRAL finished in 0.386 secs
