
================== ASTRAL ===================== 

This is ASTRAL version 5.6.3
Gene trees are treated as unrooted
122 trees read from g_trees-raxml-sqlen-250-ngen-50.trees.tree
All output trees will be *arbitrarily* rooted at 10

======== Running the main analysis
Number of taxa: 25 (25 species)
Taxa: [10, 8, 13, 18, 14, 20, 24, 17, 23, 3, 1, 2, 4, 7, 25, 6, 21, 9, 11, 15, 22, 19, 5, 16, 12]
Taxon occupancy: {22=102, 23=102, 24=92, 25=100, 10=99, 11=99, 12=102, 13=83, 14=99, 15=102, 16=92, 17=98, 18=99, 19=95, 1=95, 2=95, 3=86, 4=97, 5=93, 6=109, 7=98, 8=89, 9=99, 20=92, 21=94}
Number of gene trees: 122
116 trees have missing taxa
Calculating quartet distance matrix (for completion of X)
Species tree distances calculated ...
Will attempt to complete bipartitions from X before adding using a distance matrix.
Building set of clusters (X) from gene trees 
------------------------------
gradient0: 251
Number of Clusters after addition by distance: 251
calculating extra bipartitions to be added at level 1 ...
Adding to X using resolutions of greedy consensus ...
Limit for sigma of degrees:675
polytomy size limit : 3
discarded polytomies:  []
Threshold 0.0:
Threshold 0.01:
Threshold 0.02:
Threshold 0.05:
Threshold 0.1:
Threshold 0.2:
Threshold 0.3333333333333333:
max k is :0
Number of Clusters after addition by greedy: 251
gradient0 in heuristiic: 251
partitions formed in 0.171 secs
Dynamic Programming starting after 0.171 secs
Using tree-based weight calculation.
Using polytree-based weight calculation.
Polytree max score: 674348
Polytree building time: 0.024 seconds.
Number of quartet trees in the gene trees: 674348
Size of largest cluster: 25
Greedy score: 613103
estimationFactor: 1.0998934926105401
Sub-optimal score: 624425
Total Number of elements weighted: 293
Normalized score (portion of input quartet trees satisfied before correcting for multiple individuals): 0.9259684910461661
Optimization score: 624425
Optimal tree inferred in 0.289 secs.
(14,(18,((20,24),(((13,16),((17,23),(10,5))),(8,((3,(1,2)),((4,7),(12,((19,(15,22)),(6,(25,(21,(9,11)))))))))))));
Final quartet score is: 624425
Final normalized quartet score is: 0.9259684910461661
(10,(5,((17,23)1:3.4657359027997248,((13,16)1:0.6943131733983899,((8,((3,(1,2)1:2.268683541318364)1:4.001254139156088,((4,7)1:4.169245870395222,(12,((19,(15,22)1:0.36593426935152906)1:3.369448683347576,(6,(25,(21,(9,11)1:2.335374915817036)1:3.283414346005771)1:0.3969220248082287)1:1.4942899244157217)1:1.183621088502892)0.54:0.0948122879000567)1:1.487099060241856)1:2.7006152226146916)1:1.341732533059979,((20,24)1:2.1372611125686625,(18,14)1:3.0706335817271087)1:3.994261103665124)1:0.42159052731573726)1:0.7047800693732919)1:3.149882953381249));
Weight calculation took 0.058217757 secs
ASTRAL finished in 0.592 secs
