
================== ASTRAL ===================== 

This is ASTRAL version 5.6.3
Gene trees are treated as unrooted
50 trees read from g_trees-raxml-sqlen-25-ngen-50-s2g.trees
All output trees will be *arbitrarily* rooted at 14

======== Running the main analysis
Number of taxa: 102 (25 species)
Taxa: {22=[22_3, 22_2, 22_1], 23=[23_5, 23_4, 23_3, 23_2, 23_1, 23_6], 24=[24_3, 24_2, 24_1], 25=[25_3, 25_2, 25_1, 25_6, 25_5, 25_4], 10=[10_3, 10_2, 10_1], 11=[11_4, 11_3, 11_2, 11_1], 12=[12_3, 12_2, 12_1], 13=[13_4, 13_3, 13_2, 13_1, 13_5], 14=[14_3, 14_2, 14_1, 14_4], 15=[15_2, 15_1, 15_3], 16=[16_1, 16_6, 16_5, 16_4, 16_3, 16_2], 17=[17_5, 17_4, 17_3, 17_2, 17_1], 18=[18_4, 18_3, 18_2, 18_1], 19=[19_5, 19_4, 19_3, 19_2, 19_1], 1=[1_1, 1_2, 1_3], 2=[2_1, 2_2, 2_3, 2_4], 3=[3_1, 3_2, 3_3], 4=[4_1, 4_2, 4_3], 5=[5_1, 5_2, 5_3], 6=[6_1, 6_2, 6_3], 7=[7_1, 7_2, 7_3, 7_4, 7_5], 8=[8_1, 8_2, 8_3], 9=[9_1, 9_2, 9_3, 9_4], 20=[20_5, 20_4, 20_3, 20_2, 20_1], 21=[21_6, 21_5, 21_4, 21_3, 21_2, 21_1]}
Taxon occupancy: {14_3=7, 14_2=14, 14_1=41, 10_3=3, 10_2=10, 10_1=34, 18_4=1, 18_3=2, 18_2=11, 18_1=37, 14_4=2, 25_3=1, 25_2=11, 21_6=1, 25_1=40, 21_5=1, 21_4=1, 21_3=4, 3_1=39, 21_2=11, 21_1=39, 3_2=12, 3_3=4, 7_1=38, 7_2=9, 7_3=4, 7_4=2, 7_5=1, 25_6=1, 25_5=1, 25_4=1, 13_4=2, 13_3=3, 13_2=12, 13_1=38, 17_5=1, 17_4=2, 17_3=3, 17_2=13, 17_1=43, 13_5=1, 24_3=2, 24_2=6, 24_1=35, 20_5=1, 2_1=33, 20_4=1, 2_2=9, 20_3=2, 20_2=10, 2_3=2, 20_1=38, 2_4=1, 6_1=38, 6_2=14, 6_3=4, 16_1=35, 12_3=1, 12_2=15, 12_1=42, 16_6=1, 16_5=1, 16_4=1, 16_3=3, 16_2=7, 23_5=1, 23_4=1, 23_3=1, 1_1=37, 23_2=11, 23_1=40, 1_2=14, 1_3=7, 5_1=34, 5_2=10, 5_3=3, 9_1=40, 9_2=11, 9_3=3, 9_4=1, 23_6=1, 15_2=13, 15_1=41, 11_4=1, 11_3=2, 11_2=12, 11_1=39, 19_5=1, 19_4=1, 19_3=1, 19_2=9, 19_1=37, 15_3=2, 22_3=2, 22_2=10, 22_1=38, 4_1=37, 4_2=12, 4_3=4, 8_1=34, 8_2=10, 8_3=3}
Number of gene trees: 50
50 trees have missing taxa
Calculating quartet distance matrix (for completion of X)
Species tree distances calculated ...
Will attempt to complete bipartitions from X before adding using a distance matrix.
Building set of clusters (X) from gene trees 
In second round sampling 4 rounds will be done
------------------------------
gradient0: 527
------------------------------
gradient1: 254
------------------------------
gradient2: 212
------------------------------
gradient3: 160
Number of Clusters after addition by distance: 1153
calculating extra bipartitions to be added at level 1 ...
Adding to X using resolutions of greedy consensus ...
Limit for sigma of degrees:675
polytomy size limit : 7
discarded polytomies:  [4, 4, 7]
Threshold 0.0:
Threshold 0.01:
Threshold 0.02:
Threshold 0.05:
Threshold 0.1:
polytomy of size 4; rounds with additions with at least 5 support: 0; clusters: 1153
Threshold 0.2:
polytomy of size 4; rounds with additions with at least 5 support: 0; clusters: 1153
Threshold 0.3333333333333333:
polytomy of size 7; rounds with additions with at least 5 support: 0; clusters: 1155
max k is :0
Number of Clusters after addition by greedy: 1155
gradient0 in heuristiic: 1155
calculating extra bipartitions to be added at level 1 ...
Adding to X using resolutions of greedy consensus ...
Limit for sigma of degrees:675
polytomy size limit : 7
discarded polytomies:  [3, 3, 4, 7]
Threshold 0.0:
Threshold 0.01:
Threshold 0.02:
Threshold 0.05:
Threshold 0.1:
polytomy of size 3; rounds with additions with at least 5 support: 0; clusters: 1155
Threshold 0.2:
polytomy of size 4; rounds with additions with at least 5 support: 0; clusters: 1155
Threshold 0.3333333333333333:
polytomy of size 3; rounds with additions with at least 5 support: 0; clusters: 1155
polytomy of size 7; rounds with additions with at least 5 support: 0; clusters: 1155
max k is :0
Number of Clusters after addition by greedy: 1155
gradient1 in heuristiic: 0
calculating extra bipartitions to be added at level 1 ...
Adding to X using resolutions of greedy consensus ...
Limit for sigma of degrees:675
polytomy size limit : 7
discarded polytomies:  [3, 3, 4, 5, 7]
Threshold 0.0:
Threshold 0.01:
Threshold 0.02:
Threshold 0.05:
polytomy of size 3; rounds with additions with at least 5 support: 0; clusters: 1155
Threshold 0.1:
polytomy of size 4; rounds with additions with at least 5 support: 0; clusters: 1155
Threshold 0.2:
polytomy of size 5; rounds with additions with at least 5 support: 0; clusters: 1155
Threshold 0.3333333333333333:
polytomy of size 3; rounds with additions with at least 5 support: 0; clusters: 1155
polytomy of size 7; rounds with additions with at least 5 support: 0; clusters: 1155
max k is :0
Number of Clusters after addition by greedy: 1155
gradient2 in heuristiic: 0
calculating extra bipartitions to be added at level 1 ...
Adding to X using resolutions of greedy consensus ...
Limit for sigma of degrees:675
polytomy size limit : 8
discarded polytomies:  [3, 3, 8, 8]
Threshold 0.0:
Threshold 0.01:
Threshold 0.02:
Threshold 0.05:
polytomy of size 3; rounds with additions with at least 5 support: 0; clusters: 1155
Threshold 0.1:
polytomy of size 3; rounds with additions with at least 5 support: 0; clusters: 1155
Threshold 0.2:
polytomy of size 8; rounds with additions with at least 5 support: 0; clusters: 1155
Threshold 0.3333333333333333:
polytomy of size 8; rounds with additions with at least 5 support: 0; clusters: 1155
max k is :0
Number of Clusters after addition by greedy: 1155
gradient3 in heuristiic: 0
partitions formed in 6.881 secs
Dynamic Programming starting after 6.881 secs
Using tree-based weight calculation.
Using polytree-based weight calculation.
Polytree max score: 1651383
Polytree building time: 0.016 seconds.
Number of quartet trees in the gene trees: 1642977
Size of largest cluster: 102
Greedy score: 840605
estimationFactor: 1.9645172227145924
Sub-optimal score: 853388
Total Number of elements weighted: 3571
Normalized score (portion of input quartet trees satisfied before correcting for multiple individuals): 0.5591222518635379
Optimization score: 918625
Optimal tree inferred in 7.174 secs.
(6,(3,((1,4),(7,((2,(5,8)),((16,(25,23)),(((14,13),(17,(12,15))),((21,9),((24,(10,(18,22))),(11,(20,19)))))))))));
Final quartet score is: 998128
Final normalized quartet score is: 0.6075118519614091
You may want to ignore posterior probabilities and other statistics related to the following branch branch because the effective number of genes impacting it is only 9:
	{14}
You may want to ignore posterior probabilities and other statistics related to the following branch branch because the effective number of genes impacting it is only 6:
	{13}
You may want to ignore posterior probabilities and other statistics related to the following branch branch because the effective number of genes impacting it is only 6:
	{17}
You may want to ignore posterior probabilities and other statistics related to the following branch branch because the effective number of genes impacting it is only 10:
	{12}
You may want to ignore posterior probabilities and other statistics related to the following branch branch because the effective number of genes impacting it is only 9:
	{15}
You may want to ignore posterior probabilities and other statistics related to the following branch branch because the effective number of genes impacting it is only 4:
	{21}
You may want to ignore posterior probabilities and other statistics related to the following branch branch because the effective number of genes impacting it is only 6:
	{9}
You may want to ignore posterior probabilities and other statistics related to the following branch branch because the effective number of genes impacting it is only 4:
	{24}
You may want to ignore posterior probabilities and other statistics related to the following branch branch because the effective number of genes impacting it is only 7:
	{10}
You may want to ignore posterior probabilities and other statistics related to the following branch branch because the effective number of genes impacting it is only 6:
	{18}
You may want to ignore posterior probabilities and other statistics related to the following branch branch because the effective number of genes impacting it is only 7:
	{22}
You may want to ignore posterior probabilities and other statistics related to the following branch branch because the effective number of genes impacting it is only 6:
	{11}
You may want to ignore posterior probabilities and other statistics related to the following branch branch because the effective number of genes impacting it is only 4:
	{20}
You may want to ignore posterior probabilities and other statistics related to the following branch branch because the effective number of genes impacting it is only 4:
	{19}
You may want to ignore posterior probabilities and other statistics related to the following branch branch because the effective number of genes impacting it is only 3:
	{16}
You may want to ignore posterior probabilities and other statistics related to the following branch branch because the effective number of genes impacting it is only 4:
	{25}
You may want to ignore posterior probabilities and other statistics related to the following branch branch because the effective number of genes impacting it is only 4:
	{23}
You may want to ignore posterior probabilities and other statistics related to the following branch branch because the effective number of genes impacting it is only 5:
	{2}
You may want to ignore posterior probabilities and other statistics related to the following branch branch because the effective number of genes impacting it is only 7:
	{5}
You may want to ignore posterior probabilities and other statistics related to the following branch branch because the effective number of genes impacting it is only 7:
	{8}
You may want to ignore posterior probabilities and other statistics related to the following branch branch because the effective number of genes impacting it is only 5:
	{7}
You may want to ignore posterior probabilities and other statistics related to the following branch branch because the effective number of genes impacting it is only 11:
	{1}
You may want to ignore posterior probabilities and other statistics related to the following branch branch because the effective number of genes impacting it is only 9:
	{4}
You may want to ignore posterior probabilities and other statistics related to the following branch branch because the effective number of genes impacting it is only 9:
	{3}
You may want to ignore posterior probabilities and other statistics related to the following branch branch because the effective number of genes impacting it is only 10:
	{6}
((14_3,14_2,14_1,14_4)0.45:0.037369451064137034,((13_4,13_3,13_2,13_1,13_5)0.18:0.0,(((17_5,17_4,17_3,17_2,17_1)0.2:0.0,((12_3,12_2,12_1)0.13:0.0,(15_2,15_1,15_3)0.19:0.0)0.85:0.1797198799349225)1:0.8381484146205851,((((21_6,21_5,21_4,21_3,21_2,21_1)0.21:0.0,(9_1,9_2,9_3,9_4)0.12:0.0)1:1.4726463103061112,(((24_3,24_2,24_1)0.18:0.0,((10_3,10_2,10_1)0.28:0.0,((18_4,18_3,18_2,18_1)0.21:0.0,(22_3,22_2,22_1)0.08:0.0)0.97:0.3287591710910916)0.14:0.0)1:0.4699115460030727,((11_4,11_3,11_2,11_1)0.17:0.0,((20_5,20_4,20_3,20_2,20_1)0.15:0.0,(19_5,19_4,19_3,19_2,19_1)0.19:0.0)1:0.6479739433299457)1:0.6924070382935923)0.76:0.16058215089017908)0.91:0.2341253279381757,(((16_1,16_6,16_5,16_4,16_3,16_2)0.3:0.0,((25_3,25_2,25_1,25_6,25_5,25_4)0.13:0.0,(23_5,23_4,23_3,23_2,23_1,23_6)0.22:0.0)1:1.1325775343075424)1:0.8319604866785342,(((2_1,2_2,2_3,2_4)0.22:0.0,((5_1,5_2,5_3)0.16:0.0,(8_1,8_2,8_3)0.12:0.0)1:0.8764408595383947)1:0.687994652394895,((7_1,7_2,7_3,7_4,7_5)0.36:0.0,(((1_1,1_2,1_3)0.12:0.0,(4_1,4_2,4_3)0.13:0.0)1:0.881473011686178,((3_1,3_2,3_3)0.18:0.0,(6_1,6_2,6_3)0.09:0.0)0.94:0.26282618466970975)1:0.5686224868738333)0.54:0.07388023354035321)0.98:0.3785594888524516)0.91:0.264570814772362)0.59:0.08373387544148934)1:0.7603716228684494));
Weight calculation took 0.251512372 secs
ASTRAL finished in 7.318 secs
