
================== ASTRAL ===================== 

This is ASTRAL version 5.6.3
Gene trees are treated as unrooted
500 trees read from g_trees-raxml-sqlen-25-ngen-500-s2g.trees
All output trees will be *arbitrarily* rooted at 14

======== Running the main analysis
Number of taxa: 126 (25 species)
Taxa: {22=[22_4, 22_3, 22_2, 22_1], 23=[23_5, 23_4, 23_3, 23_2, 23_1, 23_6], 24=[24_4, 24_3, 24_2, 24_1, 24_6, 24_5], 25=[25_3, 25_2, 25_1, 25_6, 25_5, 25_4], 10=[10_4, 10_3, 10_2, 10_1], 11=[11_4, 11_3, 11_2, 11_1], 12=[12_5, 12_4, 12_3, 12_2, 12_1, 12_6], 13=[13_4, 13_3, 13_2, 13_1, 13_6, 13_5], 14=[14_3, 14_2, 14_1, 14_5, 14_4], 15=[15_2, 15_1, 15_6, 15_5, 15_4, 15_3], 16=[16_1, 16_6, 16_5, 16_4, 16_3, 16_2], 17=[17_7, 17_6, 17_5, 17_4, 17_3, 17_2, 17_1], 18=[18_4, 18_3, 18_2, 18_1], 19=[19_5, 19_4, 19_3, 19_2, 19_1], 1=[1_1, 1_2, 1_3, 1_4], 2=[2_1, 2_2, 2_3, 2_4, 2_5, 2_6], 3=[3_1, 3_2, 3_3, 3_4], 4=[4_1, 4_2, 4_3, 4_4], 5=[5_1, 5_2, 5_3, 5_4], 6=[6_1, 6_2, 6_3, 6_4, 6_5], 7=[7_1, 7_2, 7_3, 7_4, 7_5], 8=[8_1, 8_2, 8_3, 8_4], 9=[9_1, 9_2, 9_3, 9_4], 20=[20_5, 20_4, 20_3, 20_2, 20_1], 21=[21_6, 21_5, 21_4, 21_3, 21_2, 21_1]}
Taxon occupancy: {14_3=31, 14_2=102, 14_1=390, 10_4=7, 10_3=34, 10_2=108, 10_1=369, 18_4=7, 18_3=29, 18_2=107, 18_1=372, 14_5=3, 14_4=9, 25_3=19, 25_2=82, 21_6=1, 25_1=367, 21_5=1, 21_4=8, 21_3=28, 3_1=371, 21_2=99, 21_1=376, 3_2=94, 3_3=24, 3_4=5, 7_1=354, 7_2=98, 7_3=22, 7_4=6, 7_5=2, 25_6=1, 25_5=2, 25_4=7, 13_4=11, 13_3=31, 13_2=106, 13_1=384, 17_7=1, 17_6=1, 17_5=2, 17_4=11, 17_3=31, 17_2=102, 13_6=1, 17_1=377, 13_5=4, 24_4=7, 24_3=29, 24_2=105, 24_1=373, 20_5=3, 2_1=346, 20_4=6, 2_2=90, 20_3=32, 20_2=104, 2_3=25, 20_1=370, 2_4=6, 6_1=366, 2_5=1, 6_2=104, 2_6=1, 6_3=28, 6_4=5, 6_5=1, 24_6=1, 24_5=2, 16_1=365, 12_5=2, 12_4=9, 12_3=26, 12_2=104, 12_1=383, 16_6=1, 16_5=2, 16_4=4, 16_3=17, 16_2=76, 12_6=1, 23_5=2, 23_4=7, 23_3=18, 1_1=364, 23_2=81, 23_1=369, 1_2=110, 1_3=38, 1_4=3, 5_1=356, 5_2=99, 5_3=26, 5_4=3, 9_1=378, 9_2=102, 9_3=30, 9_4=8, 23_6=1, 15_2=101, 15_1=381, 11_4=10, 11_3=28, 11_2=103, 11_1=372, 19_5=3, 19_4=7, 19_3=30, 19_2=104, 15_6=1, 19_1=370, 15_5=2, 15_4=7, 15_3=30, 22_4=6, 22_3=31, 22_2=109, 22_1=372, 4_1=362, 4_2=109, 4_3=28, 4_4=1, 8_1=353, 8_2=103, 8_3=26, 8_4=3}
Number of gene trees: 500
500 trees have missing taxa
Calculating quartet distance matrix (for completion of X)
Species tree distances calculated ...
Will attempt to complete bipartitions from X before adding using a distance matrix.
Building set of clusters (X) from gene trees 
In second round sampling 4 rounds will be done
------------------------------
gradient0: 1037
------------------------------
gradient1: 338
------------------------------
gradient2: 356
------------------------------
gradient3: 218
Number of Clusters after addition by distance: 1949
calculating extra bipartitions to be added at level 1 ...
Adding to X using resolutions of greedy consensus ...
Limit for sigma of degrees:675
polytomy size limit : 3
discarded polytomies:  [3, 3, 3, 3, 3]
Threshold 0.0:
Threshold 0.01:
Threshold 0.02:
Threshold 0.05:
polytomy of size 3; rounds with additions with at least 5 support: 0; clusters: 1949
Threshold 0.1:
polytomy of size 3; rounds with additions with at least 5 support: 0; clusters: 1949
Threshold 0.2:
polytomy of size 3; rounds with additions with at least 5 support: 0; clusters: 1949
Threshold 0.3333333333333333:
polytomy of size 3; rounds with additions with at least 5 support: 0; clusters: 1949
polytomy of size 3; rounds with additions with at least 5 support: 0; clusters: 1949
max k is :0
Number of Clusters after addition by greedy: 1949
gradient0 in heuristiic: 1949
calculating extra bipartitions to be added at level 1 ...
Adding to X using resolutions of greedy consensus ...
Limit for sigma of degrees:675
polytomy size limit : 3
discarded polytomies:  [3]
Threshold 0.0:
Threshold 0.01:
Threshold 0.02:
Threshold 0.05:
Threshold 0.1:
Threshold 0.2:
Threshold 0.3333333333333333:
polytomy of size 3; rounds with additions with at least 5 support: 0; clusters: 1949
max k is :0
Number of Clusters after addition by greedy: 1949
gradient1 in heuristiic: 0
calculating extra bipartitions to be added at level 1 ...
Adding to X using resolutions of greedy consensus ...
Limit for sigma of degrees:675
polytomy size limit : 3
discarded polytomies:  [3, 3]
Threshold 0.0:
Threshold 0.01:
Threshold 0.02:
Threshold 0.05:
Threshold 0.1:
Threshold 0.2:
polytomy of size 3; rounds with additions with at least 5 support: 0; clusters: 1949
Threshold 0.3333333333333333:
polytomy of size 3; rounds with additions with at least 5 support: 0; clusters: 1949
max k is :0
Number of Clusters after addition by greedy: 1949
gradient2 in heuristiic: 0
calculating extra bipartitions to be added at level 1 ...
Adding to X using resolutions of greedy consensus ...
Limit for sigma of degrees:675
polytomy size limit : 3
discarded polytomies:  [3]
Threshold 0.0:
Threshold 0.01:
Threshold 0.02:
Threshold 0.05:
Threshold 0.1:
Threshold 0.2:
Threshold 0.3333333333333333:
polytomy of size 3; rounds with additions with at least 5 support: 0; clusters: 1949
max k is :0
Number of Clusters after addition by greedy: 1949
gradient3 in heuristiic: 0
partitions formed in 48.791 secs
Dynamic Programming starting after 48.791 secs
Using tree-based weight calculation.
Using polytree-based weight calculation.
Polytree max score: 17843633
Polytree building time: 0.053 seconds.
Number of quartet trees in the gene trees: 17783460
Size of largest cluster: 126
Greedy score: 8599144
estimationFactor: 2.075047465477525
Sub-optimal score: 9169398
Total Number of elements weighted: 8907
Normalized score (portion of input quartet trees satisfied before correcting for multiple individuals): 0.5272778469431708
Optimization score: 9376824
Optimal tree inferred in 52.548 secs.
(8,(5,(2,(7,(((1,4),(3,6)),((16,(25,23)),((14,13),((17,(12,15)),((21,9),((11,(20,19)),((18,22),(10,24))))))))))));
Final quartet score is: 10022481
Final normalized quartet score is: 0.5635844205795723
((14_3,14_2,14_1,14_5,14_4)0.46:0.033602885079403184,((13_4,13_3,13_2,13_1,13_6,13_5)0.34:0.0,((((17_7,17_6,17_5,17_4,17_3,17_2,17_1)0.25:0.0,((12_5,12_4,12_3,12_2,12_1,12_6)0.1:0.0,(15_2,15_1,15_6,15_5,15_4,15_3)0.09:0.0)1:0.4270247576943781)1:0.8957970282665741,(((21_6,21_5,21_4,21_3,21_2,21_1)0.04:0.0,(9_1,9_2,9_3,9_4)0.04:0.0)1:1.0215066773791497,(((11_4,11_3,11_2,11_1)0.04:0.0,((20_5,20_4,20_3,20_2,20_1)0.02:0.0,(19_5,19_4,19_3,19_2,19_1)0.01:0.0)1:0.590191931580805)1:0.5622418597818793,(((18_4,18_3,18_2,18_1)0.03:0.0,(22_4,22_3,22_2,22_1)0.03:0.0)1:0.44469638548609575,((10_4,10_3,10_2,10_1)0.09:0.0,(24_4,24_3,24_2,24_1,24_6,24_5)0.08:0.0)0.99:0.11790428217206314)1:0.5949580717353862)1:0.38615321786808127)1:0.27397866229597334)0.16:0.0,(((16_1,16_6,16_5,16_4,16_3,16_2)0.55:0.07584298568658866,((25_3,25_2,25_1,25_6,25_5,25_4)0.04:0.0,(23_5,23_4,23_3,23_2,23_1,23_6)0.04:0.0)1:1.2467053967362425)1:0.9396660953117173,((((1_1,1_2,1_3,1_4)0.02:0.0,(4_1,4_2,4_3,4_4)0.02:0.0)1:0.7460442758804747,((3_1,3_2,3_3,3_4)0.1:0.0,(6_1,6_2,6_3,6_4,6_5)0.06:0.0)1:0.4330075687920802)1:0.4191422906224029,((7_1,7_2,7_3,7_4,7_5)0.72:0.11711293415915783,((2_1,2_2,2_3,2_4,2_5,2_6)0.1:0.0,((5_1,5_2,5_3,5_4)0.01:0.0,(8_1,8_2,8_3,8_4)0.01:0.0)1:0.9412638933433775)1:0.5874572340462761)0.53:0.024644619875877377)1:0.7915609882537868)1:0.1598857633880913)1:0.7451689935201411));
Weight calculation took 3.853612353 secs
ASTRAL finished in 53.086 secs
