
================== ASTRAL ===================== 

This is ASTRAL version 5.6.3
Gene trees are treated as unrooted
25 trees read from g_trees-raxml-sqlen-50-ngen-25-s2g.trees
All output trees will be *arbitrarily* rooted at 14

======== Running the main analysis
Number of taxa: 66 (25 species)
Taxa: {22=[22_3, 22_2, 22_1], 23=[23_2, 23_1], 24=[24_3, 24_2, 24_1], 25=[25_2, 25_1], 10=[10_2, 10_1], 11=[11_2, 11_1], 12=[12_2, 12_1], 13=[13_4, 13_3, 13_2, 13_1], 14=[14_3, 14_2, 14_1], 15=[15_2, 15_1], 16=[16_1, 16_2], 17=[17_2, 17_1], 18=[18_3, 18_2, 18_1], 19=[19_2, 19_1], 1=[1_1, 1_2, 1_3], 2=[2_1, 2_2], 3=[3_1, 3_2, 3_3], 4=[4_1, 4_2, 4_3], 5=[5_1, 5_2], 6=[6_1, 6_2, 6_3], 7=[7_1, 7_2, 7_3, 7_4, 7_5], 8=[8_1, 8_2, 8_3], 9=[9_1, 9_2, 9_3], 20=[20_2, 20_1], 21=[21_3, 21_2, 21_1]}
Taxon occupancy: {16_1=16, 14_3=2, 14_2=6, 14_1=20, 12_2=3, 12_1=19, 10_2=4, 10_1=17, 18_3=1, 18_2=5, 18_1=18, 16_2=2, 25_2=5, 25_1=19, 1_1=21, 23_2=5, 23_1=19, 1_2=8, 21_3=2, 3_1=21, 21_2=2, 1_3=5, 21_1=20, 3_2=8, 5_1=17, 3_3=2, 5_2=5, 7_1=21, 7_2=5, 9_1=20, 7_3=1, 9_2=2, 7_4=1, 9_3=1, 7_5=1, 15_2=3, 13_4=1, 15_1=18, 13_3=1, 13_2=4, 13_1=20, 11_2=4, 11_1=20, 19_2=3, 19_1=20, 17_2=3, 17_1=20, 24_3=1, 24_2=2, 24_1=16, 22_3=1, 2_1=17, 22_2=3, 22_1=19, 2_2=4, 4_1=20, 20_2=3, 20_1=20, 4_2=7, 6_1=20, 4_3=3, 6_2=9, 8_1=17, 6_3=2, 8_2=5, 8_3=1}
Number of gene trees: 25
25 trees have missing taxa
Calculating quartet distance matrix (for completion of X)
Species tree distances calculated ...
Will attempt to complete bipartitions from X before adding using a distance matrix.
Building set of clusters (X) from gene trees 
In second round sampling 3 rounds will be done
------------------------------
gradient0: 303
------------------------------
gradient1: 30
------------------------------
gradient2: 26
Number of Clusters after addition by distance: 359
calculating extra bipartitions to be added at level 1 ...
Adding to X using resolutions of greedy consensus ...
Limit for sigma of degrees:675
polytomy size limit : 3
discarded polytomies:  [3, 3]
Threshold 0.0:
Threshold 0.01:
Threshold 0.02:
Threshold 0.05:
Threshold 0.1:
Threshold 0.2:
Threshold 0.3333333333333333:
polytomy of size 3; rounds with additions with at least 5 support: 0; clusters: 359
polytomy of size 3; rounds with additions with at least 5 support: 0; clusters: 359
max k is :0
Number of Clusters after addition by greedy: 359
gradient0 in heuristiic: 359
calculating extra bipartitions to be added at level 1 ...
Adding to X using resolutions of greedy consensus ...
Limit for sigma of degrees:675
polytomy size limit : 3
discarded polytomies:  [3, 3]
Threshold 0.0:
Threshold 0.01:
Threshold 0.02:
Threshold 0.05:
Threshold 0.1:
Threshold 0.2:
Threshold 0.3333333333333333:
polytomy of size 3; rounds with additions with at least 5 support: 0; clusters: 359
polytomy of size 3; rounds with additions with at least 5 support: 0; clusters: 359
max k is :0
Number of Clusters after addition by greedy: 359
gradient1 in heuristiic: 0
calculating extra bipartitions to be added at level 1 ...
Adding to X using resolutions of greedy consensus ...
Limit for sigma of degrees:675
polytomy size limit : 4
discarded polytomies:  [3, 4]
Threshold 0.0:
Threshold 0.01:
Threshold 0.02:
Threshold 0.05:
Threshold 0.1:
Threshold 0.2:
Threshold 0.3333333333333333:
polytomy of size 4; rounds with additions with at least 5 support: 0; clusters: 359
polytomy of size 3; rounds with additions with at least 5 support: 0; clusters: 359
max k is :0
Number of Clusters after addition by greedy: 359
gradient2 in heuristiic: 0
partitions formed in 1.846 secs
Dynamic Programming starting after 1.846 secs
Using tree-based weight calculation.
Using polytree-based weight calculation.
Polytree max score: 534559
Polytree building time: 0.013 seconds.
Number of quartet trees in the gene trees: 533524
Size of largest cluster: 66
Greedy score: 354242
estimationFactor: 1.5090220809503108
Sub-optimal score: 360466
Total Number of elements weighted: 630
Normalized score (portion of input quartet trees satisfied before correcting for multiple individuals): 0.7152480488225459
Optimization score: 381602
Optimal tree inferred in 1.943 secs.
(5,(8,(2,((7,((1,4),(3,6))),((16,(25,23)),((14,13),((17,(12,15)),((21,9),((11,(19,20)),((10,24),(18,22)))))))))));
Final quartet score is: 401830
Final normalized quartet score is: 0.7531619945869352
You may want to ignore posterior probabilities and other statistics related to the following branch branch because the effective number of genes impacting it is only 4:
	{14}
You may want to ignore posterior probabilities and other statistics related to the following branch branch because the effective number of genes impacting it is only 2:
	{13}
You may want to ignore posterior probabilities and other statistics related to the following branch branch because the effective number of genes impacting it is only 3:
	{17}
You may want to ignore posterior probabilities and other statistics related to the following branch branch because the effective number of genes impacting it is only 3:
	{12}
You may want to ignore posterior probabilities and other statistics related to the following branch branch because the effective number of genes impacting it is only 3:
	{15}
You may want to ignore posterior probabilities and other statistics related to the following branch branch because the effective number of genes impacting it is only 18:
	{12, 15}
You may want to ignore posterior probabilities and other statistics related to the following branch branch because the effective number of genes impacting it is only 19:
	{12, 15, 17}
You may want to ignore posterior probabilities and other statistics related to the following branch branch because the effective number of genes impacting it is only 2:
	{21}
You may want to ignore posterior probabilities and other statistics related to the following branch branch because the effective number of genes impacting it is only 1:
	{9}
You may want to ignore posterior probabilities and other statistics related to the following branch branch because the effective number of genes impacting it is only 19:
	{21, 9}
You may want to ignore posterior probabilities and other statistics related to the following branch branch because the effective number of genes impacting it is only 4:
	{11}
You may want to ignore posterior probabilities and other statistics related to the following branch branch because the effective number of genes impacting it is only 3:
	{19}
You may want to ignore posterior probabilities and other statistics related to the following branch branch because the effective number of genes impacting it is only 3:
	{20}
You may want to ignore posterior probabilities and other statistics related to the following branch branch because the effective number of genes impacting it is only 17:
	{11, 19, 20}
You may want to ignore posterior probabilities and other statistics related to the following branch branch because the effective number of genes impacting it is only 4:
	{10}
You may want to ignore posterior probabilities and other statistics related to the following branch branch because the effective number of genes impacting it is only 1:
	{24}
You may want to ignore posterior probabilities and other statistics related to the following branch branch because the effective number of genes impacting it is only 14:
	{10, 24}
You may want to ignore posterior probabilities and other statistics related to the following branch branch because the effective number of genes impacting it is only 3:
	{18}
You may want to ignore posterior probabilities and other statistics related to the following branch branch because the effective number of genes impacting it is only 2:
	{22}
You may want to ignore posterior probabilities and other statistics related to the following branch branch because the effective number of genes impacting it is only 18:
	{18, 22}
You may want to ignore posterior probabilities and other statistics related to the following branch branch because the effective number of genes impacting it is only 17:
	{10, 18, 24, 22}
You may want to ignore posterior probabilities and other statistics related to the following branch branch because the effective number of genes impacting it is only 14:
	{10, 18, 11, 19, 24, 22, 20}
You may want to ignore posterior probabilities and other statistics related to the following branch branch because the effective number of genes impacting it is only 16:
	{10, 18, 21, 9, 11, 19, 24, 22, 20}
You may want to ignore posterior probabilities and other statistics related to the following branch branch because the effective number of genes impacting it is only 16:
	{12, 10, 18, 21, 9, 15, 11, 19, 17, 24, 22, 20}
You may want to ignore posterior probabilities and other statistics related to the following branch branch because the effective number of genes impacting it is only 2:
	{16}
You may want to ignore posterior probabilities and other statistics related to the following branch branch because the effective number of genes impacting it is only 5:
	{25}
You may want to ignore posterior probabilities and other statistics related to the following branch branch because the effective number of genes impacting it is only 5:
	{23}
You may want to ignore posterior probabilities and other statistics related to the following branch branch because the effective number of genes impacting it is only 16:
	{25, 23}
You may want to ignore posterior probabilities and other statistics related to the following branch branch because the effective number of genes impacting it is only 14:
	{16, 25, 23}
You may want to ignore posterior probabilities and other statistics related to the following branch branch because the effective number of genes impacting it is only 2:
	{7}
You may want to ignore posterior probabilities and other statistics related to the following branch branch because the effective number of genes impacting it is only 7:
	{1}
You may want to ignore posterior probabilities and other statistics related to the following branch branch because the effective number of genes impacting it is only 5:
	{4}
You may want to ignore posterior probabilities and other statistics related to the following branch branch because the effective number of genes impacting it is only 6:
	{3}
You may want to ignore posterior probabilities and other statistics related to the following branch branch because the effective number of genes impacting it is only 6:
	{6}
You may want to ignore posterior probabilities and other statistics related to the following branch branch because the effective number of genes impacting it is only 14:
	{1, 3, 7, 4, 6}
You may want to ignore posterior probabilities and other statistics related to the following branch branch because the effective number of genes impacting it is only 4:
	{2}
You may want to ignore posterior probabilities and other statistics related to the following branch branch because the effective number of genes impacting it is only 3:
	{8}
You may want to ignore posterior probabilities and other statistics related to the following branch branch because the effective number of genes impacting it is only 5:
	{5}
You may want to ignore posterior probabilities and other statistics related to the following branch branch because the effective number of genes impacting it is only 17:
	{5, 8}
You may want to ignore posterior probabilities and other statistics related to the following branch branch because the effective number of genes impacting it is only 16:
	{5, 2, 8}
You may want to ignore posterior probabilities and other statistics related to the following branch branch because the effective number of genes impacting it is only 13:
	{1, 3, 5, 7, 2, 4, 6, 8}
You may want to ignore posterior probabilities and other statistics related to the following branch branch because the effective number of genes impacting it is only 15:
	{16, 25, 23, 1, 3, 5, 7, 2, 4, 6, 8}
You may want to ignore posterior probabilities and other statistics related to the following branch branch because the effective number of genes impacting it is only 17:
	{16, 12, 10, 18, 25, 23, 1, 21, 3, 5, 7, 9, 15, 11, 19, 17, 24, 22, 2, 20, 4, 6, 8}
((14_3,14_2,14_1)0.8:0.39880285828274803,((13_4,13_3,13_2,13_1)0.39:0.0,((((17_2,17_1)0.17:0.0,((12_2,12_1)0.24:0.0,(15_2,15_1)0.14:0.0)0.82:0.2519504111031557)1:1.298866404245044,(((21_3,21_2,21_1)0.25:0.0,(9_1,9_2,9_3)0.21:0.0)1:1.7204504415232726,(((11_2,11_1)0.12:0.0,((19_2,19_1)0.15:0.0,(20_2,20_1)0.13:0.0)1:0.6523251860396899)1:1.8595355488390612,(((10_2,10_1)0.44:0.011888571665252378,(24_3,24_2,24_1)0.3:0.0)0.59:0.11800035275041243,((18_3,18_2,18_1)0.2:0.0,(22_3,22_2,22_1)0.16:0.0)1:0.6872886944703108)0.94:0.39389717438905564)0.44:0.036240554438859755)0.99:0.624749405894084)0.89:0.33206808733848625,(((16_1,16_2)0.3:0.0,((25_2,25_1)0.16:0.0,(23_2,23_1)0.21:0.0)1:0.821888144861835)1:0.9282669229208705,(((7_1,7_2,7_3,7_4,7_5)0.32:0.0,(((1_1,1_2,1_3)0.13:0.0,(4_1,4_2,4_3)0.13:0.0)1:0.8092349810474544,((3_1,3_2,3_3)0.15:0.0,(6_1,6_2,6_3)0.11:0.0)0.94:0.3572575794296561)1:0.6530329194170824)0.55:0.11619339072074891,((2_1,2_2)0.13:0.0,((8_1,8_2,8_3)0.16:0.0,(5_1,5_2)0.14:0.0)1:0.8281532821967529)1:1.2925582411400138)1:1.1302293300803865)0.64:0.17693376908840705)1:1.0413188530798103));
Weight calculation took 0.051739881 secs
ASTRAL finished in 2.035 secs
