
================== ASTRAL ===================== 

This is ASTRAL version 5.6.3
Gene trees are treated as unrooted
294 trees read from g_trees-raxml-sqlen-50-ngen-25.trees.tree
All output trees will be *arbitrarily* rooted at 7

======== Running the main analysis
Number of taxa: 25 (25 species)
Taxa: [7, 3, 6, 1, 4, 10, 24, 18, 22, 19, 20, 11, 15, 14, 13, 12, 17, 25, 23, 2, 8, 5, 21, 9, 16]
Taxon occupancy: {22=214, 23=267, 24=149, 25=251, 10=196, 11=214, 12=176, 13=272, 14=270, 15=149, 16=181, 17=213, 18=215, 19=214, 1=179, 2=97, 3=177, 4=168, 5=90, 6=225, 7=175, 8=97, 9=177, 20=213, 21=180}
Number of gene trees: 294
291 trees have missing taxa
Calculating quartet distance matrix (for completion of X)
Species tree distances calculated ...
Will attempt to complete bipartitions from X before adding using a distance matrix.
Building set of clusters (X) from gene trees 
------------------------------
gradient0: 311
Number of Clusters after addition by distance: 311
calculating extra bipartitions to be added at level 1 ...
Adding to X using resolutions of greedy consensus ...
Limit for sigma of degrees:675
polytomy size limit : 3
discarded polytomies:  []
Threshold 0.0:
Threshold 0.01:
Threshold 0.02:
Threshold 0.05:
Threshold 0.1:
Threshold 0.2:
Threshold 0.3333333333333333:
max k is :0
Number of Clusters after addition by greedy: 311
gradient0 in heuristiic: 311
partitions formed in 0.267 secs
Dynamic Programming starting after 0.267 secs
Using tree-based weight calculation.
Using polytree-based weight calculation.
Polytree max score: 940990
Polytree building time: 0.05 seconds.
Number of quartet trees in the gene trees: 940990
Size of largest cluster: 25
Greedy score: 775730
estimationFactor: 1.2130380415866344
Sub-optimal score: 802071
Total Number of elements weighted: 457
Normalized score (portion of input quartet trees satisfied before correcting for multiple individuals): 0.854663705246602
Optimization score: 804230
Optimal tree inferred in 0.471 secs.
(4,(1,((3,6),((7,(2,(8,5))),((14,13),((16,(25,23)),((17,(15,12)),((21,9),((11,(19,20)),((18,22),(10,24)))))))))));
Final quartet score is: 804230
Final normalized quartet score is: 0.854663705246602
(7,((2,(8,5)1:2.199796983065738)1:1.0913711274115503,(((14,13)1:0.9291305171468204,((16,(25,23)1:0.9162907318741549)1:1.928008037663218,((17,(15,12)1:0.5665330394043699)1:3.152301334245528,((21,9)1:4.462069342347422,((11,(19,20)1:1.3820728611603867)1:3.6817131981766336,((18,22)1:1.0962185211874094,(10,24)0.11:0.0)1:0.2350759922087944)1:0.3303372480536972)1:0.8749376508389085)0:0.22210242680579884)1:0.7790022015935151)1:3.846199708702476,((3,6)1:0.4450911585881514,(1,4)1:1.1290891794624265)1:0.33458257578696315)0.94:0.23782538371784856));
Weight calculation took 0.109772522 secs
ASTRAL finished in 0.671 secs
