
================== ASTRAL ===================== 

This is ASTRAL version 5.6.3
Gene trees are treated as unrooted
212 trees read from g_trees-raxml-sqlen-0-ngen-25.trees.tree
All output trees will be *arbitrarily* rooted at 1

======== Running the main analysis
Number of taxa: 25 (25 species)
Taxa: [1, 4, 3, 6, 7, 13, 14, 24, 10, 22, 18, 20, 19, 11, 17, 15, 12, 25, 23, 9, 21, 8, 5, 2, 16]
Taxon occupancy: {22=198, 23=183, 24=143, 25=199, 10=174, 11=200, 12=176, 13=178, 14=185, 15=175, 16=172, 17=195, 18=197, 19=200, 1=198, 2=108, 3=197, 4=177, 5=102, 6=197, 7=200, 8=108, 9=193, 20=200, 21=193}
Number of gene trees: 212
204 trees have missing taxa
Calculating quartet distance matrix (for completion of X)
Species tree distances calculated ...
Will attempt to complete bipartitions from X before adding using a distance matrix.
Building set of clusters (X) from gene trees 
------------------------------
gradient0: 97
Number of Clusters after addition by distance: 97
calculating extra bipartitions to be added at level 1 ...
Adding to X using resolutions of greedy consensus ...
Limit for sigma of degrees:675
polytomy size limit : 3
discarded polytomies:  []
Threshold 0.0:
Threshold 0.01:
Threshold 0.02:
Threshold 0.05:
Threshold 0.1:
Threshold 0.2:
Threshold 0.3333333333333333:
max k is :0
Number of Clusters after addition by greedy: 97
gradient0 in heuristiic: 97
partitions formed in 0.194 secs
Dynamic Programming starting after 0.194 secs
Using tree-based weight calculation.
Using polytree-based weight calculation.
Polytree max score: 1429898
Polytree building time: 0.026 seconds.
Number of quartet trees in the gene trees: 1429898
Size of largest cluster: 25
Greedy score: 1429898
estimationFactor: 1.0
Sub-optimal score: 1429898
Total Number of elements weighted: 86
Normalized score (portion of input quartet trees satisfied before correcting for multiple individuals): 1.0
Optimization score: 1429898
Optimal tree inferred in 0.288 secs.
(7,((2,(8,5)),(((1,4),(3,6)),((16,(25,23)),((13,14),((17,(15,12)),((9,21),((11,(20,19)),((24,10),(22,18))))))))));
Final quartet score is: 1429898
Final normalized quartet score is: 1.0
(1,(4,((3,6)1:4.877738620629821,(((16,(25,23)1:4.650780697240144)1:4.706522680248385,((13,14)1:4.694401319716033,((17,(15,12)1:4.765018886929979)1:4.770684624465674,((9,21)1:4.857225080796717,((11,(20,19)1:4.897839799950916)1:4.862393050955167,((24,10)1:4.365219516357503,(22,18)1:4.872649551122363)1:4.862393050955167)1:4.781920697732581)1:4.787491742782049)1:4.798541578968634)1:4.809470649500817)1:4.836281906951467,((2,(8,5)1:4.229263880121472)1:4.248495242049363,7)1:4.199705077879926)1:4.877738620629821)1:4.776318442183919));
Weight calculation took 0.032983738 secs
ASTRAL finished in 0.467 secs
