
================== ASTRAL ===================== 

This is ASTRAL version 5.6.3
Gene trees are treated as unrooted
1573 trees read from g_trees-raxml-sqlen-50-ngen-500.trees.tree
All output trees will be *arbitrarily* rooted at 7

======== Running the main analysis
Number of taxa: 25 (25 species)
Taxa: [7, 3, 6, 1, 4, 10, 24, 18, 22, 19, 20, 11, 15, 14, 13, 12, 17, 25, 23, 2, 8, 5, 21, 9, 16]
Taxon occupancy: {22=1221, 23=1083, 24=1191, 25=1099, 10=1175, 11=1186, 12=1099, 13=1095, 14=1136, 15=1130, 16=1025, 17=1137, 18=1229, 19=1243, 1=1060, 2=1028, 3=1068, 4=1053, 5=1057, 6=1046, 7=1034, 8=1064, 9=1085, 20=1234, 21=1126}
Number of gene trees: 1573
1551 trees have missing taxa
Calculating quartet distance matrix (for completion of X)
Species tree distances calculated ...
Will attempt to complete bipartitions from X before adding using a distance matrix.
Building set of clusters (X) from gene trees 
------------------------------
gradient0: 1297
Number of Clusters after addition by distance: 1297
calculating extra bipartitions to be added at level 1 ...
Adding to X using resolutions of greedy consensus ...
Limit for sigma of degrees:675
polytomy size limit : 3
discarded polytomies:  [3, 3]
Threshold 0.0:
Threshold 0.01:
Threshold 0.02:
Threshold 0.05:
Threshold 0.1:
Threshold 0.2:
polytomy of size 3; rounds with additions with at least 5 support: 0; clusters: 1297
Threshold 0.3333333333333333:
polytomy of size 3; rounds with additions with at least 5 support: 0; clusters: 1297
max k is :0
Number of Clusters after addition by greedy: 1297
gradient0 in heuristiic: 1297
partitions formed in 1.164 secs
Dynamic Programming starting after 1.165 secs
Using tree-based weight calculation.
Using polytree-based weight calculation.
Polytree max score: 5596415
Polytree building time: 0.123 seconds.
Number of quartet trees in the gene trees: 5596415
Size of largest cluster: 25
Greedy score: 4424151
estimationFactor: 1.264969256248261
Sub-optimal score: 4609307
Total Number of elements weighted: 4500
Normalized score (portion of input quartet trees satisfied before correcting for multiple individuals): 0.825447183598786
Optimization score: 4619545
Optimal tree inferred in 5.037 secs.
(4,(1,((3,6),((7,(2,(8,5))),((16,(25,23)),((14,13),((17,(15,12)),((21,9),((11,(19,20)),(24,(10,(18,22))))))))))));
Final quartet score is: 4619545
Final normalized quartet score is: 0.825447183598786
(7,((2,(8,5)1:2.1073571665563873)1:1.3644293683855322,(((16,(25,23)1:1.9327127847714773)1:1.5470137391517247,((14,13)1:1.1828311110253054,((17,(15,12)1:0.7007471110840588)1:1.4979092061479011,((21,9)1:1.797827040294704,((11,(19,20)1:1.005129425402428)1:1.1472397051859191,(24,(10,(18,22)1:1.0000387157816013)1:0.10969684674874078)1:1.1244417574330487)1:0.5057383308492502)1:0.7413833520540015)1:0.08521543134410298)1:0.21343956148727183)1:1.799616998693713,((3,6)1:0.8923976863097759,(1,4)1:1.4660061911672135)1:0.9567049420467933)1:0.20645424326194212));
Weight calculation took 3.637411699 secs
ASTRAL finished in 6.389 secs
