
================== ASTRAL ===================== 

This is ASTRAL version 5.6.3
Gene trees are treated as unrooted
209 trees read from g_trees-raxml-sqlen-100-ngen-50.trees.tree
All output trees will be *arbitrarily* rooted at 7

======== Running the main analysis
Number of taxa: 25 (25 species)
Taxa: [7, 1, 6, 3, 4, 11, 19, 20, 10, 18, 24, 22, 12, 15, 17, 14, 13, 25, 23, 8, 5, 2, 21, 9, 16]
Taxon occupancy: {22=179, 23=173, 24=144, 25=179, 10=179, 11=165, 12=166, 13=169, 14=170, 15=166, 16=133, 17=168, 18=179, 19=158, 1=159, 2=112, 3=144, 4=150, 5=113, 6=156, 7=141, 8=109, 9=185, 20=162, 21=187}
Number of gene trees: 209
206 trees have missing taxa
Calculating quartet distance matrix (for completion of X)
Species tree distances calculated ...
Will attempt to complete bipartitions from X before adding using a distance matrix.
Building set of clusters (X) from gene trees 
------------------------------
gradient0: 283
Number of Clusters after addition by distance: 283
calculating extra bipartitions to be added at level 1 ...
Adding to X using resolutions of greedy consensus ...
Limit for sigma of degrees:675
polytomy size limit : 3
discarded polytomies:  []
Threshold 0.0:
Threshold 0.01:
Threshold 0.02:
Threshold 0.05:
Threshold 0.1:
Threshold 0.2:
Threshold 0.3333333333333333:
max k is :0
Number of Clusters after addition by greedy: 283
gradient0 in heuristiic: 283
partitions formed in 0.198 secs
Dynamic Programming starting after 0.198 secs
Using tree-based weight calculation.
Using polytree-based weight calculation.
Polytree max score: 959664
Polytree building time: 0.023 seconds.
Number of quartet trees in the gene trees: 959664
Size of largest cluster: 25
Greedy score: 851854
estimationFactor: 1.126559246067988
Sub-optimal score: 860106
Total Number of elements weighted: 325
Normalized score (portion of input quartet trees satisfied before correcting for multiple individuals): 0.8986999616532453
Optimization score: 862450
Optimal tree inferred in 0.339 secs.
(5,(8,(2,(7,(((1,4),(6,3)),((16,(25,23)),((14,13),((17,(12,15)),((21,9),((11,(19,20)),(24,(10,(18,22)))))))))))));
Final quartet score is: 862450
Final normalized quartet score is: 0.8986999616532453
(7,((((1,4)1:1.9260724680453924,(6,3)1:3.174526826072081)1:0.8630462173553428,((16,(25,23)1:2.367123614131617)1:3.130651591453362,((14,13)1:2.2679724825913814,((17,(12,15)1:1.2995227060539785)1:3.1553308494320293,((21,9)1:4.770684624465674,((11,(19,20)1:2.4567357728213057)1:3.264360200903132,(24,(10,(18,22)1:1.3563368717113564)0.26:0.11512139695727085)1:1.674774472717941)1:0.8671616783666838)1:1.3411887263103177)1:0.20820356891996122)0.56:0.19890119558251254)1:3.8947612087888404)0.84:0.16612687087397407,(2,(8,5)1:2.4178959395050392)1:2.803360380906534));
Weight calculation took 0.074923492 secs
ASTRAL finished in 0.647 secs
