
================== ASTRAL ===================== 

This is ASTRAL version 5.6.3
Gene trees are treated as unrooted
1816 trees read from g_trees-raxml-sqlen-100-ngen-500.trees.tree
All output trees will be *arbitrarily* rooted at 7

======== Running the main analysis
Number of taxa: 25 (25 species)
Taxa: [7, 1, 6, 3, 4, 11, 19, 20, 10, 18, 24, 22, 12, 15, 17, 14, 13, 25, 23, 8, 5, 2, 21, 9, 16]
Taxon occupancy: {22=1349, 23=1223, 24=1395, 25=1225, 10=1358, 11=1435, 12=1424, 13=1344, 14=1377, 15=1412, 16=1231, 17=1438, 18=1375, 19=1442, 1=1260, 2=1188, 3=1220, 4=1222, 5=1231, 6=1234, 7=1216, 8=1227, 9=1389, 20=1447, 21=1407}
Number of gene trees: 1816
1780 trees have missing taxa
Calculating quartet distance matrix (for completion of X)
Species tree distances calculated ...
Will attempt to complete bipartitions from X before adding using a distance matrix.
Building set of clusters (X) from gene trees 
------------------------------
gradient0: 653
Number of Clusters after addition by distance: 653
calculating extra bipartitions to be added at level 1 ...
Adding to X using resolutions of greedy consensus ...
Limit for sigma of degrees:675
polytomy size limit : 3
discarded polytomies:  []
Threshold 0.0:
Threshold 0.01:
Threshold 0.02:
Threshold 0.05:
Threshold 0.1:
Threshold 0.2:
Threshold 0.3333333333333333:
max k is :0
Number of Clusters after addition by greedy: 653
gradient0 in heuristiic: 653
partitions formed in 0.734 secs
Dynamic Programming starting after 0.734 secs
Using tree-based weight calculation.
Using polytree-based weight calculation.
Polytree max score: 7218940
Polytree building time: 0.179 seconds.
Number of quartet trees in the gene trees: 7218940
Size of largest cluster: 25
Greedy score: 6273851
estimationFactor: 1.1506393760387361
Sub-optimal score: 6444949
Total Number of elements weighted: 1259
Normalized score (portion of input quartet trees satisfied before correcting for multiple individuals): 0.8939388608299833
Optimization score: 6453291
Optimal tree inferred in 2.051 secs.
(4,(1,((6,3),((7,(2,(8,5))),((16,(25,23)),((14,13),((17,(12,15)),((21,9),((11,(19,20)),((18,22),(10,24)))))))))));
Final quartet score is: 6453291
Final normalized quartet score is: 0.8939388608299833
(7,((2,(8,5)1:2.1389768342802893)1:2.0507174423925063,(((16,(25,23)1:2.6644793591515006)1:3.176859844907049,((14,13)1:1.4957016750162058,((17,(12,15)1:1.170217855208798)1:2.698881493539606,((21,9)1:2.7368713331259524,((11,(19,20)1:1.7880064261443405)1:1.4762710457763872,((18,22)1:1.4257048101091363,(10,24)1:0.09659784613789732)1:1.6171756089709066)1:1.1288165793230134)1:1.184403732866795)0.97:0.07156962395853272)1:0.5990931862529484)1:3.4870588025494924,((6,3)1:1.5763899776285304,(1,4)1:2.3929999600110237)1:1.5557913252903668)1:0.11774582252237062));
Weight calculation took 1.052702799 secs
ASTRAL finished in 2.621 secs
