
================== ASTRAL ===================== 

This is ASTRAL version 5.6.3
Gene trees are treated as unrooted
1213 trees read from g_trees-raxml-sqlen-0-ngen-500.trees.tree
All output trees will be *arbitrarily* rooted at 1

======== Running the main analysis
Number of taxa: 25 (25 species)
Taxa: [1, 4, 3, 6, 7, 13, 14, 24, 10, 22, 18, 20, 19, 11, 17, 15, 12, 25, 23, 9, 21, 8, 5, 2, 16]
Taxon occupancy: {22=1017, 23=925, 24=1022, 25=935, 10=1003, 11=1034, 12=1019, 13=997, 14=996, 15=1019, 16=929, 17=985, 18=1030, 19=1033, 1=954, 2=896, 3=949, 4=932, 5=949, 6=948, 7=916, 8=950, 9=971, 20=1034, 21=983}
Number of gene trees: 1213
1134 trees have missing taxa
Calculating quartet distance matrix (for completion of X)
Species tree distances calculated ...
Will attempt to complete bipartitions from X before adding using a distance matrix.
Building set of clusters (X) from gene trees 
------------------------------
gradient0: 99
Number of Clusters after addition by distance: 99
calculating extra bipartitions to be added at level 1 ...
Adding to X using resolutions of greedy consensus ...
Limit for sigma of degrees:675
polytomy size limit : 3
discarded polytomies:  []
Threshold 0.0:
Threshold 0.01:
Threshold 0.02:
Threshold 0.05:
Threshold 0.1:
Threshold 0.2:
Threshold 0.3333333333333333:
max k is :0
Number of Clusters after addition by greedy: 99
gradient0 in heuristiic: 99
partitions formed in 0.538 secs
Dynamic Programming starting after 0.538 secs
Using tree-based weight calculation.
Using polytree-based weight calculation.
Polytree max score: 7178923
Polytree building time: 0.087 seconds.
Number of quartet trees in the gene trees: 7178923
Size of largest cluster: 25
Greedy score: 7178611
estimationFactor: 1.0000434624469832
Sub-optimal score: 7178611
Total Number of elements weighted: 88
Normalized score (portion of input quartet trees satisfied before correcting for multiple individuals): 0.9999565394419191
Optimization score: 7178611
Optimal tree inferred in 0.766 secs.
(7,((2,(8,5)),(((1,4),(3,6)),((16,(25,23)),((13,14),((17,(15,12)),((9,21),((11,(20,19)),((24,10),(22,18))))))))));
Final quartet score is: 7178611
Final normalized quartet score is: 0.9999565394419191
(1,(4,((3,6)1:6.337415527683774,(((16,(25,23)1:6.311129665412803)1:6.25254593776261,((13,14)1:6.37559251782799,((17,(15,12)1:6.3891214727682915)1:6.416732282512363,((9,21)1:6.410174881966139,((11,(20,19)1:6.477997478304941)1:6.431867706577458,((24,10)1:6.412365463346001,(22,18)1:6.500288168203354)1:6.488191246494437)1:6.368758778249477)1:6.388001024471891)1:6.427566624678015)1:6.303839232150134)1:6.353790162555547,((2,(8,5)1:6.347972810489604)1:6.19168059377846,7)1:5.162879395652945)1:6.424328629404271)1:6.368758778249477));
Weight calculation took 0.078501541 secs
ASTRAL finished in 2.124 secs
