
================== ASTRAL ===================== 

This is ASTRAL version 5.6.3
Gene trees are treated as unrooted
294 trees read from g_trees-raxml-sqlen-25-ngen-100.trees.tree
All output trees will be *arbitrarily* rooted at 18

======== Running the main analysis
Number of taxa: 25 (25 species)
Taxa: [18, 24, 22, 10, 7, 12, 20, 19, 11, 13, 14, 15, 17, 6, 4, 1, 3, 25, 23, 2, 8, 5, 21, 9, 16]
Taxon occupancy: {22=219, 23=200, 24=185, 25=194, 10=211, 11=189, 12=234, 13=192, 14=185, 15=229, 16=161, 17=239, 18=206, 19=211, 1=200, 2=209, 3=203, 4=202, 5=193, 6=210, 7=218, 8=203, 9=215, 20=203, 21=214}
Number of gene trees: 294
293 trees have missing taxa
Calculating quartet distance matrix (for completion of X)
Species tree distances calculated ...
Will attempt to complete bipartitions from X before adding using a distance matrix.
Building set of clusters (X) from gene trees 
------------------------------
gradient0: 933
Number of Clusters after addition by distance: 933
calculating extra bipartitions to be added at level 1 ...
Adding to X using resolutions of greedy consensus ...
Limit for sigma of degrees:675
polytomy size limit : 4
discarded polytomies:  [3, 4]
Threshold 0.0:
Threshold 0.01:
Threshold 0.02:
Threshold 0.05:
Threshold 0.1:
Threshold 0.2:
Threshold 0.3333333333333333:
polytomy of size 4; rounds with additions with at least 5 support: 0; clusters: 933
polytomy of size 3; rounds with additions with at least 5 support: 0; clusters: 933
max k is :0
Number of Clusters after addition by greedy: 933
gradient0 in heuristiic: 933
partitions formed in 0.543 secs
Dynamic Programming starting after 0.543 secs
Using tree-based weight calculation.
Using polytree-based weight calculation.
Polytree max score: 981053
Polytree building time: 0.039 seconds.
Number of quartet trees in the gene trees: 981053
Size of largest cluster: 25
Greedy score: 636175
estimationFactor: 1.542111840295516
Sub-optimal score: 675697
Total Number of elements weighted: 2413
Normalized score (portion of input quartet trees satisfied before correcting for multiple individuals): 0.7355392624047834
Optimization score: 721603
Optimal tree inferred in 1.129 secs.
(8,(5,(2,((7,((4,1),(6,3))),((16,(25,23)),(((13,14),(17,(12,15))),((21,9),((11,(20,19)),(24,(10,(18,22)))))))))));
Final quartet score is: 721603
Final normalized quartet score is: 0.7355392624047834
(18,(22,(10,(24,((11,(20,19)1:0.838744922275749)1:0.6474628995190154,((21,9)1:1.4692215199872554,(((13,14)1:0.6196978741721315,(17,(12,15)1:0.46463449349566527)1:1.1465443736325767)0.98:0.1419200835808248,((16,(25,23)1:1.5573086015907749)1:1.6378058761914427,((7,((4,1)1:1.4540137134736706,(6,3)1:0.43733038786411826)1:0.9249284707127585)1:0.31569367544204124,(2,(5,8)1:1.28159714712698)1:0.5294014880440102)1:0.49454413337332026)0.06:0.09116961016566644)1:0.4977152135876405)1:0.3163804072864671)1:0.5841300574396636)1:0.21691762308567952)1:0.7723721202565408));
Weight calculation took 0.48015163 secs
ASTRAL finished in 1.339 secs
