
================== ASTRAL ===================== 

This is ASTRAL version 5.6.3
Gene trees are treated as unrooted
363 trees read from g_trees-raxml-sqlen-250-ngen-100.trees.tree
All output trees will be *arbitrarily* rooted at 7

======== Running the main analysis
Number of taxa: 25 (25 species)
Taxa: [7, 6, 3, 4, 1, 20, 19, 11, 10, 22, 18, 24, 12, 15, 17, 13, 14, 25, 23, 2, 5, 8, 21, 9, 16]
Taxon occupancy: {22=303, 23=289, 24=268, 25=299, 10=275, 11=289, 12=261, 13=287, 14=277, 15=256, 16=252, 17=293, 18=292, 19=253, 1=288, 2=250, 3=290, 4=296, 5=254, 6=280, 7=276, 8=255, 9=310, 20=279, 21=306}
Number of gene trees: 363
355 trees have missing taxa
Calculating quartet distance matrix (for completion of X)
Species tree distances calculated ...
Will attempt to complete bipartitions from X before adding using a distance matrix.
Building set of clusters (X) from gene trees 
------------------------------
gradient0: 245
Number of Clusters after addition by distance: 245
calculating extra bipartitions to be added at level 1 ...
Adding to X using resolutions of greedy consensus ...
Limit for sigma of degrees:675
polytomy size limit : 3
discarded polytomies:  []
Threshold 0.0:
Threshold 0.01:
Threshold 0.02:
Threshold 0.05:
Threshold 0.1:
Threshold 0.2:
Threshold 0.3333333333333333:
max k is :0
Number of Clusters after addition by greedy: 245
gradient0 in heuristiic: 245
partitions formed in 0.263 secs
Dynamic Programming starting after 0.263 secs
Using tree-based weight calculation.
Using polytree-based weight calculation.
Polytree max score: 1755697
Polytree building time: 0.044 seconds.
Number of quartet trees in the gene trees: 1755697
Size of largest cluster: 25
Greedy score: 1660479
estimationFactor: 1.0573436941990835
Sub-optimal score: 1660479
Total Number of elements weighted: 234
Normalized score (portion of input quartet trees satisfied before correcting for multiple individuals): 0.9457662683253432
Optimization score: 1660479
Optimal tree inferred in 0.444 secs.
(1,(4,((6,3),((7,(2,(5,8))),((16,(25,23)),((13,14),((17,(12,15)),((21,9),((11,(20,19)),((10,24),(22,18)))))))))));
Final quartet score is: 1660479
Final normalized quartet score is: 0.9457662683253432
(7,((2,(5,8)1:3.6375861597263826)1:3.268300708195725,(((16,(25,23)1:3.223310421936065)1:2.4022149339428878,((13,14)1:3.0285220963769826,((17,(12,15)1:1.9502298101998294)1:5.111987788356531,((21,9)1:3.8607297110405923,((11,(20,19)1:2.7249997594159816)1:3.433860694269278,((10,24)1:0.4647542733595917,(22,18)1:1.6252052338432752)1:2.187673747080356)1:3.816416485423108)1:2.5253552080681527)1:0.5871516206837494)1:0.9899998049839341)1:3.962172789113622,((6,3)1:3.5224312464762737,(4,1)1:3.074982119814496)1:2.3889426615262574)1:0.43185186328135927));
Weight calculation took 0.10044967 secs
ASTRAL finished in 0.642 secs
