
================== ASTRAL ===================== 

This is ASTRAL version 5.6.3
Gene trees are treated as unrooted
110 trees read from g_trees-raxml-sqlen-25-ngen-25.trees.tree
All output trees will be *arbitrarily* rooted at 18

======== Running the main analysis
Number of taxa: 25 (25 species)
Taxa: [18, 24, 22, 10, 7, 12, 20, 19, 11, 13, 14, 15, 17, 6, 4, 1, 3, 25, 23, 2, 8, 5, 21, 9, 16]
Taxon occupancy: {22=74, 23=76, 24=54, 25=76, 10=65, 11=75, 12=98, 13=87, 14=55, 15=100, 16=59, 17=101, 18=70, 19=94, 1=78, 2=66, 3=80, 4=77, 5=53, 6=85, 7=86, 8=66, 9=78, 20=94, 21=80}
Number of gene trees: 110
110 trees have missing taxa
Calculating quartet distance matrix (for completion of X)
Species tree distances calculated ...
Will attempt to complete bipartitions from X before adding using a distance matrix.
Building set of clusters (X) from gene trees 
------------------------------
gradient0: 421
Number of Clusters after addition by distance: 421
calculating extra bipartitions to be added at level 1 ...
Adding to X using resolutions of greedy consensus ...
Limit for sigma of degrees:675
polytomy size limit : 3
discarded polytomies:  [3, 3]
Threshold 0.0:
Threshold 0.01:
Threshold 0.02:
Threshold 0.05:
Threshold 0.1:
Threshold 0.2:
Threshold 0.3333333333333333:
polytomy of size 3; rounds with additions with at least 5 support: 0; clusters: 421
polytomy of size 3; rounds with additions with at least 5 support: 0; clusters: 421
max k is :0
Number of Clusters after addition by greedy: 421
gradient0 in heuristiic: 421
partitions formed in 0.244 secs
Dynamic Programming starting after 0.244 secs
Using tree-based weight calculation.
Using polytree-based weight calculation.
Polytree max score: 383641
Polytree building time: 0.02 seconds.
Number of quartet trees in the gene trees: 383641
Size of largest cluster: 25
Greedy score: 256102
estimationFactor: 1.4980007965576216
Sub-optimal score: 268050
Total Number of elements weighted: 717
Normalized score (portion of input quartet trees satisfied before correcting for multiple individuals): 0.7258348299582161
Optimization score: 278460
Optimal tree inferred in 0.403 secs.
(7,((6,(3,(4,1))),(((16,(25,23)),(2,(8,5))),(((13,14),(17,(12,15))),((11,(20,19)),((21,9),(24,(10,(18,22)))))))));
Final quartet score is: 278460
Final normalized quartet score is: 0.7258348299582161
(18,(22,(10,(24,((21,9)1:2.1744739822794856,((11,(20,19)1:0.43536886591035373)0.97:0.2886899061529207,(((13,14)1:1.0468172020407782,(17,(12,15)1:0.4740491877237069)1:1.4303088724191027)0.01:0.0,(((16,(25,23)1:1.8971199848858815)1:3.2171722469434196,(2,(8,5)1:2.100060828882572)1:0.6168890980815813)0.97:0.30807095214640173,((6,(3,(4,1)1:3.5303412314315197)1:0.3110093722304124)1:0.842398234418742,7)1:0.6534906260659291)0.8:0.11823910357852355)1:0.8112956230747215)1:0.34070043602230554)1:1.625942349380737)1:1.0225610243489016)1:0.860651902586098));
Weight calculation took 0.089224972 secs
ASTRAL finished in 1.639 secs
