
================== ASTRAL ===================== 

This is ASTRAL version 5.6.3
Gene trees are treated as unrooted
25 trees read from g_trees-raxml-sqlen-25-ngen-25-s2g.trees
All output trees will be *arbitrarily* rooted at 14

======== Running the main analysis
Number of taxa: 126 (25 species)
Taxa: {22=[22_5, 22_4, 22_3, 22_2, 22_1], 23=[23_5, 23_4, 23_3, 23_2, 23_1, 23_6], 24=[24_4, 24_3, 24_2, 24_1], 25=[25_3, 25_2, 25_1, 25_4], 10=[10_4, 10_3, 10_2, 10_1], 11=[11_3, 11_2, 11_1], 12=[12_5, 12_4, 12_3, 12_2, 12_1, 12_7, 12_6], 13=[13_3, 13_2, 13_1], 14=[14_3, 14_2, 14_1], 15=[15_2, 15_1, 15_7, 15_6, 15_5, 15_4, 15_3], 16=[16_1, 16_4, 16_3, 16_2], 17=[17_5, 17_4, 17_3, 17_2, 17_1], 18=[18_4, 18_3, 18_2, 18_1], 19=[19_6, 19_5, 19_4, 19_3, 19_2, 19_1, 19_8, 19_7], 1=[1_1, 1_2, 1_3, 1_4, 1_5], 2=[2_1, 2_2, 2_3, 2_4], 3=[3_1, 3_2, 3_3, 3_4, 3_5, 3_6], 4=[4_1, 4_2, 4_3, 4_4, 4_5, 4_6, 4_7], 5=[5_1, 5_2, 5_3, 5_4, 5_5], 6=[6_1, 6_2, 6_3, 6_4, 6_5, 6_6, 6_7, 6_8], 7=[7_1, 7_2, 7_3, 7_4, 7_5, 7_6, 7_7, 7_8], 8=[8_1, 8_2, 8_3, 8_4], 9=[9_1, 9_2, 9_3, 9_4], 20=[20_4, 20_3, 20_2, 20_1], 21=[21_4, 21_3, 21_2, 21_1]}
Taxon occupancy: {14_3=3, 14_2=7, 14_1=13, 10_4=1, 10_3=2, 10_2=4, 10_1=13, 18_4=2, 18_3=2, 18_2=3, 18_1=13, 25_3=3, 25_2=9, 25_1=15, 21_4=2, 21_3=3, 3_1=13, 21_2=7, 21_1=16, 3_2=8, 3_3=2, 3_4=2, 7_1=14, 3_5=1, 7_2=9, 3_6=1, 7_3=2, 7_4=1, 7_5=1, 7_6=1, 7_7=1, 25_4=1, 7_8=1, 13_3=1, 13_2=4, 13_1=14, 17_5=1, 17_4=1, 17_3=5, 17_2=6, 17_1=15, 24_4=1, 24_3=4, 24_2=6, 24_1=13, 2_1=13, 20_4=1, 2_2=5, 20_3=2, 20_2=7, 2_3=2, 20_1=14, 2_4=2, 6_1=14, 6_2=8, 6_3=2, 6_4=2, 6_5=1, 6_6=1, 6_7=1, 6_8=1, 16_1=14, 12_5=1, 12_4=1, 12_3=2, 12_2=7, 12_1=14, 16_4=1, 16_3=2, 12_7=1, 16_2=2, 12_6=1, 23_5=2, 23_4=3, 23_3=5, 1_1=12, 23_2=7, 23_1=13, 1_2=3, 1_3=2, 1_4=2, 5_1=13, 1_5=1, 5_2=5, 5_3=2, 5_4=1, 9_1=13, 5_5=1, 9_2=3, 9_3=2, 9_4=2, 23_6=1, 15_2=9, 15_1=14, 11_3=1, 11_2=6, 11_1=13, 19_6=1, 19_5=2, 19_4=2, 19_3=2, 15_7=1, 19_2=6, 15_6=1, 19_1=13, 15_5=1, 15_4=1, 15_3=2, 22_5=1, 22_4=1, 22_3=6, 22_2=7, 22_1=15, 4_1=15, 4_2=4, 4_3=2, 4_4=2, 8_1=14, 4_5=1, 8_2=7, 4_6=1, 8_3=2, 4_7=1, 8_4=1, 19_8=1, 19_7=1}
Number of gene trees: 25
25 trees have missing taxa
Calculating quartet distance matrix (for completion of X)
Species tree distances calculated ...
Will attempt to complete bipartitions from X before adding using a distance matrix.
Building set of clusters (X) from gene trees 
In second round sampling 4 rounds will be done
------------------------------
gradient0: 425
------------------------------
gradient1: 238
------------------------------
gradient2: 228
------------------------------
gradient3: 220
Number of Clusters after addition by distance: 1111
calculating extra bipartitions to be added at level 1 ...
Adding to X using resolutions of greedy consensus ...
Limit for sigma of degrees:675
polytomy size limit : 9
discarded polytomies:  [4, 4, 6, 9]
Threshold 0.0:
Threshold 0.01:
Threshold 0.02:
Threshold 0.05:
polytomy of size 4; rounds with additions with at least 5 support: 0; clusters: 1113
Threshold 0.1:
polytomy of size 4; rounds with additions with at least 5 support: 0; clusters: 1113
Threshold 0.2:
polytomy of size 6; rounds with additions with at least 5 support: 1; clusters: 1123
Threshold 0.3333333333333333:
polytomy of size 9; rounds with additions with at least 5 support: 0; clusters: 1125
max k is :2
Number of Clusters after addition by greedy: 1125
gradient0 in heuristiic: 1125
calculating extra bipartitions to be added at level 1 ...
Adding to X using resolutions of greedy consensus ...
Limit for sigma of degrees:675
polytomy size limit : 6
discarded polytomies:  [3, 3, 3, 3, 4, 4, 5, 6]
Threshold 0.0:
polytomy of size 3; rounds with additions with at least 5 support: 0; clusters: 1125
Threshold 0.01:
polytomy of size 3; rounds with additions with at least 5 support: 0; clusters: 1125
Threshold 0.02:
polytomy of size 3; rounds with additions with at least 5 support: 0; clusters: 1125
Threshold 0.05:
polytomy of size 4; rounds with additions with at least 5 support: 0; clusters: 1125
Threshold 0.1:
polytomy of size 4; rounds with additions with at least 5 support: 0; clusters: 1125
Threshold 0.2:
polytomy of size 5; rounds with additions with at least 5 support: 0; clusters: 1125
Threshold 0.3333333333333333:
polytomy of size 6; rounds with additions with at least 5 support: 0; clusters: 1125
polytomy of size 3; rounds with additions with at least 5 support: 0; clusters: 1125
max k is :0
Number of Clusters after addition by greedy: 1125
gradient1 in heuristiic: 0
calculating extra bipartitions to be added at level 1 ...
Adding to X using resolutions of greedy consensus ...
Limit for sigma of degrees:675
polytomy size limit : 7
discarded polytomies:  [4, 4, 6, 7]
Threshold 0.0:
Threshold 0.01:
Threshold 0.02:
Threshold 0.05:
polytomy of size 4; rounds with additions with at least 5 support: 0; clusters: 1125
Threshold 0.1:
polytomy of size 4; rounds with additions with at least 5 support: 0; clusters: 1125
Threshold 0.2:
polytomy of size 6; rounds with additions with at least 5 support: 0; clusters: 1131
Threshold 0.3333333333333333:
polytomy of size 7; rounds with additions with at least 5 support: 0; clusters: 1135
max k is :0
Number of Clusters after addition by greedy: 1135
gradient2 in heuristiic: 10
calculating extra bipartitions to be added at level 1 ...
Adding to X using resolutions of greedy consensus ...
Limit for sigma of degrees:675
polytomy size limit : 8
discarded polytomies:  [4, 4, 7, 8]
Threshold 0.0:
Threshold 0.01:
Threshold 0.02:
Threshold 0.05:
polytomy of size 4; rounds with additions with at least 5 support: 0; clusters: 1135
Threshold 0.1:
polytomy of size 4; rounds with additions with at least 5 support: 0; clusters: 1137
Threshold 0.2:
polytomy of size 7; rounds with additions with at least 5 support: 0; clusters: 1143
Threshold 0.3333333333333333:
polytomy of size 8; rounds with additions with at least 5 support: 0; clusters: 1145
max k is :0
Number of Clusters after addition by greedy: 1145
gradient3 in heuristiic: 10
partitions formed in 4.854 secs
Dynamic Programming starting after 4.854 secs
Using tree-based weight calculation.
Using polytree-based weight calculation.
Polytree max score: 4925333
Polytree building time: 0.01 seconds.
Number of quartet trees in the gene trees: 4889597
Size of largest cluster: 126
Greedy score: 1921583
estimationFactor: 2.5631636616363536
Sub-optimal score: 1926757
Total Number of elements weighted: 3112
Normalized score (portion of input quartet trees satisfied before correcting for multiple individuals): 0.4394189337076246
Optimization score: 2148581
Optimal tree inferred in 5.068 secs.
(13,(16,(((10,4),(9,(18,1))),(((7,15),((14,2),(8,(20,11)))),((25,(24,(22,(21,23)))),(5,((17,19),(3,(6,12)))))))));
Final quartet score is: 2415154
Final normalized quartet score is: 0.4939372304097863
You may want to ignore posterior probabilities and other statistics related to the following branch branch because the effective number of genes impacting it is only 5:
	{14}
You may want to ignore posterior probabilities and other statistics related to the following branch branch because the effective number of genes impacting it is only 3:
	{2}
You may want to ignore posterior probabilities and other statistics related to the following branch branch because the effective number of genes impacting it is only 4:
	{8}
You may want to ignore posterior probabilities and other statistics related to the following branch branch because the effective number of genes impacting it is only 4:
	{20}
You may want to ignore posterior probabilities and other statistics related to the following branch branch because the effective number of genes impacting it is only 4:
	{11}
You may want to ignore posterior probabilities and other statistics related to the following branch branch because the effective number of genes impacting it is only 13:
	{20, 11}
You may want to ignore posterior probabilities and other statistics related to the following branch branch because the effective number of genes impacting it is only 14:
	{20, 11, 8}
You may want to ignore posterior probabilities and other statistics related to the following branch branch because the effective number of genes impacting it is only 3:
	{7}
You may want to ignore posterior probabilities and other statistics related to the following branch branch because the effective number of genes impacting it is only 3:
	{15}
You may want to ignore posterior probabilities and other statistics related to the following branch branch because the effective number of genes impacting it is only 12:
	{7, 15}
You may want to ignore posterior probabilities and other statistics related to the following branch branch because the effective number of genes impacting it is only 4:
	{25}
You may want to ignore posterior probabilities and other statistics related to the following branch branch because the effective number of genes impacting it is only 3:
	{24}
You may want to ignore posterior probabilities and other statistics related to the following branch branch because the effective number of genes impacting it is only 4:
	{22}
You may want to ignore posterior probabilities and other statistics related to the following branch branch because the effective number of genes impacting it is only 4:
	{21}
You may want to ignore posterior probabilities and other statistics related to the following branch branch because the effective number of genes impacting it is only 4:
	{23}
You may want to ignore posterior probabilities and other statistics related to the following branch branch because the effective number of genes impacting it is only 12:
	{21, 23}
You may want to ignore posterior probabilities and other statistics related to the following branch branch because the effective number of genes impacting it is only 11:
	{21, 23, 22}
You may want to ignore posterior probabilities and other statistics related to the following branch branch because the effective number of genes impacting it is only 10:
	{21, 24, 23, 22}
You may want to ignore posterior probabilities and other statistics related to the following branch branch because the effective number of genes impacting it is only 6:
	{25, 21, 24, 23, 22}
You may want to ignore posterior probabilities and other statistics related to the following branch branch because the effective number of genes impacting it is only 2:
	{5}
You may want to ignore posterior probabilities and other statistics related to the following branch branch because the effective number of genes impacting it is only 2:
	{17}
You may want to ignore posterior probabilities and other statistics related to the following branch branch because the effective number of genes impacting it is only 2:
	{19}
You may want to ignore posterior probabilities and other statistics related to the following branch branch because the effective number of genes impacting it is only 7:
	{17, 19}
You may want to ignore posterior probabilities and other statistics related to the following branch branch because the effective number of genes impacting it is only 3:
	{3}
You may want to ignore posterior probabilities and other statistics related to the following branch branch because the effective number of genes impacting it is only 3:
	{6}
You may want to ignore posterior probabilities and other statistics related to the following branch branch because the effective number of genes impacting it is only 2:
	{12}
You may want to ignore posterior probabilities and other statistics related to the following branch branch because the effective number of genes impacting it is only 13:
	{6, 12}
You may want to ignore posterior probabilities and other statistics related to the following branch branch because the effective number of genes impacting it is only 10:
	{3, 6, 12}
You may want to ignore posterior probabilities and other statistics related to the following branch branch because the effective number of genes impacting it is only 9:
	{3, 17, 6, 12, 19}
You may want to ignore posterior probabilities and other statistics related to the following branch branch because the effective number of genes impacting it is only 6:
	{3, 17, 6, 12, 5, 19}
You may want to ignore posterior probabilities and other statistics related to the following branch branch because the effective number of genes impacting it is only 9:
	{25, 21, 3, 17, 24, 6, 12, 23, 5, 19, 22}
You may want to ignore posterior probabilities and other statistics related to the following branch branch because the effective number of genes impacting it is only 2:
	{10}
You may want to ignore posterior probabilities and other statistics related to the following branch branch because the effective number of genes impacting it is only 2:
	{4}
You may want to ignore posterior probabilities and other statistics related to the following branch branch because the effective number of genes impacting it is only 10:
	{10, 4}
You may want to ignore posterior probabilities and other statistics related to the following branch branch because the effective number of genes impacting it is only 2:
	{9}
You may want to ignore posterior probabilities and other statistics related to the following branch branch because the effective number of genes impacting it is only 2:
	{18}
You may want to ignore posterior probabilities and other statistics related to the following branch branch because the effective number of genes impacting it is only 2:
	{1}
You may want to ignore posterior probabilities and other statistics related to the following branch branch because the effective number of genes impacting it is only 12:
	{18, 1}
You may want to ignore posterior probabilities and other statistics related to the following branch branch because the effective number of genes impacting it is only 13:
	{18, 1, 9}
You may want to ignore posterior probabilities and other statistics related to the following branch branch because the effective number of genes impacting it is only 12:
	{10, 18, 1, 9, 4}
You may want to ignore posterior probabilities and other statistics related to the following branch branch because the effective number of genes impacting it is only 1:
	{16}
You may want to ignore posterior probabilities and other statistics related to the following branch branch because the effective number of genes impacting it is only 3:
	{13}
You may want to ignore posterior probabilities and other statistics related to the following branch branch because the effective number of genes impacting it is only 12:
	{13, 16}
You may want to ignore posterior probabilities and other statistics related to the following branch branch because the effective number of genes impacting it is only 14:
	{10, 18, 13, 16, 1, 9, 4}
You may want to ignore posterior probabilities and other statistics related to the following branch branch because the effective number of genes impacting it is only 12:
	{10, 18, 25, 21, 3, 13, 17, 24, 6, 12, 16, 23, 1, 5, 9, 19, 22, 4}
You may want to ignore posterior probabilities and other statistics related to the following branch branch because the effective number of genes impacting it is only 11:
	{10, 18, 25, 21, 3, 7, 13, 17, 24, 6, 12, 16, 23, 1, 5, 9, 15, 19, 22, 4}
You may want to ignore posterior probabilities and other statistics related to the following branch branch because the effective number of genes impacting it is only 11:
	{10, 18, 25, 21, 3, 7, 13, 17, 24, 20, 6, 12, 16, 23, 1, 5, 9, 15, 11, 19, 22, 4, 8}
((14_3,14_2,14_1)0.23:0.0,((2_1,2_2,2_3,2_4)0.25:0.0,(((8_1,8_2,8_3,8_4)0.17:0.0,((20_4,20_3,20_2,20_1)0.15:0.0,(11_3,11_2,11_1)0.15:0.0)0.73:0.2214626819413496)0.9:0.3574671755187012,(((7_1,7_2,7_3,7_4,7_5,7_6,7_7,7_8)0.19:0.0,(15_2,15_1,15_7,15_6,15_5,15_4,15_3)0.16:0.0)0.99:0.6692269452397749,((((25_3,25_2,25_1,25_4)0.79:0.3963233481500698,((24_4,24_3,24_2,24_1)0.22:0.0,((22_5,22_4,22_3,22_2,22_1)0.3:0.0,((21_4,21_3,21_2,21_1)0.46:0.040581604867320514,(23_5,23_4,23_3,23_2,23_1,23_6)0.32:0.0)0.47:0.054679090392012054)0.16:0.0)0.93:0.48061627524326084)0.98:0.9313167164403798,((5_1,5_2,5_3,5_4,5_5)0.58:0.15578123255285642,(((17_5,17_4,17_3,17_2,17_1)0.37:0.0,(19_6,19_5,19_4,19_3,19_2,19_1,19_8,19_7)0.61:0.18985795284556067)0.75:0.286072647764929,((3_1,3_2,3_3,3_4,3_5,3_6)0.22:0.0,((6_1,6_2,6_3,6_4,6_5,6_6,6_7,6_8)0.24:0.0,(12_5,12_4,12_3,12_2,12_1,12_7,12_6)0.19:0.0)0.46:0.08856664474058085)0.99:0.8888599312794266)0.2:0.0)0.19:0.0)0.3:0.0,((((10_4,10_3,10_2,10_1)0.32:0.0,(4_1,4_2,4_3,4_4,4_5,4_6,4_7)0.35:0.0)0.99:0.789174572850082,((9_1,9_2,9_3,9_4)0.23:0.0,((18_4,18_3,18_2,18_1)0.2:0.0,(1_1,1_2,1_3,1_4,1_5)0.29:0.0)0.05:0.0)1:1.4039064351062491)0.01:0.0,((16_1,16_4,16_3,16_2)0.26:0.0,(13_3,13_2,13_1)0.54:0.11549559423914711)0.91:0.41289476854995)0.98:0.5811326116796838)0.27:0.0)0.78:0.2624844107965556)0.48:0.06049960786698516));
Weight calculation took 0.201917404 secs
ASTRAL finished in 5.221 secs
