
================== ASTRAL ===================== 

This is ASTRAL version 5.6.3
Gene trees are treated as unrooted
500 trees read from g_trees-raxml-sqlen-25-ngen-500-s2g.trees
All output trees will be *arbitrarily* rooted at 10

======== Running the main analysis
Number of taxa: 237 (25 species)
Taxa: {22=[22_6, 22_5, 22_4, 22_3, 22_2, 22_1, 22_7], 23=[23_5, 23_4, 23_3, 23_2, 23_1, 23_7, 23_6], 24=[24_4, 24_3, 24_2, 24_1, 24_7, 24_6, 24_5], 25=[25_3, 25_2, 25_1, 25_9, 25_8, 25_7, 25_6, 25_5, 25_4], 10=[10_7, 10_6, 10_5, 10_4, 10_3, 10_2, 10_1, 10_9, 10_8, 10_12, 10_11, 10_14, 10_13, 10_10], 11=[11_6, 11_5, 11_4, 11_3, 11_2, 11_1, 11_9, 11_8, 11_7], 12=[12_11, 12_12, 12_10, 12_5, 12_4, 12_3, 12_2, 12_1, 12_9, 12_8, 12_7, 12_6], 13=[13_4, 13_3, 13_2, 13_1, 13_9, 13_8, 13_7, 13_6, 13_5], 14=[14_3, 14_2, 14_1, 14_9, 14_8, 14_7, 14_6, 14_5, 14_4], 15=[15_2, 15_1, 15_9, 15_8, 15_7, 15_6, 15_5, 15_4, 15_3], 16=[16_1, 16_9, 16_8, 16_7, 16_6, 16_5, 16_4, 16_3, 16_2, 16_10], 17=[17_8, 17_7, 17_6, 17_5, 17_4, 17_3, 17_2, 17_1], 18=[18_7, 18_6, 18_5, 18_4, 18_3, 18_2, 18_1, 18_9, 18_8, 18_11, 18_10], 19=[19_6, 19_5, 19_4, 19_3, 19_2, 19_1, 19_8, 19_7], 1=[1_11, 1_10, 1_1, 1_2, 1_3, 1_4, 1_5, 1_6, 1_7, 1_8, 1_9], 2=[2_1, 2_2, 2_3, 2_4, 2_5, 2_6, 2_7, 2_8, 2_9], 3=[3_1, 3_2, 3_3, 3_4, 3_5, 3_6, 3_7, 3_8, 3_9], 4=[4_11, 4_10, 4_12, 4_1, 4_2, 4_3, 4_4, 4_5, 4_6, 4_7, 4_8, 4_9], 5=[5_10, 5_1, 5_2, 5_3, 5_4, 5_5, 5_6, 5_7, 5_8, 5_9], 6=[6_1, 6_2, 6_3, 6_4, 6_5, 6_6, 6_7, 6_8, 6_9], 7=[7_1, 7_2, 7_3, 7_4, 7_5, 7_6, 7_7, 7_8, 7_9], 8=[8_10, 8_1, 8_2, 8_3, 8_4, 8_5, 8_6, 8_7, 8_8, 8_9], 9=[9_1, 9_2, 9_3, 9_4, 9_5, 9_6, 9_7, 9_8, 9_9, 9_10], 20=[20_8, 20_7, 20_6, 20_5, 20_4, 20_3, 20_2, 20_1, 20_9, 20_10], 21=[21_7, 21_6, 21_5, 21_4, 21_3, 21_2, 21_1, 21_9, 21_8]}
Taxon occupancy: {10_7=6, 10_6=8, 10_5=17, 10_4=43, 10_3=81, 10_2=158, 10_1=310, 18_7=3, 18_6=8, 18_5=17, 18_4=40, 18_3=68, 18_2=148, 18_1=312, 10_9=3, 10_8=5, 4_11=1, 4_10=1, 4_12=1, 21_7=1, 21_6=3, 21_5=12, 21_4=27, 21_3=64, 21_2=140, 21_1=302, 7_1=303, 7_2=156, 7_3=70, 7_4=38, 7_5=21, 7_6=9, 21_9=1, 7_7=3, 21_8=1, 7_8=2, 7_9=1, 12_11=1, 12_12=1, 18_9=2, 18_8=2, 12_10=1, 17_8=1, 17_7=2, 17_6=6, 17_5=14, 17_4=26, 17_3=60, 17_2=115, 17_1=276, 20_8=2, 20_7=6, 20_6=10, 20_5=17, 20_4=36, 20_3=78, 20_2=144, 20_1=314, 6_1=308, 6_2=151, 6_3=79, 6_4=28, 6_5=16, 6_6=11, 6_7=6, 6_8=4, 20_9=1, 5_10=2, 6_9=1, 16_1=320, 16_9=1, 10_12=2, 16_8=1, 10_11=2, 16_7=6, 10_14=1, 16_6=11, 10_13=1, 16_5=14, 16_4=34, 16_3=67, 16_2=143, 5_1=321, 5_2=154, 5_3=70, 5_4=37, 5_5=20, 5_6=10, 5_7=7, 5_8=3, 5_9=2, 16_10=1, 15_2=155, 15_1=302, 15_9=1, 15_8=1, 15_7=4, 15_6=7, 15_5=23, 15_4=40, 15_3=74, 4_1=312, 4_2=141, 4_3=70, 4_4=42, 4_5=17, 4_6=10, 4_7=6, 4_8=3, 4_9=2, 10_10=2, 1_11=1, 1_10=1, 14_3=73, 14_2=143, 14_1=310, 14_9=1, 14_8=1, 14_7=2, 14_6=6, 14_5=19, 14_4=36, 20_10=1, 25_3=62, 25_2=135, 25_1=281, 3_1=303, 3_2=146, 3_3=73, 3_4=35, 3_5=16, 3_6=11, 25_9=1, 3_7=4, 25_8=2, 25_7=2, 3_8=1, 25_6=7, 3_9=1, 25_5=18, 25_4=32, 13_4=35, 13_3=70, 13_2=140, 13_1=312, 13_9=1, 13_8=2, 13_7=3, 13_6=7, 13_5=17, 24_4=24, 24_3=58, 24_2=148, 24_1=300, 2_1=309, 2_2=140, 2_3=69, 2_4=40, 2_5=18, 2_6=7, 2_7=3, 2_8=2, 2_9=1, 24_7=2, 24_6=3, 24_5=10, 12_5=20, 12_4=33, 12_3=83, 12_2=147, 12_1=306, 12_9=2, 12_8=4, 12_7=7, 12_6=11, 8_10=1, 23_5=17, 23_4=31, 23_3=71, 1_1=306, 23_2=148, 23_1=297, 1_2=145, 1_3=69, 1_4=38, 1_5=19, 1_6=8, 1_7=4, 1_8=2, 9_1=307, 1_9=2, 9_2=148, 9_3=66, 9_4=36, 23_7=1, 23_6=7, 9_5=16, 9_6=8, 9_7=3, 9_8=1, 9_9=1, 11_6=8, 11_5=15, 11_4=36, 11_3=72, 11_2=138, 11_1=311, 19_6=6, 19_5=12, 19_4=25, 19_3=48, 19_2=117, 19_1=266, 11_9=1, 11_8=2, 11_7=3, 22_6=4, 22_5=15, 22_4=32, 22_3=67, 22_2=149, 22_1=295, 8_1=310, 8_2=138, 8_3=82, 8_4=41, 8_5=17, 8_6=7, 22_7=1, 8_7=3, 8_8=2, 8_9=1, 18_11=1, 19_8=1, 19_7=3, 18_10=1, 9_10=1}
Number of gene trees: 500
500 trees have missing taxa
Calculating quartet distance matrix (for completion of X)
Species tree distances calculated ...
Will attempt to complete bipartitions from X before adding using a distance matrix.
Building set of clusters (X) from gene trees 
In second round sampling 5 rounds will be done
------------------------------
gradient0: 3489
------------------------------
gradient1: 2272
------------------------------
gradient2: 2120
------------------------------
gradient3: 1742
------------------------------
gradient4: 1874
Number of Clusters after addition by distance: 11497
calculating extra bipartitions to be added at level 1 ...
Adding to X using resolutions of greedy consensus ...
Limit for sigma of degrees:675
polytomy size limit : 10
discarded polytomies:  [3, 6, 6, 6, 7, 8, 10]
Threshold 0.0:
polytomy of size 3; rounds with additions with at least 5 support: 0; clusters: 11499
Threshold 0.01:
polytomy of size 6; rounds with additions with at least 5 support: 1; clusters: 11529
Threshold 0.02:
polytomy of size 6; rounds with additions with at least 5 support: 0; clusters: 11541
Threshold 0.05:
polytomy of size 6; rounds with additions with at least 5 support: 0; clusters: 11541
Threshold 0.1:
polytomy of size 7; rounds with additions with at least 5 support: 0; clusters: 11541
Threshold 0.2:
polytomy of size 8; rounds with additions with at least 5 support: 0; clusters: 11541
Threshold 0.3333333333333333:
polytomy of size 10; rounds with additions with at least 5 support: 0; clusters: 11541
max k is :2
Number of Clusters after addition by greedy: 11541
gradient0 in heuristiic: 11541
calculating extra bipartitions to be added at level 1 ...
Adding to X using resolutions of greedy consensus ...
Limit for sigma of degrees:675
polytomy size limit : 9
discarded polytomies:  [3, 3, 3, 3, 4, 5, 8, 8, 9, 9]
Threshold 0.0:
polytomy of size 3; rounds with additions with at least 5 support: 0; clusters: 11543
polytomy of size 3; rounds with additions with at least 5 support: 0; clusters: 11545
Threshold 0.01:
polytomy of size 3; rounds with additions with at least 5 support: 0; clusters: 11545
polytomy of size 4; rounds with additions with at least 5 support: 0; clusters: 11547
Threshold 0.02:
polytomy of size 3; rounds with additions with at least 5 support: 0; clusters: 11547
polytomy of size 5; rounds with additions with at least 5 support: 1; clusters: 11559
Threshold 0.05:
polytomy of size 8; rounds with additions with at least 5 support: 1; clusters: 11573
Threshold 0.1:
polytomy of size 8; rounds with additions with at least 5 support: 1; clusters: 11583
Threshold 0.2:
polytomy of size 9; rounds with additions with at least 5 support: 0; clusters: 11585
Threshold 0.3333333333333333:
polytomy of size 9; rounds with additions with at least 5 support: 0; clusters: 11585
max k is :2
Number of Clusters after addition by greedy: 11585
gradient1 in heuristiic: 44
calculating extra bipartitions to be added at level 1 ...
Adding to X using resolutions of greedy consensus ...
Limit for sigma of degrees:675
polytomy size limit : 10
discarded polytomies:  [5, 6, 7, 7, 8, 10]
Threshold 0.0:
Threshold 0.01:
polytomy of size 5; rounds with additions with at least 5 support: 1; clusters: 11617
Threshold 0.02:
polytomy of size 6; rounds with additions with at least 5 support: 0; clusters: 11645
Threshold 0.05:
polytomy of size 7; rounds with additions with at least 5 support: 0; clusters: 11649
Threshold 0.1:
polytomy of size 7; rounds with additions with at least 5 support: 0; clusters: 11651
Threshold 0.2:
polytomy of size 8; rounds with additions with at least 5 support: 0; clusters: 11651
Threshold 0.3333333333333333:
polytomy of size 10; rounds with additions with at least 5 support: 0; clusters: 11659
max k is :2
Number of Clusters after addition by greedy: 11659
gradient2 in heuristiic: 74
calculating extra bipartitions to be added at level 1 ...
Adding to X using resolutions of greedy consensus ...
Limit for sigma of degrees:675
polytomy size limit : 8
discarded polytomies:  [3, 3, 6, 7, 7, 7, 7, 8]
Threshold 0.0:
polytomy of size 3; rounds with additions with at least 5 support: 0; clusters: 11661
Threshold 0.01:
polytomy of size 6; rounds with additions with at least 5 support: 1; clusters: 11697
Threshold 0.02:
polytomy of size 7; rounds with additions with at least 5 support: 0; clusters: 11715
Threshold 0.05:
polytomy of size 7; rounds with additions with at least 5 support: 0; clusters: 11715
Threshold 0.1:
polytomy of size 7; rounds with additions with at least 5 support: 1; clusters: 11717
Threshold 0.2:
polytomy of size 7; rounds with additions with at least 5 support: 0; clusters: 11717
Threshold 0.3333333333333333:
polytomy of size 3; rounds with additions with at least 5 support: 0; clusters: 11717
polytomy of size 8; rounds with additions with at least 5 support: 0; clusters: 11717
max k is :2
Number of Clusters after addition by greedy: 11717
gradient3 in heuristiic: 58
calculating extra bipartitions to be added at level 1 ...
Adding to X using resolutions of greedy consensus ...
Limit for sigma of degrees:675
polytomy size limit : 12
discarded polytomies:  [4, 5, 6, 7, 7, 8, 12]
Threshold 0.0:
polytomy of size 4; rounds with additions with at least 5 support: 1; clusters: 11729
Threshold 0.01:
polytomy of size 5; rounds with additions with at least 5 support: 0; clusters: 11739
Threshold 0.02:
polytomy of size 6; rounds with additions with at least 5 support: 0; clusters: 11759
Threshold 0.05:
polytomy of size 7; rounds with additions with at least 5 support: 1; clusters: 11765
Threshold 0.1:
polytomy of size 7; rounds with additions with at least 5 support: 0; clusters: 11769
Threshold 0.2:
polytomy of size 8; rounds with additions with at least 5 support: 0; clusters: 11771
Threshold 0.3333333333333333:
polytomy of size 12; rounds with additions with at least 5 support: 0; clusters: 11773
max k is :2
Number of Clusters after addition by greedy: 11773
gradient4 in heuristiic: 56
partitions formed in 105.174 secs
Dynamic Programming starting after 105.174 secs
Using tree-based weight calculation.
Using polytree-based weight calculation.
Polytree max score: 158575064
Polytree building time: 0.057 seconds.
Number of quartet trees in the gene trees: 157458570
Size of largest cluster: 237
Greedy score: 53241479
estimationFactor: 2.978412076043192
Sub-optimal score: 56757770
Calculated 100000 weights; time (seconds): 152
Total Number of elements weighted: 116840
Normalized score (portion of input quartet trees satisfied before correcting for multiple individuals): 0.3685007427668116
Optimization score: 58023600
Optimal tree inferred in 160.189 secs.
(22,((23,(21,24)),(25,((17,19),(((5,(10,4)),(14,(2,(20,(8,11))))),(((7,15),(3,(12,6))),((16,13),(18,(1,9)))))))));
Final quartet score is: 64885736
Final normalized quartet score is: 0.41208132399525793
((10_7,10_6,10_5,10_4,10_3,10_2,10_1,10_9,10_8,10_12,10_11,10_14,10_13,10_10)0.47:0.039556335248172717,((4_11,4_10,4_12,4_1,4_2,4_3,4_4,4_5,4_6,4_7,4_8,4_9)0.42:0.01951383707888508,((5_10,5_1,5_2,5_3,5_4,5_5,5_6,5_7,5_8,5_9)0.73:0.11990640313923967,(((14_3,14_2,14_1,14_9,14_8,14_7,14_6,14_5,14_4)0.15:0.0,((2_1,2_2,2_3,2_4,2_5,2_6,2_7,2_8,2_9)0.12:0.0,((20_8,20_7,20_6,20_5,20_4,20_3,20_2,20_1,20_9,20_10)0.07:0.0,((8_10,8_1,8_2,8_3,8_4,8_5,8_6,8_7,8_8,8_9)0.08:0.0,(11_6,11_5,11_4,11_3,11_2,11_1,11_9,11_8,11_7)0.06:0.0)0.41:0.008856825333127883)1:0.4125341666256526)0.66:0.044617767514680384)1:0.6606372642977795,(((((7_1,7_2,7_3,7_4,7_5,7_6,7_7,7_8,7_9)0.03:0.0,(15_2,15_1,15_9,15_8,15_7,15_6,15_5,15_4,15_3)0.03:0.0)1:0.850470901805609,((3_1,3_2,3_3,3_4,3_5,3_6,3_7,3_8,3_9)0.07:0.0,((12_11,12_12,12_10,12_5,12_4,12_3,12_2,12_1,12_9,12_8,12_7,12_6)0.05:0.0,(6_1,6_2,6_3,6_4,6_5,6_6,6_7,6_8,6_9)0.05:0.0)1:0.3179920518454827)1:0.5528688039033448)1:0.3200306739588814,(((16_1,16_9,16_8,16_7,16_6,16_5,16_4,16_3,16_2,16_10)0.11:0.0,(13_4,13_3,13_2,13_1,13_9,13_8,13_7,13_6,13_5)0.09:0.0)1:0.40284331810384005,((18_7,18_6,18_5,18_4,18_3,18_2,18_1,18_9,18_8,18_11,18_10)0.05:0.0,((1_11,1_10,1_1,1_2,1_3,1_4,1_5,1_6,1_7,1_8,1_9)0.05:0.0,(9_1,9_2,9_3,9_4,9_5,9_6,9_7,9_8,9_9,9_10)0.04:0.0)0.04:0.0)1:0.7475083714167696)1:0.3433962508710218)1:0.1840639686099079,(((17_8,17_7,17_6,17_5,17_4,17_3,17_2,17_1)0.92:0.24935684820936652,(19_6,19_5,19_4,19_3,19_2,19_1,19_8,19_7)0.82:0.17037778548984353)1:0.27206157091321675,((25_3,25_2,25_1,25_9,25_8,25_7,25_6,25_5,25_4)0.78:0.17178109670277972,(((23_5,23_4,23_3,23_2,23_1,23_7,23_6)0.15:0.0,((21_7,21_6,21_5,21_4,21_3,21_2,21_1,21_9,21_8)0.15:0.0,(24_4,24_3,24_2,24_1,24_7,24_6,24_5)0.09:0.0)0.72:0.049466678922502644)0.97:0.11024181446897087,(22_6,22_5,22_4,22_3,22_2,22_1,22_7)0.26:0.0)1:0.3622410396650367)1:1.1086012394129416)1:0.31280660360820356)0.05:0.0)0.99:0.13867564515730255)1:0.21186526862348462));
Weight calculation took 56.097685639 secs
ASTRAL finished in 162.455 secs
