
================== ASTRAL ===================== 

This is ASTRAL version 5.6.3
Gene trees are treated as unrooted
50 trees read from g_trees-raxml-sqlen-25-ngen-50-s2g.trees
All output trees will be *arbitrarily* rooted at 14

======== Running the main analysis
Number of taxa: 151 (25 species)
Taxa: {22=[22_5, 22_4, 22_3, 22_2, 22_1], 23=[23_5, 23_4, 23_3, 23_2, 23_1, 23_6], 24=[24_4, 24_3, 24_2, 24_1], 25=[25_3, 25_2, 25_1, 25_4], 10=[10_4, 10_3, 10_2, 10_1], 11=[11_5, 11_4, 11_3, 11_2, 11_1], 12=[12_5, 12_4, 12_3, 12_2, 12_1, 12_7, 12_6], 13=[13_4, 13_3, 13_2, 13_1, 13_5], 14=[14_3, 14_2, 14_1, 14_5, 14_4], 15=[15_2, 15_1, 15_7, 15_6, 15_5, 15_4, 15_3], 16=[16_1, 16_7, 16_6, 16_5, 16_4, 16_3, 16_2], 17=[17_6, 17_5, 17_4, 17_3, 17_2, 17_1], 18=[18_5, 18_4, 18_3, 18_2, 18_1], 19=[19_6, 19_5, 19_4, 19_3, 19_2, 19_1, 19_8, 19_7], 1=[1_1, 1_2, 1_3, 1_4, 1_5, 1_6], 2=[2_1, 2_2, 2_3, 2_4, 2_5], 3=[3_1, 3_2, 3_3, 3_4, 3_5, 3_6, 3_7], 4=[4_1, 4_2, 4_3, 4_4, 4_5, 4_6, 4_7, 4_8, 4_9], 5=[5_1, 5_2, 5_3, 5_4, 5_5, 5_6, 5_7], 6=[6_1, 6_2, 6_3, 6_4, 6_5, 6_6, 6_7, 6_8], 7=[7_1, 7_2, 7_3, 7_4, 7_5, 7_6, 7_7, 7_8], 8=[8_1, 8_2, 8_3, 8_4, 8_5, 8_6], 9=[9_1, 9_2, 9_3, 9_4, 9_5], 20=[20_7, 20_6, 20_5, 20_4, 20_3, 20_2, 20_1], 21=[21_5, 21_4, 21_3, 21_2, 21_1]}
Taxon occupancy: {14_3=8, 14_2=16, 14_1=29, 10_4=5, 10_3=7, 10_2=13, 10_1=30, 18_5=1, 18_4=3, 18_3=4, 18_2=9, 18_1=29, 14_5=1, 14_4=3, 25_3=7, 25_2=15, 25_1=27, 21_5=1, 21_4=3, 21_3=5, 3_1=32, 21_2=13, 21_1=30, 3_2=16, 3_3=9, 3_4=5, 7_1=32, 3_5=3, 7_2=19, 3_6=2, 7_3=7, 3_7=1, 7_4=4, 7_5=1, 7_6=1, 7_7=1, 25_4=3, 7_8=1, 13_4=1, 13_3=2, 13_2=9, 13_1=31, 17_6=1, 17_5=2, 17_4=2, 17_3=10, 17_2=15, 17_1=27, 13_5=1, 24_4=3, 24_3=6, 20_7=1, 24_2=12, 20_6=1, 24_1=26, 20_5=1, 2_1=29, 20_4=3, 2_2=13, 20_3=8, 20_2=14, 2_3=7, 20_1=29, 2_4=6, 6_1=32, 2_5=3, 6_2=17, 6_3=9, 6_4=3, 6_5=1, 6_6=1, 6_7=1, 6_8=1, 16_1=31, 12_5=2, 12_4=2, 12_3=8, 12_2=15, 12_1=33, 16_7=1, 16_6=1, 16_5=1, 16_4=2, 16_3=3, 12_7=1, 16_2=8, 12_6=2, 23_5=2, 23_4=4, 23_3=9, 1_1=27, 23_2=15, 23_1=28, 1_2=8, 1_3=4, 1_4=3, 5_1=29, 1_5=2, 5_2=11, 1_6=1, 5_3=5, 5_4=3, 9_1=29, 5_5=2, 9_2=11, 5_6=1, 9_3=3, 5_7=1, 9_4=3, 23_6=1, 9_5=1, 15_2=19, 15_1=32, 11_5=1, 11_4=2, 11_3=6, 11_2=14, 11_1=28, 19_6=1, 19_5=2, 19_4=3, 19_3=4, 15_7=1, 19_2=11, 15_6=1, 19_1=28, 15_5=1, 15_4=3, 15_3=6, 22_5=1, 22_4=2, 22_3=10, 22_2=14, 22_1=29, 4_1=31, 4_2=9, 4_3=5, 4_4=4, 8_1=29, 4_5=2, 8_2=13, 4_6=2, 8_3=7, 4_7=2, 8_4=4, 4_8=1, 8_5=1, 4_9=1, 8_6=1, 19_8=1, 19_7=1}
Number of gene trees: 50
50 trees have missing taxa
Calculating quartet distance matrix (for completion of X)
Species tree distances calculated ...
Will attempt to complete bipartitions from X before adding using a distance matrix.
Building set of clusters (X) from gene trees 
In second round sampling 4 rounds will be done
------------------------------
gradient0: 769
------------------------------
gradient1: 484
------------------------------
gradient2: 348
------------------------------
gradient3: 472
Number of Clusters after addition by distance: 2073
calculating extra bipartitions to be added at level 1 ...
Adding to X using resolutions of greedy consensus ...
Limit for sigma of degrees:675
polytomy size limit : 10
discarded polytomies:  [3, 3, 8, 10]
Threshold 0.0:
Threshold 0.01:
Threshold 0.02:
Threshold 0.05:
polytomy of size 3; rounds with additions with at least 5 support: 0; clusters: 2073
Threshold 0.1:
polytomy of size 3; rounds with additions with at least 5 support: 0; clusters: 2073
Threshold 0.2:
polytomy of size 8; rounds with additions with at least 5 support: 0; clusters: 2079
Threshold 0.3333333333333333:
polytomy of size 10; rounds with additions with at least 5 support: 1; clusters: 2091
max k is :2
Number of Clusters after addition by greedy: 2091
gradient0 in heuristiic: 2091
calculating extra bipartitions to be added at level 1 ...
Adding to X using resolutions of greedy consensus ...
Limit for sigma of degrees:675
polytomy size limit : 9
discarded polytomies:  [3, 5, 7, 9]
Threshold 0.0:
Threshold 0.01:
Threshold 0.02:
Threshold 0.05:
polytomy of size 3; rounds with additions with at least 5 support: 0; clusters: 2091
Threshold 0.1:
polytomy of size 5; rounds with additions with at least 5 support: 0; clusters: 2091
Threshold 0.2:
polytomy of size 7; rounds with additions with at least 5 support: 0; clusters: 2099
Threshold 0.3333333333333333:
polytomy of size 9; rounds with additions with at least 5 support: 0; clusters: 2103
max k is :0
Number of Clusters after addition by greedy: 2103
gradient1 in heuristiic: 12
calculating extra bipartitions to be added at level 1 ...
Adding to X using resolutions of greedy consensus ...
Limit for sigma of degrees:675
polytomy size limit : 8
discarded polytomies:  [6, 8]
Threshold 0.0:
Threshold 0.01:
Threshold 0.02:
Threshold 0.05:
Threshold 0.1:
Threshold 0.2:
polytomy of size 6; rounds with additions with at least 5 support: 0; clusters: 2105
Threshold 0.3333333333333333:
polytomy of size 8; rounds with additions with at least 5 support: 0; clusters: 2109
max k is :0
Number of Clusters after addition by greedy: 2109
gradient2 in heuristiic: 6
calculating extra bipartitions to be added at level 1 ...
Adding to X using resolutions of greedy consensus ...
Limit for sigma of degrees:675
polytomy size limit : 11
discarded polytomies:  [4, 4, 7, 11]
Threshold 0.0:
Threshold 0.01:
Threshold 0.02:
Threshold 0.05:
polytomy of size 4; rounds with additions with at least 5 support: 0; clusters: 2109
Threshold 0.1:
polytomy of size 4; rounds with additions with at least 5 support: 0; clusters: 2109
Threshold 0.2:
polytomy of size 7; rounds with additions with at least 5 support: 1; clusters: 2131
Threshold 0.3333333333333333:
polytomy of size 11; rounds with additions with at least 5 support: 0; clusters: 2147
max k is :2
Number of Clusters after addition by greedy: 2147
gradient3 in heuristiic: 38
partitions formed in 8.336 secs
Dynamic Programming starting after 8.336 secs
Using tree-based weight calculation.
Using polytree-based weight calculation.
Polytree max score: 11775668
Polytree building time: 0.016 seconds.
Number of quartet trees in the gene trees: 11696975
Size of largest cluster: 151
Greedy score: 4133845
estimationFactor: 2.848599306456822
Sub-optimal score: 4169548
Total Number of elements weighted: 7901
Normalized score (portion of input quartet trees satisfied before correcting for multiple individuals): 0.39256029870970915
Optimization score: 4591768
Optimal tree inferred in 8.832 secs.
(10,(4,(((13,16),(9,(18,1))),(((7,15),(14,(2,(8,(20,11))))),(5,((3,(6,12)),(17,(19,(25,(22,(24,(21,23))))))))))));
Final quartet score is: 5142343
Final normalized quartet score is: 0.4396301607894349
You may want to ignore posterior probabilities and other statistics related to the following branch branch because the effective number of genes impacting it is only 8:
	{14}
You may want to ignore posterior probabilities and other statistics related to the following branch branch because the effective number of genes impacting it is only 8:
	{2}
You may want to ignore posterior probabilities and other statistics related to the following branch branch because the effective number of genes impacting it is only 6:
	{8}
You may want to ignore posterior probabilities and other statistics related to the following branch branch because the effective number of genes impacting it is only 6:
	{20}
You may want to ignore posterior probabilities and other statistics related to the following branch branch because the effective number of genes impacting it is only 7:
	{11}
You may want to ignore posterior probabilities and other statistics related to the following branch branch because the effective number of genes impacting it is only 6:
	{7}
You may want to ignore posterior probabilities and other statistics related to the following branch branch because the effective number of genes impacting it is only 7:
	{15}
You may want to ignore posterior probabilities and other statistics related to the following branch branch because the effective number of genes impacting it is only 4:
	{5}
You may want to ignore posterior probabilities and other statistics related to the following branch branch because the effective number of genes impacting it is only 7:
	{3}
You may want to ignore posterior probabilities and other statistics related to the following branch branch because the effective number of genes impacting it is only 6:
	{6}
You may want to ignore posterior probabilities and other statistics related to the following branch branch because the effective number of genes impacting it is only 6:
	{12}
You may want to ignore posterior probabilities and other statistics related to the following branch branch because the effective number of genes impacting it is only 6:
	{17}
You may want to ignore posterior probabilities and other statistics related to the following branch branch because the effective number of genes impacting it is only 2:
	{19}
You may want to ignore posterior probabilities and other statistics related to the following branch branch because the effective number of genes impacting it is only 6:
	{25}
You may want to ignore posterior probabilities and other statistics related to the following branch branch because the effective number of genes impacting it is only 8:
	{22}
You may want to ignore posterior probabilities and other statistics related to the following branch branch because the effective number of genes impacting it is only 8:
	{24}
You may want to ignore posterior probabilities and other statistics related to the following branch branch because the effective number of genes impacting it is only 7:
	{21}
You may want to ignore posterior probabilities and other statistics related to the following branch branch because the effective number of genes impacting it is only 7:
	{23}
You may want to ignore posterior probabilities and other statistics related to the following branch branch because the effective number of genes impacting it is only 16:
	{21, 24, 23, 22}
You may want to ignore posterior probabilities and other statistics related to the following branch branch because the effective number of genes impacting it is only 12:
	{25, 21, 24, 23, 22}
You may want to ignore posterior probabilities and other statistics related to the following branch branch because the effective number of genes impacting it is only 10:
	{25, 21, 24, 23, 19, 22}
You may want to ignore posterior probabilities and other statistics related to the following branch branch because the effective number of genes impacting it is only 18:
	{25, 21, 17, 24, 23, 19, 22}
You may want to ignore posterior probabilities and other statistics related to the following branch branch because the effective number of genes impacting it is only 4:
	{13}
You may want to ignore posterior probabilities and other statistics related to the following branch branch because the effective number of genes impacting it is only 3:
	{16}
You may want to ignore posterior probabilities and other statistics related to the following branch branch because the effective number of genes impacting it is only 5:
	{9}
You may want to ignore posterior probabilities and other statistics related to the following branch branch because the effective number of genes impacting it is only 4:
	{18}
You may want to ignore posterior probabilities and other statistics related to the following branch branch because the effective number of genes impacting it is only 4:
	{1}
You may want to ignore posterior probabilities and other statistics related to the following branch branch because the effective number of genes impacting it is only 3:
	{4}
You may want to ignore posterior probabilities and other statistics related to the following branch branch because the effective number of genes impacting it is only 8:
	{10}
((14_3,14_2,14_1,14_5,14_4)0.28:0.0,(((2_1,2_2,2_3,2_4,2_5)0.19:0.0,((8_1,8_2,8_3,8_4,8_5,8_6)0.16:0.0,((20_7,20_6,20_5,20_4,20_3,20_2,20_1)0.16:0.0,(11_5,11_4,11_3,11_2,11_1)0.14:0.0)0.35:0.0060495867582366055)0.98:0.40221062264692853)0.52:0.06675573255320631,(((7_1,7_2,7_3,7_4,7_5,7_6,7_7,7_8)0.15:0.0,(15_2,15_1,15_7,15_6,15_5,15_4,15_3)0.14:0.0)1:0.7999107721388097,(((5_1,5_2,5_3,5_4,5_5,5_6,5_7)0.54:0.11066909490243469,(((3_1,3_2,3_3,3_4,3_5,3_6,3_7)0.21:0.0,((6_1,6_2,6_3,6_4,6_5,6_6,6_7,6_8)0.2:0.0,(12_5,12_4,12_3,12_2,12_1,12_7,12_6)0.14:0.0)0.82:0.19529263616511808)1:1.0445359879223266,((17_6,17_5,17_4,17_3,17_2,17_1)0.79:0.33938417303500207,((19_6,19_5,19_4,19_3,19_2,19_1,19_8,19_7)0.57:0.13997159268487758,((25_3,25_2,25_1,25_4)0.78:0.34424042626772344,((22_5,22_4,22_3,22_2,22_1)0.33:0.0,((24_4,24_3,24_2,24_1)0.16:0.0,((21_5,21_4,21_3,21_2,21_1)0.41:0.004105349984121953,(23_5,23_4,23_3,23_2,23_1,23_6)0.29:0.0)0.32:0.016745141512398073)0.88:0.25530286815477593)0.8:0.24092873674596196)0.99:0.7217569684130202)0.33:0.0)0.98:0.4998443003385484)0.18:0.0)0.06:0.0,((((13_4,13_3,13_2,13_1,13_5)0.28:0.0,(16_1,16_7,16_6,16_5,16_4,16_3,16_2)0.18:0.0)0.98:0.4415537082681593,((9_1,9_2,9_3,9_4,9_5)0.19:0.0,((18_5,18_4,18_3,18_2,18_1)0.15:0.0,(1_1,1_2,1_3,1_4,1_5,1_6)0.3:0.0)0.03:0.0)1:0.6794363265026745)1:0.7349055220499834,((4_1,4_2,4_3,4_4,4_5,4_6,4_7,4_8,4_9)0.35:0.0,(10_4,10_3,10_2,10_1)0.47:0.05409834268816598)0.99:0.4728500457592413)0.57:0.08152177314634718)0.13:0.0)0.99:0.4627259379277905));
Weight calculation took 0.492792102 secs
ASTRAL finished in 9.048 secs
