
================== ASTRAL ===================== 

This is ASTRAL version 5.6.3
Gene trees are treated as unrooted
356 trees read from g_trees-raxml-sqlen-250-ngen-100.trees.tree
All output trees will be *arbitrarily* rooted at 17

======== Running the main analysis
Number of taxa: 25 (25 species)
Taxa: [17, 4, 5, 6, 12, 3, 7, 15, 18, 9, 1, 13, 16, 2, 20, 8, 25, 21, 24, 23, 11, 14, 10, 19, 22]
Taxon occupancy: {22=153, 23=151, 24=161, 25=157, 10=271, 11=284, 12=264, 13=282, 14=288, 15=275, 16=303, 17=224, 18=258, 19=231, 1=251, 2=304, 3=257, 4=240, 5=290, 6=270, 7=286, 8=299, 9=262, 20=283, 21=152}
Number of gene trees: 356
354 trees have missing taxa
Calculating quartet distance matrix (for completion of X)
Species tree distances calculated ...
Will attempt to complete bipartitions from X before adding using a distance matrix.
Building set of clusters (X) from gene trees 
------------------------------
gradient0: 283
Number of Clusters after addition by distance: 283
calculating extra bipartitions to be added at level 1 ...
Adding to X using resolutions of greedy consensus ...
Limit for sigma of degrees:675
polytomy size limit : 3
discarded polytomies:  []
Threshold 0.0:
Threshold 0.01:
Threshold 0.02:
Threshold 0.05:
Threshold 0.1:
Threshold 0.2:
Threshold 0.3333333333333333:
max k is :0
Number of Clusters after addition by greedy: 283
gradient0 in heuristiic: 283
partitions formed in 0.277 secs
Dynamic Programming starting after 0.277 secs
Using tree-based weight calculation.
Using polytree-based weight calculation.
Polytree max score: 1188951
Polytree building time: 0.041 seconds.
Number of quartet trees in the gene trees: 1188951
Size of largest cluster: 25
Greedy score: 1091736
estimationFactor: 1.0890462529402714
Sub-optimal score: 1091736
Total Number of elements weighted: 305
Normalized score (portion of input quartet trees satisfied before correcting for multiple individuals): 0.9182346454984268
Optimization score: 1091736
Optimal tree inferred in 0.482 secs.
(12,(6,(3,((7,15),(((13,16),(1,(18,9))),((14,(2,(20,(8,11)))),((5,(4,10)),((17,19),(25,(22,(24,(21,23))))))))))));
Final quartet score is: 1091736
Final normalized quartet score is: 0.9182346454984268
(17,(19,((25,(22,(24,(21,23)0.51:0.035290600988536494)1:0.7519876805828788)1:3.610917912644222)1:4.454347296253506,((5,(4,10)1:2.3527067570467595)1:0.8509133121479929,((14,(2,(20,(8,11)0.98:0.12942593304449676)1:3.3252546136477834)1:0.33532758060840806)1:3.2908192940123504,(((13,16)1:3.446760001340722,(1,(18,9)1:0.26352010749355953)1:2.721907235763637)1:2.55869281984723,((7,15)1:3.9597544082493386,(3,(6,12)1:2.2512917986064953)1:3.48124008933569)1:1.7472925575521545)1:1.412496733513915)1:0.8802551249294502)1:1.3618067295694911)1:4.238925791033211));
Weight calculation took 0.12060856 secs
ASTRAL finished in 0.898 secs
