
================== ASTRAL ===================== 

This is ASTRAL version 5.6.3
Gene trees are treated as unrooted
77 trees read from g_trees-raxml-sqlen-250-ngen-25.trees.tree
All output trees will be *arbitrarily* rooted at 17

======== Running the main analysis
Number of taxa: 25 (25 species)
Taxa: [17, 4, 5, 6, 12, 3, 7, 15, 18, 9, 1, 13, 16, 2, 20, 8, 25, 21, 24, 23, 11, 14, 10, 19, 22]
Taxon occupancy: {22=40, 23=32, 24=38, 25=47, 10=34, 11=53, 12=60, 13=56, 14=49, 15=50, 16=55, 17=56, 18=55, 19=53, 1=55, 2=54, 3=59, 4=56, 5=64, 6=64, 7=52, 8=62, 9=55, 20=56, 21=42}
Number of gene trees: 77
77 trees have missing taxa
Calculating quartet distance matrix (for completion of X)
Species tree distances calculated ...
Will attempt to complete bipartitions from X before adding using a distance matrix.
Building set of clusters (X) from gene trees 
------------------------------
gradient0: 179
Number of Clusters after addition by distance: 179
calculating extra bipartitions to be added at level 1 ...
Adding to X using resolutions of greedy consensus ...
Limit for sigma of degrees:675
polytomy size limit : 3
discarded polytomies:  []
Threshold 0.0:
Threshold 0.01:
Threshold 0.02:
Threshold 0.05:
Threshold 0.1:
Threshold 0.2:
Threshold 0.3333333333333333:
max k is :0
Number of Clusters after addition by greedy: 179
gradient0 in heuristiic: 179
partitions formed in 0.136 secs
Dynamic Programming starting after 0.136 secs
Using tree-based weight calculation.
Using polytree-based weight calculation.
Polytree max score: 247033
Polytree building time: 0.016 seconds.
Number of quartet trees in the gene trees: 247033
Size of largest cluster: 25
Greedy score: 221402
estimationFactor: 1.1157667952412353
Sub-optimal score: 224145
Total Number of elements weighted: 190
Normalized score (portion of input quartet trees satisfied before correcting for multiple individuals): 0.9073484109410483
Optimization score: 224145
Optimal tree inferred in 0.218 secs.
(11,(20,(8,(2,(14,((5,(4,10)),(((7,15),(3,(6,12))),(((13,16),(18,(9,1))),((17,19),(25,(22,(21,(24,23)))))))))))));
Final quartet score is: 224145
Final normalized quartet score is: 0.9073484109410483
(17,(19,((25,(22,(21,(24,23)1:0.5403116758858242)0.97:0.39589565709201374)1:3.2580965380214812)1:3.3081069585961425,(((13,16)1:3.444682493601893,(18,(9,1)0.87:0.1823215567939546)1:3.4657359027997248)1:2.677278542435455,(((7,15)1:2.324563999712822,(3,(6,12)1:3.6375861597263826)1:2.772588722239782)1:3.2440117981397414,((5,(4,10)1:2.071473372030658)1:1.2208809659141842,(14,(2,(8,(20,11)0.72:0.1865859555804122)1:3.1010927892118163)0.98:0.3389753668393316)1:3.4231762883809314)1:0.5596324015768841)0:0.0)1:3.120895416507997)1:3.3081069585961425));
Weight calculation took 0.034274043 secs
ASTRAL finished in 0.32 secs
