
================== ASTRAL ===================== 

This is ASTRAL version 5.6.3
Gene trees are treated as unrooted
1942 trees read from g_trees-raxml-sqlen-50-ngen-500.trees.tree
All output trees will be *arbitrarily* rooted at 17

======== Running the main analysis
Number of taxa: 25 (25 species)
Taxa: [17, 5, 4, 15, 7, 3, 6, 12, 13, 18, 9, 1, 16, 11, 20, 8, 2, 19, 25, 22, 21, 14, 24, 23, 10]
Taxon occupancy: {22=887, 23=877, 24=907, 25=952, 10=1455, 11=1508, 12=1344, 13=1471, 14=1461, 15=1426, 16=1475, 17=931, 18=1486, 19=958, 1=1510, 2=1460, 3=1355, 4=1377, 5=1279, 6=1313, 7=1409, 8=1505, 9=1513, 20=1510, 21=899}
Number of gene trees: 1942
1936 trees have missing taxa
Calculating quartet distance matrix (for completion of X)
Species tree distances calculated ...
Will attempt to complete bipartitions from X before adding using a distance matrix.
Building set of clusters (X) from gene trees 
------------------------------
gradient0: 1533
Number of Clusters after addition by distance: 1533
calculating extra bipartitions to be added at level 1 ...
Adding to X using resolutions of greedy consensus ...
Limit for sigma of degrees:675
polytomy size limit : 3
discarded polytomies:  [3]
Threshold 0.0:
Threshold 0.01:
Threshold 0.02:
Threshold 0.05:
Threshold 0.1:
Threshold 0.2:
Threshold 0.3333333333333333:
polytomy of size 3; rounds with additions with at least 5 support: 0; clusters: 1533
max k is :0
Number of Clusters after addition by greedy: 1533
gradient0 in heuristiic: 1533
partitions formed in 1.041 secs
Dynamic Programming starting after 1.041 secs
Using tree-based weight calculation.
Using polytree-based weight calculation.
Polytree max score: 5081713
Polytree building time: 0.133 seconds.
Number of quartet trees in the gene trees: 5081713
Size of largest cluster: 25
Greedy score: 3547341
estimationFactor: 1.432541444422738
Sub-optimal score: 3997855
Total Number of elements weighted: 5486
Normalized score (portion of input quartet trees satisfied before correcting for multiple individuals): 0.8001388508166439
Optimization score: 4066076
Optimal tree inferred in 5.789 secs.
(7,(15,((3,(6,12)),(((13,16),(1,(18,9))),((2,(14,(11,(20,8)))),((5,(4,10)),((17,19),(25,(22,(24,(21,23)))))))))));
Final quartet score is: 4066076
Final normalized quartet score is: 0.8001388508166439
(17,(19,((25,(22,(24,(21,23)0.83:0.06348663952098484)1:0.32960333551141935)1:1.0355918001868807)1:1.7231766639814603,((5,(4,10)1:0.5789132873959719)1:0.20204601746606532,((2,(14,(11,(20,8)1:0.09280184779591129)1:1.2614612021248601)0:0.05294049256826101)1:1.628076186673346,(((13,16)1:0.8396382731360219,(1,(18,9)0.96:0.043659213109912984)1:1.9768571544174869)1:1.0290902432548932,((3,(6,12)1:0.9776753279698297)1:1.566751002122693,(15,7)1:2.7532285436869315)1:0.8090069297167947)1:0.3528027467997636)1:0.11475462681270196)1:1.06539103953717)1:0.3546098325865538));
Weight calculation took 4.514340942 secs
ASTRAL finished in 6.366 secs
