
================== ASTRAL ===================== 

This is ASTRAL version 5.6.3
Gene trees are treated as unrooted
83 trees read from g_trees-raxml-sqlen-25-ngen-50.trees.tree
All output trees will be *arbitrarily* rooted at 17

======== Running the main analysis
Number of taxa: 25 (25 species)
Taxa: [17, 5, 4, 15, 7, 6, 3, 12, 13, 18, 9, 1, 16, 19, 8, 2, 11, 20, 14, 10, 22, 23, 21, 25, 24]
Taxon occupancy: {22=36, 23=33, 24=32, 25=43, 10=49, 11=60, 12=59, 13=65, 14=64, 15=56, 16=69, 17=43, 18=59, 19=38, 1=46, 2=62, 3=62, 4=67, 5=57, 6=56, 7=56, 8=71, 9=57, 20=59, 21=26}
Number of gene trees: 83
83 trees have missing taxa
Calculating quartet distance matrix (for completion of X)
Species tree distances calculated ...
Will attempt to complete bipartitions from X before adding using a distance matrix.
Building set of clusters (X) from gene trees 
------------------------------
gradient0: 507
Number of Clusters after addition by distance: 507
calculating extra bipartitions to be added at level 1 ...
Adding to X using resolutions of greedy consensus ...
Limit for sigma of degrees:675
polytomy size limit : 4
discarded polytomies:  [3, 4]
Threshold 0.0:
Threshold 0.01:
Threshold 0.02:
Threshold 0.05:
Threshold 0.1:
Threshold 0.2:
Threshold 0.3333333333333333:
polytomy of size 3; rounds with additions with at least 5 support: 0; clusters: 507
polytomy of size 4; rounds with additions with at least 5 support: 0; clusters: 507
max k is :0
Number of Clusters after addition by greedy: 507
gradient0 in heuristiic: 507
partitions formed in 0.269 secs
Dynamic Programming starting after 0.269 secs
Using tree-based weight calculation.
Using polytree-based weight calculation.
Polytree max score: 182493
Polytree building time: 0.019 seconds.
Number of quartet trees in the gene trees: 182493
Size of largest cluster: 25
Greedy score: 124883
estimationFactor: 1.461311787833412
Sub-optimal score: 136420
Total Number of elements weighted: 863
Normalized score (portion of input quartet trees satisfied before correcting for multiple individuals): 0.7551906100507965
Optimization score: 137817
Optimal tree inferred in 0.437 secs.
(22,((23,24),((17,19),(21,(25,((4,(2,(14,(11,(8,20))))),((5,10),(((13,16),(9,(18,1))),((15,7),(3,(6,12)))))))))));
Final quartet score is: 137817
Final normalized quartet score is: 0.7551906100507965
You may want to ignore posterior probabilities and other statistics related to the following branch branch because the effective number of genes impacting it is only 10:
	{5, 4, 15, 7, 6, 3, 12, 13, 18, 9, 1, 16, 8, 2, 11, 20, 14, 10, 22, 23, 21, 25, 24}
(17,(19,((21,(25,((4,(2,(14,(11,(8,20)0.78:0.13538332015394527)0.83:0.20565732018511146)0.97:0.2790840967553704)1:1.2181894331291447)0.11:0.0,((5,10)0.6:0.10960726341673847,(((13,16)1:0.5819215454497209,(9,(18,1)0.33:0.08144665970488164)1:0.7422101091989503)1:0.6753627311085104,((15,7)1:0.7366322924996841,(3,(6,12)1:0.3848539083836367)1:0.5753641449035618)1:1.6309720440240145)1:0.3949485130332897)0.75:0.16979112865893847)1:0.49006363231756156)1:0.7595922799680981)0.93:0.39765012833426594,((23,24)1:1.1299675019651758,22)0.08:0.10495738983215834)0.98:0.684627427215175));
Weight calculation took 0.090962194 secs
ASTRAL finished in 0.606 secs
