
================== ASTRAL ===================== 

This is ASTRAL version 5.6.3
Gene trees are treated as unrooted
2210 trees read from g_trees-raxml-sqlen-250-ngen-500.trees.tree
All output trees will be *arbitrarily* rooted at 17

======== Running the main analysis
Number of taxa: 25 (25 species)
Taxa: [17, 4, 5, 6, 12, 3, 7, 15, 18, 9, 1, 13, 16, 2, 20, 8, 25, 21, 24, 23, 11, 14, 10, 19, 22]
Taxon occupancy: {22=1219, 23=1178, 24=1284, 25=1238, 10=1688, 11=1692, 12=1677, 13=1563, 14=1828, 15=1779, 16=1675, 17=1060, 18=1709, 19=1219, 1=1706, 2=1839, 3=1737, 4=1413, 5=1638, 6=1748, 7=1783, 8=1769, 9=1697, 20=1848, 21=1264}
Number of gene trees: 2210
2199 trees have missing taxa
Calculating quartet distance matrix (for completion of X)
Species tree distances calculated ...
Will attempt to complete bipartitions from X before adding using a distance matrix.
Building set of clusters (X) from gene trees 
------------------------------
gradient0: 487
Number of Clusters after addition by distance: 487
calculating extra bipartitions to be added at level 1 ...
Adding to X using resolutions of greedy consensus ...
Limit for sigma of degrees:675
polytomy size limit : 3
discarded polytomies:  []
Threshold 0.0:
Threshold 0.01:
Threshold 0.02:
Threshold 0.05:
Threshold 0.1:
Threshold 0.2:
Threshold 0.3333333333333333:
max k is :0
Number of Clusters after addition by greedy: 487
gradient0 in heuristiic: 487
partitions formed in 1.076 secs
Dynamic Programming starting after 1.076 secs
Using tree-based weight calculation.
Using polytree-based weight calculation.
Polytree max score: 7649243
Polytree building time: 0.167 seconds.
Number of quartet trees in the gene trees: 7649243
Size of largest cluster: 25
Greedy score: 7258540
estimationFactor: 1.0538266648664882
Sub-optimal score: 7258540
Total Number of elements weighted: 557
Normalized score (portion of input quartet trees satisfied before correcting for multiple individuals): 0.9489226580983242
Optimization score: 7258540
Optimal tree inferred in 2.128 secs.
(12,(6,(3,((7,15),(((13,16),(1,(18,9))),((14,(2,(20,(8,11)))),((5,(4,10)),((17,19),(25,(22,(21,(24,23))))))))))));
Final quartet score is: 7258540
Final normalized quartet score is: 0.9489226580983242
(17,(19,((25,(22,(21,(24,23)1:0.15985991412470887)1:0.8453299158807647)1:3.3129731482473166)1:5.401174751987752,((5,(4,10)1:1.9151873286064678)1:1.1995657295941262,((14,(2,(20,(8,11)1:0.21557690130929227)1:3.0597540928715388)1:0.27603247998754843)1:3.8050477631155863,(((13,16)1:3.2466986134169256,(1,(18,9)1:0.2735193511518488)1:3.8003953529736463)1:3.3039432005222578,((7,15)1:4.645031719413222,(3,(6,12)1:2.160164752952277)1:3.904230594980305)1:2.3504935479913427)1:1.8739385795167038)1:1.0096800742707295)1:2.20688703162227)1:2.286669637688146));
Weight calculation took 0.785850619 secs
ASTRAL finished in 4.072 secs
