
================== ASTRAL ===================== 

This is ASTRAL version 5.6.3
Gene trees are treated as unrooted
116 trees read from g_trees-raxml-sqlen-50-ngen-50.trees.tree
All output trees will be *arbitrarily* rooted at 17

======== Running the main analysis
Number of taxa: 25 (25 species)
Taxa: [17, 5, 4, 15, 7, 3, 6, 12, 13, 18, 9, 1, 16, 11, 20, 8, 2, 19, 25, 22, 21, 14, 24, 23, 10]
Taxon occupancy: {22=35, 23=37, 24=30, 25=39, 10=75, 11=89, 12=90, 13=94, 14=98, 15=90, 16=97, 17=78, 18=95, 19=69, 1=86, 2=89, 3=87, 4=81, 5=67, 6=86, 7=98, 8=87, 9=93, 20=89, 21=36}
Number of gene trees: 116
116 trees have missing taxa
Calculating quartet distance matrix (for completion of X)
Species tree distances calculated ...
Will attempt to complete bipartitions from X before adding using a distance matrix.
Building set of clusters (X) from gene trees 
------------------------------
gradient0: 375
Number of Clusters after addition by distance: 375
calculating extra bipartitions to be added at level 1 ...
Adding to X using resolutions of greedy consensus ...
Limit for sigma of degrees:675
polytomy size limit : 3
discarded polytomies:  [3]
Threshold 0.0:
Threshold 0.01:
Threshold 0.02:
Threshold 0.05:
Threshold 0.1:
Threshold 0.2:
Threshold 0.3333333333333333:
polytomy of size 3; rounds with additions with at least 5 support: 0; clusters: 377
max k is :0
Number of Clusters after addition by greedy: 377
gradient0 in heuristiic: 377
partitions formed in 0.214 secs
Dynamic Programming starting after 0.214 secs
Using tree-based weight calculation.
Using polytree-based weight calculation.
Polytree max score: 316009
Polytree building time: 0.017 seconds.
Number of quartet trees in the gene trees: 316009
Size of largest cluster: 25
Greedy score: 239785
estimationFactor: 1.3178847717747149
Sub-optimal score: 260002
Total Number of elements weighted: 564
Normalized score (portion of input quartet trees satisfied before correcting for multiple individuals): 0.8287169036324915
Optimization score: 261882
Optimal tree inferred in 0.35 secs.
(21,((22,(24,23)),(25,(19,(((17,(5,(4,10))),((2,14),(11,(20,8)))),(((13,16),(1,(18,9))),((15,7),(3,(6,12)))))))));
Final quartet score is: 261882
Final normalized quartet score is: 0.8287169036324915
(17,((5,(4,10)1:0.6697436460248231)1:1.9604987705574446,(((2,14)0.67:0.13658808622755098,(11,(20,8)1:0.2709239540593391)1:0.9858701233654346)1:1.1211453782218586,((((13,16)1:0.6511829814609134,(1,(18,9)1:0.557810190093084)1:2.473856813601416)1:3.1591310115058002,((15,7)1:2.7324176572315304,(3,(6,12)1:1.1689893163402547)1:1.945135237746176)1:0.7167222205883209)0.99:0.2729577903940402,(19,(25,((22,(24,23)1:0.5155621786063933)0.97:0.35968065705222557,21)1:1.7540191412452077)1:2.8526314299133184)1:0.5762904997636927)0.65:0.07687820597707329)0.82:0.13082204425806712));
Weight calculation took 0.070995964 secs
ASTRAL finished in 0.641 secs
