
================== ASTRAL ===================== 

This is ASTRAL version 5.6.3
Gene trees are treated as unrooted
50 trees read from g_trees-raxml-sqlen-250-ngen-50-s2g.trees
All output trees will be *arbitrarily* rooted at 14

======== Running the main analysis
Number of taxa: 72 (25 species)
Taxa: {22=[22_5, 22_4, 22_3, 22_2, 22_1], 23=[23_2, 23_1], 24=[24_2, 24_1], 25=[25_3, 25_2, 25_1], 10=[10_3, 10_2, 10_1], 11=[11_3, 11_2, 11_1], 12=[12_3, 12_2, 12_1], 13=[13_3, 13_2, 13_1], 14=[14_3, 14_2, 14_1], 15=[15_2, 15_1], 16=[16_1, 16_2], 17=[17_3, 17_2, 17_1], 18=[18_3, 18_2, 18_1], 19=[19_2, 19_1], 1=[1_1, 1_2, 1_3], 2=[2_1, 2_2, 2_3], 3=[3_1, 3_2, 3_3], 4=[4_1, 4_2, 4_3], 5=[5_1, 5_2, 5_3, 5_4], 6=[6_1, 6_2, 6_3], 7=[7_1, 7_2, 7_3], 8=[8_1, 8_2, 8_3], 9=[9_1, 9_2, 9_3], 20=[20_3, 20_2, 20_1], 21=[21_2, 21_1]}
Taxon occupancy: {16_1=36, 14_3=3, 14_2=10, 14_1=42, 12_3=2, 12_2=8, 12_1=43, 10_3=2, 10_2=11, 10_1=42, 18_3=4, 18_2=11, 18_1=34, 16_2=11, 25_3=1, 25_2=8, 25_1=38, 1_1=43, 23_2=5, 23_1=40, 1_2=12, 3_1=43, 21_2=5, 1_3=2, 21_1=40, 3_2=13, 5_1=42, 3_3=2, 5_2=6, 7_1=40, 5_3=3, 7_2=9, 5_4=1, 9_1=41, 7_3=3, 9_2=8, 9_3=2, 15_2=8, 15_1=38, 13_3=2, 13_2=14, 13_1=43, 11_3=2, 11_2=15, 11_1=44, 19_2=10, 17_3=5, 19_1=36, 17_2=12, 17_1=36, 22_5=1, 24_2=11, 22_4=2, 24_1=40, 22_3=3, 2_1=41, 22_2=10, 22_1=39, 20_3=5, 2_2=7, 20_2=12, 4_1=41, 2_3=1, 20_1=36, 4_2=7, 6_1=43, 4_3=1, 6_2=7, 8_1=40, 6_3=2, 8_2=9, 8_3=5}
Number of gene trees: 50
50 trees have missing taxa
Calculating quartet distance matrix (for completion of X)
Species tree distances calculated ...
Will attempt to complete bipartitions from X before adding using a distance matrix.
Building set of clusters (X) from gene trees 
In second round sampling 3 rounds will be done
------------------------------
gradient0: 231
------------------------------
gradient1: 70
------------------------------
gradient2: 40
Number of Clusters after addition by distance: 341
calculating extra bipartitions to be added at level 1 ...
Adding to X using resolutions of greedy consensus ...
Limit for sigma of degrees:675
polytomy size limit : 3
discarded polytomies:  []
Threshold 0.0:
Threshold 0.01:
Threshold 0.02:
Threshold 0.05:
Threshold 0.1:
Threshold 0.2:
Threshold 0.3333333333333333:
max k is :0
Number of Clusters after addition by greedy: 341
gradient0 in heuristiic: 341
calculating extra bipartitions to be added at level 1 ...
Adding to X using resolutions of greedy consensus ...
Limit for sigma of degrees:675
polytomy size limit : 3
discarded polytomies:  [3]
Threshold 0.0:
Threshold 0.01:
Threshold 0.02:
Threshold 0.05:
Threshold 0.1:
Threshold 0.2:
Threshold 0.3333333333333333:
polytomy of size 3; rounds with additions with at least 5 support: 0; clusters: 341
max k is :0
Number of Clusters after addition by greedy: 341
gradient1 in heuristiic: 0
calculating extra bipartitions to be added at level 1 ...
Adding to X using resolutions of greedy consensus ...
Limit for sigma of degrees:675
polytomy size limit : 3
discarded polytomies:  [3]
Threshold 0.0:
Threshold 0.01:
Threshold 0.02:
Threshold 0.05:
Threshold 0.1:
Threshold 0.2:
Threshold 0.3333333333333333:
polytomy of size 3; rounds with additions with at least 5 support: 0; clusters: 341
max k is :0
Number of Clusters after addition by greedy: 341
gradient2 in heuristiic: 0
partitions formed in 4.974 secs
Dynamic Programming starting after 4.974 secs
Using tree-based weight calculation.
Using polytree-based weight calculation.
Polytree max score: 1299770
Polytree building time: 0.02 seconds.
Number of quartet trees in the gene trees: 1297910
Size of largest cluster: 72
Greedy score: 828447
estimationFactor: 1.5689235400695518
Sub-optimal score: 882703
Total Number of elements weighted: 629
Normalized score (portion of input quartet trees satisfied before correcting for multiple individuals): 0.7011880638873266
Optimization score: 910079
Optimal tree inferred in 5.102 secs.
(24,(((25,15),((16,19),(23,21))),((18,(17,20)),(22,((14,8),((7,(12,(5,2))),((9,(6,(10,4))),(13,(11,(1,3))))))))));
Final quartet score is: 946363
Final normalized quartet score is: 0.729143777303511
You may want to ignore posterior probabilities and other statistics related to the following branch branch because the effective number of genes impacting it is only 7:
	{14}
You may want to ignore posterior probabilities and other statistics related to the following branch branch because the effective number of genes impacting it is only 7:
	{8}
You may want to ignore posterior probabilities and other statistics related to the following branch branch because the effective number of genes impacting it is only 7:
	{7}
You may want to ignore posterior probabilities and other statistics related to the following branch branch because the effective number of genes impacting it is only 6:
	{12}
You may want to ignore posterior probabilities and other statistics related to the following branch branch because the effective number of genes impacting it is only 4:
	{5}
You may want to ignore posterior probabilities and other statistics related to the following branch branch because the effective number of genes impacting it is only 5:
	{2}
You may want to ignore posterior probabilities and other statistics related to the following branch branch because the effective number of genes impacting it is only 6:
	{9}
You may want to ignore posterior probabilities and other statistics related to the following branch branch because the effective number of genes impacting it is only 5:
	{6}
You may want to ignore posterior probabilities and other statistics related to the following branch branch because the effective number of genes impacting it is only 8:
	{10}
You may want to ignore posterior probabilities and other statistics related to the following branch branch because the effective number of genes impacting it is only 5:
	{4}
You may want to ignore posterior probabilities and other statistics related to the following branch branch because the effective number of genes impacting it is only 10:
	{13}
You may want to ignore posterior probabilities and other statistics related to the following branch branch because the effective number of genes impacting it is only 10:
	{11}
You may want to ignore posterior probabilities and other statistics related to the following branch branch because the effective number of genes impacting it is only 8:
	{1}
You may want to ignore posterior probabilities and other statistics related to the following branch branch because the effective number of genes impacting it is only 9:
	{3}
You may want to ignore posterior probabilities and other statistics related to the following branch branch because the effective number of genes impacting it is only 5:
	{22}
You may want to ignore posterior probabilities and other statistics related to the following branch branch because the effective number of genes impacting it is only 8:
	{18}
You may want to ignore posterior probabilities and other statistics related to the following branch branch because the effective number of genes impacting it is only 9:
	{17}
You may want to ignore posterior probabilities and other statistics related to the following branch branch because the effective number of genes impacting it is only 9:
	{20}
You may want to ignore posterior probabilities and other statistics related to the following branch branch because the effective number of genes impacting it is only 5:
	{25}
You may want to ignore posterior probabilities and other statistics related to the following branch branch because the effective number of genes impacting it is only 8:
	{15}
You may want to ignore posterior probabilities and other statistics related to the following branch branch because the effective number of genes impacting it is only 11:
	{16}
You may want to ignore posterior probabilities and other statistics related to the following branch branch because the effective number of genes impacting it is only 10:
	{19}
You may want to ignore posterior probabilities and other statistics related to the following branch branch because the effective number of genes impacting it is only 5:
	{23}
You may want to ignore posterior probabilities and other statistics related to the following branch branch because the effective number of genes impacting it is only 5:
	{21}
You may want to ignore posterior probabilities and other statistics related to the following branch branch because the effective number of genes impacting it is only 11:
	{24}
((14_3,14_2,14_1)0.13:0.0,((8_1,8_2,8_3)0.14:0.0,((((7_1,7_2,7_3)0.45:0.03511457156968542,((12_3,12_2,12_1)0.44:0.024097551579060416,((5_1,5_2,5_3,5_4)0.18:0.0,(2_1,2_2,2_3)0.11:0.0)1:1.7974737704914923)1:1.0868414260479966)0.91:0.22742528909973925,(((9_1,9_2,9_3)0.63:0.18404718276142418,((6_1,6_2,6_3)0.24:0.0,((10_3,10_2,10_1)0.19:0.0,(4_1,4_2,4_3)0.14:0.0)1:1.4358411217925964)0.98:0.3253137759899472)0.93:0.24010741833841062,((13_3,13_2,13_1)0.06:0.0,((11_3,11_2,11_1)0.16:0.0,((1_1,1_2,1_3)0.07:0.0,(3_1,3_2,3_3)0.06:0.0)1:1.2692254797356828)0.52:0.055284371195742296)1:1.7174110888907732)1:1.0524159208933075)1:0.7921319243549176,((22_5,22_4,22_3,22_2,22_1)0.75:0.32047189527477177,(((18_3,18_2,18_1)0.24:0.0,((17_3,17_2,17_1)0.07:0.0,(20_3,20_2,20_1)0.07:0.0)1:0.9493896983376835)1:1.0615845982700371,((((25_3,25_2,25_1)0.1:0.0,(15_2,15_1)0.06:0.0)1:1.6429312014048159,(((16_1,16_2)0.19:0.0,(19_2,19_1)0.09:0.0)1:1.060558668827941,((23_2,23_1)0.1:0.0,(21_2,21_1)0.09:0.0)1:1.7544393876141606)0.85:0.19737729275939503)0.33:0.047377687284063885,(24_2,24_1)0.31:0.0)1:0.5141730359457991)1:1.5482283470480394)1:2.9957322735539913)1:1.3785693812744897));
Weight calculation took 0.092225683 secs
ASTRAL finished in 5.239 secs
