
================== ASTRAL ===================== 

This is ASTRAL version 5.6.3
Gene trees are treated as unrooted
500 trees read from g_trees-raxml-sqlen-250-ngen-500-s2g.trees
All output trees will be *arbitrarily* rooted at 14

======== Running the main analysis
Number of taxa: 139 (25 species)
Taxa: {22=[22_5, 22_4, 22_3, 22_2, 22_1], 23=[23_5, 23_4, 23_3, 23_2, 23_1, 23_6], 24=[24_4, 24_3, 24_2, 24_1], 25=[25_3, 25_2, 25_1, 25_5, 25_4], 10=[10_5, 10_4, 10_3, 10_2, 10_1], 11=[11_6, 11_5, 11_4, 11_3, 11_2, 11_1], 12=[12_5, 12_4, 12_3, 12_2, 12_1], 13=[13_4, 13_3, 13_2, 13_1, 13_7, 13_6, 13_5], 14=[14_3, 14_2, 14_1, 14_5, 14_4], 15=[15_2, 15_1, 15_5, 15_4, 15_3], 16=[16_1, 16_5, 16_4, 16_3, 16_2], 17=[17_6, 17_5, 17_4, 17_3, 17_2, 17_1], 18=[18_5, 18_4, 18_3, 18_2, 18_1], 19=[19_4, 19_3, 19_2, 19_1], 1=[1_1, 1_2, 1_3, 1_4, 1_5, 1_6], 2=[2_1, 2_2, 2_3, 2_4, 2_5, 2_6, 2_7], 3=[3_1, 3_2, 3_3, 3_4, 3_5, 3_6], 4=[4_1, 4_2, 4_3, 4_4, 4_5, 4_6], 5=[5_1, 5_2, 5_3, 5_4, 5_5], 6=[6_1, 6_2, 6_3, 6_4, 6_5, 6_6, 6_7, 6_8], 7=[7_1, 7_2, 7_3, 7_4, 7_5], 8=[8_1, 8_2, 8_3, 8_4, 8_5], 9=[9_1, 9_2, 9_3, 9_4, 9_5, 9_6], 20=[20_6, 20_5, 20_4, 20_3, 20_2, 20_1], 21=[21_6, 21_5, 21_4, 21_3, 21_2, 21_1]}
Taxon occupancy: {14_3=27, 14_2=92, 14_1=385, 10_5=2, 10_4=7, 10_3=19, 10_2=98, 10_1=391, 18_5=1, 18_4=6, 18_3=26, 18_2=99, 18_1=381, 14_5=2, 14_4=5, 25_3=28, 25_2=95, 21_6=1, 25_1=391, 21_5=1, 21_4=6, 21_3=24, 3_1=389, 21_2=95, 21_1=386, 3_2=106, 3_3=26, 3_4=4, 7_1=390, 3_5=1, 7_2=115, 3_6=1, 7_3=25, 7_4=7, 7_5=2, 25_5=1, 25_4=9, 13_4=4, 13_3=24, 13_2=109, 13_1=384, 17_6=1, 17_5=1, 17_4=4, 17_3=20, 13_7=1, 17_2=95, 13_6=1, 17_1=385, 13_5=1, 24_4=3, 24_3=19, 24_2=101, 20_6=1, 24_1=392, 20_5=1, 2_1=374, 20_4=4, 20_3=19, 2_2=97, 20_2=94, 2_3=19, 20_1=385, 2_4=4, 6_1=383, 2_5=1, 6_2=98, 2_6=1, 6_3=24, 2_7=1, 6_4=5, 6_5=1, 6_6=1, 6_7=1, 6_8=1, 16_1=395, 12_5=2, 12_4=4, 12_3=22, 12_2=101, 12_1=377, 16_5=1, 16_4=7, 16_3=25, 16_2=106, 23_5=1, 23_4=5, 23_3=23, 1_1=388, 23_2=95, 23_1=387, 1_2=104, 1_3=26, 1_4=4, 5_1=372, 1_5=1, 5_2=91, 1_6=1, 5_3=26, 5_4=6, 9_1=396, 5_5=1, 9_2=104, 9_3=21, 9_4=8, 9_5=2, 23_6=1, 9_6=2, 15_2=94, 11_6=1, 15_1=391, 11_5=1, 11_4=8, 11_3=23, 11_2=104, 11_1=390, 19_4=6, 19_3=27, 19_2=102, 19_1=396, 15_5=1, 15_4=9, 15_3=26, 22_5=4, 22_4=8, 22_3=32, 22_2=98, 22_1=404, 4_1=388, 4_2=86, 4_3=28, 4_4=3, 8_1=375, 4_5=1, 8_2=93, 4_6=1, 8_3=31, 8_4=6, 8_5=2}
Number of gene trees: 500
500 trees have missing taxa
Calculating quartet distance matrix (for completion of X)
Species tree distances calculated ...
Will attempt to complete bipartitions from X before adding using a distance matrix.
Building set of clusters (X) from gene trees 
In second round sampling 4 rounds will be done
------------------------------
gradient0: 625
------------------------------
gradient1: 362
------------------------------
gradient2: 332
------------------------------
gradient3: 226
Number of Clusters after addition by distance: 1545
calculating extra bipartitions to be added at level 1 ...
Adding to X using resolutions of greedy consensus ...
Limit for sigma of degrees:675
polytomy size limit : 3
discarded polytomies:  []
Threshold 0.0:
Threshold 0.01:
Threshold 0.02:
Threshold 0.05:
Threshold 0.1:
Threshold 0.2:
Threshold 0.3333333333333333:
max k is :0
Number of Clusters after addition by greedy: 1545
gradient0 in heuristiic: 1545
calculating extra bipartitions to be added at level 1 ...
Adding to X using resolutions of greedy consensus ...
Limit for sigma of degrees:675
polytomy size limit : 3
discarded polytomies:  [3]
Threshold 0.0:
Threshold 0.01:
Threshold 0.02:
Threshold 0.05:
Threshold 0.1:
Threshold 0.2:
Threshold 0.3333333333333333:
polytomy of size 3; rounds with additions with at least 5 support: 0; clusters: 1545
max k is :0
Number of Clusters after addition by greedy: 1545
gradient1 in heuristiic: 0
calculating extra bipartitions to be added at level 1 ...
Adding to X using resolutions of greedy consensus ...
Limit for sigma of degrees:675
polytomy size limit : 4
discarded polytomies:  [3, 3, 3, 3, 3, 4]
Threshold 0.0:
Threshold 0.01:
Threshold 0.02:
polytomy of size 3; rounds with additions with at least 5 support: 0; clusters: 1545
Threshold 0.05:
polytomy of size 3; rounds with additions with at least 5 support: 0; clusters: 1545
Threshold 0.1:
polytomy of size 3; rounds with additions with at least 5 support: 0; clusters: 1545
Threshold 0.2:
polytomy of size 3; rounds with additions with at least 5 support: 0; clusters: 1545
Threshold 0.3333333333333333:
polytomy of size 3; rounds with additions with at least 5 support: 0; clusters: 1545
polytomy of size 4; rounds with additions with at least 5 support: 0; clusters: 1545
max k is :0
Number of Clusters after addition by greedy: 1545
gradient2 in heuristiic: 0
calculating extra bipartitions to be added at level 1 ...
Adding to X using resolutions of greedy consensus ...
Limit for sigma of degrees:675
polytomy size limit : 3
discarded polytomies:  []
Threshold 0.0:
Threshold 0.01:
Threshold 0.02:
Threshold 0.05:
Threshold 0.1:
Threshold 0.2:
Threshold 0.3333333333333333:
max k is :0
Number of Clusters after addition by greedy: 1545
gradient3 in heuristiic: 0
partitions formed in 68.042 secs
Dynamic Programming starting after 68.043 secs
Using tree-based weight calculation.
Using polytree-based weight calculation.
Polytree max score: 20831310
Polytree building time: 0.06 seconds.
Number of quartet trees in the gene trees: 20760541
Size of largest cluster: 139
Greedy score: 11300976
estimationFactor: 1.8433195504529873
Sub-optimal score: 12012371
Total Number of elements weighted: 6851
Normalized score (portion of input quartet trees satisfied before correcting for multiple individuals): 0.5934668080181533
Optimization score: 12320692
Optimal tree inferred in 71.287 secs.
(24,(((25,15),((16,19),(21,23))),((18,(17,20)),(22,((14,8),((7,(12,(2,5))),(9,((6,(10,4)),(13,(11,(3,1)))))))))));
Final quartet score is: 12985142
Final normalized quartet score is: 0.6254722360077225
((14_3,14_2,14_1,14_5,14_4)0.02:0.0,((8_1,8_2,8_3,8_4,8_5)0.02:0.0,((((7_1,7_2,7_3,7_4,7_5)0.64:0.08511217488085035,((12_5,12_4,12_3,12_2,12_1)0.18:0.0,((2_1,2_2,2_3,2_4,2_5,2_6,2_7)0.03:0.0,(5_1,5_2,5_3,5_4,5_5)0.03:0.0)1:1.4390885741786816)1:1.0456614454193056)1:0.5020877826931321,((9_1,9_2,9_3,9_4,9_5,9_6)0.64:0.09416190211349226,(((6_1,6_2,6_3,6_4,6_5,6_6,6_7,6_8)0.39:0.009014673033209415,((10_5,10_4,10_3,10_2,10_1)0.1:0.0,(4_1,4_2,4_3,4_4,4_5,4_6)0.08:0.0)1:1.5498817383413117)1:0.361827514604781,((13_4,13_3,13_2,13_1,13_7,13_6,13_5)0.04:0.0,((11_6,11_5,11_4,11_3,11_2,11_1)0.06:0.0,((3_1,3_2,3_3,3_4,3_5,3_6)0.01:0.0,(1_1,1_2,1_3,1_4,1_5,1_6)0.01:0.0)1:1.2777891895558755)0.99:0.10304976686361711)1:1.7236676903763553)0.72:0.0579301877880331)1:0.7943248756771016)1:0.7093519002533452,((22_5,22_4,22_3,22_2,22_1)0.94:0.24582038180777294,(((18_5,18_4,18_3,18_2,18_1)0.07:0.0,((17_6,17_5,17_4,17_3,17_2,17_1)0.01:0.0,(20_6,20_5,20_4,20_3,20_2,20_1)0.01:0.0)1:1.3034336032915528)1:1.342512547608608,((((25_3,25_2,25_1,25_5,25_4)0.01:0.0,(15_2,15_1,15_5,15_4,15_3)0.01:0.0)1:1.7385914959871225,(((16_1,16_5,16_4,16_3,16_2)0.02:0.0,(19_4,19_3,19_2,19_1)0.01:0.0)1:1.209715671255727,((21_6,21_5,21_4,21_3,21_2,21_1)0.01:0.0,(23_5,23_4,23_3,23_2,23_1,23_6)0.01:0.0)1:1.7185027310006518)1:0.30873510565153595)1:0.12712145971247127,(24_4,24_3,24_2,24_1)0.12:0.0)1:0.4769647429529264)1:1.2000041283564045)1:4.63866582884122)1:1.884148817665735));
Weight calculation took 3.434677066 secs
ASTRAL finished in 71.958 secs
