
================== ASTRAL ===================== 

This is ASTRAL version 5.6.3
Gene trees are treated as unrooted
25 trees read from g_trees-raxml-sqlen-25-ngen-25-s2g.trees
All output trees will be *arbitrarily* rooted at 14

======== Running the main analysis
Number of taxa: 70 (25 species)
Taxa: {22=[22_4, 22_3, 22_2, 22_1], 23=[23_2, 23_1], 24=[24_2, 24_1], 25=[25_3, 25_2, 25_1], 10=[10_3, 10_2, 10_1], 11=[11_3, 11_2, 11_1], 12=[12_3, 12_2, 12_1], 13=[13_3, 13_2, 13_1], 14=[14_3, 14_2, 14_1], 15=[15_2, 15_1], 16=[16_1, 16_2], 17=[17_3, 17_2, 17_1], 18=[18_3, 18_2, 18_1], 19=[19_2, 19_1], 1=[1_1, 1_2, 1_3], 2=[2_1, 2_2, 2_3], 3=[3_1, 3_2, 3_3], 4=[4_1, 4_2, 4_3], 5=[5_1, 5_2, 5_3], 6=[6_1, 6_2, 6_3], 7=[7_1, 7_2, 7_3], 8=[8_1, 8_2, 8_3], 9=[9_1, 9_2, 9_3], 20=[20_3, 20_2, 20_1], 21=[21_2, 21_1]}
Taxon occupancy: {16_1=17, 14_3=2, 14_2=6, 14_1=19, 12_3=2, 12_2=5, 12_1=21, 10_3=2, 10_2=7, 10_1=18, 18_3=3, 18_2=6, 18_1=16, 16_2=5, 25_3=1, 25_2=3, 25_1=16, 1_1=22, 23_2=2, 23_1=18, 1_2=8, 3_1=22, 21_2=2, 1_3=1, 21_1=18, 3_2=9, 5_1=21, 3_3=1, 5_2=4, 7_1=21, 5_3=2, 7_2=5, 9_1=20, 7_3=2, 9_2=5, 9_3=1, 15_2=3, 15_1=16, 13_3=1, 13_2=9, 13_1=20, 11_3=1, 11_2=10, 11_1=22, 19_2=3, 17_3=3, 19_1=17, 17_2=5, 17_1=16, 24_2=3, 22_4=1, 24_1=19, 22_3=1, 2_1=20, 22_2=3, 22_1=18, 20_3=3, 2_2=4, 20_2=5, 4_1=17, 2_3=1, 20_1=16, 4_2=6, 6_1=21, 4_3=1, 6_2=4, 8_1=19, 6_3=2, 8_2=6, 8_3=3}
Number of gene trees: 25
25 trees have missing taxa
Calculating quartet distance matrix (for completion of X)
Species tree distances calculated ...
Will attempt to complete bipartitions from X before adding using a distance matrix.
Building set of clusters (X) from gene trees 
In second round sampling 3 rounds will be done
------------------------------
gradient0: 317
------------------------------
gradient1: 80
------------------------------
gradient2: 92
Number of Clusters after addition by distance: 489
calculating extra bipartitions to be added at level 1 ...
Adding to X using resolutions of greedy consensus ...
Limit for sigma of degrees:675
polytomy size limit : 5
discarded polytomies:  [3, 3, 3, 5]
Threshold 0.0:
Threshold 0.01:
Threshold 0.02:
Threshold 0.05:
Threshold 0.1:
Threshold 0.2:
polytomy of size 3; rounds with additions with at least 5 support: 0; clusters: 489
polytomy of size 3; rounds with additions with at least 5 support: 0; clusters: 489
Threshold 0.3333333333333333:
polytomy of size 3; rounds with additions with at least 5 support: 0; clusters: 489
polytomy of size 5; rounds with additions with at least 5 support: 0; clusters: 489
max k is :0
Number of Clusters after addition by greedy: 489
gradient0 in heuristiic: 489
calculating extra bipartitions to be added at level 1 ...
Adding to X using resolutions of greedy consensus ...
Limit for sigma of degrees:675
polytomy size limit : 4
discarded polytomies:  [4]
Threshold 0.0:
Threshold 0.01:
Threshold 0.02:
Threshold 0.05:
Threshold 0.1:
Threshold 0.2:
Threshold 0.3333333333333333:
polytomy of size 4; rounds with additions with at least 5 support: 0; clusters: 489
max k is :0
Number of Clusters after addition by greedy: 489
gradient1 in heuristiic: 0
calculating extra bipartitions to be added at level 1 ...
Adding to X using resolutions of greedy consensus ...
Limit for sigma of degrees:675
polytomy size limit : 6
discarded polytomies:  [3, 3, 6]
Threshold 0.0:
Threshold 0.01:
Threshold 0.02:
Threshold 0.05:
Threshold 0.1:
Threshold 0.2:
polytomy of size 3; rounds with additions with at least 5 support: 0; clusters: 491
Threshold 0.3333333333333333:
polytomy of size 3; rounds with additions with at least 5 support: 0; clusters: 491
polytomy of size 6; rounds with additions with at least 5 support: 0; clusters: 491
max k is :0
Number of Clusters after addition by greedy: 491
gradient2 in heuristiic: 2
partitions formed in 3.301 secs
Dynamic Programming starting after 3.301 secs
Using tree-based weight calculation.
Using polytree-based weight calculation.
Polytree max score: 745083
Polytree building time: 0.017 seconds.
Number of quartet trees in the gene trees: 743912
Size of largest cluster: 70
Greedy score: 385128
estimationFactor: 1.9346373153860534
Sub-optimal score: 403859
Total Number of elements weighted: 1027
Normalized score (portion of input quartet trees satisfied before correcting for multiple individuals): 0.5569126455817355
Optimization score: 414294
Optimal tree inferred in 3.439 secs.
(16,(19,((25,15),((23,21),((22,(18,(17,20))),(24,((14,8),((12,(5,2)),(7,((13,(11,(1,3))),(9,(6,(10,4)))))))))))));
Final quartet score is: 435750
Final normalized quartet score is: 0.5857547666928347
You may want to ignore posterior probabilities and other statistics related to the following branch branch because the effective number of genes impacting it is only 4:
	{14}
You may want to ignore posterior probabilities and other statistics related to the following branch branch because the effective number of genes impacting it is only 5:
	{8}
You may want to ignore posterior probabilities and other statistics related to the following branch branch because the effective number of genes impacting it is only 4:
	{12}
You may want to ignore posterior probabilities and other statistics related to the following branch branch because the effective number of genes impacting it is only 3:
	{5}
You may want to ignore posterior probabilities and other statistics related to the following branch branch because the effective number of genes impacting it is only 3:
	{2}
You may want to ignore posterior probabilities and other statistics related to the following branch branch because the effective number of genes impacting it is only 19:
	{5, 2}
You may want to ignore posterior probabilities and other statistics related to the following branch branch because the effective number of genes impacting it is only 19:
	{12, 5, 2}
You may want to ignore posterior probabilities and other statistics related to the following branch branch because the effective number of genes impacting it is only 4:
	{7}
You may want to ignore posterior probabilities and other statistics related to the following branch branch because the effective number of genes impacting it is only 6:
	{13}
You may want to ignore posterior probabilities and other statistics related to the following branch branch because the effective number of genes impacting it is only 7:
	{11}
You may want to ignore posterior probabilities and other statistics related to the following branch branch because the effective number of genes impacting it is only 5:
	{1}
You may want to ignore posterior probabilities and other statistics related to the following branch branch because the effective number of genes impacting it is only 6:
	{3}
You may want to ignore posterior probabilities and other statistics related to the following branch branch because the effective number of genes impacting it is only 3:
	{9}
You may want to ignore posterior probabilities and other statistics related to the following branch branch because the effective number of genes impacting it is only 3:
	{6}
You may want to ignore posterior probabilities and other statistics related to the following branch branch because the effective number of genes impacting it is only 5:
	{10}
You may want to ignore posterior probabilities and other statistics related to the following branch branch because the effective number of genes impacting it is only 4:
	{4}
You may want to ignore posterior probabilities and other statistics related to the following branch branch because the effective number of genes impacting it is only 14:
	{10, 4}
You may want to ignore posterior probabilities and other statistics related to the following branch branch because the effective number of genes impacting it is only 17:
	{10, 4, 6}
You may want to ignore posterior probabilities and other statistics related to the following branch branch because the effective number of genes impacting it is only 17:
	{12, 10, 1, 3, 5, 7, 9, 13, 11, 2, 4, 6}
You may want to ignore posterior probabilities and other statistics related to the following branch branch because the effective number of genes impacting it is only 3:
	{24}
You may want to ignore posterior probabilities and other statistics related to the following branch branch because the effective number of genes impacting it is only 1:
	{22}
You may want to ignore posterior probabilities and other statistics related to the following branch branch because the effective number of genes impacting it is only 5:
	{18}
You may want to ignore posterior probabilities and other statistics related to the following branch branch because the effective number of genes impacting it is only 4:
	{17}
You may want to ignore posterior probabilities and other statistics related to the following branch branch because the effective number of genes impacting it is only 4:
	{20}
You may want to ignore posterior probabilities and other statistics related to the following branch branch because the effective number of genes impacting it is only 16:
	{17, 20}
You may want to ignore posterior probabilities and other statistics related to the following branch branch because the effective number of genes impacting it is only 12:
	{18, 17, 20}
You may want to ignore posterior probabilities and other statistics related to the following branch branch because the effective number of genes impacting it is only 12:
	{18, 17, 22, 20}
You may want to ignore posterior probabilities and other statistics related to the following branch branch because the effective number of genes impacting it is only 2:
	{23}
You may want to ignore posterior probabilities and other statistics related to the following branch branch because the effective number of genes impacting it is only 2:
	{21}
You may want to ignore posterior probabilities and other statistics related to the following branch branch because the effective number of genes impacting it is only 18:
	{23, 21}
You may want to ignore posterior probabilities and other statistics related to the following branch branch because the effective number of genes impacting it is only 2:
	{25}
You may want to ignore posterior probabilities and other statistics related to the following branch branch because the effective number of genes impacting it is only 3:
	{15}
You may want to ignore posterior probabilities and other statistics related to the following branch branch because the effective number of genes impacting it is only 14:
	{25, 15}
You may want to ignore posterior probabilities and other statistics related to the following branch branch because the effective number of genes impacting it is only 3:
	{19}
You may want to ignore posterior probabilities and other statistics related to the following branch branch because the effective number of genes impacting it is only 5:
	{16}
You may want to ignore posterior probabilities and other statistics related to the following branch branch because the effective number of genes impacting it is only 14:
	{16, 19}
You may want to ignore posterior probabilities and other statistics related to the following branch branch because the effective number of genes impacting it is only 14:
	{16, 25, 15, 19}
You may want to ignore posterior probabilities and other statistics related to the following branch branch because the effective number of genes impacting it is only 18:
	{16, 25, 23, 21, 15, 19}
You may want to ignore posterior probabilities and other statistics related to the following branch branch because the effective number of genes impacting it is only 17:
	{16, 18, 25, 23, 21, 15, 19, 17, 22, 20}
You may want to ignore posterior probabilities and other statistics related to the following branch branch because the effective number of genes impacting it is only 14:
	{16, 18, 25, 23, 21, 15, 19, 17, 24, 22, 20}
You may want to ignore posterior probabilities and other statistics related to the following branch branch because the effective number of genes impacting it is only 17:
	{16, 12, 10, 18, 25, 23, 1, 21, 3, 5, 7, 9, 15, 13, 11, 19, 17, 24, 22, 2, 20, 4, 6}
((14_3,14_2,14_1)0.26:0.0,((8_1,8_2,8_3)0.28:0.0,((((12_3,12_2,12_1)0.51:0.08349663740872425,((5_1,5_2,5_3)0.23:0.0,(2_1,2_2,2_3)0.15:0.0)0.99:0.5336424814533848)0.85:0.26169234008338893,((7_1,7_2,7_3)0.17:0.0,(((13_3,13_2,13_1)0.15:0.0,((11_3,11_2,11_1)0.11:0.0,((1_1,1_2,1_3)0.1:0.0,(3_1,3_2,3_3)0.09:0.0)0.99:0.5457155012661998)0.42:0.021618205011209084)0.99:0.5706582430121695,((9_1,9_2,9_3)0.31:0.0,((6_1,6_2,6_3)0.29:0.0,((10_3,10_2,10_1)0.38:0.0,(4_1,4_2,4_3)0.24:0.0)0.86:0.3119567285078884)0.56:0.09763655920652249)0.25:0.0)0.77:0.19262205385885825)0.18:0.0)0.52:0.0744407626007623,((24_2,24_1)0.37:0.0,(((22_4,22_3,22_2,22_1)0.4:0.0,((18_3,18_2,18_1)0.23:0.0,((17_3,17_2,17_1)0.17:0.0,(20_3,20_2,20_1)0.17:0.0)1:1.182768269061335)0.95:0.487207438594321)0.37:0.010329113998245938,(((23_2,23_1)0.21:0.0,(21_2,21_1)0.17:0.0)1:1.2003436635588653,(((25_3,25_2,25_1)0.22:0.0,(15_2,15_1)0.15:0.0)0.99:0.6974336837794749,((19_2,19_1)0.16:0.0,(16_1,16_2)0.24:0.0)0.68:0.19349170233772223)0.38:0.006612480295037966)0.32:0.036828646991216143)0.53:0.0902182705010918)1:1.598521193756851)1:0.850776124763528));
Weight calculation took 0.092341757 secs
ASTRAL finished in 3.541 secs
