
================== ASTRAL ===================== 

This is ASTRAL version 5.6.3
Gene trees are treated as unrooted
50 trees read from g_trees-raxml-sqlen-0-ngen-50-s2g.trees
All output trees will be *arbitrarily* rooted at 14

======== Running the main analysis
Number of taxa: 72 (25 species)
Taxa: {22=[22_5, 22_4, 22_3, 22_2, 22_1], 23=[23_2, 23_1], 24=[24_2, 24_1], 25=[25_3, 25_2, 25_1], 10=[10_3, 10_2, 10_1], 11=[11_3, 11_2, 11_1], 12=[12_3, 12_2, 12_1], 13=[13_3, 13_2, 13_1], 14=[14_3, 14_2, 14_1], 15=[15_2, 15_1], 16=[16_1, 16_2], 17=[17_3, 17_2, 17_1], 18=[18_3, 18_2, 18_1], 19=[19_2, 19_1], 1=[1_1, 1_2, 1_3], 2=[2_1, 2_2, 2_3], 3=[3_1, 3_2, 3_3], 4=[4_1, 4_2, 4_3], 5=[5_1, 5_2, 5_3, 5_4], 6=[6_1, 6_2, 6_3], 7=[7_1, 7_2, 7_3], 8=[8_1, 8_2, 8_3], 9=[9_1, 9_2, 9_3], 20=[20_3, 20_2, 20_1], 21=[21_2, 21_1]}
Taxon occupancy: {16_1=36, 14_3=3, 14_2=10, 14_1=42, 12_3=2, 12_2=8, 12_1=43, 10_3=2, 10_2=11, 10_1=42, 18_3=4, 18_2=11, 18_1=34, 16_2=11, 25_3=1, 25_2=8, 25_1=38, 1_1=43, 23_2=5, 23_1=40, 1_2=12, 3_1=43, 21_2=5, 1_3=2, 21_1=40, 3_2=13, 5_1=42, 3_3=2, 5_2=6, 7_1=40, 5_3=3, 7_2=9, 5_4=1, 9_1=41, 7_3=3, 9_2=8, 9_3=2, 15_2=8, 15_1=38, 13_3=2, 13_2=14, 13_1=43, 11_3=2, 11_2=15, 11_1=44, 19_2=10, 17_3=5, 19_1=36, 17_2=12, 17_1=36, 22_5=1, 24_2=11, 22_4=2, 24_1=40, 22_3=3, 2_1=41, 22_2=10, 20_3=5, 22_1=39, 2_2=7, 20_2=12, 4_1=41, 2_3=1, 20_1=36, 4_2=7, 6_1=43, 4_3=1, 6_2=7, 8_1=40, 6_3=2, 8_2=9, 8_3=5}
Number of gene trees: 50
50 trees have missing taxa
Calculating quartet distance matrix (for completion of X)
Species tree distances calculated ...
Will attempt to complete bipartitions from X before adding using a distance matrix.
Building set of clusters (X) from gene trees 
In second round sampling 3 rounds will be done
------------------------------
gradient0: 215
------------------------------
gradient1: 30
------------------------------
gradient2: 24
Number of Clusters after addition by distance: 269
calculating extra bipartitions to be added at level 1 ...
Adding to X using resolutions of greedy consensus ...
Limit for sigma of degrees:675
polytomy size limit : 3
discarded polytomies:  []
Threshold 0.0:
Threshold 0.01:
Threshold 0.02:
Threshold 0.05:
Threshold 0.1:
Threshold 0.2:
Threshold 0.3333333333333333:
max k is :0
Number of Clusters after addition by greedy: 269
gradient0 in heuristiic: 269
calculating extra bipartitions to be added at level 1 ...
Adding to X using resolutions of greedy consensus ...
Limit for sigma of degrees:675
polytomy size limit : 3
discarded polytomies:  [3]
Threshold 0.0:
Threshold 0.01:
Threshold 0.02:
Threshold 0.05:
Threshold 0.1:
Threshold 0.2:
Threshold 0.3333333333333333:
polytomy of size 3; rounds with additions with at least 5 support: 0; clusters: 269
max k is :0
Number of Clusters after addition by greedy: 269
gradient1 in heuristiic: 0
calculating extra bipartitions to be added at level 1 ...
Adding to X using resolutions of greedy consensus ...
Limit for sigma of degrees:675
polytomy size limit : 3
discarded polytomies:  []
Threshold 0.0:
Threshold 0.01:
Threshold 0.02:
Threshold 0.05:
Threshold 0.1:
Threshold 0.2:
Threshold 0.3333333333333333:
max k is :0
Number of Clusters after addition by greedy: 269
gradient2 in heuristiic: 0
partitions formed in 4.268 secs
Dynamic Programming starting after 4.268 secs
Using tree-based weight calculation.
Using polytree-based weight calculation.
Polytree max score: 1299770
Polytree building time: 0.018 seconds.
Number of quartet trees in the gene trees: 1297910
Size of largest cluster: 72
Greedy score: 880246
estimationFactor: 1.4765977484715929
Sub-optimal score: 917644
Total Number of elements weighted: 435
Normalized score (portion of input quartet trees satisfied before correcting for multiple individuals): 0.7245799015340046
Optimization score: 940439
Optimal tree inferred in 4.381 secs.
(16,(19,((23,21),((25,15),(24,((18,(17,20)),(22,((14,8),((7,(12,(5,2))),((9,(6,(10,4))),(13,(11,(1,3)))))))))))));
Final quartet score is: 976878
Final normalized quartet score is: 0.7526546524797559
You may want to ignore posterior probabilities and other statistics related to the following branch branch because the effective number of genes impacting it is only 7:
	{14}
You may want to ignore posterior probabilities and other statistics related to the following branch branch because the effective number of genes impacting it is only 7:
	{8}
You may want to ignore posterior probabilities and other statistics related to the following branch branch because the effective number of genes impacting it is only 7:
	{7}
You may want to ignore posterior probabilities and other statistics related to the following branch branch because the effective number of genes impacting it is only 6:
	{12}
You may want to ignore posterior probabilities and other statistics related to the following branch branch because the effective number of genes impacting it is only 4:
	{5}
You may want to ignore posterior probabilities and other statistics related to the following branch branch because the effective number of genes impacting it is only 5:
	{2}
You may want to ignore posterior probabilities and other statistics related to the following branch branch because the effective number of genes impacting it is only 6:
	{9}
You may want to ignore posterior probabilities and other statistics related to the following branch branch because the effective number of genes impacting it is only 5:
	{6}
You may want to ignore posterior probabilities and other statistics related to the following branch branch because the effective number of genes impacting it is only 8:
	{10}
You may want to ignore posterior probabilities and other statistics related to the following branch branch because the effective number of genes impacting it is only 5:
	{4}
You may want to ignore posterior probabilities and other statistics related to the following branch branch because the effective number of genes impacting it is only 10:
	{13}
You may want to ignore posterior probabilities and other statistics related to the following branch branch because the effective number of genes impacting it is only 10:
	{11}
You may want to ignore posterior probabilities and other statistics related to the following branch branch because the effective number of genes impacting it is only 8:
	{1}
You may want to ignore posterior probabilities and other statistics related to the following branch branch because the effective number of genes impacting it is only 9:
	{3}
You may want to ignore posterior probabilities and other statistics related to the following branch branch because the effective number of genes impacting it is only 5:
	{22}
You may want to ignore posterior probabilities and other statistics related to the following branch branch because the effective number of genes impacting it is only 8:
	{18}
You may want to ignore posterior probabilities and other statistics related to the following branch branch because the effective number of genes impacting it is only 9:
	{17}
You may want to ignore posterior probabilities and other statistics related to the following branch branch because the effective number of genes impacting it is only 9:
	{20}
You may want to ignore posterior probabilities and other statistics related to the following branch branch because the effective number of genes impacting it is only 11:
	{24}
You may want to ignore posterior probabilities and other statistics related to the following branch branch because the effective number of genes impacting it is only 5:
	{25}
You may want to ignore posterior probabilities and other statistics related to the following branch branch because the effective number of genes impacting it is only 8:
	{15}
You may want to ignore posterior probabilities and other statistics related to the following branch branch because the effective number of genes impacting it is only 5:
	{23}
You may want to ignore posterior probabilities and other statistics related to the following branch branch because the effective number of genes impacting it is only 5:
	{21}
You may want to ignore posterior probabilities and other statistics related to the following branch branch because the effective number of genes impacting it is only 10:
	{19}
You may want to ignore posterior probabilities and other statistics related to the following branch branch because the effective number of genes impacting it is only 11:
	{16}
((14_3,14_2,14_1)0.08:0.0,((8_1,8_2,8_3)0.19:0.0,((((7_1,7_2,7_3)0.43:0.021053409197832492,((12_3,12_2,12_1)0.44:0.024097551579060416,((5_1,5_2,5_3,5_4)0.16:0.0,(2_1,2_2,2_3)0.1:0.0)1:2.129086772169)1:1.9359003545641407)1:0.8745534054822118,(((9_1,9_2,9_3)0.62:0.18109078740782195,((6_1,6_2,6_3)0.24:0.0,((10_3,10_2,10_1)0.19:0.0,(4_1,4_2,4_3)0.18:0.0)1:1.8813716279177413)1:0.7937004027346454)0.99:0.34295151521897094,((13_3,13_2,13_1)0.12:0.0,((11_3,11_2,11_1)0.22:0.0,((1_1,1_2,1_3)0.07:0.0,(3_1,3_2,3_3)0.06:0.0)1:1.2491344244145284)0.59:0.08203486685734777)1:1.7554932912436612)1:1.56926547948264)1:1.8717865407852885,((22_5,22_4,22_3,22_2,22_1)0.85:0.4635727389154453,(((18_3,18_2,18_1)0.2:0.0,((17_3,17_2,17_1)0.07:0.0,(20_3,20_2,20_1)0.07:0.0)1:1.2349487322202413)1:1.4365561959007789,((24_2,24_1)0.24:0.0,(((25_3,25_2,25_1)0.1:0.0,(15_2,15_1)0.06:0.0)1:1.6590528822602637,(((23_2,23_1)0.09:0.0,(21_2,21_1)0.09:0.0)1:1.957804936707462,((19_2,19_1)0.09:0.0,(16_1,16_2)0.14:0.0)1:1.3693469465230435)1:0.5519283566750487)0.45:0.044834183599677814)1:0.9112359612125313)1:1.8602314457109244)1:2.9957322735539913)1:1.7222988708850555));
Weight calculation took 0.081229066 secs
ASTRAL finished in 4.511 secs
