
================== ASTRAL ===================== 

This is ASTRAL version 5.6.3
Gene trees are treated as unrooted
25 trees read from g_trees-raxml-sqlen-250-ngen-25-s2g.trees
All output trees will be *arbitrarily* rooted at 14

======== Running the main analysis
Number of taxa: 70 (25 species)
Taxa: {22=[22_4, 22_3, 22_2, 22_1], 23=[23_2, 23_1], 24=[24_2, 24_1], 25=[25_3, 25_2, 25_1], 10=[10_3, 10_2, 10_1], 11=[11_3, 11_2, 11_1], 12=[12_3, 12_2, 12_1], 13=[13_3, 13_2, 13_1], 14=[14_3, 14_2, 14_1], 15=[15_2, 15_1], 16=[16_1, 16_2], 17=[17_3, 17_2, 17_1], 18=[18_3, 18_2, 18_1], 19=[19_2, 19_1], 1=[1_1, 1_2, 1_3], 2=[2_1, 2_2, 2_3], 3=[3_1, 3_2, 3_3], 4=[4_1, 4_2, 4_3], 5=[5_1, 5_2, 5_3], 6=[6_1, 6_2, 6_3], 7=[7_1, 7_2, 7_3], 8=[8_1, 8_2, 8_3], 9=[9_1, 9_2, 9_3], 20=[20_3, 20_2, 20_1], 21=[21_2, 21_1]}
Taxon occupancy: {16_1=17, 14_3=2, 14_2=6, 14_1=19, 12_3=2, 12_2=5, 12_1=21, 10_3=2, 10_2=7, 10_1=18, 18_3=3, 18_2=6, 18_1=16, 16_2=5, 25_3=1, 25_2=3, 25_1=16, 1_1=22, 23_2=2, 23_1=18, 1_2=8, 3_1=22, 21_2=2, 1_3=1, 21_1=18, 3_2=9, 5_1=21, 3_3=1, 5_2=4, 7_1=21, 5_3=2, 7_2=5, 9_1=20, 7_3=2, 9_2=5, 9_3=1, 15_2=3, 15_1=16, 13_3=1, 13_2=9, 13_1=20, 11_3=1, 11_2=10, 11_1=22, 19_2=3, 17_3=3, 19_1=17, 17_2=5, 17_1=16, 24_2=3, 22_4=1, 24_1=19, 22_3=1, 2_1=20, 22_2=3, 22_1=18, 20_3=3, 2_2=4, 20_2=5, 4_1=17, 2_3=1, 20_1=16, 4_2=6, 6_1=21, 4_3=1, 6_2=4, 8_1=19, 6_3=2, 8_2=6, 8_3=3}
Number of gene trees: 25
25 trees have missing taxa
Calculating quartet distance matrix (for completion of X)
Species tree distances calculated ...
Will attempt to complete bipartitions from X before adding using a distance matrix.
Building set of clusters (X) from gene trees 
In second round sampling 3 rounds will be done
------------------------------
gradient0: 187
------------------------------
gradient1: 34
------------------------------
gradient2: 56
Number of Clusters after addition by distance: 277
calculating extra bipartitions to be added at level 1 ...
Adding to X using resolutions of greedy consensus ...
Limit for sigma of degrees:675
polytomy size limit : 3
discarded polytomies:  []
Threshold 0.0:
Threshold 0.01:
Threshold 0.02:
Threshold 0.05:
Threshold 0.1:
Threshold 0.2:
Threshold 0.3333333333333333:
max k is :0
Number of Clusters after addition by greedy: 277
gradient0 in heuristiic: 277
calculating extra bipartitions to be added at level 1 ...
Adding to X using resolutions of greedy consensus ...
Limit for sigma of degrees:675
polytomy size limit : 3
discarded polytomies:  []
Threshold 0.0:
Threshold 0.01:
Threshold 0.02:
Threshold 0.05:
Threshold 0.1:
Threshold 0.2:
Threshold 0.3333333333333333:
max k is :0
Number of Clusters after addition by greedy: 277
gradient1 in heuristiic: 0
calculating extra bipartitions to be added at level 1 ...
Adding to X using resolutions of greedy consensus ...
Limit for sigma of degrees:675
polytomy size limit : 3
discarded polytomies:  [3, 3, 3, 3]
Threshold 0.0:
Threshold 0.01:
Threshold 0.02:
Threshold 0.05:
Threshold 0.1:
Threshold 0.2:
polytomy of size 3; rounds with additions with at least 5 support: 0; clusters: 277
Threshold 0.3333333333333333:
polytomy of size 3; rounds with additions with at least 5 support: 0; clusters: 277
polytomy of size 3; rounds with additions with at least 5 support: 0; clusters: 277
polytomy of size 3; rounds with additions with at least 5 support: 0; clusters: 279
max k is :0
Number of Clusters after addition by greedy: 279
gradient2 in heuristiic: 2
partitions formed in 2.774 secs
Dynamic Programming starting after 2.774 secs
Using tree-based weight calculation.
Using polytree-based weight calculation.
Polytree max score: 745083
Polytree building time: 0.008 seconds.
Number of quartet trees in the gene trees: 743912
Size of largest cluster: 70
Greedy score: 443058
estimationFactor: 1.681682759367848
Sub-optimal score: 452001
Total Number of elements weighted: 478
Normalized score (portion of input quartet trees satisfied before correcting for multiple individuals): 0.6582351138306681
Optimization score: 489669
Optimal tree inferred in 2.829 secs.
(24,(((25,15),((16,19),(23,21))),((18,(17,20)),(22,((14,8),((7,(12,(5,2))),((9,(10,4)),(6,(13,(11,(1,3)))))))))));
Final quartet score is: 511478
Final normalized quartet score is: 0.6875517534332017
You may want to ignore posterior probabilities and other statistics related to the following branch branch because the effective number of genes impacting it is only 4:
	{14}
You may want to ignore posterior probabilities and other statistics related to the following branch branch because the effective number of genes impacting it is only 5:
	{8}
You may want to ignore posterior probabilities and other statistics related to the following branch branch because the effective number of genes impacting it is only 4:
	{7}
You may want to ignore posterior probabilities and other statistics related to the following branch branch because the effective number of genes impacting it is only 4:
	{12}
You may want to ignore posterior probabilities and other statistics related to the following branch branch because the effective number of genes impacting it is only 3:
	{5}
You may want to ignore posterior probabilities and other statistics related to the following branch branch because the effective number of genes impacting it is only 3:
	{2}
You may want to ignore posterior probabilities and other statistics related to the following branch branch because the effective number of genes impacting it is only 19:
	{5, 2}
You may want to ignore posterior probabilities and other statistics related to the following branch branch because the effective number of genes impacting it is only 19:
	{12, 5, 2}
You may want to ignore posterior probabilities and other statistics related to the following branch branch because the effective number of genes impacting it is only 3:
	{9}
You may want to ignore posterior probabilities and other statistics related to the following branch branch because the effective number of genes impacting it is only 5:
	{10}
You may want to ignore posterior probabilities and other statistics related to the following branch branch because the effective number of genes impacting it is only 4:
	{4}
You may want to ignore posterior probabilities and other statistics related to the following branch branch because the effective number of genes impacting it is only 13:
	{10, 4}
You may want to ignore posterior probabilities and other statistics related to the following branch branch because the effective number of genes impacting it is only 18:
	{10, 9, 4}
You may want to ignore posterior probabilities and other statistics related to the following branch branch because the effective number of genes impacting it is only 3:
	{6}
You may want to ignore posterior probabilities and other statistics related to the following branch branch because the effective number of genes impacting it is only 6:
	{13}
You may want to ignore posterior probabilities and other statistics related to the following branch branch because the effective number of genes impacting it is only 7:
	{11}
You may want to ignore posterior probabilities and other statistics related to the following branch branch because the effective number of genes impacting it is only 5:
	{1}
You may want to ignore posterior probabilities and other statistics related to the following branch branch because the effective number of genes impacting it is only 6:
	{3}
You may want to ignore posterior probabilities and other statistics related to the following branch branch because the effective number of genes impacting it is only 19:
	{1, 3, 13, 11}
You may want to ignore posterior probabilities and other statistics related to the following branch branch because the effective number of genes impacting it is only 17:
	{12, 10, 1, 3, 5, 7, 9, 13, 11, 2, 4, 6}
You may want to ignore posterior probabilities and other statistics related to the following branch branch because the effective number of genes impacting it is only 2:
	{22}
You may want to ignore posterior probabilities and other statistics related to the following branch branch because the effective number of genes impacting it is only 5:
	{18}
You may want to ignore posterior probabilities and other statistics related to the following branch branch because the effective number of genes impacting it is only 4:
	{17}
You may want to ignore posterior probabilities and other statistics related to the following branch branch because the effective number of genes impacting it is only 4:
	{20}
You may want to ignore posterior probabilities and other statistics related to the following branch branch because the effective number of genes impacting it is only 16:
	{17, 20}
You may want to ignore posterior probabilities and other statistics related to the following branch branch because the effective number of genes impacting it is only 16:
	{18, 17, 20}
You may want to ignore posterior probabilities and other statistics related to the following branch branch because the effective number of genes impacting it is only 2:
	{25}
You may want to ignore posterior probabilities and other statistics related to the following branch branch because the effective number of genes impacting it is only 3:
	{15}
You may want to ignore posterior probabilities and other statistics related to the following branch branch because the effective number of genes impacting it is only 16:
	{25, 15}
You may want to ignore posterior probabilities and other statistics related to the following branch branch because the effective number of genes impacting it is only 5:
	{16}
You may want to ignore posterior probabilities and other statistics related to the following branch branch because the effective number of genes impacting it is only 3:
	{19}
You may want to ignore posterior probabilities and other statistics related to the following branch branch because the effective number of genes impacting it is only 16:
	{16, 19}
You may want to ignore posterior probabilities and other statistics related to the following branch branch because the effective number of genes impacting it is only 2:
	{23}
You may want to ignore posterior probabilities and other statistics related to the following branch branch because the effective number of genes impacting it is only 2:
	{21}
You may want to ignore posterior probabilities and other statistics related to the following branch branch because the effective number of genes impacting it is only 16:
	{23, 21}
You may want to ignore posterior probabilities and other statistics related to the following branch branch because the effective number of genes impacting it is only 14:
	{16, 23, 21, 19}
You may want to ignore posterior probabilities and other statistics related to the following branch branch because the effective number of genes impacting it is only 16:
	{16, 25, 23, 21, 15, 19}
You may want to ignore posterior probabilities and other statistics related to the following branch branch because the effective number of genes impacting it is only 3:
	{24}
You may want to ignore posterior probabilities and other statistics related to the following branch branch because the effective number of genes impacting it is only 16:
	{16, 25, 23, 21, 15, 19, 24}
You may want to ignore posterior probabilities and other statistics related to the following branch branch because the effective number of genes impacting it is only 10:
	{16, 18, 25, 23, 21, 15, 19, 17, 24, 20}
You may want to ignore posterior probabilities and other statistics related to the following branch branch because the effective number of genes impacting it is only 11:
	{16, 18, 25, 23, 21, 15, 19, 17, 24, 22, 20}
You may want to ignore posterior probabilities and other statistics related to the following branch branch because the effective number of genes impacting it is only 17:
	{16, 12, 10, 18, 25, 23, 1, 21, 3, 5, 7, 9, 15, 13, 11, 19, 17, 24, 22, 2, 20, 4, 6}
((14_3,14_2,14_1)0.12:0.0,((8_1,8_2,8_3)0.17:0.0,((((7_1,7_2,7_3)0.17:0.0,((12_3,12_2,12_1)0.46:0.03390155167568123,((5_1,5_2,5_3)0.19:0.0,(2_1,2_2,2_3)0.15:0.0)1:1.252994476772823)1:0.8910659341675676)0.61:0.11497808649438665,(((9_1,9_2,9_3)0.57:0.13976194237515885,((10_3,10_2,10_1)0.32:0.0,(4_1,4_2,4_3)0.16:0.0)1:1.1014283303197763)0.41:0.03292605260648804,((6_1,6_2,6_3)0.18:0.0,((13_3,13_2,13_1)0.08:0.0,((11_3,11_2,11_1)0.17:0.0,((1_1,1_2,1_3)0.09:0.0,(3_1,3_2,3_3)0.08:0.0)1:1.1239258506441545)0.32:0.0)1:1.234028573469421)0.11:0.0)1:0.9733610431324413)0.94:0.3933202181394527,((22_4,22_3,22_2,22_1)0.67:0.2876820724517809,(((18_3,18_2,18_1)0.36:0.0,((17_3,17_2,17_1)0.14:0.0,(20_3,20_2,20_1)0.14:0.0)1:1.263440688014547)1:0.9512472846342367,((((25_3,25_2,25_1)0.18:0.0,(15_2,15_1)0.14:0.0)1:1.5016397845591922,(((16_1,16_2)0.43:0.009188426054406142,(19_2,19_1)0.14:0.0)1:1.0091125380890515,((23_2,23_1)0.17:0.0,(21_2,21_1)0.17:0.0)1:1.7413807423734855)0.7:0.2187725377705779)0.43:0.09703149172692013,(24_2,24_1)0.34:0.0)0.97:0.4914075379088894)1:1.481604540924215)1:2.0794415416798353)1:0.9947020995879298));
Weight calculation took 0.027934993 secs
ASTRAL finished in 2.894 secs
