
================== ASTRAL ===================== 

This is ASTRAL version 5.6.3
Gene trees are treated as unrooted
384 trees read from g_trees-raxml-sqlen-50-ngen-100.trees.tree
All output trees will be *arbitrarily* rooted at 8

======== Running the main analysis
Number of taxa: 25 (25 species)
Taxa: [8, 14, 4, 3, 1, 11, 9, 7, 2, 5, 12, 22, 16, 24, 19, 15, 17, 20, 18, 25, 10, 6, 13, 23, 21]
Taxon occupancy: {22=250, 23=274, 24=289, 25=287, 10=262, 11=270, 12=264, 13=238, 14=250, 15=276, 16=281, 17=267, 18=252, 19=290, 1=253, 2=270, 3=254, 4=263, 5=264, 6=248, 7=278, 8=242, 9=262, 20=267, 21=270}
Number of gene trees: 384
379 trees have missing taxa
Calculating quartet distance matrix (for completion of X)
Species tree distances calculated ...
Will attempt to complete bipartitions from X before adding using a distance matrix.
Building set of clusters (X) from gene trees 
------------------------------
gradient0: 889
Number of Clusters after addition by distance: 889
calculating extra bipartitions to be added at level 1 ...
Adding to X using resolutions of greedy consensus ...
Limit for sigma of degrees:675
polytomy size limit : 4
discarded polytomies:  [4, 4]
Threshold 0.0:
Threshold 0.01:
Threshold 0.02:
Threshold 0.05:
Threshold 0.1:
Threshold 0.2:
Threshold 0.3333333333333333:
polytomy of size 4; rounds with additions with at least 5 support: 0; clusters: 889
polytomy of size 4; rounds with additions with at least 5 support: 0; clusters: 889
max k is :0
Number of Clusters after addition by greedy: 889
gradient0 in heuristiic: 889
partitions formed in 0.477 secs
Dynamic Programming starting after 0.477 secs
Using tree-based weight calculation.
Using polytree-based weight calculation.
Polytree max score: 1249831
Polytree building time: 0.045 seconds.
Number of quartet trees in the gene trees: 1249831
Size of largest cluster: 25
Greedy score: 934709
estimationFactor: 1.3371338031408706
Sub-optimal score: 949640
Total Number of elements weighted: 2659
Normalized score (portion of input quartet trees satisfied before correcting for multiple individuals): 0.7781019993903175
Optimization score: 972496
Optimal tree inferred in 1.237 secs.
(1,(3,(11,(13,((9,(6,(4,10))),((7,(12,(2,5))),((8,14),(22,((18,(17,20)),(24,((16,19),((23,21),(15,25)))))))))))));
Final quartet score is: 972496
Final normalized quartet score is: 0.7781019993903175
(8,(14,((22,((18,(17,20)1:1.221067170275135)1:0.4570357411557282,(24,((16,19)1:0.24674441388534307,((23,21)1:2.971426074417026,(15,25)1:3.251709221037825)1:0.2545011982257431)0.97:0.10965880659458471)1:0.2361129666767196)1:0.9434838058253255)1:2.8344088635998066,((7,(12,(2,5)1:0.7970585208523187)1:0.6568825113322735)1:0.4489003153537407,((9,(6,(4,10)1:0.9337730196617741)1:0.3605435135994185)0.36:0.013441673873137475,(13,(11,(3,1)1:1.7468645268671439)0.71:0.14642475668921062)1:1.4061077072900994)0.9:0.10341896584840028)1:0.4980787454360831)1:3.0786813565347373));
Weight calculation took 0.648131962 secs
ASTRAL finished in 1.399 secs
