
================== ASTRAL ===================== 

This is ASTRAL version 5.6.3
Gene trees are treated as unrooted
1197 trees read from g_trees-raxml-sqlen-100-ngen-500.trees.tree
All output trees will be *arbitrarily* rooted at 22

======== Running the main analysis
Number of taxa: 25 (25 species)
Taxa: [22, 6, 9, 10, 4, 11, 13, 3, 1, 5, 2, 7, 12, 14, 24, 25, 19, 15, 18, 16, 17, 20, 21, 23, 8]
Taxon occupancy: {22=909, 23=871, 24=916, 25=914, 10=926, 11=940, 12=905, 13=932, 14=898, 15=893, 16=900, 17=878, 18=859, 19=914, 1=939, 2=877, 3=944, 4=936, 5=862, 6=914, 7=945, 8=920, 9=936, 20=874, 21=880}
Number of gene trees: 1197
1151 trees have missing taxa
Calculating quartet distance matrix (for completion of X)
Species tree distances calculated ...
Will attempt to complete bipartitions from X before adding using a distance matrix.
Building set of clusters (X) from gene trees 
------------------------------
gradient0: 1147
Number of Clusters after addition by distance: 1147
calculating extra bipartitions to be added at level 1 ...
Adding to X using resolutions of greedy consensus ...
Limit for sigma of degrees:675
polytomy size limit : 3
discarded polytomies:  [3]
Threshold 0.0:
Threshold 0.01:
Threshold 0.02:
Threshold 0.05:
Threshold 0.1:
Threshold 0.2:
Threshold 0.3333333333333333:
polytomy of size 3; rounds with additions with at least 5 support: 0; clusters: 1147
max k is :0
Number of Clusters after addition by greedy: 1147
gradient0 in heuristiic: 1147
partitions formed in 0.792 secs
Dynamic Programming starting after 0.792 secs
Using tree-based weight calculation.
Using polytree-based weight calculation.
Polytree max score: 5873299
Polytree building time: 0.122 seconds.
Number of quartet trees in the gene trees: 5873299
Size of largest cluster: 25
Greedy score: 4593593
estimationFactor: 1.2785849769450623
Sub-optimal score: 4729438
Total Number of elements weighted: 4344
Normalized score (portion of input quartet trees satisfied before correcting for multiple individuals): 0.8376411621475426
Optimization score: 4919717
Optimal tree inferred in 3.609 secs.
(17,(20,(18,((24,((25,15),((21,23),(19,16)))),(22,((14,8),((7,(12,(5,2))),(9,((6,(10,4)),(13,(11,(3,1))))))))))));
Final quartet score is: 4919717
Final normalized quartet score is: 0.8376411621475426
(22,(((14,8)1:2.692236063327023,((7,(12,(5,2)1:1.6693969077786817)1:1.08360739711696)1:0.34084613875315134,(9,((6,(10,4)1:1.2431002196433787)1:0.3149870604312774,(13,(11,(3,1)1:1.9381001012931394)1:0.12276308474271218)1:2.0619175879791722)0.98:0.06363177042097772)1:0.47981375281591804)1:0.5035499846659596)1:4.115989910306067,((24,((25,15)1:3.029439161339269,((21,23)1:2.6579057976551974,(19,16)1:1.2316966278573878)1:0.1844689725923039)1:0.1646670315819454)1:0.4061636373540915,(18,(20,17)1:1.477286730441621)1:1.1573973047290151)1:1.228316918413948));
Weight calculation took 2.59648872 secs
ASTRAL finished in 4.126 secs
