
================== ASTRAL ===================== 

This is ASTRAL version 5.6.3
Gene trees are treated as unrooted
46 trees read from g_trees-raxml-sqlen-25-ngen-25.trees.tree
All output trees will be *arbitrarily* rooted at 14

======== Running the main analysis
Number of taxa: 25 (25 species)
Taxa: [14, 8, 7, 11, 13, 3, 10, 6, 1, 4, 16, 15, 24, 22, 17, 20, 18, 25, 2, 5, 9, 12, 23, 21, 19]
Taxon occupancy: {22=30, 23=31, 24=30, 25=30, 10=29, 11=34, 12=39, 13=35, 14=39, 15=31, 16=33, 17=23, 18=25, 19=28, 1=39, 2=32, 3=40, 4=36, 5=33, 6=32, 7=33, 8=39, 9=30, 20=22, 21=30}
Number of gene trees: 46
46 trees have missing taxa
Calculating quartet distance matrix (for completion of X)
Species tree distances calculated ...
Will attempt to complete bipartitions from X before adding using a distance matrix.
Building set of clusters (X) from gene trees 
------------------------------
gradient0: 469
Number of Clusters after addition by distance: 469
calculating extra bipartitions to be added at level 1 ...
Adding to X using resolutions of greedy consensus ...
Limit for sigma of degrees:675
polytomy size limit : 6
discarded polytomies:  [3, 3, 4, 5, 6]
Threshold 0.0:
Threshold 0.01:
Threshold 0.02:
Threshold 0.05:
Threshold 0.1:
polytomy of size 3; rounds with additions with at least 5 support: 0; clusters: 471
Threshold 0.2:
polytomy of size 3; rounds with additions with at least 5 support: 0; clusters: 473
polytomy of size 5; rounds with additions with at least 5 support: 0; clusters: 481
Threshold 0.3333333333333333:
polytomy of size 4; rounds with additions with at least 5 support: 0; clusters: 481
polytomy of size 6; rounds with additions with at least 5 support: 0; clusters: 481
max k is :0
Number of Clusters after addition by greedy: 481
gradient0 in heuristiic: 481
partitions formed in 0.224 secs
Dynamic Programming starting after 0.224 secs
Using tree-based weight calculation.
Using polytree-based weight calculation.
Polytree max score: 161976
Polytree building time: 0.013 seconds.
Number of quartet trees in the gene trees: 161976
Size of largest cluster: 25
Greedy score: 111384
estimationFactor: 1.4542124542124542
Sub-optimal score: 111783
Total Number of elements weighted: 831
Normalized score (portion of input quartet trees satisfied before correcting for multiple individuals): 0.712074628340001
Optimization score: 115339
Optimal tree inferred in 0.327 secs.
(13,((11,(3,1)),(6,((10,4),((7,9),(((14,8),(12,(2,5))),(22,((23,21),(24,((18,(17,20)),((15,25),(16,19))))))))))));
Final quartet score is: 115339
Final normalized quartet score is: 0.712074628340001
You may want to ignore posterior probabilities and other statistics related to the following branch branch because the effective number of genes impacting it is only 19:
	{17, 20}
(14,(8,((12,(2,5)1:0.8421358072326701)0.99:0.42612347567666353,((22,((23,21)1:1.9283117586703542,(24,((18,(17,20)1:1.4916548767777167)1:1.1886841118108453,((15,25)1:1.0522259718100724,(16,19)0.97:0.4146325259798828)0.86:0.23579325047734384)0.74:0.1653088939349943)0.96:0.34223807793197736)0.8:0.20763936477824438)1:0.9144609051970787,((7,9)0.82:0.2060816346554704,((10,4)0.79:0.18899125621112972,(6,((11,(3,1)1:0.8518008609015825)0.69:0.13017568477755043,13)1:0.48466937194420334)0.42:0.06800217264601874)0.75:0.14888315764489352)0.98:0.3379334938744137)0.12:0.0)1:2.2284486409542414));
Weight calculation took 0.0548292 secs
ASTRAL finished in 0.414 secs
