
================== ASTRAL ===================== 

This is ASTRAL version 5.6.3
Gene trees are treated as unrooted
1017 trees read from g_trees-raxml-sqlen-0-ngen-500.trees.tree
All output trees will be *arbitrarily* rooted at 22

======== Running the main analysis
Number of taxa: 25 (25 species)
Taxa: [22, 7, 12, 2, 5, 3, 1, 11, 13, 9, 6, 4, 10, 14, 8, 17, 20, 18, 25, 15, 23, 21, 19, 16, 24]
Taxon occupancy: {22=858, 23=798, 24=852, 25=837, 10=853, 11=850, 12=867, 13=846, 14=830, 15=831, 16=833, 17=822, 18=807, 19=838, 1=848, 2=831, 3=852, 4=846, 5=826, 6=838, 7=887, 8=823, 9=876, 20=820, 21=804}
Number of gene trees: 1017
930 trees have missing taxa
Calculating quartet distance matrix (for completion of X)
Species tree distances calculated ...
Will attempt to complete bipartitions from X before adding using a distance matrix.
Building set of clusters (X) from gene trees 
------------------------------
gradient0: 251
Number of Clusters after addition by distance: 251
calculating extra bipartitions to be added at level 1 ...
Adding to X using resolutions of greedy consensus ...
Limit for sigma of degrees:675
polytomy size limit : 3
discarded polytomies:  []
Threshold 0.0:
Threshold 0.01:
Threshold 0.02:
Threshold 0.05:
Threshold 0.1:
Threshold 0.2:
Threshold 0.3333333333333333:
max k is :0
Number of Clusters after addition by greedy: 251
gradient0 in heuristiic: 251
partitions formed in 0.474 secs
Dynamic Programming starting after 0.474 secs
Using tree-based weight calculation.
Using polytree-based weight calculation.
Polytree max score: 6611659
Polytree building time: 0.106 seconds.
Number of quartet trees in the gene trees: 6611659
Size of largest cluster: 25
Greedy score: 6385953
estimationFactor: 1.0353441373589816
Sub-optimal score: 6385953
Total Number of elements weighted: 267
Normalized score (portion of input quartet trees satisfied before correcting for multiple individuals): 0.9658624257542623
Optimization score: 6385953
Optimal tree inferred in 0.858 secs.
(5,(2,(12,(7,(((13,(11,(3,1))),(9,(6,(4,10)))),((14,8),(22,((18,(17,20)),(24,((25,15),((19,16),(23,21))))))))))));
Final quartet score is: 6385953
Final normalized quartet score is: 0.9658624257542623
(22,(((18,(17,20)1:4.024028063804639)1:4.836281906951467,(24,((25,15)1:6.2928029460072805,((19,16)1:4.402500138655997,(23,21)1:6.234410725718375)1:0.8453201274433293)1:0.41894261989878245)1:1.7013754077597834)1:6.201185078090061,((14,8)1:6.21727121584169,(((13,(11,(3,1)1:3.5075989095150835)1:0.310095667288681)1:6.30991827822651,(9,(6,(4,10)1:4.514515817719961)1:1.1476502440105423)1:0.36754809231454905)1:3.20903737586791,(7,(12,(2,5)1:3.8931799176266657)1:5.486179103717589)1:1.8587580162064883)1:4.4556384520171335)1:6.107765002804146));
Weight calculation took 0.219799158 secs
ASTRAL finished in 1.36 secs
