
================== ASTRAL ===================== 

This is ASTRAL version 5.6.3
Gene trees are treated as unrooted
99 trees read from g_trees-raxml-sqlen-0-ngen-50.trees.tree
All output trees will be *arbitrarily* rooted at 22

======== Running the main analysis
Number of taxa: 25 (25 species)
Taxa: [22, 7, 12, 2, 5, 3, 1, 11, 13, 9, 6, 4, 10, 14, 8, 17, 20, 18, 25, 15, 23, 21, 19, 16, 24]
Taxon occupancy: {22=79, 23=77, 24=82, 25=79, 10=86, 11=90, 12=94, 13=91, 14=93, 15=73, 16=71, 17=74, 18=72, 19=76, 1=88, 2=85, 3=89, 4=79, 5=86, 6=82, 7=82, 8=87, 9=85, 20=74, 21=77}
Number of gene trees: 99
94 trees have missing taxa
Calculating quartet distance matrix (for completion of X)
Species tree distances calculated ...
Will attempt to complete bipartitions from X before adding using a distance matrix.
Building set of clusters (X) from gene trees 
------------------------------
gradient0: 167
Number of Clusters after addition by distance: 167
calculating extra bipartitions to be added at level 1 ...
Adding to X using resolutions of greedy consensus ...
Limit for sigma of degrees:675
polytomy size limit : 3
discarded polytomies:  []
Threshold 0.0:
Threshold 0.01:
Threshold 0.02:
Threshold 0.05:
Threshold 0.1:
Threshold 0.2:
Threshold 0.3333333333333333:
max k is :0
Number of Clusters after addition by greedy: 167
gradient0 in heuristiic: 167
partitions formed in 0.159 secs
Dynamic Programming starting after 0.159 secs
Using tree-based weight calculation.
Using polytree-based weight calculation.
Polytree max score: 654519
Polytree building time: 0.017 seconds.
Number of quartet trees in the gene trees: 654519
Size of largest cluster: 25
Greedy score: 632566
estimationFactor: 1.0347046790374443
Sub-optimal score: 632566
Total Number of elements weighted: 167
Normalized score (portion of input quartet trees satisfied before correcting for multiple individuals): 0.9664593388427227
Optimization score: 632566
Optimal tree inferred in 0.248 secs.
(23,(21,((19,16),((25,15),(24,((18,(17,20)),(22,((14,8),((7,(12,(2,5))),((13,(11,(3,1))),(9,(6,(4,10)))))))))))));
Final quartet score is: 632566
Final normalized quartet score is: 0.9664593388427227
(22,(((14,8)1:4.01337549968843,((7,(12,(2,5)1:4.001254139156088)1:3.8985999850960074)1:1.4790760945708565,((13,(11,(3,1)1:2.439444275711243)1:0.38532054201569677)1:4.083171261623973,(9,(6,(4,10)1:3.721669276936928)1:0.8126923312097278)1:0.5978370007556204)1:3.1780538303479453)1:4.060443010546421)1:3.8712010109078947,((18,(17,20)1:3.784189633918262)1:3.721669276936928,(24,((25,15)1:3.8985999850960074,((19,16)1:3.0602707946915624,(21,23)1:3.8712010109078947)1:1.043040277427154)1:0.32690278560506253)1:1.440361582390166)1:3.737669618283365));
Weight calculation took 0.030231548 secs
ASTRAL finished in 1.72 secs
