
================== ASTRAL ===================== 

This is ASTRAL version 5.6.3
Gene trees are treated as unrooted
25 trees read from g_trees-raxml-sqlen-0-ngen-25-s2g.trees
All output trees will be *arbitrarily* rooted at 14

======== Running the main analysis
Number of taxa: 123 (25 species)
Taxa: {22=[22_3, 22_2, 22_1], 23=[23_5, 23_4, 23_3, 23_2, 23_1], 24=[24_4, 24_3, 24_2, 24_1, 24_5], 25=[25_3, 25_2, 25_1, 25_4], 10=[10_5, 10_4, 10_3, 10_2, 10_1], 11=[11_4, 11_3, 11_2, 11_1], 12=[12_4, 12_3, 12_2, 12_1], 13=[13_4, 13_3, 13_2, 13_1], 14=[14_3, 14_2, 14_1, 14_5, 14_4], 15=[15_2, 15_1, 15_9, 15_8, 15_7, 15_6, 15_5, 15_4, 15_3], 16=[16_1, 16_5, 16_4, 16_3, 16_2], 17=[17_4, 17_3, 17_2, 17_1], 18=[18_6, 18_5, 18_4, 18_3, 18_2, 18_1], 19=[19_6, 19_5, 19_4, 19_3, 19_2, 19_1], 1=[1_1, 1_2, 1_3, 1_4, 1_5], 2=[2_1, 2_2, 2_3, 2_4], 3=[3_1, 3_2, 3_3, 3_4, 3_5, 3_6], 4=[4_1, 4_2, 4_3, 4_4, 4_5], 5=[5_1, 5_2, 5_3, 5_4], 6=[6_1, 6_2, 6_3, 6_4, 6_5, 6_6], 7=[7_1, 7_2, 7_3, 7_4, 7_5], 8=[8_1, 8_2, 8_3, 8_4, 8_5, 8_6], 9=[9_1, 9_2, 9_3, 9_4, 9_5], 20=[20_4, 20_3, 20_2, 20_1], 21=[21_4, 21_3, 21_2, 21_1]}
Taxon occupancy: {14_3=6, 14_2=8, 14_1=15, 10_5=1, 10_4=3, 10_3=4, 10_2=7, 10_1=12, 18_6=2, 18_5=3, 18_4=4, 18_3=5, 18_2=9, 18_1=15, 14_5=2, 14_4=5, 25_3=3, 25_2=7, 25_1=16, 21_4=1, 21_3=4, 21_2=9, 3_1=15, 21_1=16, 3_2=9, 3_3=5, 3_4=2, 7_1=12, 3_5=1, 7_2=6, 3_6=1, 7_3=5, 7_4=2, 7_5=1, 25_4=2, 13_4=4, 13_3=6, 13_2=7, 13_1=14, 17_4=3, 17_3=4, 17_2=7, 17_1=11, 24_4=1, 24_3=6, 24_2=10, 24_1=16, 20_4=3, 2_1=13, 20_3=4, 2_2=7, 20_2=6, 2_3=4, 20_1=12, 2_4=3, 6_1=13, 6_2=7, 6_3=5, 6_4=2, 6_5=1, 6_6=1, 24_5=1, 16_1=12, 12_4=2, 12_3=4, 12_2=7, 12_1=15, 16_5=2, 16_4=2, 16_3=2, 16_2=7, 23_5=1, 23_4=4, 23_3=5, 1_1=17, 23_2=7, 1_2=9, 23_1=15, 1_3=5, 1_4=2, 5_1=18, 1_5=1, 5_2=10, 5_3=7, 5_4=3, 9_1=15, 9_2=8, 9_3=3, 9_4=1, 9_5=1, 15_2=8, 15_1=10, 11_4=2, 11_3=5, 11_2=7, 11_1=13, 19_6=1, 19_5=2, 15_9=1, 19_4=2, 15_8=1, 19_3=4, 15_7=1, 19_2=7, 15_6=2, 19_1=12, 15_5=2, 15_4=3, 15_3=4, 22_3=2, 22_2=7, 22_1=14, 4_1=15, 4_2=10, 4_3=5, 4_4=4, 8_1=18, 4_5=1, 8_2=11, 8_3=4, 8_4=3, 8_5=1, 8_6=1}
Number of gene trees: 25
25 trees have missing taxa
Calculating quartet distance matrix (for completion of X)
Species tree distances calculated ...
Will attempt to complete bipartitions from X before adding using a distance matrix.
Building set of clusters (X) from gene trees 
In second round sampling 4 rounds will be done
------------------------------
gradient0: 315
------------------------------
gradient1: 86
------------------------------
gradient2: 88
------------------------------
gradient3: 40
Number of Clusters after addition by distance: 529
calculating extra bipartitions to be added at level 1 ...
Adding to X using resolutions of greedy consensus ...
Limit for sigma of degrees:675
polytomy size limit : 7
discarded polytomies:  [3, 3, 4, 4, 7]
Threshold 0.0:
Threshold 0.01:
Threshold 0.02:
Threshold 0.05:
Threshold 0.1:
polytomy of size 4; rounds with additions with at least 5 support: 0; clusters: 529
polytomy of size 3; rounds with additions with at least 5 support: 0; clusters: 529
Threshold 0.2:
polytomy of size 4; rounds with additions with at least 5 support: 0; clusters: 529
polytomy of size 3; rounds with additions with at least 5 support: 0; clusters: 529
Threshold 0.3333333333333333:
polytomy of size 7; rounds with additions with at least 5 support: 1; clusters: 531
max k is :2
Number of Clusters after addition by greedy: 531
gradient0 in heuristiic: 531
calculating extra bipartitions to be added at level 1 ...
Adding to X using resolutions of greedy consensus ...
Limit for sigma of degrees:675
polytomy size limit : 6
discarded polytomies:  [3, 6]
Threshold 0.0:
Threshold 0.01:
Threshold 0.02:
Threshold 0.05:
Threshold 0.1:
Threshold 0.2:
polytomy of size 3; rounds with additions with at least 5 support: 0; clusters: 531
Threshold 0.3333333333333333:
polytomy of size 6; rounds with additions with at least 5 support: 0; clusters: 531
max k is :0
Number of Clusters after addition by greedy: 531
gradient1 in heuristiic: 0
calculating extra bipartitions to be added at level 1 ...
Adding to X using resolutions of greedy consensus ...
Limit for sigma of degrees:675
polytomy size limit : 6
discarded polytomies:  [3, 3, 6]
Threshold 0.0:
Threshold 0.01:
Threshold 0.02:
Threshold 0.05:
Threshold 0.1:
polytomy of size 3; rounds with additions with at least 5 support: 0; clusters: 531
Threshold 0.2:
polytomy of size 3; rounds with additions with at least 5 support: 0; clusters: 531
Threshold 0.3333333333333333:
polytomy of size 6; rounds with additions with at least 5 support: 0; clusters: 531
max k is :0
Number of Clusters after addition by greedy: 531
gradient2 in heuristiic: 0
calculating extra bipartitions to be added at level 1 ...
Adding to X using resolutions of greedy consensus ...
Limit for sigma of degrees:675
polytomy size limit : 5
discarded polytomies:  [3, 4, 5]
Threshold 0.0:
Threshold 0.01:
Threshold 0.02:
Threshold 0.05:
Threshold 0.1:
polytomy of size 3; rounds with additions with at least 5 support: 0; clusters: 531
Threshold 0.2:
polytomy of size 4; rounds with additions with at least 5 support: 1; clusters: 535
Threshold 0.3333333333333333:
polytomy of size 5; rounds with additions with at least 5 support: 0; clusters: 535
max k is :2
Number of Clusters after addition by greedy: 535
gradient3 in heuristiic: 4
partitions formed in 4.174 secs
Dynamic Programming starting after 4.174 secs
Using tree-based weight calculation.
Using polytree-based weight calculation.
Polytree max score: 2216594
Polytree building time: 0.015 seconds.
Number of quartet trees in the gene trees: 2194252
Size of largest cluster: 123
Greedy score: 1115542
estimationFactor: 1.987009907735474
Sub-optimal score: 1183848
Total Number of elements weighted: 1158
Normalized score (portion of input quartet trees satisfied before correcting for multiple individuals): 0.5594081718963911
Optimization score: 1227482
Optimal tree inferred in 4.337 secs.
(22,(((14,24),(25,(13,23))),((18,(15,(17,(7,11)))),(((1,5),(2,(3,4))),((12,8),((9,(6,19)),(21,(16,(10,20)))))))));
Final quartet score is: 1381612
Final normalized quartet score is: 0.6296505597351626
You may want to ignore posterior probabilities and other statistics related to the following branch branch because the effective number of genes impacting it is only 5:
	{14}
You may want to ignore posterior probabilities and other statistics related to the following branch branch because the effective number of genes impacting it is only 5:
	{24}
You may want to ignore posterior probabilities and other statistics related to the following branch branch because the effective number of genes impacting it is only 4:
	{25}
You may want to ignore posterior probabilities and other statistics related to the following branch branch because the effective number of genes impacting it is only 6:
	{13}
You may want to ignore posterior probabilities and other statistics related to the following branch branch because the effective number of genes impacting it is only 4:
	{23}
You may want to ignore posterior probabilities and other statistics related to the following branch branch because the effective number of genes impacting it is only 13:
	{13, 23}
You may want to ignore posterior probabilities and other statistics related to the following branch branch because the effective number of genes impacting it is only 16:
	{25, 13, 23}
You may want to ignore posterior probabilities and other statistics related to the following branch branch because the effective number of genes impacting it is only 5:
	{18}
You may want to ignore posterior probabilities and other statistics related to the following branch branch because the effective number of genes impacting it is only 3:
	{15}
You may want to ignore posterior probabilities and other statistics related to the following branch branch because the effective number of genes impacting it is only 5:
	{17}
You may want to ignore posterior probabilities and other statistics related to the following branch branch because the effective number of genes impacting it is only 4:
	{7}
You may want to ignore posterior probabilities and other statistics related to the following branch branch because the effective number of genes impacting it is only 5:
	{11}
You may want to ignore posterior probabilities and other statistics related to the following branch branch because the effective number of genes impacting it is only 10:
	{7, 11}
You may want to ignore posterior probabilities and other statistics related to the following branch branch because the effective number of genes impacting it is only 8:
	{7, 17, 11}
You may want to ignore posterior probabilities and other statistics related to the following branch branch because the effective number of genes impacting it is only 8:
	{7, 17, 15, 11}
You may want to ignore posterior probabilities and other statistics related to the following branch branch because the effective number of genes impacting it is only 12:
	{18, 7, 17, 15, 11}
You may want to ignore posterior probabilities and other statistics related to the following branch branch because the effective number of genes impacting it is only 5:
	{1}
You may want to ignore posterior probabilities and other statistics related to the following branch branch because the effective number of genes impacting it is only 7:
	{5}
You may want to ignore posterior probabilities and other statistics related to the following branch branch because the effective number of genes impacting it is only 9:
	{1, 5}
You may want to ignore posterior probabilities and other statistics related to the following branch branch because the effective number of genes impacting it is only 5:
	{2}
You may want to ignore posterior probabilities and other statistics related to the following branch branch because the effective number of genes impacting it is only 4:
	{3}
You may want to ignore posterior probabilities and other statistics related to the following branch branch because the effective number of genes impacting it is only 6:
	{4}
You may want to ignore posterior probabilities and other statistics related to the following branch branch because the effective number of genes impacting it is only 13:
	{3, 4}
You may want to ignore posterior probabilities and other statistics related to the following branch branch because the effective number of genes impacting it is only 10:
	{3, 2, 4}
You may want to ignore posterior probabilities and other statistics related to the following branch branch because the effective number of genes impacting it is only 9:
	{3, 2, 1, 5, 4}
You may want to ignore posterior probabilities and other statistics related to the following branch branch because the effective number of genes impacting it is only 4:
	{12}
You may want to ignore posterior probabilities and other statistics related to the following branch branch because the effective number of genes impacting it is only 4:
	{8}
You may want to ignore posterior probabilities and other statistics related to the following branch branch because the effective number of genes impacting it is only 10:
	{12, 8}
You may want to ignore posterior probabilities and other statistics related to the following branch branch because the effective number of genes impacting it is only 3:
	{9}
You may want to ignore posterior probabilities and other statistics related to the following branch branch because the effective number of genes impacting it is only 3:
	{6}
You may want to ignore posterior probabilities and other statistics related to the following branch branch because the effective number of genes impacting it is only 3:
	{19}
You may want to ignore posterior probabilities and other statistics related to the following branch branch because the effective number of genes impacting it is only 12:
	{6, 19}
You may want to ignore posterior probabilities and other statistics related to the following branch branch because the effective number of genes impacting it is only 9:
	{6, 9, 19}
You may want to ignore posterior probabilities and other statistics related to the following branch branch because the effective number of genes impacting it is only 4:
	{21}
You may want to ignore posterior probabilities and other statistics related to the following branch branch because the effective number of genes impacting it is only 4:
	{16}
You may want to ignore posterior probabilities and other statistics related to the following branch branch because the effective number of genes impacting it is only 4:
	{10}
You may want to ignore posterior probabilities and other statistics related to the following branch branch because the effective number of genes impacting it is only 4:
	{20}
You may want to ignore posterior probabilities and other statistics related to the following branch branch because the effective number of genes impacting it is only 12:
	{10, 20}
You may want to ignore posterior probabilities and other statistics related to the following branch branch because the effective number of genes impacting it is only 12:
	{10, 20, 16}
You may want to ignore posterior probabilities and other statistics related to the following branch branch because the effective number of genes impacting it is only 7:
	{10, 21, 20, 16}
You may want to ignore posterior probabilities and other statistics related to the following branch branch because the effective number of genes impacting it is only 8:
	{10, 21, 20, 6, 16, 9, 19}
You may want to ignore posterior probabilities and other statistics related to the following branch branch because the effective number of genes impacting it is only 8:
	{10, 21, 20, 6, 16, 12, 9, 19, 8}
You may want to ignore posterior probabilities and other statistics related to the following branch branch because the effective number of genes impacting it is only 15:
	{10, 21, 3, 20, 2, 6, 16, 12, 1, 5, 9, 19, 4, 8}
You may want to ignore posterior probabilities and other statistics related to the following branch branch because the effective number of genes impacting it is only 13:
	{10, 18, 21, 3, 7, 17, 20, 2, 6, 16, 12, 1, 5, 9, 15, 11, 19, 4, 8}
You may want to ignore posterior probabilities and other statistics related to the following branch branch because the effective number of genes impacting it is only 4:
	{22}
You may want to ignore posterior probabilities and other statistics related to the following branch branch because the effective number of genes impacting it is only 12:
	{10, 18, 21, 3, 7, 17, 20, 2, 6, 16, 12, 1, 5, 9, 15, 11, 19, 22, 4, 8}
You may want to ignore posterior probabilities and other statistics related to the following branch branch because the effective number of genes impacting it is only 14:
	{10, 18, 25, 21, 3, 7, 13, 17, 20, 2, 6, 16, 12, 23, 1, 5, 9, 15, 11, 19, 22, 4, 8}
((14_3,14_2,14_1,14_5,14_4)0.39:0.0,((24_4,24_3,24_2,24_1,24_5)0.51:0.08278696509753088,(((25_3,25_2,25_1,25_4)0.29:0.0,((13_4,13_3,13_2,13_1)0.26:0.0,(23_5,23_4,23_3,23_2,23_1)0.31:0.0)0.99:0.7132318955910993)1:1.0990430306574994,((((18_6,18_5,18_4,18_3,18_2,18_1)0.55:0.12388875648733313,((15_2,15_1,15_9,15_8,15_7,15_6,15_5,15_4,15_3)0.38:0.0,((17_4,17_3,17_2,17_1)0.22:0.0,((7_1,7_2,7_3,7_4,7_5)0.18:0.0,(11_4,11_3,11_2,11_1)0.14:0.0)0.96:0.5825788841210958)0.93:0.5354257039584253)0.93:0.540365685792866)1:0.9471461217606122,((((1_1,1_2,1_3,1_4,1_5)0.34:0.0,(5_1,5_2,5_3,5_4)0.54:0.10536051565782616)1:1.8971199848858815,((2_1,2_2,2_3,2_4)0.23:0.0,((3_1,3_2,3_3,3_4,3_5,3_6)0.16:0.0,(4_1,4_2,4_3,4_4,4_5)0.19:0.0)0.99:0.6742786962555628)1:1.9924301646902058)1:1.8971199848858815,(((12_4,12_3,12_2,12_1)0.57:0.13743510610499599,(8_1,8_2,8_3,8_4,8_5,8_6)0.55:0.1234810567710214)0.99:0.8165699299929713,(((9_1,9_2,9_3,9_4,9_5)0.16:0.0,((6_1,6_2,6_3,6_4,6_5,6_6)0.24:0.0,(19_6,19_5,19_4,19_3,19_2,19_1)0.27:0.0)0.95:0.4858908548180615)0.98:0.7503401970746841,((21_4,21_3,21_2,21_1)0.6:0.17197449702940296,((16_1,16_5,16_4,16_3,16_2)0.19:0.0,((10_5,10_4,10_3,10_2,10_1)0.18:0.0,(20_4,20_3,20_2,20_1)0.17:0.0)0.97:0.5708790718637808)1:0.8488282750508417)0.97:0.7571256344748116)1:1.2290179075869658)0.86:0.4065238694564064)1:1.4716836777376527)1:0.9086794246938272,(22_3,22_2,22_1)0.54:0.11234954767544389)1:0.9148729041867801)0.99:0.6507544028219908));
Weight calculation took 0.20637668 secs
ASTRAL finished in 4.539 secs
