
================== ASTRAL ===================== 

This is ASTRAL version 5.6.3
Gene trees are treated as unrooted
249 trees read from g_trees-raxml-sqlen-50-ngen-50.trees.tree
All output trees will be *arbitrarily* rooted at 3

======== Running the main analysis
Number of taxa: 25 (25 species)
Taxa: [3, 4, 2, 5, 8, 12, 1, 20, 10, 16, 21, 6, 19, 9, 18, 22, 13, 25, 23, 14, 24, 7, 11, 17, 15]
Taxon occupancy: {22=125, 23=189, 24=209, 25=203, 10=198, 11=166, 12=155, 13=179, 14=153, 15=110, 16=198, 17=195, 18=173, 19=153, 1=138, 2=173, 3=168, 4=139, 5=117, 6=172, 7=156, 8=161, 9=203, 20=203, 21=121}
Number of gene trees: 249
249 trees have missing taxa
Calculating quartet distance matrix (for completion of X)
Species tree distances calculated ...
Will attempt to complete bipartitions from X before adding using a distance matrix.
Building set of clusters (X) from gene trees 
------------------------------
gradient0: 313
Number of Clusters after addition by distance: 313
calculating extra bipartitions to be added at level 1 ...
Adding to X using resolutions of greedy consensus ...
Limit for sigma of degrees:675
polytomy size limit : 3
discarded polytomies:  [3]
Threshold 0.0:
Threshold 0.01:
Threshold 0.02:
Threshold 0.05:
Threshold 0.1:
Threshold 0.2:
Threshold 0.3333333333333333:
polytomy of size 3; rounds with additions with at least 5 support: 0; clusters: 313
max k is :0
Number of Clusters after addition by greedy: 313
gradient0 in heuristiic: 313
partitions formed in 0.283 secs
Dynamic Programming starting after 0.283 secs
Using tree-based weight calculation.
Using polytree-based weight calculation.
Polytree max score: 683851
Polytree building time: 0.024 seconds.
Number of quartet trees in the gene trees: 683851
Size of largest cluster: 25
Greedy score: 558426
estimationFactor: 1.224604513400164
Sub-optimal score: 573369
Total Number of elements weighted: 462
Normalized score (portion of input quartet trees satisfied before correcting for multiple individuals): 0.8484114229561702
Optimization score: 580187
Optimal tree inferred in 0.473 secs.
(24,(14,((25,(13,23)),(22,((18,(15,(17,(7,11)))),((2,(3,4)),((5,1),((8,12),((9,(6,19)),(21,(16,(20,10))))))))))));
Final quartet score is: 580187
Final normalized quartet score is: 0.8484114229561702
(3,(4,(2,(((5,1)1:3.7534179752515073,((8,12)1:4.529008825022534,((9,(6,19)1:0.6242997741979867)1:0.5903631844741439,(21,(16,(20,10)1:0.25574150658004546)1:0.5684551110074412)1:0.6587607058181878)1:0.30840820296889776)0.74:0.21868920096482944)1:1.592146415324032,((18,(15,(17,(7,11)1:2.625358485257097)1:2.8587274452272995)1:0.5140989491109597)1:1.2330902028966633,(22,((25,(13,23)1:0.8155655635206979)1:2.5527292461267623,(14,24)1:1.4120153560393733)1:1.906598728840427)1:0.46035180004627685)1:0.32287525637641207)1:3.1636838900649953)1:3.688879454113933));
Weight calculation took 0.115030166 secs
ASTRAL finished in 1.308 secs
