
================== ASTRAL ===================== 

This is ASTRAL version 5.6.3
Gene trees are treated as unrooted
484 trees read from g_trees-raxml-sqlen-50-ngen-100.trees.tree
All output trees will be *arbitrarily* rooted at 3

======== Running the main analysis
Number of taxa: 25 (25 species)
Taxa: [3, 4, 2, 5, 8, 12, 1, 20, 10, 16, 21, 6, 19, 9, 18, 22, 13, 25, 23, 14, 24, 7, 11, 17, 15]
Taxon occupancy: {22=312, 23=351, 24=368, 25=361, 10=329, 11=275, 12=311, 13=349, 14=318, 15=305, 16=336, 17=289, 18=300, 19=306, 1=243, 2=287, 3=272, 4=259, 5=267, 6=328, 7=257, 8=376, 9=358, 20=326, 21=252}
Number of gene trees: 484
484 trees have missing taxa
Calculating quartet distance matrix (for completion of X)
Species tree distances calculated ...
Will attempt to complete bipartitions from X before adding using a distance matrix.
Building set of clusters (X) from gene trees 
------------------------------
gradient0: 475
Number of Clusters after addition by distance: 475
calculating extra bipartitions to be added at level 1 ...
Adding to X using resolutions of greedy consensus ...
Limit for sigma of degrees:675
polytomy size limit : 3
discarded polytomies:  []
Threshold 0.0:
Threshold 0.01:
Threshold 0.02:
Threshold 0.05:
Threshold 0.1:
Threshold 0.2:
Threshold 0.3333333333333333:
max k is :0
Number of Clusters after addition by greedy: 475
gradient0 in heuristiic: 475
partitions formed in 0.324 secs
Dynamic Programming starting after 0.324 secs
Using tree-based weight calculation.
Using polytree-based weight calculation.
Polytree max score: 1068316
Polytree building time: 0.046 seconds.
Number of quartet trees in the gene trees: 1068316
Size of largest cluster: 25
Greedy score: 867513
estimationFactor: 1.2314697301366089
Sub-optimal score: 890184
Total Number of elements weighted: 821
Normalized score (portion of input quartet trees satisfied before correcting for multiple individuals): 0.8508315891552687
Optimization score: 908957
Optimal tree inferred in 0.703 secs.
(24,(14,((25,(13,23)),(22,((18,(15,(17,(7,11)))),((2,(3,4)),((5,1),((8,12),((9,(6,19)),(21,(16,(20,10))))))))))));
Final quartet score is: 908957
Final normalized quartet score is: 0.8508315891552687
(3,(4,(2,(((5,1)1:3.614771481960212,((8,12)1:1.776525607420946,((9,(6,19)1:0.20027759463183248)1:0.6729788380940591,(21,(16,(20,10)1:0.3754837882912687)1:0.8844004724101153)1:0.8168656446720528)1:0.760044322131816)1:0.6623513763438185)0.66:0.19549296748023134,((18,(15,(17,(7,11)1:2.1513375099046694)1:2.404802794004728)0.95:0.2716161911135155)1:0.300394301805716,(22,((25,(13,23)1:1.1928007126028932)1:1.9932624407066626,(14,24)1:1.805961934909102)1:1.9124427193747289)1:0.21543240183503523)1:0.7128243523669978)1:3.274016932619368)1:1.3129630880343408));
Weight calculation took 0.285734296 secs
ASTRAL finished in 1.057 secs
