
================== ASTRAL ===================== 

This is ASTRAL version 5.6.3
Gene trees are treated as unrooted
96 trees read from g_trees-raxml-sqlen-0-ngen-25.trees.tree
All output trees will be *arbitrarily* rooted at 20

======== Running the main analysis
Number of taxa: 25 (25 species)
Taxa: [20, 10, 16, 21, 9, 19, 6, 8, 12, 2, 4, 3, 1, 5, 14, 24, 25, 13, 23, 22, 7, 11, 17, 15, 18]
Taxon occupancy: {22=47, 23=81, 24=94, 25=79, 10=61, 11=71, 12=57, 13=91, 14=91, 15=42, 16=61, 17=51, 18=78, 19=41, 1=51, 2=77, 3=85, 4=85, 5=59, 6=53, 7=59, 8=50, 9=59, 20=49, 21=62}
Number of gene trees: 96
96 trees have missing taxa
Calculating quartet distance matrix (for completion of X)
Species tree distances calculated ...
Will attempt to complete bipartitions from X before adding using a distance matrix.
Building set of clusters (X) from gene trees 
------------------------------
gradient0: 95
Number of Clusters after addition by distance: 95
calculating extra bipartitions to be added at level 1 ...
Adding to X using resolutions of greedy consensus ...
Limit for sigma of degrees:675
polytomy size limit : 3
discarded polytomies:  []
Threshold 0.0:
Threshold 0.01:
Threshold 0.02:
Threshold 0.05:
Threshold 0.1:
Threshold 0.2:
Threshold 0.3333333333333333:
max k is :0
Number of Clusters after addition by greedy: 95
gradient0 in heuristiic: 95
partitions formed in 0.143 secs
Dynamic Programming starting after 0.144 secs
Using tree-based weight calculation.
Using polytree-based weight calculation.
Polytree max score: 325139
Polytree building time: 0.015 seconds.
Number of quartet trees in the gene trees: 325139
Size of largest cluster: 25
Greedy score: 325139
estimationFactor: 1.0
Sub-optimal score: 325139
Total Number of elements weighted: 79
Normalized score (portion of input quartet trees satisfied before correcting for multiple individuals): 1.0
Optimization score: 325139
Optimal tree inferred in 0.217 secs.
(7,(11,(17,(15,(18,((22,((14,24),(25,(13,23)))),(((1,5),(2,(4,3))),((8,12),((9,(19,6)),(21,(16,(20,10))))))))))));
Final quartet score is: 325139
Final normalized quartet score is: 1.0
(20,(10,(16,(21,((9,(19,6)1:3.3081069585961425)1:3.3787245258100977,((8,12)1:3.2321210516182224,(((1,5)1:3.3787245258100977,(2,(4,3)1:3.925268232178164)1:3.4231762883809314)1:3.5835189384561117,((22,((14,24)1:4.094344562222104,(25,(13,23)1:3.814042597067946)1:3.9765615265657206)1:3.4657359027997248)1:3.4231762883809314,(18,(15,(17,(11,7)1:3.0602707946915624)1:3.0285220963769826)1:3.2580965380214812)1:3.8985999850960074)1:4.025351690735153)1:3.4231762883809314)1:3.332204510175203)1:2.772588722239782)1:3.506557897319981)1:3.506557897319981));
Weight calculation took 0.017504796 secs
ASTRAL finished in 0.932 secs
