
================== ASTRAL ===================== 

This is ASTRAL version 5.6.3
Gene trees are treated as unrooted
68 trees read from g_trees-raxml-sqlen-25-ngen-25.trees.tree
All output trees will be *arbitrarily* rooted at 2

======== Running the main analysis
Number of taxa: 25 (25 species)
Taxa: [2, 3, 4, 5, 12, 8, 1, 19, 20, 16, 10, 21, 6, 9, 18, 23, 13, 24, 15, 17, 7, 11, 25, 22, 14]
Taxon occupancy: {22=60, 23=45, 24=46, 25=61, 10=37, 11=51, 12=31, 13=48, 14=41, 15=24, 16=37, 17=53, 18=55, 19=9, 1=57, 2=15, 3=31, 4=37, 5=59, 6=11, 7=49, 8=22, 9=59, 20=37, 21=53}
Number of gene trees: 68
68 trees have missing taxa
Calculating quartet distance matrix (for completion of X)
Species tree distances calculated ...
Will attempt to complete bipartitions from X before adding using a distance matrix.
Building set of clusters (X) from gene trees 
------------------------------
gradient0: 325
Number of Clusters after addition by distance: 325
calculating extra bipartitions to be added at level 1 ...
Adding to X using resolutions of greedy consensus ...
Limit for sigma of degrees:675
polytomy size limit : 5
discarded polytomies:  [3, 5]
Threshold 0.0:
Threshold 0.01:
Threshold 0.02:
Threshold 0.05:
Threshold 0.1:
Threshold 0.2:
polytomy of size 3; rounds with additions with at least 5 support: 0; clusters: 325
Threshold 0.3333333333333333:
polytomy of size 5; rounds with additions with at least 5 support: 0; clusters: 329
max k is :0
Number of Clusters after addition by greedy: 329
gradient0 in heuristiic: 329
partitions formed in 0.206 secs
Dynamic Programming starting after 0.206 secs
Using tree-based weight calculation.
Using polytree-based weight calculation.
Polytree max score: 106588
Polytree building time: 0.013 seconds.
Number of quartet trees in the gene trees: 106588
Size of largest cluster: 25
Greedy score: 89324
estimationFactor: 1.1932739241413282
Sub-optimal score: 89474
Total Number of elements weighted: 483
Normalized score (portion of input quartet trees satisfied before correcting for multiple individuals): 0.8461177618493639
Optimization score: 90186
Optimal tree inferred in 0.305 secs.
(7,(11,(17,((18,15),(22,(14,(24,((23,(13,25)),(((5,1),(19,(6,9))),((16,(20,10)),((21,(12,8)),(2,(3,4)))))))))))));
Final quartet score is: 90186
Final normalized quartet score is: 0.8461177618493639
You may want to ignore posterior probabilities and other statistics related to the following branch branch because the effective number of genes impacting it is only 15:
	{3, 4}
You may want to ignore posterior probabilities and other statistics related to the following branch branch because the effective number of genes impacting it is only 11:
	{12, 8}
You may want to ignore posterior probabilities and other statistics related to the following branch branch because the effective number of genes impacting it is only 6:
	{12, 8, 21}
You may want to ignore posterior probabilities and other statistics related to the following branch branch because the effective number of genes impacting it is only 7:
	{6, 9}
You may want to ignore posterior probabilities and other statistics related to the following branch branch because the effective number of genes impacting it is only 1:
	{19, 6, 9}
You may want to ignore posterior probabilities and other statistics related to the following branch branch because the effective number of genes impacting it is only 10:
	{18, 15}
You may want to ignore posterior probabilities and other statistics related to the following branch branch because the effective number of genes impacting it is only 13:
	{5, 12, 8, 1, 19, 20, 16, 10, 21, 6, 9, 18, 23, 13, 24, 15, 17, 7, 11, 25, 22, 14}
(2,((3,4)1:0.7576857016975165,((21,(12,8)1:2.0794415416798353)0.81:0.38027485927960575,((16,(20,10)1:0.6708729606333123)0.51:0.18381692717670903,(((5,1)1:3.382848242993961,(19,(6,9)0.92:0.5753641449035618)0.42:0.0)1:0.8464435245812881,((23,(13,25)0.99:0.4039897664139345)1:0.4480689546363735,(24,(14,(22,((18,15)0.82:0.3829922522561057,(17,(11,7)1:1.6739764335716716)1:1.7527573114247872)1:2.159193931453232)1:1.2089623001853522)1:1.3710268889891017)1:1.1817626570002804)1:2.3781734503182017)1:0.7500793756453937)1:1.3273268850317737)1:1.6876752779298347));
Weight calculation took 0.040630745 secs
ASTRAL finished in 0.588 secs
