
================== ASTRAL ===================== 

This is ASTRAL version 5.6.3
Gene trees are treated as unrooted
105 trees read from g_trees-raxml-sqlen-100-ngen-25.trees.tree
All output trees will be *arbitrarily* rooted at 8

======== Running the main analysis
Number of taxa: 25 (25 species)
Taxa: [8, 12, 2, 5, 1, 3, 4, 16, 20, 10, 21, 6, 19, 9, 22, 25, 23, 13, 14, 24, 15, 17, 11, 7, 18]
Taxon occupancy: {22=69, 23=84, 24=85, 25=92, 10=56, 11=87, 12=42, 13=77, 14=81, 15=51, 16=54, 17=89, 18=93, 19=36, 1=70, 2=70, 3=87, 4=85, 5=52, 6=38, 7=75, 8=63, 9=65, 20=52, 21=62}
Number of gene trees: 105
104 trees have missing taxa
Calculating quartet distance matrix (for completion of X)
Species tree distances calculated ...
Will attempt to complete bipartitions from X before adding using a distance matrix.
Building set of clusters (X) from gene trees 
------------------------------
gradient0: 241
Number of Clusters after addition by distance: 241
calculating extra bipartitions to be added at level 1 ...
Adding to X using resolutions of greedy consensus ...
Limit for sigma of degrees:675
polytomy size limit : 3
discarded polytomies:  []
Threshold 0.0:
Threshold 0.01:
Threshold 0.02:
Threshold 0.05:
Threshold 0.1:
Threshold 0.2:
Threshold 0.3333333333333333:
max k is :0
Number of Clusters after addition by greedy: 241
gradient0 in heuristiic: 241
partitions formed in 0.173 secs
Dynamic Programming starting after 0.173 secs
Using tree-based weight calculation.
Using polytree-based weight calculation.
Polytree max score: 299752
Polytree building time: 0.014 seconds.
Number of quartet trees in the gene trees: 299752
Size of largest cluster: 25
Greedy score: 287111
estimationFactor: 1.0440282678127972
Sub-optimal score: 287111
Total Number of elements weighted: 193
Normalized score (portion of input quartet trees satisfied before correcting for multiple individuals): 0.9586858469668259
Optimization score: 287368
Optimal tree inferred in 0.258 secs.
(15,((17,(11,7)),(18,(((14,24),(25,(23,13))),(22,((19,(2,(3,4))),((5,1),(6,((8,12),((21,9),(16,(20,10))))))))))));
Final quartet score is: 287368
Final normalized quartet score is: 0.9586858469668259
(8,(12,(((21,9)0:0.09237332013101504,(16,(20,10)1:1.957744606702316)1:2.5032557884561966)1:1.9892752407629266,(6,((5,1)1:3.401197381662154,((19,(2,(3,4)1:3.705408756065146)1:2.708050201102211)1:1.0658224658451183,(22,(((14,24)1:1.0213841891781446,(25,(23,13)1:0.8273738944325877)1:1.2729656758128876)1:1.757072511778539,(18,((17,(11,7)1:3.799227511282799)1:3.444682493601893,15)1:0.5819215454497209)1:2.158003864182937)1:0.9278962779944628)1:2.854148808932704)1:0.7887393550082406)1:1.9111062268606203)1:0.532794760210225)1:2.92673940206704));
Weight calculation took 0.027721529 secs
ASTRAL finished in 1.682 secs
