
================== ASTRAL ===================== 

This is ASTRAL version 5.6.3
Gene trees are treated as unrooted
210 trees read from g_trees-raxml-sqlen-25-ngen-100.trees.tree
All output trees will be *arbitrarily* rooted at 2

======== Running the main analysis
Number of taxa: 25 (25 species)
Taxa: [2, 3, 4, 5, 12, 8, 1, 19, 20, 16, 10, 21, 6, 9, 18, 23, 13, 24, 15, 17, 7, 11, 25, 22, 14]
Taxon occupancy: {22=164, 23=152, 24=151, 25=119, 10=128, 11=154, 12=75, 13=158, 14=158, 15=133, 16=113, 17=168, 18=141, 19=117, 1=112, 2=59, 3=73, 4=84, 5=113, 6=126, 7=155, 8=87, 9=177, 20=126, 21=138}
Number of gene trees: 210
210 trees have missing taxa
Calculating quartet distance matrix (for completion of X)
Species tree distances calculated ...
Will attempt to complete bipartitions from X before adding using a distance matrix.
Building set of clusters (X) from gene trees 
------------------------------
gradient0: 665
Number of Clusters after addition by distance: 665
calculating extra bipartitions to be added at level 1 ...
Adding to X using resolutions of greedy consensus ...
Limit for sigma of degrees:675
polytomy size limit : 5
discarded polytomies:  [5]
Threshold 0.0:
Threshold 0.01:
Threshold 0.02:
Threshold 0.05:
Threshold 0.1:
Threshold 0.2:
Threshold 0.3333333333333333:
polytomy of size 5; rounds with additions with at least 5 support: 0; clusters: 665
max k is :0
Number of Clusters after addition by greedy: 665
gradient0 in heuristiic: 665
partitions formed in 0.506 secs
Dynamic Programming starting after 0.506 secs
Using tree-based weight calculation.
Using polytree-based weight calculation.
Polytree max score: 366620
Polytree building time: 0.071 seconds.
Number of quartet trees in the gene trees: 366620
Size of largest cluster: 25
Greedy score: 246962
estimationFactor: 1.484519885650424
Sub-optimal score: 262442
Total Number of elements weighted: 1430
Normalized score (portion of input quartet trees satisfied before correcting for multiple individuals): 0.7509683050570073
Optimization score: 275320
Optimal tree inferred in 0.92 secs.
(7,(11,(17,(15,(18,(((22,(24,14)),(25,(23,13))),(((5,1),(9,(19,6))),((21,(16,(20,10))),((12,8),(2,(3,4)))))))))));
Final quartet score is: 275320
Final normalized quartet score is: 0.7509683050570073
(2,((3,4)1:1.8971199848858815,((12,8)1:0.9716251319428406,((21,(16,(20,10)1:0.5062443713421094)1:1.09163183866744)0.01:0.06172539924842416,(((5,1)1:1.8176668998709358,(9,(19,6)1:0.30056372478981536)0.84:0.28661829400418937)1:0.29141843215371144,(((22,(24,14)1:0.7712163385144389)0.66:0.05939474260875685,(25,(23,13)1:0.3801568016968982)1:0.3592451320434954)0.98:0.1432284123886517,(18,(15,(17,(11,7)1:1.1271189741721104)1:0.7641933419225455)1:0.8994750164825592)1:0.6554966798073244)1:0.8389279977147017)0.87:0.1965681618192012)0.99:0.36614741204183543)1:2.4309816861465303));
Weight calculation took 0.280442011 secs
ASTRAL finished in 1.098 secs
