
================== ASTRAL ===================== 

This is ASTRAL version 5.6.3
Gene trees are treated as unrooted
100 trees read from g_trees-raxml-sqlen-100-ngen-100-s2g.trees
All output trees will be *arbitrarily* rooted at 14

======== Running the main analysis
Number of taxa: 77 (25 species)
Taxa: {22=[22_3, 22_2, 22_1], 23=[23_3, 23_2, 23_1], 24=[24_2, 24_1], 25=[25_3, 25_2, 25_1], 10=[10_3, 10_2, 10_1], 11=[11_3, 11_2, 11_1], 12=[12_4, 12_3, 12_2, 12_1], 13=[13_3, 13_2, 13_1], 14=[14_3, 14_2, 14_1], 15=[15_2, 15_1, 15_3], 16=[16_1, 16_3, 16_2], 17=[17_3, 17_2, 17_1], 18=[18_3, 18_2, 18_1], 19=[19_3, 19_2, 19_1], 1=[1_1, 1_2, 1_3, 1_4], 2=[2_1, 2_2, 2_3], 3=[3_1, 3_2, 3_3, 3_4], 4=[4_1, 4_2, 4_3], 5=[5_1, 5_2, 5_3], 6=[6_1, 6_2, 6_3], 7=[7_1, 7_2, 7_3], 8=[8_1, 8_2, 8_3], 9=[9_1, 9_2, 9_3], 20=[20_3, 20_2, 20_1], 21=[21_3, 21_2, 21_1]}
Taxon occupancy: {16_1=86, 14_3=2, 14_2=19, 12_4=1, 14_1=88, 12_3=3, 12_2=14, 12_1=91, 10_3=4, 10_2=13, 10_1=87, 18_3=4, 18_2=16, 18_1=89, 16_3=3, 16_2=13, 25_3=1, 25_2=9, 25_1=93, 23_3=3, 1_1=85, 23_2=7, 23_1=84, 1_2=12, 21_3=1, 3_1=79, 21_2=11, 1_3=3, 21_1=94, 3_2=9, 1_4=1, 5_1=89, 3_3=5, 5_2=20, 3_4=1, 7_1=86, 5_3=2, 7_2=18, 9_1=90, 7_3=2, 9_2=14, 9_3=1, 15_2=17, 15_1=90, 13_3=3, 13_2=16, 13_1=90, 11_3=3, 11_2=13, 11_1=86, 19_3=2, 19_2=15, 19_1=87, 17_3=2, 17_2=8, 17_1=84, 15_3=2, 24_2=13, 24_1=92, 22_3=1, 2_1=89, 22_2=10, 22_1=92, 2_2=21, 20_3=2, 4_1=89, 20_2=11, 2_3=3, 20_1=90, 4_2=15, 6_1=88, 4_3=3, 6_2=19, 8_1=86, 6_3=2, 8_2=11, 8_3=1}
Number of gene trees: 100
100 trees have missing taxa
Calculating quartet distance matrix (for completion of X)
Species tree distances calculated ...
Will attempt to complete bipartitions from X before adding using a distance matrix.
Building set of clusters (X) from gene trees 
In second round sampling 3 rounds will be done
------------------------------
gradient0: 577
------------------------------
gradient1: 126
------------------------------
gradient2: 160
Number of Clusters after addition by distance: 863
calculating extra bipartitions to be added at level 1 ...
Adding to X using resolutions of greedy consensus ...
Limit for sigma of degrees:675
polytomy size limit : 6
discarded polytomies:  [3, 3, 3, 4, 6]
Threshold 0.0:
Threshold 0.01:
Threshold 0.02:
Threshold 0.05:
polytomy of size 3; rounds with additions with at least 5 support: 0; clusters: 863
Threshold 0.1:
polytomy of size 3; rounds with additions with at least 5 support: 0; clusters: 863
Threshold 0.2:
polytomy of size 4; rounds with additions with at least 5 support: 0; clusters: 863
Threshold 0.3333333333333333:
polytomy of size 3; rounds with additions with at least 5 support: 0; clusters: 863
polytomy of size 6; rounds with additions with at least 5 support: 0; clusters: 865
max k is :0
Number of Clusters after addition by greedy: 865
gradient0 in heuristiic: 865
calculating extra bipartitions to be added at level 1 ...
Adding to X using resolutions of greedy consensus ...
Limit for sigma of degrees:675
polytomy size limit : 6
discarded polytomies:  [3, 4, 6]
Threshold 0.0:
Threshold 0.01:
Threshold 0.02:
Threshold 0.05:
Threshold 0.1:
polytomy of size 3; rounds with additions with at least 5 support: 0; clusters: 865
Threshold 0.2:
polytomy of size 4; rounds with additions with at least 5 support: 0; clusters: 865
Threshold 0.3333333333333333:
polytomy of size 6; rounds with additions with at least 5 support: 0; clusters: 865
max k is :0
Number of Clusters after addition by greedy: 865
gradient1 in heuristiic: 0
calculating extra bipartitions to be added at level 1 ...
Adding to X using resolutions of greedy consensus ...
Limit for sigma of degrees:675
polytomy size limit : 4
discarded polytomies:  [3, 4]
Threshold 0.0:
Threshold 0.01:
Threshold 0.02:
Threshold 0.05:
Threshold 0.1:
Threshold 0.2:
polytomy of size 3; rounds with additions with at least 5 support: 0; clusters: 865
Threshold 0.3333333333333333:
polytomy of size 4; rounds with additions with at least 5 support: 0; clusters: 865
max k is :0
Number of Clusters after addition by greedy: 865
gradient2 in heuristiic: 0
partitions formed in 7.393 secs
Dynamic Programming starting after 7.394 secs
Using tree-based weight calculation.
Using polytree-based weight calculation.
Polytree max score: 3130173
Polytree building time: 0.025 seconds.
Number of quartet trees in the gene trees: 3127308
Size of largest cluster: 77
Greedy score: 1624542
estimationFactor: 1.9268033698113067
Sub-optimal score: 1955800
Total Number of elements weighted: 2703
Normalized score (portion of input quartet trees satisfied before correcting for multiple individuals): 0.6382230339960119
Optimization score: 1995920
Optimal tree inferred in 7.772 secs.
(24,((20,(22,(25,21))),(23,(((10,(16,19)),(3,(17,(1,11)))),(8,((12,(9,(13,4))),(18,(7,(15,((5,2),(14,6)))))))))));
Final quartet score is: 2056893
Final normalized quartet score is: 0.6577199943209943
You may want to ignore posterior probabilities and other statistics related to the following branch branch because the effective number of genes impacting it is only 13:
	{14}
You may want to ignore posterior probabilities and other statistics related to the following branch branch because the effective number of genes impacting it is only 13:
	{6}
You may want to ignore posterior probabilities and other statistics related to the following branch branch because the effective number of genes impacting it is only 14:
	{5}
You may want to ignore posterior probabilities and other statistics related to the following branch branch because the effective number of genes impacting it is only 15:
	{2}
You may want to ignore posterior probabilities and other statistics related to the following branch branch because the effective number of genes impacting it is only 12:
	{15}
You may want to ignore posterior probabilities and other statistics related to the following branch branch because the effective number of genes impacting it is only 12:
	{7}
You may want to ignore posterior probabilities and other statistics related to the following branch branch because the effective number of genes impacting it is only 12:
	{18}
You may want to ignore posterior probabilities and other statistics related to the following branch branch because the effective number of genes impacting it is only 8:
	{12}
You may want to ignore posterior probabilities and other statistics related to the following branch branch because the effective number of genes impacting it is only 9:
	{9}
You may want to ignore posterior probabilities and other statistics related to the following branch branch because the effective number of genes impacting it is only 11:
	{13}
You may want to ignore posterior probabilities and other statistics related to the following branch branch because the effective number of genes impacting it is only 11:
	{4}
You may want to ignore posterior probabilities and other statistics related to the following branch branch because the effective number of genes impacting it is only 7:
	{8}
You may want to ignore posterior probabilities and other statistics related to the following branch branch because the effective number of genes impacting it is only 10:
	{10}
You may want to ignore posterior probabilities and other statistics related to the following branch branch because the effective number of genes impacting it is only 9:
	{16}
You may want to ignore posterior probabilities and other statistics related to the following branch branch because the effective number of genes impacting it is only 10:
	{19}
You may want to ignore posterior probabilities and other statistics related to the following branch branch because the effective number of genes impacting it is only 6:
	{3}
You may want to ignore posterior probabilities and other statistics related to the following branch branch because the effective number of genes impacting it is only 6:
	{17}
You may want to ignore posterior probabilities and other statistics related to the following branch branch because the effective number of genes impacting it is only 7:
	{1}
You may want to ignore posterior probabilities and other statistics related to the following branch branch because the effective number of genes impacting it is only 9:
	{11}
You may want to ignore posterior probabilities and other statistics related to the following branch branch because the effective number of genes impacting it is only 5:
	{23}
You may want to ignore posterior probabilities and other statistics related to the following branch branch because the effective number of genes impacting it is only 8:
	{20}
You may want to ignore posterior probabilities and other statistics related to the following branch branch because the effective number of genes impacting it is only 7:
	{22}
You may want to ignore posterior probabilities and other statistics related to the following branch branch because the effective number of genes impacting it is only 6:
	{25}
You may want to ignore posterior probabilities and other statistics related to the following branch branch because the effective number of genes impacting it is only 7:
	{21}
You may want to ignore posterior probabilities and other statistics related to the following branch branch because the effective number of genes impacting it is only 13:
	{24}
((14_3,14_2,14_1)0.04:0.0,((6_1,6_2,6_3)0.04:0.0,(((5_1,5_2,5_3)0.06:0.0,(2_1,2_2,2_3)0.06:0.0)1:0.7028017601625477,((15_2,15_1,15_3)0.11:0.0,((7_1,7_2,7_3)0.12:0.0,((18_3,18_2,18_1)0.14:0.0,(((12_4,12_3,12_2,12_1)0.16:0.0,((9_1,9_2,9_3)0.18:0.0,((13_3,13_2,13_1)0.05:0.0,(4_1,4_2,4_3)0.07:0.0)1:1.4514848980399238)1:0.36678486796167864)1:0.40725369440103926,((8_1,8_2,8_3)0.43:0.01798058560956314,((((10_3,10_2,10_1)0.26:0.0,((16_1,16_3,16_2)0.07:0.0,(19_3,19_2,19_1)0.11:0.0)1:0.9748304863527848)1:1.436537368231324,((3_1,3_2,3_3,3_4)0.34:0.0,((17_3,17_2,17_1)0.16:0.0,((1_1,1_2,1_3,1_4)0.1:0.0,(11_3,11_2,11_1)0.13:0.0)1:1.8279748857105715)1:0.5731754293410882)1:0.36064748233142224)1:0.7763859839986761,((23_3,23_2,23_1)0.63:0.19237189264745613,(((20_3,20_2,20_1)0.13:0.0,((22_3,22_2,22_1)0.12:0.0,((25_3,25_2,25_1)0.09:0.0,(21_3,21_2,21_1)0.18:0.0)1:0.2779282778173676)1:0.8740732306448825)1:0.8422095219976033,(24_2,24_1)0.89:0.3572753642509762)0.64:0.07261195948519768)1:3.4333544932966866)1:0.322590834050119)1:1.055668658392793)1:0.7277232882827216)1:0.46230877905686507)0.21:0.0)0.99:0.2362420126980151)1:1.3915881494177826));
Weight calculation took 0.332870813 secs
ASTRAL finished in 7.946 secs
