
================== ASTRAL ===================== 

This is ASTRAL version 5.6.3
Gene trees are treated as unrooted
100 trees read from g_trees-raxml-sqlen-25-ngen-100-s2g.trees
All output trees will be *arbitrarily* rooted at 14

======== Running the main analysis
Number of taxa: 77 (25 species)
Taxa: {22=[22_3, 22_2, 22_1], 23=[23_3, 23_2, 23_1], 24=[24_2, 24_1], 25=[25_3, 25_2, 25_1], 10=[10_3, 10_2, 10_1], 11=[11_3, 11_2, 11_1], 12=[12_4, 12_3, 12_2, 12_1], 13=[13_3, 13_2, 13_1], 14=[14_3, 14_2, 14_1], 15=[15_2, 15_1, 15_3], 16=[16_1, 16_3, 16_2], 17=[17_3, 17_2, 17_1], 18=[18_3, 18_2, 18_1], 19=[19_3, 19_2, 19_1], 1=[1_1, 1_2, 1_3, 1_4], 2=[2_1, 2_2, 2_3], 3=[3_1, 3_2, 3_3, 3_4], 4=[4_1, 4_2, 4_3], 5=[5_1, 5_2, 5_3], 6=[6_1, 6_2, 6_3], 7=[7_1, 7_2, 7_3], 8=[8_1, 8_2, 8_3], 9=[9_1, 9_2, 9_3], 20=[20_3, 20_2, 20_1], 21=[21_3, 21_2, 21_1]}
Taxon occupancy: {16_1=86, 14_3=2, 14_2=19, 12_4=1, 14_1=88, 12_3=3, 12_2=14, 12_1=91, 10_3=4, 10_2=13, 10_1=87, 18_3=4, 18_2=16, 18_1=89, 16_3=3, 16_2=13, 25_3=1, 25_2=9, 25_1=93, 23_3=3, 1_1=85, 23_2=7, 23_1=84, 1_2=12, 21_3=1, 3_1=79, 21_2=11, 1_3=3, 21_1=94, 3_2=9, 1_4=1, 5_1=89, 3_3=5, 5_2=20, 3_4=1, 7_1=86, 5_3=2, 7_2=18, 9_1=90, 7_3=2, 9_2=14, 9_3=1, 15_2=17, 15_1=90, 13_3=3, 13_2=16, 13_1=90, 11_3=3, 11_2=13, 11_1=86, 19_3=2, 19_2=15, 19_1=87, 17_3=2, 17_2=8, 17_1=84, 15_3=2, 24_2=13, 24_1=92, 22_3=1, 2_1=89, 22_2=10, 22_1=92, 2_2=21, 20_3=2, 4_1=89, 20_2=11, 2_3=3, 20_1=90, 4_2=15, 6_1=88, 4_3=3, 6_2=19, 8_1=86, 6_3=2, 8_2=11, 8_3=1}
Number of gene trees: 100
100 trees have missing taxa
Calculating quartet distance matrix (for completion of X)
Species tree distances calculated ...
Will attempt to complete bipartitions from X before adding using a distance matrix.
Building set of clusters (X) from gene trees 
In second round sampling 3 rounds will be done
------------------------------
gradient0: 617
------------------------------
gradient1: 248
------------------------------
gradient2: 226
Number of Clusters after addition by distance: 1091
calculating extra bipartitions to be added at level 1 ...
Adding to X using resolutions of greedy consensus ...
Limit for sigma of degrees:675
polytomy size limit : 5
discarded polytomies:  [3, 3, 4, 5]
Threshold 0.0:
Threshold 0.01:
Threshold 0.02:
Threshold 0.05:
Threshold 0.1:
Threshold 0.2:
polytomy of size 3; rounds with additions with at least 5 support: 0; clusters: 1091
polytomy of size 3; rounds with additions with at least 5 support: 0; clusters: 1091
Threshold 0.3333333333333333:
polytomy of size 4; rounds with additions with at least 5 support: 0; clusters: 1091
polytomy of size 5; rounds with additions with at least 5 support: 0; clusters: 1091
max k is :0
Number of Clusters after addition by greedy: 1091
gradient0 in heuristiic: 1091
calculating extra bipartitions to be added at level 1 ...
Adding to X using resolutions of greedy consensus ...
Limit for sigma of degrees:675
polytomy size limit : 5
discarded polytomies:  [3, 3, 5, 5]
Threshold 0.0:
Threshold 0.01:
Threshold 0.02:
Threshold 0.05:
Threshold 0.1:
Threshold 0.2:
polytomy of size 3; rounds with additions with at least 5 support: 0; clusters: 1091
Threshold 0.3333333333333333:
polytomy of size 5; rounds with additions with at least 5 support: 0; clusters: 1091
polytomy of size 5; rounds with additions with at least 5 support: 0; clusters: 1091
polytomy of size 3; rounds with additions with at least 5 support: 0; clusters: 1091
max k is :0
Number of Clusters after addition by greedy: 1091
gradient1 in heuristiic: 0
calculating extra bipartitions to be added at level 1 ...
Adding to X using resolutions of greedy consensus ...
Limit for sigma of degrees:675
polytomy size limit : 4
discarded polytomies:  [3, 4]
Threshold 0.0:
Threshold 0.01:
Threshold 0.02:
Threshold 0.05:
Threshold 0.1:
Threshold 0.2:
Threshold 0.3333333333333333:
polytomy of size 4; rounds with additions with at least 5 support: 0; clusters: 1091
polytomy of size 3; rounds with additions with at least 5 support: 0; clusters: 1091
max k is :0
Number of Clusters after addition by greedy: 1091
gradient2 in heuristiic: 0
partitions formed in 7.659 secs
Dynamic Programming starting after 7.659 secs
Using tree-based weight calculation.
Using polytree-based weight calculation.
Polytree max score: 3130173
Polytree building time: 0.026 seconds.
Number of quartet trees in the gene trees: 3127308
Size of largest cluster: 77
Greedy score: 1607731
estimationFactor: 1.9469500970777769
Sub-optimal score: 1645134
Total Number of elements weighted: 3922
Normalized score (portion of input quartet trees satisfied before correcting for multiple individuals): 0.5486212103189069
Optimization score: 1715707
Optimal tree inferred in 8.137 secs.
(24,((20,(22,(25,21))),(23,(((10,(16,19)),(17,(3,(1,11)))),(8,(((13,4),(12,9)),(18,(7,((5,2),(15,(14,6)))))))))));
Final quartet score is: 1779410
Final normalized quartet score is: 0.5689909660321273
You may want to ignore posterior probabilities and other statistics related to the following branch branch because the effective number of genes impacting it is only 13:
	{14}
You may want to ignore posterior probabilities and other statistics related to the following branch branch because the effective number of genes impacting it is only 13:
	{6}
You may want to ignore posterior probabilities and other statistics related to the following branch branch because the effective number of genes impacting it is only 12:
	{15}
You may want to ignore posterior probabilities and other statistics related to the following branch branch because the effective number of genes impacting it is only 14:
	{5}
You may want to ignore posterior probabilities and other statistics related to the following branch branch because the effective number of genes impacting it is only 15:
	{2}
You may want to ignore posterior probabilities and other statistics related to the following branch branch because the effective number of genes impacting it is only 12:
	{7}
You may want to ignore posterior probabilities and other statistics related to the following branch branch because the effective number of genes impacting it is only 12:
	{18}
You may want to ignore posterior probabilities and other statistics related to the following branch branch because the effective number of genes impacting it is only 11:
	{13}
You may want to ignore posterior probabilities and other statistics related to the following branch branch because the effective number of genes impacting it is only 11:
	{4}
You may want to ignore posterior probabilities and other statistics related to the following branch branch because the effective number of genes impacting it is only 8:
	{12}
You may want to ignore posterior probabilities and other statistics related to the following branch branch because the effective number of genes impacting it is only 9:
	{9}
You may want to ignore posterior probabilities and other statistics related to the following branch branch because the effective number of genes impacting it is only 7:
	{8}
You may want to ignore posterior probabilities and other statistics related to the following branch branch because the effective number of genes impacting it is only 10:
	{10}
You may want to ignore posterior probabilities and other statistics related to the following branch branch because the effective number of genes impacting it is only 9:
	{16}
You may want to ignore posterior probabilities and other statistics related to the following branch branch because the effective number of genes impacting it is only 10:
	{19}
You may want to ignore posterior probabilities and other statistics related to the following branch branch because the effective number of genes impacting it is only 6:
	{17}
You may want to ignore posterior probabilities and other statistics related to the following branch branch because the effective number of genes impacting it is only 6:
	{3}
You may want to ignore posterior probabilities and other statistics related to the following branch branch because the effective number of genes impacting it is only 7:
	{1}
You may want to ignore posterior probabilities and other statistics related to the following branch branch because the effective number of genes impacting it is only 9:
	{11}
You may want to ignore posterior probabilities and other statistics related to the following branch branch because the effective number of genes impacting it is only 5:
	{23}
You may want to ignore posterior probabilities and other statistics related to the following branch branch because the effective number of genes impacting it is only 8:
	{20}
You may want to ignore posterior probabilities and other statistics related to the following branch branch because the effective number of genes impacting it is only 7:
	{22}
You may want to ignore posterior probabilities and other statistics related to the following branch branch because the effective number of genes impacting it is only 6:
	{25}
You may want to ignore posterior probabilities and other statistics related to the following branch branch because the effective number of genes impacting it is only 7:
	{21}
You may want to ignore posterior probabilities and other statistics related to the following branch branch because the effective number of genes impacting it is only 13:
	{24}
((14_3,14_2,14_1)0.04:0.0,((6_1,6_2,6_3)0.05:0.0,((15_2,15_1,15_3)0.25:0.0,(((5_1,5_2,5_3)0.11:0.0,(2_1,2_2,2_3)0.11:0.0)1:0.29630213012810624,((7_1,7_2,7_3)0.18:0.0,((18_3,18_2,18_1)0.31:0.0,((((13_3,13_2,13_1)0.06:0.0,(4_1,4_2,4_3)0.06:0.0)1:1.174020000959434,((12_4,12_3,12_2,12_1)0.25:0.0,(9_1,9_2,9_3)0.22:0.0)0.37:0.004255833682040499)0.94:0.16803039609120368,((8_1,8_2,8_3)0.63:0.17653964805921601,((((10_3,10_2,10_1)0.39:0.0,((16_1,16_3,16_2)0.08:0.0,(19_3,19_2,19_1)0.32:0.0)1:0.4349534522691582)1:0.6747691945581199,((17_3,17_2,17_1)0.23:0.0,((3_1,3_2,3_3,3_4)0.29:0.0,((1_1,1_2,1_3,1_4)0.14:0.0,(11_3,11_2,11_1)0.15:0.0)1:1.394478277769606)0:0.0)0.95:0.18312686321609326)0.91:0.15834982441058393,((23_3,23_2,23_1)0.47:0.05046656855037642,(((20_3,20_2,20_1)0.26:0.0,((22_3,22_2,22_1)0.28:0.0,((25_3,25_2,25_1)0.11:0.0,(21_3,21_2,21_1)0.31:0.0)1:0.2707830847184893)1:0.33390348106689793)0.99:0.23514311569381702,(24_2,24_1)0.87:0.3355339832593092)0.94:0.17971519177315295)1:1.6831268232407532)0.71:0.08674129711022723)1:0.44021505782526676)0.99:0.23826395400320102)0.76:0.10386686314286064)0.68:0.08152702444222547)0.59:0.05995946624500886)1:0.8455255289885195));
Weight calculation took 0.418238381 secs
ASTRAL finished in 8.312 secs
