
================== ASTRAL ===================== 

This is ASTRAL version 5.6.3
Gene trees are treated as unrooted
25 trees read from g_trees-raxml-sqlen-25-ngen-25-s2g.trees
All output trees will be *arbitrarily* rooted at 16

======== Running the main analysis
Number of taxa: 60 (25 species)
Taxa: {22=[22_2, 22_1], 23=[23_2, 23_1], 24=[24_2, 24_1], 25=[25_2, 25_1], 10=[10_3, 10_2, 10_1], 11=[11_3, 11_2, 11_1], 12=[12_3, 12_2, 12_1], 13=[13_3, 13_2, 13_1], 14=[14_2, 14_1], 15=[15_2, 15_1], 16=[16_1, 16_3, 16_2], 17=[17_3, 17_2, 17_1], 18=[18_2, 18_1], 19=[19_3, 19_2, 19_1], 1=[1_1, 1_2], 2=[2_1, 2_2], 3=[3_1, 3_2, 3_3], 4=[4_1, 4_2, 4_3], 5=[5_1, 5_2], 6=[6_1, 6_2], 7=[7_1, 7_2], 8=[8_1, 8_2], 9=[9_1, 9_2], 20=[20_3, 20_2, 20_1], 21=[21_2, 21_1]}
Taxon occupancy: {16_1=23, 14_2=4, 14_1=23, 12_3=1, 12_2=4, 12_1=23, 10_3=2, 10_2=4, 10_1=23, 18_2=2, 18_1=23, 16_3=1, 16_2=4, 25_2=1, 25_1=22, 1_1=22, 23_2=1, 23_1=21, 1_2=3, 3_1=21, 21_2=3, 21_1=22, 3_2=2, 5_1=23, 3_3=2, 5_2=4, 7_1=21, 7_2=4, 9_1=21, 9_2=3, 15_2=4, 15_1=23, 13_3=1, 13_2=3, 13_1=22, 11_3=1, 11_2=3, 11_1=22, 19_3=1, 19_2=5, 19_1=23, 17_3=1, 17_2=2, 17_1=21, 24_2=3, 24_1=22, 2_1=23, 22_2=2, 22_1=20, 2_2=4, 20_3=1, 4_1=22, 20_2=1, 20_1=21, 4_2=2, 6_1=23, 4_3=1, 6_2=4, 8_1=21, 8_2=3}
Number of gene trees: 25
25 trees have missing taxa
Calculating quartet distance matrix (for completion of X)
Species tree distances calculated ...
Will attempt to complete bipartitions from X before adding using a distance matrix.
Building set of clusters (X) from gene trees 
In second round sampling 3 rounds will be done
------------------------------
gradient0: 411
------------------------------
gradient1: 134
------------------------------
gradient2: 106
Number of Clusters after addition by distance: 651
calculating extra bipartitions to be added at level 1 ...
Adding to X using resolutions of greedy consensus ...
Limit for sigma of degrees:675
polytomy size limit : 5
discarded polytomies:  [3, 3, 4, 5]
Threshold 0.0:
Threshold 0.01:
Threshold 0.02:
Threshold 0.05:
Threshold 0.1:
Threshold 0.2:
polytomy of size 3; rounds with additions with at least 5 support: 0; clusters: 651
Threshold 0.3333333333333333:
polytomy of size 4; rounds with additions with at least 5 support: 0; clusters: 651
polytomy of size 5; rounds with additions with at least 5 support: 0; clusters: 651
polytomy of size 3; rounds with additions with at least 5 support: 0; clusters: 651
max k is :0
Number of Clusters after addition by greedy: 651
gradient0 in heuristiic: 651
calculating extra bipartitions to be added at level 1 ...
Adding to X using resolutions of greedy consensus ...
Limit for sigma of degrees:675
polytomy size limit : 4
discarded polytomies:  [3, 3, 4]
Threshold 0.0:
Threshold 0.01:
Threshold 0.02:
Threshold 0.05:
Threshold 0.1:
Threshold 0.2:
Threshold 0.3333333333333333:
polytomy of size 4; rounds with additions with at least 5 support: 0; clusters: 653
polytomy of size 3; rounds with additions with at least 5 support: 0; clusters: 655
polytomy of size 3; rounds with additions with at least 5 support: 0; clusters: 655
max k is :0
Number of Clusters after addition by greedy: 655
gradient1 in heuristiic: 4
calculating extra bipartitions to be added at level 1 ...
Adding to X using resolutions of greedy consensus ...
Limit for sigma of degrees:675
polytomy size limit : 5
discarded polytomies:  [3, 5, 5]
Threshold 0.0:
Threshold 0.01:
Threshold 0.02:
Threshold 0.05:
Threshold 0.1:
Threshold 0.2:
polytomy of size 3; rounds with additions with at least 5 support: 0; clusters: 655
Threshold 0.3333333333333333:
polytomy of size 5; rounds with additions with at least 5 support: 0; clusters: 655
polytomy of size 5; rounds with additions with at least 5 support: 0; clusters: 655
max k is :0
Number of Clusters after addition by greedy: 655
gradient2 in heuristiic: 0
partitions formed in 2.745 secs
Dynamic Programming starting after 2.745 secs
Using tree-based weight calculation.
Using polytree-based weight calculation.
Polytree max score: 621271
Polytree building time: 0.012 seconds.
Number of quartet trees in the gene trees: 620822
Size of largest cluster: 60
Greedy score: 326563
estimationFactor: 1.9024508250309664
Sub-optimal score: 328469
Total Number of elements weighted: 1381
Normalized score (portion of input quartet trees satisfied before correcting for multiple individuals): 0.5557559171549977
Optimization score: 345025
Optimal tree inferred in 2.871 secs.
(7,(15,(((5,2),(14,6)),(18,(12,((13,4),(8,(3,((9,(1,11)),((17,(10,(16,19))),(23,(24,(20,(22,(25,21)))))))))))))));
Final quartet score is: 357222
Final normalized quartet score is: 0.575401644915934
You may want to ignore posterior probabilities and other statistics related to the following branch branch because the effective number of genes impacting it is only 3:
	{16}
You may want to ignore posterior probabilities and other statistics related to the following branch branch because the effective number of genes impacting it is only 3:
	{19}
You may want to ignore posterior probabilities and other statistics related to the following branch branch because the effective number of genes impacting it is only 3:
	{10}
You may want to ignore posterior probabilities and other statistics related to the following branch branch because the effective number of genes impacting it is only 1:
	{17}
You may want to ignore posterior probabilities and other statistics related to the following branch branch because the effective number of genes impacting it is only 1:
	{23}
You may want to ignore posterior probabilities and other statistics related to the following branch branch because the effective number of genes impacting it is only 3:
	{24}
You may want to ignore posterior probabilities and other statistics related to the following branch branch because the effective number of genes impacting it is only 1:
	{20}
You may want to ignore posterior probabilities and other statistics related to the following branch branch because the effective number of genes impacting it is only 2:
	{22}
You may want to ignore posterior probabilities and other statistics related to the following branch branch because the effective number of genes impacting it is only 1:
	{25}
You may want to ignore posterior probabilities and other statistics related to the following branch branch because the effective number of genes impacting it is only 3:
	{21}
You may want to ignore posterior probabilities and other statistics related to the following branch branch because the effective number of genes impacting it is only 19:
	{25, 21, 24, 22, 20}
You may want to ignore posterior probabilities and other statistics related to the following branch branch because the effective number of genes impacting it is only 3:
	{9}
You may want to ignore posterior probabilities and other statistics related to the following branch branch because the effective number of genes impacting it is only 3:
	{1}
You may want to ignore posterior probabilities and other statistics related to the following branch branch because the effective number of genes impacting it is only 2:
	{11}
You may want to ignore posterior probabilities and other statistics related to the following branch branch because the effective number of genes impacting it is only 19:
	{1, 11}
You may want to ignore posterior probabilities and other statistics related to the following branch branch because the effective number of genes impacting it is only 19:
	{1, 9, 11}
You may want to ignore posterior probabilities and other statistics related to the following branch branch because the effective number of genes impacting it is only 2:
	{3}
You may want to ignore posterior probabilities and other statistics related to the following branch branch because the effective number of genes impacting it is only 2:
	{8}
You may want to ignore posterior probabilities and other statistics related to the following branch branch because the effective number of genes impacting it is only 2:
	{13}
You may want to ignore posterior probabilities and other statistics related to the following branch branch because the effective number of genes impacting it is only 1:
	{4}
You may want to ignore posterior probabilities and other statistics related to the following branch branch because the effective number of genes impacting it is only 3:
	{12}
You may want to ignore posterior probabilities and other statistics related to the following branch branch because the effective number of genes impacting it is only 2:
	{18}
You may want to ignore posterior probabilities and other statistics related to the following branch branch because the effective number of genes impacting it is only 4:
	{5}
You may want to ignore posterior probabilities and other statistics related to the following branch branch because the effective number of genes impacting it is only 4:
	{2}
You may want to ignore posterior probabilities and other statistics related to the following branch branch because the effective number of genes impacting it is only 4:
	{14}
You may want to ignore posterior probabilities and other statistics related to the following branch branch because the effective number of genes impacting it is only 4:
	{6}
You may want to ignore posterior probabilities and other statistics related to the following branch branch because the effective number of genes impacting it is only 4:
	{15}
You may want to ignore posterior probabilities and other statistics related to the following branch branch because the effective number of genes impacting it is only 4:
	{7}
You may want to ignore posterior probabilities and other statistics related to the following branch branch because the effective number of genes impacting it is only 19:
	{14, 12, 18, 5, 7, 15, 13, 2, 4, 6}
You may want to ignore posterior probabilities and other statistics related to the following branch branch because the effective number of genes impacting it is only 18:
	{14, 12, 18, 5, 7, 15, 13, 2, 4, 6, 8}
You may want to ignore posterior probabilities and other statistics related to the following branch branch because the effective number of genes impacting it is only 18:
	{14, 12, 18, 25, 23, 1, 21, 3, 5, 7, 9, 15, 13, 11, 24, 22, 2, 20, 4, 6, 8}
((16_1,16_3,16_2)0.15:0.0,((19_3,19_2,19_1)0.33:0.0,((10_3,10_2,10_1)0.44:0.0024844733276618335,((17_3,17_2,17_1)0.24:0.0,(((23_2,23_1)0.67:0.2876820724517809,((24_2,24_1)0.48:0.04099434393038502,((20_3,20_2,20_1)0.33:0.0,((22_2,22_1)0.29:0.0,((25_2,25_1)0.22:0.0,(21_2,21_1)0.7:0.30058547728768875)0.88:0.2922155776316031)0.61:0.11582200485074569)0.83:0.26845409315636237)0.6:0.11336026475299711)1:1.385141180134898,(((9_1,9_2)0.47:0.03144120495169727,((1_1,1_2)0.14:0.0,(11_3,11_2,11_1)0.18:0.0)1:1.3725690853222434)0.02:0.0,((3_1,3_2,3_3)0.48:0.025399211378856562,((8_1,8_2)0.6:0.18140664364687714,(((13_3,13_2,13_1)0.22:0.0,(4_1,4_2,4_3)0.26:0.0)1:1.3597290637700006,((12_3,12_2,12_1)0.25:0.0,((18_2,18_1)0.29:0.0,((((5_1,5_2)0.25:0.0,(2_1,2_2)0.17:0.0)0.65:0.1380614364938706,((14_2,14_1)0.12:0.0,(6_1,6_2)0.14:0.0)1:0.7785596774455513)0.31:0.0,((15_2,15_1)0.21:0.0,(7_1,7_2)0.19:0.0)0.55:0.08734547096838115)0.74:0.19088046884232104)0.6:0.11535262448975762)0.53:0.07118622953639299)0.97:0.4239972236695497)0.65:0.1404200401201624)0.17:0.0)0.45:0.06506302157954985)0.53:0.11838064170497059)0.99:0.5258625534855749)0.83:0.2235972925311052));
Weight calculation took 0.080186238 secs
ASTRAL finished in 2.96 secs
