
================== ASTRAL ===================== 

This is ASTRAL version 5.6.3
Gene trees are treated as unrooted
500 trees read from g_trees-raxml-sqlen-25-ngen-500-s2g.trees
All output trees will be *arbitrarily* rooted at 14

======== Running the main analysis
Number of taxa: 100 (25 species)
Taxa: {22=[22_3, 22_2, 22_1], 23=[23_3, 23_2, 23_1], 24=[24_3, 24_2, 24_1], 25=[25_3, 25_2, 25_1], 10=[10_4, 10_3, 10_2, 10_1], 11=[11_6, 11_5, 11_4, 11_3, 11_2, 11_1], 12=[12_5, 12_4, 12_3, 12_2, 12_1], 13=[13_4, 13_3, 13_2, 13_1, 13_5], 14=[14_3, 14_2, 14_1, 14_4], 15=[15_2, 15_1, 15_4, 15_3], 16=[16_1, 16_4, 16_3, 16_2], 17=[17_5, 17_4, 17_3, 17_2, 17_1], 18=[18_3, 18_2, 18_1], 19=[19_4, 19_3, 19_2, 19_1], 1=[1_1, 1_2, 1_3, 1_4, 1_5], 2=[2_1, 2_2, 2_3, 2_4], 3=[3_1, 3_2, 3_3, 3_4], 4=[4_1, 4_2, 4_3, 4_4, 4_5], 5=[5_1, 5_2, 5_3, 5_4], 6=[6_1, 6_2, 6_3, 6_4], 7=[7_1, 7_2, 7_3, 7_4], 8=[8_1, 8_2, 8_3, 8_4], 9=[9_1, 9_2, 9_3, 9_4], 20=[20_3, 20_2, 20_1], 21=[21_3, 21_2, 21_1]}
Taxon occupancy: {14_3=8, 14_2=72, 14_1=431, 10_4=1, 10_3=9, 10_2=67, 10_1=420, 18_3=12, 18_2=66, 18_1=432, 14_4=2, 25_3=4, 25_2=44, 25_1=433, 21_3=6, 3_1=419, 21_2=50, 21_1=433, 3_2=53, 3_3=11, 3_4=2, 7_1=427, 7_2=63, 7_3=11, 7_4=3, 13_4=1, 13_3=12, 13_2=66, 13_1=430, 17_5=1, 17_4=2, 17_3=13, 17_2=60, 17_1=430, 13_5=1, 24_3=4, 24_2=44, 24_1=434, 2_1=428, 2_2=71, 20_3=5, 20_2=53, 2_3=9, 20_1=429, 2_4=3, 6_1=430, 6_2=74, 6_3=8, 6_4=2, 16_1=423, 12_5=1, 12_4=2, 12_3=9, 12_2=68, 12_1=428, 16_4=2, 16_3=11, 16_2=58, 23_3=6, 1_1=427, 23_2=48, 23_1=436, 1_2=61, 1_3=12, 1_4=5, 5_1=431, 1_5=2, 5_2=67, 5_3=9, 5_4=3, 9_1=426, 9_2=67, 9_3=8, 9_4=1, 15_2=70, 11_6=1, 15_1=433, 11_5=2, 11_4=3, 11_3=13, 11_2=63, 11_1=424, 19_4=2, 19_3=11, 19_2=70, 19_1=423, 15_4=2, 15_3=10, 22_3=8, 22_2=53, 22_1=427, 4_1=430, 4_2=67, 4_3=12, 4_4=1, 8_1=428, 4_5=1, 8_2=64, 8_3=10, 8_4=2}
Number of gene trees: 500
500 trees have missing taxa
Calculating quartet distance matrix (for completion of X)
Species tree distances calculated ...
Will attempt to complete bipartitions from X before adding using a distance matrix.
Building set of clusters (X) from gene trees 
In second round sampling 3 rounds will be done
------------------------------
gradient0: 2269
------------------------------
gradient1: 2416
------------------------------
gradient2: 594
Number of Clusters after addition by distance: 5279
calculating extra bipartitions to be added at level 1 ...
Adding to X using resolutions of greedy consensus ...
Limit for sigma of degrees:675
polytomy size limit : 10
discarded polytomies:  [3, 3, 4, 4, 6, 10]
Threshold 0.0:
Threshold 0.01:
Threshold 0.02:
polytomy of size 3; rounds with additions with at least 5 support: 0; clusters: 5279
Threshold 0.05:
polytomy of size 4; rounds with additions with at least 5 support: 0; clusters: 5281
Threshold 0.1:
polytomy of size 3; rounds with additions with at least 5 support: 0; clusters: 5281
polytomy of size 4; rounds with additions with at least 5 support: 0; clusters: 5281
Threshold 0.2:
polytomy of size 6; rounds with additions with at least 5 support: 0; clusters: 5281
Threshold 0.3333333333333333:
polytomy of size 10; rounds with additions with at least 5 support: 1; clusters: 5283
max k is :2
Number of Clusters after addition by greedy: 5283
gradient0 in heuristiic: 5283
calculating extra bipartitions to be added at level 1 ...
Adding to X using resolutions of greedy consensus ...
Limit for sigma of degrees:675
polytomy size limit : 9
discarded polytomies:  [3, 3, 3, 4, 6, 7, 9]
Threshold 0.0:
Threshold 0.01:
Threshold 0.02:
polytomy of size 3; rounds with additions with at least 5 support: 0; clusters: 5283
Threshold 0.05:
polytomy of size 3; rounds with additions with at least 5 support: 0; clusters: 5283
polytomy of size 4; rounds with additions with at least 5 support: 0; clusters: 5283
Threshold 0.1:
polytomy of size 6; rounds with additions with at least 5 support: 1; clusters: 5285
Threshold 0.2:
polytomy of size 7; rounds with additions with at least 5 support: 0; clusters: 5285
Threshold 0.3333333333333333:
polytomy of size 3; rounds with additions with at least 5 support: 0; clusters: 5285
polytomy of size 9; rounds with additions with at least 5 support: 0; clusters: 5285
max k is :2
Number of Clusters after addition by greedy: 5285
gradient1 in heuristiic: 2
calculating extra bipartitions to be added at level 1 ...
Adding to X using resolutions of greedy consensus ...
Limit for sigma of degrees:675
polytomy size limit : 6
discarded polytomies:  [3, 3, 3, 4, 6, 6]
Threshold 0.0:
Threshold 0.01:
Threshold 0.02:
Threshold 0.05:
Threshold 0.1:
polytomy of size 3; rounds with additions with at least 5 support: 0; clusters: 5285
Threshold 0.2:
polytomy of size 3; rounds with additions with at least 5 support: 0; clusters: 5285
polytomy of size 6; rounds with additions with at least 5 support: 0; clusters: 5285
Threshold 0.3333333333333333:
polytomy of size 3; rounds with additions with at least 5 support: 0; clusters: 5285
polytomy of size 4; rounds with additions with at least 5 support: 0; clusters: 5285
polytomy of size 6; rounds with additions with at least 5 support: 0; clusters: 5285
max k is :0
Number of Clusters after addition by greedy: 5285
gradient2 in heuristiic: 0
partitions formed in 50.697 secs
Dynamic Programming starting after 50.697 secs
Using tree-based weight calculation.
Using polytree-based weight calculation.
Polytree max score: 14446348
Polytree building time: 0.074 seconds.
Number of quartet trees in the gene trees: 14426519
Size of largest cluster: 100
Greedy score: 6634863
estimationFactor: 2.177339141943161
Sub-optimal score: 7428319
Total Number of elements weighted: 33920
Normalized score (portion of input quartet trees satisfied before correcting for multiple individuals): 0.538153278694604
Optimization score: 7763678
Optimal tree inferred in 64.615 secs.
(24,((20,(22,(25,21))),(23,(((10,(16,19)),(3,(17,(1,11)))),(8,((12,(9,(13,4))),(18,(7,((2,5),(15,(14,6)))))))))));
Final quartet score is: 8072517
Final normalized quartet score is: 0.5595609724008959
((14_3,14_2,14_1,14_4)0.02:0.0,((6_1,6_2,6_3,6_4)0.01:0.0,((15_2,15_1,15_4,15_3)0.14:0.0,(((2_1,2_2,2_3,2_4)0.05:0.0,(5_1,5_2,5_3,5_4)0.04:0.0)1:0.364561058677218,((7_1,7_2,7_3,7_4)0.09:0.0,((18_3,18_2,18_1)0.19:0.0,(((12_5,12_4,12_3,12_2,12_1)0.31:0.0,((9_1,9_2,9_3,9_4)0.26:0.0,((13_4,13_3,13_2,13_1,13_5)0.02:0.0,(4_1,4_2,4_3,4_4,4_5)0.04:0.0)1:1.2819320591451584)0.4:0.008713013450654549)1:0.15541455572731266,((8_1,8_2,8_3,8_4)0.94:0.2689256575491052,((((10_4,10_3,10_2,10_1)0.41:0.016793952576304366,((16_1,16_4,16_3,16_2)0.06:0.0,(19_4,19_3,19_2,19_1)0.1:0.0)1:0.484374666119618)1:0.6266827737952537,((3_1,3_2,3_3,3_4)0.66:0.11524582575726576,((17_5,17_4,17_3,17_2,17_1)0.32:0.0,((1_1,1_2,1_3,1_4,1_5)0.04:0.0,(11_6,11_5,11_4,11_3,11_2,11_1)0.1:0.0)1:1.2568564178083157)1:0.23418029500942214)0.99:0.10008206064778954)1:0.21823351603431634,((23_3,23_2,23_1)0.5:0.05383807407152099,(((20_3,20_2,20_1)0.26:0.0,((22_3,22_2,22_1)0.12:0.0,((25_3,25_2,25_1)0.06:0.0,(21_3,21_2,21_1)0.09:0.0)1:0.20224770491475053)1:0.384991041824501)1:0.31441893649981845,(24_3,24_2,24_1)0.76:0.15647768931248532)1:0.13535893901868293)1:1.880413498976231)1:0.15372980223435342)1:0.41775995670833826)1:0.25535264252764256)0.99:0.10433572976014942)0.92:0.0685069821690829)0.24:0.0)1:1.0168194601334506));
Weight calculation took 13.717812001 secs
ASTRAL finished in 65.045 secs
