
================== ASTRAL ===================== 

This is ASTRAL version 5.6.3
Gene trees are treated as unrooted
500 trees read from g_trees-raxml-sqlen-250-ngen-500-s2g.trees
All output trees will be *arbitrarily* rooted at 14

======== Running the main analysis
Number of taxa: 100 (25 species)
Taxa: {22=[22_3, 22_2, 22_1], 23=[23_3, 23_2, 23_1], 24=[24_3, 24_2, 24_1], 25=[25_3, 25_2, 25_1], 10=[10_4, 10_3, 10_2, 10_1], 11=[11_6, 11_5, 11_4, 11_3, 11_2, 11_1], 12=[12_5, 12_4, 12_3, 12_2, 12_1], 13=[13_4, 13_3, 13_2, 13_1, 13_5], 14=[14_3, 14_2, 14_1, 14_4], 15=[15_2, 15_1, 15_4, 15_3], 16=[16_1, 16_4, 16_3, 16_2], 17=[17_5, 17_4, 17_3, 17_2, 17_1], 18=[18_3, 18_2, 18_1], 19=[19_4, 19_3, 19_2, 19_1], 1=[1_1, 1_2, 1_3, 1_4, 1_5], 2=[2_1, 2_2, 2_3, 2_4], 3=[3_1, 3_2, 3_3, 3_4], 4=[4_1, 4_2, 4_3, 4_4, 4_5], 5=[5_1, 5_2, 5_3, 5_4], 6=[6_1, 6_2, 6_3, 6_4], 7=[7_1, 7_2, 7_3, 7_4], 8=[8_1, 8_2, 8_3, 8_4], 9=[9_1, 9_2, 9_3, 9_4], 20=[20_3, 20_2, 20_1], 21=[21_3, 21_2, 21_1]}
Taxon occupancy: {14_3=8, 14_2=72, 14_1=431, 10_4=1, 10_3=9, 10_2=67, 10_1=420, 18_3=12, 18_2=66, 18_1=432, 14_4=2, 25_3=4, 25_2=44, 25_1=433, 21_3=6, 3_1=419, 21_2=50, 21_1=433, 3_2=53, 3_3=11, 3_4=2, 7_1=427, 7_2=63, 7_3=11, 7_4=3, 13_4=1, 13_3=12, 13_2=66, 13_1=430, 17_5=1, 17_4=2, 17_3=13, 17_2=60, 17_1=430, 13_5=1, 24_3=4, 24_2=44, 24_1=434, 2_1=428, 2_2=71, 20_3=5, 20_2=53, 2_3=9, 20_1=429, 2_4=3, 6_1=430, 6_2=74, 6_3=8, 6_4=2, 16_1=423, 12_5=1, 12_4=2, 12_3=9, 12_2=68, 12_1=428, 16_4=2, 16_3=11, 16_2=58, 23_3=6, 1_1=427, 23_2=48, 23_1=436, 1_2=61, 1_3=12, 1_4=5, 5_1=431, 1_5=2, 5_2=67, 5_3=9, 5_4=3, 9_1=426, 9_2=67, 9_3=8, 9_4=1, 15_2=70, 11_6=1, 15_1=433, 11_5=2, 11_4=3, 11_3=13, 11_2=63, 11_1=424, 19_4=2, 19_3=11, 19_2=70, 19_1=423, 15_4=2, 15_3=10, 22_3=8, 22_2=53, 22_1=427, 4_1=430, 4_2=67, 4_3=12, 4_4=1, 8_1=428, 4_5=1, 8_2=64, 8_3=10, 8_4=2}
Number of gene trees: 500
500 trees have missing taxa
Calculating quartet distance matrix (for completion of X)
Species tree distances calculated ...
Will attempt to complete bipartitions from X before adding using a distance matrix.
Building set of clusters (X) from gene trees 
In second round sampling 3 rounds will be done
------------------------------
gradient0: 435
------------------------------
gradient1: 104
------------------------------
gradient2: 76
Number of Clusters after addition by distance: 615
calculating extra bipartitions to be added at level 1 ...
Adding to X using resolutions of greedy consensus ...
Limit for sigma of degrees:675
polytomy size limit : 3
discarded polytomies:  []
Threshold 0.0:
Threshold 0.01:
Threshold 0.02:
Threshold 0.05:
Threshold 0.1:
Threshold 0.2:
Threshold 0.3333333333333333:
max k is :0
Number of Clusters after addition by greedy: 615
gradient0 in heuristiic: 615
calculating extra bipartitions to be added at level 1 ...
Adding to X using resolutions of greedy consensus ...
Limit for sigma of degrees:675
polytomy size limit : 3
discarded polytomies:  []
Threshold 0.0:
Threshold 0.01:
Threshold 0.02:
Threshold 0.05:
Threshold 0.1:
Threshold 0.2:
Threshold 0.3333333333333333:
max k is :0
Number of Clusters after addition by greedy: 615
gradient1 in heuristiic: 0
calculating extra bipartitions to be added at level 1 ...
Adding to X using resolutions of greedy consensus ...
Limit for sigma of degrees:675
polytomy size limit : 3
discarded polytomies:  []
Threshold 0.0:
Threshold 0.01:
Threshold 0.02:
Threshold 0.05:
Threshold 0.1:
Threshold 0.2:
Threshold 0.3333333333333333:
max k is :0
Number of Clusters after addition by greedy: 615
gradient2 in heuristiic: 0
partitions formed in 30.413 secs
Dynamic Programming starting after 30.413 secs
Using tree-based weight calculation.
Using polytree-based weight calculation.
Polytree max score: 14446348
Polytree building time: 0.073 seconds.
Number of quartet trees in the gene trees: 14426519
Size of largest cluster: 100
Greedy score: 8528695
estimationFactor: 1.6938521075029649
Sub-optimal score: 9016714
Total Number of elements weighted: 1757
Normalized score (portion of input quartet trees satisfied before correcting for multiple individuals): 0.6545292041690722
Optimization score: 9442578
Optimal tree inferred in 31.299 secs.
(20,((22,(25,21)),(24,(23,(((10,(16,19)),(3,(17,(1,11)))),(8,((12,(9,(13,4))),(18,((7,15),((14,6),(2,5)))))))))));
Final quartet score is: 9737141
Final normalized quartet score is: 0.6749473660277993
((14_3,14_2,14_1,14_4)0.01:0.0,((6_1,6_2,6_3,6_4)0.01:0.0,(((2_1,2_2,2_3,2_4)0.01:0.0,(5_1,5_2,5_3,5_4)0.02:0.0)1:1.5684951655008648,(((7_1,7_2,7_3,7_4)0.07:0.0,(15_2,15_1,15_4,15_3)0.1:0.0)0.97:0.08821076967054217,((18_3,18_2,18_1)0.05:0.0,(((12_5,12_4,12_3,12_2,12_1)0.2:0.0,((9_1,9_2,9_3,9_4)0.16:0.0,((13_4,13_3,13_2,13_1,13_5)0.02:0.0,(4_1,4_2,4_3,4_4,4_5)0.03:0.0)1:2.001239000549135)1:0.3296397892444629)1:0.7103549209964715,((8_1,8_2,8_3,8_4)0.85:0.193999960387462,((((10_4,10_3,10_2,10_1)0.17:0.0,((16_1,16_4,16_3,16_2)0.04:0.0,(19_4,19_3,19_2,19_1)0.04:0.0)1:1.661633434150262)1:2.0974645827335903,((3_1,3_2,3_3,3_4)0.55:0.07165244650606176,((17_5,17_4,17_3,17_2,17_1)0.45:0.033164131079396655,((1_1,1_2,1_3,1_4,1_5)0.04:0.0,(11_6,11_5,11_4,11_3,11_2,11_1)0.04:0.0)1:2.4325772668383974)1:0.9625167789143759)1:0.8930340139540849)1:0.9114664095053459,((23_3,23_2,23_1)0.7:0.13014972091293284,((24_3,24_2,24_1)0.61:0.09585079439984176,(((22_3,22_2,22_1)0.06:0.0,((25_3,25_2,25_1)0.01:0.0,(21_3,21_2,21_1)0.04:0.0)1:0.5894950792269038)1:1.5268433873101457,(20_3,20_2,20_1)0.1:0.0)1:1.4484234525696313)1:0.16153500355419767)1:5.157777343769034)1:0.6356494295665329)1:1.7418183314551545)1:1.3215391037634532)1:0.7785848951597245)1:0.4262657241689383)1:2.1059008894410467));
Weight calculation took 0.866984284 secs
ASTRAL finished in 31.702 secs
