
================== ASTRAL ===================== 

This is ASTRAL version 5.6.3
Gene trees are treated as unrooted
25 trees read from g_trees-raxml-sqlen-50-ngen-25-s2g.trees
All output trees will be *arbitrarily* rooted at 16

======== Running the main analysis
Number of taxa: 60 (25 species)
Taxa: {22=[22_2, 22_1], 23=[23_2, 23_1], 24=[24_2, 24_1], 25=[25_2, 25_1], 10=[10_3, 10_2, 10_1], 11=[11_3, 11_2, 11_1], 12=[12_3, 12_2, 12_1], 13=[13_3, 13_2, 13_1], 14=[14_2, 14_1], 15=[15_2, 15_1], 16=[16_1, 16_3, 16_2], 17=[17_3, 17_2, 17_1], 18=[18_2, 18_1], 19=[19_3, 19_2, 19_1], 1=[1_1, 1_2], 2=[2_1, 2_2], 3=[3_1, 3_2, 3_3], 4=[4_1, 4_2, 4_3], 5=[5_1, 5_2], 6=[6_1, 6_2], 7=[7_1, 7_2], 8=[8_1, 8_2], 9=[9_1, 9_2], 20=[20_3, 20_2, 20_1], 21=[21_2, 21_1]}
Taxon occupancy: {16_1=23, 14_2=4, 14_1=23, 12_3=1, 12_2=4, 12_1=23, 10_3=2, 10_2=4, 10_1=23, 18_2=2, 18_1=23, 16_3=1, 16_2=4, 25_2=1, 25_1=22, 1_1=22, 23_2=1, 23_1=21, 1_2=3, 3_1=21, 21_2=3, 21_1=22, 3_2=2, 5_1=23, 3_3=2, 5_2=4, 7_1=21, 7_2=4, 9_1=21, 9_2=3, 15_2=4, 15_1=23, 13_3=1, 13_2=3, 13_1=22, 11_3=1, 11_2=3, 11_1=22, 19_3=1, 19_2=5, 19_1=23, 17_3=1, 17_2=2, 17_1=21, 24_2=3, 24_1=22, 2_1=23, 22_2=2, 22_1=20, 2_2=4, 20_3=1, 4_1=22, 20_2=1, 20_1=21, 4_2=2, 6_1=23, 4_3=1, 6_2=4, 8_1=21, 8_2=3}
Number of gene trees: 25
25 trees have missing taxa
Calculating quartet distance matrix (for completion of X)
Species tree distances calculated ...
Will attempt to complete bipartitions from X before adding using a distance matrix.
Building set of clusters (X) from gene trees 
In second round sampling 3 rounds will be done
------------------------------
gradient0: 353
------------------------------
gradient1: 92
------------------------------
gradient2: 98
Number of Clusters after addition by distance: 543
calculating extra bipartitions to be added at level 1 ...
Adding to X using resolutions of greedy consensus ...
Limit for sigma of degrees:675
polytomy size limit : 5
discarded polytomies:  [3, 3, 5]
Threshold 0.0:
Threshold 0.01:
Threshold 0.02:
Threshold 0.05:
Threshold 0.1:
Threshold 0.2:
polytomy of size 3; rounds with additions with at least 5 support: 0; clusters: 543
Threshold 0.3333333333333333:
polytomy of size 3; rounds with additions with at least 5 support: 0; clusters: 543
polytomy of size 5; rounds with additions with at least 5 support: 0; clusters: 543
max k is :0
Number of Clusters after addition by greedy: 543
gradient0 in heuristiic: 543
calculating extra bipartitions to be added at level 1 ...
Adding to X using resolutions of greedy consensus ...
Limit for sigma of degrees:675
polytomy size limit : 5
discarded polytomies:  [3, 3, 4, 5]
Threshold 0.0:
Threshold 0.01:
Threshold 0.02:
Threshold 0.05:
Threshold 0.1:
Threshold 0.2:
polytomy of size 3; rounds with additions with at least 5 support: 0; clusters: 543
Threshold 0.3333333333333333:
polytomy of size 4; rounds with additions with at least 5 support: 0; clusters: 543
polytomy of size 3; rounds with additions with at least 5 support: 0; clusters: 543
polytomy of size 5; rounds with additions with at least 5 support: 0; clusters: 543
max k is :0
Number of Clusters after addition by greedy: 543
gradient1 in heuristiic: 0
calculating extra bipartitions to be added at level 1 ...
Adding to X using resolutions of greedy consensus ...
Limit for sigma of degrees:675
polytomy size limit : 6
discarded polytomies:  [5, 6]
Threshold 0.0:
Threshold 0.01:
Threshold 0.02:
Threshold 0.05:
Threshold 0.1:
Threshold 0.2:
Threshold 0.3333333333333333:
polytomy of size 6; rounds with additions with at least 5 support: 0; clusters: 543
polytomy of size 5; rounds with additions with at least 5 support: 0; clusters: 543
max k is :0
Number of Clusters after addition by greedy: 543
gradient2 in heuristiic: 0
partitions formed in 2.907 secs
Dynamic Programming starting after 2.907 secs
Using tree-based weight calculation.
Using polytree-based weight calculation.
Polytree max score: 621271
Polytree building time: 0.015 seconds.
Number of quartet trees in the gene trees: 620822
Size of largest cluster: 60
Greedy score: 367466
estimationFactor: 1.6906874504206506
Sub-optimal score: 380536
Total Number of elements weighted: 1193
Normalized score (portion of input quartet trees satisfied before correcting for multiple individuals): 0.6326523544590881
Optimization score: 392764
Optimal tree inferred in 3.052 secs.
(25,(21,(22,(20,(24,(23,(((10,(16,19)),(3,(17,(1,11)))),(8,(12,(9,((13,4),(18,(15,(7,((5,2),(14,6))))))))))))))));
Final quartet score is: 404439
Final normalized quartet score is: 0.6514572615016865
You may want to ignore posterior probabilities and other statistics related to the following branch branch because the effective number of genes impacting it is only 3:
	{16}
You may want to ignore posterior probabilities and other statistics related to the following branch branch because the effective number of genes impacting it is only 3:
	{19}
You may want to ignore posterior probabilities and other statistics related to the following branch branch because the effective number of genes impacting it is only 3:
	{10}
You may want to ignore posterior probabilities and other statistics related to the following branch branch because the effective number of genes impacting it is only 2:
	{3}
You may want to ignore posterior probabilities and other statistics related to the following branch branch because the effective number of genes impacting it is only 1:
	{17}
You may want to ignore posterior probabilities and other statistics related to the following branch branch because the effective number of genes impacting it is only 3:
	{1}
You may want to ignore posterior probabilities and other statistics related to the following branch branch because the effective number of genes impacting it is only 2:
	{11}
You may want to ignore posterior probabilities and other statistics related to the following branch branch because the effective number of genes impacting it is only 18:
	{1, 11, 17}
You may want to ignore posterior probabilities and other statistics related to the following branch branch because the effective number of genes impacting it is only 19:
	{1, 3, 11, 17}
You may want to ignore posterior probabilities and other statistics related to the following branch branch because the effective number of genes impacting it is only 2:
	{8}
You may want to ignore posterior probabilities and other statistics related to the following branch branch because the effective number of genes impacting it is only 3:
	{12}
You may want to ignore posterior probabilities and other statistics related to the following branch branch because the effective number of genes impacting it is only 3:
	{9}
You may want to ignore posterior probabilities and other statistics related to the following branch branch because the effective number of genes impacting it is only 2:
	{13}
You may want to ignore posterior probabilities and other statistics related to the following branch branch because the effective number of genes impacting it is only 1:
	{4}
You may want to ignore posterior probabilities and other statistics related to the following branch branch because the effective number of genes impacting it is only 2:
	{18}
You may want to ignore posterior probabilities and other statistics related to the following branch branch because the effective number of genes impacting it is only 4:
	{15}
You may want to ignore posterior probabilities and other statistics related to the following branch branch because the effective number of genes impacting it is only 4:
	{7}
You may want to ignore posterior probabilities and other statistics related to the following branch branch because the effective number of genes impacting it is only 4:
	{5}
You may want to ignore posterior probabilities and other statistics related to the following branch branch because the effective number of genes impacting it is only 4:
	{2}
You may want to ignore posterior probabilities and other statistics related to the following branch branch because the effective number of genes impacting it is only 4:
	{14}
You may want to ignore posterior probabilities and other statistics related to the following branch branch because the effective number of genes impacting it is only 4:
	{6}
You may want to ignore posterior probabilities and other statistics related to the following branch branch because the effective number of genes impacting it is only 19:
	{14, 12, 18, 5, 7, 9, 15, 13, 2, 4, 6, 8}
You may want to ignore posterior probabilities and other statistics related to the following branch branch because the effective number of genes impacting it is only 1:
	{23}
You may want to ignore posterior probabilities and other statistics related to the following branch branch because the effective number of genes impacting it is only 3:
	{24}
You may want to ignore posterior probabilities and other statistics related to the following branch branch because the effective number of genes impacting it is only 1:
	{20}
You may want to ignore posterior probabilities and other statistics related to the following branch branch because the effective number of genes impacting it is only 2:
	{22}
You may want to ignore posterior probabilities and other statistics related to the following branch branch because the effective number of genes impacting it is only 3:
	{21}
You may want to ignore posterior probabilities and other statistics related to the following branch branch because the effective number of genes impacting it is only 1:
	{25}
You may want to ignore posterior probabilities and other statistics related to the following branch branch because the effective number of genes impacting it is only 19:
	{25, 21, 24, 22, 20}
((16_1,16_3,16_2)0.16:0.0,((19_3,19_2,19_1)0.13:0.0,((10_3,10_2,10_1)0.44:0.008186555776569671,(((3_1,3_2,3_3)0.39:0.0,((17_3,17_2,17_1)0.25:0.0,((1_1,1_2)0.14:0.0,(11_3,11_2,11_1)0.18:0.0)1:1.0196641945464282)0.95:0.3948003519424156)0.64:0.12936621126033496,(((8_1,8_2)0.48:0.032260862218221324,((12_3,12_2,12_1)0.36:0.0,((9_1,9_2)0.14:0.0,(((13_3,13_2,13_1)0.17:0.0,(4_1,4_2,4_3)0.21:0.0)1:1.5937778859447065,((18_2,18_1)0.2:0.0,((15_2,15_1)0.12:0.0,((7_1,7_2)0.13:0.0,(((5_1,5_2)0.26:0.0,(2_1,2_2)0.13:0.0)1:0.6939150191321959,((14_2,14_1)0.11:0.0,(6_1,6_2)0.11:0.0)1:1.063425188003359)0.47:0.06673650626440575)0.26:0.0)0.38:0.040751613914912575)0.93:0.3288967542458771)0.15:0.0)0.16:0.0)1:0.6973202786829144)0.86:0.28358359750768714,((23_2,23_1)0.67:0.2876820724517809,((24_2,24_1)0.32:0.0,((20_3,20_2,20_1)0.33:0.0,((22_2,22_1)0.29:0.0,((21_2,21_1)0.36:0.0,(25_2,25_1)0.23:0.0)0.95:0.38624380055272794)0.99:0.5562073674695761)0.98:0.492106644768119)0.8:0.22454255578054894)1:1.8473584753268182)0.92:0.3136458707467439)1:0.819551647926831)1:0.9215645969960348));
Weight calculation took 0.089960925 secs
ASTRAL finished in 3.157 secs
