
================== ASTRAL ===================== 

This is ASTRAL version 5.6.3
Gene trees are treated as unrooted
100 trees read from g_trees-raxml-sqlen-50-ngen-100-s2g.trees
All output trees will be *arbitrarily* rooted at 14

======== Running the main analysis
Number of taxa: 77 (25 species)
Taxa: {22=[22_3, 22_2, 22_1], 23=[23_3, 23_2, 23_1], 24=[24_2, 24_1], 25=[25_3, 25_2, 25_1], 10=[10_3, 10_2, 10_1], 11=[11_3, 11_2, 11_1], 12=[12_4, 12_3, 12_2, 12_1], 13=[13_3, 13_2, 13_1], 14=[14_3, 14_2, 14_1], 15=[15_2, 15_1, 15_3], 16=[16_1, 16_3, 16_2], 17=[17_3, 17_2, 17_1], 18=[18_3, 18_2, 18_1], 19=[19_3, 19_2, 19_1], 1=[1_1, 1_2, 1_3, 1_4], 2=[2_1, 2_2, 2_3], 3=[3_1, 3_2, 3_3, 3_4], 4=[4_1, 4_2, 4_3], 5=[5_1, 5_2, 5_3], 6=[6_1, 6_2, 6_3], 7=[7_1, 7_2, 7_3], 8=[8_1, 8_2, 8_3], 9=[9_1, 9_2, 9_3], 20=[20_3, 20_2, 20_1], 21=[21_3, 21_2, 21_1]}
Taxon occupancy: {16_1=86, 14_3=2, 14_2=19, 12_4=1, 14_1=88, 12_3=3, 12_2=14, 12_1=91, 10_3=4, 10_2=13, 10_1=87, 18_3=4, 18_2=16, 18_1=89, 16_3=3, 16_2=13, 25_3=1, 25_2=9, 25_1=93, 23_3=3, 1_1=85, 23_2=7, 23_1=84, 1_2=12, 21_3=1, 3_1=79, 21_2=11, 1_3=3, 21_1=94, 3_2=9, 1_4=1, 5_1=89, 3_3=5, 5_2=20, 3_4=1, 7_1=86, 5_3=2, 7_2=18, 9_1=90, 7_3=2, 9_2=14, 9_3=1, 15_2=17, 15_1=90, 13_3=3, 13_2=16, 13_1=90, 11_3=3, 11_2=13, 11_1=86, 19_3=2, 19_2=15, 19_1=87, 17_3=2, 17_2=8, 17_1=84, 15_3=2, 24_2=13, 24_1=92, 22_3=1, 2_1=89, 22_2=10, 22_1=92, 2_2=21, 20_3=2, 4_1=89, 20_2=11, 2_3=3, 20_1=90, 4_2=15, 6_1=88, 4_3=3, 6_2=19, 8_1=86, 6_3=2, 8_2=11, 8_3=1}
Number of gene trees: 100
100 trees have missing taxa
Calculating quartet distance matrix (for completion of X)
Species tree distances calculated ...
Will attempt to complete bipartitions from X before adding using a distance matrix.
Building set of clusters (X) from gene trees 
In second round sampling 3 rounds will be done
------------------------------
gradient0: 761
------------------------------
gradient1: 216
------------------------------
gradient2: 268
Number of Clusters after addition by distance: 1245
calculating extra bipartitions to be added at level 1 ...
Adding to X using resolutions of greedy consensus ...
Limit for sigma of degrees:675
polytomy size limit : 6
discarded polytomies:  [4, 6]
Threshold 0.0:
Threshold 0.01:
Threshold 0.02:
Threshold 0.05:
Threshold 0.1:
Threshold 0.2:
polytomy of size 4; rounds with additions with at least 5 support: 0; clusters: 1245
Threshold 0.3333333333333333:
polytomy of size 6; rounds with additions with at least 5 support: 0; clusters: 1245
max k is :0
Number of Clusters after addition by greedy: 1245
gradient0 in heuristiic: 1245
calculating extra bipartitions to be added at level 1 ...
Adding to X using resolutions of greedy consensus ...
Limit for sigma of degrees:675
polytomy size limit : 5
discarded polytomies:  [3, 3, 4, 5]
Threshold 0.0:
Threshold 0.01:
Threshold 0.02:
Threshold 0.05:
Threshold 0.1:
Threshold 0.2:
polytomy of size 3; rounds with additions with at least 5 support: 0; clusters: 1245
Threshold 0.3333333333333333:
polytomy of size 3; rounds with additions with at least 5 support: 0; clusters: 1245
polytomy of size 5; rounds with additions with at least 5 support: 0; clusters: 1245
polytomy of size 4; rounds with additions with at least 5 support: 0; clusters: 1245
max k is :0
Number of Clusters after addition by greedy: 1245
gradient1 in heuristiic: 0
calculating extra bipartitions to be added at level 1 ...
Adding to X using resolutions of greedy consensus ...
Limit for sigma of degrees:675
polytomy size limit : 7
discarded polytomies:  [3, 4, 5, 7]
Threshold 0.0:
Threshold 0.01:
Threshold 0.02:
Threshold 0.05:
Threshold 0.1:
Threshold 0.2:
polytomy of size 4; rounds with additions with at least 5 support: 0; clusters: 1245
Threshold 0.3333333333333333:
polytomy of size 7; rounds with additions with at least 5 support: 0; clusters: 1245
polytomy of size 5; rounds with additions with at least 5 support: 0; clusters: 1245
polytomy of size 3; rounds with additions with at least 5 support: 0; clusters: 1245
max k is :0
Number of Clusters after addition by greedy: 1245
gradient2 in heuristiic: 0
partitions formed in 8.224 secs
Dynamic Programming starting after 8.224 secs
Using tree-based weight calculation.
Using polytree-based weight calculation.
Polytree max score: 3130173
Polytree building time: 0.026 seconds.
Number of quartet trees in the gene trees: 3127308
Size of largest cluster: 77
Greedy score: 1644942
estimationFactor: 1.9029072444781505
Sub-optimal score: 1799881
Total Number of elements weighted: 4456
Normalized score (portion of input quartet trees satisfied before correcting for multiple individuals): 0.593604307602577
Optimization score: 1856383
Optimal tree inferred in 8.736 secs.
(24,((20,(22,(25,21))),(23,((8,((10,(16,19)),(3,(17,(1,11))))),((12,(9,(13,4))),(18,(15,(7,((5,2),(14,6))))))))));
Final quartet score is: 1918241
Final normalized quartet score is: 0.6133840990398132
You may want to ignore posterior probabilities and other statistics related to the following branch branch because the effective number of genes impacting it is only 13:
	{14}
You may want to ignore posterior probabilities and other statistics related to the following branch branch because the effective number of genes impacting it is only 13:
	{6}
You may want to ignore posterior probabilities and other statistics related to the following branch branch because the effective number of genes impacting it is only 14:
	{5}
You may want to ignore posterior probabilities and other statistics related to the following branch branch because the effective number of genes impacting it is only 15:
	{2}
You may want to ignore posterior probabilities and other statistics related to the following branch branch because the effective number of genes impacting it is only 12:
	{7}
You may want to ignore posterior probabilities and other statistics related to the following branch branch because the effective number of genes impacting it is only 12:
	{15}
You may want to ignore posterior probabilities and other statistics related to the following branch branch because the effective number of genes impacting it is only 12:
	{18}
You may want to ignore posterior probabilities and other statistics related to the following branch branch because the effective number of genes impacting it is only 8:
	{12}
You may want to ignore posterior probabilities and other statistics related to the following branch branch because the effective number of genes impacting it is only 9:
	{9}
You may want to ignore posterior probabilities and other statistics related to the following branch branch because the effective number of genes impacting it is only 11:
	{13}
You may want to ignore posterior probabilities and other statistics related to the following branch branch because the effective number of genes impacting it is only 11:
	{4}
You may want to ignore posterior probabilities and other statistics related to the following branch branch because the effective number of genes impacting it is only 7:
	{8}
You may want to ignore posterior probabilities and other statistics related to the following branch branch because the effective number of genes impacting it is only 10:
	{10}
You may want to ignore posterior probabilities and other statistics related to the following branch branch because the effective number of genes impacting it is only 9:
	{16}
You may want to ignore posterior probabilities and other statistics related to the following branch branch because the effective number of genes impacting it is only 10:
	{19}
You may want to ignore posterior probabilities and other statistics related to the following branch branch because the effective number of genes impacting it is only 6:
	{3}
You may want to ignore posterior probabilities and other statistics related to the following branch branch because the effective number of genes impacting it is only 6:
	{17}
You may want to ignore posterior probabilities and other statistics related to the following branch branch because the effective number of genes impacting it is only 7:
	{1}
You may want to ignore posterior probabilities and other statistics related to the following branch branch because the effective number of genes impacting it is only 9:
	{11}
You may want to ignore posterior probabilities and other statistics related to the following branch branch because the effective number of genes impacting it is only 5:
	{23}
You may want to ignore posterior probabilities and other statistics related to the following branch branch because the effective number of genes impacting it is only 8:
	{20}
You may want to ignore posterior probabilities and other statistics related to the following branch branch because the effective number of genes impacting it is only 7:
	{22}
You may want to ignore posterior probabilities and other statistics related to the following branch branch because the effective number of genes impacting it is only 6:
	{25}
You may want to ignore posterior probabilities and other statistics related to the following branch branch because the effective number of genes impacting it is only 7:
	{21}
You may want to ignore posterior probabilities and other statistics related to the following branch branch because the effective number of genes impacting it is only 13:
	{24}
((14_3,14_2,14_1)0.04:0.0,((6_1,6_2,6_3)0.05:0.0,(((5_1,5_2,5_3)0.09:0.0,(2_1,2_2,2_3)0.09:0.0)1:0.5208901328573569,((7_1,7_2,7_3)0.15:0.0,((15_2,15_1,15_3)0.11:0.0,((18_3,18_2,18_1)0.21:0.0,(((12_4,12_3,12_2,12_1)0.16:0.0,((9_1,9_2,9_3)0.18:0.0,((13_3,13_2,13_1)0.05:0.0,(4_1,4_2,4_3)0.06:0.0)1:1.3472842214416614)0.66:0.07214700237919688)1:0.38408492590285936,(((8_1,8_2,8_3)0.68:0.21292843789892751,(((10_3,10_2,10_1)0.36:0.0,((16_1,16_3,16_2)0.08:0.0,(19_3,19_2,19_1)0.09:0.0)1:0.5548785685493335)1:0.9651114972113597,((3_1,3_2,3_3,3_4)0.39:0.0,((17_3,17_2,17_1)0.22:0.0,((1_1,1_2,1_3,1_4)0.13:0.0,(11_3,11_2,11_1)0.15:0.0)1:1.3943223921073264)0.97:0.2188796535937034)0.98:0.22676791923478604)1:0.5285406681092489)0.09:0.0,((23_3,23_2,23_1)0.5:0.07603290056330624,(((20_3,20_2,20_1)0.23:0.0,((22_3,22_2,22_1)0.17:0.0,((25_3,25_2,25_1)0.1:0.0,(21_3,21_2,21_1)0.16:0.0)0.96:0.1739023160630598)1:0.7734383642541067)1:0.5613506997826799,(24_2,24_1)0.55:0.09977063649763265)0.74:0.09864386980667846)1:2.529101618826291)1:0.781607847801607)1:0.27993897380058363)0.98:0.20441734121918884)0.18:0.0)0.62:0.07595673919156709)1:1.1603160840935647));
Weight calculation took 0.429865028 secs
ASTRAL finished in 8.885 secs
