
================== ASTRAL ===================== 

This is ASTRAL version 5.6.3
Gene trees are treated as unrooted
25 trees read from g_trees-raxml-sqlen-250-ngen-25-s2g.trees
All output trees will be *arbitrarily* rooted at 16

======== Running the main analysis
Number of taxa: 60 (25 species)
Taxa: {22=[22_2, 22_1], 23=[23_2, 23_1], 24=[24_2, 24_1], 25=[25_2, 25_1], 10=[10_3, 10_2, 10_1], 11=[11_3, 11_2, 11_1], 12=[12_3, 12_2, 12_1], 13=[13_3, 13_2, 13_1], 14=[14_2, 14_1], 15=[15_2, 15_1], 16=[16_1, 16_3, 16_2], 17=[17_3, 17_2, 17_1], 18=[18_2, 18_1], 19=[19_3, 19_2, 19_1], 1=[1_1, 1_2], 2=[2_1, 2_2], 3=[3_1, 3_2, 3_3], 4=[4_1, 4_2, 4_3], 5=[5_1, 5_2], 6=[6_1, 6_2], 7=[7_1, 7_2], 8=[8_1, 8_2], 9=[9_1, 9_2], 20=[20_3, 20_2, 20_1], 21=[21_2, 21_1]}
Taxon occupancy: {16_1=23, 14_2=4, 14_1=23, 12_3=1, 12_2=4, 12_1=23, 10_3=2, 10_2=4, 10_1=23, 18_2=2, 18_1=23, 16_3=1, 16_2=4, 25_2=1, 25_1=22, 1_1=22, 23_2=1, 23_1=21, 1_2=3, 3_1=21, 21_2=3, 21_1=22, 3_2=2, 5_1=23, 3_3=2, 5_2=4, 7_1=21, 7_2=4, 9_1=21, 9_2=3, 15_2=4, 15_1=23, 13_3=1, 13_2=3, 13_1=22, 11_3=1, 11_2=3, 11_1=22, 19_3=1, 19_2=5, 19_1=23, 17_3=1, 17_2=2, 17_1=21, 24_2=3, 24_1=22, 2_1=23, 22_2=2, 22_1=20, 2_2=4, 20_3=1, 4_1=22, 20_2=1, 20_1=21, 4_2=2, 6_1=23, 4_3=1, 6_2=4, 8_1=21, 8_2=3}
Number of gene trees: 25
25 trees have missing taxa
Calculating quartet distance matrix (for completion of X)
Species tree distances calculated ...
Will attempt to complete bipartitions from X before adding using a distance matrix.
Building set of clusters (X) from gene trees 
In second round sampling 3 rounds will be done
------------------------------
gradient0: 189
------------------------------
gradient1: 26
------------------------------
gradient2: 22
Number of Clusters after addition by distance: 237
calculating extra bipartitions to be added at level 1 ...
Adding to X using resolutions of greedy consensus ...
Limit for sigma of degrees:675
polytomy size limit : 3
discarded polytomies:  []
Threshold 0.0:
Threshold 0.01:
Threshold 0.02:
Threshold 0.05:
Threshold 0.1:
Threshold 0.2:
Threshold 0.3333333333333333:
max k is :0
Number of Clusters after addition by greedy: 237
gradient0 in heuristiic: 237
calculating extra bipartitions to be added at level 1 ...
Adding to X using resolutions of greedy consensus ...
Limit for sigma of degrees:675
polytomy size limit : 3
discarded polytomies:  []
Threshold 0.0:
Threshold 0.01:
Threshold 0.02:
Threshold 0.05:
Threshold 0.1:
Threshold 0.2:
Threshold 0.3333333333333333:
max k is :0
Number of Clusters after addition by greedy: 237
gradient1 in heuristiic: 0
calculating extra bipartitions to be added at level 1 ...
Adding to X using resolutions of greedy consensus ...
Limit for sigma of degrees:675
polytomy size limit : 3
discarded polytomies:  []
Threshold 0.0:
Threshold 0.01:
Threshold 0.02:
Threshold 0.05:
Threshold 0.1:
Threshold 0.2:
Threshold 0.3333333333333333:
max k is :0
Number of Clusters after addition by greedy: 237
gradient2 in heuristiic: 0
partitions formed in 2.269 secs
Dynamic Programming starting after 2.269 secs
Using tree-based weight calculation.
Using polytree-based weight calculation.
Polytree max score: 621271
Polytree building time: 0.013 seconds.
Number of quartet trees in the gene trees: 620822
Size of largest cluster: 60
Greedy score: 401224
estimationFactor: 1.548439275816003
Sub-optimal score: 418277
Total Number of elements weighted: 356
Normalized score (portion of input quartet trees satisfied before correcting for multiple individuals): 0.7114728537326319
Optimization score: 441698
Optimal tree inferred in 2.348 secs.
(5,(2,((14,6),((7,15),(18,((12,(9,(13,4))),(8,((23,(24,(20,(22,(25,21))))),((10,(16,19)),(3,(17,(1,11))))))))))));
Final quartet score is: 452889
Final normalized quartet score is: 0.7294989546117889
You may want to ignore posterior probabilities and other statistics related to the following branch branch because the effective number of genes impacting it is only 3:
	{16}
You may want to ignore posterior probabilities and other statistics related to the following branch branch because the effective number of genes impacting it is only 3:
	{19}
You may want to ignore posterior probabilities and other statistics related to the following branch branch because the effective number of genes impacting it is only 3:
	{10}
You may want to ignore posterior probabilities and other statistics related to the following branch branch because the effective number of genes impacting it is only 2:
	{3}
You may want to ignore posterior probabilities and other statistics related to the following branch branch because the effective number of genes impacting it is only 1:
	{17}
You may want to ignore posterior probabilities and other statistics related to the following branch branch because the effective number of genes impacting it is only 3:
	{1}
You may want to ignore posterior probabilities and other statistics related to the following branch branch because the effective number of genes impacting it is only 2:
	{11}
You may want to ignore posterior probabilities and other statistics related to the following branch branch because the effective number of genes impacting it is only 18:
	{1, 11, 17}
You may want to ignore posterior probabilities and other statistics related to the following branch branch because the effective number of genes impacting it is only 19:
	{1, 3, 11, 17}
You may want to ignore posterior probabilities and other statistics related to the following branch branch because the effective number of genes impacting it is only 1:
	{23}
You may want to ignore posterior probabilities and other statistics related to the following branch branch because the effective number of genes impacting it is only 3:
	{24}
You may want to ignore posterior probabilities and other statistics related to the following branch branch because the effective number of genes impacting it is only 1:
	{20}
You may want to ignore posterior probabilities and other statistics related to the following branch branch because the effective number of genes impacting it is only 2:
	{22}
You may want to ignore posterior probabilities and other statistics related to the following branch branch because the effective number of genes impacting it is only 1:
	{25}
You may want to ignore posterior probabilities and other statistics related to the following branch branch because the effective number of genes impacting it is only 3:
	{21}
You may want to ignore posterior probabilities and other statistics related to the following branch branch because the effective number of genes impacting it is only 19:
	{25, 21, 24, 22, 20}
You may want to ignore posterior probabilities and other statistics related to the following branch branch because the effective number of genes impacting it is only 2:
	{8}
You may want to ignore posterior probabilities and other statistics related to the following branch branch because the effective number of genes impacting it is only 3:
	{12}
You may want to ignore posterior probabilities and other statistics related to the following branch branch because the effective number of genes impacting it is only 3:
	{9}
You may want to ignore posterior probabilities and other statistics related to the following branch branch because the effective number of genes impacting it is only 2:
	{13}
You may want to ignore posterior probabilities and other statistics related to the following branch branch because the effective number of genes impacting it is only 1:
	{4}
You may want to ignore posterior probabilities and other statistics related to the following branch branch because the effective number of genes impacting it is only 2:
	{18}
You may want to ignore posterior probabilities and other statistics related to the following branch branch because the effective number of genes impacting it is only 4:
	{7}
You may want to ignore posterior probabilities and other statistics related to the following branch branch because the effective number of genes impacting it is only 4:
	{15}
You may want to ignore posterior probabilities and other statistics related to the following branch branch because the effective number of genes impacting it is only 4:
	{14}
You may want to ignore posterior probabilities and other statistics related to the following branch branch because the effective number of genes impacting it is only 4:
	{6}
You may want to ignore posterior probabilities and other statistics related to the following branch branch because the effective number of genes impacting it is only 4:
	{2}
You may want to ignore posterior probabilities and other statistics related to the following branch branch because the effective number of genes impacting it is only 4:
	{5}
You may want to ignore posterior probabilities and other statistics related to the following branch branch because the effective number of genes impacting it is only 19:
	{14, 12, 18, 5, 7, 9, 15, 13, 2, 4, 6, 8}
((16_1,16_3,16_2)0.15:0.0,((19_3,19_2,19_1)0.23:0.0,((10_3,10_2,10_1)0.33:0.0,(((3_1,3_2,3_3)0.39:0.0,((17_3,17_2,17_1)0.21:0.0,((1_1,1_2)0.14:0.0,(11_3,11_2,11_1)0.18:0.0)1:1.9391856501713944)1:1.0558031591013157)1:1.0074939671554188,(((23_2,23_1)0.67:0.2876820724517809,((24_2,24_1)0.69:0.2876820724517809,((20_3,20_2,20_1)0.28:0.0,((22_2,22_1)0.46:0.0,((25_2,25_1)0.22:0.0,(21_2,21_1)0.69:0.2876820724517809)0.7:0.2883881375803158)1:1.252762968495368)1:1.6386834805305626)0.95:0.39304258810960735)1:2.6390573296152575,((8_1,8_2)0.46:0.0,(((12_3,12_2,12_1)0.33:0.0,((9_1,9_2)0.13:0.0,((13_3,13_2,13_1)0.33:0.0,(4_1,4_2,4_3)0.21:0.0)1:2.005113538553354)1:0.7528012975798081)0.97:0.385164749308706,((18_2,18_1)0.17:0.0,(((7_1,7_2)0.15:0.0,(15_2,15_1)0.16:0.0)0.31:0.09867322878006886,(((14_2,14_1)0.11:0.0,(6_1,6_2)0.11:0.0)1:1.6809451028877642,((2_1,2_2)0.11:0.0,(5_1,5_2)0.26:0.0)1:0.8516696009070769)1:0.7637826819375845)1:0.7915872533731977)1:1.8562979903656265)1:1.8367108570903217)1:1.173201145659182)0.98:0.4574790840468656)1:1.5393513631365385)1:0.919840524450503));
Weight calculation took 0.03891271 secs
ASTRAL finished in 2.45 secs
