
================== ASTRAL ===================== 

This is ASTRAL version 5.6.3
Gene trees are treated as unrooted
182 trees read from g_trees-raxml-sqlen-100-ngen-100.trees.tree
All output trees will be *arbitrarily* rooted at 24

======== Running the main analysis
Number of taxa: 25 (25 species)
Taxa: [24, 23, 21, 25, 20, 18, 7, 14, 6, 5, 15, 2, 4, 13, 12, 9, 3, 1, 11, 17, 10, 16, 19, 22, 8]
Taxon occupancy: {22=148, 23=127, 24=146, 25=149, 10=163, 11=156, 12=169, 13=160, 14=155, 15=153, 16=157, 17=160, 18=163, 19=160, 1=155, 2=157, 3=144, 4=158, 5=156, 6=155, 7=151, 8=159, 9=161, 20=152, 21=149}
Number of gene trees: 182
149 trees have missing taxa
Calculating quartet distance matrix (for completion of X)
Species tree distances calculated ...
Will attempt to complete bipartitions from X before adding using a distance matrix.
Building set of clusters (X) from gene trees 
------------------------------
gradient0: 635
Number of Clusters after addition by distance: 635
calculating extra bipartitions to be added at level 1 ...
Adding to X using resolutions of greedy consensus ...
Limit for sigma of degrees:675
polytomy size limit : 3
discarded polytomies:  [3]
Threshold 0.0:
Threshold 0.01:
Threshold 0.02:
Threshold 0.05:
Threshold 0.1:
Threshold 0.2:
Threshold 0.3333333333333333:
polytomy of size 3; rounds with additions with at least 5 support: 0; clusters: 635
max k is :0
Number of Clusters after addition by greedy: 635
gradient0 in heuristiic: 635
partitions formed in 0.319 secs
Dynamic Programming starting after 0.319 secs
Using tree-based weight calculation.
Using polytree-based weight calculation.
Polytree max score: 1334078
Polytree building time: 0.051 seconds.
Number of quartet trees in the gene trees: 1334078
Size of largest cluster: 25
Greedy score: 1046033
estimationFactor: 1.2753689415152294
Sub-optimal score: 1117549
Total Number of elements weighted: 1516
Normalized score (portion of input quartet trees satisfied before correcting for multiple individuals): 0.8594684868500942
Optimization score: 1146598
Optimal tree inferred in 0.675 secs.
(20,((22,(21,25)),(24,(23,(((10,(16,19)),(3,(17,(1,11)))),(8,((12,(9,(4,13))),(18,(7,(15,((5,2),(14,6))))))))))));
Final quartet score is: 1146598
Final normalized quartet score is: 0.8594684868500942
(24,((23,(((10,(16,19)1:1.1008908364995824)1:2.176747586370928,(3,(17,(1,11)1:2.5223330553071173)1:0.4575775462869998)1:0.49236274285864856)1:0.6903169963185414,(8,((12,(9,(4,13)1:1.9980982198906232)1:0.40623840166762964)1:0.5556796443827862,(18,(7,(15,((5,2)1:0.8263666030239214,(14,6)1:2.495884179437512)1:0.2018690545756195)0.98:0.163858569933337)1:0.4464267363387571)1:0.9913082644954148)1:1.2479670881592502)1:0.5006461169241131)1:4.199705077879926)1:0.22908790818572813,((22,(21,25)1:0.3232106240842236)1:1.3748434509155314,20)1:1.2037771195396456));
Weight calculation took 0.244147888 secs
ASTRAL finished in 1.033 secs
