
================== ASTRAL ===================== 

This is ASTRAL version 5.6.3
Gene trees are treated as unrooted
47 trees read from g_trees-raxml-sqlen-25-ngen-25.trees.tree
All output trees will be *arbitrarily* rooted at 20

======== Running the main analysis
Number of taxa: 25 (25 species)
Taxa: [20, 24, 25, 21, 23, 3, 13, 4, 12, 9, 15, 6, 5, 14, 7, 2, 18, 10, 17, 11, 1, 16, 19, 22, 8]
Taxon occupancy: {22=33, 23=31, 24=35, 25=34, 10=45, 11=43, 12=35, 13=31, 14=34, 15=33, 16=45, 17=31, 18=35, 19=45, 1=43, 2=34, 3=33, 4=32, 5=33, 6=34, 7=31, 8=36, 9=32, 20=32, 21=35}
Number of gene trees: 47
41 trees have missing taxa
Calculating quartet distance matrix (for completion of X)
Species tree distances calculated ...
Will attempt to complete bipartitions from X before adding using a distance matrix.
Building set of clusters (X) from gene trees 
------------------------------
gradient0: 601
Number of Clusters after addition by distance: 601
calculating extra bipartitions to be added at level 1 ...
Adding to X using resolutions of greedy consensus ...
Limit for sigma of degrees:675
polytomy size limit : 7
discarded polytomies:  [3, 3, 3, 4, 5, 7]
Threshold 0.0:
Threshold 0.01:
Threshold 0.02:
Threshold 0.05:
Threshold 0.1:
polytomy of size 3; rounds with additions with at least 5 support: 0; clusters: 601
Threshold 0.2:
polytomy of size 3; rounds with additions with at least 5 support: 0; clusters: 601
polytomy of size 4; rounds with additions with at least 5 support: 1; clusters: 603
Threshold 0.3333333333333333:
polytomy of size 7; rounds with additions with at least 5 support: 0; clusters: 603
polytomy of size 5; rounds with additions with at least 5 support: 0; clusters: 603
polytomy of size 3; rounds with additions with at least 5 support: 0; clusters: 603
max k is :2
Number of Clusters after addition by greedy: 603
gradient0 in heuristiic: 603
partitions formed in 0.324 secs
Dynamic Programming starting after 0.324 secs
Using tree-based weight calculation.
Using polytree-based weight calculation.
Polytree max score: 244970
Polytree building time: 0.017 seconds.
Number of quartet trees in the gene trees: 244970
Size of largest cluster: 25
Greedy score: 162902
estimationFactor: 1.503787553252876
Sub-optimal score: 165616
Total Number of elements weighted: 1134
Normalized score (portion of input quartet trees satisfied before correcting for multiple individuals): 0.6961546311793281
Optimization score: 170537
Optimal tree inferred in 0.513 secs.
(23,((24,(20,(22,(25,21)))),(((17,(11,1)),(3,(10,(16,19)))),(8,(12,((9,(13,4)),(5,(2,(18,((6,14),(15,7)))))))))));
Final quartet score is: 170537
Final normalized quartet score is: 0.6961546311793281
(20,((22,(25,21)1:1.2447058928446335)0.98:0.37111599981688265,(24,((((17,(11,1)1:1.3229995107475767)1:0.5889189693198187,(3,(10,(16,19)1:0.6937065000090726)0.95:0.3080450070667329)0.42:0.061254860697823856)0.63:0.09675557187417613,(8,(12,((9,(13,4)1:1.486005235432876)0.95:0.32606241631837135,(5,(2,(18,((6,14)1:0.8621538112665564,(15,7)0.36:0.0507560387327319)0.99:0.40563361280903865)0.25:0.10392353239887034)0.21:0.04710557744891609)0.77:0.19755664356580693)0.47:0.04693846517997646)1:0.871754672651311)0.33:0.05914438673630631)1:2.0861305298306316,23)1:0.5032170142328054)0.38:0.042744717025064244));
Weight calculation took 0.119484865 secs
ASTRAL finished in 2.012 secs
