
================== ASTRAL ===================== 

This is ASTRAL version 5.6.3
Gene trees are treated as unrooted
169 trees read from g_trees-raxml-sqlen-250-ngen-100.trees.tree
All output trees will be *arbitrarily* rooted at 23

======== Running the main analysis
Number of taxa: 25 (25 species)
Taxa: [23, 24, 20, 25, 21, 12, 4, 13, 9, 5, 2, 7, 14, 6, 18, 15, 3, 17, 11, 1, 10, 16, 19, 22, 8]
Taxon occupancy: {22=147, 23=130, 24=143, 25=148, 10=155, 11=149, 12=152, 13=157, 14=142, 15=146, 16=150, 17=149, 18=149, 19=154, 1=148, 2=146, 3=139, 4=156, 5=145, 6=142, 7=150, 8=150, 9=154, 20=148, 21=149}
Number of gene trees: 169
131 trees have missing taxa
Calculating quartet distance matrix (for completion of X)
Species tree distances calculated ...
Will attempt to complete bipartitions from X before adding using a distance matrix.
Building set of clusters (X) from gene trees 
------------------------------
gradient0: 385
Number of Clusters after addition by distance: 385
calculating extra bipartitions to be added at level 1 ...
Adding to X using resolutions of greedy consensus ...
Limit for sigma of degrees:675
polytomy size limit : 3
discarded polytomies:  []
Threshold 0.0:
Threshold 0.01:
Threshold 0.02:
Threshold 0.05:
Threshold 0.1:
Threshold 0.2:
Threshold 0.3333333333333333:
max k is :0
Number of Clusters after addition by greedy: 385
gradient0 in heuristiic: 385
partitions formed in 0.216 secs
Dynamic Programming starting after 0.217 secs
Using tree-based weight calculation.
Using polytree-based weight calculation.
Polytree max score: 1352740
Polytree building time: 0.039 seconds.
Number of quartet trees in the gene trees: 1352740
Size of largest cluster: 25
Greedy score: 1253924
estimationFactor: 1.0788054140442322
Sub-optimal score: 1253924
Total Number of elements weighted: 643
Normalized score (portion of input quartet trees satisfied before correcting for multiple individuals): 0.9271020299540192
Optimization score: 1254128
Optimal tree inferred in 0.415 secs.
(21,(25,(22,(20,(24,(23,(((10,(16,19)),(3,(17,(11,1)))),(8,((12,(9,(4,13))),(18,((7,15),((14,6),(5,2)))))))))))));
Final quartet score is: 1254128
Final normalized quartet score is: 0.9271020299540192
(23,((((10,(16,19)1:1.3096816913511595)1:3.091233609090356,(3,(17,(11,1)1:3.857214768933152)1:0.5212253186065825)1:0.9030966788319433)1:1.15416673563784,(8,((12,(9,(4,13)1:3.242419206302851)1:0.5303878127302554)1:0.9696309277016967,(18,((7,15)0.42:0.014854441612124562,((14,6)1:4.507189777627891,(5,2)1:1.4759333765792977)1:0.7019127626042151)1:0.8035547286203483)1:1.7776962597720374)1:3.183485674230303)1:0.9671664025346084)1:4.406719247264248,(24,(20,(22,(25,21)1:0.7422404209553674)1:2.014929710340092)1:1.9321189016892557)1:0.23698895813626278));
Weight calculation took 0.107867214 secs
ASTRAL finished in 1.618 secs
