
================== ASTRAL ===================== 

This is ASTRAL version 5.6.3
Gene trees are treated as unrooted
935 trees read from g_trees-raxml-sqlen-100-ngen-500.trees.tree
All output trees will be *arbitrarily* rooted at 24

======== Running the main analysis
Number of taxa: 25 (25 species)
Taxa: [24, 23, 21, 25, 20, 18, 7, 14, 6, 5, 15, 2, 4, 13, 12, 9, 3, 1, 11, 17, 10, 16, 19, 22, 8]
Taxon occupancy: {22=698, 23=732, 24=747, 25=704, 10=779, 11=762, 12=827, 13=833, 14=813, 15=831, 16=790, 17=801, 18=837, 19=794, 1=769, 2=835, 3=776, 4=829, 5=816, 6=803, 7=816, 8=810, 9=804, 20=703, 21=704}
Number of gene trees: 935
782 trees have missing taxa
Calculating quartet distance matrix (for completion of X)
Species tree distances calculated ...
Will attempt to complete bipartitions from X before adding using a distance matrix.
Building set of clusters (X) from gene trees 
------------------------------
gradient0: 1273
Number of Clusters after addition by distance: 1273
calculating extra bipartitions to be added at level 1 ...
Adding to X using resolutions of greedy consensus ...
Limit for sigma of degrees:675
polytomy size limit : 3
discarded polytomies:  []
Threshold 0.0:
Threshold 0.01:
Threshold 0.02:
Threshold 0.05:
Threshold 0.1:
Threshold 0.2:
Threshold 0.3333333333333333:
max k is :0
Number of Clusters after addition by greedy: 1273
gradient0 in heuristiic: 1273
partitions formed in 0.494 secs
Dynamic Programming starting after 0.494 secs
Using tree-based weight calculation.
Using polytree-based weight calculation.
Polytree max score: 6551200
Polytree building time: 0.148 seconds.
Number of quartet trees in the gene trees: 6551200
Size of largest cluster: 25
Greedy score: 5025742
estimationFactor: 1.3035289117507425
Sub-optimal score: 5491224
Total Number of elements weighted: 4949
Normalized score (portion of input quartet trees satisfied before correcting for multiple individuals): 0.8496684576871413
Optimization score: 5566348
Optimal tree inferred in 2.903 secs.
(20,((22,(21,25)),(24,(23,(((10,(16,19)),(3,(17,(1,11)))),(8,((12,(9,(4,13))),(18,((7,15),((5,2),(14,6)))))))))));
Final quartet score is: 5566348
Final normalized quartet score is: 0.8496684576871413
(24,((23,(((10,(16,19)1:1.3776014190172698)1:1.6204747418190175,(3,(17,(1,11)1:2.929942848946768)1:0.7044052947852145)1:0.5231225304922988)1:0.613948360327806,(8,((12,(9,(4,13)1:2.4529351131673414)1:0.27094161843470826)1:0.4542800782030054,(18,((7,15)0.61:0.021602475906293103,((5,2)1:1.2337397936208034,(14,6)1:2.954763100153495)1:0.2647217671881036)1:0.47981030894380405)1:1.0348304305031755)1:1.2754153479860533)1:0.4629437208578504)1:4.398263153721539)0.76:0.039756289619622284,((22,(21,25)1:0.34560977119206565)1:0.9444243729955439,20)1:0.9739472112455899));
Weight calculation took 2.167290926 secs
ASTRAL finished in 3.212 secs
