
================== ASTRAL ===================== 

This is ASTRAL version 5.6.3
Gene trees are treated as unrooted
974 trees read from g_trees-raxml-sqlen-50-ngen-500.trees.tree
All output trees will be *arbitrarily* rooted at 20

======== Running the main analysis
Number of taxa: 25 (25 species)
Taxa: [20, 25, 21, 24, 23, 13, 4, 12, 9, 5, 18, 7, 2, 6, 14, 15, 3, 17, 11, 1, 10, 16, 19, 8, 22]
Taxon occupancy: {22=692, 23=704, 24=730, 25=725, 10=786, 11=795, 12=830, 13=815, 14=828, 15=846, 16=800, 17=826, 18=820, 19=802, 1=801, 2=832, 3=772, 4=812, 5=828, 6=824, 7=811, 8=838, 9=784, 20=741, 21=717}
Number of gene trees: 974
850 trees have missing taxa
Calculating quartet distance matrix (for completion of X)
Species tree distances calculated ...
Will attempt to complete bipartitions from X before adding using a distance matrix.
Building set of clusters (X) from gene trees 
------------------------------
gradient0: 2459
Number of Clusters after addition by distance: 2459
calculating extra bipartitions to be added at level 1 ...
Adding to X using resolutions of greedy consensus ...
Limit for sigma of degrees:675
polytomy size limit : 4
discarded polytomies:  [4]
Threshold 0.0:
Threshold 0.01:
Threshold 0.02:
Threshold 0.05:
Threshold 0.1:
Threshold 0.2:
Threshold 0.3333333333333333:
polytomy of size 4; rounds with additions with at least 5 support: 0; clusters: 2459
max k is :0
Number of Clusters after addition by greedy: 2459
gradient0 in heuristiic: 2459
partitions formed in 0.796 secs
Dynamic Programming starting after 0.796 secs
Using tree-based weight calculation.
Using polytree-based weight calculation.
Polytree max score: 6094147
Polytree building time: 0.178 seconds.
Number of quartet trees in the gene trees: 6094147
Size of largest cluster: 25
Greedy score: 4241056
estimationFactor: 1.4369409411240974
Sub-optimal score: 4688732
Total Number of elements weighted: 12905
Normalized score (portion of input quartet trees satisfied before correcting for multiple individuals): 0.7696588218170648
Optimization score: 4690414
Optimal tree inferred in 7.567 secs.
(23,((24,(20,(22,(25,21)))),(((10,(16,19)),(3,(17,(11,1)))),(8,((12,(9,(13,4))),(18,(15,(7,((6,14),(5,2))))))))));
Final quartet score is: 4690414
Final normalized quartet score is: 0.7696588218170648
(20,((22,(25,21)1:0.22453512580042756)1:0.7550059152786642,(24,((((10,(16,19)1:0.5974114207369204)1:1.0325330942897126,(3,(17,(11,1)1:1.829038429488423)1:0.3944667620841306)1:0.16944773674833688)1:0.25686406035366577,(8,((12,(9,(13,4)1:1.8470281058023452)1:0.08384685874670395)1:0.3434701541559901,(18,(15,(7,((6,14)1:1.531964734545595,(5,2)1:0.80566193671727)1:0.1303139806721349)0.5:0.015880851882636857)1:0.30351944619389476)1:0.5111085454476461)1:0.8748757428521161)1:0.21770330923624914)1:3.040081119009022,23)0.83:0.0656223111944155)1:0.46587321038968876));
Weight calculation took 6.439803061 secs
ASTRAL finished in 8.043 secs
