
================== ASTRAL ===================== 

This is ASTRAL version 5.6.3
Gene trees are treated as unrooted
120 trees read from g_trees-raxml-sqlen-25-ngen-50.trees.tree
All output trees will be *arbitrarily* rooted at 20

======== Running the main analysis
Number of taxa: 25 (25 species)
Taxa: [20, 24, 25, 21, 23, 3, 13, 4, 12, 9, 15, 6, 5, 14, 7, 2, 18, 10, 17, 11, 1, 16, 19, 22, 8]
Taxon occupancy: {22=79, 23=72, 24=86, 25=90, 10=109, 11=110, 12=90, 13=84, 14=84, 15=77, 16=107, 17=93, 18=80, 19=108, 1=109, 2=81, 3=79, 4=85, 5=75, 6=84, 7=79, 8=97, 9=98, 20=83, 21=92}
Number of gene trees: 120
111 trees have missing taxa
Calculating quartet distance matrix (for completion of X)
Species tree distances calculated ...
Will attempt to complete bipartitions from X before adding using a distance matrix.
Building set of clusters (X) from gene trees 
------------------------------
gradient0: 965
Number of Clusters after addition by distance: 965
calculating extra bipartitions to be added at level 1 ...
Adding to X using resolutions of greedy consensus ...
Limit for sigma of degrees:675
polytomy size limit : 4
discarded polytomies:  [3, 3, 3, 4, 4, 4]
Threshold 0.0:
Threshold 0.01:
Threshold 0.02:
Threshold 0.05:
Threshold 0.1:
Threshold 0.2:
polytomy of size 3; rounds with additions with at least 5 support: 0; clusters: 965
polytomy of size 3; rounds with additions with at least 5 support: 0; clusters: 965
Threshold 0.3333333333333333:
polytomy of size 4; rounds with additions with at least 5 support: 0; clusters: 965
polytomy of size 4; rounds with additions with at least 5 support: 0; clusters: 965
polytomy of size 4; rounds with additions with at least 5 support: 0; clusters: 965
polytomy of size 3; rounds with additions with at least 5 support: 0; clusters: 965
max k is :0
Number of Clusters after addition by greedy: 965
gradient0 in heuristiic: 965
partitions formed in 0.391 secs
Dynamic Programming starting after 0.391 secs
Using tree-based weight calculation.
Using polytree-based weight calculation.
Polytree max score: 559991
Polytree building time: 0.021 seconds.
Number of quartet trees in the gene trees: 559991
Size of largest cluster: 25
Greedy score: 365262
estimationFactor: 1.5331214306443046
Sub-optimal score: 376125
Total Number of elements weighted: 2378
Normalized score (portion of input quartet trees satisfied before correcting for multiple individuals): 0.7243955706430997
Optimization score: 405655
Optimal tree inferred in 0.752 secs.
(23,((24,(20,(22,(25,21)))),((10,(16,19)),((3,(17,(11,1))),(8,((9,(12,(13,4))),(18,(7,((5,2),(15,(6,14)))))))))));
Final quartet score is: 405655
Final normalized quartet score is: 0.7243955706430997
(20,((22,(25,21)1:0.27345180033583555)1:0.6657194458870919,(24,(((10,(16,19)1:0.9190438881623532)0.99:0.22375531961478778,((3,(17,(11,1)1:0.8260013513471838)0.9:0.18661777260750437)1:0.29027690429379704,(8,((9,(12,(13,4)1:1.815682709086362)0.6:0.07798352501294487)0.52:0.06728007192564175,(18,(7,((5,2)1:0.42526977950894784,(15,(6,14)1:0.503912174435931)0.73:0.10513385759700115)0.38:0.02547413619579493)0.98:0.23301057480655185)1:0.32128420848710815)1:0.6879076962419951)0.7:0.11837809476053238)1:0.2597205662459015)1:1.984891255758967,23)1:0.5440152112119042)0.95:0.20188179860718805));
Weight calculation took 0.266612235 secs
ASTRAL finished in 2.315 secs
