
================== ASTRAL ===================== 

This is ASTRAL version 5.6.3
Gene trees are treated as unrooted
50 trees read from g_trees-raxml-sqlen-100-ngen-50-s2g.trees
All output trees will be *arbitrarily* rooted at 14

======== Running the main analysis
Number of taxa: 167 (25 species)
Taxa: {22=[22_6, 22_5, 22_4, 22_3, 22_2, 22_1], 23=[23_5, 23_4, 23_3, 23_2, 23_1, 23_6], 24=[24_4, 24_3, 24_2, 24_1, 24_9, 24_8, 24_7, 24_6, 24_5], 25=[25_3, 25_2, 25_1, 25_6, 25_5, 25_4], 10=[10_6, 10_5, 10_4, 10_3, 10_2, 10_1], 11=[11_6, 11_5, 11_4, 11_3, 11_2, 11_1, 11_8, 11_7], 12=[12_5, 12_4, 12_3, 12_2, 12_1], 13=[13_4, 13_3, 13_2, 13_1], 14=[14_3, 14_2, 14_1, 14_8, 14_7, 14_6, 14_5, 14_4], 15=[15_2, 15_1, 15_5, 15_4, 15_3], 16=[16_1, 16_8, 16_7, 16_6, 16_5, 16_4, 16_3, 16_2], 17=[17_6, 17_5, 17_4, 17_3, 17_2, 17_1], 18=[18_6, 18_5, 18_4, 18_3, 18_2, 18_1], 19=[19_6, 19_5, 19_4, 19_3, 19_2, 19_1, 19_7], 1=[1_1, 1_2, 1_3, 1_4, 1_5, 1_6, 1_7, 1_8, 1_9, 1_11, 1_10], 2=[2_1, 2_2, 2_3, 2_4, 2_5, 2_6, 2_7], 3=[3_1, 3_2, 3_3, 3_4, 3_5, 3_6, 3_7], 4=[4_1, 4_2, 4_3, 4_4, 4_5], 5=[5_1, 5_2, 5_3, 5_4, 5_5, 5_6, 5_7], 6=[6_1, 6_2, 6_3, 6_4, 6_5, 6_6, 6_7, 6_8, 6_9, 6_11, 6_10, 6_12], 7=[7_1, 7_2, 7_3, 7_4, 7_5, 7_6, 7_7], 8=[8_1, 8_2, 8_3, 8_4, 8_5], 9=[9_1, 9_2, 9_3, 9_4, 9_5], 20=[20_7, 20_6, 20_5, 20_4, 20_3, 20_2, 20_1], 21=[21_4, 21_3, 21_2, 21_1]}
Taxon occupancy: {14_3=8, 14_2=18, 10_6=1, 14_1=37, 10_5=2, 10_4=4, 10_3=8, 10_2=17, 10_1=36, 18_6=1, 18_5=2, 18_4=2, 14_8=1, 18_3=8, 14_7=1, 18_2=20, 14_6=2, 18_1=30, 14_5=4, 14_4=7, 25_3=9, 25_2=16, 25_1=34, 21_4=1, 21_3=9, 21_2=17, 3_1=28, 21_1=30, 3_2=10, 3_3=7, 3_4=7, 7_1=29, 3_5=3, 7_2=15, 3_6=1, 7_3=8, 3_7=1, 7_4=5, 25_6=1, 7_5=4, 25_5=1, 7_6=4, 25_4=3, 7_7=1, 13_4=3, 13_3=9, 13_2=14, 13_1=29, 17_6=1, 17_5=2, 17_4=3, 17_3=7, 17_2=20, 17_1=36, 24_4=2, 24_3=9, 20_7=1, 24_2=17, 20_6=3, 24_1=31, 20_5=3, 2_1=28, 20_4=4, 2_2=11, 20_3=5, 20_2=15, 2_3=7, 20_1=28, 2_4=6, 6_1=28, 2_5=4, 6_2=15, 2_6=2, 6_3=9, 2_7=1, 24_9=1, 6_4=6, 24_8=1, 6_5=4, 24_7=1, 6_6=4, 24_6=1, 6_7=4, 24_5=1, 6_8=2, 6_9=1, 16_1=33, 12_5=1, 12_4=6, 12_3=10, 12_2=15, 12_1=31, 16_8=1, 16_7=1, 16_6=4, 16_5=6, 16_4=6, 16_3=8, 16_2=18, 23_5=1, 23_4=2, 23_3=8, 1_1=31, 23_2=14, 23_1=34, 1_2=14, 1_3=10, 1_4=5, 5_1=30, 1_5=3, 5_2=11, 1_6=2, 5_3=5, 1_7=1, 5_4=3, 1_8=1, 9_1=38, 5_5=1, 1_9=1, 9_2=20, 5_6=1, 9_3=9, 5_7=1, 9_4=3, 23_6=1, 9_5=1, 15_2=17, 11_6=2, 15_1=38, 11_5=5, 11_4=6, 11_3=8, 11_2=17, 11_1=33, 19_6=1, 19_5=1, 19_4=3, 19_3=9, 19_2=15, 19_1=37, 15_5=1, 15_4=3, 11_8=1, 15_3=8, 11_7=1, 6_11=1, 6_10=1, 6_12=1, 22_6=1, 22_5=3, 22_4=8, 22_3=9, 22_2=16, 22_1=33, 4_1=29, 4_2=19, 4_3=11, 4_4=4, 8_1=31, 4_5=2, 8_2=21, 8_3=8, 8_4=5, 8_5=3, 19_7=1, 1_11=1, 1_10=1}
Number of gene trees: 50
50 trees have missing taxa
Calculating quartet distance matrix (for completion of X)
Species tree distances calculated ...
Will attempt to complete bipartitions from X before adding using a distance matrix.
Building set of clusters (X) from gene trees 
In second round sampling 4 rounds will be done
------------------------------
gradient0: 325
------------------------------
gradient1: 138
------------------------------
gradient2: 72
------------------------------
gradient3: 74
Number of Clusters after addition by distance: 609
calculating extra bipartitions to be added at level 1 ...
Adding to X using resolutions of greedy consensus ...
Limit for sigma of degrees:675
polytomy size limit : 3
discarded polytomies:  []
Threshold 0.0:
Threshold 0.01:
Threshold 0.02:
Threshold 0.05:
Threshold 0.1:
Threshold 0.2:
Threshold 0.3333333333333333:
max k is :0
Number of Clusters after addition by greedy: 609
gradient0 in heuristiic: 609
calculating extra bipartitions to be added at level 1 ...
Adding to X using resolutions of greedy consensus ...
Limit for sigma of degrees:675
polytomy size limit : 4
discarded polytomies:  [3, 4]
Threshold 0.0:
Threshold 0.01:
Threshold 0.02:
Threshold 0.05:
Threshold 0.1:
Threshold 0.2:
polytomy of size 3; rounds with additions with at least 5 support: 0; clusters: 609
Threshold 0.3333333333333333:
polytomy of size 4; rounds with additions with at least 5 support: 0; clusters: 609
max k is :0
Number of Clusters after addition by greedy: 609
gradient1 in heuristiic: 0
calculating extra bipartitions to be added at level 1 ...
Adding to X using resolutions of greedy consensus ...
Limit for sigma of degrees:675
polytomy size limit : 3
discarded polytomies:  []
Threshold 0.0:
Threshold 0.01:
Threshold 0.02:
Threshold 0.05:
Threshold 0.1:
Threshold 0.2:
Threshold 0.3333333333333333:
max k is :0
Number of Clusters after addition by greedy: 609
gradient2 in heuristiic: 0
calculating extra bipartitions to be added at level 1 ...
Adding to X using resolutions of greedy consensus ...
Limit for sigma of degrees:675
polytomy size limit : 3
discarded polytomies:  [3, 3]
Threshold 0.0:
Threshold 0.01:
Threshold 0.02:
Threshold 0.05:
Threshold 0.1:
Threshold 0.2:
Threshold 0.3333333333333333:
polytomy of size 3; rounds with additions with at least 5 support: 0; clusters: 609
polytomy of size 3; rounds with additions with at least 5 support: 0; clusters: 609
max k is :0
Number of Clusters after addition by greedy: 609
gradient3 in heuristiic: 0
partitions formed in 6.896 secs
Dynamic Programming starting after 6.896 secs
Using tree-based weight calculation.
Using polytree-based weight calculation.
Polytree max score: 9048279
Polytree building time: 0.016 seconds.
Number of quartet trees in the gene trees: 8949244
Size of largest cluster: 167
Greedy score: 4353495
estimationFactor: 2.0783940169456936
Sub-optimal score: 4771651
Total Number of elements weighted: 1385
Normalized score (portion of input quartet trees satisfied before correcting for multiple individuals): 0.5434342275168719
Optimization score: 4863325
Optimal tree inferred in 7.128 secs.
(13,(12,((21,(25,23)),(24,(((14,(15,19)),(10,((17,9),(22,(16,11))))),((20,(18,8)),((5,(3,2)),((1,4),(7,6)))))))));
Final quartet score is: 5473906
Final normalized quartet score is: 0.6116612755222676
You may want to ignore posterior probabilities and other statistics related to the following branch branch because the effective number of genes impacting it is only 7:
	{14}
You may want to ignore posterior probabilities and other statistics related to the following branch branch because the effective number of genes impacting it is only 8:
	{15}
You may want to ignore posterior probabilities and other statistics related to the following branch branch because the effective number of genes impacting it is only 6:
	{19}
You may want to ignore posterior probabilities and other statistics related to the following branch branch because the effective number of genes impacting it is only 8:
	{10}
You may want to ignore posterior probabilities and other statistics related to the following branch branch because the effective number of genes impacting it is only 8:
	{17}
You may want to ignore posterior probabilities and other statistics related to the following branch branch because the effective number of genes impacting it is only 9:
	{9}
You may want to ignore posterior probabilities and other statistics related to the following branch branch because the effective number of genes impacting it is only 8:
	{22}
You may want to ignore posterior probabilities and other statistics related to the following branch branch because the effective number of genes impacting it is only 7:
	{16}
You may want to ignore posterior probabilities and other statistics related to the following branch branch because the effective number of genes impacting it is only 6:
	{11}
You may want to ignore posterior probabilities and other statistics related to the following branch branch because the effective number of genes impacting it is only 6:
	{20}
You may want to ignore posterior probabilities and other statistics related to the following branch branch because the effective number of genes impacting it is only 8:
	{18}
You may want to ignore posterior probabilities and other statistics related to the following branch branch because the effective number of genes impacting it is only 11:
	{8}
You may want to ignore posterior probabilities and other statistics related to the following branch branch because the effective number of genes impacting it is only 4:
	{5}
You may want to ignore posterior probabilities and other statistics related to the following branch branch because the effective number of genes impacting it is only 5:
	{3}
You may want to ignore posterior probabilities and other statistics related to the following branch branch because the effective number of genes impacting it is only 6:
	{2}
You may want to ignore posterior probabilities and other statistics related to the following branch branch because the effective number of genes impacting it is only 18:
	{3, 2, 5}
You may want to ignore posterior probabilities and other statistics related to the following branch branch because the effective number of genes impacting it is only 4:
	{1}
You may want to ignore posterior probabilities and other statistics related to the following branch branch because the effective number of genes impacting it is only 11:
	{4}
You may want to ignore posterior probabilities and other statistics related to the following branch branch because the effective number of genes impacting it is only 7:
	{7}
You may want to ignore posterior probabilities and other statistics related to the following branch branch because the effective number of genes impacting it is only 5:
	{6}
You may want to ignore posterior probabilities and other statistics related to the following branch branch because the effective number of genes impacting it is only 17:
	{3, 7, 2, 6, 1, 5, 4}
You may want to ignore posterior probabilities and other statistics related to the following branch branch because the effective number of genes impacting it is only 19:
	{18, 3, 7, 20, 2, 6, 1, 5, 4, 8}
You may want to ignore posterior probabilities and other statistics related to the following branch branch because the effective number of genes impacting it is only 5:
	{24}
You may want to ignore posterior probabilities and other statistics related to the following branch branch because the effective number of genes impacting it is only 11:
	{21}
You may want to ignore posterior probabilities and other statistics related to the following branch branch because the effective number of genes impacting it is only 7:
	{25}
You may want to ignore posterior probabilities and other statistics related to the following branch branch because the effective number of genes impacting it is only 6:
	{23}
You may want to ignore posterior probabilities and other statistics related to the following branch branch because the effective number of genes impacting it is only 9:
	{12}
You may want to ignore posterior probabilities and other statistics related to the following branch branch because the effective number of genes impacting it is only 10:
	{13}
((14_3,14_2,14_1,14_8,14_7,14_6,14_5,14_4)0.5:0.07581254300130116,(((15_2,15_1,15_5,15_4,15_3)0.19:0.0,(19_6,19_5,19_4,19_3,19_2,19_1,19_7)0.2:0.0)1:0.5071211387113935,(((10_6,10_5,10_4,10_3,10_2,10_1)0.45:0.03984132387190169,(((17_6,17_5,17_4,17_3,17_2,17_1)0.24:0.0,(9_1,9_2,9_3,9_4,9_5)0.23:0.0)1:0.8175003260878797,((22_6,22_5,22_4,22_3,22_2,22_1)0.16:0.0,((16_1,16_8,16_7,16_6,16_5,16_4,16_3,16_2)0.14:0.0,(11_6,11_5,11_4,11_3,11_2,11_1,11_8,11_7)0.17:0.0)0.54:0.08388993312754928)1:0.9557245503295771)0.06:0.0)0.83:0.18165726464871362,((((20_7,20_6,20_5,20_4,20_3,20_2,20_1)0.35:0.0,((18_6,18_5,18_4,18_3,18_2,18_1)0.25:0.0,(8_1,8_2,8_3,8_4,8_5)0.14:0.0)0.91:0.27808641870510276)1:1.0416306968050844,(((5_1,5_2,5_3,5_4,5_5,5_6,5_7)0.55:0.12124586160395695,((3_1,3_2,3_3,3_4,3_5,3_6,3_7)0.19:0.0,(2_1,2_2,2_3,2_4,2_5,2_6,2_7)0.25:0.0)1:1.054167742810833)1:0.8085194198062994,(((1_1,1_2,1_3,1_4,1_5,1_6,1_7,1_8,1_9,1_11,1_10)0.44:0.01654661774804956,(4_1,4_2,4_3,4_4,4_5)0.56:0.10953691453077379)0.33:0.049456528045266804,((7_1,7_2,7_3,7_4,7_5,7_6,7_7)0.28:0.0,(6_1,6_2,6_3,6_4,6_5,6_6,6_7,6_8,6_9,6_11,6_10,6_12)0.26:0.0)0.99:0.45819332404941676)1:0.6482204840956318)1:1.7714011900397468)0.01:0.0,((24_4,24_3,24_2,24_1,24_9,24_8,24_7,24_6,24_5)0.6:0.16436593368365643,(((21_4,21_3,21_2,21_1)0.18:0.0,((25_3,25_2,25_1,25_6,25_5,25_4)0.17:0.0,(23_5,23_4,23_3,23_2,23_1,23_6)0.13:0.0)0.98:0.36276786226943825)1:0.7092239986905058,((12_5,12_4,12_3,12_2,12_1)0.15:0.0,(13_4,13_3,13_2,13_1)0.1:0.0)0.98:0.4092482970180303)1:1.007116927325432)1:0.926508606462838)1:0.5221443175312348)1:1.3299206245930464));
Weight calculation took 0.325097588 secs
ASTRAL finished in 7.407 secs
