
================== ASTRAL ===================== 

This is ASTRAL version 5.6.3
Gene trees are treated as unrooted
500 trees read from g_trees-raxml-sqlen-100-ngen-500-s2g.trees
All output trees will be *arbitrarily* rooted at 10

======== Running the main analysis
Number of taxa: 223 (25 species)
Taxa: {22=[22_6, 22_5, 22_4, 22_3, 22_2, 22_1, 22_9, 22_8, 22_7], 23=[23_5, 23_4, 23_3, 23_2, 23_1, 23_8, 23_7, 23_6], 24=[24_4, 24_3, 24_2, 24_1, 24_9, 24_8, 24_7, 24_6, 24_5], 25=[25_3, 25_2, 25_1, 25_9, 25_8, 25_7, 25_6, 25_5, 25_4, 25_10], 10=[10_7, 10_6, 10_5, 10_4, 10_3, 10_2, 10_1, 10_9, 10_8, 10_10], 11=[11_10, 11_11, 11_12, 11_6, 11_5, 11_4, 11_3, 11_2, 11_1, 11_9, 11_8, 11_7], 12=[12_11, 12_10, 12_5, 12_4, 12_3, 12_2, 12_1, 12_9, 12_8, 12_7, 12_6], 13=[13_4, 13_3, 13_2, 13_1, 13_9, 13_8, 13_7, 13_6, 13_5], 14=[14_3, 14_2, 14_1, 14_9, 14_8, 14_7, 14_6, 14_5, 14_4, 14_10], 15=[15_2, 15_1, 15_7, 15_6, 15_5, 15_4, 15_3], 16=[16_1, 16_8, 16_7, 16_6, 16_5, 16_4, 16_3, 16_2], 17=[17_8, 17_7, 17_6, 17_5, 17_4, 17_3, 17_2, 17_1], 18=[18_7, 18_6, 18_5, 18_4, 18_3, 18_2, 18_1], 19=[19_6, 19_5, 19_4, 19_3, 19_2, 19_1, 19_8, 19_7], 1=[1_11, 1_10, 1_1, 1_2, 1_3, 1_4, 1_5, 1_6, 1_7, 1_8, 1_9], 2=[2_10, 2_1, 2_2, 2_3, 2_4, 2_5, 2_6, 2_7, 2_8, 2_9], 3=[3_1, 3_2, 3_3, 3_4, 3_5, 3_6, 3_7, 3_8, 3_9], 4=[4_1, 4_2, 4_3, 4_4, 4_5, 4_6, 4_7, 4_8], 5=[5_1, 5_2, 5_3, 5_4, 5_5, 5_6, 5_7, 5_8], 6=[6_1, 6_2, 6_3, 6_4, 6_5, 6_6, 6_7, 6_8, 6_9, 6_11, 6_10, 6_12], 7=[7_1, 7_2, 7_3, 7_4, 7_5, 7_6, 7_7, 7_8], 8=[8_1, 8_2, 8_3, 8_4, 8_5, 8_6, 8_7, 8_8], 9=[9_1, 9_2, 9_3, 9_4, 9_5, 9_6, 9_7, 9_8, 9_9], 20=[20_7, 20_6, 20_5, 20_4, 20_3, 20_2, 20_1], 21=[21_7, 21_6, 21_5, 21_4, 21_3, 21_2, 21_1]}
Taxon occupancy: {10_7=5, 10_6=10, 10_5=22, 10_4=39, 10_3=70, 10_2=152, 10_1=291, 18_7=1, 18_6=4, 18_5=11, 18_4=21, 18_3=55, 18_2=131, 18_1=284, 10_9=1, 10_8=2, 21_7=2, 21_6=10, 21_5=20, 21_4=37, 21_3=79, 21_2=149, 21_1=285, 7_1=267, 7_2=139, 7_3=69, 7_4=37, 7_5=19, 7_6=13, 7_7=5, 7_8=1, 12_11=1, 12_10=1, 17_8=2, 17_7=4, 17_6=11, 17_5=18, 17_4=30, 17_3=72, 17_2=139, 17_1=284, 11_10=1, 11_11=1, 20_7=1, 20_6=6, 20_5=9, 20_4=26, 20_3=50, 20_2=121, 20_1=283, 6_1=280, 6_2=150, 6_3=72, 11_12=1, 6_4=39, 6_5=20, 6_6=8, 6_7=5, 6_8=2, 6_9=1, 16_1=275, 16_8=3, 16_7=6, 16_6=12, 16_5=21, 16_4=31, 16_3=56, 16_2=135, 5_1=287, 5_2=135, 5_3=64, 5_4=33, 5_5=15, 5_6=7, 5_7=4, 5_8=1, 15_2=138, 15_1=299, 15_7=4, 15_6=7, 15_5=15, 15_4=37, 15_3=72, 6_11=1, 6_10=1, 6_12=1, 4_1=292, 4_2=140, 4_3=73, 4_4=34, 4_5=15, 4_6=6, 4_7=3, 4_8=1, 10_10=1, 1_11=1, 1_10=1, 14_3=73, 14_2=145, 14_1=296, 14_9=1, 14_8=3, 14_7=4, 14_6=9, 14_5=21, 14_4=40, 25_3=87, 25_2=151, 25_1=297, 3_1=286, 3_2=123, 3_3=64, 3_4=33, 3_5=15, 3_6=6, 25_9=1, 3_7=4, 25_8=4, 25_7=4, 3_8=2, 25_6=8, 3_9=1, 25_5=13, 25_4=37, 13_4=31, 13_3=73, 25_10=1, 13_2=156, 13_1=293, 13_9=2, 13_8=2, 13_7=3, 13_6=5, 13_5=13, 2_10=1, 24_4=31, 24_3=78, 24_2=162, 24_1=300, 2_1=286, 2_2=126, 2_3=62, 2_4=31, 2_5=17, 2_6=8, 2_7=4, 24_9=1, 2_8=2, 24_8=1, 2_9=1, 24_7=4, 24_6=7, 24_5=17, 14_10=1, 12_5=12, 12_4=34, 12_3=78, 12_2=153, 12_1=287, 12_9=1, 12_8=2, 12_7=6, 12_6=7, 23_5=18, 23_4=38, 23_3=78, 1_1=286, 23_2=149, 23_1=296, 1_2=131, 1_3=60, 1_4=29, 1_5=20, 1_6=10, 1_7=5, 1_8=3, 9_1=278, 1_9=1, 9_2=148, 9_3=70, 23_8=1, 9_4=36, 23_7=4, 23_6=7, 9_5=19, 9_6=9, 9_7=5, 9_8=2, 9_9=1, 11_6=9, 11_5=18, 11_4=34, 11_3=71, 11_2=140, 11_1=272, 19_6=8, 19_5=17, 19_4=35, 19_3=74, 19_2=139, 19_1=289, 11_9=1, 11_8=4, 11_7=5, 22_6=6, 22_5=15, 22_4=36, 22_3=62, 22_2=136, 22_1=283, 8_1=280, 8_2=146, 8_3=56, 8_4=31, 22_9=1, 8_5=11, 22_8=1, 8_6=3, 22_7=2, 8_7=2, 8_8=1, 19_8=1, 19_7=5}
Number of gene trees: 500
500 trees have missing taxa
Calculating quartet distance matrix (for completion of X)
Species tree distances calculated ...
Will attempt to complete bipartitions from X before adding using a distance matrix.
Building set of clusters (X) from gene trees 
In second round sampling 5 rounds will be done
------------------------------
gradient0: 503
------------------------------
gradient1: 294
------------------------------
gradient2: 124
------------------------------
gradient3: 102
------------------------------
gradient4: 84
Number of Clusters after addition by distance: 1107
calculating extra bipartitions to be added at level 1 ...
Adding to X using resolutions of greedy consensus ...
Limit for sigma of degrees:675
polytomy size limit : 3
discarded polytomies:  []
Threshold 0.0:
Threshold 0.01:
Threshold 0.02:
Threshold 0.05:
Threshold 0.1:
Threshold 0.2:
Threshold 0.3333333333333333:
max k is :0
Number of Clusters after addition by greedy: 1107
gradient0 in heuristiic: 1107
calculating extra bipartitions to be added at level 1 ...
Adding to X using resolutions of greedy consensus ...
Limit for sigma of degrees:675
polytomy size limit : 3
discarded polytomies:  []
Threshold 0.0:
Threshold 0.01:
Threshold 0.02:
Threshold 0.05:
Threshold 0.1:
Threshold 0.2:
Threshold 0.3333333333333333:
max k is :0
Number of Clusters after addition by greedy: 1107
gradient1 in heuristiic: 0
calculating extra bipartitions to be added at level 1 ...
Adding to X using resolutions of greedy consensus ...
Limit for sigma of degrees:675
polytomy size limit : 3
discarded polytomies:  []
Threshold 0.0:
Threshold 0.01:
Threshold 0.02:
Threshold 0.05:
Threshold 0.1:
Threshold 0.2:
Threshold 0.3333333333333333:
max k is :0
Number of Clusters after addition by greedy: 1107
gradient2 in heuristiic: 0
calculating extra bipartitions to be added at level 1 ...
Adding to X using resolutions of greedy consensus ...
Limit for sigma of degrees:675
polytomy size limit : 3
discarded polytomies:  []
Threshold 0.0:
Threshold 0.01:
Threshold 0.02:
Threshold 0.05:
Threshold 0.1:
Threshold 0.2:
Threshold 0.3333333333333333:
max k is :0
Number of Clusters after addition by greedy: 1107
gradient3 in heuristiic: 0
calculating extra bipartitions to be added at level 1 ...
Adding to X using resolutions of greedy consensus ...
Limit for sigma of degrees:675
polytomy size limit : 3
discarded polytomies:  []
Threshold 0.0:
Threshold 0.01:
Threshold 0.02:
Threshold 0.05:
Threshold 0.1:
Threshold 0.2:
Threshold 0.3333333333333333:
max k is :0
Number of Clusters after addition by greedy: 1107
gradient4 in heuristiic: 0
partitions formed in 69.263 secs
Dynamic Programming starting after 69.263 secs
Using tree-based weight calculation.
Using polytree-based weight calculation.
Polytree max score: 54184659
Polytree building time: 0.053 seconds.
Number of quartet trees in the gene trees: 53606830
Size of largest cluster: 223
Greedy score: 24571017
estimationFactor: 2.2052265031352487
Sub-optimal score: 27336102
Total Number of elements weighted: 3402
Normalized score (portion of input quartet trees satisfied before correcting for multiple individuals): 0.5414391878796041
Optimization score: 29024838
Optimal tree inferred in 70.93 secs.
(20,((18,8),(((14,(15,19)),((17,9),(10,(22,(11,16))))),((24,((12,13),(21,(25,23)))),((5,(3,2)),((4,1),(7,6)))))));
Final quartet score is: 32522713
Final normalized quartet score is: 0.6066897259173878
((10_7,10_6,10_5,10_4,10_3,10_2,10_1,10_9,10_8,10_10)0.73:0.12422930797815424,(((22_6,22_5,22_4,22_3,22_2,22_1,22_9,22_8,22_7)0.06:0.0,((11_10,11_11,11_12,11_6,11_5,11_4,11_3,11_2,11_1,11_9,11_8,11_7)0.07:0.0,(16_1,16_8,16_7,16_6,16_5,16_4,16_3,16_2)0.04:0.0)1:0.30613846241729503)1:0.9379724347992784,(((17_8,17_7,17_6,17_5,17_4,17_3,17_2,17_1)0.14:0.0,(9_1,9_2,9_3,9_4,9_5,9_6,9_7,9_8,9_9)0.3:0.0)1:0.7910475272697434,(((14_3,14_2,14_1,14_9,14_8,14_7,14_6,14_5,14_4,14_10)0.53:0.05618305487962041,((15_2,15_1,15_7,15_6,15_5,15_4,15_3)0.05:0.0,(19_6,19_5,19_4,19_3,19_2,19_1,19_8,19_7)0.07:0.0)1:0.6473749257870053)1:0.9559395572071419,((((24_4,24_3,24_2,24_1,24_9,24_8,24_7,24_6,24_5)0.96:0.24952956583836394,(((12_11,12_10,12_5,12_4,12_3,12_2,12_1,12_9,12_8,12_7,12_6)0.05:0.0,(13_4,13_3,13_2,13_1,13_9,13_8,13_7,13_6,13_5)0.04:0.0)1:0.6797587279363307,((21_7,21_6,21_5,21_4,21_3,21_2,21_1)0.05:0.0,((25_3,25_2,25_1,25_9,25_8,25_7,25_6,25_5,25_4,25_10)0.04:0.0,(23_5,23_4,23_3,23_2,23_1,23_8,23_7,23_6)0.03:0.0)1:0.3846983628115901)1:0.6618975483522699)1:0.6582035975048497)1:1.1075391866144229,(((5_1,5_2,5_3,5_4,5_5,5_6,5_7,5_8)0.66:0.09583349862795126,((3_1,3_2,3_3,3_4,3_5,3_6,3_7,3_8,3_9)0.04:0.0,(2_10,2_1,2_2,2_3,2_4,2_5,2_6,2_7,2_8,2_9)0.04:0.0)1:1.1375161345718434)1:0.6468176254174928,(((4_1,4_2,4_3,4_4,4_5,4_6,4_7,4_8)0.56:0.06247627535691664,(1_11,1_10,1_1,1_2,1_3,1_4,1_5,1_6,1_7,1_8,1_9)0.51:0.053317639481370256)0.99:0.13708198619953912,((7_1,7_2,7_3,7_4,7_5,7_6,7_7,7_8)0.1:0.0,(6_1,6_2,6_3,6_4,6_5,6_6,6_7,6_8,6_9,6_11,6_10,6_12)0.11:0.0)1:0.6692530819429114)1:0.6061261810611844)1:2.0734337904902778)1:0.5482134441823077,(((18_7,18_6,18_5,18_4,18_3,18_2,18_1)0.09:0.0,(8_1,8_2,8_3,8_4,8_5,8_6,8_7,8_8)0.07:0.0)1:0.4688089320356533,(20_7,20_6,20_5,20_4,20_3,20_2,20_1)0.24:0.0)1:1.2791618755265821)1:0.6531645326131543)0.99:0.12610867472138101)1:0.26490381978745026));
Weight calculation took 2.932162002 secs
ASTRAL finished in 72.727 secs
