
================== ASTRAL ===================== 

This is ASTRAL version 5.6.3
Gene trees are treated as unrooted
100 trees read from g_trees-raxml-sqlen-100-ngen-100-s2g.trees
All output trees will be *arbitrarily* rooted at 10

======== Running the main analysis
Number of taxa: 179 (25 species)
Taxa: {22=[22_6, 22_5, 22_4, 22_3, 22_2, 22_1], 23=[23_5, 23_4, 23_3, 23_2, 23_1, 23_6], 24=[24_4, 24_3, 24_2, 24_1, 24_9, 24_8, 24_7, 24_6, 24_5], 25=[25_3, 25_2, 25_1, 25_6, 25_5, 25_4], 10=[10_7, 10_6, 10_5, 10_4, 10_3, 10_2, 10_1, 10_9, 10_8, 10_10], 11=[11_6, 11_5, 11_4, 11_3, 11_2, 11_1, 11_8, 11_7], 12=[12_5, 12_4, 12_3, 12_2, 12_1], 13=[13_4, 13_3, 13_2, 13_1, 13_5], 14=[14_3, 14_2, 14_1, 14_8, 14_7, 14_6, 14_5, 14_4], 15=[15_2, 15_1, 15_5, 15_4, 15_3], 16=[16_1, 16_8, 16_7, 16_6, 16_5, 16_4, 16_3, 16_2], 17=[17_7, 17_6, 17_5, 17_4, 17_3, 17_2, 17_1], 18=[18_6, 18_5, 18_4, 18_3, 18_2, 18_1], 19=[19_6, 19_5, 19_4, 19_3, 19_2, 19_1, 19_7], 1=[1_1, 1_2, 1_3, 1_4, 1_5, 1_6, 1_7, 1_8, 1_9, 1_11, 1_10], 2=[2_1, 2_2, 2_3, 2_4, 2_5, 2_6, 2_7], 3=[3_1, 3_2, 3_3, 3_4, 3_5, 3_6, 3_7], 4=[4_1, 4_2, 4_3, 4_4, 4_5], 5=[5_1, 5_2, 5_3, 5_4, 5_5, 5_6, 5_7], 6=[6_1, 6_2, 6_3, 6_4, 6_5, 6_6, 6_7, 6_8, 6_9, 6_11, 6_10, 6_12], 7=[7_1, 7_2, 7_3, 7_4, 7_5, 7_6, 7_7], 8=[8_1, 8_2, 8_3, 8_4, 8_5], 9=[9_1, 9_2, 9_3, 9_4, 9_5, 9_6, 9_7, 9_8, 9_9], 20=[20_7, 20_6, 20_5, 20_4, 20_3, 20_2, 20_1], 21=[21_6, 21_5, 21_4, 21_3, 21_2, 21_1]}
Taxon occupancy: {14_3=17, 10_7=1, 14_2=31, 10_6=2, 14_1=68, 10_5=4, 10_4=8, 10_3=13, 10_2=31, 10_1=65, 18_6=1, 18_5=2, 18_4=2, 14_8=1, 18_3=11, 14_7=1, 18_2=34, 14_6=2, 18_1=62, 14_5=5, 10_9=1, 14_4=11, 10_8=1, 25_3=18, 25_2=32, 21_6=1, 25_1=65, 21_5=3, 21_4=4, 21_3=17, 21_2=31, 3_1=57, 21_1=59, 3_2=23, 3_3=11, 3_4=9, 7_1=55, 3_5=3, 7_2=28, 3_6=1, 7_3=14, 3_7=1, 7_4=7, 25_6=1, 7_5=5, 25_5=1, 7_6=4, 25_4=7, 7_7=1, 13_4=7, 13_3=20, 13_2=33, 13_1=63, 17_7=1, 17_6=2, 17_5=3, 17_4=4, 17_3=12, 17_2=29, 17_1=66, 13_5=2, 24_4=7, 24_3=19, 20_7=1, 24_2=36, 20_6=4, 24_1=62, 20_5=4, 2_1=57, 20_4=6, 2_2=22, 20_3=8, 20_2=25, 2_3=11, 20_1=60, 2_4=8, 6_1=59, 2_5=4, 6_2=31, 2_6=2, 6_3=14, 2_7=1, 24_9=1, 6_4=10, 24_8=1, 6_5=5, 24_7=1, 6_6=4, 24_6=2, 6_7=4, 24_5=4, 6_8=2, 6_9=1, 16_1=58, 12_5=1, 12_4=9, 12_3=20, 12_2=32, 12_1=64, 16_8=1, 16_7=2, 16_6=5, 16_5=7, 16_4=7, 16_3=13, 16_2=29, 23_5=3, 23_4=7, 23_3=14, 1_1=59, 23_2=29, 23_1=65, 1_2=28, 1_3=16, 1_4=7, 5_1=59, 1_5=5, 5_2=20, 1_6=3, 5_3=9, 1_7=1, 5_4=5, 1_8=1, 9_1=67, 5_5=1, 1_9=1, 9_2=34, 5_6=1, 9_3=15, 5_7=1, 9_4=5, 23_6=1, 9_5=3, 9_6=2, 9_7=1, 9_8=1, 9_9=1, 15_2=31, 11_6=2, 15_1=69, 11_5=6, 11_4=8, 11_3=14, 11_2=29, 11_1=55, 19_6=1, 19_5=2, 19_4=5, 19_3=16, 19_2=30, 19_1=66, 15_5=1, 15_4=6, 11_8=1, 15_3=16, 11_7=1, 6_11=1, 6_10=1, 6_12=1, 22_6=1, 22_5=3, 22_4=11, 22_3=16, 22_2=26, 22_1=59, 4_1=60, 4_2=31, 4_3=17, 4_4=8, 8_1=64, 4_5=3, 8_2=39, 8_3=10, 8_4=7, 8_5=3, 10_10=1, 19_7=1, 1_11=1, 1_10=1}
Number of gene trees: 100
100 trees have missing taxa
Calculating quartet distance matrix (for completion of X)
Species tree distances calculated ...
Will attempt to complete bipartitions from X before adding using a distance matrix.
Building set of clusters (X) from gene trees 
In second round sampling 4 rounds will be done
------------------------------
gradient0: 387
------------------------------
gradient1: 148
------------------------------
gradient2: 72
------------------------------
gradient3: 54
Number of Clusters after addition by distance: 661
calculating extra bipartitions to be added at level 1 ...
Adding to X using resolutions of greedy consensus ...
Limit for sigma of degrees:675
polytomy size limit : 3
discarded polytomies:  [3]
Threshold 0.0:
Threshold 0.01:
Threshold 0.02:
Threshold 0.05:
Threshold 0.1:
Threshold 0.2:
Threshold 0.3333333333333333:
polytomy of size 3; rounds with additions with at least 5 support: 0; clusters: 661
max k is :0
Number of Clusters after addition by greedy: 661
gradient0 in heuristiic: 661
calculating extra bipartitions to be added at level 1 ...
Adding to X using resolutions of greedy consensus ...
Limit for sigma of degrees:675
polytomy size limit : 3
discarded polytomies:  [3]
Threshold 0.0:
Threshold 0.01:
Threshold 0.02:
Threshold 0.05:
Threshold 0.1:
Threshold 0.2:
Threshold 0.3333333333333333:
polytomy of size 3; rounds with additions with at least 5 support: 0; clusters: 661
max k is :0
Number of Clusters after addition by greedy: 661
gradient1 in heuristiic: 0
calculating extra bipartitions to be added at level 1 ...
Adding to X using resolutions of greedy consensus ...
Limit for sigma of degrees:675
polytomy size limit : 3
discarded polytomies:  [3]
Threshold 0.0:
Threshold 0.01:
Threshold 0.02:
Threshold 0.05:
Threshold 0.1:
Threshold 0.2:
Threshold 0.3333333333333333:
polytomy of size 3; rounds with additions with at least 5 support: 0; clusters: 661
max k is :0
Number of Clusters after addition by greedy: 661
gradient2 in heuristiic: 0
calculating extra bipartitions to be added at level 1 ...
Adding to X using resolutions of greedy consensus ...
Limit for sigma of degrees:675
polytomy size limit : 3
discarded polytomies:  [3]
Threshold 0.0:
Threshold 0.01:
Threshold 0.02:
Threshold 0.05:
Threshold 0.1:
Threshold 0.2:
Threshold 0.3333333333333333:
polytomy of size 3; rounds with additions with at least 5 support: 0; clusters: 661
max k is :0
Number of Clusters after addition by greedy: 661
gradient3 in heuristiic: 0
partitions formed in 12.048 secs
Dynamic Programming starting after 12.048 secs
Using tree-based weight calculation.
Using polytree-based weight calculation.
Polytree max score: 13456270
Polytree building time: 0.021 seconds.
Number of quartet trees in the gene trees: 13318218
Size of largest cluster: 179
Greedy score: 6394340
estimationFactor: 2.1044031045891285
Sub-optimal score: 7199886
Total Number of elements weighted: 1600
Normalized score (portion of input quartet trees satisfied before correcting for multiple individuals): 0.5587250111088435
Optimization score: 7441221
Optimal tree inferred in 12.376 secs.
(12,(13,((21,(25,23)),(24,(((5,(3,2)),((1,4),(7,6))),((20,(18,8)),((14,(15,19)),((17,9),(10,(22,(16,11)))))))))));
Final quartet score is: 8328496
Final normalized quartet score is: 0.6253461236330566
You may want to ignore posterior probabilities and other statistics related to the following branch branch because the effective number of genes impacting it is only 8:
	{10}
You may want to ignore posterior probabilities and other statistics related to the following branch branch because the effective number of genes impacting it is only 13:
	{22}
You may want to ignore posterior probabilities and other statistics related to the following branch branch because the effective number of genes impacting it is only 11:
	{16}
You may want to ignore posterior probabilities and other statistics related to the following branch branch because the effective number of genes impacting it is only 11:
	{11}
You may want to ignore posterior probabilities and other statistics related to the following branch branch because the effective number of genes impacting it is only 11:
	{17}
You may want to ignore posterior probabilities and other statistics related to the following branch branch because the effective number of genes impacting it is only 10:
	{9}
You may want to ignore posterior probabilities and other statistics related to the following branch branch because the effective number of genes impacting it is only 12:
	{14}
You may want to ignore posterior probabilities and other statistics related to the following branch branch because the effective number of genes impacting it is only 16:
	{15}
You may want to ignore posterior probabilities and other statistics related to the following branch branch because the effective number of genes impacting it is only 12:
	{19}
You may want to ignore posterior probabilities and other statistics related to the following branch branch because the effective number of genes impacting it is only 10:
	{20}
You may want to ignore posterior probabilities and other statistics related to the following branch branch because the effective number of genes impacting it is only 14:
	{18}
You may want to ignore posterior probabilities and other statistics related to the following branch branch because the effective number of genes impacting it is only 19:
	{8}
You may want to ignore posterior probabilities and other statistics related to the following branch branch because the effective number of genes impacting it is only 7:
	{5}
You may want to ignore posterior probabilities and other statistics related to the following branch branch because the effective number of genes impacting it is only 10:
	{3}
You may want to ignore posterior probabilities and other statistics related to the following branch branch because the effective number of genes impacting it is only 10:
	{2}
You may want to ignore posterior probabilities and other statistics related to the following branch branch because the effective number of genes impacting it is only 7:
	{1}
You may want to ignore posterior probabilities and other statistics related to the following branch branch because the effective number of genes impacting it is only 17:
	{4}
You may want to ignore posterior probabilities and other statistics related to the following branch branch because the effective number of genes impacting it is only 12:
	{7}
You may want to ignore posterior probabilities and other statistics related to the following branch branch because the effective number of genes impacting it is only 8:
	{6}
You may want to ignore posterior probabilities and other statistics related to the following branch branch because the effective number of genes impacting it is only 11:
	{24}
You may want to ignore posterior probabilities and other statistics related to the following branch branch because the effective number of genes impacting it is only 14:
	{21}
You may want to ignore posterior probabilities and other statistics related to the following branch branch because the effective number of genes impacting it is only 15:
	{25}
You may want to ignore posterior probabilities and other statistics related to the following branch branch because the effective number of genes impacting it is only 13:
	{23}
You may want to ignore posterior probabilities and other statistics related to the following branch branch because the effective number of genes impacting it is only 19:
	{13}
You may want to ignore posterior probabilities and other statistics related to the following branch branch because the effective number of genes impacting it is only 18:
	{12}
((10_7,10_6,10_5,10_4,10_3,10_2,10_1,10_9,10_8,10_10)0.47:0.054106233251197726,(((22_6,22_5,22_4,22_3,22_2,22_1)0.12:0.0,((16_1,16_8,16_7,16_6,16_5,16_4,16_3,16_2)0.13:0.0,(11_6,11_5,11_4,11_3,11_2,11_1,11_8,11_7)0.15:0.0)0.91:0.1936152784463898)1:0.8073502410083885,(((17_7,17_6,17_5,17_4,17_3,17_2,17_1)0.22:0.0,(9_1,9_2,9_3,9_4,9_5,9_6,9_7,9_8,9_9)0.34:0.0)1:0.9662087003040208,(((14_3,14_2,14_1,14_8,14_7,14_6,14_5,14_4)0.48:0.05958559476655825,((15_2,15_1,15_5,15_4,15_3)0.12:0.0,(19_6,19_5,19_4,19_3,19_2,19_1,19_7)0.17:0.0)1:0.6722185329544189)1:1.2343629339171585,(((20_7,20_6,20_5,20_4,20_3,20_2,20_1)0.29:0.0,((18_6,18_5,18_4,18_3,18_2,18_1)0.2:0.0,(8_1,8_2,8_3,8_4,8_5)0.12:0.0)0.99:0.3118583713149957)1:1.1709849194662607,((((5_1,5_2,5_3,5_4,5_5,5_6,5_7)0.67:0.20503109050174984,((3_1,3_2,3_3,3_4,3_5,3_6,3_7)0.12:0.0,(2_1,2_2,2_3,2_4,2_5,2_6,2_7)0.17:0.0)1:1.1297495681702874)1:0.9865602019194499,(((1_1,1_2,1_3,1_4,1_5,1_6,1_7,1_8,1_9,1_11,1_10)0.53:0.09832597201540344,(4_1,4_2,4_3,4_4,4_5)0.68:0.15751890713156672)0.49:0.04908340300212849,((7_1,7_2,7_3,7_4,7_5,7_6,7_7)0.2:0.0,(6_1,6_2,6_3,6_4,6_5,6_6,6_7,6_8,6_9,6_11,6_10,6_12)0.23:0.0)1:0.6608749034236764)1:0.5396669244868548)1:1.9737628574029213,((24_4,24_3,24_2,24_1,24_9,24_8,24_7,24_6,24_5)0.78:0.2604284312433127,(((21_6,21_5,21_4,21_3,21_2,21_1)0.14:0.0,((25_3,25_2,25_1,25_6,25_5,25_4)0.11:0.0,(23_5,23_4,23_3,23_2,23_1,23_6)0.09:0.0)1:0.3422859882440091)1:0.6037498332880817,((13_4,13_3,13_2,13_1,13_5)0.07:0.0,(12_5,12_4,12_3,12_2,12_1)0.09:0.0)1:0.5469529899921799)1:0.6333002963099977)1:0.9097557323939697)1:0.7405156588329299)1:0.540960419824833)0.74:0.10921814339742508)0.92:0.2092838547565801));
Weight calculation took 0.406769982 secs
ASTRAL finished in 13.858 secs
