
================== ASTRAL ===================== 

This is ASTRAL version 5.6.3
Gene trees are treated as unrooted
25 trees read from g_trees-raxml-sqlen-250-ngen-25-s2g.trees
All output trees will be *arbitrarily* rooted at 14

======== Running the main analysis
Number of taxa: 153 (25 species)
Taxa: {22=[22_5, 22_4, 22_3, 22_2, 22_1], 23=[23_5, 23_4, 23_3, 23_2, 23_1, 23_6], 24=[24_4, 24_3, 24_2, 24_1, 24_9, 24_8, 24_7, 24_6, 24_5], 25=[25_3, 25_2, 25_1, 25_6, 25_5, 25_4], 10=[10_6, 10_5, 10_4, 10_3, 10_2, 10_1], 11=[11_6, 11_5, 11_4, 11_3, 11_2, 11_1], 12=[12_4, 12_3, 12_2, 12_1], 13=[13_3, 13_2, 13_1], 14=[14_3, 14_2, 14_1, 14_6, 14_5, 14_4], 15=[15_2, 15_1, 15_4, 15_3], 16=[16_1, 16_6, 16_5, 16_4, 16_3, 16_2], 17=[17_6, 17_5, 17_4, 17_3, 17_2, 17_1], 18=[18_6, 18_5, 18_4, 18_3, 18_2, 18_1], 19=[19_4, 19_3, 19_2, 19_1], 1=[1_1, 1_2, 1_3, 1_4, 1_5, 1_6, 1_7, 1_8, 1_9, 1_11, 1_10], 2=[2_1, 2_2, 2_3, 2_4, 2_5, 2_6, 2_7], 3=[3_1, 3_2, 3_3, 3_4, 3_5, 3_6, 3_7], 4=[4_1, 4_2, 4_3, 4_4, 4_5], 5=[5_1, 5_2, 5_3, 5_4, 5_5, 5_6, 5_7], 6=[6_1, 6_2, 6_3, 6_4, 6_5, 6_6, 6_7, 6_8, 6_9, 6_11, 6_10, 6_12], 7=[7_1, 7_2, 7_3, 7_4, 7_5, 7_6], 8=[8_1, 8_2, 8_3, 8_4, 8_5], 9=[9_1, 9_2, 9_3, 9_4, 9_5], 20=[20_7, 20_6, 20_5, 20_4, 20_3, 20_2, 20_1], 21=[21_4, 21_3, 21_2, 21_1]}
Taxon occupancy: {14_3=4, 14_2=5, 10_6=1, 14_1=14, 10_5=1, 10_4=2, 10_3=2, 10_2=7, 10_1=16, 18_6=1, 18_5=1, 18_4=1, 18_3=4, 18_2=5, 14_6=1, 18_1=9, 14_5=2, 14_4=4, 25_3=4, 25_2=6, 25_1=16, 21_4=1, 21_3=5, 21_2=7, 3_1=16, 21_1=14, 3_2=6, 3_3=4, 3_4=4, 7_1=15, 3_5=2, 7_2=5, 3_6=1, 7_3=3, 3_7=1, 7_4=1, 25_6=1, 7_5=1, 25_5=1, 7_6=1, 25_4=2, 13_3=4, 13_2=8, 13_1=16, 17_6=1, 17_5=2, 17_4=3, 17_3=4, 17_2=5, 17_1=14, 24_4=2, 24_3=4, 20_7=1, 24_2=7, 20_6=2, 24_1=16, 20_5=2, 2_1=16, 20_4=2, 2_2=6, 20_3=2, 20_2=6, 2_3=4, 20_1=10, 2_4=3, 6_1=14, 2_5=2, 6_2=4, 2_6=1, 6_3=2, 2_7=1, 24_9=1, 6_4=1, 24_8=1, 6_5=1, 24_7=1, 6_6=1, 24_6=1, 6_7=1, 24_5=1, 6_8=1, 6_9=1, 16_1=13, 12_4=3, 12_3=4, 12_2=8, 12_1=15, 16_6=1, 16_5=3, 16_4=3, 16_3=4, 16_2=8, 23_5=1, 23_4=2, 23_3=4, 23_2=4, 1_1=17, 23_1=16, 1_2=6, 1_3=4, 1_4=1, 5_1=15, 1_5=1, 5_2=6, 1_6=1, 5_3=3, 1_7=1, 5_4=2, 1_8=1, 9_1=15, 5_5=1, 1_9=1, 9_2=6, 5_6=1, 9_3=3, 5_7=1, 9_4=2, 23_6=1, 9_5=1, 15_2=8, 11_6=1, 15_1=17, 11_5=2, 11_4=3, 11_3=3, 11_2=7, 11_1=12, 19_4=2, 19_3=5, 19_2=7, 19_1=16, 15_4=2, 15_3=3, 6_11=1, 6_10=1, 6_12=1, 22_5=1, 22_4=4, 22_3=4, 22_2=8, 22_1=14, 4_1=16, 4_2=11, 4_3=6, 4_4=2, 8_1=11, 4_5=1, 8_2=6, 8_3=4, 8_4=3, 8_5=2, 1_11=1, 1_10=1}
Number of gene trees: 25
25 trees have missing taxa
Calculating quartet distance matrix (for completion of X)
Species tree distances calculated ...
Will attempt to complete bipartitions from X before adding using a distance matrix.
Building set of clusters (X) from gene trees 
In second round sampling 4 rounds will be done
------------------------------
gradient0: 271
------------------------------
gradient1: 102
------------------------------
gradient2: 64
------------------------------
gradient3: 94
Number of Clusters after addition by distance: 531
calculating extra bipartitions to be added at level 1 ...
Adding to X using resolutions of greedy consensus ...
Limit for sigma of degrees:675
polytomy size limit : 5
discarded polytomies:  [3, 3, 5]
Threshold 0.0:
Threshold 0.01:
Threshold 0.02:
Threshold 0.05:
Threshold 0.1:
Threshold 0.2:
polytomy of size 3; rounds with additions with at least 5 support: 0; clusters: 531
Threshold 0.3333333333333333:
polytomy of size 3; rounds with additions with at least 5 support: 0; clusters: 531
polytomy of size 5; rounds with additions with at least 5 support: 0; clusters: 531
max k is :0
Number of Clusters after addition by greedy: 531
gradient0 in heuristiic: 531
calculating extra bipartitions to be added at level 1 ...
Adding to X using resolutions of greedy consensus ...
Limit for sigma of degrees:675
polytomy size limit : 3
discarded polytomies:  [3]
Threshold 0.0:
Threshold 0.01:
Threshold 0.02:
Threshold 0.05:
Threshold 0.1:
Threshold 0.2:
Threshold 0.3333333333333333:
polytomy of size 3; rounds with additions with at least 5 support: 0; clusters: 531
max k is :0
Number of Clusters after addition by greedy: 531
gradient1 in heuristiic: 0
calculating extra bipartitions to be added at level 1 ...
Adding to X using resolutions of greedy consensus ...
Limit for sigma of degrees:675
polytomy size limit : 3
discarded polytomies:  [3]
Threshold 0.0:
Threshold 0.01:
Threshold 0.02:
Threshold 0.05:
Threshold 0.1:
Threshold 0.2:
Threshold 0.3333333333333333:
polytomy of size 3; rounds with additions with at least 5 support: 0; clusters: 531
max k is :0
Number of Clusters after addition by greedy: 531
gradient2 in heuristiic: 0
calculating extra bipartitions to be added at level 1 ...
Adding to X using resolutions of greedy consensus ...
Limit for sigma of degrees:675
polytomy size limit : 4
discarded polytomies:  [3, 3, 4, 4, 4]
Threshold 0.0:
Threshold 0.01:
Threshold 0.02:
Threshold 0.05:
polytomy of size 3; rounds with additions with at least 5 support: 0; clusters: 531
Threshold 0.1:
polytomy of size 4; rounds with additions with at least 5 support: 0; clusters: 531
Threshold 0.2:
polytomy of size 4; rounds with additions with at least 5 support: 0; clusters: 531
Threshold 0.3333333333333333:
polytomy of size 3; rounds with additions with at least 5 support: 0; clusters: 531
polytomy of size 4; rounds with additions with at least 5 support: 0; clusters: 531
max k is :0
Number of Clusters after addition by greedy: 531
gradient3 in heuristiic: 0
partitions formed in 3.642 secs
Dynamic Programming starting after 3.642 secs
Using tree-based weight calculation.
Using polytree-based weight calculation.
Polytree max score: 4547216
Polytree building time: 0.007 seconds.
Number of quartet trees in the gene trees: 4492933
Size of largest cluster: 153
Greedy score: 2167921
estimationFactor: 2.097500301556122
Sub-optimal score: 2398090
Total Number of elements weighted: 1197
Normalized score (portion of input quartet trees satisfied before correcting for multiple individuals): 0.5369046233273455
Optimization score: 2412276
Optimal tree inferred in 3.73 secs.
(13,(12,((21,(25,23)),(24,(((5,(3,2)),((1,4),(7,6))),((8,(18,20)),((14,(15,19)),((17,9),(10,(22,(16,11)))))))))));
Final quartet score is: 2709657
Final normalized quartet score is: 0.6030931242464554
You may want to ignore posterior probabilities and other statistics related to the following branch branch because the effective number of genes impacting it is only 3:
	{14}
You may want to ignore posterior probabilities and other statistics related to the following branch branch because the effective number of genes impacting it is only 4:
	{15}
You may want to ignore posterior probabilities and other statistics related to the following branch branch because the effective number of genes impacting it is only 5:
	{19}
You may want to ignore posterior probabilities and other statistics related to the following branch branch because the effective number of genes impacting it is only 13:
	{15, 19}
You may want to ignore posterior probabilities and other statistics related to the following branch branch because the effective number of genes impacting it is only 2:
	{17}
You may want to ignore posterior probabilities and other statistics related to the following branch branch because the effective number of genes impacting it is only 3:
	{9}
You may want to ignore posterior probabilities and other statistics related to the following branch branch because the effective number of genes impacting it is only 12:
	{17, 9}
You may want to ignore posterior probabilities and other statistics related to the following branch branch because the effective number of genes impacting it is only 3:
	{10}
You may want to ignore posterior probabilities and other statistics related to the following branch branch because the effective number of genes impacting it is only 5:
	{22}
You may want to ignore posterior probabilities and other statistics related to the following branch branch because the effective number of genes impacting it is only 4:
	{16}
You may want to ignore posterior probabilities and other statistics related to the following branch branch because the effective number of genes impacting it is only 3:
	{11}
You may want to ignore posterior probabilities and other statistics related to the following branch branch because the effective number of genes impacting it is only 12:
	{16, 11}
You may want to ignore posterior probabilities and other statistics related to the following branch branch because the effective number of genes impacting it is only 13:
	{16, 11, 22}
You may want to ignore posterior probabilities and other statistics related to the following branch branch because the effective number of genes impacting it is only 13:
	{10, 16, 11, 22}
You may want to ignore posterior probabilities and other statistics related to the following branch branch because the effective number of genes impacting it is only 14:
	{10, 17, 16, 9, 11, 22}
You may want to ignore posterior probabilities and other statistics related to the following branch branch because the effective number of genes impacting it is only 4:
	{8}
You may want to ignore posterior probabilities and other statistics related to the following branch branch because the effective number of genes impacting it is only 2:
	{18}
You may want to ignore posterior probabilities and other statistics related to the following branch branch because the effective number of genes impacting it is only 2:
	{20}
You may want to ignore posterior probabilities and other statistics related to the following branch branch because the effective number of genes impacting it is only 7:
	{18, 20}
You may want to ignore posterior probabilities and other statistics related to the following branch branch because the effective number of genes impacting it is only 11:
	{18, 20, 8}
You may want to ignore posterior probabilities and other statistics related to the following branch branch because the effective number of genes impacting it is only 2:
	{5}
You may want to ignore posterior probabilities and other statistics related to the following branch branch because the effective number of genes impacting it is only 3:
	{3}
You may want to ignore posterior probabilities and other statistics related to the following branch branch because the effective number of genes impacting it is only 3:
	{2}
You may want to ignore posterior probabilities and other statistics related to the following branch branch because the effective number of genes impacting it is only 12:
	{3, 2}
You may want to ignore posterior probabilities and other statistics related to the following branch branch because the effective number of genes impacting it is only 7:
	{3, 2, 5}
You may want to ignore posterior probabilities and other statistics related to the following branch branch because the effective number of genes impacting it is only 2:
	{1}
You may want to ignore posterior probabilities and other statistics related to the following branch branch because the effective number of genes impacting it is only 6:
	{4}
You may want to ignore posterior probabilities and other statistics related to the following branch branch because the effective number of genes impacting it is only 13:
	{1, 4}
You may want to ignore posterior probabilities and other statistics related to the following branch branch because the effective number of genes impacting it is only 2:
	{7}
You may want to ignore posterior probabilities and other statistics related to the following branch branch because the effective number of genes impacting it is only 1:
	{6}
You may want to ignore posterior probabilities and other statistics related to the following branch branch because the effective number of genes impacting it is only 14:
	{7, 6}
You may want to ignore posterior probabilities and other statistics related to the following branch branch because the effective number of genes impacting it is only 9:
	{7, 6, 1, 4}
You may want to ignore posterior probabilities and other statistics related to the following branch branch because the effective number of genes impacting it is only 9:
	{3, 7, 2, 6, 1, 5, 4}
You may want to ignore posterior probabilities and other statistics related to the following branch branch because the effective number of genes impacting it is only 2:
	{24}
You may want to ignore posterior probabilities and other statistics related to the following branch branch because the effective number of genes impacting it is only 5:
	{21}
You may want to ignore posterior probabilities and other statistics related to the following branch branch because the effective number of genes impacting it is only 3:
	{25}
You may want to ignore posterior probabilities and other statistics related to the following branch branch because the effective number of genes impacting it is only 2:
	{23}
You may want to ignore posterior probabilities and other statistics related to the following branch branch because the effective number of genes impacting it is only 14:
	{25, 23}
You may want to ignore posterior probabilities and other statistics related to the following branch branch because the effective number of genes impacting it is only 13:
	{25, 21, 23}
You may want to ignore posterior probabilities and other statistics related to the following branch branch because the effective number of genes impacting it is only 5:
	{12}
You may want to ignore posterior probabilities and other statistics related to the following branch branch because the effective number of genes impacting it is only 6:
	{13}
You may want to ignore posterior probabilities and other statistics related to the following branch branch because the effective number of genes impacting it is only 14:
	{13, 12}
You may want to ignore posterior probabilities and other statistics related to the following branch branch because the effective number of genes impacting it is only 13:
	{25, 21, 13, 12, 23}
You may want to ignore posterior probabilities and other statistics related to the following branch branch because the effective number of genes impacting it is only 9:
	{25, 21, 13, 24, 12, 23}
You may want to ignore posterior probabilities and other statistics related to the following branch branch because the effective number of genes impacting it is only 8:
	{25, 21, 3, 7, 13, 24, 2, 6, 12, 23, 1, 5, 4}
You may want to ignore posterior probabilities and other statistics related to the following branch branch because the effective number of genes impacting it is only 10:
	{18, 25, 21, 3, 7, 13, 24, 20, 2, 6, 12, 23, 1, 5, 4, 8}
You may want to ignore posterior probabilities and other statistics related to the following branch branch because the effective number of genes impacting it is only 13:
	{10, 18, 25, 21, 3, 7, 13, 17, 24, 20, 2, 6, 16, 12, 23, 1, 5, 9, 11, 22, 4, 8}
((14_3,14_2,14_1,14_6,14_5,14_4)0.38:0.0,(((15_2,15_1,15_4,15_3)0.3:0.0,(19_4,19_3,19_2,19_1)0.24:0.0)0.99:0.6645455373553835,((((17_6,17_5,17_4,17_3,17_2,17_1)0.32:0.0,(9_1,9_2,9_3,9_4,9_5)0.2:0.0)1:0.9963475008792099,((10_6,10_5,10_4,10_3,10_2,10_1)0.47:0.029896308425896734,((22_5,22_4,22_3,22_2,22_1)0.16:0.0,((16_1,16_6,16_5,16_4,16_3,16_2)0.17:0.0,(11_6,11_5,11_4,11_3,11_2,11_1)0.21:0.0)0.89:0.3778585433951705)1:0.8643883454556301)0.95:0.4760335420875099)0.26:0.0,(((8_1,8_2,8_3,8_4,8_5)0.29:0.0,((18_6,18_5,18_4,18_3,18_2,18_1)0.31:0.0,(20_7,20_6,20_5,20_4,20_3,20_2,20_1)0.52:0.08996710459452714)0.35:0.0)1:1.2646331320564097,((((5_1,5_2,5_3,5_4,5_5,5_6,5_7)0.41:0.0,((3_1,3_2,3_3,3_4,3_5,3_6,3_7)0.21:0.0,(2_1,2_2,2_3,2_4,2_5,2_6,2_7)0.26:0.0)1:1.0054383895406565)0.95:0.6291668508965379,(((1_1,1_2,1_3,1_4,1_5,1_6,1_7,1_8,1_9,1_11,1_10)0.39:0.0,(4_1,4_2,4_3,4_4,4_5)0.71:0.25951898950473334)0.58:0.11790645602679395,((7_1,7_2,7_3,7_4,7_5,7_6)0.29:0.0,(6_1,6_2,6_3,6_4,6_5,6_6,6_7,6_8,6_9,6_11,6_10,6_12)0.3:0.0)1:1.3507167340169175)0.96:0.6268245376288728)1:1.8971199848858815,((24_4,24_3,24_2,24_1,24_9,24_8,24_7,24_6,24_5)0.4:0.0,(((21_4,21_3,21_2,21_1)0.26:0.0,((25_3,25_2,25_1,25_6,25_5,25_4)0.25:0.0,(23_5,23_4,23_3,23_2,23_1,23_6)0.22:0.0)1:0.9562709926699877)1:0.8705996582015848,((12_4,12_3,12_2,12_1)0.24:0.0,(13_3,13_2,13_1)0.16:0.0)1:0.9898824555406794)1:1.134292338598264)1:1.2116041885884146)0.88:0.4375015854719254)0.98:0.7087168222509486)1:1.2717603912096302));
Weight calculation took 0.107680856 secs
ASTRAL finished in 3.853 secs
