
================== ASTRAL ===================== 

This is ASTRAL version 5.6.3
Gene trees are treated as unrooted
4439 trees read from g_trees-raxml-sqlen-250-ngen-500.trees.tree
All output trees will be *arbitrarily* rooted at 9

======== Running the main analysis
Number of taxa: 25 (25 species)
Taxa: [9, 22, 10, 15, 19, 4, 6, 7, 1, 24, 21, 25, 23, 13, 12, 5, 17, 16, 8, 18, 20, 3, 2, 11, 14]
Taxon occupancy: {22=3700, 23=2837, 24=2449, 25=2973, 10=3408, 11=3739, 12=2727, 13=2744, 14=3685, 15=3245, 16=3243, 17=3308, 18=2546, 19=2938, 1=2957, 2=2805, 3=2751, 4=2972, 5=2756, 6=2737, 7=2590, 8=2607, 9=3325, 20=2514, 21=2930}
Number of gene trees: 4439
4431 trees have missing taxa
Calculating quartet distance matrix (for completion of X)
Species tree distances calculated ...
Will attempt to complete bipartitions from X before adding using a distance matrix.
Building set of clusters (X) from gene trees 
------------------------------
gradient0: 367
Number of Clusters after addition by distance: 367
calculating extra bipartitions to be added at level 1 ...
Adding to X using resolutions of greedy consensus ...
Limit for sigma of degrees:675
polytomy size limit : 3
discarded polytomies:  []
Threshold 0.0:
Threshold 0.01:
Threshold 0.02:
Threshold 0.05:
Threshold 0.1:
Threshold 0.2:
Threshold 0.3333333333333333:
max k is :0
Number of Clusters after addition by greedy: 367
gradient0 in heuristiic: 367
partitions formed in 1.629 secs
Dynamic Programming starting after 1.629 secs
Using tree-based weight calculation.
Using polytree-based weight calculation.
Polytree max score: 11821567
Polytree building time: 0.261 seconds.
Number of quartet trees in the gene trees: 11821567
Size of largest cluster: 25
Greedy score: 11409290
estimationFactor: 1.0361352021028478
Sub-optimal score: 11409290
Total Number of elements weighted: 405
Normalized score (portion of input quartet trees satisfied before correcting for multiple individuals): 0.9651250126146559
Optimization score: 11409290
Optimal tree inferred in 2.682 secs.
(19,(15,(14,(((9,17),(10,(22,(16,11)))),((20,(8,18)),((24,((13,12),(21,(25,23)))),((5,(3,2)),((6,7),(4,1)))))))));
Final quartet score is: 11409290
Final normalized quartet score is: 0.9651250126146559
(9,(17,((10,(22,(16,11)1:0.7214722198711861)1:4.476063047799013)1:0.991156768530574,(((20,(8,18)1:2.300583090323373)1:5.013306620045196,((24,((13,12)1:2.7241795830320945,(21,(25,23)1:1.3680375837786636)1:2.405024680224209)1:2.3351082846996056)1:3.4503402173217546,((5,(3,2)1:7.065328666086947)1:2.8297471360797295,((6,7)1:2.9454283078673464,(4,1)1:0.5996583909278007)1:3.023684403937733)1:7.5635466729982985)1:1.29913418567749)1:3.475870158612038,(14,(15,19)1:3.2662587835839854)1:0.8485455928928798)1:1.705620951425515)1:4.0985025723707675));
Weight calculation took 0.682842443 secs
ASTRAL finished in 3.59 secs
