
================== ASTRAL ===================== 

This is ASTRAL version 5.6.3
Gene trees are treated as unrooted
467 trees read from g_trees-raxml-sqlen-100-ngen-50.trees.tree
All output trees will be *arbitrarily* rooted at 22

======== Running the main analysis
Number of taxa: 25 (25 species)
Taxa: [22, 10, 9, 19, 15, 7, 1, 4, 6, 24, 21, 25, 23, 13, 12, 5, 17, 16, 8, 18, 20, 2, 3, 11, 14]
Taxon occupancy: {22=344, 23=261, 24=279, 25=256, 10=297, 11=317, 12=251, 13=236, 14=288, 15=277, 16=291, 17=251, 18=316, 19=248, 1=329, 2=272, 3=263, 4=330, 5=341, 6=247, 7=265, 8=358, 9=341, 20=288, 21=260}
Number of gene trees: 467
467 trees have missing taxa
Calculating quartet distance matrix (for completion of X)
Species tree distances calculated ...
Will attempt to complete bipartitions from X before adding using a distance matrix.
Building set of clusters (X) from gene trees 
------------------------------
gradient0: 257
Number of Clusters after addition by distance: 257
calculating extra bipartitions to be added at level 1 ...
Adding to X using resolutions of greedy consensus ...
Limit for sigma of degrees:675
polytomy size limit : 3
discarded polytomies:  []
Threshold 0.0:
Threshold 0.01:
Threshold 0.02:
Threshold 0.05:
Threshold 0.1:
Threshold 0.2:
Threshold 0.3333333333333333:
max k is :0
Number of Clusters after addition by greedy: 257
gradient0 in heuristiic: 257
partitions formed in 0.296 secs
Dynamic Programming starting after 0.296 secs
Using tree-based weight calculation.
Using polytree-based weight calculation.
Polytree max score: 845888
Polytree building time: 0.038 seconds.
Number of quartet trees in the gene trees: 845888
Size of largest cluster: 25
Greedy score: 761839
estimationFactor: 1.1103238348259934
Sub-optimal score: 761839
Total Number of elements weighted: 314
Normalized score (portion of input quartet trees satisfied before correcting for multiple individuals): 0.9006381459483997
Optimization score: 761839
Optimal tree inferred in 0.51 secs.
(20,((8,18),(((5,(2,3)),(4,(1,(7,6)))),((24,((13,12),(21,(25,23)))),((14,(19,15)),((9,17),(10,(22,(16,11)))))))));
Final quartet score is: 761839
Final normalized quartet score is: 0.9006381459483997
(22,((16,11)1:0.4751450287461542,(10,((9,17)1:4.6392494996409575,((14,(19,15)1:1.257176840389401)1:4.1484117834923735,((24,((13,12)1:2.4194494331333565,(21,(25,23)1:1.6254017634231146)1:2.6042534074205657)1:2.0863619845244092)1:2.135026391072353,(((5,(2,3)1:3.4698939129483883)1:1.157632467067234,(4,(1,(7,6)1:2.6419424093532813)1:0.17472714906278985)1:3.579808359059577)1:5.225746673713192,((8,18)1:0.7973481480079353,20)1:3.850410241238805)1:0.26659087107314644)1:0.46167773019877006)1:0.5152533625554084)1:0.2831298772228906)1:0.9686587173914709));
Weight calculation took 0.125833252 secs
ASTRAL finished in 1.8 secs
