
================== ASTRAL ===================== 

This is ASTRAL version 5.6.3
Gene trees are treated as unrooted
108 trees read from g_trees-raxml-sqlen-0-ngen-25.trees.tree
All output trees will be *arbitrarily* rooted at 24

======== Running the main analysis
Number of taxa: 25 (25 species)
Taxa: [24, 12, 21, 25, 23, 15, 19, 10, 22, 9, 4, 1, 6, 7, 13, 5, 20, 8, 18, 17, 16, 2, 3, 14, 11]
Taxon occupancy: {22=99, 23=94, 24=57, 25=94, 10=67, 11=87, 12=86, 13=84, 14=89, 15=101, 16=99, 17=64, 18=71, 19=101, 1=87, 2=33, 3=35, 4=79, 5=94, 6=70, 7=76, 8=63, 9=99, 20=72, 21=84}
Number of gene trees: 108
108 trees have missing taxa
Calculating quartet distance matrix (for completion of X)
Species tree distances calculated ...
Will attempt to complete bipartitions from X before adding using a distance matrix.
Building set of clusters (X) from gene trees 
------------------------------
gradient0: 95
Number of Clusters after addition by distance: 95
calculating extra bipartitions to be added at level 1 ...
Adding to X using resolutions of greedy consensus ...
Limit for sigma of degrees:675
polytomy size limit : 3
discarded polytomies:  []
Threshold 0.0:
Threshold 0.01:
Threshold 0.02:
Threshold 0.05:
Threshold 0.1:
Threshold 0.2:
Threshold 0.3333333333333333:
max k is :0
Number of Clusters after addition by greedy: 95
gradient0 in heuristiic: 95
partitions formed in 0.152 secs
Dynamic Programming starting after 0.152 secs
Using tree-based weight calculation.
Using polytree-based weight calculation.
Polytree max score: 425531
Polytree building time: 0.016 seconds.
Number of quartet trees in the gene trees: 425531
Size of largest cluster: 25
Greedy score: 425531
estimationFactor: 1.0
Sub-optimal score: 425531
Total Number of elements weighted: 81
Normalized score (portion of input quartet trees satisfied before correcting for multiple individuals): 1.0
Optimization score: 425531
Optimal tree inferred in 0.225 secs.
(16,(11,(22,(10,((9,17),((14,(15,19)),((20,(8,18)),((24,((12,13),(21,(25,23)))),((5,(2,3)),((4,1),(6,7)))))))))));
Final quartet score is: 425531
Final normalized quartet score is: 1.0
(24,(((12,13)1:3.9765615265657206,(21,(25,23)1:4.037186148382156)1:4.001254139156088)1:3.486355190002461,(((5,(2,3)1:3.0285220963769826)1:2.961830721878311,((4,1)1:3.737669618283365,(6,7)1:3.857214768933152)1:3.9120230054281477)1:4.025351690735153,((20,(8,18)1:3.601868077124306)1:3.857214768933152,((14,(15,19)1:4.025351690735153)1:4.048882188145342,((9,17)1:3.6720723357975578,(10,(22,(11,16)1:4.048882188145342)1:3.6720723357975578)1:3.688879454113933)1:4.229263880121472)1:3.925268232178164)1:3.799227511282799)1:3.4657359027997248));
Weight calculation took 0.018390104 secs
ASTRAL finished in 1.277 secs
