
================== ASTRAL ===================== 

This is ASTRAL version 5.6.3
Gene trees are treated as unrooted
90 trees read from g_trees-raxml-sqlen-100-ngen-25.trees.tree
All output trees will be *arbitrarily* rooted at 22

======== Running the main analysis
Number of taxa: 25 (25 species)
Taxa: [22, 10, 9, 19, 15, 7, 1, 4, 6, 24, 21, 25, 23, 13, 12, 5, 17, 16, 8, 18, 20, 2, 3, 11, 14]
Taxon occupancy: {22=72, 23=70, 24=78, 25=73, 10=78, 11=56, 12=44, 13=49, 14=56, 15=74, 16=72, 17=67, 18=34, 19=70, 1=46, 2=52, 3=53, 4=52, 5=73, 6=25, 7=33, 8=47, 9=71, 20=43, 21=65}
Number of gene trees: 90
90 trees have missing taxa
Calculating quartet distance matrix (for completion of X)
Species tree distances calculated ...
Will attempt to complete bipartitions from X before adding using a distance matrix.
Building set of clusters (X) from gene trees 
------------------------------
gradient0: 195
Number of Clusters after addition by distance: 195
calculating extra bipartitions to be added at level 1 ...
Adding to X using resolutions of greedy consensus ...
Limit for sigma of degrees:675
polytomy size limit : 3
discarded polytomies:  [3]
Threshold 0.0:
Threshold 0.01:
Threshold 0.02:
Threshold 0.05:
Threshold 0.1:
Threshold 0.2:
Threshold 0.3333333333333333:
polytomy of size 3; rounds with additions with at least 5 support: 0; clusters: 195
max k is :0
Number of Clusters after addition by greedy: 195
gradient0 in heuristiic: 195
partitions formed in 0.183 secs
Dynamic Programming starting after 0.183 secs
Using tree-based weight calculation.
Using polytree-based weight calculation.
Polytree max score: 202697
Polytree building time: 0.015 seconds.
Number of quartet trees in the gene trees: 202697
Size of largest cluster: 25
Greedy score: 173534
estimationFactor: 1.1680535226526214
Sub-optimal score: 185229
Total Number of elements weighted: 234
Normalized score (portion of input quartet trees satisfied before correcting for multiple individuals): 0.913822108861996
Optimization score: 185229
Optimal tree inferred in 0.269 secs.
(20,((8,18),(((14,(19,15)),((9,17),(10,(11,(22,16))))),((24,((13,12),(21,(25,23)))),((5,(2,3)),((7,6),(1,4)))))));
Final quartet score is: 185229
Final normalized quartet score is: 0.913822108861996
(22,(16,(11,(10,((9,17)1:3.5835189384561117,((14,(19,15)1:1.3862943611198908)1:2.8716796248840124,(((24,((13,12)1:1.2286654169163078,(21,(25,23)1:1.5404450409471486)1:1.2039728043259361)1:1.0467872208035236)1:0.42121346507630353,((5,(2,3)1:3.4231762883809314)1:1.4816045409242156,((7,6)1:1.466337068793427,(1,4)0.98:0.5039051809214168)1:1.6422277352570913)1:3.5457786104732607)1:1.935757777591295,((8,18)1:2.730029107820986,20)1:3.1780538303479453)1:0.8255363686056908)1:0.41652327415548085)1:0.48713493840158834)1:3.4231762883809314)0.63:0.09237332013101504));
Weight calculation took 0.029696361 secs
ASTRAL finished in 1.967 secs
