
================== ASTRAL ===================== 

This is ASTRAL version 5.6.3
Gene trees are treated as unrooted
296 trees read from g_trees-raxml-sqlen-25-ngen-100.trees.tree
All output trees will be *arbitrarily* rooted at 7

======== Running the main analysis
Number of taxa: 25 (25 species)
Taxa: [7, 6, 4, 1, 9, 19, 15, 22, 10, 24, 23, 25, 13, 12, 21, 17, 5, 16, 8, 18, 14, 20, 11, 2, 3]
Taxon occupancy: {22=177, 23=201, 24=192, 25=207, 10=172, 11=188, 12=196, 13=193, 14=145, 15=170, 16=165, 17=147, 18=196, 19=166, 1=215, 2=193, 3=195, 4=141, 5=145, 6=178, 7=200, 8=229, 9=188, 20=217, 21=178}
Number of gene trees: 296
296 trees have missing taxa
Calculating quartet distance matrix (for completion of X)
Species tree distances calculated ...
Will attempt to complete bipartitions from X before adding using a distance matrix.
Building set of clusters (X) from gene trees 
------------------------------
gradient0: 773
Number of Clusters after addition by distance: 773
calculating extra bipartitions to be added at level 1 ...
Adding to X using resolutions of greedy consensus ...
Limit for sigma of degrees:675
polytomy size limit : 4
discarded polytomies:  [3, 3, 4]
Threshold 0.0:
Threshold 0.01:
Threshold 0.02:
Threshold 0.05:
Threshold 0.1:
Threshold 0.2:
Threshold 0.3333333333333333:
polytomy of size 3; rounds with additions with at least 5 support: 0; clusters: 773
polytomy of size 3; rounds with additions with at least 5 support: 0; clusters: 773
polytomy of size 4; rounds with additions with at least 5 support: 0; clusters: 773
max k is :0
Number of Clusters after addition by greedy: 773
gradient0 in heuristiic: 773
partitions formed in 0.793 secs
Dynamic Programming starting after 0.793 secs
Using tree-based weight calculation.
Using polytree-based weight calculation.
Polytree max score: 581908
Polytree building time: 0.058 seconds.
Number of quartet trees in the gene trees: 581908
Size of largest cluster: 25
Greedy score: 367100
estimationFactor: 1.5851484609098339
Sub-optimal score: 384074
Total Number of elements weighted: 1834
Normalized score (portion of input quartet trees satisfied before correcting for multiple individuals): 0.7161561621424692
Optimization score: 416737
Optimal tree inferred in 1.252 secs.
(14,((19,15),((9,17),(((18,(8,20)),(10,(22,(16,11)))),((24,((13,12),(21,(23,25)))),((5,(2,3)),((7,6),(4,1))))))));
Final quartet score is: 416737
Final normalized quartet score is: 0.7161561621424692
(7,(6,((4,1)1:0.2806124115929933,((5,(2,3)1:2.022098483564417)0.99:0.22468083063309618,((24,((13,12)1:1.4202326754741046,(21,(23,25)0.18:0.05011223158192347)1:0.9724970730982971)1:0.642740949084204)1:1.2493358921182507,(((18,(8,20)1:0.2502335429260508)1:0.28073838576354393,(10,(22,(16,11)1:0.3081529741025304)1:1.7184841996205782)1:0.5437464169940525)0.03:0.0,((9,17)1:1.042062126008477,((19,15)1:0.881454898267842,14)1:0.4286205317400872)0.97:0.14827502381936258)1:0.4472030330713475)1:0.9343627631834905)0.92:0.24082879424170087)1:1.3298906901885952));
Weight calculation took 0.308275827 secs
ASTRAL finished in 1.452 secs
