
================== ASTRAL ===================== 

This is ASTRAL version 5.6.3
Gene trees are treated as unrooted
25 trees read from g_trees-raxml-sqlen-100-ngen-25-s2g.trees
All output trees will be *arbitrarily* rooted at 14

======== Running the main analysis
Number of taxa: 132 (25 species)
Taxa: {22=[22_5, 22_4, 22_3, 22_2, 22_1], 23=[23_3, 23_2, 23_1], 24=[24_4, 24_3, 24_2, 24_1], 25=[25_3, 25_2, 25_1, 25_4], 10=[10_5, 10_4, 10_3, 10_2, 10_1], 11=[11_6, 11_5, 11_4, 11_3, 11_2, 11_1, 11_9, 11_8, 11_7], 12=[12_4, 12_3, 12_2, 12_1], 13=[13_4, 13_3, 13_2, 13_1], 14=[14_3, 14_2, 14_1, 14_4], 15=[15_2, 15_1, 15_4, 15_3], 16=[16_1, 16_5, 16_4, 16_3, 16_2], 17=[17_5, 17_4, 17_3, 17_2, 17_1], 18=[18_4, 18_3, 18_2, 18_1], 19=[19_5, 19_4, 19_3, 19_2, 19_1], 1=[1_1, 1_2, 1_3, 1_4, 1_5, 1_6], 2=[2_1, 2_2, 2_3, 2_4, 2_5], 3=[3_1, 3_2, 3_3, 3_4, 3_5], 4=[4_1, 4_2, 4_3, 4_4, 4_5, 4_6], 5=[5_1, 5_2, 5_3, 5_4, 5_5, 5_6, 5_7, 5_8], 6=[6_1, 6_2, 6_3, 6_4, 6_5, 6_6, 6_7, 6_8], 7=[7_1, 7_2, 7_3, 7_4, 7_5, 7_6], 8=[8_1, 8_2, 8_3, 8_4, 8_5, 8_6], 9=[9_1, 9_2, 9_3, 9_4], 20=[20_5, 20_4, 20_3, 20_2, 20_1], 21=[21_7, 21_6, 21_5, 21_4, 21_3, 21_2, 21_1, 21_8]}
Taxon occupancy: {14_3=2, 14_2=4, 10_5=3, 14_1=13, 10_4=4, 10_3=5, 10_2=11, 10_1=18, 18_4=1, 18_3=4, 18_2=8, 18_1=16, 14_4=1, 25_3=1, 21_7=1, 25_2=4, 21_6=1, 25_1=11, 21_5=1, 21_4=2, 21_3=3, 3_1=18, 21_2=8, 3_2=10, 21_1=12, 3_3=5, 3_4=4, 7_1=19, 3_5=2, 7_2=8, 7_3=5, 7_4=5, 7_5=2, 7_6=1, 25_4=1, 21_8=1, 13_4=1, 13_3=3, 13_2=6, 13_1=17, 17_5=2, 17_4=2, 17_3=4, 17_2=9, 17_1=17, 24_4=2, 24_3=3, 24_2=7, 24_1=16, 20_5=1, 2_1=17, 20_4=1, 2_2=11, 20_3=1, 20_2=5, 2_3=7, 20_1=17, 2_4=2, 6_1=17, 2_5=2, 6_2=11, 6_3=5, 6_4=3, 6_5=2, 6_6=1, 6_7=1, 6_8=1, 16_1=18, 12_4=1, 12_3=4, 12_2=7, 12_1=16, 16_5=1, 16_4=1, 16_3=4, 16_2=9, 23_3=2, 1_1=17, 23_2=6, 23_1=15, 1_2=11, 1_3=7, 1_4=4, 5_1=17, 1_5=3, 5_2=11, 1_6=1, 5_3=5, 5_4=2, 9_1=15, 5_5=2, 5_6=1, 9_2=7, 5_7=1, 9_3=4, 5_8=1, 9_4=3, 15_2=8, 11_6=1, 15_1=18, 11_5=3, 11_4=5, 11_3=7, 11_2=12, 11_1=17, 19_5=1, 19_4=2, 19_3=4, 19_2=7, 19_1=13, 11_9=1, 15_4=2, 11_8=1, 15_3=4, 11_7=1, 22_5=1, 22_4=2, 22_3=4, 22_2=9, 22_1=17, 4_1=19, 4_2=13, 4_3=8, 4_4=6, 8_1=15, 4_5=2, 8_2=7, 4_6=1, 8_3=4, 8_4=3, 8_5=2, 8_6=1}
Number of gene trees: 25
25 trees have missing taxa
Calculating quartet distance matrix (for completion of X)
Species tree distances calculated ...
Will attempt to complete bipartitions from X before adding using a distance matrix.
Building set of clusters (X) from gene trees 
In second round sampling 4 rounds will be done
------------------------------
gradient0: 271
------------------------------
gradient1: 72
------------------------------
gradient2: 58
------------------------------
gradient3: 34
Number of Clusters after addition by distance: 435
calculating extra bipartitions to be added at level 1 ...
Adding to X using resolutions of greedy consensus ...
Limit for sigma of degrees:675
polytomy size limit : 4
discarded polytomies:  [3, 4]
Threshold 0.0:
Threshold 0.01:
Threshold 0.02:
Threshold 0.05:
Threshold 0.1:
Threshold 0.2:
polytomy of size 3; rounds with additions with at least 5 support: 0; clusters: 435
Threshold 0.3333333333333333:
polytomy of size 4; rounds with additions with at least 5 support: 0; clusters: 437
max k is :0
Number of Clusters after addition by greedy: 437
gradient0 in heuristiic: 437
calculating extra bipartitions to be added at level 1 ...
Adding to X using resolutions of greedy consensus ...
Limit for sigma of degrees:675
polytomy size limit : 5
discarded polytomies:  [3, 5]
Threshold 0.0:
Threshold 0.01:
Threshold 0.02:
Threshold 0.05:
Threshold 0.1:
Threshold 0.2:
polytomy of size 3; rounds with additions with at least 5 support: 0; clusters: 437
Threshold 0.3333333333333333:
polytomy of size 5; rounds with additions with at least 5 support: 0; clusters: 437
max k is :0
Number of Clusters after addition by greedy: 437
gradient1 in heuristiic: 0
calculating extra bipartitions to be added at level 1 ...
Adding to X using resolutions of greedy consensus ...
Limit for sigma of degrees:675
polytomy size limit : 5
discarded polytomies:  [3, 5]
Threshold 0.0:
Threshold 0.01:
Threshold 0.02:
Threshold 0.05:
Threshold 0.1:
Threshold 0.2:
Threshold 0.3333333333333333:
polytomy of size 3; rounds with additions with at least 5 support: 0; clusters: 437
polytomy of size 5; rounds with additions with at least 5 support: 0; clusters: 437
max k is :0
Number of Clusters after addition by greedy: 437
gradient2 in heuristiic: 0
calculating extra bipartitions to be added at level 1 ...
Adding to X using resolutions of greedy consensus ...
Limit for sigma of degrees:675
polytomy size limit : 5
discarded polytomies:  [3, 5]
Threshold 0.0:
Threshold 0.01:
Threshold 0.02:
Threshold 0.05:
Threshold 0.1:
Threshold 0.2:
polytomy of size 3; rounds with additions with at least 5 support: 0; clusters: 437
Threshold 0.3333333333333333:
polytomy of size 5; rounds with additions with at least 5 support: 0; clusters: 437
max k is :0
Number of Clusters after addition by greedy: 437
gradient3 in heuristiic: 0
partitions formed in 3.488 secs
Dynamic Programming starting after 3.488 secs
Using tree-based weight calculation.
Using polytree-based weight calculation.
Polytree max score: 2962839
Polytree building time: 0.013 seconds.
Number of quartet trees in the gene trees: 2929214
Size of largest cluster: 132
Greedy score: 1615234
estimationFactor: 1.8343094560911917
Sub-optimal score: 1724461
Total Number of elements weighted: 951
Normalized score (portion of input quartet trees satisfied before correcting for multiple individuals): 0.5972875317405967
Optimization score: 1749583
Optimal tree inferred in 3.647 secs.
(23,(20,(((13,24),(17,(16,15))),((14,25),(((22,(18,12)),(21,19)),((9,8),(((2,1),(6,5)),(7,(4,(11,(10,3)))))))))));
Final quartet score is: 1965164
Final normalized quartet score is: 0.6708844078991839
You may want to ignore posterior probabilities and other statistics related to the following branch branch because the effective number of genes impacting it is only 2:
	{14}
You may want to ignore posterior probabilities and other statistics related to the following branch branch because the effective number of genes impacting it is only 2:
	{25}
You may want to ignore posterior probabilities and other statistics related to the following branch branch because the effective number of genes impacting it is only 5:
	{22}
You may want to ignore posterior probabilities and other statistics related to the following branch branch because the effective number of genes impacting it is only 5:
	{18}
You may want to ignore posterior probabilities and other statistics related to the following branch branch because the effective number of genes impacting it is only 4:
	{12}
You may want to ignore posterior probabilities and other statistics related to the following branch branch because the effective number of genes impacting it is only 15:
	{18, 12}
You may want to ignore posterior probabilities and other statistics related to the following branch branch because the effective number of genes impacting it is only 11:
	{18, 12, 22}
You may want to ignore posterior probabilities and other statistics related to the following branch branch because the effective number of genes impacting it is only 3:
	{21}
You may want to ignore posterior probabilities and other statistics related to the following branch branch because the effective number of genes impacting it is only 4:
	{19}
You may want to ignore posterior probabilities and other statistics related to the following branch branch because the effective number of genes impacting it is only 12:
	{21, 19}
You may want to ignore posterior probabilities and other statistics related to the following branch branch because the effective number of genes impacting it is only 12:
	{18, 21, 12, 19, 22}
You may want to ignore posterior probabilities and other statistics related to the following branch branch because the effective number of genes impacting it is only 5:
	{9}
You may want to ignore posterior probabilities and other statistics related to the following branch branch because the effective number of genes impacting it is only 4:
	{8}
You may want to ignore posterior probabilities and other statistics related to the following branch branch because the effective number of genes impacting it is only 10:
	{9, 8}
You may want to ignore posterior probabilities and other statistics related to the following branch branch because the effective number of genes impacting it is only 6:
	{2}
You may want to ignore posterior probabilities and other statistics related to the following branch branch because the effective number of genes impacting it is only 6:
	{1}
You may want to ignore posterior probabilities and other statistics related to the following branch branch because the effective number of genes impacting it is only 17:
	{2, 1}
You may want to ignore posterior probabilities and other statistics related to the following branch branch because the effective number of genes impacting it is only 4:
	{6}
You may want to ignore posterior probabilities and other statistics related to the following branch branch because the effective number of genes impacting it is only 4:
	{5}
You may want to ignore posterior probabilities and other statistics related to the following branch branch because the effective number of genes impacting it is only 17:
	{6, 5}
You may want to ignore posterior probabilities and other statistics related to the following branch branch because the effective number of genes impacting it is only 16:
	{2, 6, 1, 5}
You may want to ignore posterior probabilities and other statistics related to the following branch branch because the effective number of genes impacting it is only 4:
	{7}
You may want to ignore posterior probabilities and other statistics related to the following branch branch because the effective number of genes impacting it is only 7:
	{4}
You may want to ignore posterior probabilities and other statistics related to the following branch branch because the effective number of genes impacting it is only 4:
	{11}
You may want to ignore posterior probabilities and other statistics related to the following branch branch because the effective number of genes impacting it is only 6:
	{10}
You may want to ignore posterior probabilities and other statistics related to the following branch branch because the effective number of genes impacting it is only 6:
	{3}
You may want to ignore posterior probabilities and other statistics related to the following branch branch because the effective number of genes impacting it is only 17:
	{10, 3}
You may want to ignore posterior probabilities and other statistics related to the following branch branch because the effective number of genes impacting it is only 16:
	{10, 3, 11}
You may want to ignore posterior probabilities and other statistics related to the following branch branch because the effective number of genes impacting it is only 14:
	{10, 3, 11, 4}
You may want to ignore posterior probabilities and other statistics related to the following branch branch because the effective number of genes impacting it is only 12:
	{10, 3, 7, 11, 4}
You may want to ignore posterior probabilities and other statistics related to the following branch branch because the effective number of genes impacting it is only 10:
	{10, 3, 7, 2, 6, 1, 5, 11, 4}
You may want to ignore posterior probabilities and other statistics related to the following branch branch because the effective number of genes impacting it is only 10:
	{10, 3, 7, 2, 6, 1, 5, 9, 11, 4, 8}
You may want to ignore posterior probabilities and other statistics related to the following branch branch because the effective number of genes impacting it is only 11:
	{10, 18, 21, 3, 7, 2, 6, 12, 1, 5, 9, 11, 19, 22, 4, 8}
You may want to ignore posterior probabilities and other statistics related to the following branch branch because the effective number of genes impacting it is only 4:
	{13}
You may want to ignore posterior probabilities and other statistics related to the following branch branch because the effective number of genes impacting it is only 4:
	{24}
You may want to ignore posterior probabilities and other statistics related to the following branch branch because the effective number of genes impacting it is only 14:
	{13, 24}
You may want to ignore posterior probabilities and other statistics related to the following branch branch because the effective number of genes impacting it is only 5:
	{17}
You may want to ignore posterior probabilities and other statistics related to the following branch branch because the effective number of genes impacting it is only 4:
	{16}
You may want to ignore posterior probabilities and other statistics related to the following branch branch because the effective number of genes impacting it is only 5:
	{15}
You may want to ignore posterior probabilities and other statistics related to the following branch branch because the effective number of genes impacting it is only 17:
	{16, 15}
You may want to ignore posterior probabilities and other statistics related to the following branch branch because the effective number of genes impacting it is only 14:
	{17, 16, 15}
You may want to ignore posterior probabilities and other statistics related to the following branch branch because the effective number of genes impacting it is only 14:
	{13, 17, 24, 16, 15}
You may want to ignore posterior probabilities and other statistics related to the following branch branch because the effective number of genes impacting it is only 1:
	{20}
You may want to ignore posterior probabilities and other statistics related to the following branch branch because the effective number of genes impacting it is only 4:
	{23}
You may want to ignore posterior probabilities and other statistics related to the following branch branch because the effective number of genes impacting it is only 14:
	{20, 23}
You may want to ignore posterior probabilities and other statistics related to the following branch branch because the effective number of genes impacting it is only 10:
	{13, 17, 24, 20, 16, 23, 15}
You may want to ignore posterior probabilities and other statistics related to the following branch branch because the effective number of genes impacting it is only 11:
	{10, 18, 21, 3, 7, 13, 17, 24, 20, 2, 6, 16, 12, 23, 1, 5, 9, 11, 15, 19, 22, 4, 8}
((14_3,14_2,14_1,14_4)0.19:0.0,((25_3,25_2,25_1,25_4)0.32:0.0,(((((22_5,22_4,22_3,22_2,22_1)0.43:0.014954346317206439,((18_4,18_3,18_2,18_1)0.3:0.0,(12_4,12_3,12_2,12_1)0.24:0.0)1:1.1933727082474854)0.48:0.06837779054150539,((21_7,21_6,21_5,21_4,21_3,21_2,21_1,21_8)0.41:0.0,(19_5,19_4,19_3,19_2,19_1)0.29:0.0)0.89:0.3861810918888828)0.98:0.6029235128836845,(((9_1,9_2,9_3,9_4)0.38:0.0,(8_1,8_2,8_3,8_4,8_5,8_6)0.3:0.0)1:1.9924301646902058,((((2_1,2_2,2_3,2_4,2_5)0.15:0.0,(1_1,1_2,1_3,1_4,1_5,1_6)0.16:0.0)0.92:0.35808824123570954,((6_1,6_2,6_3,6_4,6_5,6_6,6_7,6_8)0.17:0.0,(5_1,5_2,5_3,5_4,5_5,5_6,5_7,5_8)0.17:0.0)0.98:0.5229362768774337)1:1.2157906093981479,((7_1,7_2,7_3,7_4,7_5,7_6)0.31:0.0,((4_1,4_2,4_3,4_4,4_5,4_6)0.48:0.0604621350229145,((11_6,11_5,11_4,11_3,11_2,11_1,11_9,11_8,11_7)0.19:0.0,((10_5,10_4,10_3,10_2,10_1)0.13:0.0,(3_1,3_2,3_3,3_4,3_5)0.21:0.0)0.85:0.27616450399924874)0.99:0.620758490851803)0.69:0.17747169446861136)0.31:0.0)1:1.076139432816051)1:1.9924301646902058)0.21:0.0,((((13_4,13_3,13_2,13_1)0.15:0.0,(24_4,24_3,24_2,24_1)0.17:0.0)1:0.7726146973244564,((17_5,17_4,17_3,17_2,17_1)0.21:0.0,((16_1,16_5,16_4,16_3,16_2)0.16:0.0,(15_2,15_1,15_4,15_3)0.14:0.0)0.91:0.3384221006413382)0.98:0.5879373854675007)0.99:0.672047215080237,((20_5,20_4,20_3,20_2,20_1)0.31:0.0,(23_3,23_2,23_1)0.3:0.0)0.92:0.3938623515099215)0.99:0.7875669809788908)1:1.2766363701620291));
Weight calculation took 0.182112688 secs
ASTRAL finished in 3.826 secs
