
================== ASTRAL ===================== 

This is ASTRAL version 5.6.3
Gene trees are treated as unrooted
500 trees read from g_trees-raxml-sqlen-25-ngen-500-s2g.trees
All output trees will be *arbitrarily* rooted at 10

======== Running the main analysis
Number of taxa: 218 (25 species)
Taxa: {22=[22_6, 22_5, 22_4, 22_3, 22_2, 22_1, 22_7], 23=[23_10, 23_11, 23_5, 23_4, 23_3, 23_2, 23_1, 23_9, 23_8, 23_7, 23_6], 24=[24_4, 24_3, 24_2, 24_1, 24_7, 24_6, 24_5], 25=[25_3, 25_2, 25_1, 25_9, 25_8, 25_7, 25_6, 25_5, 25_4, 25_10, 25_11, 25_12], 10=[10_7, 10_6, 10_5, 10_4, 10_3, 10_2, 10_1], 11=[11_6, 11_5, 11_4, 11_3, 11_2, 11_1, 11_9, 11_8, 11_7], 12=[12_5, 12_4, 12_3, 12_2, 12_1, 12_7, 12_6], 13=[13_4, 13_3, 13_2, 13_1, 13_7, 13_6, 13_5], 14=[14_3, 14_2, 14_1, 14_9, 14_8, 14_7, 14_6, 14_5, 14_4, 14_10, 14_11], 15=[15_2, 15_1, 15_9, 15_8, 15_7, 15_6, 15_5, 15_4, 15_3, 15_10], 16=[16_1, 16_9, 16_8, 16_7, 16_6, 16_5, 16_4, 16_3, 16_2, 16_10], 17=[17_10, 17_11, 17_8, 17_7, 17_6, 17_5, 17_4, 17_3, 17_2, 17_1, 17_9], 18=[18_7, 18_6, 18_5, 18_4, 18_3, 18_2, 18_1], 19=[19_6, 19_5, 19_4, 19_3, 19_2, 19_1, 19_8, 19_7], 1=[1_1, 1_2, 1_3, 1_4, 1_5, 1_6, 1_7, 1_8, 1_9], 2=[2_1, 2_2, 2_3, 2_4, 2_5, 2_6, 2_7, 2_8, 2_9], 3=[3_1, 3_2, 3_3, 3_4, 3_5, 3_6, 3_7], 4=[4_1, 4_2, 4_3, 4_4, 4_5, 4_6, 4_7, 4_8], 5=[5_1, 5_2, 5_3, 5_4, 5_5, 5_6, 5_7, 5_8], 6=[6_1, 6_2, 6_3, 6_4, 6_5, 6_6, 6_7, 6_8], 7=[7_1, 7_2, 7_3, 7_4, 7_5, 7_6, 7_7, 7_8], 8=[8_1, 8_2, 8_3, 8_4, 8_5, 8_6, 8_7, 8_8], 9=[9_1, 9_2, 9_3, 9_4, 9_5, 9_6, 9_7, 9_8, 9_9, 9_10], 20=[20_8, 20_7, 20_6, 20_5, 20_4, 20_3, 20_2, 20_1, 20_9, 20_11, 20_10], 21=[21_7, 21_6, 21_5, 21_4, 21_3, 21_2, 21_1, 21_8]}
Taxon occupancy: {10_7=3, 10_6=6, 10_5=15, 10_4=30, 10_3=63, 23_10=1, 10_2=141, 10_1=297, 23_11=1, 18_7=1, 18_6=4, 18_5=11, 18_4=23, 18_3=57, 18_2=140, 18_1=296, 17_10=2, 17_11=1, 21_7=2, 21_6=3, 21_5=17, 21_4=28, 21_3=59, 21_2=133, 21_1=281, 7_1=303, 7_2=134, 7_3=55, 7_4=26, 7_5=16, 7_6=6, 21_8=1, 7_7=1, 7_8=1, 17_8=2, 17_7=3, 17_6=7, 17_5=17, 17_4=35, 17_3=78, 17_2=136, 17_1=298, 20_8=3, 20_7=6, 20_6=9, 20_5=18, 20_4=33, 20_3=69, 20_2=140, 20_1=300, 6_1=296, 6_2=126, 6_3=49, 6_4=29, 6_5=16, 6_6=8, 6_7=5, 6_8=1, 20_9=2, 17_9=2, 16_1=298, 16_9=1, 16_8=2, 16_7=4, 16_6=7, 16_5=19, 16_4=31, 16_3=69, 16_2=133, 5_1=296, 5_2=131, 5_3=48, 5_4=28, 5_5=16, 5_6=7, 5_7=4, 5_8=2, 16_10=1, 15_2=138, 15_1=300, 15_9=2, 15_8=2, 15_7=5, 15_6=9, 15_5=15, 15_4=34, 15_3=66, 15_10=1, 4_1=290, 4_2=135, 4_3=69, 4_4=38, 4_5=15, 4_6=4, 4_7=1, 4_8=1, 14_3=71, 14_2=122, 14_1=293, 14_9=1, 14_8=1, 14_7=2, 14_6=7, 14_5=14, 14_4=28, 20_11=1, 20_10=2, 25_3=62, 25_2=134, 25_1=291, 3_1=289, 3_2=142, 3_3=72, 3_4=33, 3_5=17, 25_9=2, 3_6=5, 25_8=2, 3_7=3, 25_7=3, 25_6=5, 25_5=12, 25_4=30, 13_4=32, 13_3=71, 25_10=1, 13_2=139, 13_1=309, 25_11=1, 25_12=1, 13_7=2, 13_6=9, 13_5=18, 24_4=29, 24_3=62, 24_2=144, 24_1=307, 2_1=296, 2_2=126, 2_3=53, 2_4=26, 2_5=10, 2_6=2, 2_7=1, 2_8=1, 2_9=1, 24_7=2, 24_6=7, 24_5=13, 14_10=1, 14_11=1, 12_5=7, 12_4=26, 12_3=65, 12_2=136, 12_1=293, 12_7=1, 12_6=5, 23_5=24, 23_4=38, 23_3=77, 1_1=291, 23_2=142, 1_2=127, 23_1=300, 1_3=52, 1_4=27, 1_5=14, 1_6=4, 1_7=1, 1_8=1, 9_1=277, 1_9=1, 9_2=131, 23_9=1, 9_3=68, 23_8=1, 9_4=32, 23_7=4, 23_6=8, 9_5=10, 9_6=4, 9_7=3, 9_8=3, 9_9=1, 11_6=8, 11_5=16, 11_4=36, 11_3=76, 11_2=149, 11_1=292, 19_6=7, 19_5=16, 19_4=29, 19_3=71, 19_2=128, 19_1=288, 11_9=1, 11_8=2, 11_7=4, 22_6=4, 22_5=12, 22_4=38, 22_3=66, 22_2=133, 22_1=284, 8_1=270, 8_2=129, 8_3=59, 8_4=31, 8_5=16, 8_6=8, 22_7=1, 8_7=1, 8_8=1, 19_8=1, 19_7=1, 9_10=1}
Number of gene trees: 500
500 trees have missing taxa
Calculating quartet distance matrix (for completion of X)
Species tree distances calculated ...
Will attempt to complete bipartitions from X before adding using a distance matrix.
Building set of clusters (X) from gene trees 
In second round sampling 5 rounds will be done
------------------------------
gradient0: 2539
------------------------------
gradient1: 1610
------------------------------
gradient2: 1510
------------------------------
gradient3: 1224
------------------------------
gradient4: 1566
Number of Clusters after addition by distance: 8449
calculating extra bipartitions to be added at level 1 ...
Adding to X using resolutions of greedy consensus ...
Limit for sigma of degrees:675
polytomy size limit : 9
discarded polytomies:  [3, 3, 4, 5, 7, 9]
Threshold 0.0:
Threshold 0.01:
polytomy of size 3; rounds with additions with at least 5 support: 0; clusters: 8449
Threshold 0.02:
polytomy of size 3; rounds with additions with at least 5 support: 0; clusters: 8449
Threshold 0.05:
polytomy of size 4; rounds with additions with at least 5 support: 0; clusters: 8449
Threshold 0.1:
polytomy of size 5; rounds with additions with at least 5 support: 0; clusters: 8453
Threshold 0.2:
polytomy of size 7; rounds with additions with at least 5 support: 0; clusters: 8455
Threshold 0.3333333333333333:
polytomy of size 9; rounds with additions with at least 5 support: 0; clusters: 8455
max k is :0
Number of Clusters after addition by greedy: 8455
gradient0 in heuristiic: 8455
calculating extra bipartitions to be added at level 1 ...
Adding to X using resolutions of greedy consensus ...
Limit for sigma of degrees:675
polytomy size limit : 9
discarded polytomies:  [3, 4, 5, 5, 9]
Threshold 0.0:
Threshold 0.01:
Threshold 0.02:
polytomy of size 3; rounds with additions with at least 5 support: 0; clusters: 8455
Threshold 0.05:
polytomy of size 4; rounds with additions with at least 5 support: 1; clusters: 8457
Threshold 0.1:
polytomy of size 5; rounds with additions with at least 5 support: 1; clusters: 8459
Threshold 0.2:
polytomy of size 5; rounds with additions with at least 5 support: 0; clusters: 8459
Threshold 0.3333333333333333:
polytomy of size 9; rounds with additions with at least 5 support: 1; clusters: 8463
max k is :2
Number of Clusters after addition by greedy: 8463
gradient1 in heuristiic: 8
calculating extra bipartitions to be added at level 1 ...
Adding to X using resolutions of greedy consensus ...
Limit for sigma of degrees:675
polytomy size limit : 9
discarded polytomies:  [3, 3, 4, 9]
Threshold 0.0:
Threshold 0.01:
Threshold 0.02:
Threshold 0.05:
Threshold 0.1:
polytomy of size 3; rounds with additions with at least 5 support: 0; clusters: 8463
Threshold 0.2:
polytomy of size 3; rounds with additions with at least 5 support: 0; clusters: 8463
polytomy of size 4; rounds with additions with at least 5 support: 0; clusters: 8463
Threshold 0.3333333333333333:
polytomy of size 9; rounds with additions with at least 5 support: 0; clusters: 8463
max k is :0
Number of Clusters after addition by greedy: 8463
gradient2 in heuristiic: 0
calculating extra bipartitions to be added at level 1 ...
Adding to X using resolutions of greedy consensus ...
Limit for sigma of degrees:675
polytomy size limit : 6
discarded polytomies:  [4, 5, 5, 6]
Threshold 0.0:
Threshold 0.01:
Threshold 0.02:
Threshold 0.05:
polytomy of size 4; rounds with additions with at least 5 support: 0; clusters: 8463
Threshold 0.1:
polytomy of size 5; rounds with additions with at least 5 support: 0; clusters: 8463
Threshold 0.2:
polytomy of size 5; rounds with additions with at least 5 support: 0; clusters: 8463
Threshold 0.3333333333333333:
polytomy of size 6; rounds with additions with at least 5 support: 0; clusters: 8465
max k is :0
Number of Clusters after addition by greedy: 8465
gradient3 in heuristiic: 2
calculating extra bipartitions to be added at level 1 ...
Adding to X using resolutions of greedy consensus ...
Limit for sigma of degrees:675
polytomy size limit : 10
discarded polytomies:  [3, 3, 4, 6, 7, 9, 10]
Threshold 0.0:
polytomy of size 3; rounds with additions with at least 5 support: 0; clusters: 8465
Threshold 0.01:
polytomy of size 3; rounds with additions with at least 5 support: 0; clusters: 8465
Threshold 0.02:
polytomy of size 4; rounds with additions with at least 5 support: 0; clusters: 8465
Threshold 0.05:
polytomy of size 6; rounds with additions with at least 5 support: 3; clusters: 8475
Threshold 0.1:
polytomy of size 7; rounds with additions with at least 5 support: 0; clusters: 8477
Threshold 0.2:
polytomy of size 9; rounds with additions with at least 5 support: 2; clusters: 8483
Threshold 0.3333333333333333:
polytomy of size 10; rounds with additions with at least 5 support: 1; clusters: 8493
max k is :6
Number of Clusters after addition by greedy: 8493
gradient4 in heuristiic: 28
partitions formed in 97.959 secs
Dynamic Programming starting after 97.959 secs
Using tree-based weight calculation.
Using polytree-based weight calculation.
Polytree max score: 49493662
Polytree building time: 0.054 seconds.
Number of quartet trees in the gene trees: 48957054
Size of largest cluster: 218
Greedy score: 18863167
estimationFactor: 2.623825681021644
Sub-optimal score: 20695854
Total Number of elements weighted: 74183
Normalized score (portion of input quartet trees satisfied before correcting for multiple individuals): 0.44631018851747084
Optimization score: 21850032
Optimal tree inferred in 130.1 secs.
(22,((18,12),((21,19),((14,25),(((23,20),((13,24),(17,(16,15)))),((9,8),((4,(11,(10,3))),(7,((6,5),(2,1))))))))));
Final quartet score is: 24728479
Final normalized quartet score is: 0.5051055359662777
((10_7,10_6,10_5,10_4,10_3,10_2,10_1)0.05:0.0,((3_1,3_2,3_3,3_4,3_5,3_6,3_7)0.07:0.0,((11_6,11_5,11_4,11_3,11_2,11_1,11_9,11_8,11_7)0.18:0.0,((4_1,4_2,4_3,4_4,4_5,4_6,4_7,4_8)0.85:0.17082581665793511,(((7_1,7_2,7_3,7_4,7_5,7_6,7_7,7_8)0.97:0.3010270773629099,(((6_1,6_2,6_3,6_4,6_5,6_6,6_7,6_8)0.03:0.0,(5_1,5_2,5_3,5_4,5_5,5_6,5_7,5_8)0.04:0.0)1:0.6451237557635509,((2_1,2_2,2_3,2_4,2_5,2_6,2_7,2_8,2_9)0.06:0.0,(1_1,1_2,1_3,1_4,1_5,1_6,1_7,1_8,1_9)0.07:0.0)1:0.40879896478103533)1:0.6418201016837919)0.7:0.06456892469615425,(((9_1,9_2,9_3,9_4,9_5,9_6,9_7,9_8,9_9,9_10)0.69:0.11702943542709257,(8_1,8_2,8_3,8_4,8_5,8_6,8_7,8_8)0.69:0.10944921691871065)1:0.6016212075121596,((((23_10,23_11,23_5,23_4,23_3,23_2,23_1,23_9,23_8,23_7,23_6)0.48:0.04221700332932592,(20_8,20_7,20_6,20_5,20_4,20_3,20_2,20_1,20_9,20_11,20_10)0.4:0.013673261165202531)1:0.26954849383963836,(((13_4,13_3,13_2,13_1,13_7,13_6,13_5)0.08:0.0,(24_4,24_3,24_2,24_1,24_7,24_6,24_5)0.08:0.0)1:0.5897507865941017,((17_10,17_11,17_8,17_7,17_6,17_5,17_4,17_3,17_2,17_1,17_9)0.17:0.0,((16_1,16_9,16_8,16_7,16_6,16_5,16_4,16_3,16_2,16_10)0.08:0.0,(15_2,15_1,15_9,15_8,15_7,15_6,15_5,15_4,15_3,15_10)0.1:0.0)1:0.17526572021975367)1:0.4222425242412769)1:0.24010267299641427)1:0.27723076908386773,(((14_3,14_2,14_1,14_9,14_8,14_7,14_6,14_5,14_4,14_10,14_11)0.12:0.0,(25_3,25_2,25_1,25_9,25_8,25_7,25_6,25_5,25_4,25_10,25_11,25_12)0.15:0.0)1:0.9123555202308069,(((21_7,21_6,21_5,21_4,21_3,21_2,21_1,21_8)0.12:0.0,(19_6,19_5,19_4,19_3,19_2,19_1,19_8,19_7)0.12:0.0)1:0.47911662521977955,(((18_7,18_6,18_5,18_4,18_3,18_2,18_1)0.04:0.0,(12_5,12_4,12_3,12_2,12_1,12_7,12_6)0.06:0.0)1:0.6719847939131904,(22_6,22_5,22_4,22_3,22_2,22_1,22_7)0.41:0.01676672402340528)1:0.18743896509332708)1:0.3472169029310995)0.35:0.0025182662538367376)1:0.5382054947593596)1:0.3840437096389895)1:0.23489463603209684)1:0.5886184657811927)1:0.17223741575341653));
Weight calculation took 32.995813338 secs
ASTRAL finished in 131.93 secs
