
================== ASTRAL ===================== 

This is ASTRAL version 5.6.3
Gene trees are treated as unrooted
215 trees read from g_trees-raxml-sqlen-0-ngen-25.trees.tree
All output trees will be *arbitrarily* rooted at 5

======== Running the main analysis
Number of taxa: 25 (25 species)
Taxa: [5, 6, 2, 1, 7, 10, 3, 11, 4, 19, 12, 18, 22, 13, 24, 17, 15, 16, 23, 20, 25, 14, 8, 9, 21]
Taxon occupancy: {22=191, 23=166, 24=119, 25=60, 10=169, 11=166, 12=192, 13=118, 14=169, 15=120, 16=122, 17=164, 18=192, 19=123, 1=161, 2=157, 3=167, 4=201, 5=155, 6=156, 7=102, 8=160, 9=161, 20=169, 21=154}
Number of gene trees: 215
215 trees have missing taxa
Calculating quartet distance matrix (for completion of X)
Species tree distances calculated ...
Will attempt to complete bipartitions from X before adding using a distance matrix.
Building set of clusters (X) from gene trees 
------------------------------
gradient0: 97
Number of Clusters after addition by distance: 97
calculating extra bipartitions to be added at level 1 ...
Adding to X using resolutions of greedy consensus ...
Limit for sigma of degrees:675
polytomy size limit : 3
discarded polytomies:  []
Threshold 0.0:
Threshold 0.01:
Threshold 0.02:
Threshold 0.05:
Threshold 0.1:
Threshold 0.2:
Threshold 0.3333333333333333:
max k is :0
Number of Clusters after addition by greedy: 97
gradient0 in heuristiic: 97
partitions formed in 0.194 secs
Dynamic Programming starting after 0.194 secs
Using tree-based weight calculation.
Using polytree-based weight calculation.
Polytree max score: 786964
Polytree building time: 0.022 seconds.
Number of quartet trees in the gene trees: 786964
Size of largest cluster: 25
Greedy score: 786964
estimationFactor: 1.0
Sub-optimal score: 786964
Total Number of elements weighted: 85
Normalized score (portion of input quartet trees satisfied before correcting for multiple individuals): 1.0
Optimization score: 786964
Optimal tree inferred in 0.28 secs.
(7,(((5,6),(2,1)),((4,(11,(10,3))),((8,9),((25,14),(((19,21),(22,(12,18))),((23,20),((13,24),(17,(15,16))))))))));
Final quartet score is: 786964
Final normalized quartet score is: 1.0
(5,(6,((2,1)1:4.605170185988085,(((4,(11,(10,3)1:4.591747165655945)1:4.6821312271242155)1:4.618415412738117,((8,9)1:4.624972813284274,((25,14)1:3.688879454113933,(((19,21)1:4.348125082998204,(22,(12,18)1:4.793031923157664)1:4.56434819146784)1:4.688285092698604,((23,20)1:4.675939256876297,((13,24)1:3.884994333040223,(17,(15,16)1:4.39032543748858)1:3.8985999850960074)1:3.8430301339411983)1:4.669708707125666)1:4.706522680248385)1:4.430816798843317)1:4.469732215092986)1:3.8712010109078947,7)1:3.8712010109078947)1:4.624972813284274));
Weight calculation took 0.022808221 secs
ASTRAL finished in 0.793 secs
