
================== ASTRAL ===================== 

This is ASTRAL version 5.6.3
Gene trees are treated as unrooted
293 trees read from g_trees-raxml-sqlen-0-ngen-50.trees.tree
All output trees will be *arbitrarily* rooted at 5

======== Running the main analysis
Number of taxa: 25 (25 species)
Taxa: [5, 6, 2, 1, 7, 10, 3, 11, 4, 19, 12, 18, 22, 13, 24, 17, 15, 16, 23, 20, 25, 14, 8, 9, 21]
Taxon occupancy: {22=245, 23=219, 24=182, 25=102, 10=219, 11=206, 12=253, 13=180, 14=217, 15=177, 16=178, 17=226, 18=253, 19=163, 1=202, 2=198, 3=211, 4=269, 5=196, 6=197, 7=154, 8=189, 9=215, 20=225, 21=189}
Number of gene trees: 293
293 trees have missing taxa
Calculating quartet distance matrix (for completion of X)
Species tree distances calculated ...
Will attempt to complete bipartitions from X before adding using a distance matrix.
Building set of clusters (X) from gene trees 
------------------------------
gradient0: 97
Number of Clusters after addition by distance: 97
calculating extra bipartitions to be added at level 1 ...
Adding to X using resolutions of greedy consensus ...
Limit for sigma of degrees:675
polytomy size limit : 3
discarded polytomies:  []
Threshold 0.0:
Threshold 0.01:
Threshold 0.02:
Threshold 0.05:
Threshold 0.1:
Threshold 0.2:
Threshold 0.3333333333333333:
max k is :0
Number of Clusters after addition by greedy: 97
gradient0 in heuristiic: 97
partitions formed in 0.217 secs
Dynamic Programming starting after 0.217 secs
Using tree-based weight calculation.
Using polytree-based weight calculation.
Polytree max score: 946582
Polytree building time: 0.024 seconds.
Number of quartet trees in the gene trees: 946582
Size of largest cluster: 25
Greedy score: 946582
estimationFactor: 1.0
Sub-optimal score: 946582
Total Number of elements weighted: 85
Normalized score (portion of input quartet trees satisfied before correcting for multiple individuals): 1.0
Optimization score: 946582
Optimal tree inferred in 0.31 secs.
(7,(((5,6),(2,1)),((4,(11,(10,3))),((8,9),((25,14),(((19,21),(22,(12,18))),((23,20),((13,24),(17,(15,16))))))))));
Final quartet score is: 946582
Final normalized quartet score is: 1.0
(5,(6,((2,1)1:4.846808319938475,(((4,(11,(10,3)1:4.798541578968634)1:4.892852258439872)1:4.809470649500817,((8,9)1:4.781920697732581,((25,14)1:4.199705077879926,(((19,21)1:4.598481197837296,(22,(12,18)1:5.04127226355815)1:4.759320865815357)1:4.887839716616324,((23,20)1:4.907740870933624,((13,24)1:4.469732215092986,(17,(15,16)1:4.7244336068149035)1:4.382026634673885)1:4.422848629194136)1:4.951121166563836)1:4.897839799950916)1:4.706522680248385)1:4.706522680248385)1:4.248495242049363,7)1:4.257973986003903)1:4.862393050955167));
Weight calculation took 0.025077194 secs
ASTRAL finished in 2.339 secs
