
================== ASTRAL ===================== 

This is ASTRAL version 5.6.3
Gene trees are treated as unrooted
3338 trees read from g_trees-raxml-sqlen-100-ngen-500.trees.tree
All output trees will be *arbitrarily* rooted at 7

======== Running the main analysis
Number of taxa: 25 (25 species)
Taxa: [7, 10, 3, 11, 4, 5, 6, 1, 2, 22, 23, 15, 16, 17, 13, 24, 14, 25, 20, 18, 12, 19, 21, 9, 8]
Taxon occupancy: {22=2434, 23=2302, 24=2430, 25=1822, 10=2068, 11=2074, 12=2189, 13=2470, 14=1935, 15=2490, 16=2428, 17=2320, 18=2061, 19=2215, 1=2250, 2=2333, 3=1964, 4=2040, 5=2420, 6=2437, 7=2060, 8=1840, 9=2176, 20=1964, 21=2269}
Number of gene trees: 3338
3337 trees have missing taxa
Calculating quartet distance matrix (for completion of X)
Species tree distances calculated ...
Will attempt to complete bipartitions from X before adding using a distance matrix.
Building set of clusters (X) from gene trees 
------------------------------
gradient0: 609
Number of Clusters after addition by distance: 609
calculating extra bipartitions to be added at level 1 ...
Adding to X using resolutions of greedy consensus ...
Limit for sigma of degrees:675
polytomy size limit : 3
discarded polytomies:  []
Threshold 0.0:
Threshold 0.01:
Threshold 0.02:
Threshold 0.05:
Threshold 0.1:
Threshold 0.2:
Threshold 0.3333333333333333:
max k is :0
Number of Clusters after addition by greedy: 609
gradient0 in heuristiic: 609
partitions formed in 1.072 secs
Dynamic Programming starting after 1.072 secs
Using tree-based weight calculation.
Using polytree-based weight calculation.
Polytree max score: 8151876
Polytree building time: 0.217 seconds.
Number of quartet trees in the gene trees: 8151876
Size of largest cluster: 25
Greedy score: 7225636
estimationFactor: 1.1281880238639201
Sub-optimal score: 7330575
Total Number of elements weighted: 1215
Normalized score (portion of input quartet trees satisfied before correcting for multiple individuals): 0.9082619755256336
Optimization score: 7404039
Optimal tree inferred in 2.962 secs.
(4,((11,(10,3)),((7,((1,2),(5,6))),((9,8),(((23,20),((13,24),(17,(15,16)))),((14,25),((19,21),(22,(18,12)))))))));
Final quartet score is: 7404039
Final normalized quartet score is: 0.9082619755256336
(7,(((1,2)1:1.5565364893222122,(5,6)1:1.48522922288162)1:2.744685343914105,(((9,8)1:3.7869406672901547,(((23,20)1:1.1791646003656278,((13,24)1:2.9551595823717762,(17,(15,16)1:0.6889279554818623)1:1.5890705746215477)1:1.1129820065279878)1:1.2622616745870154,((14,25)1:3.302621311594586,((19,21)1:1.4870957406268976,(22,(18,12)1:2.7253706970812037)1:0.8536172411907823)1:1.6324625642495785)1:0.1394686819620225)1:3.1369964754296817)1:1.026460686754876,((11,(10,3)1:0.8002123373776054)1:1.9990123892285094,4)1:1.3431573262461913)1:0.4279497899321018));
Weight calculation took 1.539483562 secs
ASTRAL finished in 3.475 secs
