
================== ASTRAL ===================== 

This is ASTRAL version 5.6.3
Gene trees are treated as unrooted
242 trees read from g_trees-raxml-sqlen-100-ngen-25.trees.tree
All output trees will be *arbitrarily* rooted at 7

======== Running the main analysis
Number of taxa: 25 (25 species)
Taxa: [7, 10, 3, 11, 4, 5, 6, 1, 2, 22, 23, 15, 16, 17, 13, 24, 14, 25, 20, 18, 12, 19, 21, 9, 8]
Taxon occupancy: {22=172, 23=159, 24=134, 25=39, 10=141, 11=190, 12=170, 13=133, 14=109, 15=164, 16=140, 17=162, 18=169, 19=206, 1=185, 2=184, 3=137, 4=170, 5=184, 6=184, 7=210, 8=131, 9=182, 20=111, 21=197}
Number of gene trees: 242
242 trees have missing taxa
Calculating quartet distance matrix (for completion of X)
Species tree distances calculated ...
Will attempt to complete bipartitions from X before adding using a distance matrix.
Building set of clusters (X) from gene trees 
------------------------------
gradient0: 231
Number of Clusters after addition by distance: 231
calculating extra bipartitions to be added at level 1 ...
Adding to X using resolutions of greedy consensus ...
Limit for sigma of degrees:675
polytomy size limit : 3
discarded polytomies:  []
Threshold 0.0:
Threshold 0.01:
Threshold 0.02:
Threshold 0.05:
Threshold 0.1:
Threshold 0.2:
Threshold 0.3333333333333333:
max k is :0
Number of Clusters after addition by greedy: 231
gradient0 in heuristiic: 231
partitions formed in 0.217 secs
Dynamic Programming starting after 0.217 secs
Using tree-based weight calculation.
Using polytree-based weight calculation.
Polytree max score: 582804
Polytree building time: 0.025 seconds.
Number of quartet trees in the gene trees: 582804
Size of largest cluster: 25
Greedy score: 544203
estimationFactor: 1.0709312517571568
Sub-optimal score: 545456
Total Number of elements weighted: 193
Normalized score (portion of input quartet trees satisfied before correcting for multiple individuals): 0.9413971077755129
Optimization score: 548650
Optimal tree inferred in 0.338 secs.
(4,((11,(10,3)),((7,((1,2),(5,6))),((9,8),((14,25),(((19,21),(22,(18,12))),((23,20),((13,24),(17,(15,16))))))))));
Final quartet score is: 548650
Final normalized quartet score is: 0.9413971077755129
(7,(((1,2)1:1.765783982824794,(5,6)1:3.6833084090644785)1:4.694401319716033,(((9,8)1:4.257973986003903,((14,25)1:1.0348964742820022,(((19,21)1:1.1372814298272638,(22,(18,12)1:4.675939256876297)1:2.0524128692919166)1:3.1850968082842828,((23,20)1:1.1937686341516942,((13,24)1:1.8971199848858815,(17,(15,16)1:1.143039583532528)1:2.2376753855893314)1:1.229290612310226)1:3.139864669323453)1:1.218545011185027)1:4.083171261623973)1:0.9497386659416968,((11,(10,3)1:2.4380047361152406)1:2.961830721878311,4)1:1.699951919974932)1:0.3532793549375942));
Weight calculation took 0.052709023 secs
ASTRAL finished in 2.334 secs
