
================== ASTRAL ===================== 

This is ASTRAL version 5.6.3
Gene trees are treated as unrooted
1186 trees read from g_trees-raxml-sqlen-25-ngen-500.trees.tree
All output trees will be *arbitrarily* rooted at 7

======== Running the main analysis
Number of taxa: 25 (25 species)
Taxa: [7, 22, 25, 14, 15, 16, 17, 24, 13, 23, 20, 18, 12, 19, 9, 8, 4, 11, 2, 3, 5, 6, 1, 10, 21]
Taxon occupancy: {22=824, 23=854, 24=747, 25=708, 10=673, 11=660, 12=837, 13=760, 14=699, 15=762, 16=781, 17=743, 18=815, 19=756, 1=688, 2=764, 3=688, 4=627, 5=732, 6=777, 7=609, 8=569, 9=615, 20=835, 21=753}
Number of gene trees: 1186
1186 trees have missing taxa
Calculating quartet distance matrix (for completion of X)
Species tree distances calculated ...
Will attempt to complete bipartitions from X before adding using a distance matrix.
Building set of clusters (X) from gene trees 
------------------------------
gradient0: 1473
Number of Clusters after addition by distance: 1473
calculating extra bipartitions to be added at level 1 ...
Adding to X using resolutions of greedy consensus ...
Limit for sigma of degrees:675
polytomy size limit : 4
discarded polytomies:  [4]
Threshold 0.0:
Threshold 0.01:
Threshold 0.02:
Threshold 0.05:
Threshold 0.1:
Threshold 0.2:
Threshold 0.3333333333333333:
polytomy of size 4; rounds with additions with at least 5 support: 0; clusters: 1473
max k is :0
Number of Clusters after addition by greedy: 1473
gradient0 in heuristiic: 1473
partitions formed in 0.857 secs
Dynamic Programming starting after 0.857 secs
Using tree-based weight calculation.
Using polytree-based weight calculation.
Polytree max score: 2144118
Polytree building time: 0.08 seconds.
Number of quartet trees in the gene trees: 2144118
Size of largest cluster: 25
Greedy score: 1534108
estimationFactor: 1.397631718236265
Sub-optimal score: 1596212
Total Number of elements weighted: 5271
Normalized score (portion of input quartet trees satisfied before correcting for multiple individuals): 0.771055977329606
Optimization score: 1653235
Optimal tree inferred in 4.012 secs.
(5,(6,((2,1),(7,((4,(11,(3,10))),((9,8),(((23,20),((24,13),(17,(15,16)))),((25,14),((19,21),(22,(18,12)))))))))));
Final quartet score is: 1653235
Final normalized quartet score is: 0.771055977329606
(7,(((4,(11,(3,10)1:0.41063248375210676)1:0.7835502772787223)1:0.26447470260947414,((9,8)1:0.734017702319792,(((23,20)1:0.4074282223797169,((24,13)1:1.0552727747684425,(17,(15,16)1:0.3725064347891217)1:0.6829953025123172)1:0.510182862464311)1:0.29680674279017527,((25,14)1:1.8081688777056755,((19,21)1:0.5609786994286928,(22,(18,12)1:1.6276014635618994)1:0.40832112441752516)1:0.918950336058027)1:0.1940539038420171)1:0.8377114294850532)1:0.8756533218786968)1:0.19993656326745246,((2,1)1:0.6397458159316958,(6,5)1:1.460477713946043)1:0.7685639228875746));
Weight calculation took 2.965431975 secs
ASTRAL finished in 6.055 secs
