
================== ASTRAL ===================== 

This is ASTRAL version 5.6.3
Gene trees are treated as unrooted
97 trees read from g_trees-raxml-sqlen-50-ngen-25.trees.tree
All output trees will be *arbitrarily* rooted at 2

======== Running the main analysis
Number of taxa: 25 (25 species)
Taxa: [2, 1, 6, 5, 11, 10, 3, 4, 7, 22, 25, 14, 12, 23, 20, 18, 24, 13, 15, 16, 17, 19, 8, 9, 21]
Taxon occupancy: {22=92, 23=66, 24=61, 25=28, 10=68, 11=73, 12=80, 13=59, 14=36, 15=64, 16=72, 17=64, 18=80, 19=67, 1=47, 2=46, 3=66, 4=77, 5=47, 6=50, 7=55, 8=46, 9=72, 20=63, 21=65}
Number of gene trees: 97
97 trees have missing taxa
Calculating quartet distance matrix (for completion of X)
Species tree distances calculated ...
Will attempt to complete bipartitions from X before adding using a distance matrix.
Building set of clusters (X) from gene trees 
------------------------------
gradient0: 261
Number of Clusters after addition by distance: 261
calculating extra bipartitions to be added at level 1 ...
Adding to X using resolutions of greedy consensus ...
Limit for sigma of degrees:675
polytomy size limit : 3
discarded polytomies:  []
Threshold 0.0:
Threshold 0.01:
Threshold 0.02:
Threshold 0.05:
Threshold 0.1:
Threshold 0.2:
Threshold 0.3333333333333333:
max k is :0
Number of Clusters after addition by greedy: 261
gradient0 in heuristiic: 261
partitions formed in 0.173 secs
Dynamic Programming starting after 0.173 secs
Using tree-based weight calculation.
Using polytree-based weight calculation.
Polytree max score: 210170
Polytree building time: 0.014 seconds.
Number of quartet trees in the gene trees: 210170
Size of largest cluster: 25
Greedy score: 190247
estimationFactor: 1.1047217564534526
Sub-optimal score: 192112
Total Number of elements weighted: 305
Normalized score (portion of input quartet trees satisfied before correcting for multiple individuals): 0.9140790788409383
Optimization score: 192112
Optimal tree inferred in 0.268 secs.
(11,((10,3),((8,9),(7,(((2,1),(6,5)),(4,(((19,21),(22,(12,18))),((25,14),((23,20),((24,13),(16,(15,17))))))))))));
Final quartet score is: 192112
Final normalized quartet score is: 0.9140790788409383
(2,(1,((6,5)1:3.205452804536062,((4,(((19,21)1:1.1809557517661922,(22,(12,18)1:2.089940535587113)1:1.1576694079098464)1:0.5706214017720249,((25,14)1:1.1700712526502548,((23,20)1:1.4313626465215994,((24,13)1:1.0475105506480364,(16,(15,17)0.44:0.02660703731342347)1:0.37153041304233697)1:0.9528554009693188)1:1.459151409132553)0.99:0.44413424926731854)1:3.8712010109078947)1:0.8217645583820384,(7,((8,9)1:1.0205528984503884,((10,3)1:1.1191339243889062,11)1:3.490718833290232)1:1.3445150850054177)1:1.4288539755386873)1:1.199730116587146)1:1.8620286650746116));
Weight calculation took 0.036332913 secs
ASTRAL finished in 2.148 secs
