
================== ASTRAL ===================== 

This is ASTRAL version 5.6.3
Gene trees are treated as unrooted
508 trees read from g_trees-raxml-sqlen-250-ngen-100.trees.tree
All output trees will be *arbitrarily* rooted at 7

======== Running the main analysis
Number of taxa: 25 (25 species)
Taxa: [7, 1, 2, 6, 5, 4, 11, 10, 3, 14, 25, 13, 24, 17, 16, 15, 20, 23, 18, 12, 22, 19, 8, 9, 21]
Taxon occupancy: {22=384, 23=386, 24=358, 25=268, 10=346, 11=339, 12=387, 13=354, 14=367, 15=329, 16=342, 17=346, 18=373, 19=341, 1=354, 2=355, 3=335, 4=421, 5=342, 6=351, 7=336, 8=289, 9=368, 20=341, 21=328}
Number of gene trees: 508
508 trees have missing taxa
Calculating quartet distance matrix (for completion of X)
Species tree distances calculated ...
Will attempt to complete bipartitions from X before adding using a distance matrix.
Building set of clusters (X) from gene trees 
------------------------------
gradient0: 219
Number of Clusters after addition by distance: 219
calculating extra bipartitions to be added at level 1 ...
Adding to X using resolutions of greedy consensus ...
Limit for sigma of degrees:675
polytomy size limit : 3
discarded polytomies:  []
Threshold 0.0:
Threshold 0.01:
Threshold 0.02:
Threshold 0.05:
Threshold 0.1:
Threshold 0.2:
Threshold 0.3333333333333333:
max k is :0
Number of Clusters after addition by greedy: 219
gradient0 in heuristiic: 219
partitions formed in 0.305 secs
Dynamic Programming starting after 0.305 secs
Using tree-based weight calculation.
Using polytree-based weight calculation.
Polytree max score: 1552259
Polytree building time: 0.047 seconds.
Number of quartet trees in the gene trees: 1552259
Size of largest cluster: 25
Greedy score: 1473524
estimationFactor: 1.0534331303731734
Sub-optimal score: 1473524
Total Number of elements weighted: 236
Normalized score (portion of input quartet trees satisfied before correcting for multiple individuals): 0.9515853990861061
Optimization score: 1477107
Optimal tree inferred in 0.505 secs.
(5,(6,((1,2),((4,(11,(10,3))),(7,((8,9),((14,25),(((19,21),(22,(18,12))),((20,23),((13,24),(17,(16,15))))))))))));
Final quartet score is: 1477107
Final normalized quartet score is: 0.9515853990861061
(7,(((8,9)1:3.457367653129208,((14,25)1:2.9873640238834747,(((19,21)1:3.9732331435670996,(22,(18,12)1:5.362855887685594)1:1.309333319983762)1:4.253362747603438,((20,23)1:1.9069143824781705,((13,24)1:2.842086516736701,(17,(16,15)1:1.7056135185148544)1:3.0351825814735207)1:1.3075588934341202)1:3.530790210707751)1:0.3217901290326876)1:5.31484666849926)1:2.050027656473543,((4,(11,(10,3)1:0.9179986742193114)1:3.1341069907870818)1:2.3140357560974074,((1,2)1:2.614959778036197,(6,5)1:2.095189898647975)1:4.621699487939297)0.99:0.1320541807967746));
Weight calculation took 0.109931184 secs
ASTRAL finished in 2.291 secs
