
================== ASTRAL ===================== 

This is ASTRAL version 5.6.3
Gene trees are treated as unrooted
565 trees read from g_trees-raxml-sqlen-100-ngen-100.trees.tree
All output trees will be *arbitrarily* rooted at 7

======== Running the main analysis
Number of taxa: 25 (25 species)
Taxa: [7, 10, 3, 11, 4, 5, 6, 1, 2, 22, 23, 15, 16, 17, 13, 24, 14, 25, 20, 18, 12, 19, 21, 9, 8]
Taxon occupancy: {22=380, 23=404, 24=277, 25=234, 10=390, 11=429, 12=406, 13=361, 14=326, 15=287, 16=254, 17=267, 18=297, 19=419, 1=440, 2=440, 3=374, 4=395, 5=435, 6=439, 7=447, 8=312, 9=434, 20=262, 21=433}
Number of gene trees: 565
565 trees have missing taxa
Calculating quartet distance matrix (for completion of X)
Species tree distances calculated ...
Will attempt to complete bipartitions from X before adding using a distance matrix.
Building set of clusters (X) from gene trees 
------------------------------
gradient0: 317
Number of Clusters after addition by distance: 317
calculating extra bipartitions to be added at level 1 ...
Adding to X using resolutions of greedy consensus ...
Limit for sigma of degrees:675
polytomy size limit : 3
discarded polytomies:  [3]
Threshold 0.0:
Threshold 0.01:
Threshold 0.02:
Threshold 0.05:
Threshold 0.1:
Threshold 0.2:
Threshold 0.3333333333333333:
polytomy of size 3; rounds with additions with at least 5 support: 0; clusters: 317
max k is :0
Number of Clusters after addition by greedy: 317
gradient0 in heuristiic: 317
partitions formed in 0.624 secs
Dynamic Programming starting after 0.625 secs
Using tree-based weight calculation.
Using polytree-based weight calculation.
Polytree max score: 1277392
Polytree building time: 0.079 seconds.
Number of quartet trees in the gene trees: 1277392
Size of largest cluster: 25
Greedy score: 1154600
estimationFactor: 1.106350251169236
Sub-optimal score: 1181415
Total Number of elements weighted: 368
Normalized score (portion of input quartet trees satisfied before correcting for multiple individuals): 0.9248648809449252
Optimization score: 1181415
Optimal tree inferred in 0.952 secs.
(4,((11,(10,3)),(((1,2),(5,6)),(7,((9,8),(((23,20),((13,24),(17,(15,16)))),((14,25),((19,21),(22,(18,12))))))))));
Final quartet score is: 1181415
Final normalized quartet score is: 0.9248648809449252
(7,(((9,8)1:2.801338135525766,(((23,20)1:1.0679090084074814,((13,24)1:1.8239461557239567,(17,(15,16)1:0.7788107276745394)1:1.8839666386821763)1:1.178654996341646)1:2.3080801328751126,((14,25)1:3.507196670896472,((19,21)1:1.344497232441429,(22,(18,12)1:5.054120406035993)1:2.0392506610965904)1:0.40513519359184436)1:0.3019108585287574)1:4.917544871030243)1:1.5769010829081396,(((1,2)1:1.94282633082576,(5,6)1:2.430098413293006)1:4.105810112403467,((11,(10,3)1:1.43119206142848)1:1.3762354106633852,4)1:1.4537066501742553)1:0.13890293642643334));
Weight calculation took 0.196063589 secs
ASTRAL finished in 1.398 secs
