
================== ASTRAL ===================== 

This is ASTRAL version 5.6.3
Gene trees are treated as unrooted
486 trees read from g_trees-raxml-sqlen-0-ngen-100.trees.tree
All output trees will be *arbitrarily* rooted at 5

======== Running the main analysis
Number of taxa: 25 (25 species)
Taxa: [5, 6, 2, 1, 7, 10, 3, 11, 4, 19, 12, 18, 22, 13, 24, 17, 15, 16, 23, 20, 25, 14, 8, 9, 21]
Taxon occupancy: {22=371, 23=350, 24=285, 25=268, 10=387, 11=377, 12=381, 13=292, 14=383, 15=291, 16=295, 17=330, 18=361, 19=305, 1=338, 2=335, 3=384, 4=417, 5=316, 6=321, 7=294, 8=282, 9=335, 20=334, 21=336}
Number of gene trees: 486
486 trees have missing taxa
Calculating quartet distance matrix (for completion of X)
Species tree distances calculated ...
Will attempt to complete bipartitions from X before adding using a distance matrix.
Building set of clusters (X) from gene trees 
------------------------------
gradient0: 105
Number of Clusters after addition by distance: 105
calculating extra bipartitions to be added at level 1 ...
Adding to X using resolutions of greedy consensus ...
Limit for sigma of degrees:675
polytomy size limit : 3
discarded polytomies:  []
Threshold 0.0:
Threshold 0.01:
Threshold 0.02:
Threshold 0.05:
Threshold 0.1:
Threshold 0.2:
Threshold 0.3333333333333333:
max k is :0
Number of Clusters after addition by greedy: 105
gradient0 in heuristiic: 105
partitions formed in 0.308 secs
Dynamic Programming starting after 0.308 secs
Using tree-based weight calculation.
Using polytree-based weight calculation.
Polytree max score: 1525680
Polytree building time: 0.05 seconds.
Number of quartet trees in the gene trees: 1525680
Size of largest cluster: 25
Greedy score: 1524814
estimationFactor: 1.000567938122289
Sub-optimal score: 1524814
Total Number of elements weighted: 93
Normalized score (portion of input quartet trees satisfied before correcting for multiple individuals): 0.9994323842483351
Optimization score: 1524814
Optimal tree inferred in 0.458 secs.
(7,(((5,6),(2,1)),((4,(11,(10,3))),((8,9),((25,14),(((19,21),(22,(12,18))),((23,20),((13,24),(17,(15,16))))))))));
Final quartet score is: 1524814
Final normalized quartet score is: 0.9994323842483351
(5,(6,((2,1)1:5.33432780407108,(((4,(11,(10,3)1:5.446737371666302)1:5.42934562895445)1:2.8041370799747067,((8,9)1:5.151362953591375,((25,14)1:5.127924380619362,(((19,21)1:5.214935757608981,(22,(12,18)1:5.343927877800089)1:5.243509130053043)1:5.337538079701321,((23,20)1:3.658420246629225,((13,24)1:4.965172920019501,(17,(15,16)1:5.178031200673527)1:4.932072971593157)1:4.927253685157201)1:5.324634674865401)1:5.337538079701321)1:5.236441962829963)1:5.229324495061089)1:4.229263880121472,7)1:4.872649551122363)1:5.33432780407108));
Weight calculation took 0.046653879 secs
ASTRAL finished in 2.62 secs
