
================== ASTRAL ===================== 

This is ASTRAL version 5.6.3
Gene trees are treated as unrooted
50 trees read from g_trees-raxml-sqlen-50-ngen-50-s2g.trees
All output trees will be *arbitrarily* rooted at 14

======== Running the main analysis
Number of taxa: 70 (25 species)
Taxa: {22=[22_2, 22_1], 23=[23_3, 23_2, 23_1], 24=[24_4, 24_3, 24_2, 24_1], 25=[25_2, 25_1], 10=[10_3, 10_2, 10_1], 11=[11_2, 11_1], 12=[12_2, 12_1], 13=[13_3, 13_2, 13_1], 14=[14_3, 14_2, 14_1, 14_4], 15=[15_2, 15_1], 16=[16_1, 16_3, 16_2], 17=[17_3, 17_2, 17_1], 18=[18_4, 18_3, 18_2, 18_1], 19=[19_2, 19_1], 1=[1_1, 1_2, 1_3], 2=[2_1, 2_2, 2_3], 3=[3_1, 3_2], 4=[4_1, 4_2, 4_3], 5=[5_1, 5_2, 5_3, 5_4], 6=[6_1, 6_2], 7=[7_1, 7_2], 8=[8_1, 8_2, 8_3], 9=[9_1, 9_2], 20=[20_4, 20_3, 20_2, 20_1], 21=[21_3, 21_2, 21_1]}
Taxon occupancy: {16_1=44, 14_3=1, 14_2=6, 14_1=43, 12_2=2, 12_1=38, 10_3=2, 10_2=6, 10_1=44, 18_4=1, 18_3=1, 18_2=6, 18_1=43, 16_3=1, 16_2=8, 14_4=1, 25_2=6, 25_1=43, 23_3=2, 1_1=47, 23_2=8, 23_1=46, 1_2=8, 21_3=1, 3_1=45, 1_3=2, 21_2=7, 21_1=43, 3_2=4, 5_1=46, 5_2=8, 7_1=44, 5_3=1, 7_2=6, 5_4=1, 9_1=43, 9_2=6, 15_2=4, 15_1=44, 13_3=1, 13_2=6, 13_1=38, 11_2=6, 11_1=43, 19_2=6, 19_1=43, 17_3=1, 17_2=7, 17_1=47, 24_4=1, 24_3=1, 24_2=4, 24_1=43, 2_1=47, 22_2=5, 20_4=1, 22_1=44, 2_2=8, 20_3=1, 4_1=44, 2_3=2, 20_2=5, 20_1=43, 4_2=6, 6_1=44, 4_3=1, 6_2=4, 8_1=42, 8_2=7, 8_3=3}
Number of gene trees: 50
50 trees have missing taxa
Calculating quartet distance matrix (for completion of X)
Species tree distances calculated ...
Will attempt to complete bipartitions from X before adding using a distance matrix.
Building set of clusters (X) from gene trees 
In second round sampling 3 rounds will be done
------------------------------
gradient0: 567
------------------------------
gradient1: 220
------------------------------
gradient2: 210
Number of Clusters after addition by distance: 997
calculating extra bipartitions to be added at level 1 ...
Adding to X using resolutions of greedy consensus ...
Limit for sigma of degrees:675
polytomy size limit : 6
discarded polytomies:  [3, 3, 3, 5, 6]
Threshold 0.0:
Threshold 0.01:
Threshold 0.02:
Threshold 0.05:
polytomy of size 3; rounds with additions with at least 5 support: 0; clusters: 997
Threshold 0.1:
polytomy of size 3; rounds with additions with at least 5 support: 0; clusters: 997
Threshold 0.2:
polytomy of size 5; rounds with additions with at least 5 support: 0; clusters: 997
Threshold 0.3333333333333333:
polytomy of size 3; rounds with additions with at least 5 support: 0; clusters: 997
polytomy of size 6; rounds with additions with at least 5 support: 0; clusters: 1001
max k is :0
Number of Clusters after addition by greedy: 1001
gradient0 in heuristiic: 1001
calculating extra bipartitions to be added at level 1 ...
Adding to X using resolutions of greedy consensus ...
Limit for sigma of degrees:675
polytomy size limit : 7
discarded polytomies:  [3, 4, 5, 7]
Threshold 0.0:
Threshold 0.01:
Threshold 0.02:
Threshold 0.05:
polytomy of size 3; rounds with additions with at least 5 support: 0; clusters: 1001
Threshold 0.1:
polytomy of size 4; rounds with additions with at least 5 support: 0; clusters: 1003
Threshold 0.2:
polytomy of size 5; rounds with additions with at least 5 support: 0; clusters: 1003
Threshold 0.3333333333333333:
polytomy of size 7; rounds with additions with at least 5 support: 1; clusters: 1005
max k is :2
Number of Clusters after addition by greedy: 1005
gradient1 in heuristiic: 4
calculating extra bipartitions to be added at level 1 ...
Adding to X using resolutions of greedy consensus ...
Limit for sigma of degrees:675
polytomy size limit : 7
discarded polytomies:  [3, 4, 5, 7]
Threshold 0.0:
Threshold 0.01:
Threshold 0.02:
Threshold 0.05:
Threshold 0.1:
polytomy of size 4; rounds with additions with at least 5 support: 0; clusters: 1005
Threshold 0.2:
polytomy of size 5; rounds with additions with at least 5 support: 0; clusters: 1005
Threshold 0.3333333333333333:
polytomy of size 3; rounds with additions with at least 5 support: 0; clusters: 1005
polytomy of size 7; rounds with additions with at least 5 support: 1; clusters: 1007
max k is :2
Number of Clusters after addition by greedy: 1007
gradient2 in heuristiic: 2
partitions formed in 4.483 secs
Dynamic Programming starting after 4.483 secs
Using tree-based weight calculation.
Using polytree-based weight calculation.
Polytree max score: 914689
Polytree building time: 0.018 seconds.
Number of quartet trees in the gene trees: 913576
Size of largest cluster: 70
Greedy score: 558245
estimationFactor: 1.638506714339838
Sub-optimal score: 602143
Total Number of elements weighted: 3217
Normalized score (portion of input quartet trees satisfied before correcting for multiple individuals): 0.6789840144662294
Optimization score: 620303
Optimal tree inferred in 4.746 secs.
(15,(22,(19,((25,(6,(21,(9,11)))),(12,((7,4),((3,(1,2)),(8,(((14,18),(24,20)),((16,13),((23,17),(10,5))))))))))));
Final quartet score is: 639823
Final normalized quartet score is: 0.7003500529786246
You may want to ignore posterior probabilities and other statistics related to the following branch branch because the effective number of genes impacting it is only 3:
	{14}
You may want to ignore posterior probabilities and other statistics related to the following branch branch because the effective number of genes impacting it is only 3:
	{18}
You may want to ignore posterior probabilities and other statistics related to the following branch branch because the effective number of genes impacting it is only 2:
	{24}
You may want to ignore posterior probabilities and other statistics related to the following branch branch because the effective number of genes impacting it is only 3:
	{20}
You may want to ignore posterior probabilities and other statistics related to the following branch branch because the effective number of genes impacting it is only 5:
	{16}
You may want to ignore posterior probabilities and other statistics related to the following branch branch because the effective number of genes impacting it is only 4:
	{13}
You may want to ignore posterior probabilities and other statistics related to the following branch branch because the effective number of genes impacting it is only 6:
	{23}
You may want to ignore posterior probabilities and other statistics related to the following branch branch because the effective number of genes impacting it is only 5:
	{17}
You may want to ignore posterior probabilities and other statistics related to the following branch branch because the effective number of genes impacting it is only 4:
	{10}
You may want to ignore posterior probabilities and other statistics related to the following branch branch because the effective number of genes impacting it is only 4:
	{5}
You may want to ignore posterior probabilities and other statistics related to the following branch branch because the effective number of genes impacting it is only 5:
	{8}
You may want to ignore posterior probabilities and other statistics related to the following branch branch because the effective number of genes impacting it is only 4:
	{3}
You may want to ignore posterior probabilities and other statistics related to the following branch branch because the effective number of genes impacting it is only 6:
	{1}
You may want to ignore posterior probabilities and other statistics related to the following branch branch because the effective number of genes impacting it is only 6:
	{2}
You may want to ignore posterior probabilities and other statistics related to the following branch branch because the effective number of genes impacting it is only 6:
	{7}
You may want to ignore posterior probabilities and other statistics related to the following branch branch because the effective number of genes impacting it is only 4:
	{4}
You may want to ignore posterior probabilities and other statistics related to the following branch branch because the effective number of genes impacting it is only 2:
	{12}
You may want to ignore posterior probabilities and other statistics related to the following branch branch because the effective number of genes impacting it is only 6:
	{25}
You may want to ignore posterior probabilities and other statistics related to the following branch branch because the effective number of genes impacting it is only 4:
	{6}
You may want to ignore posterior probabilities and other statistics related to the following branch branch because the effective number of genes impacting it is only 5:
	{21}
You may want to ignore posterior probabilities and other statistics related to the following branch branch because the effective number of genes impacting it is only 6:
	{9}
You may want to ignore posterior probabilities and other statistics related to the following branch branch because the effective number of genes impacting it is only 6:
	{11}
You may want to ignore posterior probabilities and other statistics related to the following branch branch because the effective number of genes impacting it is only 6:
	{19}
You may want to ignore posterior probabilities and other statistics related to the following branch branch because the effective number of genes impacting it is only 5:
	{22}
You may want to ignore posterior probabilities and other statistics related to the following branch branch because the effective number of genes impacting it is only 4:
	{15}
((14_3,14_2,14_1,14_4)0.18:0.0,((18_4,18_3,18_2,18_1)0.14:0.0,(((24_4,24_3,24_2,24_1)0.18:0.0,(20_4,20_3,20_2,20_1)0.17:0.0)1:0.4238263198509802,((((16_1,16_3,16_2)0.48:0.05657035148839423,(13_3,13_2,13_1)0.25:0.0)0.77:0.15948565377665663,(((23_3,23_2,23_1)0.12:0.0,(17_3,17_2,17_1)0.19:0.0)1:1.3839240546314884,((10_3,10_2,10_1)0.42:0.0,(5_1,5_2,5_3,5_4)0.39:0.0)1:0.7688271213786888)1:0.4618490565445994)0.56:0.06593716423502577,((8_1,8_2,8_3)0.63:0.1851641832122789,(((3_1,3_2)0.85:0.5108256237659905,((1_1,1_2,1_3)0.16:0.0,(2_1,2_2,2_3)0.12:0.0)1:1.4034700071721542)1:2.2973105662607756,(((7_1,7_2)0.17:0.0,(4_1,4_2,4_3)0.22:0.0)1:1.6160679933092204,((12_2,12_1)0.46:0.007468294607525687,(((25_2,25_1)0.43:0.016968319883052918,((6_1,6_2)0.13:0.0,((21_3,21_2,21_1)0.11:0.0,((9_1,9_2)0.08:0.0,(11_2,11_1)0.08:0.0)1:1.0605593829949553)1:1.1869514127381962)0.38:0.006360666066430455)1:0.4962204908041828,((19_2,19_1)0.24:0.0,((22_2,22_1)0.22:0.0,(15_2,15_1)0.12:0.0)0.86:0.18228767721640496)1:1.1717833370184918)0.65:0.11579472794606654)0.6:0.0845675154865066)1:1.1915117776228574)0.95:0.2713656647693048)0.92:0.2410259656350935)1:1.1453836106301178)1:1.6768193438979244));
Weight calculation took 0.208219153 secs
ASTRAL finished in 4.861 secs
