
================== ASTRAL ===================== 

This is ASTRAL version 5.6.3
Gene trees are treated as unrooted
100 trees read from g_trees-raxml-sqlen-25-ngen-100-s2g.trees
All output trees will be *arbitrarily* rooted at 14

======== Running the main analysis
Number of taxa: 95 (25 species)
Taxa: {22=[22_4, 22_3, 22_2, 22_1], 23=[23_3, 23_2, 23_1], 24=[24_4, 24_3, 24_2, 24_1], 25=[25_3, 25_2, 25_1], 10=[10_3, 10_2, 10_1], 11=[11_4, 11_3, 11_2, 11_1], 12=[12_4, 12_3, 12_2, 12_1], 13=[13_3, 13_2, 13_1], 14=[14_3, 14_2, 14_1, 14_4], 15=[15_2, 15_1, 15_4, 15_3], 16=[16_1, 16_4, 16_3, 16_2], 17=[17_3, 17_2, 17_1], 18=[18_4, 18_3, 18_2, 18_1], 19=[19_4, 19_3, 19_2, 19_1], 1=[1_1, 1_2, 1_3], 2=[2_1, 2_2, 2_3], 3=[3_1, 3_2], 4=[4_1, 4_2, 4_3, 4_4, 4_5, 4_6, 4_7], 5=[5_1, 5_2, 5_3, 5_4], 6=[6_1, 6_2, 6_3, 6_4], 7=[7_1, 7_2, 7_3, 7_4, 7_5, 7_6], 8=[8_1, 8_2, 8_3], 9=[9_1, 9_2, 9_3, 9_4], 20=[20_4, 20_3, 20_2, 20_1], 21=[21_4, 21_3, 21_2, 21_1]}
Taxon occupancy: {16_1=89, 14_3=2, 14_2=14, 12_4=1, 14_1=88, 12_3=1, 12_2=8, 12_1=83, 10_3=2, 10_2=18, 10_1=91, 18_4=1, 18_3=2, 18_2=14, 16_4=1, 18_1=88, 16_3=2, 16_2=15, 14_4=1, 25_3=1, 25_2=15, 25_1=88, 23_3=4, 1_1=92, 23_2=21, 21_4=1, 23_1=91, 1_2=11, 21_3=3, 3_1=88, 1_3=2, 21_2=14, 21_1=88, 3_2=11, 5_1=91, 5_2=18, 7_1=91, 5_3=2, 7_2=16, 5_4=1, 9_1=88, 7_3=3, 9_2=13, 7_4=1, 7_5=1, 9_3=2, 7_6=1, 9_4=1, 15_2=12, 15_1=89, 13_3=3, 13_2=14, 11_4=1, 13_1=84, 11_3=2, 11_2=13, 11_1=88, 19_4=1, 19_3=3, 19_2=12, 19_1=88, 17_3=3, 17_2=21, 15_4=1, 17_1=92, 15_3=2, 24_4=1, 24_3=3, 24_2=16, 22_4=1, 24_1=86, 22_3=2, 2_1=92, 22_2=12, 20_4=2, 22_1=89, 2_2=11, 20_3=4, 4_1=91, 2_3=2, 20_2=15, 20_1=89, 4_2=16, 6_1=87, 4_3=3, 6_2=12, 4_4=1, 8_1=91, 6_3=3, 4_5=1, 8_2=17, 6_4=1, 4_6=1, 8_3=6, 4_7=1}
Number of gene trees: 100
100 trees have missing taxa
Calculating quartet distance matrix (for completion of X)
Species tree distances calculated ...
Will attempt to complete bipartitions from X before adding using a distance matrix.
Building set of clusters (X) from gene trees 
In second round sampling 3 rounds will be done
------------------------------
gradient0: 1133
------------------------------
gradient1: 826
------------------------------
gradient2: 648
Number of Clusters after addition by distance: 2607
calculating extra bipartitions to be added at level 1 ...
Adding to X using resolutions of greedy consensus ...
Limit for sigma of degrees:675
polytomy size limit : 10
discarded polytomies:  [3, 3, 3, 4, 7, 10]
Threshold 0.0:
Threshold 0.01:
Threshold 0.02:
polytomy of size 3; rounds with additions with at least 5 support: 0; clusters: 2607
Threshold 0.05:
polytomy of size 3; rounds with additions with at least 5 support: 0; clusters: 2607
Threshold 0.1:
polytomy of size 4; rounds with additions with at least 5 support: 0; clusters: 2611
Threshold 0.2:
polytomy of size 3; rounds with additions with at least 5 support: 0; clusters: 2611
polytomy of size 7; rounds with additions with at least 5 support: 1; clusters: 2621
Threshold 0.3333333333333333:
polytomy of size 10; rounds with additions with at least 5 support: 0; clusters: 2625
max k is :2
Number of Clusters after addition by greedy: 2625
gradient0 in heuristiic: 2625
calculating extra bipartitions to be added at level 1 ...
Adding to X using resolutions of greedy consensus ...
Limit for sigma of degrees:675
polytomy size limit : 11
discarded polytomies:  [3, 6, 8, 11]
Threshold 0.0:
Threshold 0.01:
Threshold 0.02:
Threshold 0.05:
polytomy of size 3; rounds with additions with at least 5 support: 0; clusters: 2627
Threshold 0.1:
polytomy of size 6; rounds with additions with at least 5 support: 1; clusters: 2635
Threshold 0.2:
polytomy of size 8; rounds with additions with at least 5 support: 1; clusters: 2653
Threshold 0.3333333333333333:
polytomy of size 11; rounds with additions with at least 5 support: 0; clusters: 2655
max k is :2
Number of Clusters after addition by greedy: 2655
gradient1 in heuristiic: 30
calculating extra bipartitions to be added at level 1 ...
Adding to X using resolutions of greedy consensus ...
Limit for sigma of degrees:675
polytomy size limit : 9
discarded polytomies:  [4, 4, 5, 6, 7, 8, 9]
Threshold 0.0:
polytomy of size 4; rounds with additions with at least 5 support: 2; clusters: 2661
Threshold 0.01:
polytomy of size 4; rounds with additions with at least 5 support: 1; clusters: 2665
Threshold 0.02:
polytomy of size 5; rounds with additions with at least 5 support: 0; clusters: 2675
Threshold 0.05:
polytomy of size 6; rounds with additions with at least 5 support: 2; clusters: 2685
Threshold 0.1:
polytomy of size 7; rounds with additions with at least 5 support: 0; clusters: 2685
Threshold 0.2:
polytomy of size 8; rounds with additions with at least 5 support: 1; clusters: 2691
Threshold 0.3333333333333333:
polytomy of size 9; rounds with additions with at least 5 support: 0; clusters: 2701
max k is :4
Number of Clusters after addition by greedy: 2701
gradient2 in heuristiic: 46
partitions formed in 10.426 secs
Dynamic Programming starting after 10.426 secs
Using tree-based weight calculation.
Using polytree-based weight calculation.
Polytree max score: 2801779
Polytree building time: 0.024 seconds.
Number of quartet trees in the gene trees: 2794692
Size of largest cluster: 95
Greedy score: 1288971
estimationFactor: 2.1736555748732904
Sub-optimal score: 1425779
Total Number of elements weighted: 12792
Normalized score (portion of input quartet trees satisfied before correcting for multiple individuals): 0.5519466903687419
Optimization score: 1542521
Optimal tree inferred in 11.592 secs.
(3,((1,2),((8,(((14,18),(24,20)),((16,13),((23,17),(10,5))))),((7,4),(12,((19,(15,22)),((25,6),(21,(9,11)))))))));
Final quartet score is: 1613639
Final normalized quartet score is: 0.5773942173234117
You may want to ignore posterior probabilities and other statistics related to the following branch branch because the effective number of genes impacting it is only 7:
	{14}
You may want to ignore posterior probabilities and other statistics related to the following branch branch because the effective number of genes impacting it is only 7:
	{18}
You may want to ignore posterior probabilities and other statistics related to the following branch branch because the effective number of genes impacting it is only 9:
	{24}
You may want to ignore posterior probabilities and other statistics related to the following branch branch because the effective number of genes impacting it is only 9:
	{20}
You may want to ignore posterior probabilities and other statistics related to the following branch branch because the effective number of genes impacting it is only 8:
	{16}
You may want to ignore posterior probabilities and other statistics related to the following branch branch because the effective number of genes impacting it is only 10:
	{13}
You may want to ignore posterior probabilities and other statistics related to the following branch branch because the effective number of genes impacting it is only 15:
	{23}
You may want to ignore posterior probabilities and other statistics related to the following branch branch because the effective number of genes impacting it is only 15:
	{17}
You may want to ignore posterior probabilities and other statistics related to the following branch branch because the effective number of genes impacting it is only 12:
	{10}
You may want to ignore posterior probabilities and other statistics related to the following branch branch because the effective number of genes impacting it is only 9:
	{5}
You may want to ignore posterior probabilities and other statistics related to the following branch branch because the effective number of genes impacting it is only 12:
	{8}
You may want to ignore posterior probabilities and other statistics related to the following branch branch because the effective number of genes impacting it is only 6:
	{7}
You may want to ignore posterior probabilities and other statistics related to the following branch branch because the effective number of genes impacting it is only 5:
	{4}
You may want to ignore posterior probabilities and other statistics related to the following branch branch because the effective number of genes impacting it is only 4:
	{12}
You may want to ignore posterior probabilities and other statistics related to the following branch branch because the effective number of genes impacting it is only 7:
	{19}
You may want to ignore posterior probabilities and other statistics related to the following branch branch because the effective number of genes impacting it is only 6:
	{15}
You may want to ignore posterior probabilities and other statistics related to the following branch branch because the effective number of genes impacting it is only 6:
	{22}
You may want to ignore posterior probabilities and other statistics related to the following branch branch because the effective number of genes impacting it is only 9:
	{25}
You may want to ignore posterior probabilities and other statistics related to the following branch branch because the effective number of genes impacting it is only 6:
	{6}
You may want to ignore posterior probabilities and other statistics related to the following branch branch because the effective number of genes impacting it is only 8:
	{21}
You may want to ignore posterior probabilities and other statistics related to the following branch branch because the effective number of genes impacting it is only 7:
	{9}
You may want to ignore posterior probabilities and other statistics related to the following branch branch because the effective number of genes impacting it is only 7:
	{11}
You may want to ignore posterior probabilities and other statistics related to the following branch branch because the effective number of genes impacting it is only 8:
	{1}
You may want to ignore posterior probabilities and other statistics related to the following branch branch because the effective number of genes impacting it is only 8:
	{2}
You may want to ignore posterior probabilities and other statistics related to the following branch branch because the effective number of genes impacting it is only 11:
	{3}
((14_3,14_2,14_1,14_4)0.11:0.0,((18_4,18_3,18_2,18_1)0.11:0.0,(((24_4,24_3,24_2,24_1)0.25:0.0,(20_4,20_3,20_2,20_1)0.14:0.0)1:0.37761620787509537,((((16_1,16_4,16_3,16_2)0.51:0.08321010904419912,(13_3,13_2,13_1)0.28:0.0)0.96:0.19345758346075398,(((23_3,23_2,23_1)0.08:0.0,(17_3,17_2,17_1)0.18:0.0)1:1.0531635517924338,((10_3,10_2,10_1)0.26:0.0,(5_1,5_2,5_3,5_4)0.32:0.0)1:0.32859444143321714)1:0.2736451782501181)0.6:0.0645178330068298,((8_1,8_2,8_3)0.48:0.054795686667702126,((((7_1,7_2,7_3,7_4,7_5,7_6)0.2:0.0,(4_1,4_2,4_3,4_4,4_5,4_6,4_7)0.13:0.0)1:1.507285268870564,((12_4,12_3,12_2,12_1)0.22:0.0,(((19_4,19_3,19_2,19_1)0.17:0.0,((15_2,15_1,15_4,15_3)0.13:0.0,(22_4,22_3,22_2,22_1)0.14:0.0)0.82:0.11099304118184626)1:0.994351119610672,(((25_3,25_2,25_1)0.4:0.006341602054295404,(6_1,6_2,6_3,6_4)0.26:0.0)0.35:0.0,((21_4,21_3,21_2,21_1)0.15:0.0,((9_1,9_2,9_3,9_4)0.09:0.0,(11_4,11_3,11_2,11_1)0.1:0.0)1:1.4637535619891697)1:0.7817148233087976)1:0.29209645674740403)0.95:0.17897180761981019)0.67:0.07912184104287903)1:0.6938409882197425,(((1_1,1_2,1_3)0.11:0.0,(2_1,2_2,2_3)0.09:0.0)1:1.41992087580347,(3_1,3_2)0.88:0.3788342421074422)1:1.2884374130230771)0.94:0.1732363031900353)0.84:0.12079322610633536)1:0.7409974240222726)1:1.3136039538043007));
Weight calculation took 1.115900532 secs
ASTRAL finished in 11.809 secs
