
================== ASTRAL ===================== 

This is ASTRAL version 5.6.3
Gene trees are treated as unrooted
25 trees read from g_trees-raxml-sqlen-50-ngen-25-s2g.trees
All output trees will be *arbitrarily* rooted at 16

======== Running the main analysis
Number of taxa: 58 (25 species)
Taxa: {22=[22_2, 22_1], 23=[23_3, 23_2, 23_1], 24=[24_2, 24_1], 25=[25_2, 25_1], 10=[10_3, 10_2, 10_1], 11=[11_2, 11_1], 12=[12_1], 13=[13_2, 13_1], 14=[14_2, 14_1], 15=[15_2, 15_1], 16=[16_1, 16_2], 17=[17_3, 17_2, 17_1], 18=[18_2, 18_1], 19=[19_2, 19_1], 1=[1_1, 1_2, 1_3], 2=[2_1, 2_2, 2_3], 3=[3_1, 3_2], 4=[4_1, 4_2, 4_3], 5=[5_1, 5_2, 5_3, 5_4], 6=[6_1, 6_2], 7=[7_1, 7_2], 8=[8_1, 8_2, 8_3], 9=[9_1, 9_2], 20=[20_2, 20_1], 21=[21_2, 21_1]}
Taxon occupancy: {16_1=22, 14_2=3, 14_1=23, 12_1=19, 10_3=2, 10_2=4, 10_1=23, 18_2=3, 18_1=23, 16_2=6, 25_2=4, 25_1=23, 23_3=1, 1_1=25, 23_2=4, 23_1=24, 1_2=6, 3_1=24, 1_3=1, 21_2=3, 21_1=22, 3_2=3, 5_1=23, 5_2=5, 7_1=22, 5_3=1, 7_2=3, 5_4=1, 9_1=22, 9_2=2, 15_2=1, 15_1=24, 13_2=4, 13_1=18, 11_2=2, 11_1=22, 19_2=3, 19_1=24, 17_3=1, 17_2=3, 17_1=24, 24_2=3, 24_1=23, 2_1=25, 22_2=2, 22_1=24, 2_2=6, 4_1=22, 2_3=1, 20_2=3, 20_1=23, 4_2=2, 6_1=23, 4_3=1, 6_2=1, 8_1=20, 8_2=4, 8_3=1}
Number of gene trees: 25
25 trees have missing taxa
Calculating quartet distance matrix (for completion of X)
Species tree distances calculated ...
Will attempt to complete bipartitions from X before adding using a distance matrix.
Building set of clusters (X) from gene trees 
In second round sampling 3 rounds will be done
------------------------------
gradient0: 383
------------------------------
gradient1: 104
------------------------------
gradient2: 68
Number of Clusters after addition by distance: 555
calculating extra bipartitions to be added at level 1 ...
Adding to X using resolutions of greedy consensus ...
Limit for sigma of degrees:675
polytomy size limit : 6
discarded polytomies:  [3, 4, 6]
Threshold 0.0:
Threshold 0.01:
Threshold 0.02:
Threshold 0.05:
Threshold 0.1:
polytomy of size 3; rounds with additions with at least 5 support: 0; clusters: 555
Threshold 0.2:
polytomy of size 4; rounds with additions with at least 5 support: 0; clusters: 555
Threshold 0.3333333333333333:
polytomy of size 6; rounds with additions with at least 5 support: 0; clusters: 555
max k is :0
Number of Clusters after addition by greedy: 555
gradient0 in heuristiic: 555
calculating extra bipartitions to be added at level 1 ...
Adding to X using resolutions of greedy consensus ...
Limit for sigma of degrees:675
polytomy size limit : 6
discarded polytomies:  [3, 4, 5, 6]
Threshold 0.0:
Threshold 0.01:
Threshold 0.02:
Threshold 0.05:
Threshold 0.1:
polytomy of size 3; rounds with additions with at least 5 support: 0; clusters: 555
Threshold 0.2:
polytomy of size 5; rounds with additions with at least 5 support: 0; clusters: 555
Threshold 0.3333333333333333:
polytomy of size 4; rounds with additions with at least 5 support: 0; clusters: 557
polytomy of size 6; rounds with additions with at least 5 support: 0; clusters: 557
max k is :0
Number of Clusters after addition by greedy: 557
gradient1 in heuristiic: 2
calculating extra bipartitions to be added at level 1 ...
Adding to X using resolutions of greedy consensus ...
Limit for sigma of degrees:675
polytomy size limit : 5
discarded polytomies:  [3, 5, 5]
Threshold 0.0:
Threshold 0.01:
Threshold 0.02:
Threshold 0.05:
Threshold 0.1:
polytomy of size 3; rounds with additions with at least 5 support: 0; clusters: 557
Threshold 0.2:
polytomy of size 5; rounds with additions with at least 5 support: 0; clusters: 557
Threshold 0.3333333333333333:
polytomy of size 5; rounds with additions with at least 5 support: 0; clusters: 557
max k is :0
Number of Clusters after addition by greedy: 557
gradient2 in heuristiic: 0
partitions formed in 2.294 secs
Dynamic Programming starting after 2.294 secs
Using tree-based weight calculation.
Using polytree-based weight calculation.
Polytree max score: 488782
Polytree building time: 0.014 seconds.
Number of quartet trees in the gene trees: 488427
Size of largest cluster: 58
Greedy score: 304419
estimationFactor: 1.6056225137064375
Sub-optimal score: 325866
Total Number of elements weighted: 1170
Normalized score (portion of input quartet trees satisfied before correcting for multiple individuals): 0.7019124659365678
Optimization score: 342833
Optimal tree inferred in 2.428 secs.
(12,(((15,(19,22)),((25,6),(21,(9,11)))),((7,4),((3,(1,2)),(8,(((14,18),(24,20)),((16,13),((23,17),(10,5)))))))));
Final quartet score is: 353101
Final normalized quartet score is: 0.722935054777889
You may want to ignore posterior probabilities and other statistics related to the following branch branch because the effective number of genes impacting it is only 6:
	{16}
You may want to ignore posterior probabilities and other statistics related to the following branch branch because the effective number of genes impacting it is only 4:
	{13}
You may want to ignore posterior probabilities and other statistics related to the following branch branch because the effective number of genes impacting it is only 3:
	{23}
You may want to ignore posterior probabilities and other statistics related to the following branch branch because the effective number of genes impacting it is only 2:
	{17}
You may want to ignore posterior probabilities and other statistics related to the following branch branch because the effective number of genes impacting it is only 3:
	{10}
You may want to ignore posterior probabilities and other statistics related to the following branch branch because the effective number of genes impacting it is only 3:
	{5}
You may want to ignore posterior probabilities and other statistics related to the following branch branch because the effective number of genes impacting it is only 3:
	{14}
You may want to ignore posterior probabilities and other statistics related to the following branch branch because the effective number of genes impacting it is only 3:
	{18}
You may want to ignore posterior probabilities and other statistics related to the following branch branch because the effective number of genes impacting it is only 3:
	{24}
You may want to ignore posterior probabilities and other statistics related to the following branch branch because the effective number of genes impacting it is only 3:
	{20}
You may want to ignore posterior probabilities and other statistics related to the following branch branch because the effective number of genes impacting it is only 3:
	{8}
You may want to ignore posterior probabilities and other statistics related to the following branch branch because the effective number of genes impacting it is only 3:
	{3}
You may want to ignore posterior probabilities and other statistics related to the following branch branch because the effective number of genes impacting it is only 4:
	{1}
You may want to ignore posterior probabilities and other statistics related to the following branch branch because the effective number of genes impacting it is only 4:
	{2}
You may want to ignore posterior probabilities and other statistics related to the following branch branch because the effective number of genes impacting it is only 3:
	{7}
You may want to ignore posterior probabilities and other statistics related to the following branch branch because the effective number of genes impacting it is only 1:
	{4}
You may want to ignore posterior probabilities and other statistics related to the following branch branch because the effective number of genes impacting it is only 1:
	{15}
You may want to ignore posterior probabilities and other statistics related to the following branch branch because the effective number of genes impacting it is only 3:
	{19}
You may want to ignore posterior probabilities and other statistics related to the following branch branch because the effective number of genes impacting it is only 2:
	{22}
You may want to ignore posterior probabilities and other statistics related to the following branch branch because the effective number of genes impacting it is only 4:
	{25}
You may want to ignore posterior probabilities and other statistics related to the following branch branch because the effective number of genes impacting it is only 1:
	{6}
You may want to ignore posterior probabilities and other statistics related to the following branch branch because the effective number of genes impacting it is only 3:
	{21}
You may want to ignore posterior probabilities and other statistics related to the following branch branch because the effective number of genes impacting it is only 2:
	{9}
You may want to ignore posterior probabilities and other statistics related to the following branch branch because the effective number of genes impacting it is only 2:
	{11}
You may want to ignore posterior probabilities and other statistics related to the following branch branch because the effective number of genes impacting it is only 19:
	{25, 21, 9, 15, 11, 19, 22, 6}
You may want to ignore posterior probabilities and other statistics related to the following branch branch because the effective number of genes impacting it is only 18:
	{12, 25, 21, 9, 15, 11, 19, 22, 6}
You may want to ignore posterior probabilities and other statistics related to the following branch branch because the effective number of genes impacting it is only 19:
	{12, 25, 1, 21, 3, 7, 9, 15, 11, 19, 22, 2, 4, 6}
You may want to ignore posterior probabilities and other statistics related to the following branch branch because the effective number of genes impacting it is only 19:
	{12, 25, 1, 21, 3, 7, 9, 15, 11, 19, 22, 2, 4, 6, 8}
You may want to ignore posterior probabilities and other statistics related to the following branch branch because the effective number of genes impacting it is only 16:
	{14, 10, 12, 18, 25, 23, 1, 21, 3, 5, 7, 9, 15, 11, 19, 17, 24, 22, 2, 20, 4, 6, 8}
You may want to ignore posterior probabilities and other statistics related to the following branch branch because the effective number of genes impacting it is only 6:
	{14, 10, 12, 18, 25, 23, 1, 21, 3, 5, 7, 9, 15, 13, 11, 19, 17, 24, 22, 2, 20, 4, 6, 8}
((16_1,16_2)0.34:0.0,((13_2,13_1)0.32:0.0,((((23_3,23_2,23_1)0.15:0.0,(17_3,17_2,17_1)0.28:0.0)1:0.9384331625906731,((10_3,10_2,10_1)0.36:0.0,(5_1,5_2,5_3,5_4)0.26:0.0)1:0.8415957983420673)0.98:0.4213000059528723,((((14_2,14_1)0.21:0.0,(18_2,18_1)0.13:0.0)1:1.5591706982165692,((24_2,24_1)0.13:0.0,(20_2,20_1)0.13:0.0)0.87:0.2847790198907073)1:0.9437903156011412,((8_1,8_2,8_3)0.67:0.2693329337835843,(((3_1,3_2)0.69:0.2876820724517809,((1_1,1_2,1_3)0.2:0.0,(2_1,2_2,2_3)0.14:0.0)1:0.9566787927794429)1:2.098348249361642,(((7_1,7_2)0.35:0.0,(4_1,4_2,4_3)0.24:0.0)1:1.5914658591437167,((((15_2,15_1)0.22:0.0,((19_2,19_1)0.34:0.0,(22_2,22_1)0.46:0.0)0.35:0.0)1:1.042916023833306,(((25_2,25_1)0.63:0.20714320996776853,(6_1,6_2)0.22:0.0)0.43:0.048970091183120505,((21_2,21_1)0.13:0.0,((9_1,9_2)0.17:0.0,(11_2,11_1)0.17:0.0)1:1.0792498552304437)1:0.7751375762015195)0.99:0.5345153541291823)0.39:0.013795973621335573,12_1)0.4:0.02359486623482155)1:1.058215559385474)0.99:0.5206682026852699)0.4:0.054352872618205234)0.86:0.2466168018116667)0.29:0.0)0.33:0.0);
Weight calculation took 0.082574196 secs
ASTRAL finished in 2.532 secs
