
================== ASTRAL ===================== 

This is ASTRAL version 5.6.3
Gene trees are treated as unrooted
44 trees read from g_trees-raxml-sqlen-25-ngen-25.trees.tree
All output trees will be *arbitrarily* rooted at 2

======== Running the main analysis
Number of taxa: 25 (25 species)
Taxa: [2, 1, 3, 20, 24, 18, 14, 10, 17, 23, 16, 5, 13, 8, 12, 21, 11, 9, 7, 4, 25, 6, 22, 19, 15]
Taxon occupancy: {22=42, 23=32, 24=34, 25=40, 10=28, 11=35, 12=28, 13=26, 14=34, 15=41, 16=31, 17=32, 18=34, 19=42, 1=39, 2=39, 3=35, 4=38, 5=34, 6=40, 7=38, 8=25, 9=35, 20=34, 21=36}
Number of gene trees: 44
43 trees have missing taxa
Calculating quartet distance matrix (for completion of X)
Species tree distances calculated ...
Will attempt to complete bipartitions from X before adding using a distance matrix.
Building set of clusters (X) from gene trees 
------------------------------
gradient0: 455
Number of Clusters after addition by distance: 455
calculating extra bipartitions to be added at level 1 ...
Adding to X using resolutions of greedy consensus ...
Limit for sigma of degrees:675
polytomy size limit : 5
discarded polytomies:  [3, 3, 5]
Threshold 0.0:
Threshold 0.01:
Threshold 0.02:
Threshold 0.05:
Threshold 0.1:
Threshold 0.2:
polytomy of size 3; rounds with additions with at least 5 support: 0; clusters: 455
Threshold 0.3333333333333333:
polytomy of size 5; rounds with additions with at least 5 support: 0; clusters: 455
polytomy of size 3; rounds with additions with at least 5 support: 0; clusters: 455
max k is :0
Number of Clusters after addition by greedy: 455
gradient0 in heuristiic: 455
partitions formed in 0.229 secs
Dynamic Programming starting after 0.229 secs
Using tree-based weight calculation.
Using polytree-based weight calculation.
Polytree max score: 250641
Polytree building time: 0.017 seconds.
Number of quartet trees in the gene trees: 250641
Size of largest cluster: 25
Greedy score: 181518
estimationFactor: 1.3808052094007206
Sub-optimal score: 185221
Total Number of elements weighted: 715
Normalized score (portion of input quartet trees satisfied before correcting for multiple individuals): 0.7506473402196767
Optimization score: 188143
Optimal tree inferred in 0.384 secs.
(25,(6,((21,(11,9)),((19,(22,15)),(12,((7,4),((3,(2,1)),((8,(24,(20,(18,14)))),((16,13),((10,5),(17,23)))))))))));
Final quartet score is: 188143
Final normalized quartet score is: 0.7506473402196767
(2,(1,(3,(((8,(24,(20,(18,14)1:2.008180861778417)0.62:0.14656387002981217)1:0.8797513991459006)0.61:0.15082119569362704,((16,13)1:0.6609045003829414,((10,5)1:0.6434548694434113,(17,23)1:1.806843119537437)0.96:0.32550623555826097)0.54:0.10403381574178557)0.94:0.2613222195423506,((7,4)1:2.3448178566173183,(12,((19,(22,15)0.43:0.02440247611260169)1:0.8893400103701316,((21,(11,9)1:0.9808292530117262)1:0.5647988303666668,(6,25)0.44:0.032487469540977504)0.98:0.33158834890658684)0.96:0.33806649233027747)0.33:0.0)1:0.6442848689210545)1:1.0235593849516105)1:1.0847642084408708));
Weight calculation took 0.065265828 secs
ASTRAL finished in 0.512 secs
