
================== ASTRAL ===================== 

This is ASTRAL version 5.6.3
Gene trees are treated as unrooted
51 trees read from g_trees-raxml-sqlen-50-ngen-25.trees.tree
All output trees will be *arbitrarily* rooted at 8

======== Running the main analysis
Number of taxa: 25 (25 species)
Taxa: [8, 20, 18, 24, 14, 13, 17, 23, 5, 16, 1, 2, 3, 10, 6, 21, 11, 9, 25, 7, 4, 12, 15, 19, 22]
Taxon occupancy: {22=49, 23=41, 24=40, 25=48, 10=39, 11=45, 12=33, 13=30, 14=40, 15=50, 16=35, 17=41, 18=40, 19=50, 1=43, 2=43, 3=38, 4=45, 5=42, 6=47, 7=45, 8=31, 9=45, 20=40, 21=46}
Number of gene trees: 51
47 trees have missing taxa
Calculating quartet distance matrix (for completion of X)
Species tree distances calculated ...
Will attempt to complete bipartitions from X before adding using a distance matrix.
Building set of clusters (X) from gene trees 
------------------------------
gradient0: 401
Number of Clusters after addition by distance: 401
calculating extra bipartitions to be added at level 1 ...
Adding to X using resolutions of greedy consensus ...
Limit for sigma of degrees:675
polytomy size limit : 4
discarded polytomies:  [3, 3, 4]
Threshold 0.0:
Threshold 0.01:
Threshold 0.02:
Threshold 0.05:
Threshold 0.1:
Threshold 0.2:
polytomy of size 3; rounds with additions with at least 5 support: 0; clusters: 401
Threshold 0.3333333333333333:
polytomy of size 4; rounds with additions with at least 5 support: 0; clusters: 401
polytomy of size 3; rounds with additions with at least 5 support: 0; clusters: 401
max k is :0
Number of Clusters after addition by greedy: 401
gradient0 in heuristiic: 401
partitions formed in 0.201 secs
Dynamic Programming starting after 0.201 secs
Using tree-based weight calculation.
Using polytree-based weight calculation.
Polytree max score: 323982
Polytree building time: 0.016 seconds.
Number of quartet trees in the gene trees: 323982
Size of largest cluster: 25
Greedy score: 235005
estimationFactor: 1.37861747622391
Sub-optimal score: 246230
Total Number of elements weighted: 676
Normalized score (portion of input quartet trees satisfied before correcting for multiple individuals): 0.7999549357680364
Optimization score: 259171
Optimal tree inferred in 0.339 secs.
(4,(7,(((12,(22,(15,19))),((6,25),(21,(11,9)))),((3,(1,2)),(8,(((18,14),(20,24)),((13,16),((17,23),(5,10)))))))));
Final quartet score is: 259171
Final normalized quartet score is: 0.7999549357680364
(8,((((18,14)1:2.538973871058275,(20,24)0.77:0.22110442463901375)1:1.383884985296578,((13,16)0.58:0.11155914164822528,((17,23)1:1.6014501417669478,(5,10)1:0.5818105284403723)1:0.5448651974737895)0.26:0.010296752821691965)0.66:0.1956110786923618,((3,(1,2)1:1.178654996341646)1:2.7354491752903245,(((12,(22,(15,19)0.92:0.20613799489576315)1:1.067635544367135)0.39:0.019052908405633926,((6,25)0.35:0.1167470058132214,(21,(11,9)1:1.662188477819629)1:0.7074532852725681)1:0.4984084759306555)0.99:0.3214611104755619,(7,4)1:2.730029107820986)1:1.0262916270884839)1:0.7725840112079811));
Weight calculation took 0.057198714 secs
ASTRAL finished in 1.941 secs
