
================== ASTRAL ===================== 

This is ASTRAL version 5.6.3
Gene trees are treated as unrooted
54 trees read from g_trees-raxml-sqlen-100-ngen-25.trees.tree
All output trees will be *arbitrarily* rooted at 8

======== Running the main analysis
Number of taxa: 25 (25 species)
Taxa: [8, 20, 18, 14, 24, 5, 10, 13, 17, 23, 16, 3, 1, 2, 7, 4, 12, 21, 11, 9, 25, 6, 19, 15, 22]
Taxon occupancy: {22=50, 23=47, 24=46, 25=50, 10=44, 11=48, 12=36, 13=29, 14=45, 15=50, 16=45, 17=47, 18=45, 19=51, 1=47, 2=47, 3=42, 4=49, 5=46, 6=48, 7=48, 8=41, 9=48, 20=46, 21=49}
Number of gene trees: 54
45 trees have missing taxa
Calculating quartet distance matrix (for completion of X)
Species tree distances calculated ...
Will attempt to complete bipartitions from X before adding using a distance matrix.
Building set of clusters (X) from gene trees 
------------------------------
gradient0: 321
Number of Clusters after addition by distance: 321
calculating extra bipartitions to be added at level 1 ...
Adding to X using resolutions of greedy consensus ...
Limit for sigma of degrees:675
polytomy size limit : 4
discarded polytomies:  [3, 3, 4]
Threshold 0.0:
Threshold 0.01:
Threshold 0.02:
Threshold 0.05:
Threshold 0.1:
Threshold 0.2:
Threshold 0.3333333333333333:
polytomy of size 3; rounds with additions with at least 5 support: 0; clusters: 321
polytomy of size 3; rounds with additions with at least 5 support: 0; clusters: 321
polytomy of size 4; rounds with additions with at least 5 support: 1; clusters: 323
max k is :2
Number of Clusters after addition by greedy: 323
gradient0 in heuristiic: 323
partitions formed in 0.198 secs
Dynamic Programming starting after 0.198 secs
Using tree-based weight calculation.
Using polytree-based weight calculation.
Polytree max score: 399144
Polytree building time: 0.016 seconds.
Number of quartet trees in the gene trees: 399144
Size of largest cluster: 25
Greedy score: 341523
estimationFactor: 1.16871777303432
Sub-optimal score: 341711
Total Number of elements weighted: 474
Normalized score (portion of input quartet trees satisfied before correcting for multiple individuals): 0.8596271019982763
Optimization score: 343115
Optimal tree inferred in 0.326 secs.
(25,((21,(11,9)),(6,((19,(15,22)),((12,(7,4)),((3,(1,2)),(8,(((20,24),(18,14)),(13,(16,((17,23),(5,10))))))))))));
Final quartet score is: 343115
Final normalized quartet score is: 0.8596271019982763
(8,((((20,24)1:0.5453915376948131,(18,14)1:2.730029107820986)1:1.7304312237207313,(13,(16,((17,23)1:2.8218366570741056,(5,10)1:2.0343211063993674)1:0.43586175443872177)0.86:0.2368984411222255)0.72:0.20957895182482006)0.98:0.35497570818577284,((3,(1,2)1:1.9694406464655068)1:3.283414346005771,((12,(7,4)1:3.120895416507997)0.7:0.12694180389675325,((19,(15,22)0.84:0.15749852359694233)1:2.8044016468176665,(6,((21,(11,9)1:3.211473998592431)1:2.297481181075868,25)0.33:0.0)1:1.069169351188345)1:0.5104410823269128)1:1.0199964453619303)1:0.8409292939363278));
Weight calculation took 0.04205278 secs
ASTRAL finished in 1.158 secs
