
================== ASTRAL ===================== 

This is ASTRAL version 5.6.3
Gene trees are treated as unrooted
93 trees read from g_trees-raxml-sqlen-25-ngen-50.trees.tree
All output trees will be *arbitrarily* rooted at 2

======== Running the main analysis
Number of taxa: 25 (25 species)
Taxa: [2, 1, 3, 20, 24, 18, 14, 10, 17, 23, 16, 5, 13, 8, 12, 21, 11, 9, 7, 4, 25, 6, 22, 19, 15]
Taxon occupancy: {22=81, 23=73, 24=69, 25=77, 10=59, 11=73, 12=67, 13=61, 14=70, 15=80, 16=65, 17=74, 18=70, 19=78, 1=74, 2=77, 3=72, 4=76, 5=75, 6=80, 7=75, 8=67, 9=73, 20=70, 21=75}
Number of gene trees: 93
87 trees have missing taxa
Calculating quartet distance matrix (for completion of X)
Species tree distances calculated ...
Will attempt to complete bipartitions from X before adding using a distance matrix.
Building set of clusters (X) from gene trees 
------------------------------
gradient0: 713
Number of Clusters after addition by distance: 713
calculating extra bipartitions to be added at level 1 ...
Adding to X using resolutions of greedy consensus ...
Limit for sigma of degrees:675
polytomy size limit : 5
discarded polytomies:  [3, 4, 5]
Threshold 0.0:
Threshold 0.01:
Threshold 0.02:
Threshold 0.05:
Threshold 0.1:
Threshold 0.2:
Threshold 0.3333333333333333:
polytomy of size 3; rounds with additions with at least 5 support: 0; clusters: 713
polytomy of size 4; rounds with additions with at least 5 support: 0; clusters: 713
polytomy of size 5; rounds with additions with at least 5 support: 0; clusters: 713
max k is :0
Number of Clusters after addition by greedy: 713
gradient0 in heuristiic: 713
partitions formed in 0.279 secs
Dynamic Programming starting after 0.279 secs
Using tree-based weight calculation.
Using polytree-based weight calculation.
Polytree max score: 508362
Polytree building time: 0.023 seconds.
Number of quartet trees in the gene trees: 508362
Size of largest cluster: 25
Greedy score: 343423
estimationFactor: 1.4802794221703264
Sub-optimal score: 357129
Total Number of elements weighted: 1483
Normalized score (portion of input quartet trees satisfied before correcting for multiple individuals): 0.7600410730935829
Optimization score: 386376
Optimal tree inferred in 0.525 secs.
(25,(6,((21,(11,9)),((19,(22,15)),(12,((7,4),((3,(2,1)),(8,(((18,14),(20,24)),((16,13),((10,5),(17,23))))))))))));
Final quartet score is: 386376
Final normalized quartet score is: 0.7600410730935829
(2,(1,(3,((8,(((18,14)1:2.1382820417027686,(20,24)1:0.2962966005890798)1:1.0550908529630678,((16,13)1:0.639917398696348,((10,5)1:0.6078185315906447,(17,23)1:2.0372222589286193)1:0.5228648992177417)0.95:0.22904636130634426)0.87:0.1720006874829844)0.87:0.1828520004846407,((7,4)1:2.346901250987617,(12,((19,(22,15)1:0.34282460711406276)1:0.7760237248701561,((21,(11,9)1:1.3723081191451507)1:0.9474128223462845,(6,25)0.86:0.14862966227083538)1:0.36209067156042796)1:0.42520906555508814)0.9:0.17779339409495787)1:0.87055969879677)1:1.53780085088964)1:1.3582050963963197));
Weight calculation took 0.152275323 secs
ASTRAL finished in 2.489 secs
