
================== ASTRAL ===================== 

This is ASTRAL version 5.6.3
Gene trees are treated as unrooted
181 trees read from g_trees-raxml-sqlen-250-ngen-100.trees.tree
All output trees will be *arbitrarily* rooted at 8

======== Running the main analysis
Number of taxa: 25 (25 species)
Taxa: [8, 24, 20, 18, 14, 23, 17, 16, 13, 5, 10, 3, 2, 1, 4, 7, 12, 25, 9, 11, 21, 6, 19, 22, 15]
Taxon occupancy: {22=155, 23=157, 24=145, 25=153, 10=155, 11=152, 12=133, 13=144, 14=146, 15=157, 16=140, 17=157, 18=146, 19=154, 1=152, 2=152, 3=144, 4=161, 5=153, 6=152, 7=160, 8=153, 9=152, 20=150, 21=155}
Number of gene trees: 181
157 trees have missing taxa
Calculating quartet distance matrix (for completion of X)
Species tree distances calculated ...
Will attempt to complete bipartitions from X before adding using a distance matrix.
Building set of clusters (X) from gene trees 
------------------------------
gradient0: 321
Number of Clusters after addition by distance: 321
calculating extra bipartitions to be added at level 1 ...
Adding to X using resolutions of greedy consensus ...
Limit for sigma of degrees:675
polytomy size limit : 3
discarded polytomies:  []
Threshold 0.0:
Threshold 0.01:
Threshold 0.02:
Threshold 0.05:
Threshold 0.1:
Threshold 0.2:
Threshold 0.3333333333333333:
max k is :0
Number of Clusters after addition by greedy: 321
gradient0 in heuristiic: 321
partitions formed in 0.216 secs
Dynamic Programming starting after 0.216 secs
Using tree-based weight calculation.
Using polytree-based weight calculation.
Polytree max score: 1253612
Polytree building time: 0.036 seconds.
Number of quartet trees in the gene trees: 1253612
Size of largest cluster: 25
Greedy score: 1161845
estimationFactor: 1.0789838575713628
Sub-optimal score: 1161845
Total Number of elements weighted: 377
Normalized score (portion of input quartet trees satisfied before correcting for multiple individuals): 0.9267979247167385
Optimization score: 1161845
Optimal tree inferred in 0.381 secs.
(21,((9,11),(25,(6,((19,(22,15)),(12,((4,7),((3,(2,1)),(8,(((24,20),(18,14)),((16,13),((5,10),(23,17)))))))))))));
Final quartet score is: 1161845
Final normalized quartet score is: 0.9267979247167385
(8,((((24,20)1:1.8209586239203173,(18,14)1:3.479529224932064)1:3.467486705698081,((16,13)1:0.5614820553625647,((5,10)1:2.137041586521334,(23,17)1:3.1922995574315514)1:0.9282172517807968)1:0.7799573705455769)1:1.0290323904545855,((3,(2,1)1:2.3317842476863073)1:4.469732215092986,((4,7)1:3.9639827443588604,(12,((19,(22,15)1:0.9459247928175222)1:4.359959540645195,(6,(25,((9,11)1:2.14006616349627,21)1:4.571268634312408)0.99:0.195847483114154)1:1.9116595275852253)1:0.8669731313547046)0.97:0.1705245330026701)1:1.9559973505887134)1:1.116961427336306));
Weight calculation took 0.077963521 secs
ASTRAL finished in 1.771 secs
