
================== ASTRAL ===================== 

This is ASTRAL version 5.6.3
Gene trees are treated as unrooted
50 trees read from g_trees-raxml-sqlen-0-ngen-50-s2g.trees
All output trees will be *arbitrarily* rooted at 14

======== Running the main analysis
Number of taxa: 76 (25 species)
Taxa: {22=[22_3, 22_2, 22_1], 23=[23_2, 23_1], 24=[24_2, 24_1], 25=[25_3, 25_2, 25_1], 10=[10_2, 10_1], 11=[11_3, 11_2, 11_1], 12=[12_3, 12_2, 12_1], 13=[13_2, 13_1], 14=[14_3, 14_2, 14_1, 14_4], 15=[15_2, 15_1], 16=[16_1, 16_2], 17=[17_3, 17_2, 17_1], 18=[18_4, 18_3, 18_2, 18_1], 19=[19_2, 19_1], 1=[1_1, 1_2, 1_3, 1_4], 2=[2_1, 2_2, 2_3, 2_4], 3=[3_1, 3_2, 3_3, 3_4], 4=[4_1, 4_2, 4_3], 5=[5_1, 5_2, 5_3, 5_4, 5_5], 6=[6_1, 6_2, 6_3], 7=[7_1, 7_2, 7_3], 8=[8_1, 8_2, 8_3], 9=[9_1, 9_2, 9_3], 20=[20_3, 20_2, 20_1], 21=[21_4, 21_3, 21_2, 21_1]}
Taxon occupancy: {16_1=34, 14_3=2, 14_2=7, 14_1=39, 12_3=2, 12_2=13, 12_1=40, 10_2=6, 10_1=39, 18_4=1, 18_3=2, 18_2=5, 18_1=40, 16_2=7, 14_4=1, 25_3=3, 25_2=8, 25_1=41, 1_1=35, 23_2=8, 21_4=1, 23_1=41, 1_2=7, 21_3=1, 3_1=39, 21_2=7, 1_3=1, 21_1=41, 3_2=7, 1_4=1, 5_1=39, 3_3=2, 5_2=6, 3_4=1, 7_1=40, 5_3=3, 7_2=10, 5_4=2, 9_1=39, 7_3=1, 5_5=1, 9_2=11, 9_3=2, 15_2=11, 15_1=39, 13_2=7, 13_1=34, 11_3=2, 11_2=9, 11_1=40, 19_2=8, 19_1=40, 17_3=2, 17_2=9, 17_1=35, 24_2=8, 24_1=40, 22_3=1, 2_1=37, 22_2=7, 22_1=41, 20_3=1, 2_2=8, 4_1=38, 20_2=7, 2_3=1, 20_1=39, 4_2=7, 2_4=1, 6_1=40, 4_3=1, 6_2=13, 8_1=38, 6_3=2, 8_2=4, 8_3=1}
Number of gene trees: 50
50 trees have missing taxa
Calculating quartet distance matrix (for completion of X)
Species tree distances calculated ...
Will attempt to complete bipartitions from X before adding using a distance matrix.
Building set of clusters (X) from gene trees 
In second round sampling 3 rounds will be done
------------------------------
gradient0: 153
------------------------------
gradient1: 20
------------------------------
gradient2: 16
Number of Clusters after addition by distance: 189
calculating extra bipartitions to be added at level 1 ...
Adding to X using resolutions of greedy consensus ...
Limit for sigma of degrees:675
polytomy size limit : 3
discarded polytomies:  []
Threshold 0.0:
Threshold 0.01:
Threshold 0.02:
Threshold 0.05:
Threshold 0.1:
Threshold 0.2:
Threshold 0.3333333333333333:
max k is :0
Number of Clusters after addition by greedy: 189
gradient0 in heuristiic: 189
calculating extra bipartitions to be added at level 1 ...
Adding to X using resolutions of greedy consensus ...
Limit for sigma of degrees:675
polytomy size limit : 3
discarded polytomies:  []
Threshold 0.0:
Threshold 0.01:
Threshold 0.02:
Threshold 0.05:
Threshold 0.1:
Threshold 0.2:
Threshold 0.3333333333333333:
max k is :0
Number of Clusters after addition by greedy: 189
gradient1 in heuristiic: 0
calculating extra bipartitions to be added at level 1 ...
Adding to X using resolutions of greedy consensus ...
Limit for sigma of degrees:675
polytomy size limit : 3
discarded polytomies:  []
Threshold 0.0:
Threshold 0.01:
Threshold 0.02:
Threshold 0.05:
Threshold 0.1:
Threshold 0.2:
Threshold 0.3333333333333333:
max k is :0
Number of Clusters after addition by greedy: 189
gradient2 in heuristiic: 0
partitions formed in 3.842 secs
Dynamic Programming starting after 3.842 secs
Using tree-based weight calculation.
Using polytree-based weight calculation.
Polytree max score: 1066449
Polytree building time: 0.019 seconds.
Number of quartet trees in the gene trees: 1064477
Size of largest cluster: 76
Greedy score: 835601
estimationFactor: 1.2762658254358241
Sub-optimal score: 861071
Total Number of elements weighted: 238
Normalized score (portion of input quartet trees satisfied before correcting for multiple individuals): 0.81574989407944
Optimization score: 868347
Optimal tree inferred in 3.932 secs.
(23,(24,(20,((21,(25,22)),(19,((11,((7,9),((10,15),(12,6)))),((18,(5,(14,3))),(8,(4,((1,17),(2,(16,13))))))))))));
Final quartet score is: 903089
Final normalized quartet score is: 0.848387518001798
You may want to ignore posterior probabilities and other statistics related to the following branch branch because the effective number of genes impacting it is only 4:
	{14}
You may want to ignore posterior probabilities and other statistics related to the following branch branch because the effective number of genes impacting it is only 4:
	{3}
You may want to ignore posterior probabilities and other statistics related to the following branch branch because the effective number of genes impacting it is only 3:
	{5}
You may want to ignore posterior probabilities and other statistics related to the following branch branch because the effective number of genes impacting it is only 3:
	{18}
You may want to ignore posterior probabilities and other statistics related to the following branch branch because the effective number of genes impacting it is only 3:
	{8}
You may want to ignore posterior probabilities and other statistics related to the following branch branch because the effective number of genes impacting it is only 5:
	{4}
You may want to ignore posterior probabilities and other statistics related to the following branch branch because the effective number of genes impacting it is only 4:
	{1}
You may want to ignore posterior probabilities and other statistics related to the following branch branch because the effective number of genes impacting it is only 6:
	{17}
You may want to ignore posterior probabilities and other statistics related to the following branch branch because the effective number of genes impacting it is only 4:
	{2}
You may want to ignore posterior probabilities and other statistics related to the following branch branch because the effective number of genes impacting it is only 7:
	{16}
You may want to ignore posterior probabilities and other statistics related to the following branch branch because the effective number of genes impacting it is only 7:
	{13}
You may want to ignore posterior probabilities and other statistics related to the following branch branch because the effective number of genes impacting it is only 6:
	{11}
You may want to ignore posterior probabilities and other statistics related to the following branch branch because the effective number of genes impacting it is only 7:
	{7}
You may want to ignore posterior probabilities and other statistics related to the following branch branch because the effective number of genes impacting it is only 8:
	{9}
You may want to ignore posterior probabilities and other statistics related to the following branch branch because the effective number of genes impacting it is only 6:
	{10}
You may want to ignore posterior probabilities and other statistics related to the following branch branch because the effective number of genes impacting it is only 11:
	{15}
You may want to ignore posterior probabilities and other statistics related to the following branch branch because the effective number of genes impacting it is only 9:
	{12}
You may want to ignore posterior probabilities and other statistics related to the following branch branch because the effective number of genes impacting it is only 9:
	{6}
You may want to ignore posterior probabilities and other statistics related to the following branch branch because the effective number of genes impacting it is only 8:
	{19}
You may want to ignore posterior probabilities and other statistics related to the following branch branch because the effective number of genes impacting it is only 4:
	{21}
You may want to ignore posterior probabilities and other statistics related to the following branch branch because the effective number of genes impacting it is only 6:
	{25}
You may want to ignore posterior probabilities and other statistics related to the following branch branch because the effective number of genes impacting it is only 5:
	{22}
You may want to ignore posterior probabilities and other statistics related to the following branch branch because the effective number of genes impacting it is only 5:
	{20}
You may want to ignore posterior probabilities and other statistics related to the following branch branch because the effective number of genes impacting it is only 8:
	{24}
You may want to ignore posterior probabilities and other statistics related to the following branch branch because the effective number of genes impacting it is only 8:
	{23}
((14_3,14_2,14_1,14_4)0.13:0.0,((3_1,3_2,3_3,3_4)0.13:0.0,((5_1,5_2,5_3,5_4,5_5)0.44:0.0017021280705305296,((18_4,18_3,18_2,18_1)0.3:0.0,(((8_1,8_2,8_3)0.18:0.0,((4_1,4_2,4_3)0.21:0.0,(((1_1,1_2,1_3,1_4)0.14:0.0,(17_3,17_2,17_1)0.1:0.0)1:1.624705384564889,((2_1,2_2,2_3,2_4)0.23:0.0,((16_1,16_2)0.07:0.0,(13_2,13_1)0.07:0.0)1:1.6458055566049754)1:1.6739764335716716)1:1.7635885922613583)1:1.8541949401688465)1:2.0884913771997526,(((11_3,11_2,11_1)0.19:0.0,(((7_1,7_2,7_3)0.09:0.0,(9_1,9_2,9_3)0.15:0.0)1:1.578666253767347,(((10_2,10_1)0.08:0.0,(15_2,15_1)0.08:0.0)1:1.5533484457830564,((12_3,12_2,12_1)0.11:0.0,(6_1,6_2,6_3)0.11:0.0)1:1.766441661243765)1:1.6007042324653453)1:1.6806654217224675)1:2.92673940206704,((19_2,19_1)0.22:0.0,(((21_4,21_3,21_2,21_1)0.26:0.0,((25_3,25_2,25_1)0.22:0.0,(22_3,22_2,22_1)0.1:0.0)1:1.8833266627535448)1:1.8393004139970544,((20_3,20_2,20_1)0.21:0.0,((24_2,24_1)0.06:0.0,(23_2,23_1)0.12:0.0)1:1.8191584434161694)1:1.7013754077597862)1:1.7431263032534654)1:2.8526314299133184)1:2.8526314299133184)1:2.250002687171604)1:2.0483509546098055)1:2.1145052755862497));
Weight calculation took 0.05554967 secs
ASTRAL finished in 4.068 secs
