
================== ASTRAL ===================== 

This is ASTRAL version 5.6.3
Gene trees are treated as unrooted
500 trees read from g_trees-raxml-sqlen-50-ngen-500-s2g.trees
All output trees will be *arbitrarily* rooted at 10

======== Running the main analysis
Number of taxa: 127 (25 species)
Taxa: {22=[22_5, 22_4, 22_3, 22_2, 22_1], 23=[23_5, 23_4, 23_3, 23_2, 23_1, 23_6], 24=[24_4, 24_3, 24_2, 24_1, 24_6, 24_5], 25=[25_3, 25_2, 25_1, 25_5, 25_4], 10=[10_7, 10_6, 10_5, 10_4, 10_3, 10_2, 10_1], 11=[11_6, 11_5, 11_4, 11_3, 11_2, 11_1], 12=[12_4, 12_3, 12_2, 12_1], 13=[13_4, 13_3, 13_2, 13_1], 14=[14_3, 14_2, 14_1, 14_5, 14_4], 15=[15_2, 15_1, 15_6, 15_5, 15_4, 15_3], 16=[16_1, 16_4, 16_3, 16_2], 17=[17_6, 17_5, 17_4, 17_3, 17_2, 17_1], 18=[18_4, 18_3, 18_2, 18_1], 19=[19_4, 19_3, 19_2, 19_1], 1=[1_1, 1_2, 1_3, 1_4, 1_5], 2=[2_1, 2_2, 2_3, 2_4], 3=[3_1, 3_2, 3_3, 3_4, 3_5], 4=[4_1, 4_2, 4_3, 4_4, 4_5, 4_6, 4_7], 5=[5_1, 5_2, 5_3, 5_4, 5_5], 6=[6_1, 6_2, 6_3, 6_4], 7=[7_1, 7_2, 7_3, 7_4], 8=[8_1, 8_2, 8_3, 8_4, 8_5], 9=[9_1, 9_2, 9_3, 9_4, 9_5], 20=[20_6, 20_5, 20_4, 20_3, 20_2, 20_1], 21=[21_5, 21_4, 21_3, 21_2, 21_1]}
Taxon occupancy: {14_3=22, 10_7=1, 14_2=93, 10_6=1, 14_1=366, 10_5=2, 10_4=6, 10_3=19, 10_2=102, 10_1=367, 18_4=3, 18_3=21, 18_2=93, 18_1=373, 14_5=1, 14_4=5, 25_3=20, 25_2=107, 25_1=395, 21_5=2, 21_4=5, 21_3=13, 3_1=366, 21_2=107, 21_1=391, 3_2=95, 3_3=22, 3_4=5, 7_1=366, 3_5=1, 7_2=105, 7_3=27, 7_4=4, 25_5=2, 25_4=6, 13_4=4, 13_3=26, 13_2=92, 13_1=356, 17_6=1, 17_5=1, 17_4=5, 17_3=27, 17_2=92, 17_1=354, 24_4=6, 24_3=15, 24_2=100, 20_6=1, 24_1=384, 20_5=2, 2_1=357, 20_4=3, 20_3=19, 2_2=93, 20_2=104, 2_3=24, 20_1=389, 2_4=5, 6_1=368, 6_2=110, 6_3=29, 6_4=7, 24_6=1, 24_5=3, 16_1=360, 12_4=9, 12_3=29, 12_2=109, 12_1=371, 16_4=3, 16_3=25, 16_2=90, 23_5=3, 23_4=5, 23_3=19, 1_1=357, 23_2=98, 23_1=384, 1_2=101, 1_3=22, 1_4=7, 5_1=357, 1_5=1, 5_2=88, 5_3=26, 5_4=7, 9_1=362, 5_5=1, 9_2=103, 9_3=29, 9_4=6, 9_5=2, 23_6=1, 15_2=112, 11_6=1, 15_1=371, 11_5=4, 11_4=11, 11_3=37, 11_2=111, 11_1=373, 19_4=6, 19_3=23, 19_2=101, 15_6=1, 19_1=388, 15_5=2, 15_4=8, 15_3=20, 22_5=1, 22_4=7, 22_3=21, 22_2=102, 22_1=398, 4_1=364, 4_2=96, 4_3=23, 4_4=7, 8_1=362, 4_5=2, 8_2=80, 4_6=1, 8_3=19, 4_7=1, 8_4=5, 8_5=2}
Number of gene trees: 500
500 trees have missing taxa
Calculating quartet distance matrix (for completion of X)
Species tree distances calculated ...
Will attempt to complete bipartitions from X before adding using a distance matrix.
Building set of clusters (X) from gene trees 
In second round sampling 4 rounds will be done
------------------------------
gradient0: 615
------------------------------
gradient1: 266
------------------------------
gradient2: 146
------------------------------
gradient3: 80
Number of Clusters after addition by distance: 1107
calculating extra bipartitions to be added at level 1 ...
Adding to X using resolutions of greedy consensus ...
Limit for sigma of degrees:675
polytomy size limit : 5
discarded polytomies:  [5]
Threshold 0.0:
Threshold 0.01:
Threshold 0.02:
Threshold 0.05:
Threshold 0.1:
Threshold 0.2:
Threshold 0.3333333333333333:
polytomy of size 5; rounds with additions with at least 5 support: 0; clusters: 1107
max k is :0
Number of Clusters after addition by greedy: 1107
gradient0 in heuristiic: 1107
calculating extra bipartitions to be added at level 1 ...
Adding to X using resolutions of greedy consensus ...
Limit for sigma of degrees:675
polytomy size limit : 3
discarded polytomies:  [3, 3]
Threshold 0.0:
Threshold 0.01:
Threshold 0.02:
Threshold 0.05:
Threshold 0.1:
Threshold 0.2:
polytomy of size 3; rounds with additions with at least 5 support: 0; clusters: 1107
Threshold 0.3333333333333333:
polytomy of size 3; rounds with additions with at least 5 support: 0; clusters: 1107
max k is :0
Number of Clusters after addition by greedy: 1107
gradient1 in heuristiic: 0
calculating extra bipartitions to be added at level 1 ...
Adding to X using resolutions of greedy consensus ...
Limit for sigma of degrees:675
polytomy size limit : 3
discarded polytomies:  []
Threshold 0.0:
Threshold 0.01:
Threshold 0.02:
Threshold 0.05:
Threshold 0.1:
Threshold 0.2:
Threshold 0.3333333333333333:
max k is :0
Number of Clusters after addition by greedy: 1107
gradient2 in heuristiic: 0
calculating extra bipartitions to be added at level 1 ...
Adding to X using resolutions of greedy consensus ...
Limit for sigma of degrees:675
polytomy size limit : 3
discarded polytomies:  [3, 3, 3]
Threshold 0.0:
Threshold 0.01:
Threshold 0.02:
Threshold 0.05:
Threshold 0.1:
Threshold 0.2:
Threshold 0.3333333333333333:
polytomy of size 3; rounds with additions with at least 5 support: 0; clusters: 1107
polytomy of size 3; rounds with additions with at least 5 support: 0; clusters: 1107
polytomy of size 3; rounds with additions with at least 5 support: 0; clusters: 1107
max k is :0
Number of Clusters after addition by greedy: 1107
gradient3 in heuristiic: 0
partitions formed in 40.446 secs
Dynamic Programming starting after 40.446 secs
Using tree-based weight calculation.
Using polytree-based weight calculation.
Polytree max score: 16331968
Polytree building time: 0.049 seconds.
Number of quartet trees in the gene trees: 16279966
Size of largest cluster: 127
Greedy score: 9499824
estimationFactor: 1.7191863765055015
Sub-optimal score: 10216344
Total Number of elements weighted: 3949
Normalized score (portion of input quartet trees satisfied before correcting for multiple individuals): 0.6335457948745101
Optimization score: 10314104
Optimal tree inferred in 42.297 secs.
(18,((5,(14,3)),(((2,(13,16)),((17,1),(4,8))),(((11,(7,9)),((6,12),(10,15))),(19,((21,(25,22)),(20,(24,23))))))));
Final quartet score is: 10899862
Final normalized quartet score is: 0.6695260911478562
((10_7,10_6,10_5,10_4,10_3,10_2,10_1)0.03:0.0,((15_2,15_1,15_6,15_5,15_4,15_3)0.02:0.0,(((6_1,6_2,6_3,6_4)0.01:0.0,(12_4,12_3,12_2,12_1)0.03:0.0)1:0.8894957187433872,(((11_6,11_5,11_4,11_3,11_2,11_1)0.56:0.0641696812492925,((7_1,7_2,7_3,7_4)0.03:0.0,(9_1,9_2,9_3,9_4,9_5)0.04:0.0)1:0.7224646212441921)0.45:0.013588930728141407,(((19_4,19_3,19_2,19_1)0.27:0.0,(((21_5,21_4,21_3,21_2,21_1)0.08:0.0,((25_3,25_2,25_1,25_5,25_4)0.05:0.0,(22_5,22_4,22_3,22_2,22_1)0.05:0.0)1:0.49676244029035)1:0.3788485362490559,((20_6,20_5,20_4,20_3,20_2,20_1)0.22:0.0,((24_4,24_3,24_2,24_1,24_6,24_5)0.02:0.0,(23_5,23_4,23_3,23_2,23_1,23_6)0.02:0.0)1:1.08135790393429)1:0.21610474199194027)0.99:0.11356192917193203)1:2.068038559356224,((((2_1,2_2,2_3,2_4)0.15:0.0,((13_4,13_3,13_2,13_1)0.01:0.0,(16_1,16_4,16_3,16_2)0.01:0.0)1:1.2194623441978303)1:0.352617254769965,(((17_6,17_5,17_4,17_3,17_2,17_1)0.08:0.0,(1_1,1_2,1_3,1_4,1_5)0.06:0.0)1:0.7173340594026801,((4_1,4_2,4_3,4_4,4_5,4_6,4_7)0.28:0.0,(8_1,8_2,8_3,8_4,8_5)0.12:0.0)0.42:0.010152006348138037)0.37:0.02035850954895617)1:0.7453055685004765,(((5_1,5_2,5_3,5_4,5_5)0.27:0.0,((14_3,14_2,14_1,14_5,14_4)0.01:0.0,(3_1,3_2,3_3,3_4,3_5)0.01:0.0)1:1.6964963373251942)1:0.3440860777641683,(18_4,18_3,18_2,18_1)0.59:0.07088178067229081)1:0.6098903878557385)1:0.7688984271245213)1:1.1947594221612308)1:0.16546457741083498)1:0.9682383461783427));
Weight calculation took 2.034894335 secs
ASTRAL finished in 42.988 secs
