
================== ASTRAL ===================== 

This is ASTRAL version 5.6.3
Gene trees are treated as unrooted
100 trees read from g_trees-raxml-sqlen-50-ngen-100-s2g.trees
All output trees will be *arbitrarily* rooted at 14

======== Running the main analysis
Number of taxa: 99 (25 species)
Taxa: {22=[22_4, 22_3, 22_2, 22_1], 23=[23_5, 23_4, 23_3, 23_2, 23_1], 24=[24_4, 24_3, 24_2, 24_1, 24_5], 25=[25_3, 25_2, 25_1, 25_4], 10=[10_3, 10_2, 10_1], 11=[11_4, 11_3, 11_2, 11_1], 12=[12_3, 12_2, 12_1], 13=[13_4, 13_3, 13_2, 13_1], 14=[14_3, 14_2, 14_1, 14_4], 15=[15_2, 15_1, 15_3], 16=[16_1, 16_4, 16_3, 16_2], 17=[17_3, 17_2, 17_1], 18=[18_4, 18_3, 18_2, 18_1], 19=[19_4, 19_3, 19_2, 19_1], 1=[1_1, 1_2, 1_3, 1_4], 2=[2_1, 2_2, 2_3, 2_4], 3=[3_1, 3_2, 3_3, 3_4], 4=[4_1, 4_2, 4_3, 4_4, 4_5, 4_6, 4_7], 5=[5_1, 5_2, 5_3, 5_4, 5_5], 6=[6_1, 6_2, 6_3], 7=[7_1, 7_2, 7_3], 8=[8_1, 8_2, 8_3, 8_4, 8_5], 9=[9_1, 9_2, 9_3], 20=[20_3, 20_2, 20_1], 21=[21_4, 21_3, 21_2, 21_1]}
Taxon occupancy: {14_3=2, 14_2=14, 14_1=72, 10_3=1, 10_2=13, 10_1=76, 18_4=1, 18_3=2, 18_2=15, 18_1=77, 14_4=1, 25_3=6, 25_2=21, 25_1=81, 21_4=1, 21_3=3, 3_1=72, 21_2=20, 21_1=80, 3_2=14, 3_3=2, 3_4=1, 7_1=76, 7_2=17, 7_3=2, 25_4=1, 13_4=1, 13_3=1, 13_2=15, 13_1=72, 17_3=4, 17_2=20, 17_1=69, 24_4=1, 24_3=2, 24_2=19, 24_1=80, 2_1=73, 20_3=4, 2_2=16, 20_2=20, 2_3=3, 20_1=80, 2_4=2, 6_1=73, 6_2=23, 6_3=4, 24_5=1, 16_1=72, 12_3=3, 12_2=22, 12_1=75, 16_4=1, 16_3=1, 16_2=15, 23_5=1, 23_4=1, 23_3=2, 1_1=71, 23_2=19, 23_1=81, 1_2=19, 1_3=4, 1_4=1, 5_1=77, 5_2=13, 5_3=3, 5_4=2, 9_1=72, 5_5=1, 9_2=20, 9_3=4, 15_2=20, 15_1=77, 11_4=1, 11_3=4, 11_2=19, 11_1=76, 19_4=1, 19_3=3, 19_2=20, 19_1=80, 15_3=1, 22_4=1, 22_3=4, 22_2=18, 22_1=81, 4_1=74, 4_2=19, 4_3=3, 4_4=1, 8_1=73, 4_5=1, 8_2=14, 4_6=1, 8_3=3, 4_7=1, 8_4=1, 8_5=1}
Number of gene trees: 100
100 trees have missing taxa
Calculating quartet distance matrix (for completion of X)
Species tree distances calculated ...
Will attempt to complete bipartitions from X before adding using a distance matrix.
Building set of clusters (X) from gene trees 
In second round sampling 3 rounds will be done
------------------------------
gradient0: 477
------------------------------
gradient1: 106
------------------------------
gradient2: 94
Number of Clusters after addition by distance: 677
calculating extra bipartitions to be added at level 1 ...
Adding to X using resolutions of greedy consensus ...
Limit for sigma of degrees:675
polytomy size limit : 3
discarded polytomies:  []
Threshold 0.0:
Threshold 0.01:
Threshold 0.02:
Threshold 0.05:
Threshold 0.1:
Threshold 0.2:
Threshold 0.3333333333333333:
max k is :0
Number of Clusters after addition by greedy: 677
gradient0 in heuristiic: 677
calculating extra bipartitions to be added at level 1 ...
Adding to X using resolutions of greedy consensus ...
Limit for sigma of degrees:675
polytomy size limit : 3
discarded polytomies:  [3]
Threshold 0.0:
Threshold 0.01:
Threshold 0.02:
Threshold 0.05:
Threshold 0.1:
Threshold 0.2:
Threshold 0.3333333333333333:
polytomy of size 3; rounds with additions with at least 5 support: 0; clusters: 677
max k is :0
Number of Clusters after addition by greedy: 677
gradient1 in heuristiic: 0
calculating extra bipartitions to be added at level 1 ...
Adding to X using resolutions of greedy consensus ...
Limit for sigma of degrees:675
polytomy size limit : 3
discarded polytomies:  [3]
Threshold 0.0:
Threshold 0.01:
Threshold 0.02:
Threshold 0.05:
Threshold 0.1:
Threshold 0.2:
Threshold 0.3333333333333333:
polytomy of size 3; rounds with additions with at least 5 support: 0; clusters: 677
max k is :0
Number of Clusters after addition by greedy: 677
gradient2 in heuristiic: 0
partitions formed in 6.583 secs
Dynamic Programming starting after 6.584 secs
Using tree-based weight calculation.
Using polytree-based weight calculation.
Polytree max score: 2324370
Polytree building time: 0.022 seconds.
Number of quartet trees in the gene trees: 2317716
Size of largest cluster: 99
Greedy score: 1357147
estimationFactor: 1.7126884560036606
Sub-optimal score: 1520731
Total Number of elements weighted: 1865
Normalized score (portion of input quartet trees satisfied before correcting for multiple individuals): 0.6629669036240851
Optimization score: 1536569
Optimal tree inferred in 6.863 secs.
(17,(1,(((4,8),(2,(13,16))),((18,(5,(14,3))),(((11,(7,9)),((10,15),(6,12))),(19,((21,(25,22)),(20,(24,23)))))))));
Final quartet score is: 1613435
Final normalized quartet score is: 0.6961314501000122
You may want to ignore posterior probabilities and other statistics related to the following branch branch because the effective number of genes impacting it is only 7:
	{14}
You may want to ignore posterior probabilities and other statistics related to the following branch branch because the effective number of genes impacting it is only 7:
	{3}
You may want to ignore posterior probabilities and other statistics related to the following branch branch because the effective number of genes impacting it is only 6:
	{5}
You may want to ignore posterior probabilities and other statistics related to the following branch branch because the effective number of genes impacting it is only 8:
	{18}
You may want to ignore posterior probabilities and other statistics related to the following branch branch because the effective number of genes impacting it is only 10:
	{11}
You may want to ignore posterior probabilities and other statistics related to the following branch branch because the effective number of genes impacting it is only 12:
	{7}
You may want to ignore posterior probabilities and other statistics related to the following branch branch because the effective number of genes impacting it is only 14:
	{9}
You may want to ignore posterior probabilities and other statistics related to the following branch branch because the effective number of genes impacting it is only 9:
	{10}
You may want to ignore posterior probabilities and other statistics related to the following branch branch because the effective number of genes impacting it is only 13:
	{15}
You may want to ignore posterior probabilities and other statistics related to the following branch branch because the effective number of genes impacting it is only 16:
	{6}
You may want to ignore posterior probabilities and other statistics related to the following branch branch because the effective number of genes impacting it is only 15:
	{12}
You may want to ignore posterior probabilities and other statistics related to the following branch branch because the effective number of genes impacting it is only 9:
	{19}
You may want to ignore posterior probabilities and other statistics related to the following branch branch because the effective number of genes impacting it is only 11:
	{21}
You may want to ignore posterior probabilities and other statistics related to the following branch branch because the effective number of genes impacting it is only 12:
	{25}
You may want to ignore posterior probabilities and other statistics related to the following branch branch because the effective number of genes impacting it is only 10:
	{22}
You may want to ignore posterior probabilities and other statistics related to the following branch branch because the effective number of genes impacting it is only 13:
	{20}
You may want to ignore posterior probabilities and other statistics related to the following branch branch because the effective number of genes impacting it is only 8:
	{24}
You may want to ignore posterior probabilities and other statistics related to the following branch branch because the effective number of genes impacting it is only 8:
	{23}
You may want to ignore posterior probabilities and other statistics related to the following branch branch because the effective number of genes impacting it is only 6:
	{4}
You may want to ignore posterior probabilities and other statistics related to the following branch branch because the effective number of genes impacting it is only 6:
	{8}
You may want to ignore posterior probabilities and other statistics related to the following branch branch because the effective number of genes impacting it is only 9:
	{2}
You may want to ignore posterior probabilities and other statistics related to the following branch branch because the effective number of genes impacting it is only 8:
	{13}
You may want to ignore posterior probabilities and other statistics related to the following branch branch because the effective number of genes impacting it is only 8:
	{16}
You may want to ignore posterior probabilities and other statistics related to the following branch branch because the effective number of genes impacting it is only 10:
	{1}
You may want to ignore posterior probabilities and other statistics related to the following branch branch because the effective number of genes impacting it is only 14:
	{17}
((14_3,14_2,14_1,14_4)0.08:0.0,((3_1,3_2,3_3,3_4)0.08:0.0,((5_1,5_2,5_3,5_4,5_5)0.22:0.0,((18_4,18_3,18_2,18_1)0.6:0.14825762214070642,(((((11_4,11_3,11_2,11_1)0.41:0.013310456177608317,((7_1,7_2,7_3)0.12:0.0,(9_1,9_2,9_3)0.16:0.0)1:0.5708844789065463)0.33:0.0,(((10_3,10_2,10_1)0.17:0.0,(15_2,15_1,15_3)0.05:0.0)1:1.1976643331691215,((6_1,6_2,6_3)0.11:0.0,(12_3,12_2,12_1)0.11:0.0)1:1.0373022987973555)0.87:0.1466392390409303)1:1.199808608936164,((19_4,19_3,19_2,19_1)0.46:0.04804759482445882,(((21_4,21_3,21_2,21_1)0.22:0.0,((25_3,25_2,25_1,25_4)0.17:0.0,(22_4,22_3,22_2,22_1)0.11:0.0)1:0.42465743130778366)1:0.36231145629398026,((20_3,20_2,20_1)0.25:0.0,((24_4,24_3,24_2,24_1,24_5)0.14:0.0,(23_5,23_4,23_3,23_2,23_1)0.07:0.0)1:1.0471894634616878)0.97:0.20679946141566505)0.69:0.08378577140954435)1:1.4701709393041484)1:0.7495180894372896,((((4_1,4_2,4_3,4_4,4_5,4_6,4_7)0.31:0.0,(8_1,8_2,8_3,8_4,8_5)0.15:0.0)0.55:0.0546353435552436,((2_1,2_2,2_3,2_4)0.18:0.0,((13_4,13_3,13_2,13_1)0.08:0.0,(16_1,16_4,16_3,16_2)0.07:0.0)1:1.2663384958763948)0.96:0.20522979240258127)0.24:0.0,((1_1,1_2,1_3,1_4)0.12:0.0,(17_3,17_2,17_1)0.11:0.0)1:0.8072593508133733)1:0.9041183255617623)1:0.4271380871439796)1:0.49218329939512506)1:1.887273594041931));
Weight calculation took 0.23804572 secs
ASTRAL finished in 7.02 secs
