
================== ASTRAL ===================== 

This is ASTRAL version 5.6.3
Gene trees are treated as unrooted
25 trees read from g_trees-raxml-sqlen-250-ngen-25-s2g.trees
All output trees will be *arbitrarily* rooted at 14

======== Running the main analysis
Number of taxa: 66 (25 species)
Taxa: {22=[22_3, 22_2, 22_1], 23=[23_2, 23_1], 24=[24_2, 24_1], 25=[25_3, 25_2, 25_1], 10=[10_2, 10_1], 11=[11_3, 11_2, 11_1], 12=[12_3, 12_2, 12_1], 13=[13_2, 13_1], 14=[14_3, 14_2, 14_1, 14_4], 15=[15_2, 15_1], 16=[16_1, 16_2], 17=[17_2, 17_1], 18=[18_3, 18_2, 18_1], 19=[19_2, 19_1], 1=[1_1, 1_2], 2=[2_1, 2_2], 3=[3_1, 3_2, 3_3, 3_4], 4=[4_1, 4_2], 5=[5_1, 5_2, 5_3, 5_4], 6=[6_1, 6_2, 6_3], 7=[7_1, 7_2], 8=[8_1, 8_2], 9=[9_1, 9_2, 9_3], 20=[20_3, 20_2, 20_1], 21=[21_4, 21_3, 21_2, 21_1]}
Taxon occupancy: {16_1=19, 14_3=1, 14_2=2, 14_1=21, 12_3=2, 12_2=9, 12_1=20, 10_2=4, 10_1=19, 18_3=1, 18_2=3, 18_1=21, 16_2=1, 14_4=1, 25_3=3, 25_2=4, 25_1=21, 1_1=19, 23_2=5, 21_4=1, 23_1=22, 1_2=1, 21_3=1, 3_1=21, 21_2=5, 21_1=21, 3_2=2, 5_1=20, 3_3=1, 5_2=2, 3_4=1, 7_1=21, 5_3=2, 7_2=6, 5_4=1, 9_1=20, 9_2=6, 9_3=2, 15_2=7, 15_1=19, 13_2=1, 13_1=19, 11_3=2, 11_2=4, 11_1=20, 19_2=6, 19_1=21, 17_2=2, 17_1=18, 24_2=5, 24_1=22, 22_3=1, 2_1=19, 22_2=4, 22_1=22, 20_3=1, 2_2=1, 4_1=20, 20_2=5, 20_1=22, 4_2=2, 6_1=20, 6_2=9, 8_1=21, 6_3=2, 8_2=1}
Number of gene trees: 25
25 trees have missing taxa
Calculating quartet distance matrix (for completion of X)
Species tree distances calculated ...
Will attempt to complete bipartitions from X before adding using a distance matrix.
Building set of clusters (X) from gene trees 
In second round sampling 3 rounds will be done
------------------------------
gradient0: 167
------------------------------
gradient1: 20
------------------------------
gradient2: 8
Number of Clusters after addition by distance: 195
calculating extra bipartitions to be added at level 1 ...
Adding to X using resolutions of greedy consensus ...
Limit for sigma of degrees:675
polytomy size limit : 3
discarded polytomies:  []
Threshold 0.0:
Threshold 0.01:
Threshold 0.02:
Threshold 0.05:
Threshold 0.1:
Threshold 0.2:
Threshold 0.3333333333333333:
max k is :0
Number of Clusters after addition by greedy: 195
gradient0 in heuristiic: 195
calculating extra bipartitions to be added at level 1 ...
Adding to X using resolutions of greedy consensus ...
Limit for sigma of degrees:675
polytomy size limit : 3
discarded polytomies:  []
Threshold 0.0:
Threshold 0.01:
Threshold 0.02:
Threshold 0.05:
Threshold 0.1:
Threshold 0.2:
Threshold 0.3333333333333333:
max k is :0
Number of Clusters after addition by greedy: 195
gradient1 in heuristiic: 0
calculating extra bipartitions to be added at level 1 ...
Adding to X using resolutions of greedy consensus ...
Limit for sigma of degrees:675
polytomy size limit : 3
discarded polytomies:  []
Threshold 0.0:
Threshold 0.01:
Threshold 0.02:
Threshold 0.05:
Threshold 0.1:
Threshold 0.2:
Threshold 0.3333333333333333:
max k is :0
Number of Clusters after addition by greedy: 195
gradient2 in heuristiic: 0
partitions formed in 2.033 secs
Dynamic Programming starting after 2.034 secs
Using tree-based weight calculation.
Using polytree-based weight calculation.
Polytree max score: 607934
Polytree building time: 0.008 seconds.
Number of quartet trees in the gene trees: 606889
Size of largest cluster: 66
Greedy score: 471896
estimationFactor: 1.288279620933426
Sub-optimal score: 479814
Total Number of elements weighted: 251
Normalized score (portion of input quartet trees satisfied before correcting for multiple individuals): 0.7921679252713428
Optimization score: 480758
Optimal tree inferred in 2.077 secs.
(1,(17,((2,(16,13)),(8,(4,((18,(5,(14,3))),(((7,9),(11,((10,15),(12,6)))),(19,((20,(23,24)),(21,(25,22)))))))))));
Final quartet score is: 501092
Final normalized quartet score is: 0.8256732285475598
You may want to ignore posterior probabilities and other statistics related to the following branch branch because the effective number of genes impacting it is only 1:
	{14}
You may want to ignore posterior probabilities and other statistics related to the following branch branch because the effective number of genes impacting it is only 1:
	{3}
You may want to ignore posterior probabilities and other statistics related to the following branch branch because the effective number of genes impacting it is only 1:
	{5}
You may want to ignore posterior probabilities and other statistics related to the following branch branch because the effective number of genes impacting it is only 2:
	{18}
You may want to ignore posterior probabilities and other statistics related to the following branch branch because the effective number of genes impacting it is only 6:
	{7}
You may want to ignore posterior probabilities and other statistics related to the following branch branch because the effective number of genes impacting it is only 4:
	{9}
You may want to ignore posterior probabilities and other statistics related to the following branch branch because the effective number of genes impacting it is only 3:
	{11}
You may want to ignore posterior probabilities and other statistics related to the following branch branch because the effective number of genes impacting it is only 4:
	{10}
You may want to ignore posterior probabilities and other statistics related to the following branch branch because the effective number of genes impacting it is only 7:
	{15}
You may want to ignore posterior probabilities and other statistics related to the following branch branch because the effective number of genes impacting it is only 18:
	{10, 15}
You may want to ignore posterior probabilities and other statistics related to the following branch branch because the effective number of genes impacting it is only 6:
	{12}
You may want to ignore posterior probabilities and other statistics related to the following branch branch because the effective number of genes impacting it is only 6:
	{6}
You may want to ignore posterior probabilities and other statistics related to the following branch branch because the effective number of genes impacting it is only 18:
	{12, 6}
You may want to ignore posterior probabilities and other statistics related to the following branch branch because the effective number of genes impacting it is only 17:
	{12, 10, 15, 6}
You may want to ignore posterior probabilities and other statistics related to the following branch branch because the effective number of genes impacting it is only 16:
	{12, 10, 7, 9, 15, 11, 6}
You may want to ignore posterior probabilities and other statistics related to the following branch branch because the effective number of genes impacting it is only 6:
	{19}
You may want to ignore posterior probabilities and other statistics related to the following branch branch because the effective number of genes impacting it is only 3:
	{20}
You may want to ignore posterior probabilities and other statistics related to the following branch branch because the effective number of genes impacting it is only 5:
	{23}
You may want to ignore posterior probabilities and other statistics related to the following branch branch because the effective number of genes impacting it is only 5:
	{24}
You may want to ignore posterior probabilities and other statistics related to the following branch branch because the effective number of genes impacting it is only 3:
	{21}
You may want to ignore posterior probabilities and other statistics related to the following branch branch because the effective number of genes impacting it is only 3:
	{25}
You may want to ignore posterior probabilities and other statistics related to the following branch branch because the effective number of genes impacting it is only 3:
	{22}
You may want to ignore posterior probabilities and other statistics related to the following branch branch because the effective number of genes impacting it is only 15:
	{25, 21, 23, 19, 24, 22, 20}
You may want to ignore posterior probabilities and other statistics related to the following branch branch because the effective number of genes impacting it is only 16:
	{12, 10, 25, 21, 23, 7, 9, 15, 11, 19, 24, 22, 20, 6}
You may want to ignore posterior probabilities and other statistics related to the following branch branch because the effective number of genes impacting it is only 2:
	{4}
You may want to ignore posterior probabilities and other statistics related to the following branch branch because the effective number of genes impacting it is only 1:
	{8}
You may want to ignore posterior probabilities and other statistics related to the following branch branch because the effective number of genes impacting it is only 1:
	{2}
You may want to ignore posterior probabilities and other statistics related to the following branch branch because the effective number of genes impacting it is only 1:
	{16}
You may want to ignore posterior probabilities and other statistics related to the following branch branch because the effective number of genes impacting it is only 1:
	{13}
You may want to ignore posterior probabilities and other statistics related to the following branch branch because the effective number of genes impacting it is only 19:
	{16, 13}
You may want to ignore posterior probabilities and other statistics related to the following branch branch because the effective number of genes impacting it is only 17:
	{16, 13, 2}
You may want to ignore posterior probabilities and other statistics related to the following branch branch because the effective number of genes impacting it is only 2:
	{17}
You may want to ignore posterior probabilities and other statistics related to the following branch branch because the effective number of genes impacting it is only 1:
	{1}
You may want to ignore posterior probabilities and other statistics related to the following branch branch because the effective number of genes impacting it is only 16:
	{1, 17}
You may want to ignore posterior probabilities and other statistics related to the following branch branch because the effective number of genes impacting it is only 17:
	{16, 1, 13, 17, 2}
You may want to ignore posterior probabilities and other statistics related to the following branch branch because the effective number of genes impacting it is only 19:
	{16, 12, 10, 25, 21, 23, 1, 7, 9, 15, 13, 11, 19, 17, 24, 22, 2, 20, 4, 6, 8}
You may want to ignore posterior probabilities and other statistics related to the following branch branch because the effective number of genes impacting it is only 19:
	{16, 12, 10, 18, 25, 21, 23, 1, 7, 9, 15, 13, 11, 19, 17, 24, 22, 2, 20, 4, 6, 8}
((14_3,14_2,14_1,14_4)0.23:0.0,((3_1,3_2,3_3,3_4)0.23:0.0,((5_1,5_2,5_3,5_4)0.46:0.0,((18_3,18_2,18_1)0.46:0.01765493523872071,(((((7_1,7_2)0.08:0.0,(9_1,9_2,9_3)0.22:0.0)1:0.9972905300657984,((11_3,11_2,11_1)0.28:0.0,(((10_2,10_1)0.11:0.0,(15_2,15_1)0.07:0.0)1:1.228003551768358,((12_3,12_2,12_1)0.16:0.0,(6_1,6_2,6_3)0.1:0.0)1:1.4341864992615956)0.99:0.5956775648094064)0.14:0.0)1:2.4277482359480516,((19_2,19_1)0.26:0.0,(((20_3,20_2,20_1)0.29:0.0,((23_2,23_1)0.09:0.0,(24_2,24_1)0.09:0.0)1:1.4328143767547836)1:1.0383687696171187,((21_4,21_3,21_2,21_1)0.18:0.0,((25_3,25_2,25_1)0.23:0.0,(22_3,22_2,22_1)0.15:0.0)1:0.8746885190679505)0.9:0.2974732163238462)0.56:0.11741639369408942)1:2.367123614131617)1:1.7346010553881062,((4_1,4_2)0.46:0.0,((8_1,8_2)0.22:0.0,(((2_1,2_2)0.22:0.0,((16_1,16_2)0.22:0.0,(13_2,13_1)0.22:0.0)1:2.184802057337663)1:0.9765648542252687,((17_2,17_1)0.17:0.0,(1_1,1_2)0.22:0.0)1:1.5217668737327577)0.85:0.2985940474652315)0.36:0.019069562720350805)1:1.3862943611198908)1:0.7608215174159314)1:1.0400486126716977)1:1.9499187767429316));
Weight calculation took 0.020577669 secs
ASTRAL finished in 2.144 secs
