
================== ASTRAL ===================== 

This is ASTRAL version 5.6.3
Gene trees are treated as unrooted
25 trees read from g_trees-raxml-sqlen-25-ngen-25-s2g.trees
All output trees will be *arbitrarily* rooted at 14

======== Running the main analysis
Number of taxa: 66 (25 species)
Taxa: {22=[22_3, 22_2, 22_1], 23=[23_2, 23_1], 24=[24_2, 24_1], 25=[25_3, 25_2, 25_1], 10=[10_2, 10_1], 11=[11_3, 11_2, 11_1], 12=[12_3, 12_2, 12_1], 13=[13_2, 13_1], 14=[14_3, 14_2, 14_1, 14_4], 15=[15_2, 15_1], 16=[16_1, 16_2], 17=[17_2, 17_1], 18=[18_3, 18_2, 18_1], 19=[19_2, 19_1], 1=[1_1, 1_2], 2=[2_1, 2_2], 3=[3_1, 3_2, 3_3, 3_4], 4=[4_1, 4_2], 5=[5_1, 5_2, 5_3, 5_4], 6=[6_1, 6_2, 6_3], 7=[7_1, 7_2], 8=[8_1, 8_2], 9=[9_1, 9_2, 9_3], 20=[20_3, 20_2, 20_1], 21=[21_4, 21_3, 21_2, 21_1]}
Taxon occupancy: {16_1=19, 14_3=1, 14_2=2, 14_1=21, 12_3=2, 12_2=9, 12_1=20, 10_2=4, 10_1=19, 18_3=1, 18_2=3, 18_1=21, 16_2=1, 14_4=1, 25_3=3, 25_2=4, 25_1=21, 1_1=19, 23_2=5, 21_4=1, 23_1=22, 1_2=1, 21_3=1, 3_1=21, 21_2=5, 21_1=21, 3_2=2, 5_1=20, 3_3=1, 5_2=2, 3_4=1, 7_1=21, 5_3=2, 7_2=6, 5_4=1, 9_1=20, 9_2=6, 9_3=2, 15_2=7, 15_1=19, 13_2=1, 13_1=19, 11_3=2, 11_2=4, 11_1=20, 19_2=6, 19_1=21, 17_2=2, 17_1=18, 24_2=5, 24_1=22, 22_3=1, 2_1=19, 22_2=4, 22_1=22, 20_3=1, 2_2=1, 4_1=20, 20_2=5, 20_1=22, 4_2=2, 6_1=20, 6_2=9, 8_1=21, 6_3=2, 8_2=1}
Number of gene trees: 25
25 trees have missing taxa
Calculating quartet distance matrix (for completion of X)
Species tree distances calculated ...
Will attempt to complete bipartitions from X before adding using a distance matrix.
Building set of clusters (X) from gene trees 
In second round sampling 3 rounds will be done
------------------------------
gradient0: 323
------------------------------
gradient1: 54
------------------------------
gradient2: 50
Number of Clusters after addition by distance: 427
calculating extra bipartitions to be added at level 1 ...
Adding to X using resolutions of greedy consensus ...
Limit for sigma of degrees:675
polytomy size limit : 4
discarded polytomies:  [3, 4]
Threshold 0.0:
Threshold 0.01:
Threshold 0.02:
Threshold 0.05:
Threshold 0.1:
Threshold 0.2:
Threshold 0.3333333333333333:
polytomy of size 3; rounds with additions with at least 5 support: 0; clusters: 427
polytomy of size 4; rounds with additions with at least 5 support: 0; clusters: 427
max k is :0
Number of Clusters after addition by greedy: 427
gradient0 in heuristiic: 427
calculating extra bipartitions to be added at level 1 ...
Adding to X using resolutions of greedy consensus ...
Limit for sigma of degrees:675
polytomy size limit : 3
discarded polytomies:  [3, 3]
Threshold 0.0:
Threshold 0.01:
Threshold 0.02:
Threshold 0.05:
Threshold 0.1:
Threshold 0.2:
Threshold 0.3333333333333333:
polytomy of size 3; rounds with additions with at least 5 support: 0; clusters: 427
polytomy of size 3; rounds with additions with at least 5 support: 0; clusters: 427
max k is :0
Number of Clusters after addition by greedy: 427
gradient1 in heuristiic: 0
calculating extra bipartitions to be added at level 1 ...
Adding to X using resolutions of greedy consensus ...
Limit for sigma of degrees:675
polytomy size limit : 5
discarded polytomies:  [3, 3, 5]
Threshold 0.0:
Threshold 0.01:
Threshold 0.02:
Threshold 0.05:
Threshold 0.1:
Threshold 0.2:
Threshold 0.3333333333333333:
polytomy of size 5; rounds with additions with at least 5 support: 0; clusters: 429
polytomy of size 3; rounds with additions with at least 5 support: 0; clusters: 429
polytomy of size 3; rounds with additions with at least 5 support: 0; clusters: 429
max k is :0
Number of Clusters after addition by greedy: 429
gradient2 in heuristiic: 2
partitions formed in 2.981 secs
Dynamic Programming starting after 2.981 secs
Using tree-based weight calculation.
Using polytree-based weight calculation.
Polytree max score: 607934
Polytree building time: 0.013 seconds.
Number of quartet trees in the gene trees: 606889
Size of largest cluster: 66
Greedy score: 351589
estimationFactor: 1.7291041528603
Sub-optimal score: 373385
Total Number of elements weighted: 879
Normalized score (portion of input quartet trees satisfied before correcting for multiple individuals): 0.6218221124456037
Optimization score: 377377
Optimal tree inferred in 3.096 secs.
(1,(17,((8,(2,(16,13))),(4,((5,(18,(14,3))),((11,((7,9),((10,15),(12,6)))),(21,(19,((25,22),(20,(23,24)))))))))));
Final quartet score is: 394809
Final normalized quartet score is: 0.6505456516760066
You may want to ignore posterior probabilities and other statistics related to the following branch branch because the effective number of genes impacting it is only 1:
	{14}
You may want to ignore posterior probabilities and other statistics related to the following branch branch because the effective number of genes impacting it is only 1:
	{3}
You may want to ignore posterior probabilities and other statistics related to the following branch branch because the effective number of genes impacting it is only 2:
	{18}
You may want to ignore posterior probabilities and other statistics related to the following branch branch because the effective number of genes impacting it is only 1:
	{5}
You may want to ignore posterior probabilities and other statistics related to the following branch branch because the effective number of genes impacting it is only 3:
	{11}
You may want to ignore posterior probabilities and other statistics related to the following branch branch because the effective number of genes impacting it is only 6:
	{7}
You may want to ignore posterior probabilities and other statistics related to the following branch branch because the effective number of genes impacting it is only 4:
	{9}
You may want to ignore posterior probabilities and other statistics related to the following branch branch because the effective number of genes impacting it is only 4:
	{10}
You may want to ignore posterior probabilities and other statistics related to the following branch branch because the effective number of genes impacting it is only 7:
	{15}
You may want to ignore posterior probabilities and other statistics related to the following branch branch because the effective number of genes impacting it is only 18:
	{10, 15}
You may want to ignore posterior probabilities and other statistics related to the following branch branch because the effective number of genes impacting it is only 6:
	{12}
You may want to ignore posterior probabilities and other statistics related to the following branch branch because the effective number of genes impacting it is only 6:
	{6}
You may want to ignore posterior probabilities and other statistics related to the following branch branch because the effective number of genes impacting it is only 18:
	{12, 6}
You may want to ignore posterior probabilities and other statistics related to the following branch branch because the effective number of genes impacting it is only 18:
	{12, 10, 15, 6}
You may want to ignore posterior probabilities and other statistics related to the following branch branch because the effective number of genes impacting it is only 15:
	{12, 10, 7, 9, 15, 11, 6}
You may want to ignore posterior probabilities and other statistics related to the following branch branch because the effective number of genes impacting it is only 3:
	{21}
You may want to ignore posterior probabilities and other statistics related to the following branch branch because the effective number of genes impacting it is only 6:
	{19}
You may want to ignore posterior probabilities and other statistics related to the following branch branch because the effective number of genes impacting it is only 3:
	{25}
You may want to ignore posterior probabilities and other statistics related to the following branch branch because the effective number of genes impacting it is only 3:
	{22}
You may want to ignore posterior probabilities and other statistics related to the following branch branch because the effective number of genes impacting it is only 3:
	{20}
You may want to ignore posterior probabilities and other statistics related to the following branch branch because the effective number of genes impacting it is only 5:
	{23}
You may want to ignore posterior probabilities and other statistics related to the following branch branch because the effective number of genes impacting it is only 5:
	{24}
You may want to ignore posterior probabilities and other statistics related to the following branch branch because the effective number of genes impacting it is only 19:
	{25, 23, 19, 24, 22, 20}
You may want to ignore posterior probabilities and other statistics related to the following branch branch because the effective number of genes impacting it is only 14:
	{25, 21, 23, 19, 24, 22, 20}
You may want to ignore posterior probabilities and other statistics related to the following branch branch because the effective number of genes impacting it is only 16:
	{12, 10, 25, 21, 23, 7, 9, 15, 11, 19, 24, 22, 20, 6}
You may want to ignore posterior probabilities and other statistics related to the following branch branch because the effective number of genes impacting it is only 2:
	{4}
You may want to ignore posterior probabilities and other statistics related to the following branch branch because the effective number of genes impacting it is only 1:
	{8}
You may want to ignore posterior probabilities and other statistics related to the following branch branch because the effective number of genes impacting it is only 1:
	{2}
You may want to ignore posterior probabilities and other statistics related to the following branch branch because the effective number of genes impacting it is only 1:
	{16}
You may want to ignore posterior probabilities and other statistics related to the following branch branch because the effective number of genes impacting it is only 1:
	{13}
You may want to ignore posterior probabilities and other statistics related to the following branch branch because the effective number of genes impacting it is only 19:
	{16, 13}
You may want to ignore posterior probabilities and other statistics related to the following branch branch because the effective number of genes impacting it is only 19:
	{16, 13, 2}
You may want to ignore posterior probabilities and other statistics related to the following branch branch because the effective number of genes impacting it is only 17:
	{16, 13, 2, 8}
You may want to ignore posterior probabilities and other statistics related to the following branch branch because the effective number of genes impacting it is only 2:
	{17}
You may want to ignore posterior probabilities and other statistics related to the following branch branch because the effective number of genes impacting it is only 1:
	{1}
You may want to ignore posterior probabilities and other statistics related to the following branch branch because the effective number of genes impacting it is only 18:
	{1, 17}
You may want to ignore posterior probabilities and other statistics related to the following branch branch because the effective number of genes impacting it is only 18:
	{16, 1, 13, 17, 2, 8}
You may want to ignore posterior probabilities and other statistics related to the following branch branch because the effective number of genes impacting it is only 19:
	{16, 12, 10, 25, 21, 23, 1, 7, 9, 15, 13, 11, 19, 17, 24, 22, 2, 20, 4, 6, 8}
You may want to ignore posterior probabilities and other statistics related to the following branch branch because the effective number of genes impacting it is only 19:
	{16, 12, 10, 25, 21, 23, 1, 5, 7, 9, 15, 13, 11, 19, 17, 24, 22, 2, 20, 4, 6, 8}
((14_3,14_2,14_1,14_4)0.23:0.0,((3_1,3_2,3_3,3_4)0.23:0.0,((18_3,18_2,18_1)0.36:0.0,((5_1,5_2,5_3,5_4)0.35:0.0,((((11_3,11_2,11_1)0.22:0.0,(((7_1,7_2)0.12:0.0,(9_1,9_2,9_3)0.29:0.0)0.97:0.42060484716724766,(((10_2,10_1)0.16:0.0,(15_2,15_1)0.08:0.0)1:0.6361783815744271,((12_3,12_2,12_1)0.25:0.0,(6_1,6_2,6_3)0.25:0.0)0.99:0.6067615252155729)0.33:0.0)0.41:0.01897516361624788)1:0.8602529194497304,((21_4,21_3,21_2,21_1)0.2:0.0,((19_2,19_1)0.21:0.0,(((25_3,25_2,25_1)0.53:0.10245533171252298,(22_3,22_2,22_1)0.15:0.0)0.99:0.49264987192718607,((20_3,20_2,20_1)0.32:0.0,((23_2,23_1)0.12:0.0,(24_2,24_1)0.11:0.0)1:0.8452188267864559)0.75:0.19340424979966894)0.49:0.05658814781951117)0.31:0.0)1:1.1871378438693079)0.99:0.588837637148094,((4_1,4_2)0.39:0.0,(((8_1,8_2)0.23:0.0,((2_1,2_2)0.23:0.0,((16_1,16_2)0.22:0.0,(13_2,13_1)0.22:0.0)1:0.9076965203094552)0.62:0.14913700819796538)0.7:0.17328223017843683,((17_2,17_1)0.22:0.0,(1_1,1_2)0.3:0.0)0.87:0.2897688403157901)0.4:0.03648542621352416)0.97:0.4143890727297285)0.99:0.5352555006280937)0.01:0.0)1:2.0646702243595247));
Weight calculation took 0.069534001 secs
ASTRAL finished in 3.197 secs
