
================== ASTRAL ===================== 

This is ASTRAL version 5.6.3
Gene trees are treated as unrooted
25 trees read from g_trees-raxml-sqlen-100-ngen-25-s2g.trees
All output trees will be *arbitrarily* rooted at 14

======== Running the main analysis
Number of taxa: 66 (25 species)
Taxa: {22=[22_3, 22_2, 22_1], 23=[23_2, 23_1], 24=[24_2, 24_1], 25=[25_3, 25_2, 25_1], 10=[10_2, 10_1], 11=[11_3, 11_2, 11_1], 12=[12_3, 12_2, 12_1], 13=[13_2, 13_1], 14=[14_3, 14_2, 14_1, 14_4], 15=[15_2, 15_1], 16=[16_1, 16_2], 17=[17_2, 17_1], 18=[18_3, 18_2, 18_1], 19=[19_2, 19_1], 1=[1_1, 1_2], 2=[2_1, 2_2], 3=[3_1, 3_2, 3_3, 3_4], 4=[4_1, 4_2], 5=[5_1, 5_2, 5_3, 5_4], 6=[6_1, 6_2, 6_3], 7=[7_1, 7_2], 8=[8_1, 8_2], 9=[9_1, 9_2, 9_3], 20=[20_3, 20_2, 20_1], 21=[21_4, 21_3, 21_2, 21_1]}
Taxon occupancy: {16_1=19, 14_3=1, 14_2=2, 14_1=21, 12_3=2, 12_2=9, 12_1=20, 10_2=4, 10_1=19, 18_3=1, 18_2=3, 18_1=21, 16_2=1, 14_4=1, 25_3=3, 25_2=4, 25_1=21, 1_1=19, 23_2=5, 21_4=1, 23_1=22, 1_2=1, 21_3=1, 3_1=21, 21_2=5, 21_1=21, 3_2=2, 5_1=20, 3_3=1, 5_2=2, 3_4=1, 7_1=21, 5_3=2, 7_2=6, 5_4=1, 9_1=20, 9_2=6, 9_3=2, 15_2=7, 15_1=19, 13_2=1, 13_1=19, 11_3=2, 11_2=4, 11_1=20, 19_2=6, 19_1=21, 17_2=2, 17_1=18, 24_2=5, 24_1=22, 22_3=1, 2_1=19, 22_2=4, 22_1=22, 20_3=1, 2_2=1, 4_1=20, 20_2=5, 20_1=22, 4_2=2, 6_1=20, 6_2=9, 8_1=21, 6_3=2, 8_2=1}
Number of gene trees: 25
25 trees have missing taxa
Calculating quartet distance matrix (for completion of X)
Species tree distances calculated ...
Will attempt to complete bipartitions from X before adding using a distance matrix.
Building set of clusters (X) from gene trees 
In second round sampling 3 rounds will be done
------------------------------
gradient0: 245
------------------------------
gradient1: 36
------------------------------
gradient2: 48
Number of Clusters after addition by distance: 329
calculating extra bipartitions to be added at level 1 ...
Adding to X using resolutions of greedy consensus ...
Limit for sigma of degrees:675
polytomy size limit : 3
discarded polytomies:  [3]
Threshold 0.0:
Threshold 0.01:
Threshold 0.02:
Threshold 0.05:
Threshold 0.1:
Threshold 0.2:
Threshold 0.3333333333333333:
polytomy of size 3; rounds with additions with at least 5 support: 0; clusters: 329
max k is :0
Number of Clusters after addition by greedy: 329
gradient0 in heuristiic: 329
calculating extra bipartitions to be added at level 1 ...
Adding to X using resolutions of greedy consensus ...
Limit for sigma of degrees:675
polytomy size limit : 3
discarded polytomies:  [3]
Threshold 0.0:
Threshold 0.01:
Threshold 0.02:
Threshold 0.05:
Threshold 0.1:
Threshold 0.2:
Threshold 0.3333333333333333:
polytomy of size 3; rounds with additions with at least 5 support: 0; clusters: 329
max k is :0
Number of Clusters after addition by greedy: 329
gradient1 in heuristiic: 0
calculating extra bipartitions to be added at level 1 ...
Adding to X using resolutions of greedy consensus ...
Limit for sigma of degrees:675
polytomy size limit : 3
discarded polytomies:  [3, 3]
Threshold 0.0:
Threshold 0.01:
Threshold 0.02:
Threshold 0.05:
Threshold 0.1:
Threshold 0.2:
Threshold 0.3333333333333333:
polytomy of size 3; rounds with additions with at least 5 support: 0; clusters: 329
polytomy of size 3; rounds with additions with at least 5 support: 0; clusters: 329
max k is :0
Number of Clusters after addition by greedy: 329
gradient2 in heuristiic: 0
partitions formed in 2.06 secs
Dynamic Programming starting after 2.06 secs
Using tree-based weight calculation.
Using polytree-based weight calculation.
Polytree max score: 607934
Polytree building time: 0.012 seconds.
Number of quartet trees in the gene trees: 606889
Size of largest cluster: 66
Greedy score: 412803
estimationFactor: 1.472697630588925
Sub-optimal score: 434967
Total Number of elements weighted: 560
Normalized score (portion of input quartet trees satisfied before correcting for multiple individuals): 0.7420945181079242
Optimization score: 450369
Optimal tree inferred in 2.149 secs.
(15,(10,((12,6),(11,((7,9),((19,((20,(23,24)),(21,(25,22)))),(((2,(16,13)),(4,(8,(1,17)))),(18,(5,(14,3))))))))));
Final quartet score is: 469978
Final normalized quartet score is: 0.7744052042465756
You may want to ignore posterior probabilities and other statistics related to the following branch branch because the effective number of genes impacting it is only 1:
	{14}
You may want to ignore posterior probabilities and other statistics related to the following branch branch because the effective number of genes impacting it is only 1:
	{3}
You may want to ignore posterior probabilities and other statistics related to the following branch branch because the effective number of genes impacting it is only 1:
	{5}
You may want to ignore posterior probabilities and other statistics related to the following branch branch because the effective number of genes impacting it is only 2:
	{18}
You may want to ignore posterior probabilities and other statistics related to the following branch branch because the effective number of genes impacting it is only 1:
	{2}
You may want to ignore posterior probabilities and other statistics related to the following branch branch because the effective number of genes impacting it is only 1:
	{16}
You may want to ignore posterior probabilities and other statistics related to the following branch branch because the effective number of genes impacting it is only 1:
	{13}
You may want to ignore posterior probabilities and other statistics related to the following branch branch because the effective number of genes impacting it is only 19:
	{16, 13}
You may want to ignore posterior probabilities and other statistics related to the following branch branch because the effective number of genes impacting it is only 19:
	{16, 13, 2}
You may want to ignore posterior probabilities and other statistics related to the following branch branch because the effective number of genes impacting it is only 2:
	{4}
You may want to ignore posterior probabilities and other statistics related to the following branch branch because the effective number of genes impacting it is only 1:
	{8}
You may want to ignore posterior probabilities and other statistics related to the following branch branch because the effective number of genes impacting it is only 1:
	{1}
You may want to ignore posterior probabilities and other statistics related to the following branch branch because the effective number of genes impacting it is only 2:
	{17}
You may want to ignore posterior probabilities and other statistics related to the following branch branch because the effective number of genes impacting it is only 18:
	{1, 17}
You may want to ignore posterior probabilities and other statistics related to the following branch branch because the effective number of genes impacting it is only 18:
	{1, 17, 8}
You may want to ignore posterior probabilities and other statistics related to the following branch branch because the effective number of genes impacting it is only 19:
	{1, 17, 4, 8}
You may want to ignore posterior probabilities and other statistics related to the following branch branch because the effective number of genes impacting it is only 19:
	{16, 1, 13, 17, 2, 4, 8}
You may want to ignore posterior probabilities and other statistics related to the following branch branch because the effective number of genes impacting it is only 6:
	{19}
You may want to ignore posterior probabilities and other statistics related to the following branch branch because the effective number of genes impacting it is only 3:
	{20}
You may want to ignore posterior probabilities and other statistics related to the following branch branch because the effective number of genes impacting it is only 5:
	{23}
You may want to ignore posterior probabilities and other statistics related to the following branch branch because the effective number of genes impacting it is only 5:
	{24}
You may want to ignore posterior probabilities and other statistics related to the following branch branch because the effective number of genes impacting it is only 3:
	{21}
You may want to ignore posterior probabilities and other statistics related to the following branch branch because the effective number of genes impacting it is only 3:
	{25}
You may want to ignore posterior probabilities and other statistics related to the following branch branch because the effective number of genes impacting it is only 3:
	{22}
You may want to ignore posterior probabilities and other statistics related to the following branch branch because the effective number of genes impacting it is only 15:
	{25, 21, 23, 19, 24, 22, 20}
You may want to ignore posterior probabilities and other statistics related to the following branch branch because the effective number of genes impacting it is only 6:
	{7}
You may want to ignore posterior probabilities and other statistics related to the following branch branch because the effective number of genes impacting it is only 4:
	{9}
You may want to ignore posterior probabilities and other statistics related to the following branch branch because the effective number of genes impacting it is only 3:
	{11}
You may want to ignore posterior probabilities and other statistics related to the following branch branch because the effective number of genes impacting it is only 6:
	{12}
You may want to ignore posterior probabilities and other statistics related to the following branch branch because the effective number of genes impacting it is only 6:
	{6}
You may want to ignore posterior probabilities and other statistics related to the following branch branch because the effective number of genes impacting it is only 18:
	{12, 6}
You may want to ignore posterior probabilities and other statistics related to the following branch branch because the effective number of genes impacting it is only 4:
	{10}
You may want to ignore posterior probabilities and other statistics related to the following branch branch because the effective number of genes impacting it is only 7:
	{15}
You may want to ignore posterior probabilities and other statistics related to the following branch branch because the effective number of genes impacting it is only 18:
	{10, 15}
You may want to ignore posterior probabilities and other statistics related to the following branch branch because the effective number of genes impacting it is only 17:
	{12, 10, 15, 6}
You may want to ignore posterior probabilities and other statistics related to the following branch branch because the effective number of genes impacting it is only 16:
	{12, 10, 7, 9, 15, 11, 6}
You may want to ignore posterior probabilities and other statistics related to the following branch branch because the effective number of genes impacting it is only 16:
	{12, 10, 25, 21, 23, 7, 9, 15, 11, 19, 24, 22, 20, 6}
You may want to ignore posterior probabilities and other statistics related to the following branch branch because the effective number of genes impacting it is only 19:
	{16, 12, 10, 25, 21, 23, 1, 7, 9, 15, 13, 11, 19, 17, 24, 22, 2, 20, 4, 6, 8}
You may want to ignore posterior probabilities and other statistics related to the following branch branch because the effective number of genes impacting it is only 19:
	{16, 12, 10, 18, 25, 21, 23, 1, 7, 9, 15, 13, 11, 19, 17, 24, 22, 2, 20, 4, 6, 8}
((14_3,14_2,14_1,14_4)0.23:0.0,((3_1,3_2,3_3,3_4)0.23:0.0,((5_1,5_2,5_3,5_4)0.46:0.0,((18_3,18_2,18_1)0.46:0.01765493523872071,((((2_1,2_2)0.24:0.0,((16_1,16_2)0.22:0.0,(13_2,13_1)0.22:0.0)1:1.3346241976233872)0.62:0.133398304764157,((4_1,4_2)0.47:0.021661496781179533,((8_1,8_2)0.22:0.0,((1_1,1_2)0.22:0.0,(17_2,17_1)0.17:0.0)1:1.6260220404496355)0.5:0.06408910190978842)0.39:0.03806458323308566)1:0.6539545829615965,(((19_2,19_1)0.26:0.0,(((20_3,20_2,20_1)0.27:0.0,((23_2,23_1)0.09:0.0,(24_2,24_1)0.09:0.0)1:1.0241143549652927)1:0.6032782765761885,((21_4,21_3,21_2,21_1)0.15:0.0,((25_3,25_2,25_1)0.27:0.0,(22_3,22_2,22_1)0.22:0.0)1:0.6414922735575829)0.95:0.37039258851392987)0.64:0.13134719080968135)1:1.4508328822574619,(((7_1,7_2)0.11:0.0,(9_1,9_2,9_3)0.19:0.0)1:0.8289487217190074,((11_3,11_2,11_1)0.31:0.0,(((12_3,12_2,12_1)0.24:0.0,(6_1,6_2,6_3)0.2:0.0)1:1.0111725375780165,((10_2,10_1)0.11:0.0,(15_2,15_1)0.07:0.0)1:1.092014846556216)0.44:0.030268573144867732)0.37:0.06461914923045803)1:1.2473852972612496)1:1.0414538748281608)1:0.6797255097563802)1:0.7685444450323925)1:1.9224112497176395));
Weight calculation took 0.047667132 secs
ASTRAL finished in 2.259 secs
