
================== ASTRAL ===================== 

This is ASTRAL version 5.6.3
Gene trees are treated as unrooted
135 trees read from g_trees-raxml-sqlen-50-ngen-50.trees.tree
All output trees will be *arbitrarily* rooted at 24

======== Running the main analysis
Number of taxa: 25 (25 species)
Taxa: [24, 19, 23, 20, 5, 14, 3, 18, 8, 4, 16, 13, 2, 9, 7, 11, 15, 10, 12, 6, 22, 25, 17, 1, 21]
Taxon occupancy: {22=104, 23=103, 24=98, 25=99, 10=75, 11=99, 12=105, 13=111, 14=112, 15=80, 16=111, 17=82, 18=116, 19=108, 1=79, 2=118, 3=112, 4=113, 5=91, 6=108, 7=103, 8=106, 9=104, 20=85, 21=77}
Number of gene trees: 135
131 trees have missing taxa
Calculating quartet distance matrix (for completion of X)
Species tree distances calculated ...
Will attempt to complete bipartitions from X before adding using a distance matrix.
Building set of clusters (X) from gene trees 
------------------------------
gradient0: 469
Number of Clusters after addition by distance: 469
calculating extra bipartitions to be added at level 1 ...
Adding to X using resolutions of greedy consensus ...
Limit for sigma of degrees:675
polytomy size limit : 3
discarded polytomies:  [3]
Threshold 0.0:
Threshold 0.01:
Threshold 0.02:
Threshold 0.05:
Threshold 0.1:
Threshold 0.2:
Threshold 0.3333333333333333:
polytomy of size 3; rounds with additions with at least 5 support: 0; clusters: 469
max k is :0
Number of Clusters after addition by greedy: 469
gradient0 in heuristiic: 469
partitions formed in 0.242 secs
Dynamic Programming starting after 0.242 secs
Using tree-based weight calculation.
Using polytree-based weight calculation.
Polytree max score: 565522
Polytree building time: 0.03 seconds.
Number of quartet trees in the gene trees: 565522
Size of largest cluster: 25
Greedy score: 437367
estimationFactor: 1.2930147907821121
Sub-optimal score: 471978
Total Number of elements weighted: 960
Normalized score (portion of input quartet trees satisfied before correcting for multiple individuals): 0.841012374408069
Optimization score: 475611
Optimal tree inferred in 0.465 secs.
(5,((14,3),(18,(((8,4),((17,1),(2,(16,13)))),((19,((21,(22,25)),(20,(24,23)))),((12,6),((15,10),(11,(9,7)))))))));
Final quartet score is: 475611
Final normalized quartet score is: 0.841012374408069
(24,(23,(20,((21,(22,25)1:0.6947106079859685)1:0.8067704621823139,(19,(((12,6)1:1.4996435069942673,((15,10)1:0.6077221601998254,(11,(9,7)1:0.5288497953088606)1:0.4399387305848506)0.82:0.14059408998454914)1:2.002480500543709,(((8,4)0.99:0.21984731904825272,((17,1)1:1.0795259423719115,(2,(16,13)1:2.5040472799642504)0.49:0.18480454122413661)0.7:0.08911111756801292)1:1.6700166797872589,(18,((14,3)1:2.856604895425351,5)1:0.9120715643737746)0:0.10065934725314865)1:0.5947822307606635)1:3.0285220963769826)1:0.2794090159585814)0.99:0.2659139508651943)1:2.3207761163958827));
Weight calculation took 0.148024783 secs
ASTRAL finished in 0.595 secs
