
================== ASTRAL ===================== 

This is ASTRAL version 5.6.3
Gene trees are treated as unrooted
88 trees read from g_trees-raxml-sqlen-100-ngen-25.trees.tree
All output trees will be *arbitrarily* rooted at 23

======== Running the main analysis
Number of taxa: 25 (25 species)
Taxa: [23, 24, 19, 20, 18, 8, 2, 13, 16, 4, 14, 3, 5, 7, 9, 11, 15, 10, 12, 6, 25, 22, 1, 17, 21]
Taxon occupancy: {22=54, 23=61, 24=61, 25=49, 10=43, 11=53, 12=51, 13=82, 14=84, 15=49, 16=82, 17=76, 18=77, 19=54, 1=79, 2=82, 3=84, 4=83, 5=83, 6=51, 7=65, 8=85, 9=64, 20=50, 21=51}
Number of gene trees: 88
83 trees have missing taxa
Calculating quartet distance matrix (for completion of X)
Species tree distances calculated ...
Will attempt to complete bipartitions from X before adding using a distance matrix.
Building set of clusters (X) from gene trees 
------------------------------
gradient0: 291
Number of Clusters after addition by distance: 291
calculating extra bipartitions to be added at level 1 ...
Adding to X using resolutions of greedy consensus ...
Limit for sigma of degrees:675
polytomy size limit : 3
discarded polytomies:  []
Threshold 0.0:
Threshold 0.01:
Threshold 0.02:
Threshold 0.05:
Threshold 0.1:
Threshold 0.2:
Threshold 0.3333333333333333:
max k is :0
Number of Clusters after addition by greedy: 291
gradient0 in heuristiic: 291
partitions formed in 0.135 secs
Dynamic Programming starting after 0.135 secs
Using tree-based weight calculation.
Using polytree-based weight calculation.
Polytree max score: 405765
Polytree building time: 0.016 seconds.
Number of quartet trees in the gene trees: 405765
Size of largest cluster: 25
Greedy score: 350219
estimationFactor: 1.1586036165941882
Sub-optimal score: 351855
Total Number of elements weighted: 420
Normalized score (portion of input quartet trees satisfied before correcting for multiple individuals): 0.8690991090902369
Optimization score: 352650
Optimal tree inferred in 0.232 secs.
(18,((5,(14,3)),(((13,16),(2,(4,(8,(1,17))))),(((7,9),(11,((15,10),(12,6)))),((20,(23,24)),(19,(21,(25,22))))))));
Final quartet score is: 352650
Final normalized quartet score is: 0.8690991090902369
(23,(24,(20,((19,(21,(25,22)1:1.2686061616340936)1:1.2626804051527143)0.88:0.18859116980755017,(((7,9)1:2.2512917986064935,(11,((15,10)1:1.2396908869280157,(12,6)1:3.120895416507997)0.99:0.41923451067586665)0.87:0.1823215567939546)1:2.264844765011199,(((13,16)1:0.5027698614800221,(2,(4,(8,(1,17)1:0.5043531092603731)1:0.5501396079952773)1:0.2813285328037485)0.99:0.25502937681446936)1:1.4880398729944246,((5,(14,3)1:4.025351690735153)0.59:0.06103589058636901,18)0.95:0.1918711415103023)1:1.3375041969504584)1:2.793208009442516)1:1.0185695809945734)1:2.793208009442516));
Weight calculation took 0.052302888 secs
ASTRAL finished in 0.339 secs
