
================== ASTRAL ===================== 

This is ASTRAL version 5.6.3
Gene trees are treated as unrooted
124 trees read from g_trees-raxml-sqlen-25-ngen-50.trees.tree
All output trees will be *arbitrarily* rooted at 8

======== Running the main analysis
Number of taxa: 25 (25 species)
Taxa: [8, 16, 13, 4, 2, 14, 3, 5, 18, 20, 24, 19, 23, 9, 11, 7, 15, 10, 12, 6, 1, 17, 22, 21, 25]
Taxon occupancy: {22=92, 23=84, 24=84, 25=87, 10=82, 11=87, 12=84, 13=93, 14=102, 15=88, 16=93, 17=69, 18=100, 19=85, 1=71, 2=95, 3=102, 4=99, 5=103, 6=89, 7=83, 8=97, 9=80, 20=89, 21=93}
Number of gene trees: 124
119 trees have missing taxa
Calculating quartet distance matrix (for completion of X)
Species tree distances calculated ...
Will attempt to complete bipartitions from X before adding using a distance matrix.
Building set of clusters (X) from gene trees 
------------------------------
gradient0: 595
Number of Clusters after addition by distance: 595
calculating extra bipartitions to be added at level 1 ...
Adding to X using resolutions of greedy consensus ...
Limit for sigma of degrees:675
polytomy size limit : 4
discarded polytomies:  [3, 3, 4]
Threshold 0.0:
Threshold 0.01:
Threshold 0.02:
Threshold 0.05:
Threshold 0.1:
Threshold 0.2:
polytomy of size 3; rounds with additions with at least 5 support: 0; clusters: 595
Threshold 0.3333333333333333:
polytomy of size 3; rounds with additions with at least 5 support: 0; clusters: 595
polytomy of size 4; rounds with additions with at least 5 support: 0; clusters: 595
max k is :0
Number of Clusters after addition by greedy: 595
gradient0 in heuristiic: 595
partitions formed in 0.323 secs
Dynamic Programming starting after 0.323 secs
Using tree-based weight calculation.
Using polytree-based weight calculation.
Polytree max score: 487073
Polytree building time: 0.02 seconds.
Number of quartet trees in the gene trees: 487073
Size of largest cluster: 25
Greedy score: 356528
estimationFactor: 1.3661563748148813
Sub-optimal score: 362406
Total Number of elements weighted: 1345
Normalized score (portion of input quartet trees satisfied before correcting for multiple individuals): 0.7655587560796842
Optimization score: 372883
Optimal tree inferred in 0.562 secs.
(2,((4,((1,17),(8,(16,13)))),((11,((9,7),((15,10),(12,6)))),((18,(5,(14,3))),(19,((21,(22,25)),(20,(24,23))))))));
Final quartet score is: 372883
Final normalized quartet score is: 0.7655587560796842
(8,((16,13)1:2.661211203775681,((1,17)0.99:0.2819244758747528,(4,(((11,((9,7)1:0.5233479436529858,((15,10)1:0.4375176813356711,(12,6)1:1.073146644973401)1:0.2953961621784097)0.73:0.10785305945522942)1:1.9158179921134557,((18,(5,(14,3)1:2.8233610476132034)1:0.6635930129010454)0.76:0.10136122587690698,(19,((21,(22,25)1:0.29881059241753943)1:0.42856515913192517,(20,(24,23)1:1.1674202423344717)0.95:0.19366097547806838)1:0.4036479648735757)1:2.2992573029013745)0.74:0.18834954085550876)1:0.3272984476133728,2)0.69:0.09377595915557466)0.7:0.10240327992967226)0.86:0.16151147974384927));
Weight calculation took 0.164385896 secs
ASTRAL finished in 2.933 secs
