
================== ASTRAL ===================== 

This is ASTRAL version 5.6.3
Gene trees are treated as unrooted
116 trees read from g_trees-raxml-sqlen-0-ngen-25.trees.tree
All output trees will be *arbitrarily* rooted at 20

======== Running the main analysis
Number of taxa: 25 (25 species)
Taxa: [20, 23, 24, 19, 11, 15, 10, 6, 12, 7, 9, 18, 3, 14, 5, 13, 16, 2, 4, 8, 25, 22, 17, 1, 21]
Taxon occupancy: {22=110, 23=112, 24=112, 25=108, 10=84, 11=97, 12=102, 13=102, 14=108, 15=92, 16=102, 17=89, 18=97, 19=110, 1=94, 2=102, 3=108, 4=103, 5=107, 6=102, 7=106, 8=105, 9=105, 20=99, 21=102}
Number of gene trees: 116
72 trees have missing taxa
Calculating quartet distance matrix (for completion of X)
Species tree distances calculated ...
Will attempt to complete bipartitions from X before adding using a distance matrix.
Building set of clusters (X) from gene trees 
------------------------------
gradient0: 95
Number of Clusters after addition by distance: 95
calculating extra bipartitions to be added at level 1 ...
Adding to X using resolutions of greedy consensus ...
Limit for sigma of degrees:675
polytomy size limit : 3
discarded polytomies:  []
Threshold 0.0:
Threshold 0.01:
Threshold 0.02:
Threshold 0.05:
Threshold 0.1:
Threshold 0.2:
Threshold 0.3333333333333333:
max k is :0
Number of Clusters after addition by greedy: 95
gradient0 in heuristiic: 95
partitions formed in 0.141 secs
Dynamic Programming starting after 0.141 secs
Using tree-based weight calculation.
Using polytree-based weight calculation.
Polytree max score: 1019241
Polytree building time: 0.019 seconds.
Number of quartet trees in the gene trees: 1019241
Size of largest cluster: 25
Greedy score: 1019241
estimationFactor: 1.0
Sub-optimal score: 1019241
Total Number of elements weighted: 82
Normalized score (portion of input quartet trees satisfied before correcting for multiple individuals): 1.0
Optimization score: 1019241
Optimal tree inferred in 0.22 secs.
(11,(((7,9),((15,10),(6,12))),((19,((21,(25,22)),(20,(23,24)))),((18,(5,(3,14))),(8,(4,((17,1),(2,(13,16)))))))));
Final quartet score is: 1019241
Final normalized quartet score is: 1.0
(20,((23,24)1:4.1896547420264305,((21,(25,22)1:4.1896547420264305)1:4.209655408733094,(19,(((18,(5,(3,14)1:4.267363726353742)1:4.137829674161844)1:4.116323468940871,(8,(4,((17,1)1:4.048882188145342,(2,(13,16)1:4.229263880121472)1:4.127134385045093)1:4.127134385045093)1:4.238925791033211)1:4.257973986003903)1:4.1896547420264305,(((7,9)1:4.257973986003903,((15,10)1:3.98898404656427,(6,12)1:4.083171261623973)1:4.083171261623973)1:4.179502370562407,11)1:4.094344562222104)1:4.169245870395222)1:4.285882774120985)1:4.179502370562407));
Weight calculation took 0.026806622 secs
ASTRAL finished in 0.351 secs
