
================== ASTRAL ===================== 

This is ASTRAL version 5.6.3
Gene trees are treated as unrooted
1668 trees read from g_trees-raxml-sqlen-100-ngen-500.trees.tree
All output trees will be *arbitrarily* rooted at 23

======== Running the main analysis
Number of taxa: 25 (25 species)
Taxa: [23, 24, 19, 20, 18, 8, 2, 13, 16, 4, 14, 3, 5, 7, 9, 11, 15, 10, 12, 6, 25, 22, 1, 17, 21]
Taxon occupancy: {22=1210, 23=1236, 24=1228, 25=1219, 10=1209, 11=1228, 12=1233, 13=1293, 14=1299, 15=1235, 16=1334, 17=1243, 18=1237, 19=1231, 1=1273, 2=1292, 3=1301, 4=1375, 5=1284, 6=1238, 7=1183, 8=1300, 9=1199, 20=1180, 21=1223}
Number of gene trees: 1668
1592 trees have missing taxa
Calculating quartet distance matrix (for completion of X)
Species tree distances calculated ...
Will attempt to complete bipartitions from X before adding using a distance matrix.
Building set of clusters (X) from gene trees 
------------------------------
gradient0: 799
Number of Clusters after addition by distance: 799
calculating extra bipartitions to be added at level 1 ...
Adding to X using resolutions of greedy consensus ...
Limit for sigma of degrees:675
polytomy size limit : 3
discarded polytomies:  [3]
Threshold 0.0:
Threshold 0.01:
Threshold 0.02:
Threshold 0.05:
Threshold 0.1:
Threshold 0.2:
Threshold 0.3333333333333333:
polytomy of size 3; rounds with additions with at least 5 support: 0; clusters: 799
max k is :0
Number of Clusters after addition by greedy: 799
gradient0 in heuristiic: 799
partitions formed in 0.989 secs
Dynamic Programming starting after 0.989 secs
Using tree-based weight calculation.
Using polytree-based weight calculation.
Polytree max score: 7609716
Polytree building time: 0.152 seconds.
Number of quartet trees in the gene trees: 7609716
Size of largest cluster: 25
Greedy score: 6760727
estimationFactor: 1.1255765837017233
Sub-optimal score: 6760727
Total Number of elements weighted: 2382
Normalized score (portion of input quartet trees satisfied before correcting for multiple individuals): 0.8910297046565206
Optimization score: 6780483
Optimal tree inferred in 3.041 secs.
(18,((5,(14,3)),(((8,4),((1,17),(2,(13,16)))),((19,((21,(25,22)),(20,(23,24)))),(11,((7,9),((15,10),(12,6))))))));
Final quartet score is: 6780483
Final normalized quartet score is: 0.8910297046565206
(23,(24,(20,((21,(25,22)1:0.9978658062502334)1:0.7570188101173246,(19,((11,((7,9)1:1.5555708989617458,((15,10)1:2.1915027747162115,(12,6)1:2.0174917051400993)1:0.32802137228852474)0.95:0.047995322396484005)1:1.7241548441463872,(((8,4)0.99:0.06585998814674349,((1,17)1:1.578880540612649,(2,(13,16)1:2.29134329471194)1:0.8338080868281328)1:0.1622815761005782)1:1.483341154225329,((5,(14,3)1:4.150955654134077)1:0.804396655518637,18)1:1.4844866691720675)1:1.340005563436379)1:5.086113755272173)1:0.30588102695072084)1:0.4827845649405267)1:2.192085568022212));
Weight calculation took 1.811135567 secs
ASTRAL finished in 3.76 secs
