
================== ASTRAL ===================== 

This is ASTRAL version 5.6.3
Gene trees are treated as unrooted
1433 trees read from g_trees-raxml-sqlen-250-ngen-500.trees.tree
All output trees will be *arbitrarily* rooted at 19

======== Running the main analysis
Number of taxa: 25 (25 species)
Taxa: [19, 23, 24, 20, 8, 2, 13, 16, 4, 5, 3, 14, 18, 11, 9, 7, 15, 10, 12, 6, 22, 25, 1, 17, 21]
Taxon occupancy: {22=1094, 23=1111, 24=1111, 25=1098, 10=1036, 11=1101, 12=1089, 13=1114, 14=1106, 15=1082, 16=1135, 17=1106, 18=1093, 19=1116, 1=1122, 2=1118, 3=1109, 4=1183, 5=1135, 6=1103, 7=1063, 8=1096, 9=1068, 20=1107, 21=1108}
Number of gene trees: 1433
1338 trees have missing taxa
Calculating quartet distance matrix (for completion of X)
Species tree distances calculated ...
Will attempt to complete bipartitions from X before adding using a distance matrix.
Building set of clusters (X) from gene trees 
------------------------------
gradient0: 507
Number of Clusters after addition by distance: 507
calculating extra bipartitions to be added at level 1 ...
Adding to X using resolutions of greedy consensus ...
Limit for sigma of degrees:675
polytomy size limit : 3
discarded polytomies:  []
Threshold 0.0:
Threshold 0.01:
Threshold 0.02:
Threshold 0.05:
Threshold 0.1:
Threshold 0.2:
Threshold 0.3333333333333333:
max k is :0
Number of Clusters after addition by greedy: 507
gradient0 in heuristiic: 507
partitions formed in 0.701 secs
Dynamic Programming starting after 0.701 secs
Using tree-based weight calculation.
Using polytree-based weight calculation.
Polytree max score: 7358858
Polytree building time: 0.122 seconds.
Number of quartet trees in the gene trees: 7358858
Size of largest cluster: 25
Greedy score: 6849352
estimationFactor: 1.0743874749027353
Sub-optimal score: 6906952
Total Number of elements weighted: 706
Normalized score (portion of input quartet trees satisfied before correcting for multiple individuals): 0.9392170632997674
Optimization score: 6911565
Optimal tree inferred in 1.384 secs.
(8,((4,((1,17),(2,(13,16)))),((18,(5,(3,14))),((11,((9,7),((15,10),(12,6)))),(19,((21,(22,25)),(20,(23,24))))))));
Final quartet score is: 6911565
Final normalized quartet score is: 0.9392170632997674
(19,(((21,(22,25)1:1.555760844487758)1:1.5041603783304636,(20,(23,24)1:2.817796061802978)1:1.0135262003374919)1:0.5521335295953318,((11,((9,7)1:2.566948258530298,((15,10)1:3.7410983968481877,(12,6)1:2.110045112957178)1:0.7246173768431546)1:0.22763056802924486)1:3.2538138762294824,((18,(5,(3,14)1:4.775620587425974)1:1.1578869002274415)1:1.9674972829972874,((4,((1,17)1:2.5799590834778376,(2,(13,16)1:3.7063726115614513)1:1.282214727764884)1:0.17532362328610512)1:0.09807896443321212,8)1:2.7022937091705566)1:1.6258885587229064)1:5.704892968940217));
Weight calculation took 0.492125317 secs
ASTRAL finished in 1.801 secs
