
================== ASTRAL ===================== 

This is ASTRAL version 5.6.3
Gene trees are treated as unrooted
172 trees read from g_trees-raxml-sqlen-0-ngen-100.trees.tree
All output trees will be *arbitrarily* rooted at 20

======== Running the main analysis
Number of taxa: 25 (25 species)
Taxa: [20, 23, 24, 19, 11, 15, 10, 6, 12, 7, 9, 18, 3, 14, 5, 13, 16, 2, 4, 8, 25, 22, 17, 1, 21]
Taxon occupancy: {22=148, 23=146, 24=146, 25=147, 10=123, 11=141, 12=140, 13=150, 14=136, 15=136, 16=150, 17=139, 18=144, 19=146, 1=140, 2=151, 3=136, 4=154, 5=145, 6=134, 7=138, 8=152, 9=137, 20=141, 21=142}
Number of gene trees: 172
148 trees have missing taxa
Calculating quartet distance matrix (for completion of X)
Species tree distances calculated ...
Will attempt to complete bipartitions from X before adding using a distance matrix.
Building set of clusters (X) from gene trees 
------------------------------
gradient0: 95
Number of Clusters after addition by distance: 95
calculating extra bipartitions to be added at level 1 ...
Adding to X using resolutions of greedy consensus ...
Limit for sigma of degrees:675
polytomy size limit : 3
discarded polytomies:  []
Threshold 0.0:
Threshold 0.01:
Threshold 0.02:
Threshold 0.05:
Threshold 0.1:
Threshold 0.2:
Threshold 0.3333333333333333:
max k is :0
Number of Clusters after addition by greedy: 95
gradient0 in heuristiic: 95
partitions formed in 0.175 secs
Dynamic Programming starting after 0.175 secs
Using tree-based weight calculation.
Using polytree-based weight calculation.
Polytree max score: 1159527
Polytree building time: 0.021 seconds.
Number of quartet trees in the gene trees: 1159527
Size of largest cluster: 25
Greedy score: 1159527
estimationFactor: 1.0
Sub-optimal score: 1159527
Total Number of elements weighted: 82
Normalized score (portion of input quartet trees satisfied before correcting for multiple individuals): 1.0
Optimization score: 1159527
Optimal tree inferred in 0.262 secs.
(11,(((7,9),((15,10),(6,12))),((19,((21,(25,22)),(20,(23,24)))),((18,(5,(3,14))),(8,(4,((17,1),(2,(13,16)))))))));
Final quartet score is: 1159527
Final normalized quartet score is: 1.0
(20,((23,24)1:4.477336814478208,((21,(25,22)1:4.507189777627891)1:4.529008825022534,(19,(((18,(5,(3,14)1:4.492374691842744)1:4.406719247264248)1:4.484884020113582,(8,(4,((17,1)1:4.398555936625091,(2,(13,16)1:4.5849674786705705)1:4.521788577049036)1:4.550361949493098)1:4.578141513600168)1:4.578141513600168)1:4.330733340286328,(((7,9)1:4.507189777627891,((15,10)1:4.39032543748858,(6,12)1:4.446565155811453)1:4.454347296253506)1:4.507189777627891,11)1:4.365219516357503)1:4.313033763186934)1:4.56434819146784)1:4.477336814478208));
Weight calculation took 0.021051365 secs
ASTRAL finished in 1.6 secs
