
================== ASTRAL ===================== 

This is ASTRAL version 5.6.3
Gene trees are treated as unrooted
500 trees read from g_trees-raxml-sqlen-250-ngen-500-s2g.trees
All output trees will be *arbitrarily* rooted at 16

======== Running the main analysis
Number of taxa: 25 (25 species)
Taxa: [16, 15, 14, 13, 12, 11, 10, 19, 18, 17, 25, 24, 1, 23, 2, 22, 3, 21, 4, 20, 5, 6, 7, 8, 9]
Taxon occupancy: {16_1=500, 15_1=500, 14_1=500, 13_1=500, 12_1=500, 11_1=500, 10_1=500, 19_1=500, 18_1=500, 17_1=500, 25_1=500, 1_1=500, 24_1=500, 23_1=500, 2_1=500, 22_1=500, 3_1=500, 21_1=500, 4_1=500, 20_1=500, 5_1=500, 6_1=500, 7_1=500, 8_1=500, 9_1=500}
Number of gene trees: 500
0 trees have missing taxa
Calculating quartet distance matrix (for completion of X)
Species tree distances calculated ...
Building set of clusters (X) from gene trees 
------------------------------
gradient0: 539
Number of Clusters after addition by distance: 539
calculating extra bipartitions to be added at level 1 ...
Adding to X using resolutions of greedy consensus ...
Limit for sigma of degrees:675
polytomy size limit : 3
discarded polytomies:  []
Threshold 0.0:
Threshold 0.01:
Threshold 0.02:
Threshold 0.05:
Threshold 0.1:
Threshold 0.2:
Threshold 0.3333333333333333:
max k is :0
Number of Clusters after addition by greedy: 539
gradient0 in heuristiic: 539
partitions formed in 0.319 secs
Dynamic Programming starting after 0.319 secs
Using tree-based weight calculation.
Using polytree-based weight calculation.
Polytree max score: 6325000
Polytree building time: 0.13 seconds.
Number of quartet trees in the gene trees: 6325000
Size of largest cluster: 25
Greedy score: 5314379
estimationFactor: 1.1901672801281202
Sub-optimal score: 5588978
Total Number of elements weighted: 1019
Normalized score (portion of input quartet trees satisfied before correcting for multiple individuals): 0.8878319367588933
Optimization score: 5615537
Optimal tree inferred in 0.619 secs.
(13,(((7,9),(10,(12,17))),((3,4),(6,(((5,8),(15,1)),(((16,18),(11,(14,2))),(25,(24,((23,21),(19,(22,20)))))))))));
Final quartet score is: 5615537
Final normalized quartet score is: 0.8878319367588933
(16_1,(18_1,((11_1,(14_1,2_1)1:0.5456286008815916)1:2.9691428193647496,((25_1,(24_1,((23_1,21_1)1:3.789593429715781,(19_1,(22_1,20_1)1:0.7580849829964927)1:3.1491347303759007)1:0.24179257386173617)1:0.42004189297769734)1:4.591900716519945,(((5_1,8_1)1:3.9653143024783697,(15_1,1_1)1:1.1054792684422867)1:2.895123548755458,(6_1,((3_1,4_1)1:3.034272227517143,(((7_1,9_1)1:2.938518416584812,(10_1,(12_1,17_1)1:0.25466399324320466)1:0.7951865374028437)1:2.044042355147071,13_1)1:0.3746742367149001)1:3.1904810285011567)1:0.364448521743687)1:0.24022497711166088)1:1.7789446485515856)1:3.3304097145991847));
Weight calculation took 0.09598263 secs
ASTRAL finished in 0.908 secs
