
================== ASTRAL ===================== 

This is ASTRAL version 5.6.3
Gene trees are treated as unrooted
50 trees read from g_trees-raxml-sqlen-0-ngen-50-s2g.trees
All output trees will be *arbitrarily* rooted at 16

======== Running the main analysis
Number of taxa: 25 (25 species)
Taxa: [16, 15, 14, 13, 12, 11, 10, 19, 18, 17, 25, 24, 1, 23, 2, 22, 3, 21, 4, 20, 5, 6, 7, 8, 9]
Taxon occupancy: {16_1=50, 15_1=50, 14_1=50, 13_1=50, 12_1=50, 11_1=50, 10_1=50, 19_1=50, 18_1=50, 17_1=50, 25_1=50, 1_1=50, 24_1=50, 2_1=50, 23_1=50, 3_1=50, 22_1=50, 4_1=50, 21_1=50, 5_1=50, 20_1=50, 6_1=50, 7_1=50, 8_1=50, 9_1=50}
Number of gene trees: 50
0 trees have missing taxa
Calculating quartet distance matrix (for completion of X)
Species tree distances calculated ...
Building set of clusters (X) from gene trees 
------------------------------
gradient0: 95
Number of Clusters after addition by distance: 95
calculating extra bipartitions to be added at level 1 ...
Adding to X using resolutions of greedy consensus ...
Limit for sigma of degrees:675
polytomy size limit : 3
discarded polytomies:  []
Threshold 0.0:
Threshold 0.01:
Threshold 0.02:
Threshold 0.05:
Threshold 0.1:
Threshold 0.2:
Threshold 0.3333333333333333:
max k is :0
Number of Clusters after addition by greedy: 95
gradient0 in heuristiic: 95
partitions formed in 0.1 secs
Dynamic Programming starting after 0.1 secs
Using tree-based weight calculation.
Using polytree-based weight calculation.
Polytree max score: 632500
Polytree building time: 0.012 seconds.
Number of quartet trees in the gene trees: 632500
Size of largest cluster: 25
Greedy score: 632500
estimationFactor: 1.0
Sub-optimal score: 632500
Total Number of elements weighted: 82
Normalized score (portion of input quartet trees satisfied before correcting for multiple individuals): 1.0
Optimization score: 632500
Optimal tree inferred in 0.146 secs.
(19,((22,20),((23,21),(24,(25,(((16,18),(11,(14,2))),(((15,1),(5,8)),(6,((3,4),(13,((7,9),(10,(12,17)))))))))))));
Final quartet score is: 632500
Final normalized quartet score is: 1.0
(16_1,(18_1,((11_1,(14_1,2_1)1:3.5263605246161593)1:3.5263605246161593,((((15_1,1_1)1:3.5263605246161593,(5_1,8_1)1:3.5263605246161593)1:3.5263605246161593,(6_1,((3_1,4_1)1:3.5263605246161593,(13_1,((7_1,9_1)1:3.5263605246161593,(10_1,(12_1,17_1)1:3.5263605246161593)1:3.5263605246161593)1:3.5263605246161593)1:3.5263605246161593)1:3.5263605246161593)1:3.5263605246161593)1:3.5263605246161593,(25_1,(24_1,((23_1,21_1)1:3.5263605246161593,((22_1,20_1)1:3.5263605246161593,19_1)1:3.5263605246161593)1:3.5263605246161593)1:3.5263605246161593)1:3.5263605246161593)1:3.5263605246161593)1:3.5263605246161593));
Weight calculation took 0.004245707 secs
ASTRAL finished in 0.25 secs
