
================== ASTRAL ===================== 

This is ASTRAL version 5.6.3
Gene trees are treated as unrooted
50 trees read from g_trees-raxml-sqlen-25-ngen-50-s2g.trees
All output trees will be *arbitrarily* rooted at 16

======== Running the main analysis
Number of taxa: 25 (25 species)
Taxa: [16, 15, 14, 13, 12, 11, 10, 19, 18, 17, 25, 24, 1, 23, 2, 22, 3, 21, 4, 20, 5, 6, 7, 8, 9]
Taxon occupancy: {16_1=50, 15_1=50, 14_1=50, 13_1=50, 12_1=50, 11_1=50, 10_1=50, 19_1=50, 18_1=50, 17_1=50, 25_1=50, 1_1=50, 24_1=50, 2_1=50, 23_1=50, 22_1=50, 3_1=50, 4_1=50, 21_1=50, 5_1=50, 20_1=50, 6_1=50, 7_1=50, 8_1=50, 9_1=50}
Number of gene trees: 50
0 trees have missing taxa
Calculating quartet distance matrix (for completion of X)
Species tree distances calculated ...
Building set of clusters (X) from gene trees 
------------------------------
gradient0: 789
Number of Clusters after addition by distance: 789
calculating extra bipartitions to be added at level 1 ...
Adding to X using resolutions of greedy consensus ...
Limit for sigma of degrees:675
polytomy size limit : 7
discarded polytomies:  [3, 3, 4, 4, 4, 7]
Threshold 0.0:
Threshold 0.01:
Threshold 0.02:
Threshold 0.05:
Threshold 0.1:
Threshold 0.2:
polytomy of size 4; rounds with additions with at least 5 support: 0; clusters: 789
Threshold 0.3333333333333333:
polytomy of size 4; rounds with additions with at least 5 support: 0; clusters: 789
polytomy of size 4; rounds with additions with at least 5 support: 0; clusters: 789
polytomy of size 3; rounds with additions with at least 5 support: 0; clusters: 789
polytomy of size 3; rounds with additions with at least 5 support: 0; clusters: 789
polytomy of size 7; rounds with additions with at least 5 support: 0; clusters: 789
max k is :0
Number of Clusters after addition by greedy: 789
gradient0 in heuristiic: 789
partitions formed in 0.299 secs
Dynamic Programming starting after 0.299 secs
Using tree-based weight calculation.
Using polytree-based weight calculation.
Polytree max score: 632500
Polytree building time: 0.035 seconds.
Number of quartet trees in the gene trees: 632500
Size of largest cluster: 25
Greedy score: 420240
estimationFactor: 1.5050923281934132
Sub-optimal score: 449565
Total Number of elements weighted: 1847
Normalized score (portion of input quartet trees satisfied before correcting for multiple individuals): 0.7310671936758893
Optimization score: 462400
Optimal tree inferred in 0.464 secs.
(9,(7,((10,(12,17)),((13,(3,4)),(6,(((15,1),(5,8)),(((16,18),(11,(14,2))),(24,(25,((23,21),(19,(22,20))))))))))));
Final quartet score is: 462400
Final normalized quartet score is: 0.7310671936758893
(16_1,(18_1,((11_1,(14_1,2_1)0.64:0.11012526558946546)1:0.5858767252926492,((24_1,(25_1,((23_1,21_1)1:1.8745018962981082,(19_1,(22_1,20_1)0.98:0.275281559253326)1:1.2338257674756172)0.89:0.18201200718615865)0.45:0.035254731855101334)1:1.2369386104561064,(((15_1,1_1)0.96:0.24294617861038934,(5_1,8_1)1:1.615055904738324)1:0.37409944882994467,(6_1,((13_1,(3_1,4_1)1:2.39789527279837)0.47:0.04006536042481595,((10_1,(12_1,17_1)0.74:0.1191208284980434)0.98:0.29013606141334763,(7_1,9_1)1:1.5686159179138472)1:0.8100655382549748)1:1.0404127503197498)0.38:0.007920376673632082)0.52:0.05156361447275015)0.99:0.3013497111804447)1:1.7099084427977347));
Weight calculation took 0.080002729 secs
ASTRAL finished in 0.567 secs
