
================== ASTRAL ===================== 

This is ASTRAL version 5.6.3
Gene trees are treated as unrooted
25 trees read from g_trees-raxml-sqlen-250-ngen-25-s2g.trees
All output trees will be *arbitrarily* rooted at 16

======== Running the main analysis
Number of taxa: 25 (25 species)
Taxa: [16, 15, 14, 13, 12, 11, 10, 19, 18, 17, 25, 24, 1, 23, 2, 22, 3, 21, 4, 20, 5, 6, 7, 8, 9]
Taxon occupancy: {16_1=25, 15_1=25, 14_1=25, 13_1=25, 12_1=25, 11_1=25, 10_1=25, 19_1=25, 18_1=25, 17_1=25, 25_1=25, 1_1=25, 24_1=25, 23_1=25, 2_1=25, 22_1=25, 3_1=25, 21_1=25, 4_1=25, 20_1=25, 5_1=25, 6_1=25, 7_1=25, 8_1=25, 9_1=25}
Number of gene trees: 25
0 trees have missing taxa
Calculating quartet distance matrix (for completion of X)
Species tree distances calculated ...
Building set of clusters (X) from gene trees 
------------------------------
gradient0: 187
Number of Clusters after addition by distance: 187
calculating extra bipartitions to be added at level 1 ...
Adding to X using resolutions of greedy consensus ...
Limit for sigma of degrees:675
polytomy size limit : 3
discarded polytomies:  []
Threshold 0.0:
Threshold 0.01:
Threshold 0.02:
Threshold 0.05:
Threshold 0.1:
Threshold 0.2:
Threshold 0.3333333333333333:
max k is :0
Number of Clusters after addition by greedy: 187
gradient0 in heuristiic: 187
partitions formed in 0.092 secs
Dynamic Programming starting after 0.092 secs
Using tree-based weight calculation.
Using polytree-based weight calculation.
Polytree max score: 316250
Polytree building time: 0.01 seconds.
Number of quartet trees in the gene trees: 316250
Size of largest cluster: 25
Greedy score: 276258
estimationFactor: 1.144763228576186
Sub-optimal score: 284172
Total Number of elements weighted: 206
Normalized score (portion of input quartet trees satisfied before correcting for multiple individuals): 0.9027604743083004
Optimization score: 285498
Optimal tree inferred in 0.138 secs.
(13,(((7,9),(10,(12,17))),((3,4),(6,(((5,8),(15,1)),(((16,18),(11,(14,2))),(25,(24,((23,21),(19,(22,20)))))))))));
Final quartet score is: 285498
Final normalized quartet score is: 0.9027604743083004
(16_1,(18_1,((11_1,(14_1,2_1)0.98:0.45473615711494697)1:2.159484249353373,((25_1,(24_1,((23_1,21_1)1:2.8526314299133184,(19_1,(22_1,20_1)1:0.6554068525770984)1:2.8526314299133184)0.71:0.15162351143652048)0.98:0.40162633180099877)1:2.8526314299133184,(((5_1,8_1)1:2.8526314299133184,(15_1,1_1)1:0.6554068525770984)1:2.447166321805153,(6_1,((3_1,4_1)1:2.8526314299133184,(((7_1,9_1)1:1.5442986102631377,(10_1,(12_1,17_1)0.63:0.13853891435514498)1:0.857931116688572)1:1.3084340393476177,13_1)0.94:0.31893461595588557)1:2.8526314299133184)0.91:0.2749430466743512)0.99:0.44468582126144557)1:1.7287013332609187)1:1.9771626925594188));
Weight calculation took 0.008921581 secs
ASTRAL finished in 0.222 secs
