
================== ASTRAL ===================== 

This is ASTRAL version 5.6.3
Gene trees are treated as unrooted
25 trees read from g_trees-raxml-sqlen-100-ngen-25-s2g.trees
All output trees will be *arbitrarily* rooted at 16

======== Running the main analysis
Number of taxa: 25 (25 species)
Taxa: [16, 15, 14, 13, 12, 11, 10, 19, 18, 17, 25, 24, 1, 23, 2, 22, 3, 21, 4, 20, 5, 6, 7, 8, 9]
Taxon occupancy: {16_1=25, 15_1=25, 14_1=25, 13_1=25, 12_1=25, 11_1=25, 10_1=25, 19_1=25, 18_1=25, 17_1=25, 25_1=25, 1_1=25, 24_1=25, 2_1=25, 23_1=25, 3_1=25, 22_1=25, 4_1=25, 21_1=25, 5_1=25, 20_1=25, 6_1=25, 7_1=25, 8_1=25, 9_1=25}
Number of gene trees: 25
0 trees have missing taxa
Calculating quartet distance matrix (for completion of X)
Species tree distances calculated ...
Building set of clusters (X) from gene trees 
------------------------------
gradient0: 247
Number of Clusters after addition by distance: 247
calculating extra bipartitions to be added at level 1 ...
Adding to X using resolutions of greedy consensus ...
Limit for sigma of degrees:675
polytomy size limit : 4
discarded polytomies:  [3, 3, 4]
Threshold 0.0:
Threshold 0.01:
Threshold 0.02:
Threshold 0.05:
Threshold 0.1:
Threshold 0.2:
Threshold 0.3333333333333333:
polytomy of size 3; rounds with additions with at least 5 support: 0; clusters: 247
polytomy of size 3; rounds with additions with at least 5 support: 0; clusters: 247
polytomy of size 4; rounds with additions with at least 5 support: 0; clusters: 247
max k is :0
Number of Clusters after addition by greedy: 247
gradient0 in heuristiic: 247
partitions formed in 0.126 secs
Dynamic Programming starting after 0.126 secs
Using tree-based weight calculation.
Using polytree-based weight calculation.
Polytree max score: 316250
Polytree building time: 0.012 seconds.
Number of quartet trees in the gene trees: 316250
Size of largest cluster: 25
Greedy score: 260079
estimationFactor: 1.2159766840075517
Sub-optimal score: 267099
Total Number of elements weighted: 337
Normalized score (portion of input quartet trees satisfied before correcting for multiple individuals): 0.8494324110671937
Optimization score: 268633
Optimal tree inferred in 0.18 secs.
(3,(4,((13,((7,9),(10,(12,17)))),(6,((25,((19,(22,20)),(24,(23,21)))),(((5,8),(15,1)),((16,18),(11,(14,2)))))))));
Final quartet score is: 268633
Final normalized quartet score is: 0.8494324110671937
(16_1,(18_1,((11_1,(14_1,2_1)0.91:0.2946996451104274)1:1.4295230956707108,(((5_1,8_1)1:2.529858037650268,(15_1,1_1)0.99:0.4899820961766218)1:1.0341488905445089,((25_1,((19_1,(22_1,20_1)0.92:0.3017668123335198)1:2.186152496435534,(24_1,(23_1,21_1)1:2.182473767578072)0.51:0.07675863247234645)0.51:0.07888596954571267)1:2.2566479978070184,(6_1,((13_1,((7_1,9_1)1:2.1106940851839413,(10_1,(12_1,17_1)0.53:0.06874315241960309)0.97:0.386652790010836)1:0.7074185746652779)0.61:0.1053605156578264,(4_1,3_1)1:2.8526314299133184)1:2.8526314299133184)0.74:0.16922093274825653)0.54:0.12436370678851165)1:1.466337068793427)1:1.5716975844512528));
Weight calculation took 0.013552255 secs
ASTRAL finished in 0.264 secs
