
================== ASTRAL ===================== 

This is ASTRAL version 5.6.3
Gene trees are treated as unrooted
50 trees read from g_trees-raxml-sqlen-100-ngen-50.trees.tree
All output trees will be *arbitrarily* rooted at 18

======== Running the main analysis
Number of taxa: 25 (25 species)
Taxa: [18, 16, 2, 11, 14, 6, 15, 1, 5, 8, 13, 4, 3, 12, 17, 10, 9, 7, 24, 21, 23, 25, 20, 22, 19]
Taxon occupancy: {22=50, 23=50, 24=50, 25=50, 10=50, 11=50, 12=50, 13=50, 14=50, 15=50, 16=50, 17=50, 18=50, 19=50, 1=50, 2=50, 3=50, 4=50, 5=50, 6=50, 7=50, 8=50, 9=50, 20=50, 21=50}
Number of gene trees: 50
0 trees have missing taxa
Calculating quartet distance matrix (for completion of X)
Species tree distances calculated ...
Building set of clusters (X) from gene trees 
------------------------------
gradient0: 305
Number of Clusters after addition by distance: 305
calculating extra bipartitions to be added at level 1 ...
Adding to X using resolutions of greedy consensus ...
Limit for sigma of degrees:675
polytomy size limit : 4
discarded polytomies:  [3, 3, 4]
Threshold 0.0:
Threshold 0.01:
Threshold 0.02:
Threshold 0.05:
Threshold 0.1:
Threshold 0.2:
Threshold 0.3333333333333333:
polytomy of size 3; rounds with additions with at least 5 support: 0; clusters: 305
polytomy of size 3; rounds with additions with at least 5 support: 0; clusters: 305
polytomy of size 4; rounds with additions with at least 5 support: 0; clusters: 305
max k is :0
Number of Clusters after addition by greedy: 305
gradient0 in heuristiic: 305
partitions formed in 0.158 secs
Dynamic Programming starting after 0.158 secs
Using tree-based weight calculation.
Using polytree-based weight calculation.
Polytree max score: 632500
Polytree building time: 0.02 seconds.
Number of quartet trees in the gene trees: 632500
Size of largest cluster: 25
Greedy score: 505724
estimationFactor: 1.2506821902856102
Sub-optimal score: 525014
Total Number of elements weighted: 447
Normalized score (portion of input quartet trees satisfied before correcting for multiple individuals): 0.8420332015810277
Optimization score: 532586
Optimal tree inferred in 0.233 secs.
(23,(21,((19,(20,22)),(24,(25,(((18,16),(11,(2,14))),(((5,8),(15,1)),(6,((4,3),(13,((9,7),(10,(12,17)))))))))))));
Final quartet score is: 532586
Final normalized quartet score is: 0.8420332015810277
(18,(16,((11,(2,14)0.96:0.27176661714588135)1:1.9894933050168964,((((5,8)1:2.572682260670385,(15,1)1:0.5474353693785513)1:1.353082953130453,(6,((4,3)1:2.4277482359480516,(13,((9,7)1:2.1153735509059,(10,(12,17)0.74:0.11761593731862323)1:0.34726556975980527)1:1.1526795099383855)0.67:0.09465295637659657)1:3.0800734219877417)0.7:0.10522435935017486)0.44:0.04736960501408624,(25,(24,((19,(20,22)1:0.36357416639900403)1:2.0794415416798353,(21,23)1:3.431050344811835)0.88:0.17676427172908818)0.98:0.2803019651541584)1:2.6423810975943494)1:1.11852481211254)1:1.7263022525734102));
Weight calculation took 0.020978773 secs
ASTRAL finished in 0.339 secs
