
================== ASTRAL ===================== 

This is ASTRAL version 5.6.3
Gene trees are treated as unrooted
50 trees read from g_trees-raxml-sqlen-25-ngen-50.trees.tree
All output trees will be *arbitrarily* rooted at 15

======== Running the main analysis
Number of taxa: 25 (25 species)
Taxa: [15, 2, 14, 11, 16, 18, 1, 5, 8, 6, 13, 17, 10, 9, 7, 12, 4, 3, 24, 25, 23, 21, 22, 20, 19]
Taxon occupancy: {22=50, 23=50, 24=50, 25=50, 10=50, 11=50, 12=50, 13=50, 14=50, 15=50, 16=50, 17=50, 18=50, 19=50, 1=50, 2=50, 3=50, 4=50, 5=50, 6=50, 7=50, 8=50, 9=50, 20=50, 21=50}
Number of gene trees: 50
0 trees have missing taxa
Calculating quartet distance matrix (for completion of X)
Species tree distances calculated ...
Building set of clusters (X) from gene trees 
------------------------------
gradient0: 789
Number of Clusters after addition by distance: 789
calculating extra bipartitions to be added at level 1 ...
Adding to X using resolutions of greedy consensus ...
Limit for sigma of degrees:675
polytomy size limit : 7
discarded polytomies:  [3, 3, 4, 4, 4, 7]
Threshold 0.0:
Threshold 0.01:
Threshold 0.02:
Threshold 0.05:
Threshold 0.1:
Threshold 0.2:
polytomy of size 4; rounds with additions with at least 5 support: 0; clusters: 789
Threshold 0.3333333333333333:
polytomy of size 4; rounds with additions with at least 5 support: 0; clusters: 789
polytomy of size 4; rounds with additions with at least 5 support: 0; clusters: 789
polytomy of size 3; rounds with additions with at least 5 support: 0; clusters: 789
polytomy of size 3; rounds with additions with at least 5 support: 0; clusters: 789
polytomy of size 7; rounds with additions with at least 5 support: 0; clusters: 789
max k is :0
Number of Clusters after addition by greedy: 789
gradient0 in heuristiic: 789
partitions formed in 0.356 secs
Dynamic Programming starting after 0.356 secs
Using tree-based weight calculation.
Using polytree-based weight calculation.
Polytree max score: 632500
Polytree building time: 0.031 seconds.
Number of quartet trees in the gene trees: 632500
Size of largest cluster: 25
Greedy score: 430875
estimationFactor: 1.4679431389614157
Sub-optimal score: 449302
Total Number of elements weighted: 1823
Normalized score (portion of input quartet trees satisfied before correcting for multiple individuals): 0.7310671936758893
Optimization score: 462400
Optimal tree inferred in 0.557 secs.
(23,(21,((19,(22,20)),(25,(24,(((16,18),(11,(2,14))),(((5,8),(15,1)),(6,((13,(4,3)),((9,7),(10,(17,12))))))))))));
Final quartet score is: 462400
Final normalized quartet score is: 0.7310671936758893
(15,(1,((5,8)1:1.615055904738324,((6,((13,(4,3)1:2.39789527279837)0.47:0.04006536042481595,((9,7)1:1.5686159179138472,(10,(17,12)0.74:0.1191208284980434)0.98:0.29013606141334763)1:0.8100655382549748)1:1.0404127503197498)0.38:0.007920376673632082,(((16,18)1:1.7099084427977347,(11,(2,14)0.64:0.11012526558946546)1:0.5858767252926492)0.99:0.3013497111804447,(24,(25,((19,(22,20)0.98:0.275281559253326)1:1.2338257674756172,(21,23)1:1.8745018962981082)0.89:0.18201200718615865)0.45:0.035254731855101334)1:1.2369386104561064)0.52:0.05156361447275015)1:0.37409944882994467)0.96:0.24294617861038934));
Weight calculation took 0.110562875 secs
ASTRAL finished in 2.767 secs
