
================== ASTRAL ===================== 

This is ASTRAL version 5.6.3
Gene trees are treated as unrooted
100 trees read from g_trees-raxml-sqlen-250-ngen-100.trees.tree
All output trees will be *arbitrarily* rooted at 6

======== Running the main analysis
Number of taxa: 25 (25 species)
Taxa: [6, 8, 5, 15, 1, 14, 11, 2, 18, 16, 13, 4, 3, 9, 7, 17, 12, 10, 23, 21, 24, 25, 22, 20, 19]
Taxon occupancy: {22=100, 23=100, 24=100, 25=100, 10=100, 11=100, 12=100, 13=100, 14=100, 15=100, 16=100, 17=100, 18=100, 19=100, 1=100, 2=100, 3=100, 4=100, 5=100, 6=100, 7=100, 8=100, 9=100, 20=100, 21=100}
Number of gene trees: 100
0 trees have missing taxa
Calculating quartet distance matrix (for completion of X)
Species tree distances calculated ...
Building set of clusters (X) from gene trees 
------------------------------
gradient0: 281
Number of Clusters after addition by distance: 281
calculating extra bipartitions to be added at level 1 ...
Adding to X using resolutions of greedy consensus ...
Limit for sigma of degrees:675
polytomy size limit : 3
discarded polytomies:  []
Threshold 0.0:
Threshold 0.01:
Threshold 0.02:
Threshold 0.05:
Threshold 0.1:
Threshold 0.2:
Threshold 0.3333333333333333:
max k is :0
Number of Clusters after addition by greedy: 281
gradient0 in heuristiic: 281
partitions formed in 0.217 secs
Dynamic Programming starting after 0.217 secs
Using tree-based weight calculation.
Using polytree-based weight calculation.
Polytree max score: 1265000
Polytree building time: 0.043 seconds.
Number of quartet trees in the gene trees: 1265000
Size of largest cluster: 25
Greedy score: 1100773
estimationFactor: 1.1491924311370283
Sub-optimal score: 1104013
Total Number of elements weighted: 321
Normalized score (portion of input quartet trees satisfied before correcting for multiple individuals): 0.891490118577075
Optimization score: 1127735
Optimal tree inferred in 0.36 secs.
(24,(((23,21),(19,(22,20))),(25,(((18,16),(11,(14,2))),(((8,5),(15,1)),(6,((4,3),(13,((9,7),(10,(17,12)))))))))));
Final quartet score is: 1127735
Final normalized quartet score is: 0.891490118577075
(6,(((4,3)1:2.7825390530929495,(13,((9,7)1:2.307547882336174,(10,(17,12)0.99:0.21731001446611567)1:0.9410374919700802)1:1.8054008140264322)1:0.38974769221275446)1:3.3895085374118374,(((8,5)1:4.209655408733094,(15,1)1:1.037571745371653)1:2.80274176041047,(((18,16)1:2.9858799771109785,(11,(14,2)1:0.5207759546191586)1:2.8233610476132034)1:1.6012838898212798,(25,(((23,21)1:3.5678015225606994,(19,(22,20)1:0.718672723198585)1:3.1278502383813693)1:0.2986855892896076,24)1:0.41641593929491577)1:4.209655408733094)1:0.3093676595233701)1:0.3018077747154296));
Weight calculation took 0.033973544 secs
ASTRAL finished in 0.73 secs
