
================== ASTRAL ===================== 

This is ASTRAL version 5.6.3
Gene trees are treated as unrooted
500 trees read from g_trees-raxml-sqlen-250-ngen-500.trees.tree
All output trees will be *arbitrarily* rooted at 6

======== Running the main analysis
Number of taxa: 25 (25 species)
Taxa: [6, 8, 5, 15, 1, 14, 11, 2, 18, 16, 13, 4, 3, 9, 7, 17, 12, 10, 23, 21, 24, 25, 22, 20, 19]
Taxon occupancy: {22=500, 23=500, 24=500, 25=500, 10=500, 11=500, 12=500, 13=500, 14=500, 15=500, 16=500, 17=500, 18=500, 19=500, 1=500, 2=500, 3=500, 4=500, 5=500, 6=500, 7=500, 8=500, 9=500, 20=500, 21=500}
Number of gene trees: 500
0 trees have missing taxa
Calculating quartet distance matrix (for completion of X)
Species tree distances calculated ...
Building set of clusters (X) from gene trees 
------------------------------
gradient0: 539
Number of Clusters after addition by distance: 539
calculating extra bipartitions to be added at level 1 ...
Adding to X using resolutions of greedy consensus ...
Limit for sigma of degrees:675
polytomy size limit : 3
discarded polytomies:  []
Threshold 0.0:
Threshold 0.01:
Threshold 0.02:
Threshold 0.05:
Threshold 0.1:
Threshold 0.2:
Threshold 0.3333333333333333:
max k is :0
Number of Clusters after addition by greedy: 539
gradient0 in heuristiic: 539
partitions formed in 0.296 secs
Dynamic Programming starting after 0.297 secs
Using tree-based weight calculation.
Using polytree-based weight calculation.
Polytree max score: 6325000
Polytree building time: 0.123 seconds.
Number of quartet trees in the gene trees: 6325000
Size of largest cluster: 25
Greedy score: 5467739
estimationFactor: 1.156785281813927
Sub-optimal score: 5482453
Total Number of elements weighted: 907
Normalized score (portion of input quartet trees satisfied before correcting for multiple individuals): 0.8878319367588933
Optimization score: 5615537
Optimal tree inferred in 0.557 secs.
(24,(((23,21),(19,(22,20))),(25,(((18,16),(11,(14,2))),(((8,5),(15,1)),(6,((4,3),(13,((9,7),(10,(17,12)))))))))));
Final quartet score is: 5615537
Final normalized quartet score is: 0.8878319367588933
(6,(((4,3)1:3.034272227517143,(13,((9,7)1:2.938518416584812,(10,(17,12)1:0.25466399324320466)1:0.7951865374028437)1:2.044042355147071)1:0.3746742367149001)1:3.1904810285011567,(((8,5)1:3.9653143024783697,(15,1)1:1.1054792684422867)1:2.895123548755458,(((18,16)1:3.3304097145991847,(11,(14,2)1:0.5456286008815916)1:2.9691428193647496)1:1.7789446485515856,(25,(((23,21)1:3.789593429715781,(19,(22,20)1:0.7580849829964927)1:3.1491347303759007)1:0.24179257386173617,24)1:0.42004189297769734)1:4.591900716519945)1:0.24022497711166088)1:0.364448521743687));
Weight calculation took 0.065071971 secs
ASTRAL finished in 1.088 secs
