
================== ASTRAL ===================== 

This is ASTRAL version 5.6.3
Gene trees are treated as unrooted
100 trees read from g_trees-raxml-sqlen-25-ngen-100.trees.tree
All output trees will be *arbitrarily* rooted at 15

======== Running the main analysis
Number of taxa: 25 (25 species)
Taxa: [15, 2, 14, 11, 16, 18, 1, 5, 8, 6, 13, 17, 10, 9, 7, 12, 4, 3, 24, 25, 23, 21, 22, 20, 19]
Taxon occupancy: {22=100, 23=100, 24=100, 25=100, 10=100, 11=100, 12=100, 13=100, 14=100, 15=100, 16=100, 17=100, 18=100, 19=100, 1=100, 2=100, 3=100, 4=100, 5=100, 6=100, 7=100, 8=100, 9=100, 20=100, 21=100}
Number of gene trees: 100
0 trees have missing taxa
Calculating quartet distance matrix (for completion of X)
Species tree distances calculated ...
Building set of clusters (X) from gene trees 
------------------------------
gradient0: 1217
Number of Clusters after addition by distance: 1217
calculating extra bipartitions to be added at level 1 ...
Adding to X using resolutions of greedy consensus ...
Limit for sigma of degrees:675
polytomy size limit : 5
discarded polytomies:  [3, 3, 3, 3, 3, 3, 4, 4, 4, 5]
Threshold 0.0:
Threshold 0.01:
Threshold 0.02:
Threshold 0.05:
Threshold 0.1:
polytomy of size 3; rounds with additions with at least 5 support: 0; clusters: 1217
Threshold 0.2:
polytomy of size 3; rounds with additions with at least 5 support: 0; clusters: 1217
polytomy of size 3; rounds with additions with at least 5 support: 0; clusters: 1217
polytomy of size 4; rounds with additions with at least 5 support: 0; clusters: 1217
Threshold 0.3333333333333333:
polytomy of size 4; rounds with additions with at least 5 support: 0; clusters: 1217
polytomy of size 3; rounds with additions with at least 5 support: 0; clusters: 1217
polytomy of size 4; rounds with additions with at least 5 support: 0; clusters: 1217
polytomy of size 3; rounds with additions with at least 5 support: 0; clusters: 1217
polytomy of size 5; rounds with additions with at least 5 support: 0; clusters: 1217
polytomy of size 3; rounds with additions with at least 5 support: 0; clusters: 1217
max k is :0
Number of Clusters after addition by greedy: 1217
gradient0 in heuristiic: 1217
partitions formed in 0.495 secs
Dynamic Programming starting after 0.495 secs
Using tree-based weight calculation.
Using polytree-based weight calculation.
Polytree max score: 1265000
Polytree building time: 0.064 seconds.
Number of quartet trees in the gene trees: 1265000
Size of largest cluster: 25
Greedy score: 815764
estimationFactor: 1.5506935829480095
Sub-optimal score: 876615
Total Number of elements weighted: 3636
Normalized score (portion of input quartet trees satisfied before correcting for multiple individuals): 0.7185897233201581
Optimization score: 909016
Optimal tree inferred in 0.863 secs.
(23,(21,((19,(22,20)),(24,(25,(((16,18),(11,(2,14))),(((5,8),(15,1)),(6,((4,3),(13,((9,7),(10,(17,12)))))))))))));
Final quartet score is: 909016
Final normalized quartet score is: 0.7185897233201581
(15,(1,((5,8)1:1.4326123361439342,((6,((4,3)1:2.0048344845049377,(13,((9,7)1:1.642145230409886,(10,(17,12)0.82:0.105510541912702)1:0.23677251504818642)1:0.8157948171347933)0.71:0.07703326273064934)1:0.784443150867066)0.82:0.10370313025415231,(((16,18)1:2.2733147106939344,(11,(2,14)0.62:0.0839883753819532)1:0.7580818197458731)1:0.3326713958615566,(25,(24,((19,(22,20)1:0.30036340181618076)1:1.1243109764894161,(21,23)1:2.2709137491563967)0.93:0.14604138760203464)0.76:0.09097963616525051)1:1.1487838330081424)0.38:0.007500952079632691)1:0.5389965007326876)0.99:0.22243658769338998));
Weight calculation took 0.222056396 secs
ASTRAL finished in 1.025 secs
