
================== ASTRAL ===================== 

This is ASTRAL version 5.6.3
Gene trees are treated as unrooted
25 trees read from g_trees-raxml-sqlen-50-ngen-25.trees.tree
All output trees will be *arbitrarily* rooted at 16

======== Running the main analysis
Number of taxa: 25 (25 species)
Taxa: [16, 18, 14, 2, 11, 5, 8, 15, 1, 6, 13, 4, 3, 7, 12, 9, 17, 10, 24, 25, 21, 23, 22, 20, 19]
Taxon occupancy: {22=25, 23=25, 24=25, 25=25, 10=25, 11=25, 12=25, 13=25, 14=25, 15=25, 16=25, 17=25, 18=25, 19=25, 1=25, 2=25, 3=25, 4=25, 5=25, 6=25, 7=25, 8=25, 9=25, 20=25, 21=25}
Number of gene trees: 25
0 trees have missing taxa
Calculating quartet distance matrix (for completion of X)
Species tree distances calculated ...
Building set of clusters (X) from gene trees 
------------------------------
gradient0: 375
Number of Clusters after addition by distance: 375
calculating extra bipartitions to be added at level 1 ...
Adding to X using resolutions of greedy consensus ...
Limit for sigma of degrees:675
polytomy size limit : 4
discarded polytomies:  [3, 3, 3, 4, 4]
Threshold 0.0:
Threshold 0.01:
Threshold 0.02:
Threshold 0.05:
Threshold 0.1:
Threshold 0.2:
polytomy of size 3; rounds with additions with at least 5 support: 0; clusters: 375
Threshold 0.3333333333333333:
polytomy of size 3; rounds with additions with at least 5 support: 0; clusters: 375
polytomy of size 3; rounds with additions with at least 5 support: 0; clusters: 375
polytomy of size 4; rounds with additions with at least 5 support: 0; clusters: 375
polytomy of size 4; rounds with additions with at least 5 support: 0; clusters: 375
max k is :0
Number of Clusters after addition by greedy: 375
gradient0 in heuristiic: 375
partitions formed in 0.18 secs
Dynamic Programming starting after 0.18 secs
Using tree-based weight calculation.
Using polytree-based weight calculation.
Polytree max score: 316250
Polytree building time: 0.015 seconds.
Number of quartet trees in the gene trees: 316250
Size of largest cluster: 25
Greedy score: 230260
estimationFactor: 1.3734474072787284
Sub-optimal score: 247522
Total Number of elements weighted: 602
Normalized score (portion of input quartet trees satisfied before correcting for multiple individuals): 0.7970276679841897
Optimization score: 252060
Optimal tree inferred in 0.26 secs.
(21,(23,(24,((19,(22,20)),(25,(((16,18),(11,(14,2))),(((15,1),(5,8)),(6,((4,3),(13,((7,9),(10,(12,17)))))))))))));
Final quartet score is: 252060
Final normalized quartet score is: 0.7970276679841897
(16,(18,((11,(14,2)0.99:0.4926354297059329)1:0.644357016390513,((((15,1)0.96:0.34807778274152096,(5,8)1:1.466337068793427)1:0.7755073863738444,(6,((4,3)1:2.8526314299133184,(13,((7,9)1:1.6094379124340998,(10,(12,17)0.42:0.02478002899848708)0.99:0.4917774287952961)1:0.6134159508518611)0.45:0.03898544671295377)1:1.6270194504839002)0.7:0.1459710831001618)0.42:0.024566704766178435,(25,((19,(22,20)1:0.6758157242083049)1:1.6999519199749331,(24,(23,21)1:2.182473767578072)0.47:0.045556531602367105)0.71:0.17593175869518374)1:1.867006004638098)1:0.6468961629091896)1:1.4705124402039076));
Weight calculation took 0.020499933 secs
ASTRAL finished in 2.426 secs
