
================== ASTRAL ===================== 

This is ASTRAL version 5.6.3
Gene trees are treated as unrooted
50 trees read from g_trees-raxml-sqlen-250-ngen-50.trees.tree
All output trees will be *arbitrarily* rooted at 6

======== Running the main analysis
Number of taxa: 25 (25 species)
Taxa: [6, 8, 5, 15, 1, 14, 11, 2, 18, 16, 13, 4, 3, 9, 7, 17, 12, 10, 23, 21, 24, 25, 22, 20, 19]
Taxon occupancy: {22=50, 23=50, 24=50, 25=50, 10=50, 11=50, 12=50, 13=50, 14=50, 15=50, 16=50, 17=50, 18=50, 19=50, 1=50, 2=50, 3=50, 4=50, 5=50, 6=50, 7=50, 8=50, 9=50, 20=50, 21=50}
Number of gene trees: 50
0 trees have missing taxa
Calculating quartet distance matrix (for completion of X)
Species tree distances calculated ...
Building set of clusters (X) from gene trees 
------------------------------
gradient0: 227
Number of Clusters after addition by distance: 227
calculating extra bipartitions to be added at level 1 ...
Adding to X using resolutions of greedy consensus ...
Limit for sigma of degrees:675
polytomy size limit : 3
discarded polytomies:  []
Threshold 0.0:
Threshold 0.01:
Threshold 0.02:
Threshold 0.05:
Threshold 0.1:
Threshold 0.2:
Threshold 0.3333333333333333:
max k is :0
Number of Clusters after addition by greedy: 227
gradient0 in heuristiic: 227
partitions formed in 0.131 secs
Dynamic Programming starting after 0.131 secs
Using tree-based weight calculation.
Using polytree-based weight calculation.
Polytree max score: 632500
Polytree building time: 0.018 seconds.
Number of quartet trees in the gene trees: 632500
Size of largest cluster: 25
Greedy score: 549314
estimationFactor: 1.151436154913219
Sub-optimal score: 549314
Total Number of elements weighted: 250
Normalized score (portion of input quartet trees satisfied before correcting for multiple individuals): 0.892009486166008
Optimization score: 564196
Optimal tree inferred in 0.207 secs.
(24,(((23,21),(19,(22,20))),(25,(((18,16),(11,(14,2))),(((8,5),(15,1)),(6,((4,3),(13,((9,7),(10,(17,12)))))))))));
Final quartet score is: 564196
Final normalized quartet score is: 0.892009486166008
(6,(((4,3)1:3.5263605246161593,(13,((9,7)1:1.6242529982192404,(10,(17,12)0.97:0.2700137683184668)1:0.8573977122219981)1:1.5704752305040293)0.93:0.20854475189305693)1:3.5263605246161593,(((8,5)1:3.5263605246161593,(15,1)1:0.7627404723591409)1:2.2735975561207935,(((18,16)1:2.6508917872622626,(11,(14,2)1:0.4353180712578455)1:2.4277482359480516)1:1.613973067599491,(25,(((23,21)1:3.5263605246161593,(19,(22,20)1:0.7652004982000032)1:2.8585311520405097)0.95:0.23247487874309414,24)1:0.453667209926042)1:3.5263605246161593)1:0.34668763528148705)0.99:0.31249724157150516));
Weight calculation took 0.022952055 secs
ASTRAL finished in 0.318 secs
