
================== ASTRAL ===================== 

This is ASTRAL version 5.6.3
Gene trees are treated as unrooted
50 trees read from g_trees-raxml-sqlen-50-ngen-50.trees.tree
All output trees will be *arbitrarily* rooted at 16

======== Running the main analysis
Number of taxa: 25 (25 species)
Taxa: [16, 18, 14, 2, 11, 5, 8, 15, 1, 6, 13, 4, 3, 7, 12, 9, 17, 10, 24, 25, 21, 23, 22, 20, 19]
Taxon occupancy: {22=50, 23=50, 24=50, 25=50, 10=50, 11=50, 12=50, 13=50, 14=50, 15=50, 16=50, 17=50, 18=50, 19=50, 1=50, 2=50, 3=50, 4=50, 5=50, 6=50, 7=50, 8=50, 9=50, 20=50, 21=50}
Number of gene trees: 50
0 trees have missing taxa
Calculating quartet distance matrix (for completion of X)
Species tree distances calculated ...
Building set of clusters (X) from gene trees 
------------------------------
gradient0: 477
Number of Clusters after addition by distance: 477
calculating extra bipartitions to be added at level 1 ...
Adding to X using resolutions of greedy consensus ...
Limit for sigma of degrees:675
polytomy size limit : 4
discarded polytomies:  [3, 3, 3, 4, 4]
Threshold 0.0:
Threshold 0.01:
Threshold 0.02:
Threshold 0.05:
Threshold 0.1:
Threshold 0.2:
polytomy of size 3; rounds with additions with at least 5 support: 0; clusters: 477
Threshold 0.3333333333333333:
polytomy of size 4; rounds with additions with at least 5 support: 0; clusters: 477
polytomy of size 3; rounds with additions with at least 5 support: 0; clusters: 477
polytomy of size 3; rounds with additions with at least 5 support: 0; clusters: 477
polytomy of size 4; rounds with additions with at least 5 support: 0; clusters: 477
max k is :0
Number of Clusters after addition by greedy: 477
gradient0 in heuristiic: 477
partitions formed in 0.264 secs
Dynamic Programming starting after 0.264 secs
Using tree-based weight calculation.
Using polytree-based weight calculation.
Polytree max score: 632500
Polytree building time: 0.032 seconds.
Number of quartet trees in the gene trees: 632500
Size of largest cluster: 25
Greedy score: 480536
estimationFactor: 1.3162385336374383
Sub-optimal score: 505534
Total Number of elements weighted: 871
Normalized score (portion of input quartet trees satisfied before correcting for multiple individuals): 0.805402371541502
Optimization score: 509417
Optimal tree inferred in 0.425 secs.
(21,(23,(24,((19,(22,20)),(25,(((16,18),(11,(14,2))),(6,(((15,1),(5,8)),(13,((4,3),((7,9),(12,(17,10)))))))))))));
Final quartet score is: 509417
Final normalized quartet score is: 0.805402371541502
(16,(18,((11,(14,2)0.99:0.3093045364649464)1:1.0883707946159134,((6,(((15,1)1:0.4841082354272775,(5,8)1:1.6995097355768363)1:0.8928128508118727,(13,((4,3)1:2.465488563930899,((7,9)1:2.029718106327405,(12,(17,10)0.41:0.017532478761640637)1:0.48900657637135087)1:0.833235973730627)0.49:0.05549076382258303)1:2.024116308921547)0.54:0.0625796566522382)0.78:0.13193203202770093,(25,((19,(22,20)1:0.4007968768896124)1:1.3987555815577042,(24,(23,21)1:2.856202862280915)0.58:0.06998850185848297)0.8:0.16290347093685292)1:2.310915319127987)1:0.7347236074056858)1:1.186158568050809));
Weight calculation took 0.069970504 secs
ASTRAL finished in 1.964 secs
