
================== ASTRAL ===================== 

This is ASTRAL version 5.6.3
Gene trees are treated as unrooted
50 trees read from g_trees-raxml-sqlen-25-ngen-50-s2g.trees
All output trees will be *arbitrarily* rooted at 16

======== Running the main analysis
Number of taxa: 25 (25 species)
Taxa: [16, 15, 14, 13, 12, 11, 10, 19, 18, 17, 25, 24, 1, 23, 2, 22, 3, 21, 4, 20, 5, 6, 7, 8, 9]
Taxon occupancy: {16_1=50, 15_1=50, 14_1=50, 13_1=50, 12_1=50, 11_1=50, 10_1=50, 19_1=50, 18_1=50, 17_1=50, 25_1=50, 24_1=50, 1_1=50, 2_1=50, 23_1=50, 3_1=50, 22_1=50, 4_1=50, 21_1=50, 5_1=50, 20_1=50, 6_1=50, 7_1=50, 8_1=50, 9_1=50}
Number of gene trees: 50
0 trees have missing taxa
Calculating quartet distance matrix (for completion of X)
Species tree distances calculated ...
Building set of clusters (X) from gene trees 
------------------------------
gradient0: 759
Number of Clusters after addition by distance: 759
calculating extra bipartitions to be added at level 1 ...
Adding to X using resolutions of greedy consensus ...
Limit for sigma of degrees:675
polytomy size limit : 4
discarded polytomies:  [3, 4, 4]
Threshold 0.0:
Threshold 0.01:
Threshold 0.02:
Threshold 0.05:
Threshold 0.1:
Threshold 0.2:
polytomy of size 4; rounds with additions with at least 5 support: 0; clusters: 759
Threshold 0.3333333333333333:
polytomy of size 3; rounds with additions with at least 5 support: 0; clusters: 759
polytomy of size 4; rounds with additions with at least 5 support: 0; clusters: 759
max k is :0
Number of Clusters after addition by greedy: 759
gradient0 in heuristiic: 759
partitions formed in 0.223 secs
Dynamic Programming starting after 0.223 secs
Using tree-based weight calculation.
Using polytree-based weight calculation.
Polytree max score: 632500
Polytree building time: 0.032 seconds.
Number of quartet trees in the gene trees: 632500
Size of largest cluster: 25
Greedy score: 381510
estimationFactor: 1.657885769704595
Sub-optimal score: 410918
Total Number of elements weighted: 1484
Normalized score (portion of input quartet trees satisfied before correcting for multiple individuals): 0.6992727272727273
Optimization score: 442290
Optimal tree inferred in 0.371 secs.
(8,(17,(((23,20),(19,(6,9))),(((2,(1,3)),(5,(7,(18,24)))),((25,(15,(12,21))),((14,(13,11)),(16,(4,(10,22)))))))));
Final quartet score is: 442290
Final normalized quartet score is: 0.6992727272727273
(16_1,((4_1,(10_1,22_1)0.94:0.22381222402384554)1:0.55107394222246,((14_1,(13_1,11_1)0.51:0.060624621816434854)1:2.182625777915066,((25_1,(15_1,(12_1,21_1)1:0.6512562388507854)1:0.4773131922944485)1:1.0310209591064459,(((2_1,(1_1,3_1)1:0.6085897925318822)1:0.7734963077241587,(5_1,(7_1,(18_1,24_1)0.99:0.312954175552496)1:1.5242372307202938)1:0.4261014161529216)1:0.42086187107887735,(((23_1,20_1)1:1.1104467463151135,(19_1,(6_1,9_1)1:0.3712962124929147)1:0.648567548926857)0.6:0.10924118994342065,(17_1,8_1)1:1.3941684175507967)1:0.6143628302494945)0.65:0.09350251946056193)0.8:0.1542017432224748)1:0.6199993122749804));
Weight calculation took 0.070020656 secs
ASTRAL finished in 0.476 secs
