
================== ASTRAL ===================== 

This is ASTRAL version 5.6.3
Gene trees are treated as unrooted
100 trees read from g_trees-raxml-sqlen-25-ngen-100-s2g.trees
All output trees will be *arbitrarily* rooted at 16

======== Running the main analysis
Number of taxa: 25 (25 species)
Taxa: [16, 15, 14, 13, 12, 11, 10, 19, 18, 17, 25, 24, 1, 23, 2, 22, 3, 21, 4, 20, 5, 6, 7, 8, 9]
Taxon occupancy: {16_1=100, 15_1=100, 14_1=100, 13_1=100, 12_1=100, 11_1=100, 10_1=100, 19_1=100, 18_1=100, 17_1=100, 25_1=100, 24_1=100, 1_1=100, 2_1=100, 23_1=100, 3_1=100, 22_1=100, 4_1=100, 21_1=100, 5_1=100, 20_1=100, 6_1=100, 7_1=100, 8_1=100, 9_1=100}
Number of gene trees: 100
0 trees have missing taxa
Calculating quartet distance matrix (for completion of X)
Species tree distances calculated ...
Building set of clusters (X) from gene trees 
------------------------------
gradient0: 1253
Number of Clusters after addition by distance: 1253
calculating extra bipartitions to be added at level 1 ...
Adding to X using resolutions of greedy consensus ...
Limit for sigma of degrees:675
polytomy size limit : 4
discarded polytomies:  [3, 3, 4, 4]
Threshold 0.0:
Threshold 0.01:
Threshold 0.02:
Threshold 0.05:
Threshold 0.1:
polytomy of size 3; rounds with additions with at least 5 support: 0; clusters: 1253
Threshold 0.2:
polytomy of size 4; rounds with additions with at least 5 support: 0; clusters: 1253
Threshold 0.3333333333333333:
polytomy of size 3; rounds with additions with at least 5 support: 0; clusters: 1253
polytomy of size 4; rounds with additions with at least 5 support: 0; clusters: 1253
max k is :0
Number of Clusters after addition by greedy: 1253
gradient0 in heuristiic: 1253
partitions formed in 0.333 secs
Dynamic Programming starting after 0.333 secs
Using tree-based weight calculation.
Using polytree-based weight calculation.
Polytree max score: 1265000
Polytree building time: 0.077 seconds.
Number of quartet trees in the gene trees: 1265000
Size of largest cluster: 25
Greedy score: 744992
estimationFactor: 1.6980048107899146
Sub-optimal score: 808517
Total Number of elements weighted: 3554
Normalized score (portion of input quartet trees satisfied before correcting for multiple individuals): 0.6848395256916996
Optimization score: 866322
Optimal tree inferred in 0.666 secs.
(8,(17,(((23,20),(19,(6,9))),(((2,(1,3)),(5,(7,(18,24)))),((25,(15,(12,21))),((13,(14,11)),(16,(4,(10,22)))))))));
Final quartet score is: 866322
Final normalized quartet score is: 0.6848395256916996
(16_1,((4_1,(10_1,22_1)1:0.27693890735296783)1:0.541829363816991,((13_1,(14_1,11_1)0.67:0.08692955397276941)1:2.625535304283288,((25_1,(15_1,(12_1,21_1)1:0.6148369150230518)1:0.3686681764217004)1:0.9955528626175507,(((2_1,(1_1,3_1)1:0.7228365043703645)1:0.6102524888257065,(5_1,(7_1,(18_1,24_1)1:0.32062192152964786)1:1.9533635997098928)1:0.5366418963954759)1:0.3178351106224688,(((23_1,20_1)1:1.18436433293756,(19_1,(6_1,9_1)1:0.369226056491958)1:0.76683635238012)0.88:0.1260160918700576,(17_1,8_1)1:1.5634806113489716)1:0.5741904308208996)0.6:0.054617628179235614)0.99:0.2016460452342766)1:0.639253675958221));
Weight calculation took 0.184753964 secs
ASTRAL finished in 0.791 secs
