
================== ASTRAL ===================== 

This is ASTRAL version 5.6.3
Gene trees are treated as unrooted
100 trees read from g_trees-raxml-sqlen-50-ngen-100-s2g.trees
All output trees will be *arbitrarily* rooted at 16

======== Running the main analysis
Number of taxa: 25 (25 species)
Taxa: [16, 15, 14, 13, 12, 11, 10, 19, 18, 17, 25, 24, 1, 23, 2, 22, 3, 21, 4, 20, 5, 6, 7, 8, 9]
Taxon occupancy: {16_1=100, 15_1=100, 14_1=100, 13_1=100, 12_1=100, 11_1=100, 10_1=100, 19_1=100, 18_1=100, 17_1=100, 25_1=100, 1_1=100, 24_1=100, 23_1=100, 2_1=100, 3_1=100, 22_1=100, 21_1=100, 4_1=100, 20_1=100, 5_1=100, 6_1=100, 7_1=100, 8_1=100, 9_1=100}
Number of gene trees: 100
0 trees have missing taxa
Calculating quartet distance matrix (for completion of X)
Species tree distances calculated ...
Building set of clusters (X) from gene trees 
------------------------------
gradient0: 799
Number of Clusters after addition by distance: 799
calculating extra bipartitions to be added at level 1 ...
Adding to X using resolutions of greedy consensus ...
Limit for sigma of degrees:675
polytomy size limit : 4
discarded polytomies:  [3, 4]
Threshold 0.0:
Threshold 0.01:
Threshold 0.02:
Threshold 0.05:
Threshold 0.1:
Threshold 0.2:
polytomy of size 3; rounds with additions with at least 5 support: 0; clusters: 799
Threshold 0.3333333333333333:
polytomy of size 4; rounds with additions with at least 5 support: 0; clusters: 799
max k is :0
Number of Clusters after addition by greedy: 799
gradient0 in heuristiic: 799
partitions formed in 0.292 secs
Dynamic Programming starting after 0.292 secs
Using tree-based weight calculation.
Using polytree-based weight calculation.
Polytree max score: 1265000
Polytree building time: 0.052 seconds.
Number of quartet trees in the gene trees: 1265000
Size of largest cluster: 25
Greedy score: 827310
estimationFactor: 1.529051987767584
Sub-optimal score: 905757
Total Number of elements weighted: 1890
Normalized score (portion of input quartet trees satisfied before correcting for multiple individuals): 0.7411549407114625
Optimization score: 937561
Optimal tree inferred in 0.543 secs.
(20,(23,((19,(6,9)),((17,8),((25,(15,(12,21))),(((2,(1,3)),(5,(7,(18,24)))),((11,(14,13)),(16,(4,(10,22))))))))));
Final quartet score is: 937561
Final normalized quartet score is: 0.7411549407114625
(16_1,((4_1,(10_1,22_1)1:0.3879550415982349)1:0.6791020058568974,((11_1,(14_1,13_1)0.41:0.013821450340711442)1:3.143987275784341,(((2_1,(1_1,3_1)1:0.9393953845184163)1:1.0576912891480215,(5_1,(7_1,(18_1,24_1)1:0.6248746404565628)1:1.8928856807470937)1:1.3306650463270773)1:0.38528152788625825,((25_1,(15_1,(12_1,21_1)1:0.8518084679445533)1:0.6556688178420019)1:1.7552547216196384,((17_1,8_1)1:2.312535423847215,((19_1,(6_1,9_1)1:0.7425000592791425)1:1.060129661999688,(23_1,20_1)1:1.5849868165699343)1:0.2660978482877786)1:1.036075858780071)0.63:0.06549154851538098)0.97:0.18749758848682235)1:1.145918406065047));
Weight calculation took 0.141374531 secs
ASTRAL finished in 0.669 secs
