
================== ASTRAL ===================== 

This is ASTRAL version 5.6.3
Gene trees are treated as unrooted
100 trees read from g_trees-raxml-sqlen-250-ngen-100-s2g.trees
All output trees will be *arbitrarily* rooted at 16

======== Running the main analysis
Number of taxa: 25 (25 species)
Taxa: [16, 15, 14, 13, 12, 11, 10, 19, 18, 17, 25, 24, 1, 23, 2, 22, 3, 21, 4, 20, 5, 6, 7, 8, 9]
Taxon occupancy: {16_1=100, 15_1=100, 14_1=100, 13_1=100, 12_1=100, 11_1=100, 10_1=100, 19_1=100, 18_1=100, 17_1=100, 25_1=100, 24_1=100, 1_1=100, 23_1=100, 2_1=100, 22_1=100, 3_1=100, 4_1=100, 21_1=100, 20_1=100, 5_1=100, 6_1=100, 7_1=100, 8_1=100, 9_1=100}
Number of gene trees: 100
0 trees have missing taxa
Calculating quartet distance matrix (for completion of X)
Species tree distances calculated ...
Building set of clusters (X) from gene trees 
------------------------------
gradient0: 285
Number of Clusters after addition by distance: 285
calculating extra bipartitions to be added at level 1 ...
Adding to X using resolutions of greedy consensus ...
Limit for sigma of degrees:675
polytomy size limit : 3
discarded polytomies:  []
Threshold 0.0:
Threshold 0.01:
Threshold 0.02:
Threshold 0.05:
Threshold 0.1:
Threshold 0.2:
Threshold 0.3333333333333333:
max k is :0
Number of Clusters after addition by greedy: 285
gradient0 in heuristiic: 285
partitions formed in 0.179 secs
Dynamic Programming starting after 0.179 secs
Using tree-based weight calculation.
Using polytree-based weight calculation.
Polytree max score: 1265000
Polytree building time: 0.041 seconds.
Number of quartet trees in the gene trees: 1265000
Size of largest cluster: 25
Greedy score: 1144224
estimationFactor: 1.105552758900355
Sub-optimal score: 1144224
Total Number of elements weighted: 258
Normalized score (portion of input quartet trees satisfied before correcting for multiple individuals): 0.9045249011857708
Optimization score: 1144224
Optimal tree inferred in 0.291 secs.
(7,((18,24),(5,((2,(1,3)),((25,(15,(12,21))),(((11,(14,13)),(16,(4,(10,22)))),((17,8),((23,20),(19,(6,9))))))))));
Final quartet score is: 1144224
Final normalized quartet score is: 0.9045249011857708
(16_1,((4_1,(10_1,22_1)1:1.1586604565040544)1:2.1727734814720563,((11_1,(14_1,13_1)0.43:0.020000666706669543)1:4.209655408733094,(((17_1,8_1)1:2.919504908166108,((23_1,20_1)1:4.114345228928779,(19_1,(6_1,9_1)1:1.787269115926428)1:1.9426974933821997)1:0.913818542728766)1:2.57863392463182,((25_1,(15_1,(12_1,21_1)1:1.620525253074344)1:2.0071537742960315)1:2.928154830470373,((2_1,(1_1,3_1)1:2.869881063248098)1:2.377073944984784,(5_1,((18_1,24_1)1:0.8084580270709395,7_1)1:2.6002174962989937)1:2.1302138670532598)1:2.3264713652761846)1:0.4659303038580996)1:0.9597088750735379)1:2.4178959395050392));
Weight calculation took 0.023731921 secs
ASTRAL finished in 0.457 secs
