
================== ASTRAL ===================== 

This is ASTRAL version 5.6.3
Gene trees are treated as unrooted
50 trees read from g_trees-raxml-sqlen-250-ngen-50-s2g.trees
All output trees will be *arbitrarily* rooted at 16

======== Running the main analysis
Number of taxa: 25 (25 species)
Taxa: [16, 15, 14, 13, 12, 11, 10, 19, 18, 17, 25, 24, 1, 23, 2, 22, 3, 21, 4, 20, 5, 6, 7, 8, 9]
Taxon occupancy: {16_1=50, 15_1=50, 14_1=50, 13_1=50, 12_1=50, 11_1=50, 10_1=50, 19_1=50, 18_1=50, 17_1=50, 25_1=50, 24_1=50, 1_1=50, 23_1=50, 2_1=50, 22_1=50, 3_1=50, 4_1=50, 21_1=50, 20_1=50, 5_1=50, 6_1=50, 7_1=50, 8_1=50, 9_1=50}
Number of gene trees: 50
0 trees have missing taxa
Calculating quartet distance matrix (for completion of X)
Species tree distances calculated ...
Building set of clusters (X) from gene trees 
------------------------------
gradient0: 217
Number of Clusters after addition by distance: 217
calculating extra bipartitions to be added at level 1 ...
Adding to X using resolutions of greedy consensus ...
Limit for sigma of degrees:675
polytomy size limit : 3
discarded polytomies:  []
Threshold 0.0:
Threshold 0.01:
Threshold 0.02:
Threshold 0.05:
Threshold 0.1:
Threshold 0.2:
Threshold 0.3333333333333333:
max k is :0
Number of Clusters after addition by greedy: 217
gradient0 in heuristiic: 217
partitions formed in 0.129 secs
Dynamic Programming starting after 0.129 secs
Using tree-based weight calculation.
Using polytree-based weight calculation.
Polytree max score: 632500
Polytree building time: 0.016 seconds.
Number of quartet trees in the gene trees: 632500
Size of largest cluster: 25
Greedy score: 575534
estimationFactor: 1.098979382625527
Sub-optimal score: 575534
Total Number of elements weighted: 200
Normalized score (portion of input quartet trees satisfied before correcting for multiple individuals): 0.9099351778656126
Optimization score: 575534
Optimal tree inferred in 0.198 secs.
(7,((18,24),(5,((2,(1,3)),((25,(15,(12,21))),(((14,(13,11)),(16,(4,(10,22)))),((17,8),((23,20),(19,(6,9))))))))));
Final quartet score is: 575534
Final normalized quartet score is: 0.9099351778656126
(16_1,((4_1,(10_1,22_1)1:1.4300171721337216)1:1.8172927712332192,((14_1,(13_1,11_1)0.76:0.12516314295400605)1:3.5263605246161593,(((17_1,8_1)1:2.477094110051207,((23_1,20_1)1:3.5263605246161593,(19_1,(6_1,9_1)1:1.56754697072494)1:1.9371253194995806)1:0.9154740719675992)1:2.7343675094195814,((25_1,(15_1,(12_1,21_1)1:1.6829290448437855)1:1.9074438682275163)1:2.626531069796079,((2_1,(1_1,3_1)1:2.4277482359480516)1:2.8332133440562166,(5_1,((18_1,24_1)1:0.8183103235139515,7_1)1:2.14006616349627)1:2.8332133440562166)1:2.308203085298269)1:0.49800302374609384)1:0.9406491757061954)1:2.4277482359480516));
Weight calculation took 0.018920563 secs
ASTRAL finished in 0.302 secs
