
================== ASTRAL ===================== 

This is ASTRAL version 5.6.3
Gene trees are treated as unrooted
500 trees read from g_trees-raxml-sqlen-100-ngen-500-s2g.trees
All output trees will be *arbitrarily* rooted at 16

======== Running the main analysis
Number of taxa: 25 (25 species)
Taxa: [16, 15, 14, 13, 12, 11, 10, 19, 18, 17, 25, 24, 1, 23, 2, 22, 3, 21, 4, 20, 5, 6, 7, 8, 9]
Taxon occupancy: {16_1=500, 15_1=500, 14_1=500, 13_1=500, 12_1=500, 11_1=500, 10_1=500, 19_1=500, 18_1=500, 17_1=500, 25_1=500, 1_1=500, 24_1=500, 23_1=500, 2_1=500, 3_1=500, 22_1=500, 21_1=500, 4_1=500, 20_1=500, 5_1=500, 6_1=500, 7_1=500, 8_1=500, 9_1=500}
Number of gene trees: 500
0 trees have missing taxa
Calculating quartet distance matrix (for completion of X)
Species tree distances calculated ...
Building set of clusters (X) from gene trees 
------------------------------
gradient0: 991
Number of Clusters after addition by distance: 991
calculating extra bipartitions to be added at level 1 ...
Adding to X using resolutions of greedy consensus ...
Limit for sigma of degrees:675
polytomy size limit : 3
discarded polytomies:  [3]
Threshold 0.0:
Threshold 0.01:
Threshold 0.02:
Threshold 0.05:
Threshold 0.1:
Threshold 0.2:
Threshold 0.3333333333333333:
polytomy of size 3; rounds with additions with at least 5 support: 0; clusters: 991
max k is :0
Number of Clusters after addition by greedy: 991
gradient0 in heuristiic: 991
partitions formed in 0.494 secs
Dynamic Programming starting after 0.494 secs
Using tree-based weight calculation.
Using polytree-based weight calculation.
Polytree max score: 6325000
Polytree building time: 0.197 seconds.
Number of quartet trees in the gene trees: 6325000
Size of largest cluster: 25
Greedy score: 4932580
estimationFactor: 1.2822904038049054
Sub-optimal score: 5173338
Total Number of elements weighted: 2491
Normalized score (portion of input quartet trees satisfied before correcting for multiple individuals): 0.8328346245059288
Optimization score: 5267679
Optimal tree inferred in 0.993 secs.
(22,(10,(4,(16,((11,(14,13)),(((17,8),((23,20),(19,(6,9)))),((25,(15,(12,21))),((2,(1,3)),(5,(7,(18,24)))))))))));
Final quartet score is: 5267679
Final normalized quartet score is: 0.8328346245059288
(16_1,(((11_1,(14_1,13_1)1:0.11817437514838283)1:3.5917865541323897,(((17_1,8_1)1:2.8204212612462523,((23_1,20_1)1:2.9867903361783315,(19_1,(6_1,9_1)1:1.0048869737391306)1:1.5523418757890681)1:0.5313270979932231)1:1.500359299975327,((25_1,(15_1,(12_1,21_1)1:0.9923267790656127)1:1.2693671235474029)1:2.185893441624545,((2_1,(1_1,3_1)1:1.5064618377329713)1:1.8668659437113668,(5_1,(7_1,(18_1,24_1)1:0.552699099344888)1:2.2953402285755415)1:1.3845217038863704)1:1.1876573832438968)1:0.12480081385908165)1:0.5836096166519212)1:1.7149462914664355,(4_1,(10_1,22_1)1:0.6729390295991045)1:1.1176111330108078));
Weight calculation took 0.211532486 secs
ASTRAL finished in 1.252 secs
