
================== ASTRAL ===================== 

This is ASTRAL version 5.6.3
Gene trees are treated as unrooted
25 trees read from g_trees-raxml-sqlen-100-ngen-25.trees.tree
All output trees will be *arbitrarily* rooted at 14

======== Running the main analysis
Number of taxa: 25 (25 species)
Taxa: [14, 13, 11, 16, 10, 22, 4, 25, 15, 21, 12, 2, 3, 1, 5, 18, 7, 24, 20, 23, 17, 8, 9, 6, 19]
Taxon occupancy: {22=25, 23=25, 24=25, 25=25, 10=25, 11=25, 12=25, 13=25, 14=25, 15=25, 16=25, 17=25, 18=25, 19=25, 1=25, 2=25, 3=25, 4=25, 5=25, 6=25, 7=25, 8=25, 9=25, 20=25, 21=25}
Number of gene trees: 25
0 trees have missing taxa
Calculating quartet distance matrix (for completion of X)
Species tree distances calculated ...
Building set of clusters (X) from gene trees 
------------------------------
gradient0: 251
Number of Clusters after addition by distance: 251
calculating extra bipartitions to be added at level 1 ...
Adding to X using resolutions of greedy consensus ...
Limit for sigma of degrees:675
polytomy size limit : 3
discarded polytomies:  []
Threshold 0.0:
Threshold 0.01:
Threshold 0.02:
Threshold 0.05:
Threshold 0.1:
Threshold 0.2:
Threshold 0.3333333333333333:
max k is :0
Number of Clusters after addition by greedy: 251
gradient0 in heuristiic: 251
partitions formed in 0.12 secs
Dynamic Programming starting after 0.12 secs
Using tree-based weight calculation.
Using polytree-based weight calculation.
Polytree max score: 316250
Polytree building time: 0.013 seconds.
Number of quartet trees in the gene trees: 316250
Size of largest cluster: 25
Greedy score: 243661
estimationFactor: 1.2979098009119228
Sub-optimal score: 253501
Total Number of elements weighted: 319
Normalized score (portion of input quartet trees satisfied before correcting for multiple individuals): 0.8421375494071146
Optimization score: 266326
Optimal tree inferred in 0.186 secs.
(17,(8,(((20,23),(19,(9,6))),(((14,(13,11)),(16,(4,(10,22)))),((25,(15,(21,12))),((2,(3,1)),(5,(7,(18,24)))))))));
Final quartet score is: 266326
Final normalized quartet score is: 0.8421375494071146
(14,((13,11)0.72:0.21357410029805904,((16,(4,(10,22)0.99:0.45887694978097837)1:0.9808292530117262)1:2.0053335695261127,(((25,(15,(21,12)1:0.7233180581933086)1:0.9699001824795356)1:1.3973441973064757,((2,(3,1)1:1.2431935174792175)1:1.4768083686607216,(5,(7,(18,24)0.99:0.45061243993108513)1:2.159484249353373)1:1.0764243736927472)1:1.526124987172401)0.91:0.28964632372171517,(((20,23)1:2.481067873480832,(19,(9,6)1:1.466337068793427)1:1.5045582816136247)0.72:0.15201620729862575,(8,17)1:2.2835368980233497)1:1.330535527634365)0.98:0.4325519432045664)1:2.159484249353373));
Weight calculation took 0.020456746 secs
ASTRAL finished in 0.28 secs
