
================== ASTRAL ===================== 

This is ASTRAL version 5.6.3
Gene trees are treated as unrooted
500 trees read from g_trees-raxml-sqlen-100-ngen-500.trees.tree
All output trees will be *arbitrarily* rooted at 14

======== Running the main analysis
Number of taxa: 25 (25 species)
Taxa: [14, 13, 11, 16, 10, 22, 4, 25, 15, 21, 12, 2, 3, 1, 5, 18, 7, 24, 20, 23, 17, 8, 9, 6, 19]
Taxon occupancy: {22=500, 23=500, 24=500, 25=500, 10=500, 11=500, 12=500, 13=500, 14=500, 15=500, 16=500, 17=500, 18=500, 19=500, 1=500, 2=500, 3=500, 4=500, 5=500, 6=500, 7=500, 8=500, 9=500, 20=500, 21=500}
Number of gene trees: 500
0 trees have missing taxa
Calculating quartet distance matrix (for completion of X)
Species tree distances calculated ...
Building set of clusters (X) from gene trees 
------------------------------
gradient0: 991
Number of Clusters after addition by distance: 991
calculating extra bipartitions to be added at level 1 ...
Adding to X using resolutions of greedy consensus ...
Limit for sigma of degrees:675
polytomy size limit : 3
discarded polytomies:  [3]
Threshold 0.0:
Threshold 0.01:
Threshold 0.02:
Threshold 0.05:
Threshold 0.1:
Threshold 0.2:
Threshold 0.3333333333333333:
polytomy of size 3; rounds with additions with at least 5 support: 0; clusters: 991
max k is :0
Number of Clusters after addition by greedy: 991
gradient0 in heuristiic: 991
partitions formed in 0.426 secs
Dynamic Programming starting after 0.426 secs
Using tree-based weight calculation.
Using polytree-based weight calculation.
Polytree max score: 6325000
Polytree building time: 0.208 seconds.
Number of quartet trees in the gene trees: 6325000
Size of largest cluster: 25
Greedy score: 4725663
estimationFactor: 1.3384365326092869
Sub-optimal score: 4939945
Total Number of elements weighted: 2652
Normalized score (portion of input quartet trees satisfied before correcting for multiple individuals): 0.8328346245059288
Optimization score: 5267679
Optimal tree inferred in 0.929 secs.
(17,(8,(((20,23),(19,(9,6))),(((11,(14,13)),(16,(4,(10,22)))),((25,(15,(21,12))),((2,(3,1)),(5,(7,(18,24)))))))));
Final quartet score is: 5267679
Final normalized quartet score is: 0.8328346245059288
(14,(13,(11,((16,(4,(10,22)1:0.6729390295991045)1:1.1176111330108078)1:1.7149462914664355,(((25,(15,(21,12)1:0.9923267790656127)1:1.2693671235474029)1:2.185893441624545,((2,(3,1)1:1.5064618377329713)1:1.8668659437113668,(5,(7,(18,24)1:0.552699099344888)1:2.2953402285755415)1:1.3845217038863704)1:1.1876573832438968)1:0.12480081385908165,(((20,23)1:2.9867903361783315,(19,(9,6)1:1.0048869737391306)1:1.5523418757890681)1:0.5313270979932231,(8,17)1:2.8204212612462523)1:1.500359299975327)1:0.5836096166519212)1:3.5917865541323897)1:0.11817437514838283));
Weight calculation took 0.203383673 secs
ASTRAL finished in 1.2 secs
