
================== ASTRAL ===================== 

This is ASTRAL version 5.6.3
Gene trees are treated as unrooted
50 trees read from g_trees-raxml-sqlen-100-ngen-50.trees.tree
All output trees will be *arbitrarily* rooted at 14

======== Running the main analysis
Number of taxa: 25 (25 species)
Taxa: [14, 13, 11, 16, 10, 22, 4, 25, 15, 21, 12, 2, 3, 1, 5, 18, 7, 24, 20, 23, 17, 8, 9, 6, 19]
Taxon occupancy: {22=50, 23=50, 24=50, 25=50, 10=50, 11=50, 12=50, 13=50, 14=50, 15=50, 16=50, 17=50, 18=50, 19=50, 1=50, 2=50, 3=50, 4=50, 5=50, 6=50, 7=50, 8=50, 9=50, 20=50, 21=50}
Number of gene trees: 50
0 trees have missing taxa
Calculating quartet distance matrix (for completion of X)
Species tree distances calculated ...
Building set of clusters (X) from gene trees 
------------------------------
gradient0: 347
Number of Clusters after addition by distance: 347
calculating extra bipartitions to be added at level 1 ...
Adding to X using resolutions of greedy consensus ...
Limit for sigma of degrees:675
polytomy size limit : 3
discarded polytomies:  []
Threshold 0.0:
Threshold 0.01:
Threshold 0.02:
Threshold 0.05:
Threshold 0.1:
Threshold 0.2:
Threshold 0.3333333333333333:
max k is :0
Number of Clusters after addition by greedy: 347
gradient0 in heuristiic: 347
partitions formed in 0.126 secs
Dynamic Programming starting after 0.126 secs
Using tree-based weight calculation.
Using polytree-based weight calculation.
Polytree max score: 632500
Polytree building time: 0.019 seconds.
Number of quartet trees in the gene trees: 632500
Size of largest cluster: 25
Greedy score: 484513
estimationFactor: 1.3054345291044822
Sub-optimal score: 505807
Total Number of elements weighted: 478
Normalized score (portion of input quartet trees satisfied before correcting for multiple individuals): 0.8348173913043478
Optimization score: 528022
Optimal tree inferred in 0.202 secs.
(17,(8,(((20,23),(19,(9,6))),(((14,(13,11)),(16,(4,(10,22)))),((25,(15,(21,12))),((2,(3,1)),(5,(7,(18,24)))))))));
Final quartet score is: 528022
Final normalized quartet score is: 0.8348173913043478
(14,((13,11)0.73:0.12516314295400605,((16,(4,(10,22)1:0.7424722471224472)1:0.9650808960435872)1:1.939395468034119,(((25,(15,(21,12)1:0.9970021122573273)1:1.0614946257116074)1:1.8613527610272507,((2,(3,1)1:0.9614111671546247)1:2.089293838122847,(5,(7,(18,24)1:0.43119435407398327)1:2.022283127839887)1:1.1575023046723358)1:1.2255627421962116)0.94:0.225434589104361,(((20,23)1:2.590267165445826,(19,(9,6)1:1.3291359472799418)1:1.58761886503946)0.94:0.22436979303745386,(8,17)1:2.7531706363826807)1:1.3159476827355134)1:0.4735239512404711)1:2.727852828398389));
Weight calculation took 0.022810231 secs
ASTRAL finished in 0.305 secs
