
================== ASTRAL ===================== 

This is ASTRAL version 5.6.3
Gene trees are treated as unrooted
50 trees read from g_trees-raxml-sqlen-25-ngen-50-s2g.trees
All output trees will be *arbitrarily* rooted at 14

======== Running the main analysis
Number of taxa: 62 (25 species)
Taxa: {22=[22_3, 22_2, 22_1], 23=[23_2, 23_1], 24=[24_3, 24_2, 24_1], 25=[25_3, 25_2, 25_1], 10=[10_2, 10_1], 11=[11_2, 11_1], 12=[12_2, 12_1], 13=[13_3, 13_2, 13_1], 14=[14_3, 14_2, 14_1], 15=[15_2, 15_1], 16=[16_1, 16_3, 16_2], 17=[17_2, 17_1], 18=[18_3, 18_2, 18_1], 19=[19_3, 19_2, 19_1], 1=[1_1, 1_2], 2=[2_1, 2_2, 2_3], 3=[3_1, 3_2, 3_3], 4=[4_1, 4_2, 4_3], 5=[5_1, 5_2], 6=[6_1, 6_2], 7=[7_1, 7_2, 7_3], 8=[8_1, 8_2], 9=[9_1, 9_2], 20=[20_2, 20_1], 21=[21_2, 21_1]}
Taxon occupancy: {16_1=40, 14_3=1, 14_2=8, 14_1=41, 12_2=10, 12_1=44, 10_2=5, 10_1=46, 18_3=3, 18_2=6, 16_3=3, 18_1=46, 16_2=6, 25_3=1, 25_2=7, 25_1=43, 1_1=44, 23_2=5, 23_1=40, 1_2=5, 3_1=43, 21_2=8, 21_1=44, 3_2=8, 5_1=42, 3_3=1, 5_2=5, 7_1=44, 7_2=7, 9_1=41, 7_3=1, 9_2=6, 15_2=13, 15_1=47, 13_3=1, 13_2=6, 13_1=44, 11_2=5, 11_1=40, 19_3=1, 19_2=11, 19_1=46, 17_2=6, 17_1=41, 24_3=1, 24_2=9, 24_1=43, 22_3=1, 22_2=7, 2_1=40, 22_1=45, 2_2=6, 4_1=46, 20_2=7, 2_3=1, 20_1=46, 4_2=7, 6_1=47, 4_3=1, 6_2=8, 8_1=40, 8_2=6}
Number of gene trees: 50
50 trees have missing taxa
Calculating quartet distance matrix (for completion of X)
Species tree distances calculated ...
Will attempt to complete bipartitions from X before adding using a distance matrix.
Building set of clusters (X) from gene trees 
In second round sampling 3 rounds will be done
------------------------------
gradient0: 679
------------------------------
gradient1: 276
------------------------------
gradient2: 158
Number of Clusters after addition by distance: 1113
calculating extra bipartitions to be added at level 1 ...
Adding to X using resolutions of greedy consensus ...
Limit for sigma of degrees:675
polytomy size limit : 6
discarded polytomies:  [3, 3, 4, 6, 6, 6]
Threshold 0.0:
Threshold 0.01:
Threshold 0.02:
Threshold 0.05:
polytomy of size 3; rounds with additions with at least 5 support: 0; clusters: 1113
Threshold 0.1:
polytomy of size 4; rounds with additions with at least 5 support: 0; clusters: 1113
Threshold 0.2:
polytomy of size 3; rounds with additions with at least 5 support: 0; clusters: 1113
polytomy of size 6; rounds with additions with at least 5 support: 0; clusters: 1117
Threshold 0.3333333333333333:
polytomy of size 6; rounds with additions with at least 5 support: 0; clusters: 1117
polytomy of size 6; rounds with additions with at least 5 support: 0; clusters: 1117
max k is :0
Number of Clusters after addition by greedy: 1117
gradient0 in heuristiic: 1117
calculating extra bipartitions to be added at level 1 ...
Adding to X using resolutions of greedy consensus ...
Limit for sigma of degrees:675
polytomy size limit : 7
discarded polytomies:  [3, 3, 4, 4, 6, 7]
Threshold 0.0:
Threshold 0.01:
Threshold 0.02:
Threshold 0.05:
polytomy of size 3; rounds with additions with at least 5 support: 0; clusters: 1117
Threshold 0.1:
polytomy of size 4; rounds with additions with at least 5 support: 0; clusters: 1117
Threshold 0.2:
polytomy of size 3; rounds with additions with at least 5 support: 0; clusters: 1117
polytomy of size 6; rounds with additions with at least 5 support: 0; clusters: 1117
Threshold 0.3333333333333333:
polytomy of size 4; rounds with additions with at least 5 support: 0; clusters: 1117
polytomy of size 7; rounds with additions with at least 5 support: 0; clusters: 1117
max k is :0
Number of Clusters after addition by greedy: 1117
gradient1 in heuristiic: 0
calculating extra bipartitions to be added at level 1 ...
Adding to X using resolutions of greedy consensus ...
Limit for sigma of degrees:675
polytomy size limit : 6
discarded polytomies:  [3, 4, 4, 5, 5, 6]
Threshold 0.0:
Threshold 0.01:
Threshold 0.02:
Threshold 0.05:
polytomy of size 3; rounds with additions with at least 5 support: 0; clusters: 1117
Threshold 0.1:
polytomy of size 4; rounds with additions with at least 5 support: 0; clusters: 1117
Threshold 0.2:
polytomy of size 4; rounds with additions with at least 5 support: 0; clusters: 1117
polytomy of size 5; rounds with additions with at least 5 support: 0; clusters: 1117
Threshold 0.3333333333333333:
polytomy of size 5; rounds with additions with at least 5 support: 0; clusters: 1117
polytomy of size 6; rounds with additions with at least 5 support: 0; clusters: 1117
max k is :0
Number of Clusters after addition by greedy: 1117
gradient2 in heuristiic: 0
partitions formed in 5.11 secs
Dynamic Programming starting after 5.11 secs
Using tree-based weight calculation.
Using polytree-based weight calculation.
Polytree max score: 1144076
Polytree building time: 0.017 seconds.
Number of quartet trees in the gene trees: 1143512
Size of largest cluster: 62
Greedy score: 664089
estimationFactor: 1.7227751099626707
Sub-optimal score: 666974
Total Number of elements weighted: 3458
Normalized score (portion of input quartet trees satisfied before correcting for multiple individuals): 0.6234215294636174
Optimization score: 712890
Optimal tree inferred in 5.36 secs.
(23,((11,8),(5,((9,17),((14,(3,24)),((1,((10,4),(21,(12,(25,13))))),(18,(2,((15,(19,20)),(16,(6,(7,22))))))))))));
Final quartet score is: 737431
Final normalized quartet score is: 0.6448826072660365
You may want to ignore posterior probabilities and other statistics related to the following branch branch because the effective number of genes impacting it is only 5:
	{14}
You may want to ignore posterior probabilities and other statistics related to the following branch branch because the effective number of genes impacting it is only 5:
	{3}
You may want to ignore posterior probabilities and other statistics related to the following branch branch because the effective number of genes impacting it is only 6:
	{24}
You may want to ignore posterior probabilities and other statistics related to the following branch branch because the effective number of genes impacting it is only 4:
	{1}
You may want to ignore posterior probabilities and other statistics related to the following branch branch because the effective number of genes impacting it is only 5:
	{10}
You may want to ignore posterior probabilities and other statistics related to the following branch branch because the effective number of genes impacting it is only 5:
	{4}
You may want to ignore posterior probabilities and other statistics related to the following branch branch because the effective number of genes impacting it is only 8:
	{21}
You may want to ignore posterior probabilities and other statistics related to the following branch branch because the effective number of genes impacting it is only 10:
	{12}
You may want to ignore posterior probabilities and other statistics related to the following branch branch because the effective number of genes impacting it is only 5:
	{25}
You may want to ignore posterior probabilities and other statistics related to the following branch branch because the effective number of genes impacting it is only 4:
	{13}
You may want to ignore posterior probabilities and other statistics related to the following branch branch because the effective number of genes impacting it is only 5:
	{18}
You may want to ignore posterior probabilities and other statistics related to the following branch branch because the effective number of genes impacting it is only 4:
	{2}
You may want to ignore posterior probabilities and other statistics related to the following branch branch because the effective number of genes impacting it is only 13:
	{15}
You may want to ignore posterior probabilities and other statistics related to the following branch branch because the effective number of genes impacting it is only 7:
	{19}
You may want to ignore posterior probabilities and other statistics related to the following branch branch because the effective number of genes impacting it is only 7:
	{20}
You may want to ignore posterior probabilities and other statistics related to the following branch branch because the effective number of genes impacting it is only 5:
	{16}
You may want to ignore posterior probabilities and other statistics related to the following branch branch because the effective number of genes impacting it is only 8:
	{6}
You may want to ignore posterior probabilities and other statistics related to the following branch branch because the effective number of genes impacting it is only 5:
	{7}
You may want to ignore posterior probabilities and other statistics related to the following branch branch because the effective number of genes impacting it is only 5:
	{22}
You may want to ignore posterior probabilities and other statistics related to the following branch branch because the effective number of genes impacting it is only 6:
	{9}
You may want to ignore posterior probabilities and other statistics related to the following branch branch because the effective number of genes impacting it is only 6:
	{17}
You may want to ignore posterior probabilities and other statistics related to the following branch branch because the effective number of genes impacting it is only 5:
	{5}
You may want to ignore posterior probabilities and other statistics related to the following branch branch because the effective number of genes impacting it is only 5:
	{11}
You may want to ignore posterior probabilities and other statistics related to the following branch branch because the effective number of genes impacting it is only 6:
	{8}
You may want to ignore posterior probabilities and other statistics related to the following branch branch because the effective number of genes impacting it is only 5:
	{23}
((14_3,14_2,14_1)0.14:0.0,(((3_1,3_2,3_3)0.26:0.0,(24_3,24_2,24_1)0.23:0.0)0.8:0.19011203473670973,((((1_1,1_2)0.38:0.0,(((10_2,10_1)0.11:0.0,(4_1,4_2,4_3)0.38:0.0)1:0.583489540761977,((21_2,21_1)0.42:0.010951989720190939,((12_2,12_1)0.56:0.11468857787761672,((25_3,25_2,25_1)0.1:0.0,(13_3,13_2,13_1)0.16:0.0)1:0.721645601494365)0.84:0.17278836546269633)1:0.4876102691818676)1:0.7742062649272937)0.74:0.1496249962647711,((18_3,18_2,18_1)0.94:0.7173698181357909,((2_1,2_2,2_3)0.43:0.0026022673439094887,(((15_2,15_1)0.19:0.0,((19_3,19_2,19_1)0.21:0.0,(20_2,20_1)0.08:0.0)0.41:0.02708190696360232)1:0.5076340813970234,((16_1,16_3,16_2)0.39:0.0,((6_1,6_2)0.16:0.0,((7_1,7_2,7_3)0.18:0.0,(22_3,22_2,22_1)0.11:0.0)1:1.4575825683005574)0.98:0.3253293731342144)0.4:0.020359985715723092)0.96:0.270792694482354)0.99:0.38700705436102073)0.41:0.0167413498594291)0.98:0.3201456554275549,(((9_1,9_2)0.09:0.0,(17_2,17_1)0.08:0.0)1:1.6492330889043254,((5_1,5_2)0.2:0.0,(((11_2,11_1)0.1:0.0,(8_1,8_2)0.11:0.0)1:0.5998934678605292,(23_2,23_1)0.1:0.0)1:0.45082908227511903)0.72:0.15166343170047242)1:0.4804733977340207)1:1.1934423678233996));
Weight calculation took 0.193969344 secs
ASTRAL finished in 5.489 secs
