
================== ASTRAL ===================== 

This is ASTRAL version 5.6.3
Gene trees are treated as unrooted
100 trees read from g_trees-raxml-sqlen-0-ngen-100-s2g.trees
All output trees will be *arbitrarily* rooted at 14

======== Running the main analysis
Number of taxa: 67 (25 species)
Taxa: {22=[22_3, 22_2, 22_1], 23=[23_3, 23_2, 23_1], 24=[24_3, 24_2, 24_1], 25=[25_3, 25_2, 25_1], 10=[10_3, 10_2, 10_1], 11=[11_2, 11_1], 12=[12_2, 12_1], 13=[13_3, 13_2, 13_1], 14=[14_3, 14_2, 14_1], 15=[15_2, 15_1], 16=[16_1, 16_3, 16_2], 17=[17_2, 17_1], 18=[18_3, 18_2, 18_1], 19=[19_3, 19_2, 19_1], 1=[1_1, 1_2, 1_3], 2=[2_1, 2_2, 2_3], 3=[3_1, 3_2, 3_3], 4=[4_1, 4_2, 4_3], 5=[5_1, 5_2, 5_3], 6=[6_1, 6_2], 7=[7_1, 7_2, 7_3], 8=[8_1, 8_2], 9=[9_1, 9_2], 20=[20_2, 20_1], 21=[21_3, 21_2, 21_1]}
Taxon occupancy: {16_1=87, 14_3=1, 14_2=14, 14_1=83, 12_2=17, 12_1=90, 10_3=1, 10_2=17, 10_1=91, 18_3=3, 18_2=16, 16_3=3, 18_1=89, 16_2=13, 25_3=1, 25_2=16, 25_1=89, 23_3=1, 1_1=89, 23_2=12, 23_1=84, 1_2=12, 21_3=1, 3_1=85, 21_2=15, 1_3=2, 21_1=89, 3_2=13, 5_1=87, 3_3=1, 5_2=10, 7_1=87, 5_3=1, 7_2=12, 9_1=86, 7_3=2, 9_2=12, 15_2=17, 15_1=94, 13_3=1, 13_2=15, 13_1=90, 11_2=11, 11_1=85, 19_3=2, 19_2=15, 19_1=91, 17_2=13, 17_1=86, 24_3=2, 24_2=15, 24_1=86, 22_3=2, 2_1=87, 22_2=12, 22_1=88, 2_2=7, 20_2=11, 4_1=90, 2_3=1, 20_1=93, 4_2=17, 6_1=91, 4_3=2, 6_2=11, 8_1=85, 8_2=12}
Number of gene trees: 100
100 trees have missing taxa
Calculating quartet distance matrix (for completion of X)
Species tree distances calculated ...
Will attempt to complete bipartitions from X before adding using a distance matrix.
Building set of clusters (X) from gene trees 
In second round sampling 3 rounds will be done
------------------------------
gradient0: 137
------------------------------
gradient1: 30
------------------------------
gradient2: 20
Number of Clusters after addition by distance: 187
calculating extra bipartitions to be added at level 1 ...
Adding to X using resolutions of greedy consensus ...
Limit for sigma of degrees:675
polytomy size limit : 3
discarded polytomies:  []
Threshold 0.0:
Threshold 0.01:
Threshold 0.02:
Threshold 0.05:
Threshold 0.1:
Threshold 0.2:
Threshold 0.3333333333333333:
max k is :0
Number of Clusters after addition by greedy: 187
gradient0 in heuristiic: 187
calculating extra bipartitions to be added at level 1 ...
Adding to X using resolutions of greedy consensus ...
Limit for sigma of degrees:675
polytomy size limit : 3
discarded polytomies:  [3]
Threshold 0.0:
Threshold 0.01:
Threshold 0.02:
Threshold 0.05:
Threshold 0.1:
Threshold 0.2:
Threshold 0.3333333333333333:
polytomy of size 3; rounds with additions with at least 5 support: 0; clusters: 187
max k is :0
Number of Clusters after addition by greedy: 187
gradient1 in heuristiic: 0
calculating extra bipartitions to be added at level 1 ...
Adding to X using resolutions of greedy consensus ...
Limit for sigma of degrees:675
polytomy size limit : 3
discarded polytomies:  []
Threshold 0.0:
Threshold 0.01:
Threshold 0.02:
Threshold 0.05:
Threshold 0.1:
Threshold 0.2:
Threshold 0.3333333333333333:
max k is :0
Number of Clusters after addition by greedy: 187
gradient2 in heuristiic: 0
partitions formed in 6.544 secs
Dynamic Programming starting after 6.544 secs
Using tree-based weight calculation.
Using polytree-based weight calculation.
Polytree max score: 2193296
Polytree building time: 0.027 seconds.
Number of quartet trees in the gene trees: 2192403
Size of largest cluster: 67
Greedy score: 1778611
estimationFactor: 1.233151037523101
Sub-optimal score: 1800037
Total Number of elements weighted: 233
Normalized score (portion of input quartet trees satisfied before correcting for multiple individuals): 0.8210338154071126
Optimization score: 1800037
Optimal tree inferred in 6.66 secs.
(15,(20,(19,((6,(7,22)),(16,(2,(1,(18,(((10,4),(21,(12,(25,13)))),((14,(3,24)),((9,17),(5,(23,(11,8))))))))))))));
Final quartet score is: 1846089
Final normalized quartet score is: 0.8420390776695708
You may want to ignore posterior probabilities and other statistics related to the following branch branch because the effective number of genes impacting it is only 9:
	{14}
You may want to ignore posterior probabilities and other statistics related to the following branch branch because the effective number of genes impacting it is only 9:
	{3}
You may want to ignore posterior probabilities and other statistics related to the following branch branch because the effective number of genes impacting it is only 10:
	{24}
You may want to ignore posterior probabilities and other statistics related to the following branch branch because the effective number of genes impacting it is only 12:
	{9}
You may want to ignore posterior probabilities and other statistics related to the following branch branch because the effective number of genes impacting it is only 13:
	{17}
You may want to ignore posterior probabilities and other statistics related to the following branch branch because the effective number of genes impacting it is only 7:
	{5}
You may want to ignore posterior probabilities and other statistics related to the following branch branch because the effective number of genes impacting it is only 8:
	{23}
You may want to ignore posterior probabilities and other statistics related to the following branch branch because the effective number of genes impacting it is only 11:
	{11}
You may want to ignore posterior probabilities and other statistics related to the following branch branch because the effective number of genes impacting it is only 12:
	{8}
You may want to ignore posterior probabilities and other statistics related to the following branch branch because the effective number of genes impacting it is only 11:
	{10}
You may want to ignore posterior probabilities and other statistics related to the following branch branch because the effective number of genes impacting it is only 12:
	{4}
You may want to ignore posterior probabilities and other statistics related to the following branch branch because the effective number of genes impacting it is only 10:
	{21}
You may want to ignore posterior probabilities and other statistics related to the following branch branch because the effective number of genes impacting it is only 17:
	{12}
You may want to ignore posterior probabilities and other statistics related to the following branch branch because the effective number of genes impacting it is only 11:
	{25}
You may want to ignore posterior probabilities and other statistics related to the following branch branch because the effective number of genes impacting it is only 10:
	{13}
You may want to ignore posterior probabilities and other statistics related to the following branch branch because the effective number of genes impacting it is only 11:
	{18}
You may want to ignore posterior probabilities and other statistics related to the following branch branch because the effective number of genes impacting it is only 8:
	{1}
You may want to ignore posterior probabilities and other statistics related to the following branch branch because the effective number of genes impacting it is only 5:
	{2}
You may want to ignore posterior probabilities and other statistics related to the following branch branch because the effective number of genes impacting it is only 9:
	{16}
You may want to ignore posterior probabilities and other statistics related to the following branch branch because the effective number of genes impacting it is only 11:
	{6}
You may want to ignore posterior probabilities and other statistics related to the following branch branch because the effective number of genes impacting it is only 8:
	{7}
You may want to ignore posterior probabilities and other statistics related to the following branch branch because the effective number of genes impacting it is only 8:
	{22}
You may want to ignore posterior probabilities and other statistics related to the following branch branch because the effective number of genes impacting it is only 10:
	{19}
You may want to ignore posterior probabilities and other statistics related to the following branch branch because the effective number of genes impacting it is only 11:
	{20}
You may want to ignore posterior probabilities and other statistics related to the following branch branch because the effective number of genes impacting it is only 17:
	{15}
((14_3,14_2,14_1)0.12:0.0,(((3_1,3_2,3_3)0.09:0.0,(24_3,24_2,24_1)0.09:0.0)1:1.9224263511571171,((((9_1,9_2)0.04:0.0,(17_2,17_1)0.06:0.0)1:2.3556949183079943,((5_1,5_2,5_3)0.09:0.0,((23_3,23_2,23_1)0.11:0.0,((11_2,11_1)0.04:0.0,(8_1,8_2)0.04:0.0)1:2.165383971480561)1:2.165383971480561)1:2.332438056143727)1:2.2842359543258497,((((10_3,10_2,10_1)0.09:0.0,(4_1,4_2,4_3)0.11:0.0)1:2.1452292822178394,((21_3,21_2,21_1)0.26:0.0,((12_2,12_1)0.16:0.0,((25_3,25_2,25_1)0.1:0.0,(13_3,13_2,13_1)0.08:0.0)1:2.0218716898583584)1:2.1372611125686625)1:2.114532861491106)1:2.6390573296152575,((18_3,18_2,18_1)1:1.2862109025629085,((1_1,1_2,1_3)1:1.8632184332102002,((2_1,2_2,2_3)0.72:0.2876820724517809,((16_1,16_3,16_2)0.85:0.3522205935893524,(((6_1,6_2)0.39:0.0,((7_1,7_2,7_3)0.07:0.0,(22_3,22_2,22_1)0.07:0.0)1:2.6907587039921506)1:2.451005098112318,((19_3,19_2,19_1)0.41:0.014388737452099443,((20_2,20_1)0.08:0.0,(15_2,15_1)0.25:0.0)1:2.2113690847223846)1:2.590267165445826)1:2.5675389143682703)1:2.733228917355278)1:3.925268232178164)1:3.9120230054281477)1:2.8397280250774095)1:2.696285359522624)1:2.2693870235844495));
Weight calculation took 0.091846366 secs
ASTRAL finished in 6.829 secs
