
================== ASTRAL ===================== 

This is ASTRAL version 5.6.3
Gene trees are treated as unrooted
25 trees read from g_trees-raxml-sqlen-25-ngen-25-s2g.trees
All output trees will be *arbitrarily* rooted at 16

======== Running the main analysis
Number of taxa: 54 (25 species)
Taxa: {22=[22_2, 22_1], 23=[23_2, 23_1], 24=[24_2, 24_1], 25=[25_3, 25_2, 25_1], 10=[10_2, 10_1], 11=[11_2, 11_1], 12=[12_2, 12_1], 13=[13_3, 13_2, 13_1], 14=[14_2, 14_1], 15=[15_2, 15_1], 16=[16_1, 16_3, 16_2], 17=[17_2, 17_1], 18=[18_3, 18_2, 18_1], 19=[19_2, 19_1], 1=[1_1, 1_2], 2=[2_1, 2_2], 3=[3_1, 3_2], 4=[4_1, 4_2], 5=[5_1, 5_2], 6=[6_1, 6_2], 7=[7_1, 7_2], 8=[8_1, 8_2], 9=[9_1, 9_2], 20=[20_2, 20_1], 21=[21_2, 21_1]}
Taxon occupancy: {16_1=20, 14_2=4, 14_1=24, 12_2=6, 12_1=21, 10_2=3, 10_1=23, 18_3=2, 18_2=4, 16_3=1, 18_1=24, 16_2=3, 25_3=1, 25_2=4, 25_1=21, 1_1=23, 23_2=1, 23_1=20, 1_2=4, 3_1=24, 21_2=4, 21_1=20, 3_2=3, 5_1=21, 5_2=1, 7_1=21, 7_2=4, 9_1=20, 9_2=2, 15_2=6, 15_1=24, 13_3=1, 13_2=4, 13_1=21, 11_2=1, 11_1=20, 19_2=6, 19_1=23, 17_2=2, 17_1=20, 24_2=4, 24_1=24, 22_2=4, 2_1=20, 22_1=22, 2_2=1, 4_1=23, 20_2=3, 20_1=24, 4_2=4, 6_1=24, 6_2=4, 8_1=20, 8_2=1}
Number of gene trees: 25
25 trees have missing taxa
Calculating quartet distance matrix (for completion of X)
Species tree distances calculated ...
Will attempt to complete bipartitions from X before adding using a distance matrix.
Building set of clusters (X) from gene trees 
In second round sampling 3 rounds will be done
------------------------------
gradient0: 387
------------------------------
gradient1: 138
------------------------------
gradient2: 92
Number of Clusters after addition by distance: 617
calculating extra bipartitions to be added at level 1 ...
Adding to X using resolutions of greedy consensus ...
Limit for sigma of degrees:675
polytomy size limit : 7
discarded polytomies:  [3, 3, 3, 4, 7]
Threshold 0.0:
Threshold 0.01:
Threshold 0.02:
Threshold 0.05:
Threshold 0.1:
polytomy of size 3; rounds with additions with at least 5 support: 0; clusters: 617
Threshold 0.2:
polytomy of size 3; rounds with additions with at least 5 support: 0; clusters: 617
polytomy of size 4; rounds with additions with at least 5 support: 0; clusters: 619
Threshold 0.3333333333333333:
polytomy of size 7; rounds with additions with at least 5 support: 0; clusters: 621
polytomy of size 3; rounds with additions with at least 5 support: 0; clusters: 621
max k is :0
Number of Clusters after addition by greedy: 621
gradient0 in heuristiic: 621
calculating extra bipartitions to be added at level 1 ...
Adding to X using resolutions of greedy consensus ...
Limit for sigma of degrees:675
polytomy size limit : 9
discarded polytomies:  [3, 5, 9]
Threshold 0.0:
Threshold 0.01:
Threshold 0.02:
Threshold 0.05:
Threshold 0.1:
Threshold 0.2:
polytomy of size 5; rounds with additions with at least 5 support: 0; clusters: 621
Threshold 0.3333333333333333:
polytomy of size 9; rounds with additions with at least 5 support: 0; clusters: 621
polytomy of size 3; rounds with additions with at least 5 support: 0; clusters: 621
max k is :0
Number of Clusters after addition by greedy: 621
gradient1 in heuristiic: 0
calculating extra bipartitions to be added at level 1 ...
Adding to X using resolutions of greedy consensus ...
Limit for sigma of degrees:675
polytomy size limit : 7
discarded polytomies:  [3, 3, 4, 7]
Threshold 0.0:
Threshold 0.01:
Threshold 0.02:
Threshold 0.05:
Threshold 0.1:
Threshold 0.2:
polytomy of size 4; rounds with additions with at least 5 support: 0; clusters: 621
polytomy of size 3; rounds with additions with at least 5 support: 0; clusters: 621
Threshold 0.3333333333333333:
polytomy of size 7; rounds with additions with at least 5 support: 0; clusters: 623
polytomy of size 3; rounds with additions with at least 5 support: 0; clusters: 623
max k is :0
Number of Clusters after addition by greedy: 623
gradient2 in heuristiic: 2
partitions formed in 3.299 secs
Dynamic Programming starting after 3.302 secs
Using tree-based weight calculation.
Using polytree-based weight calculation.
Polytree max score: 533251
Polytree building time: 0.013 seconds.
Number of quartet trees in the gene trees: 533099
Size of largest cluster: 54
Greedy score: 302382
estimationFactor: 1.7634982183162056
Sub-optimal score: 302382
Total Number of elements weighted: 1466
Normalized score (portion of input quartet trees satisfied before correcting for multiple individuals): 0.6357834098356966
Optimization score: 338935
Optimal tree inferred in 3.424 secs.
(23,((11,8),(5,((9,17),((14,(3,24)),((1,((10,4),(21,(12,(25,13))))),(18,(2,((19,(15,20)),(16,(6,(7,22))))))))))));
Final quartet score is: 348537
Final normalized quartet score is: 0.6537941357984164
You may want to ignore posterior probabilities and other statistics related to the following branch branch because the effective number of genes impacting it is only 2:
	{16}
You may want to ignore posterior probabilities and other statistics related to the following branch branch because the effective number of genes impacting it is only 4:
	{6}
You may want to ignore posterior probabilities and other statistics related to the following branch branch because the effective number of genes impacting it is only 4:
	{7}
You may want to ignore posterior probabilities and other statistics related to the following branch branch because the effective number of genes impacting it is only 4:
	{22}
You may want to ignore posterior probabilities and other statistics related to the following branch branch because the effective number of genes impacting it is only 18:
	{7, 22, 6}
You may want to ignore posterior probabilities and other statistics related to the following branch branch because the effective number of genes impacting it is only 6:
	{19}
You may want to ignore posterior probabilities and other statistics related to the following branch branch because the effective number of genes impacting it is only 6:
	{15}
You may want to ignore posterior probabilities and other statistics related to the following branch branch because the effective number of genes impacting it is only 3:
	{20}
You may want to ignore posterior probabilities and other statistics related to the following branch branch because the effective number of genes impacting it is only 1:
	{2}
You may want to ignore posterior probabilities and other statistics related to the following branch branch because the effective number of genes impacting it is only 3:
	{18}
You may want to ignore posterior probabilities and other statistics related to the following branch branch because the effective number of genes impacting it is only 3:
	{1}
You may want to ignore posterior probabilities and other statistics related to the following branch branch because the effective number of genes impacting it is only 3:
	{10}
You may want to ignore posterior probabilities and other statistics related to the following branch branch because the effective number of genes impacting it is only 4:
	{4}
You may want to ignore posterior probabilities and other statistics related to the following branch branch because the effective number of genes impacting it is only 4:
	{21}
You may want to ignore posterior probabilities and other statistics related to the following branch branch because the effective number of genes impacting it is only 6:
	{12}
You may want to ignore posterior probabilities and other statistics related to the following branch branch because the effective number of genes impacting it is only 3:
	{25}
You may want to ignore posterior probabilities and other statistics related to the following branch branch because the effective number of genes impacting it is only 3:
	{13}
You may want to ignore posterior probabilities and other statistics related to the following branch branch because the effective number of genes impacting it is only 19:
	{12, 10, 25, 21, 13, 4}
You may want to ignore posterior probabilities and other statistics related to the following branch branch because the effective number of genes impacting it is only 4:
	{14}
You may want to ignore posterior probabilities and other statistics related to the following branch branch because the effective number of genes impacting it is only 3:
	{3}
You may want to ignore posterior probabilities and other statistics related to the following branch branch because the effective number of genes impacting it is only 4:
	{24}
You may want to ignore posterior probabilities and other statistics related to the following branch branch because the effective number of genes impacting it is only 2:
	{9}
You may want to ignore posterior probabilities and other statistics related to the following branch branch because the effective number of genes impacting it is only 2:
	{17}
You may want to ignore posterior probabilities and other statistics related to the following branch branch because the effective number of genes impacting it is only 1:
	{5}
You may want to ignore posterior probabilities and other statistics related to the following branch branch because the effective number of genes impacting it is only 1:
	{11}
You may want to ignore posterior probabilities and other statistics related to the following branch branch because the effective number of genes impacting it is only 1:
	{8}
You may want to ignore posterior probabilities and other statistics related to the following branch branch because the effective number of genes impacting it is only 1:
	{23}
You may want to ignore posterior probabilities and other statistics related to the following branch branch because the effective number of genes impacting it is only 19:
	{23, 5, 11, 8}
You may want to ignore posterior probabilities and other statistics related to the following branch branch because the effective number of genes impacting it is only 19:
	{14, 12, 10, 18, 25, 23, 1, 21, 3, 5, 9, 13, 11, 17, 24, 4, 8}
((16_1,16_3,16_2)0.24:0.0,(((6_1,6_2)0.14:0.0,((7_1,7_2)0.11:0.0,(22_2,22_1)0.12:0.0)1:1.2068832202047945)0.88:0.2936906277503675,(((19_2,19_1)0.33:0.0,((15_2,15_1)0.39:0.0,(20_2,20_1)0.15:0.0)0.53:0.07740329106353394)0.98:0.4134651576936387,((2_1,2_2)0.67:0.2876820724517809,((18_3,18_2,18_1)0.97:1.0608719606852623,(((1_1,1_2)0.5:0.06876823299093984,(((10_2,10_1)0.16:0.0,(4_1,4_2)0.29:0.0)0.99:0.4832105193104609,((21_2,21_1)0.32:0.0,((12_2,12_1)0.65:0.20629403802077897,((25_3,25_2,25_1)0.15:0.0,(13_3,13_2,13_1)0.19:0.0)0.94:0.3600134865769553)0.96:0.384913137465857)0.99:0.5107404690594171)1:0.7276020118133221)0.52:0.08086588544766962,(((14_2,14_1)0.15:0.0,((3_1,3_2)0.2:0.0,(24_2,24_1)0.3:0.0)0.39:0.14876375920960425)1:1.484189400536356,(((9_1,9_2)0.17:0.0,(17_2,17_1)0.17:0.0)1:1.4269446670827663,((5_1,5_2)0.22:0.0,(((11_2,11_1)0.22:0.0,(8_1,8_2)0.22:0.0)1:0.6702116379507373,(23_2,23_1)0.22:0.0)1:0.614934804806934)0.58:0.10519103577191197)0.95:0.3677395423973789)0.95:0.374247530250316)0.55:0.08019202043892827)0.93:0.3458528621402282)0.89:0.2872635560561152)0.68:0.14944504068234873));
Weight calculation took 0.076703361 secs
ASTRAL finished in 3.52 secs
