
================== ASTRAL ===================== 

This is ASTRAL version 5.6.3
Gene trees are treated as unrooted
500 trees read from g_trees-raxml-sqlen-25-ngen-500-s2g.trees
All output trees will be *arbitrarily* rooted at 14

======== Running the main analysis
Number of taxa: 87 (25 species)
Taxa: {22=[22_4, 22_3, 22_2, 22_1], 23=[23_3, 23_2, 23_1], 24=[24_3, 24_2, 24_1], 25=[25_3, 25_2, 25_1, 25_4], 10=[10_3, 10_2, 10_1], 11=[11_3, 11_2, 11_1], 12=[12_3, 12_2, 12_1], 13=[13_3, 13_2, 13_1], 14=[14_3, 14_2, 14_1], 15=[15_2, 15_1, 15_4, 15_3], 16=[16_1, 16_3, 16_2], 17=[17_3, 17_2, 17_1], 18=[18_3, 18_2, 18_1], 19=[19_5, 19_4, 19_3, 19_2, 19_1], 1=[1_1, 1_2, 1_3, 1_4], 2=[2_1, 2_2, 2_3], 3=[3_1, 3_2, 3_3, 3_4], 4=[4_1, 4_2, 4_3, 4_4], 5=[5_1, 5_2, 5_3], 6=[6_1, 6_2, 6_3, 6_4], 7=[7_1, 7_2, 7_3, 7_4], 8=[8_1, 8_2, 8_3], 9=[9_1, 9_2, 9_3], 20=[20_4, 20_3, 20_2, 20_1], 21=[21_4, 21_3, 21_2, 21_1]}
Taxon occupancy: {16_1=435, 14_3=7, 14_2=70, 14_1=423, 12_3=9, 12_2=62, 12_1=419, 10_3=11, 10_2=61, 10_1=418, 18_3=12, 18_2=66, 16_3=6, 18_1=432, 16_2=70, 25_3=10, 25_2=62, 25_1=412, 23_3=5, 1_1=419, 23_2=60, 21_4=2, 23_1=431, 1_2=67, 21_3=12, 3_1=428, 21_2=61, 1_3=13, 21_1=413, 3_2=70, 1_4=1, 5_1=428, 3_3=8, 5_2=53, 3_4=1, 7_1=428, 5_3=7, 7_2=60, 9_1=426, 7_3=10, 9_2=59, 7_4=1, 9_3=6, 25_4=1, 15_2=57, 15_1=429, 13_3=10, 13_2=59, 13_1=416, 11_3=5, 11_2=60, 11_1=430, 19_5=1, 19_4=1, 19_3=5, 19_2=57, 19_1=427, 17_3=5, 17_2=60, 15_4=1, 17_1=427, 15_3=4, 24_3=8, 24_2=73, 22_4=1, 24_1=429, 22_3=10, 22_2=59, 2_1=427, 20_4=1, 22_1=428, 2_2=60, 20_3=5, 4_1=421, 20_2=61, 2_3=7, 20_1=436, 4_2=59, 6_1=431, 4_3=12, 6_2=61, 4_4=1, 8_1=427, 6_3=7, 8_2=61, 6_4=1, 8_3=5}
Number of gene trees: 500
500 trees have missing taxa
Calculating quartet distance matrix (for completion of X)
Species tree distances calculated ...
Will attempt to complete bipartitions from X before adding using a distance matrix.
Building set of clusters (X) from gene trees 
In second round sampling 3 rounds will be done
------------------------------
gradient0: 1551
------------------------------
gradient1: 808
------------------------------
gradient2: 538
Number of Clusters after addition by distance: 2897
calculating extra bipartitions to be added at level 1 ...
Adding to X using resolutions of greedy consensus ...
Limit for sigma of degrees:675
polytomy size limit : 5
discarded polytomies:  [4, 4, 5, 5]
Threshold 0.0:
Threshold 0.01:
Threshold 0.02:
Threshold 0.05:
Threshold 0.1:
polytomy of size 4; rounds with additions with at least 5 support: 0; clusters: 2897
Threshold 0.2:
polytomy of size 5; rounds with additions with at least 5 support: 0; clusters: 2897
Threshold 0.3333333333333333:
polytomy of size 4; rounds with additions with at least 5 support: 0; clusters: 2897
polytomy of size 5; rounds with additions with at least 5 support: 0; clusters: 2897
max k is :0
Number of Clusters after addition by greedy: 2897
gradient0 in heuristiic: 2897
calculating extra bipartitions to be added at level 1 ...
Adding to X using resolutions of greedy consensus ...
Limit for sigma of degrees:675
polytomy size limit : 7
discarded polytomies:  [3, 3, 4, 6, 7]
Threshold 0.0:
Threshold 0.01:
Threshold 0.02:
Threshold 0.05:
polytomy of size 3; rounds with additions with at least 5 support: 0; clusters: 2897
Threshold 0.1:
polytomy of size 4; rounds with additions with at least 5 support: 0; clusters: 2897
polytomy of size 3; rounds with additions with at least 5 support: 0; clusters: 2897
Threshold 0.2:
polytomy of size 6; rounds with additions with at least 5 support: 0; clusters: 2897
Threshold 0.3333333333333333:
polytomy of size 7; rounds with additions with at least 5 support: 0; clusters: 2897
max k is :0
Number of Clusters after addition by greedy: 2897
gradient1 in heuristiic: 0
calculating extra bipartitions to be added at level 1 ...
Adding to X using resolutions of greedy consensus ...
Limit for sigma of degrees:675
polytomy size limit : 6
discarded polytomies:  [3, 5, 6]
Threshold 0.0:
Threshold 0.01:
Threshold 0.02:
Threshold 0.05:
Threshold 0.1:
polytomy of size 3; rounds with additions with at least 5 support: 0; clusters: 2897
Threshold 0.2:
polytomy of size 5; rounds with additions with at least 5 support: 0; clusters: 2897
Threshold 0.3333333333333333:
polytomy of size 6; rounds with additions with at least 5 support: 0; clusters: 2897
max k is :0
Number of Clusters after addition by greedy: 2897
gradient2 in heuristiic: 0
partitions formed in 40.949 secs
Dynamic Programming starting after 40.949 secs
Using tree-based weight calculation.
Using polytree-based weight calculation.
Polytree max score: 10285955
Polytree building time: 0.077 seconds.
Number of quartet trees in the gene trees: 10277640
Size of largest cluster: 87
Greedy score: 4852786
estimationFactor: 2.1195978969606326
Sub-optimal score: 5171748
Total Number of elements weighted: 17434
Normalized score (portion of input quartet trees satisfied before correcting for multiple individuals): 0.6165498110461156
Optimization score: 6336677
Optimal tree inferred in 48.317 secs.
(12,((25,13),(21,((10,4),(((14,(3,24)),((9,17),(5,(23,(11,8))))),(18,(1,((2,(6,(7,22))),(16,(19,(15,20)))))))))));
Final quartet score is: 6552063
Final normalized quartet score is: 0.6375065676556096
((14_3,14_2,14_1)0.04:0.0,(((3_1,3_2,3_3,3_4)0.04:0.0,(24_3,24_2,24_1)0.06:0.0)1:0.18346626766221263,((((9_1,9_2,9_3)0.01:0.0,(17_3,17_2,17_1)0.01:0.0)1:1.7794463543676833,((5_1,5_2,5_3)0.09:0.0,((23_3,23_2,23_1)0.03:0.0,((11_3,11_2,11_1)0.01:0.0,(8_1,8_2,8_3)0.01:0.0)1:0.6737748787137574)1:0.6511099543397479)1:0.11183351944561205)1:0.7069372358932087,(((18_3,18_2,18_1)1:0.47668924623420383,((1_1,1_2,1_3,1_4)1:0.6546571218887505,(((2_1,2_2,2_3)1:0.463799242694853,((6_1,6_2,6_3,6_4)0.52:0.06028384399080078,((7_1,7_2,7_3,7_4)0.04:0.0,(22_4,22_3,22_2,22_1)0.02:0.0)1:1.515360540856491)1:0.4289658070612115)0:0.0,((16_1,16_3,16_2)0.98:0.280090404128559,((19_5,19_4,19_3,19_2,19_1)0.16:0.0,((15_2,15_1,15_4,15_3)0.1:0.0,(20_4,20_3,20_2,20_1)0.2:0.0)1:0.181723902955154)1:0.5443224483433858)0.92:0.06812760460433927)1:0.5357068020834647)1:0.16388950503458138)0.86:0.062144671144392254,(((10_3,10_2,10_1)0.06:0.0,(4_1,4_2,4_3,4_4)0.08:0.0)1:0.4748518192047964,((21_4,21_3,21_2,21_1)0.22:0.0,(((25_3,25_2,25_1,25_4)0.03:0.0,(13_3,13_2,13_1)0.02:0.0)1:0.6924052513910431,(12_3,12_2,12_1)0.16:0.0)1:0.22738732754060156)1:0.21873946760539104)1:1.028124679070098)1:0.3432763189018043)1:0.9539173770718793));
Weight calculation took 7.243285675 secs
ASTRAL finished in 48.689 secs
