
================== ASTRAL ===================== 

This is ASTRAL version 5.6.3
Gene trees are treated as unrooted
42 trees read from g_trees-raxml-sqlen-100-ngen-25.trees.tree
All output trees will be *arbitrarily* rooted at 21

======== Running the main analysis
Number of taxa: 25 (25 species)
Taxa: [21, 10, 4, 13, 25, 12, 24, 3, 14, 17, 9, 23, 5, 11, 8, 18, 1, 16, 6, 22, 7, 15, 19, 20, 2]
Taxon occupancy: {22=36, 23=38, 24=38, 25=33, 10=36, 11=38, 12=34, 13=33, 14=39, 15=37, 16=33, 17=35, 18=37, 19=35, 1=37, 2=27, 3=39, 4=36, 5=39, 6=37, 7=35, 8=38, 9=35, 20=35, 21=33}
Number of gene trees: 42
33 trees have missing taxa
Calculating quartet distance matrix (for completion of X)
Species tree distances calculated ...
Will attempt to complete bipartitions from X before adding using a distance matrix.
Building set of clusters (X) from gene trees 
------------------------------
gradient0: 271
Number of Clusters after addition by distance: 271
calculating extra bipartitions to be added at level 1 ...
Adding to X using resolutions of greedy consensus ...
Limit for sigma of degrees:675
polytomy size limit : 3
discarded polytomies:  [3]
Threshold 0.0:
Threshold 0.01:
Threshold 0.02:
Threshold 0.05:
Threshold 0.1:
Threshold 0.2:
Threshold 0.3333333333333333:
polytomy of size 3; rounds with additions with at least 5 support: 0; clusters: 271
max k is :0
Number of Clusters after addition by greedy: 271
gradient0 in heuristiic: 271
partitions formed in 0.162 secs
Dynamic Programming starting after 0.162 secs
Using tree-based weight calculation.
Using polytree-based weight calculation.
Polytree max score: 316941
Polytree building time: 0.012 seconds.
Number of quartet trees in the gene trees: 316941
Size of largest cluster: 25
Greedy score: 276816
estimationFactor: 1.144951881394139
Sub-optimal score: 276816
Total Number of elements weighted: 351
Normalized score (portion of input quartet trees satisfied before correcting for multiple individuals): 0.8765953284680745
Optimization score: 277829
Optimal tree inferred in 0.246 secs.
(7,(22,(6,((16,(19,(15,20))),(2,(1,(18,(((10,4),(21,(12,(13,25)))),((14,(24,3)),((17,9),(5,(23,(11,8)))))))))))));
Final quartet score is: 277829
Final normalized quartet score is: 0.8765953284680745
(21,((12,(13,25)1:3.091042453358317)0.99:0.402393205848005,((10,4)1:1.1670800879455703,(((14,(24,3)1:0.4595323293784402)1:2.4567357728213035,((17,9)1:3.1780538303479453,(5,(23,(11,8)1:1.710534029305468)1:0.6583071836860084)0.98:0.34811874200753634)1:1.7917594692280545)1:0.9538937066530226,(18,(1,(2,((16,(19,(15,20)1:0.5360766034666825)1:1.5842677247921613)0.97:0.3184537311185346,(6,(22,7)1:1.1451323043030024)1:0.8902838231390405)0.98:0.40342470748189163)1:2.0188169198634016)0.42:0.03690845342250282)0.88:0.24464888221402903)1:1.8178317095378307)1:0.6125609606295743));
Weight calculation took 0.027741924 secs
ASTRAL finished in 1.172 secs
