
================== ASTRAL ===================== 

This is ASTRAL version 5.6.3
Gene trees are treated as unrooted
860 trees read from g_trees-raxml-sqlen-25-ngen-500.trees.tree
All output trees will be *arbitrarily* rooted at 18

======== Running the main analysis
Number of taxa: 25 (25 species)
Taxa: [18, 1, 3, 14, 23, 8, 11, 5, 9, 17, 24, 13, 25, 10, 4, 12, 21, 19, 20, 6, 16, 7, 22, 2, 15]
Taxon occupancy: {22=643, 23=713, 24=695, 25=663, 10=681, 11=707, 12=675, 13=664, 14=700, 15=647, 16=652, 17=708, 18=673, 19=635, 1=597, 2=641, 3=701, 4=685, 5=712, 6=637, 7=640, 8=705, 9=706, 20=665, 21=664}
Number of gene trees: 860
793 trees have missing taxa
Calculating quartet distance matrix (for completion of X)
Species tree distances calculated ...
Will attempt to complete bipartitions from X before adding using a distance matrix.
Building set of clusters (X) from gene trees 
------------------------------
gradient0: 3177
Number of Clusters after addition by distance: 3177
calculating extra bipartitions to be added at level 1 ...
Adding to X using resolutions of greedy consensus ...
Limit for sigma of degrees:675
polytomy size limit : 4
discarded polytomies:  [4, 4]
Threshold 0.0:
Threshold 0.01:
Threshold 0.02:
Threshold 0.05:
Threshold 0.1:
Threshold 0.2:
Threshold 0.3333333333333333:
polytomy of size 4; rounds with additions with at least 5 support: 0; clusters: 3177
polytomy of size 4; rounds with additions with at least 5 support: 0; clusters: 3177
max k is :0
Number of Clusters after addition by greedy: 3177
gradient0 in heuristiic: 3177
partitions formed in 0.847 secs
Dynamic Programming starting after 0.847 secs
Using tree-based weight calculation.
Using polytree-based weight calculation.
Polytree max score: 4707802
Polytree building time: 0.117 seconds.
Number of quartet trees in the gene trees: 4707802
Size of largest cluster: 25
Greedy score: 3075235
estimationFactor: 1.5308755265857732
Sub-optimal score: 3374517
Total Number of elements weighted: 18330
Normalized score (portion of input quartet trees satisfied before correcting for multiple individuals): 0.7442194892648416
Optimization score: 3503638
Optimal tree inferred in 10.027 secs.
(23,((8,11),(5,((9,17),((14,(3,24)),(((10,4),(21,(12,(13,25)))),(18,(1,(2,(16,((19,(20,15)),(6,(7,22)))))))))))));
Final quartet score is: 3503638
Final normalized quartet score is: 0.7442194892648416
(18,((1,(2,(16,((19,(20,15)1:0.18589619025585125)1:0.6367459134265232,(6,(7,22)1:1.65061080869987)1:0.27792839602544095)0.36:0.002339785730240301)1:0.30455002335541054)1:0.35597569735791545)1:0.17543616821947855,(((10,4)1:0.579546371454114,(21,(12,(13,25)1:0.7933291298806247)1:0.199515853404169)1:0.26610927751094143)1:1.1445487064430035,((14,(3,24)1:0.2547984924704999)1:1.1861263819536192,((9,17)1:2.420433158094663,(5,((8,11)1:0.8605990134888322,23)1:0.6730138936869183)1:0.1533336131348908)1:0.7943415516054094)1:0.41044972800469975)0.99:0.08857855150601324));
Weight calculation took 8.875052476 secs
ASTRAL finished in 10.518 secs
