
================== ASTRAL ===================== 

This is ASTRAL version 5.6.3
Gene trees are treated as unrooted
94 trees read from g_trees-raxml-sqlen-250-ngen-50.trees.tree
All output trees will be *arbitrarily* rooted at 24

======== Running the main analysis
Number of taxa: 25 (25 species)
Taxa: [24, 3, 14, 5, 17, 9, 8, 11, 23, 13, 25, 12, 21, 10, 4, 18, 1, 2, 16, 6, 22, 7, 20, 19, 15]
Taxon occupancy: {22=84, 23=79, 24=80, 25=76, 10=82, 11=77, 12=80, 13=78, 14=76, 15=84, 16=73, 17=77, 18=84, 19=84, 1=81, 2=72, 3=79, 4=82, 5=82, 6=86, 7=81, 8=78, 9=77, 20=80, 21=81}
Number of gene trees: 94
77 trees have missing taxa
Calculating quartet distance matrix (for completion of X)
Species tree distances calculated ...
Will attempt to complete bipartitions from X before adding using a distance matrix.
Building set of clusters (X) from gene trees 
------------------------------
gradient0: 263
Number of Clusters after addition by distance: 263
calculating extra bipartitions to be added at level 1 ...
Adding to X using resolutions of greedy consensus ...
Limit for sigma of degrees:675
polytomy size limit : 3
discarded polytomies:  []
Threshold 0.0:
Threshold 0.01:
Threshold 0.02:
Threshold 0.05:
Threshold 0.1:
Threshold 0.2:
Threshold 0.3333333333333333:
max k is :0
Number of Clusters after addition by greedy: 263
gradient0 in heuristiic: 263
partitions formed in 0.166 secs
Dynamic Programming starting after 0.166 secs
Using tree-based weight calculation.
Using polytree-based weight calculation.
Polytree max score: 685969
Polytree building time: 0.017 seconds.
Number of quartet trees in the gene trees: 685969
Size of largest cluster: 25
Greedy score: 630188
estimationFactor: 1.0885148558842759
Sub-optimal score: 630188
Total Number of elements weighted: 282
Normalized score (portion of input quartet trees satisfied before correcting for multiple individuals): 0.926878619879324
Optimization score: 635810
Optimal tree inferred in 0.262 secs.
(17,(9,((5,(23,(8,11))),((14,(24,3)),(((10,4),(21,(12,(13,25)))),(18,(1,(2,(16,((19,(20,15)),(6,(22,7))))))))))));
Final quartet score is: 635810
Final normalized quartet score is: 0.926878619879324
(24,(3,(14,((((10,4)1:1.349926716949016,(21,(12,(13,25)1:2.5963462115222113)1:1.1923564429237556)1:1.3563669405784176)1:2.8397280250774095,(18,(1,(2,(16,((19,(20,15)1:1.0010257307505832)1:2.2214708609747493,(6,(22,7)1:2.1972245773362196)1:0.8693492624335458)1:0.8616754152215642)1:1.0441988669443154)1:2.6718471524382514)1:0.9032070759315046)0.7:0.08803485021280039)1:1.4347114605582658,((5,(23,(8,11)1:2.4292140103835442)1:2.096279309928023)0.99:0.2722408879634031,(9,17)1:3.951243718581431)1:1.4046917262596068)1:3.799227511282799)1:0.8754687373538999));
Weight calculation took 0.035439577 secs
ASTRAL finished in 1.327 secs
