
================== ASTRAL ===================== 

This is ASTRAL version 5.6.3
Gene trees are treated as unrooted
221 trees read from g_trees-raxml-sqlen-50-ngen-100.trees.tree
All output trees will be *arbitrarily* rooted at 13

======== Running the main analysis
Number of taxa: 25 (25 species)
Taxa: [13, 12, 25, 21, 10, 4, 18, 24, 3, 14, 8, 11, 5, 23, 17, 9, 1, 22, 7, 6, 20, 15, 19, 16, 2]
Taxon occupancy: {22=175, 23=181, 24=172, 25=186, 10=179, 11=181, 12=188, 13=183, 14=165, 15=179, 16=164, 17=182, 18=177, 19=174, 1=151, 2=166, 3=168, 4=178, 5=186, 6=174, 7=174, 8=183, 9=181, 20=174, 21=182}
Number of gene trees: 221
196 trees have missing taxa
Calculating quartet distance matrix (for completion of X)
Species tree distances calculated ...
Will attempt to complete bipartitions from X before adding using a distance matrix.
Building set of clusters (X) from gene trees 
------------------------------
gradient0: 929
Number of Clusters after addition by distance: 929
calculating extra bipartitions to be added at level 1 ...
Adding to X using resolutions of greedy consensus ...
Limit for sigma of degrees:675
polytomy size limit : 3
discarded polytomies:  [3, 3]
Threshold 0.0:
Threshold 0.01:
Threshold 0.02:
Threshold 0.05:
Threshold 0.1:
Threshold 0.2:
Threshold 0.3333333333333333:
polytomy of size 3; rounds with additions with at least 5 support: 0; clusters: 929
polytomy of size 3; rounds with additions with at least 5 support: 0; clusters: 929
max k is :0
Number of Clusters after addition by greedy: 929
gradient0 in heuristiic: 929
partitions formed in 0.41 secs
Dynamic Programming starting after 0.41 secs
Using tree-based weight calculation.
Using polytree-based weight calculation.
Polytree max score: 1315800
Polytree building time: 0.047 seconds.
Number of quartet trees in the gene trees: 1315800
Size of largest cluster: 25
Greedy score: 990030
estimationFactor: 1.3290506348292477
Sub-optimal score: 1065757
Total Number of elements weighted: 2416
Normalized score (portion of input quartet trees satisfied before correcting for multiple individuals): 0.8174981000151998
Optimization score: 1075664
Optimal tree inferred in 0.945 secs.
(20,(15,(19,((6,(22,7)),(16,(2,(1,((18,((10,4),(21,(12,(13,25))))),((14,(24,3)),((17,9),(5,(23,(8,11)))))))))))));
Final quartet score is: 1075664
Final normalized quartet score is: 0.8174981000151998
(13,(25,(12,(21,((10,4)1:1.1932314625078975,(18,(((14,(24,3)1:0.4006016540375675)1:1.8838981495214444,((17,9)1:1.3137583467523979,(5,(23,(8,11)1:1.4101895565331912)1:0.8040867955470776)1:0.20207147421599572)1:0.9043544966938546)1:0.7159193085680133,(1,(2,(16,((6,(22,7)1:1.6859343616875146)1:0.5714170368212781,(19,(15,20)1:0.6592306975026249)1:1.2362466304384836)0.57:0.05188462683879348)1:0.3828486311738867)1:0.7717137648465393)1:0.31687951804652476)1:0.19669315242632485)1:1.1166772683854054)1:0.3976174183097807)1:0.42143525076760424)1:1.0937831624283334));
Weight calculation took 0.405374294 secs
ASTRAL finished in 1.332 secs
