
================== ASTRAL ===================== 

This is ASTRAL version 5.6.3
Gene trees are treated as unrooted
189 trees read from g_trees-raxml-sqlen-100-ngen-100.trees.tree
All output trees will be *arbitrarily* rooted at 21

======== Running the main analysis
Number of taxa: 25 (25 species)
Taxa: [21, 10, 4, 13, 25, 12, 24, 3, 14, 17, 9, 23, 5, 11, 8, 18, 1, 16, 6, 22, 7, 15, 19, 20, 2]
Taxon occupancy: {22=156, 23=158, 24=163, 25=163, 10=167, 11=158, 12=166, 13=162, 14=152, 15=159, 16=153, 17=155, 18=158, 19=152, 1=153, 2=147, 3=161, 4=162, 5=161, 6=157, 7=157, 8=159, 9=154, 20=152, 21=162}
Number of gene trees: 189
158 trees have missing taxa
Calculating quartet distance matrix (for completion of X)
Species tree distances calculated ...
Will attempt to complete bipartitions from X before adding using a distance matrix.
Building set of clusters (X) from gene trees 
------------------------------
gradient0: 545
Number of Clusters after addition by distance: 545
calculating extra bipartitions to be added at level 1 ...
Adding to X using resolutions of greedy consensus ...
Limit for sigma of degrees:675
polytomy size limit : 3
discarded polytomies:  []
Threshold 0.0:
Threshold 0.01:
Threshold 0.02:
Threshold 0.05:
Threshold 0.1:
Threshold 0.2:
Threshold 0.3333333333333333:
max k is :0
Number of Clusters after addition by greedy: 545
gradient0 in heuristiic: 545
partitions formed in 0.223 secs
Dynamic Programming starting after 0.223 secs
Using tree-based weight calculation.
Using polytree-based weight calculation.
Polytree max score: 1314349
Polytree building time: 0.037 seconds.
Number of quartet trees in the gene trees: 1314349
Size of largest cluster: 25
Greedy score: 1133285
estimationFactor: 1.1597691666262238
Sub-optimal score: 1149071
Total Number of elements weighted: 1045
Normalized score (portion of input quartet trees satisfied before correcting for multiple individuals): 0.8805796633922953
Optimization score: 1157389
Optimal tree inferred in 0.497 secs.
(25,(13,(12,(21,((10,4),(((14,(24,3)),((17,9),(5,(23,(11,8))))),(18,(1,(2,((6,(22,7)),(16,(19,(15,20)))))))))))));
Final quartet score is: 1157389
Final normalized quartet score is: 0.8805796633922953
(21,(((10,4)1:1.4261059661149549,(((14,(24,3)1:0.6012510937573572)1:2.06198014488405,((17,9)1:2.2400647360127124,(5,(23,(11,8)1:2.3707558765062746)1:1.708608369290388)1:0.3808261021081253)1:1.4480702375719725)1:1.0787538435005557,(18,(1,(2,((6,(22,7)1:2.159484249353373)1:0.6620648110345222,(16,(19,(15,20)1:0.8696346230139064)1:1.5607707790265726)0.92:0.11490423997480143)1:0.6011992981682753)1:1.063297901783083)1:0.33676966276934234)0.95:0.13610728571746947)1:2.866308769126376)1:0.6637713536526882,(12,(13,25)1:1.7074693782673822)1:0.5005261989243178));
Weight calculation took 0.18787501 secs
ASTRAL finished in 0.819 secs
