
================== ASTRAL ===================== 

This is ASTRAL version 5.6.3
Gene trees are treated as unrooted
872 trees read from g_trees-raxml-sqlen-100-ngen-500.trees.tree
All output trees will be *arbitrarily* rooted at 21

======== Running the main analysis
Number of taxa: 25 (25 species)
Taxa: [21, 10, 4, 13, 25, 12, 24, 3, 14, 17, 9, 23, 5, 11, 8, 18, 1, 16, 6, 22, 7, 15, 19, 20, 2]
Taxon occupancy: {22=697, 23=750, 24=729, 25=703, 10=716, 11=747, 12=720, 13=706, 14=707, 15=676, 16=700, 17=744, 18=707, 19=691, 1=664, 2=677, 3=729, 4=716, 5=737, 6=693, 7=699, 8=745, 9=741, 20=690, 21=711}
Number of gene trees: 872
777 trees have missing taxa
Calculating quartet distance matrix (for completion of X)
Species tree distances calculated ...
Will attempt to complete bipartitions from X before adding using a distance matrix.
Building set of clusters (X) from gene trees 
------------------------------
gradient0: 1053
Number of Clusters after addition by distance: 1053
calculating extra bipartitions to be added at level 1 ...
Adding to X using resolutions of greedy consensus ...
Limit for sigma of degrees:675
polytomy size limit : 3
discarded polytomies:  [3]
Threshold 0.0:
Threshold 0.01:
Threshold 0.02:
Threshold 0.05:
Threshold 0.1:
Threshold 0.2:
Threshold 0.3333333333333333:
polytomy of size 3; rounds with additions with at least 5 support: 0; clusters: 1053
max k is :0
Number of Clusters after addition by greedy: 1053
gradient0 in heuristiic: 1053
partitions formed in 0.626 secs
Dynamic Programming starting after 0.626 secs
Using tree-based weight calculation.
Using polytree-based weight calculation.
Polytree max score: 5532858
Polytree building time: 0.115 seconds.
Number of quartet trees in the gene trees: 5532858
Size of largest cluster: 25
Greedy score: 4791644
estimationFactor: 1.15468887087605
Sub-optimal score: 4869433
Total Number of elements weighted: 2697
Normalized score (portion of input quartet trees satisfied before correcting for multiple individuals): 0.8862396251629808
Optimization score: 4903438
Optimal tree inferred in 1.934 secs.
(25,(13,(12,(21,((10,4),(((14,(24,3)),((17,9),(5,(23,(11,8))))),(18,(1,(2,(16,((19,(15,20)),(6,(22,7)))))))))))));
Final quartet score is: 4903438
Final normalized quartet score is: 0.8862396251629808
(21,(((10,4)1:1.2888096688952368,(((14,(24,3)1:0.5560264805286151)1:2.064267052833679,((17,9)1:3.0439763831506417,(5,(23,(11,8)1:1.6227853426492314)1:1.510627337073969)1:0.19342978081722606)1:1.6420753905117134)1:1.3024023434878251,(18,(1,(2,(16,((19,(15,20)1:0.9303639906894438)1:1.7067920965885217,(6,(22,7)1:2.57628577532677)1:0.6372713469923996)1:0.11451081080240796)1:0.6863546178557411)1:1.197609329102392)1:0.42324324644651756)1:0.14221898475907452)1:2.647006130082654)1:0.5953612752494678,(12,(13,25)1:1.5752902203999968)1:0.5574627242665963));
Weight calculation took 1.101980031 secs
ASTRAL finished in 2.249 secs
