
================== ASTRAL ===================== 

This is ASTRAL version 5.6.3
Gene trees are treated as unrooted
178 trees read from g_trees-raxml-sqlen-250-ngen-100.trees.tree
All output trees will be *arbitrarily* rooted at 24

======== Running the main analysis
Number of taxa: 25 (25 species)
Taxa: [24, 3, 14, 5, 17, 9, 8, 11, 23, 13, 25, 12, 21, 10, 4, 18, 1, 2, 16, 6, 22, 7, 20, 19, 15]
Taxon occupancy: {22=156, 23=153, 24=156, 25=148, 10=155, 11=152, 12=151, 13=148, 14=149, 15=157, 16=150, 17=152, 18=151, 19=157, 1=154, 2=148, 3=152, 4=155, 5=157, 6=157, 7=153, 8=153, 9=152, 20=152, 21=151}
Number of gene trees: 178
141 trees have missing taxa
Calculating quartet distance matrix (for completion of X)
Species tree distances calculated ...
Will attempt to complete bipartitions from X before adding using a distance matrix.
Building set of clusters (X) from gene trees 
------------------------------
gradient0: 329
Number of Clusters after addition by distance: 329
calculating extra bipartitions to be added at level 1 ...
Adding to X using resolutions of greedy consensus ...
Limit for sigma of degrees:675
polytomy size limit : 3
discarded polytomies:  []
Threshold 0.0:
Threshold 0.01:
Threshold 0.02:
Threshold 0.05:
Threshold 0.1:
Threshold 0.2:
Threshold 0.3333333333333333:
max k is :0
Number of Clusters after addition by greedy: 329
gradient0 in heuristiic: 329
partitions formed in 0.19 secs
Dynamic Programming starting after 0.19 secs
Using tree-based weight calculation.
Using polytree-based weight calculation.
Polytree max score: 1359428
Polytree building time: 0.033 seconds.
Number of quartet trees in the gene trees: 1359428
Size of largest cluster: 25
Greedy score: 1275724
estimationFactor: 1.065612938221747
Sub-optimal score: 1275724
Total Number of elements weighted: 391
Normalized score (portion of input quartet trees satisfied before correcting for multiple individuals): 0.9384270443156975
Optimization score: 1275724
Optimal tree inferred in 0.351 secs.
(17,(9,((5,(23,(8,11))),((14,(24,3)),(((10,4),(21,(12,(13,25)))),(18,(1,(2,(16,((19,(20,15)),(6,(22,7))))))))))));
Final quartet score is: 1275724
Final normalized quartet score is: 0.9384270443156975
(24,(3,(14,((((10,4)1:1.7214429708105947,(21,(12,(13,25)1:2.640150584343148)1:1.5018893217227098)1:1.1016782082899448)1:3.4657359027997248,(18,(1,(2,(16,((19,(20,15)1:1.2950565799865632)1:2.461592173980802,(6,(22,7)1:2.786382044372116)1:0.9365393425467585)1:0.610448240872008)1:0.9635550720689054)1:2.33123069107101)1:0.6471950733931007)1:0.3297518664352719)1:1.7851525551523142,((5,(23,(8,11)1:3.0529237023796285)1:2.0233713152331227)1:0.36190105087747093,(9,17)1:4.611814728706755)1:2.0767854976217195)1:3.457367653129208)1:0.711737109019818));
Weight calculation took 0.089482148 secs
ASTRAL finished in 0.755 secs
