
================== ASTRAL ===================== 

This is ASTRAL version 5.6.3
Gene trees are treated as unrooted
100 trees read from g_trees-raxml-sqlen-50-ngen-100-s2g.trees
All output trees will be *arbitrarily* rooted at 14

======== Running the main analysis
Number of taxa: 168 (25 species)
Taxa: {22=[22_6, 22_5, 22_4, 22_3, 22_2, 22_1, 22_7], 23=[23_5, 23_4, 23_3, 23_2, 23_1, 23_8, 23_7, 23_6], 24=[24_4, 24_3, 24_2, 24_1, 24_5], 25=[25_3, 25_2, 25_1, 25_6, 25_5, 25_4], 10=[10_6, 10_5, 10_4, 10_3, 10_2, 10_1], 11=[11_6, 11_5, 11_4, 11_3, 11_2, 11_1, 11_7], 12=[12_5, 12_4, 12_3, 12_2, 12_1, 12_6], 13=[13_4, 13_3, 13_2, 13_1, 13_8, 13_7, 13_6, 13_5], 14=[14_3, 14_2, 14_1, 14_6, 14_5, 14_4], 15=[15_2, 15_1, 15_7, 15_6, 15_5, 15_4, 15_3], 16=[16_1, 16_7, 16_6, 16_5, 16_4, 16_3, 16_2], 17=[17_8, 17_7, 17_6, 17_5, 17_4, 17_3, 17_2, 17_1, 17_9], 18=[18_7, 18_6, 18_5, 18_4, 18_3, 18_2, 18_1], 19=[19_6, 19_5, 19_4, 19_3, 19_2, 19_1, 19_7], 1=[1_1, 1_2, 1_3, 1_4, 1_5, 1_6], 2=[2_1, 2_2, 2_3, 2_4, 2_5, 2_6], 3=[3_1, 3_2, 3_3, 3_4, 3_5], 4=[4_1, 4_2, 4_3, 4_4, 4_5, 4_6], 5=[5_1, 5_2, 5_3, 5_4, 5_5, 5_6], 6=[6_1, 6_2, 6_3, 6_4, 6_5, 6_6], 7=[7_1, 7_2, 7_3, 7_4, 7_5, 7_6, 7_7], 8=[8_1, 8_2, 8_3, 8_4, 8_5, 8_6], 9=[9_1, 9_2, 9_3, 9_4, 9_5, 9_6, 9_7, 9_8], 20=[20_7, 20_6, 20_5, 20_4, 20_3, 20_2, 20_1], 21=[21_7, 21_6, 21_5, 21_4, 21_3, 21_2, 21_1, 21_9, 21_8]}
Taxon occupancy: {14_3=12, 14_2=31, 10_6=3, 14_1=60, 10_5=4, 10_4=7, 10_3=13, 10_2=30, 10_1=56, 18_7=1, 18_6=3, 18_5=3, 18_4=4, 18_3=12, 18_2=27, 14_6=4, 18_1=55, 14_5=5, 14_4=7, 25_3=9, 21_7=1, 25_2=23, 21_6=3, 25_1=55, 21_5=5, 21_4=5, 21_3=9, 21_2=28, 3_1=59, 21_1=50, 3_2=30, 3_3=14, 3_4=7, 7_1=59, 3_5=5, 7_2=23, 7_3=9, 7_4=4, 7_5=4, 25_6=1, 25_5=3, 7_6=2, 21_9=1, 25_4=4, 7_7=1, 21_8=1, 13_4=4, 13_3=9, 13_2=23, 13_1=57, 17_8=1, 17_7=2, 17_6=3, 17_5=5, 17_4=5, 13_8=1, 17_3=10, 13_7=2, 17_2=28, 13_6=3, 17_1=50, 13_5=4, 24_4=3, 24_3=11, 20_7=1, 24_2=31, 20_6=1, 24_1=55, 20_5=2, 2_1=59, 20_4=6, 2_2=27, 20_3=7, 20_2=26, 2_3=12, 20_1=58, 2_4=10, 6_1=56, 2_5=5, 6_2=27, 2_6=1, 6_3=11, 6_4=5, 6_5=4, 6_6=1, 24_5=2, 17_9=1, 16_1=54, 12_5=2, 12_4=3, 12_3=12, 12_2=22, 12_1=57, 16_7=1, 16_6=2, 16_5=4, 16_4=5, 16_3=9, 16_2=27, 12_6=1, 23_5=6, 23_4=8, 23_3=11, 1_1=64, 23_2=28, 23_1=54, 1_2=31, 1_3=11, 1_4=5, 5_1=54, 1_5=1, 5_2=26, 1_6=1, 5_3=13, 5_4=5, 9_1=54, 5_5=2, 9_2=27, 5_6=1, 9_3=12, 23_8=1, 9_4=8, 23_7=3, 9_5=5, 23_6=4, 9_6=4, 9_7=4, 9_8=1, 15_2=23, 11_6=1, 15_1=60, 11_5=4, 11_4=8, 11_3=16, 11_2=27, 11_1=55, 19_6=2, 19_5=2, 19_4=3, 15_7=2, 19_3=6, 19_2=26, 15_6=2, 19_1=54, 15_5=3, 15_4=5, 15_3=10, 11_7=1, 22_6=2, 22_5=3, 22_4=4, 22_3=8, 22_2=25, 22_1=56, 4_1=60, 4_2=34, 4_3=13, 4_4=6, 8_1=54, 4_5=4, 8_2=23, 4_6=1, 8_3=8, 8_4=4, 8_5=3, 22_7=1, 8_6=2, 19_7=1}
Number of gene trees: 100
100 trees have missing taxa
Calculating quartet distance matrix (for completion of X)
Species tree distances calculated ...
Will attempt to complete bipartitions from X before adding using a distance matrix.
Building set of clusters (X) from gene trees 
In second round sampling 4 rounds will be done
------------------------------
gradient0: 489
------------------------------
gradient1: 214
------------------------------
gradient2: 154
------------------------------
gradient3: 72
Number of Clusters after addition by distance: 929
calculating extra bipartitions to be added at level 1 ...
Adding to X using resolutions of greedy consensus ...
Limit for sigma of degrees:675
polytomy size limit : 4
discarded polytomies:  [4, 4]
Threshold 0.0:
Threshold 0.01:
Threshold 0.02:
Threshold 0.05:
Threshold 0.1:
Threshold 0.2:
Threshold 0.3333333333333333:
polytomy of size 4; rounds with additions with at least 5 support: 0; clusters: 929
polytomy of size 4; rounds with additions with at least 5 support: 0; clusters: 929
max k is :0
Number of Clusters after addition by greedy: 929
gradient0 in heuristiic: 929
calculating extra bipartitions to be added at level 1 ...
Adding to X using resolutions of greedy consensus ...
Limit for sigma of degrees:675
polytomy size limit : 3
discarded polytomies:  [3, 3, 3]
Threshold 0.0:
Threshold 0.01:
Threshold 0.02:
Threshold 0.05:
Threshold 0.1:
Threshold 0.2:
polytomy of size 3; rounds with additions with at least 5 support: 0; clusters: 929
Threshold 0.3333333333333333:
polytomy of size 3; rounds with additions with at least 5 support: 0; clusters: 929
polytomy of size 3; rounds with additions with at least 5 support: 0; clusters: 929
max k is :0
Number of Clusters after addition by greedy: 929
gradient1 in heuristiic: 0
calculating extra bipartitions to be added at level 1 ...
Adding to X using resolutions of greedy consensus ...
Limit for sigma of degrees:675
polytomy size limit : 3
discarded polytomies:  [3, 3]
Threshold 0.0:
Threshold 0.01:
Threshold 0.02:
Threshold 0.05:
Threshold 0.1:
Threshold 0.2:
Threshold 0.3333333333333333:
polytomy of size 3; rounds with additions with at least 5 support: 0; clusters: 929
polytomy of size 3; rounds with additions with at least 5 support: 0; clusters: 929
max k is :0
Number of Clusters after addition by greedy: 929
gradient2 in heuristiic: 0
calculating extra bipartitions to be added at level 1 ...
Adding to X using resolutions of greedy consensus ...
Limit for sigma of degrees:675
polytomy size limit : 3
discarded polytomies:  [3]
Threshold 0.0:
Threshold 0.01:
Threshold 0.02:
Threshold 0.05:
Threshold 0.1:
Threshold 0.2:
Threshold 0.3333333333333333:
polytomy of size 3; rounds with additions with at least 5 support: 0; clusters: 929
max k is :0
Number of Clusters after addition by greedy: 929
gradient3 in heuristiic: 0
partitions formed in 12.475 secs
Dynamic Programming starting after 12.475 secs
Using tree-based weight calculation.
Using polytree-based weight calculation.
Polytree max score: 8004827
Polytree building time: 0.033 seconds.
Number of quartet trees in the gene trees: 7903303
Size of largest cluster: 168
Greedy score: 3431401
estimationFactor: 2.332815614844255
Sub-optimal score: 3716316
Total Number of elements weighted: 2848
Normalized score (portion of input quartet trees satisfied before correcting for multiple individuals): 0.4987091473020837
Optimization score: 3941449
Optimal tree inferred in 12.864 secs.
(3,(2,((1,4),((12,(15,((25,6),(18,8)))),(((19,(7,20)),(16,(13,22))),(((10,11),(21,17)),((14,5),(24,(23,9)))))))));
Final quartet score is: 4485128
Final normalized quartet score is: 0.5675004488629627
You may want to ignore posterior probabilities and other statistics related to the following branch branch because the effective number of genes impacting it is only 14:
	{14}
You may want to ignore posterior probabilities and other statistics related to the following branch branch because the effective number of genes impacting it is only 11:
	{5}
You may want to ignore posterior probabilities and other statistics related to the following branch branch because the effective number of genes impacting it is only 12:
	{24}
You may want to ignore posterior probabilities and other statistics related to the following branch branch because the effective number of genes impacting it is only 11:
	{23}
You may want to ignore posterior probabilities and other statistics related to the following branch branch because the effective number of genes impacting it is only 11:
	{9}
You may want to ignore posterior probabilities and other statistics related to the following branch branch because the effective number of genes impacting it is only 14:
	{10}
You may want to ignore posterior probabilities and other statistics related to the following branch branch because the effective number of genes impacting it is only 12:
	{11}
You may want to ignore posterior probabilities and other statistics related to the following branch branch because the effective number of genes impacting it is only 9:
	{21}
You may want to ignore posterior probabilities and other statistics related to the following branch branch because the effective number of genes impacting it is only 9:
	{17}
You may want to ignore posterior probabilities and other statistics related to the following branch branch because the effective number of genes impacting it is only 9:
	{19}
You may want to ignore posterior probabilities and other statistics related to the following branch branch because the effective number of genes impacting it is only 8:
	{7}
You may want to ignore posterior probabilities and other statistics related to the following branch branch because the effective number of genes impacting it is only 9:
	{20}
You may want to ignore posterior probabilities and other statistics related to the following branch branch because the effective number of genes impacting it is only 10:
	{16}
You may want to ignore posterior probabilities and other statistics related to the following branch branch because the effective number of genes impacting it is only 8:
	{13}
You may want to ignore posterior probabilities and other statistics related to the following branch branch because the effective number of genes impacting it is only 9:
	{22}
You may want to ignore posterior probabilities and other statistics related to the following branch branch because the effective number of genes impacting it is only 6:
	{12}
You may want to ignore posterior probabilities and other statistics related to the following branch branch because the effective number of genes impacting it is only 9:
	{15}
You may want to ignore posterior probabilities and other statistics related to the following branch branch because the effective number of genes impacting it is only 10:
	{25}
You may want to ignore posterior probabilities and other statistics related to the following branch branch because the effective number of genes impacting it is only 12:
	{6}
You may want to ignore posterior probabilities and other statistics related to the following branch branch because the effective number of genes impacting it is only 11:
	{18}
You may want to ignore posterior probabilities and other statistics related to the following branch branch because the effective number of genes impacting it is only 10:
	{8}
You may want to ignore posterior probabilities and other statistics related to the following branch branch because the effective number of genes impacting it is only 12:
	{1}
You may want to ignore posterior probabilities and other statistics related to the following branch branch because the effective number of genes impacting it is only 14:
	{4}
You may want to ignore posterior probabilities and other statistics related to the following branch branch because the effective number of genes impacting it is only 13:
	{2}
You may want to ignore posterior probabilities and other statistics related to the following branch branch because the effective number of genes impacting it is only 16:
	{3}
((14_3,14_2,14_1,14_6,14_5,14_4)0.57:0.10257202685403026,((5_1,5_2,5_3,5_4,5_5,5_6)0.36:0.0,(((24_4,24_3,24_2,24_1,24_5)1:0.7804054036079903,((23_5,23_4,23_3,23_2,23_1,23_8,23_7,23_6)0.17:0.0,(9_1,9_2,9_3,9_4,9_5,9_6,9_7,9_8)0.12:0.0)1:1.269533549740393)0.96:0.30724427543098326,((((10_6,10_5,10_4,10_3,10_2,10_1)0.11:0.0,(11_6,11_5,11_4,11_3,11_2,11_1,11_7)0.15:0.0)1:0.5893565111441514,((21_7,21_6,21_5,21_4,21_3,21_2,21_1,21_9,21_8)0.11:0.0,(17_8,17_7,17_6,17_5,17_4,17_3,17_2,17_1,17_9)0.13:0.0)1:1.114736443013705)1:0.8852386017785219,((((19_6,19_5,19_4,19_3,19_2,19_1,19_7)0.32:0.0,((7_1,7_2,7_3,7_4,7_5,7_6,7_7)0.2:0.0,(20_7,20_6,20_5,20_4,20_3,20_2,20_1)0.33:0.0)0.82:0.15289892528788185)1:0.4559821391166086,((16_1,16_7,16_6,16_5,16_4,16_3,16_2)0.35:0.0,((13_4,13_3,13_2,13_1,13_8,13_7,13_6,13_5)0.18:0.0,(22_6,22_5,22_4,22_3,22_2,22_1,22_7)0.16:0.0)1:0.6172313791992411)0.93:0.2157395806759959)1:0.9039324540319661,(((12_5,12_4,12_3,12_2,12_1,12_6)0.9:0.5190642689335808,((15_2,15_1,15_7,15_6,15_5,15_4,15_3)0.56:0.11332127392055714,(((25_3,25_2,25_1,25_6,25_5,25_4)0.12:0.0,(6_1,6_2,6_3,6_4,6_5,6_6)0.22:0.0)1:1.08485575780817,((18_7,18_6,18_5,18_4,18_3,18_2,18_1)0.15:0.0,(8_1,8_2,8_3,8_4,8_5,8_6)0.12:0.0)1:0.49895014511030783)0.63:0.08673719835830476)1:0.8575847738016243)0.9:0.28213923461847584,(((1_1,1_2,1_3,1_4,1_5,1_6)0.17:0.0,(4_1,4_2,4_3,4_4,4_5,4_6)0.34:0.0)1:0.37450261301318266,((2_1,2_2,2_3,2_4,2_5,2_6)0.12:0.0,(3_1,3_2,3_3,3_4,3_5)0.07:0.0)1:1.1118784620582378)1:1.2688168561229407)0.71:0.14103544512684377)0.99:0.3512207501017015)0:0.0)1:1.0184899548011606));
Weight calculation took 0.406549602 secs
ASTRAL finished in 13.132 secs
