
================== ASTRAL ===================== 

This is ASTRAL version 5.6.3
Gene trees are treated as unrooted
50 trees read from g_trees-raxml-sqlen-50-ngen-50-s2g.trees
All output trees will be *arbitrarily* rooted at 14

======== Running the main analysis
Number of taxa: 148 (25 species)
Taxa: {22=[22_6, 22_5, 22_4, 22_3, 22_2, 22_1, 22_7], 23=[23_5, 23_4, 23_3, 23_2, 23_1, 23_8, 23_7, 23_6], 24=[24_4, 24_3, 24_2, 24_1], 25=[25_3, 25_2, 25_1, 25_6, 25_5, 25_4], 10=[10_6, 10_5, 10_4, 10_3, 10_2, 10_1], 11=[11_6, 11_5, 11_4, 11_3, 11_2, 11_1, 11_7], 12=[12_4, 12_3, 12_2, 12_1], 13=[13_4, 13_3, 13_2, 13_1, 13_7, 13_6, 13_5], 14=[14_3, 14_2, 14_1, 14_6, 14_5, 14_4], 15=[15_2, 15_1, 15_7, 15_6, 15_5, 15_4, 15_3], 16=[16_1, 16_7, 16_6, 16_5, 16_4, 16_3, 16_2], 17=[17_6, 17_5, 17_4, 17_3, 17_2, 17_1], 18=[18_6, 18_5, 18_4, 18_3, 18_2, 18_1], 19=[19_6, 19_5, 19_4, 19_3, 19_2, 19_1, 19_7], 1=[1_1, 1_2, 1_3, 1_4], 2=[2_1, 2_2, 2_3, 2_4, 2_5], 3=[3_1, 3_2, 3_3, 3_4, 3_5], 4=[4_1, 4_2, 4_3, 4_4, 4_5], 5=[5_1, 5_2, 5_3, 5_4, 5_5, 5_6], 6=[6_1, 6_2, 6_3, 6_4, 6_5, 6_6], 7=[7_1, 7_2, 7_3, 7_4, 7_5], 8=[8_1, 8_2, 8_3, 8_4, 8_5, 8_6], 9=[9_1, 9_2, 9_3, 9_4, 9_5, 9_6, 9_7, 9_8], 20=[20_4, 20_3, 20_2, 20_1], 21=[21_6, 21_5, 21_4, 21_3, 21_2, 21_1]}
Taxon occupancy: {14_3=5, 14_2=16, 10_6=3, 14_1=29, 10_5=4, 10_4=5, 10_3=6, 10_2=15, 10_1=26, 18_6=2, 18_5=2, 18_4=3, 18_3=8, 18_2=17, 14_6=3, 18_1=32, 14_5=3, 14_4=3, 25_3=6, 25_2=13, 21_6=1, 25_1=33, 21_5=3, 21_4=3, 21_3=7, 21_2=11, 3_1=32, 21_1=23, 3_2=15, 3_3=8, 3_4=5, 7_1=27, 3_5=3, 7_2=8, 7_3=3, 7_4=2, 7_5=2, 25_6=1, 25_5=2, 25_4=3, 13_4=1, 13_3=3, 13_2=9, 13_1=25, 17_6=1, 17_5=3, 17_4=3, 17_3=7, 13_7=1, 17_2=11, 13_6=1, 17_1=23, 13_5=1, 24_4=1, 24_3=5, 24_2=15, 24_1=26, 2_1=31, 20_4=2, 2_2=14, 20_3=2, 20_2=9, 2_3=7, 20_1=27, 2_4=6, 6_1=33, 2_5=3, 6_2=15, 6_3=6, 6_4=3, 6_5=2, 6_6=1, 16_1=26, 12_4=1, 12_3=2, 12_2=9, 12_1=28, 16_7=1, 16_6=1, 16_5=2, 16_4=2, 16_3=4, 16_2=13, 23_5=3, 23_4=3, 23_3=4, 1_1=31, 23_2=13, 23_1=28, 1_2=16, 1_3=8, 1_4=3, 5_1=28, 5_2=15, 5_3=8, 5_4=4, 9_1=28, 5_5=2, 9_2=12, 5_6=1, 9_3=5, 23_8=1, 9_4=3, 23_7=1, 9_5=2, 23_6=2, 9_6=2, 9_7=2, 9_8=1, 15_2=12, 11_6=1, 15_1=33, 11_5=4, 11_4=6, 11_3=8, 11_2=13, 11_1=25, 19_6=1, 19_5=1, 19_4=1, 15_7=1, 19_3=1, 19_2=13, 15_6=1, 19_1=25, 15_5=2, 15_4=2, 15_3=5, 11_7=1, 22_6=1, 22_5=1, 22_4=1, 22_3=3, 22_2=10, 22_1=27, 4_1=30, 4_2=19, 4_3=8, 4_4=3, 8_1=31, 4_5=2, 8_2=15, 8_3=6, 8_4=3, 8_5=2, 22_7=1, 8_6=1, 19_7=1}
Number of gene trees: 50
50 trees have missing taxa
Calculating quartet distance matrix (for completion of X)
Species tree distances calculated ...
Will attempt to complete bipartitions from X before adding using a distance matrix.
Building set of clusters (X) from gene trees 
In second round sampling 4 rounds will be done
------------------------------
gradient0: 381
------------------------------
gradient1: 278
------------------------------
gradient2: 138
------------------------------
gradient3: 140
Number of Clusters after addition by distance: 937
calculating extra bipartitions to be added at level 1 ...
Adding to X using resolutions of greedy consensus ...
Limit for sigma of degrees:675
polytomy size limit : 3
discarded polytomies:  [3]
Threshold 0.0:
Threshold 0.01:
Threshold 0.02:
Threshold 0.05:
Threshold 0.1:
Threshold 0.2:
Threshold 0.3333333333333333:
polytomy of size 3; rounds with additions with at least 5 support: 0; clusters: 937
max k is :0
Number of Clusters after addition by greedy: 937
gradient0 in heuristiic: 937
calculating extra bipartitions to be added at level 1 ...
Adding to X using resolutions of greedy consensus ...
Limit for sigma of degrees:675
polytomy size limit : 7
discarded polytomies:  [3, 4, 7]
Threshold 0.0:
Threshold 0.01:
Threshold 0.02:
Threshold 0.05:
Threshold 0.1:
Threshold 0.2:
polytomy of size 4; rounds with additions with at least 5 support: 0; clusters: 939
Threshold 0.3333333333333333:
polytomy of size 3; rounds with additions with at least 5 support: 0; clusters: 939
polytomy of size 7; rounds with additions with at least 5 support: 0; clusters: 943
max k is :0
Number of Clusters after addition by greedy: 943
gradient1 in heuristiic: 6
calculating extra bipartitions to be added at level 1 ...
Adding to X using resolutions of greedy consensus ...
Limit for sigma of degrees:675
polytomy size limit : 4
discarded polytomies:  [3, 4]
Threshold 0.0:
Threshold 0.01:
Threshold 0.02:
Threshold 0.05:
Threshold 0.1:
Threshold 0.2:
polytomy of size 3; rounds with additions with at least 5 support: 0; clusters: 943
Threshold 0.3333333333333333:
polytomy of size 4; rounds with additions with at least 5 support: 0; clusters: 943
max k is :0
Number of Clusters after addition by greedy: 943
gradient2 in heuristiic: 0
calculating extra bipartitions to be added at level 1 ...
Adding to X using resolutions of greedy consensus ...
Limit for sigma of degrees:675
polytomy size limit : 3
discarded polytomies:  [3, 3, 3, 3]
Threshold 0.0:
Threshold 0.01:
Threshold 0.02:
Threshold 0.05:
Threshold 0.1:
Threshold 0.2:
polytomy of size 3; rounds with additions with at least 5 support: 0; clusters: 943
polytomy of size 3; rounds with additions with at least 5 support: 0; clusters: 943
Threshold 0.3333333333333333:
polytomy of size 3; rounds with additions with at least 5 support: 0; clusters: 943
polytomy of size 3; rounds with additions with at least 5 support: 0; clusters: 943
max k is :0
Number of Clusters after addition by greedy: 943
gradient3 in heuristiic: 0
partitions formed in 7.386 secs
Dynamic Programming starting after 7.386 secs
Using tree-based weight calculation.
Using polytree-based weight calculation.
Polytree max score: 3063971
Polytree building time: 0.02 seconds.
Number of quartet trees in the gene trees: 3019218
Size of largest cluster: 148
Greedy score: 1506208
estimationFactor: 2.0342283403089083
Sub-optimal score: 1544820
Total Number of elements weighted: 2705
Normalized score (portion of input quartet trees satisfied before correcting for multiple individuals): 0.532307372306339
Optimization score: 1607152
Optimal tree inferred in 7.695 secs.
(20,(7,(19,((13,22),(16,(((1,4),(3,2)),(((23,9),(24,((21,17),(10,11)))),((14,5),((12,15),((18,8),(25,6)))))))))));
Final quartet score is: 1835080
Final normalized quartet score is: 0.607799768019401
You may want to ignore posterior probabilities and other statistics related to the following branch branch because the effective number of genes impacting it is only 7:
	{14}
You may want to ignore posterior probabilities and other statistics related to the following branch branch because the effective number of genes impacting it is only 7:
	{5}
You may want to ignore posterior probabilities and other statistics related to the following branch branch because the effective number of genes impacting it is only 4:
	{12}
You may want to ignore posterior probabilities and other statistics related to the following branch branch because the effective number of genes impacting it is only 4:
	{15}
You may want to ignore posterior probabilities and other statistics related to the following branch branch because the effective number of genes impacting it is only 8:
	{18}
You may want to ignore posterior probabilities and other statistics related to the following branch branch because the effective number of genes impacting it is only 7:
	{8}
You may want to ignore posterior probabilities and other statistics related to the following branch branch because the effective number of genes impacting it is only 6:
	{25}
You may want to ignore posterior probabilities and other statistics related to the following branch branch because the effective number of genes impacting it is only 7:
	{6}
You may want to ignore posterior probabilities and other statistics related to the following branch branch because the effective number of genes impacting it is only 5:
	{23}
You may want to ignore posterior probabilities and other statistics related to the following branch branch because the effective number of genes impacting it is only 4:
	{9}
You may want to ignore posterior probabilities and other statistics related to the following branch branch because the effective number of genes impacting it is only 6:
	{24}
You may want to ignore posterior probabilities and other statistics related to the following branch branch because the effective number of genes impacting it is only 6:
	{21}
You may want to ignore posterior probabilities and other statistics related to the following branch branch because the effective number of genes impacting it is only 6:
	{17}
You may want to ignore posterior probabilities and other statistics related to the following branch branch because the effective number of genes impacting it is only 7:
	{10}
You may want to ignore posterior probabilities and other statistics related to the following branch branch because the effective number of genes impacting it is only 6:
	{11}
You may want to ignore posterior probabilities and other statistics related to the following branch branch because the effective number of genes impacting it is only 14:
	{10, 21, 17, 11}
You may want to ignore posterior probabilities and other statistics related to the following branch branch because the effective number of genes impacting it is only 12:
	{10, 21, 17, 24, 11}
You may want to ignore posterior probabilities and other statistics related to the following branch branch because the effective number of genes impacting it is only 10:
	{1}
You may want to ignore posterior probabilities and other statistics related to the following branch branch because the effective number of genes impacting it is only 9:
	{4}
You may want to ignore posterior probabilities and other statistics related to the following branch branch because the effective number of genes impacting it is only 8:
	{3}
You may want to ignore posterior probabilities and other statistics related to the following branch branch because the effective number of genes impacting it is only 8:
	{2}
You may want to ignore posterior probabilities and other statistics related to the following branch branch because the effective number of genes impacting it is only 17:
	{3, 2, 1, 4}
You may want to ignore posterior probabilities and other statistics related to the following branch branch because the effective number of genes impacting it is only 5:
	{16}
You may want to ignore posterior probabilities and other statistics related to the following branch branch because the effective number of genes impacting it is only 3:
	{13}
You may want to ignore posterior probabilities and other statistics related to the following branch branch because the effective number of genes impacting it is only 3:
	{22}
You may want to ignore posterior probabilities and other statistics related to the following branch branch because the effective number of genes impacting it is only 4:
	{19}
You may want to ignore posterior probabilities and other statistics related to the following branch branch because the effective number of genes impacting it is only 4:
	{7}
You may want to ignore posterior probabilities and other statistics related to the following branch branch because the effective number of genes impacting it is only 5:
	{20}
You may want to ignore posterior probabilities and other statistics related to the following branch branch because the effective number of genes impacting it is only 18:
	{7, 13, 20, 16, 19, 22}
You may want to ignore posterior probabilities and other statistics related to the following branch branch because the effective number of genes impacting it is only 16:
	{3, 7, 13, 20, 2, 16, 1, 19, 22, 4}
You may want to ignore posterior probabilities and other statistics related to the following branch branch because the effective number of genes impacting it is only 18:
	{10, 18, 25, 21, 3, 7, 13, 17, 24, 20, 2, 6, 16, 12, 23, 1, 9, 11, 15, 19, 22, 4, 8}
((14_3,14_2,14_1,14_6,14_5,14_4)0.48:0.05919419753554435,((5_1,5_2,5_3,5_4,5_5,5_6)0.42:0.013536715046583039,((((12_4,12_3,12_2,12_1)0.88:0.5644488770891269,(15_2,15_1,15_7,15_6,15_5,15_4,15_3)0.46:0.039239296947173874)0.01:0.0,(((18_6,18_5,18_4,18_3,18_2,18_1)0.16:0.0,(8_1,8_2,8_3,8_4,8_5,8_6)0.12:0.0)0.99:0.4254707498769511,((25_3,25_2,25_1,25_6,25_5,25_4)0.17:0.0,(6_1,6_2,6_3,6_4,6_5,6_6)0.26:0.0)1:0.9056752824390849)0.81:0.18436873908750429)1:1.402281197386974,((((23_5,23_4,23_3,23_2,23_1,23_8,23_7,23_6)0.21:0.0,(9_1,9_2,9_3,9_4,9_5,9_6,9_7,9_8)0.18:0.0)1:1.34950003460295,((24_4,24_3,24_2,24_1)0.94:0.6356140243509868,(((21_6,21_5,21_4,21_3,21_2,21_1)0.15:0.0,(17_6,17_5,17_4,17_3,17_2,17_1)0.16:0.0)1:0.9152756907894186,((10_6,10_5,10_4,10_3,10_2,10_1)0.16:0.0,(11_6,11_5,11_4,11_3,11_2,11_1,11_7)0.25:0.0)1:0.6015735868905872)1:0.7524089390391152)0.23:0.0)0.99:0.4333443419456956,((((1_1,1_2,1_3,1_4)0.2:0.0,(4_1,4_2,4_3,4_4,4_5)0.41:0.010930932155842517)0.86:0.25318141611703265,((3_1,3_2,3_3,3_4,3_5)0.12:0.0,(2_1,2_2,2_3,2_4,2_5)0.17:0.0)1:0.9555447789163373)1:1.2432859587265677,((16_1,16_7,16_6,16_5,16_4,16_3,16_2)0.34:0.0,(((13_4,13_3,13_2,13_1,13_7,13_6,13_5)0.21:0.0,(22_6,22_5,22_4,22_3,22_2,22_1,22_7)0.21:0.0)1:0.9116338217788028,((19_6,19_5,19_4,19_3,19_2,19_1,19_7)0.36:0.0,((7_1,7_2,7_3,7_4,7_5)0.24:0.0,(20_4,20_3,20_2,20_1)0.4:0.0)0.62:0.11228383849418291)1:0.6082186381205228)0.18:0.0)1:0.678260635068522)0.61:0.123933333964412)0.16:0.0)1:0.7987233810800627));
Weight calculation took 0.342874541 secs
ASTRAL finished in 7.917 secs
