
================== ASTRAL ===================== 

This is ASTRAL version 5.6.3
Gene trees are treated as unrooted
500 trees read from g_trees-raxml-sqlen-250-ngen-500-s2g.trees
All output trees will be *arbitrarily* rooted at 10

======== Running the main analysis
Number of taxa: 203 (25 species)
Taxa: {22=[22_6, 22_5, 22_4, 22_3, 22_2, 22_1, 22_7], 23=[23_5, 23_4, 23_3, 23_2, 23_1, 23_8, 23_7, 23_6], 24=[24_4, 24_3, 24_2, 24_1, 24_9, 24_8, 24_7, 24_6, 24_5], 25=[25_3, 25_2, 25_1, 25_7, 25_6, 25_5, 25_4], 10=[10_7, 10_6, 10_5, 10_4, 10_3, 10_2, 10_1, 10_9, 10_8, 10_11, 10_10], 11=[11_10, 11_11, 11_6, 11_5, 11_4, 11_3, 11_2, 11_1, 11_9, 11_8, 11_7], 12=[12_10, 12_5, 12_4, 12_3, 12_2, 12_1, 12_9, 12_8, 12_7, 12_6], 13=[13_4, 13_3, 13_2, 13_1, 13_8, 13_7, 13_6, 13_5], 14=[14_3, 14_2, 14_1, 14_9, 14_8, 14_7, 14_6, 14_5, 14_4], 15=[15_2, 15_1, 15_7, 15_6, 15_5, 15_4, 15_3], 16=[16_1, 16_7, 16_6, 16_5, 16_4, 16_3, 16_2], 17=[17_8, 17_7, 17_6, 17_5, 17_4, 17_3, 17_2, 17_1, 17_9], 18=[18_7, 18_6, 18_5, 18_4, 18_3, 18_2, 18_1], 19=[19_6, 19_5, 19_4, 19_3, 19_2, 19_1, 19_7], 1=[1_1, 1_2, 1_3, 1_4, 1_5, 1_6, 1_7, 1_8, 1_9], 2=[2_1, 2_2, 2_3, 2_4, 2_5, 2_6, 2_7], 3=[3_1, 3_2, 3_3, 3_4, 3_5, 3_6, 3_7], 4=[4_1, 4_2, 4_3, 4_4, 4_5, 4_6, 4_7, 4_8, 4_9], 5=[5_1, 5_2, 5_3, 5_4, 5_5, 5_6, 5_7, 5_8, 5_9], 6=[6_1, 6_2, 6_3, 6_4, 6_5, 6_6, 6_7], 7=[7_1, 7_2, 7_3, 7_4, 7_5, 7_6, 7_7], 8=[8_1, 8_2, 8_3, 8_4, 8_5, 8_6, 8_7], 9=[9_1, 9_2, 9_3, 9_4, 9_5, 9_6, 9_7, 9_8], 20=[20_7, 20_6, 20_5, 20_4, 20_3, 20_2, 20_1], 21=[21_7, 21_6, 21_5, 21_4, 21_3, 21_2, 21_1, 21_9, 21_8]}
Taxon occupancy: {10_7=4, 10_6=10, 10_5=16, 10_4=34, 10_3=57, 10_2=130, 10_1=275, 18_7=4, 18_6=11, 18_5=18, 18_4=35, 18_3=76, 18_2=160, 18_1=294, 10_9=2, 10_8=2, 21_7=1, 21_6=6, 21_5=20, 21_4=28, 21_3=55, 21_2=136, 21_1=270, 7_1=276, 7_2=124, 7_3=60, 7_4=25, 7_5=12, 7_6=3, 21_9=1, 7_7=1, 21_8=1, 12_10=1, 17_8=1, 17_7=2, 17_6=5, 17_5=20, 17_4=28, 17_3=56, 17_2=134, 17_1=270, 11_10=2, 11_11=2, 20_7=3, 20_6=6, 20_5=12, 20_4=26, 20_3=52, 20_2=124, 20_1=275, 6_1=300, 6_2=161, 6_3=84, 6_4=37, 6_5=20, 6_6=7, 6_7=2, 17_9=1, 16_1=279, 10_11=1, 16_7=2, 16_6=6, 16_5=13, 16_4=25, 16_3=51, 16_2=130, 5_1=264, 5_2=124, 5_3=59, 5_4=24, 5_5=13, 5_6=6, 5_7=2, 5_8=1, 5_9=1, 15_2=151, 15_1=310, 15_7=4, 15_6=11, 15_5=24, 15_4=42, 15_3=81, 4_1=256, 4_2=132, 4_3=59, 4_4=25, 4_5=13, 4_6=4, 4_7=1, 4_8=1, 4_9=1, 10_10=2, 14_3=57, 14_2=116, 14_1=278, 14_9=1, 14_8=1, 14_7=2, 14_6=10, 14_5=15, 14_4=31, 25_3=80, 25_2=154, 25_1=302, 3_1=281, 3_2=131, 3_3=69, 3_4=33, 3_5=17, 3_6=6, 3_7=2, 25_7=2, 25_6=7, 25_5=20, 25_4=35, 13_4=21, 13_3=46, 13_2=120, 13_1=280, 13_8=1, 13_7=2, 13_6=3, 13_5=7, 24_4=32, 24_3=67, 24_2=145, 24_1=275, 2_1=279, 2_2=122, 2_3=65, 2_4=41, 2_5=18, 2_6=7, 2_7=2, 24_9=1, 24_8=2, 24_7=5, 24_6=7, 24_5=17, 12_5=15, 12_4=25, 12_3=60, 12_2=121, 12_1=273, 12_9=1, 12_8=1, 12_7=1, 12_6=11, 23_5=14, 23_4=31, 23_3=57, 1_1=267, 23_2=114, 23_1=263, 1_2=115, 1_3=43, 1_4=25, 1_5=8, 1_6=4, 1_7=2, 1_8=2, 9_1=264, 1_9=1, 9_2=112, 9_3=53, 23_8=1, 9_4=31, 23_7=3, 9_5=14, 23_6=5, 9_6=8, 9_7=5, 9_8=1, 11_6=9, 11_5=19, 11_4=32, 11_3=68, 11_2=136, 11_1=266, 19_6=5, 19_5=11, 19_4=18, 19_3=52, 19_2=124, 19_1=271, 11_9=2, 11_8=2, 11_7=5, 22_6=5, 22_5=6, 22_4=20, 22_3=47, 22_2=118, 22_1=283, 8_1=292, 8_2=148, 8_3=71, 8_4=37, 8_5=17, 22_7=1, 8_6=9, 8_7=3, 19_7=3}
Number of gene trees: 500
500 trees have missing taxa
Calculating quartet distance matrix (for completion of X)
Species tree distances calculated ...
Will attempt to complete bipartitions from X before adding using a distance matrix.
Building set of clusters (X) from gene trees 
In second round sampling 5 rounds will be done
------------------------------
gradient0: 583
------------------------------
gradient1: 222
------------------------------
gradient2: 162
------------------------------
gradient3: 82
------------------------------
gradient4: 80
Number of Clusters after addition by distance: 1129
calculating extra bipartitions to be added at level 1 ...
Adding to X using resolutions of greedy consensus ...
Limit for sigma of degrees:675
polytomy size limit : 3
discarded polytomies:  [3, 3, 3]
Threshold 0.0:
Threshold 0.01:
Threshold 0.02:
Threshold 0.05:
Threshold 0.1:
polytomy of size 3; rounds with additions with at least 5 support: 0; clusters: 1129
Threshold 0.2:
polytomy of size 3; rounds with additions with at least 5 support: 0; clusters: 1129
Threshold 0.3333333333333333:
polytomy of size 3; rounds with additions with at least 5 support: 0; clusters: 1129
max k is :0
Number of Clusters after addition by greedy: 1129
gradient0 in heuristiic: 1129
calculating extra bipartitions to be added at level 1 ...
Adding to X using resolutions of greedy consensus ...
Limit for sigma of degrees:675
polytomy size limit : 3
discarded polytomies:  []
Threshold 0.0:
Threshold 0.01:
Threshold 0.02:
Threshold 0.05:
Threshold 0.1:
Threshold 0.2:
Threshold 0.3333333333333333:
max k is :0
Number of Clusters after addition by greedy: 1129
gradient1 in heuristiic: 0
calculating extra bipartitions to be added at level 1 ...
Adding to X using resolutions of greedy consensus ...
Limit for sigma of degrees:675
polytomy size limit : 4
discarded polytomies:  [3, 4]
Threshold 0.0:
Threshold 0.01:
Threshold 0.02:
Threshold 0.05:
Threshold 0.1:
Threshold 0.2:
polytomy of size 3; rounds with additions with at least 5 support: 0; clusters: 1129
Threshold 0.3333333333333333:
polytomy of size 4; rounds with additions with at least 5 support: 0; clusters: 1129
max k is :0
Number of Clusters after addition by greedy: 1129
gradient2 in heuristiic: 0
calculating extra bipartitions to be added at level 1 ...
Adding to X using resolutions of greedy consensus ...
Limit for sigma of degrees:675
polytomy size limit : 3
discarded polytomies:  [3, 3]
Threshold 0.0:
Threshold 0.01:
Threshold 0.02:
Threshold 0.05:
Threshold 0.1:
Threshold 0.2:
polytomy of size 3; rounds with additions with at least 5 support: 0; clusters: 1129
Threshold 0.3333333333333333:
polytomy of size 3; rounds with additions with at least 5 support: 0; clusters: 1129
max k is :0
Number of Clusters after addition by greedy: 1129
gradient3 in heuristiic: 0
calculating extra bipartitions to be added at level 1 ...
Adding to X using resolutions of greedy consensus ...
Limit for sigma of degrees:675
polytomy size limit : 3
discarded polytomies:  []
Threshold 0.0:
Threshold 0.01:
Threshold 0.02:
Threshold 0.05:
Threshold 0.1:
Threshold 0.2:
Threshold 0.3333333333333333:
max k is :0
Number of Clusters after addition by greedy: 1129
gradient4 in heuristiic: 0
partitions formed in 74.355 secs
Dynamic Programming starting after 74.355 secs
Using tree-based weight calculation.
Using polytree-based weight calculation.
Polytree max score: 33716235
Polytree building time: 0.053 seconds.
Number of quartet trees in the gene trees: 33313043
Size of largest cluster: 203
Greedy score: 18860044
estimationFactor: 1.7877071230586736
Sub-optimal score: 20519660
Total Number of elements weighted: 3601
Normalized score (portion of input quartet trees satisfied before correcting for multiple individuals): 0.6159647438992589
Optimization score: 20519660
Optimal tree inferred in 76.216 secs.
(16,((13,22),((19,(7,20)),((5,14),((24,((23,9),((21,17),(10,11)))),(((3,2),(4,1)),(12,(15,((6,25),(18,8))))))))));
Final quartet score is: 23031135
Final normalized quartet score is: 0.6913548846318243
((10_7,10_6,10_5,10_4,10_3,10_2,10_1,10_9,10_8,10_11,10_10)0.06:0.0,((11_10,11_11,11_6,11_5,11_4,11_3,11_2,11_1,11_9,11_8,11_7)0.07:0.0,(((21_7,21_6,21_5,21_4,21_3,21_2,21_1,21_9,21_8)0.02:0.0,(17_8,17_7,17_6,17_5,17_4,17_3,17_2,17_1,17_9)0.02:0.0)1:1.3196972254352,(((23_5,23_4,23_3,23_2,23_1,23_8,23_7,23_6)0.04:0.0,(9_1,9_2,9_3,9_4,9_5,9_6,9_7,9_8)0.03:0.0)1:1.5942054481594408,((24_4,24_3,24_2,24_1,24_9,24_8,24_7,24_6,24_5)1:0.8065907893736115,(((((3_1,3_2,3_3,3_4,3_5,3_6,3_7)0.05:0.0,(2_1,2_2,2_3,2_4,2_5,2_6,2_7)0.04:0.0)1:1.2145324822365298,((4_1,4_2,4_3,4_4,4_5,4_6,4_7,4_8,4_9)0.11:0.0,(1_1,1_2,1_3,1_4,1_5,1_6,1_7,1_8,1_9)0.11:0.0)1:0.8886029570085415)1:3.160720363739304,((12_10,12_5,12_4,12_3,12_2,12_1,12_9,12_8,12_7,12_6)1:1.0512972367761266,((15_2,15_1,15_7,15_6,15_5,15_4,15_3)0.35:0.0,(((6_1,6_2,6_3,6_4,6_5,6_6,6_7)0.02:0.0,(25_3,25_2,25_1,25_7,25_6,25_5,25_4)0.02:0.0)1:0.9833415886999074,((18_7,18_6,18_5,18_4,18_3,18_2,18_1)0.02:0.0,(8_1,8_2,8_3,8_4,8_5,8_6,8_7)0.03:0.0)1:0.9020781988221651)0.64:0.039266649063512654)1:1.85874782984049)1:0.847447640680415)1:0.7687271636534464,(((5_1,5_2,5_3,5_4,5_5,5_6,5_7,5_8,5_9)0.59:0.08161063213907402,(14_3,14_2,14_1,14_9,14_8,14_7,14_6,14_5,14_4)0.43:0.026184649593562346)1:1.4578251580409183,(((19_6,19_5,19_4,19_3,19_2,19_1,19_7)0.23:0.0,((7_1,7_2,7_3,7_4,7_5,7_6,7_7)0.13:0.0,(20_7,20_6,20_5,20_4,20_3,20_2,20_1)0.18:0.0)1:0.48189010816578876)1:0.6836905988350921,(((13_4,13_3,13_2,13_1,13_8,13_7,13_6,13_5)0.04:0.0,(22_6,22_5,22_4,22_3,22_2,22_1,22_7)0.03:0.0)1:1.069623563288059,(16_1,16_7,16_6,16_5,16_4,16_3,16_2)0.71:0.1083709294097441)1:0.6547251961013886)1:1.7315476453689023)1:0.8545040597469477)1:1.1126552204305835)1:0.6709309424918767)1:0.8943105861058985)1:0.9722324299106353));
Weight calculation took 2.791194097 secs
ASTRAL finished in 77.64 secs
