
================== ASTRAL ===================== 

This is ASTRAL version 5.6.3
Gene trees are treated as unrooted
25 trees read from g_trees-raxml-sqlen-50-ngen-25-s2g.trees
All output trees will be *arbitrarily* rooted at 14

======== Running the main analysis
Number of taxa: 116 (25 species)
Taxa: {22=[22_3, 22_2, 22_1], 23=[23_5, 23_4, 23_3, 23_2, 23_1], 24=[24_4, 24_3, 24_2, 24_1], 25=[25_3, 25_2, 25_1, 25_5, 25_4], 10=[10_6, 10_5, 10_4, 10_3, 10_2, 10_1], 11=[11_5, 11_4, 11_3, 11_2, 11_1], 12=[12_4, 12_3, 12_2, 12_1], 13=[13_3, 13_2, 13_1], 14=[14_3, 14_2, 14_1, 14_6, 14_5, 14_4], 15=[15_2, 15_1, 15_7, 15_6, 15_5, 15_4, 15_3], 16=[16_1, 16_3, 16_2], 17=[17_5, 17_4, 17_3, 17_2, 17_1], 18=[18_4, 18_3, 18_2, 18_1], 19=[19_2, 19_1], 1=[1_1, 1_2, 1_3, 1_4], 2=[2_1, 2_2, 2_3, 2_4, 2_5], 3=[3_1, 3_2, 3_3, 3_4, 3_5], 4=[4_1, 4_2, 4_3, 4_4, 4_5], 5=[5_1, 5_2, 5_3, 5_4, 5_5, 5_6], 6=[6_1, 6_2, 6_3, 6_4, 6_5, 6_6], 7=[7_1, 7_2, 7_3, 7_4, 7_5], 8=[8_1, 8_2, 8_3, 8_4, 8_5], 9=[9_1, 9_2, 9_3, 9_4], 20=[20_4, 20_3, 20_2, 20_1], 21=[21_5, 21_4, 21_3, 21_2, 21_1]}
Taxon occupancy: {14_3=3, 14_2=6, 10_6=1, 14_1=13, 10_5=2, 10_4=2, 10_3=3, 10_2=7, 10_1=12, 18_4=1, 18_3=4, 18_2=12, 14_6=2, 18_1=18, 14_5=2, 14_4=2, 25_3=3, 25_2=9, 25_1=19, 21_5=2, 21_4=2, 21_3=6, 21_2=7, 3_1=15, 21_1=11, 3_2=5, 3_3=2, 3_4=2, 7_1=12, 3_5=1, 7_2=6, 7_3=2, 7_4=1, 7_5=1, 25_5=1, 25_4=1, 13_3=2, 13_2=6, 13_1=11, 17_5=2, 17_4=2, 17_3=6, 17_2=7, 17_1=11, 24_4=1, 24_3=3, 24_2=5, 24_1=11, 2_1=16, 20_4=1, 2_2=6, 20_3=1, 20_2=7, 2_3=2, 20_1=12, 2_4=2, 6_1=19, 2_5=1, 6_2=10, 6_3=2, 6_4=2, 6_5=1, 6_6=1, 16_1=11, 12_4=1, 12_3=2, 12_2=6, 12_1=16, 16_3=2, 16_2=5, 23_5=1, 23_4=1, 23_3=1, 1_1=16, 23_2=4, 23_1=12, 1_2=8, 1_3=2, 1_4=1, 5_1=11, 5_2=6, 5_3=4, 5_4=2, 9_1=12, 5_5=2, 9_2=3, 5_6=1, 9_3=1, 9_4=1, 15_2=9, 15_1=19, 11_5=2, 11_4=3, 11_3=4, 11_2=7, 11_1=11, 15_7=1, 19_2=7, 15_6=1, 19_1=11, 15_5=1, 15_4=1, 15_3=2, 22_3=2, 22_2=5, 22_1=13, 4_1=15, 4_2=9, 4_3=4, 4_4=2, 8_1=17, 4_5=1, 8_2=10, 8_3=2, 8_4=1, 8_5=1}
Number of gene trees: 25
25 trees have missing taxa
Calculating quartet distance matrix (for completion of X)
Species tree distances calculated ...
Will attempt to complete bipartitions from X before adding using a distance matrix.
Building set of clusters (X) from gene trees 
In second round sampling 4 rounds will be done
------------------------------
gradient0: 353
------------------------------
gradient1: 78
------------------------------
gradient2: 78
------------------------------
gradient3: 66
Number of Clusters after addition by distance: 575
calculating extra bipartitions to be added at level 1 ...
Adding to X using resolutions of greedy consensus ...
Limit for sigma of degrees:675
polytomy size limit : 4
discarded polytomies:  [3, 3, 3, 4]
Threshold 0.0:
Threshold 0.01:
Threshold 0.02:
Threshold 0.05:
Threshold 0.1:
Threshold 0.2:
Threshold 0.3333333333333333:
polytomy of size 3; rounds with additions with at least 5 support: 0; clusters: 575
polytomy of size 4; rounds with additions with at least 5 support: 0; clusters: 575
polytomy of size 3; rounds with additions with at least 5 support: 0; clusters: 575
polytomy of size 3; rounds with additions with at least 5 support: 0; clusters: 575
max k is :0
Number of Clusters after addition by greedy: 575
gradient0 in heuristiic: 575
calculating extra bipartitions to be added at level 1 ...
Adding to X using resolutions of greedy consensus ...
Limit for sigma of degrees:675
polytomy size limit : 3
discarded polytomies:  [3, 3, 3]
Threshold 0.0:
Threshold 0.01:
Threshold 0.02:
Threshold 0.05:
Threshold 0.1:
Threshold 0.2:
Threshold 0.3333333333333333:
polytomy of size 3; rounds with additions with at least 5 support: 0; clusters: 575
polytomy of size 3; rounds with additions with at least 5 support: 0; clusters: 575
polytomy of size 3; rounds with additions with at least 5 support: 0; clusters: 575
max k is :0
Number of Clusters after addition by greedy: 575
gradient1 in heuristiic: 0
calculating extra bipartitions to be added at level 1 ...
Adding to X using resolutions of greedy consensus ...
Limit for sigma of degrees:675
polytomy size limit : 4
discarded polytomies:  [3, 3, 4]
Threshold 0.0:
Threshold 0.01:
Threshold 0.02:
Threshold 0.05:
Threshold 0.1:
Threshold 0.2:
Threshold 0.3333333333333333:
polytomy of size 4; rounds with additions with at least 5 support: 0; clusters: 575
polytomy of size 3; rounds with additions with at least 5 support: 0; clusters: 575
polytomy of size 3; rounds with additions with at least 5 support: 0; clusters: 575
max k is :0
Number of Clusters after addition by greedy: 575
gradient2 in heuristiic: 0
calculating extra bipartitions to be added at level 1 ...
Adding to X using resolutions of greedy consensus ...
Limit for sigma of degrees:675
polytomy size limit : 4
discarded polytomies:  [3, 3, 3, 4]
Threshold 0.0:
Threshold 0.01:
Threshold 0.02:
Threshold 0.05:
Threshold 0.1:
Threshold 0.2:
Threshold 0.3333333333333333:
polytomy of size 3; rounds with additions with at least 5 support: 0; clusters: 575
polytomy of size 4; rounds with additions with at least 5 support: 0; clusters: 575
polytomy of size 3; rounds with additions with at least 5 support: 0; clusters: 575
polytomy of size 3; rounds with additions with at least 5 support: 0; clusters: 575
max k is :0
Number of Clusters after addition by greedy: 575
gradient3 in heuristiic: 0
partitions formed in 3.389 secs
Dynamic Programming starting after 3.389 secs
Using tree-based weight calculation.
Using polytree-based weight calculation.
Polytree max score: 1126093
Polytree building time: 0.013 seconds.
Number of quartet trees in the gene trees: 1113319
Size of largest cluster: 116
Greedy score: 698593
estimationFactor: 1.6119442937447126
Sub-optimal score: 719699
Total Number of elements weighted: 1214
Normalized score (portion of input quartet trees satisfied before correcting for multiple individuals): 0.6521643841522511
Optimization score: 726067
Optimal tree inferred in 3.523 secs.
(19,(7,(20,((16,(13,22)),(((14,5),((12,15),((18,8),(25,6)))),((24,(23,9)),((3,2),((1,4),((21,17),(10,11))))))))));
Final quartet score is: 826882
Final normalized quartet score is: 0.7427179451711504
You may want to ignore posterior probabilities and other statistics related to the following branch branch because the effective number of genes impacting it is only 3:
	{14}
You may want to ignore posterior probabilities and other statistics related to the following branch branch because the effective number of genes impacting it is only 3:
	{5}
You may want to ignore posterior probabilities and other statistics related to the following branch branch because the effective number of genes impacting it is only 3:
	{12}
You may want to ignore posterior probabilities and other statistics related to the following branch branch because the effective number of genes impacting it is only 3:
	{15}
You may want to ignore posterior probabilities and other statistics related to the following branch branch because the effective number of genes impacting it is only 13:
	{12, 15}
You may want to ignore posterior probabilities and other statistics related to the following branch branch because the effective number of genes impacting it is only 7:
	{18}
You may want to ignore posterior probabilities and other statistics related to the following branch branch because the effective number of genes impacting it is only 4:
	{8}
You may want to ignore posterior probabilities and other statistics related to the following branch branch because the effective number of genes impacting it is only 17:
	{18, 8}
You may want to ignore posterior probabilities and other statistics related to the following branch branch because the effective number of genes impacting it is only 4:
	{25}
You may want to ignore posterior probabilities and other statistics related to the following branch branch because the effective number of genes impacting it is only 4:
	{6}
You may want to ignore posterior probabilities and other statistics related to the following branch branch because the effective number of genes impacting it is only 18:
	{25, 6}
You may want to ignore posterior probabilities and other statistics related to the following branch branch because the effective number of genes impacting it is only 17:
	{18, 25, 6, 8}
You may want to ignore posterior probabilities and other statistics related to the following branch branch because the effective number of genes impacting it is only 10:
	{18, 25, 6, 12, 15, 8}
You may want to ignore posterior probabilities and other statistics related to the following branch branch because the effective number of genes impacting it is only 3:
	{24}
You may want to ignore posterior probabilities and other statistics related to the following branch branch because the effective number of genes impacting it is only 2:
	{23}
You may want to ignore posterior probabilities and other statistics related to the following branch branch because the effective number of genes impacting it is only 2:
	{9}
You may want to ignore posterior probabilities and other statistics related to the following branch branch because the effective number of genes impacting it is only 7:
	{23, 9}
You may want to ignore posterior probabilities and other statistics related to the following branch branch because the effective number of genes impacting it is only 5:
	{24, 23, 9}
You may want to ignore posterior probabilities and other statistics related to the following branch branch because the effective number of genes impacting it is only 3:
	{3}
You may want to ignore posterior probabilities and other statistics related to the following branch branch because the effective number of genes impacting it is only 3:
	{2}
You may want to ignore posterior probabilities and other statistics related to the following branch branch because the effective number of genes impacting it is only 14:
	{3, 2}
You may want to ignore posterior probabilities and other statistics related to the following branch branch because the effective number of genes impacting it is only 4:
	{1}
You may want to ignore posterior probabilities and other statistics related to the following branch branch because the effective number of genes impacting it is only 4:
	{4}
You may want to ignore posterior probabilities and other statistics related to the following branch branch because the effective number of genes impacting it is only 7:
	{1, 4}
You may want to ignore posterior probabilities and other statistics related to the following branch branch because the effective number of genes impacting it is only 4:
	{21}
You may want to ignore posterior probabilities and other statistics related to the following branch branch because the effective number of genes impacting it is only 4:
	{17}
You may want to ignore posterior probabilities and other statistics related to the following branch branch because the effective number of genes impacting it is only 10:
	{21, 17}
You may want to ignore posterior probabilities and other statistics related to the following branch branch because the effective number of genes impacting it is only 3:
	{10}
You may want to ignore posterior probabilities and other statistics related to the following branch branch because the effective number of genes impacting it is only 4:
	{11}
You may want to ignore posterior probabilities and other statistics related to the following branch branch because the effective number of genes impacting it is only 9:
	{10, 11}
You may want to ignore posterior probabilities and other statistics related to the following branch branch because the effective number of genes impacting it is only 6:
	{10, 21, 17, 11}
You may want to ignore posterior probabilities and other statistics related to the following branch branch because the effective number of genes impacting it is only 8:
	{10, 21, 17, 1, 11, 4}
You may want to ignore posterior probabilities and other statistics related to the following branch branch because the effective number of genes impacting it is only 9:
	{10, 21, 3, 17, 2, 1, 11, 4}
You may want to ignore posterior probabilities and other statistics related to the following branch branch because the effective number of genes impacting it is only 7:
	{10, 21, 3, 17, 24, 2, 23, 1, 9, 11, 4}
You may want to ignore posterior probabilities and other statistics related to the following branch branch because the effective number of genes impacting it is only 4:
	{16}
You may want to ignore posterior probabilities and other statistics related to the following branch branch because the effective number of genes impacting it is only 4:
	{13}
You may want to ignore posterior probabilities and other statistics related to the following branch branch because the effective number of genes impacting it is only 4:
	{22}
You may want to ignore posterior probabilities and other statistics related to the following branch branch because the effective number of genes impacting it is only 9:
	{13, 22}
You may want to ignore posterior probabilities and other statistics related to the following branch branch because the effective number of genes impacting it is only 10:
	{13, 16, 22}
You may want to ignore posterior probabilities and other statistics related to the following branch branch because the effective number of genes impacting it is only 4:
	{20}
You may want to ignore posterior probabilities and other statistics related to the following branch branch because the effective number of genes impacting it is only 3:
	{7}
You may want to ignore posterior probabilities and other statistics related to the following branch branch because the effective number of genes impacting it is only 7:
	{19}
You may want to ignore posterior probabilities and other statistics related to the following branch branch because the effective number of genes impacting it is only 11:
	{7, 19}
You may want to ignore posterior probabilities and other statistics related to the following branch branch because the effective number of genes impacting it is only 12:
	{7, 20, 19}
You may want to ignore posterior probabilities and other statistics related to the following branch branch because the effective number of genes impacting it is only 12:
	{7, 13, 20, 16, 19, 22}
You may want to ignore posterior probabilities and other statistics related to the following branch branch because the effective number of genes impacting it is only 3:
	{10, 21, 3, 7, 13, 17, 24, 20, 2, 16, 23, 1, 9, 11, 19, 22, 4}
You may want to ignore posterior probabilities and other statistics related to the following branch branch because the effective number of genes impacting it is only 8:
	{10, 18, 25, 21, 3, 7, 13, 17, 24, 20, 2, 6, 16, 12, 23, 1, 9, 15, 11, 19, 22, 4, 8}
((14_3,14_2,14_1,14_6,14_5,14_4)0.53:0.10092851987421451,((5_1,5_2,5_3,5_4,5_5,5_6)0.37:0.0,((((12_4,12_3,12_2,12_1)0.8:0.4520811667704075,(15_2,15_1,15_7,15_6,15_5,15_4,15_3)0.42:0.0)0.17:0.0,(((18_4,18_3,18_2,18_1)0.15:0.0,(8_1,8_2,8_3,8_4,8_5)0.13:0.0)0.97:0.47147237535553865,((25_3,25_2,25_1,25_5,25_4)0.16:0.0,(6_1,6_2,6_3,6_4,6_5,6_6)0.28:0.0)1:0.7984416053642313)0.64:0.13634173789728343)1:1.4059671267185958,((((24_4,24_3,24_2,24_1)0.73:0.35020242943311486,((23_5,23_4,23_3,23_2,23_1)0.2:0.0,(9_1,9_2,9_3,9_4)0.27:0.0)0.99:0.9713505090571825)0.67:0.2410167671759289,(((3_1,3_2,3_3,3_4,3_5)0.19:0.0,(2_1,2_2,2_3,2_4,2_5)0.24:0.0)1:1.3668652863121782,(((1_1,1_2,1_3,1_4)0.15:0.0,(4_1,4_2,4_3,4_4,4_5)0.47:0.045135589010440326)0.98:0.8298437886509588,(((21_5,21_4,21_3,21_2,21_1)0.17:0.0,(17_5,17_4,17_3,17_2,17_1)0.19:0.0)0.98:0.6672386380027773,((10_6,10_5,10_4,10_3,10_2,10_1)0.23:0.0,(11_5,11_4,11_3,11_2,11_1)0.28:0.0)0.93:0.49981541220215137)0.99:0.9822127869760351)0.01:0.0)0.99:0.9121327217254913)0.35:0.030058847319974623,(((16_1,16_3,16_2)0.46:0.03114672899683671,((13_3,13_2,13_1)0.2:0.0,(22_3,22_2,22_1)0.26:0.0)0.97:0.6782585680661946)0.61:0.14207965965940497,((20_4,20_3,20_2,20_1)0.33:0.0,((7_1,7_2,7_3,7_4,7_5)0.29:0.0,(19_2,19_1)0.22:0.0)0.23:0.0)0.84:0.32048587940439033)0.96:0.5224502677480092)0.46:0.07305957086950496)0.98:0.8104303411746775));
Weight calculation took 0.119351163 secs
ASTRAL finished in 3.656 secs
