
================== ASTRAL ===================== 

This is ASTRAL version 5.6.3
Gene trees are treated as unrooted
190 trees read from g_trees-raxml-sqlen-25-ngen-50.trees.tree
All output trees will be *arbitrarily* rooted at 11

======== Running the main analysis
Number of taxa: 25 (25 species)
Taxa: [11, 23, 9, 10, 17, 21, 7, 22, 16, 13, 20, 14, 5, 19, 3, 2, 4, 1, 12, 15, 6, 25, 18, 8, 24]
Taxon occupancy: {22=122, 23=115, 24=60, 25=115, 10=146, 11=142, 12=101, 13=41, 14=52, 15=125, 16=120, 17=157, 18=142, 19=126, 1=107, 2=140, 3=142, 4=109, 5=81, 6=118, 7=122, 8=156, 9=111, 20=122, 21=154}
Number of gene trees: 190
190 trees have missing taxa
Calculating quartet distance matrix (for completion of X)
Species tree distances calculated ...
Will attempt to complete bipartitions from X before adding using a distance matrix.
Building set of clusters (X) from gene trees 
------------------------------
gradient0: 407
Number of Clusters after addition by distance: 407
calculating extra bipartitions to be added at level 1 ...
Adding to X using resolutions of greedy consensus ...
Limit for sigma of degrees:675
polytomy size limit : 3
discarded polytomies:  [3]
Threshold 0.0:
Threshold 0.01:
Threshold 0.02:
Threshold 0.05:
Threshold 0.1:
Threshold 0.2:
Threshold 0.3333333333333333:
polytomy of size 3; rounds with additions with at least 5 support: 0; clusters: 407
max k is :0
Number of Clusters after addition by greedy: 407
gradient0 in heuristiic: 407
partitions formed in 0.284 secs
Dynamic Programming starting after 0.284 secs
Using tree-based weight calculation.
Using polytree-based weight calculation.
Polytree max score: 333650
Polytree building time: 0.03 seconds.
Number of quartet trees in the gene trees: 333650
Size of largest cluster: 25
Greedy score: 280418
estimationFactor: 1.1898308953062928
Sub-optimal score: 282817
Total Number of elements weighted: 606
Normalized score (portion of input quartet trees satisfied before correcting for multiple individuals): 0.8738888056346471
Optimization score: 291573
Optimal tree inferred in 0.492 secs.
(6,(25,((15,(18,8)),((12,(24,((23,9),((17,21),(11,10))))),((20,((4,1),(3,2))),((14,5),((7,19),(16,(22,13)))))))));
Final quartet score is: 291573
Final normalized quartet score is: 0.8738888056346471
You may want to ignore posterior probabilities and other statistics related to the following branch branch because the effective number of genes impacting it is only 12:
	{14, 5}
You may want to ignore posterior probabilities and other statistics related to the following branch branch because the effective number of genes impacting it is only 18:
	{7, 22, 16, 13, 20, 14, 5, 19, 3, 2, 4, 1, 12, 15, 6, 25, 18, 8}
(11,(10,((17,21)1:2.281965805791309,((23,9)1:0.8854510618966804,(24,(12,(((20,((4,1)1:0.5328045304847661,(3,2)1:2.2046046846338423)1:3.4922899255222797)1:1.2872034584756598,((14,5)0.97:0.5726815436118528,((7,19)1:1.8195874030606822,(16,(22,13)1:1.2101647745738566)1:1.1749729167161103)0.69:0.15598725880799813)0.6:0.19950246851223294)1:1.6640458653690722,((15,(18,8)1:1.2634075313429372)1:0.4054376758107242,(25,6)1:0.49499091334666623)1:2.0562262133604645)1:0.8909486137185979)0.99:0.5403131566174343)0.99:0.3191758763010931)1:1.5583915623879006)1:2.4453331407234935));
Weight calculation took 0.137561152 secs
ASTRAL finished in 0.631 secs
