
================== ASTRAL ===================== 

This is ASTRAL version 5.6.3
Gene trees are treated as unrooted
532 trees read from g_trees-raxml-sqlen-100-ngen-100.trees.tree
All output trees will be *arbitrarily* rooted at 10

======== Running the main analysis
Number of taxa: 25 (25 species)
Taxa: [10, 11, 17, 21, 23, 9, 24, 12, 6, 25, 15, 8, 18, 22, 13, 3, 2, 4, 1, 19, 20, 7, 16, 14, 5]
Taxon occupancy: {22=339, 23=314, 24=279, 25=325, 10=406, 11=373, 12=276, 13=300, 14=366, 15=360, 16=276, 17=336, 18=328, 19=336, 1=316, 2=288, 3=280, 4=316, 5=333, 6=322, 7=337, 8=322, 9=319, 20=356, 21=335}
Number of gene trees: 532
532 trees have missing taxa
Calculating quartet distance matrix (for completion of X)
Species tree distances calculated ...
Will attempt to complete bipartitions from X before adding using a distance matrix.
Building set of clusters (X) from gene trees 
------------------------------
gradient0: 285
Number of Clusters after addition by distance: 285
calculating extra bipartitions to be added at level 1 ...
Adding to X using resolutions of greedy consensus ...
Limit for sigma of degrees:675
polytomy size limit : 3
discarded polytomies:  []
Threshold 0.0:
Threshold 0.01:
Threshold 0.02:
Threshold 0.05:
Threshold 0.1:
Threshold 0.2:
Threshold 0.3333333333333333:
max k is :0
Number of Clusters after addition by greedy: 285
gradient0 in heuristiic: 285
partitions formed in 0.338 secs
Dynamic Programming starting after 0.338 secs
Using tree-based weight calculation.
Using polytree-based weight calculation.
Polytree max score: 958943
Polytree building time: 0.048 seconds.
Number of quartet trees in the gene trees: 958943
Size of largest cluster: 25
Greedy score: 854177
estimationFactor: 1.1226513942660596
Sub-optimal score: 854177
Total Number of elements weighted: 345
Normalized score (portion of input quartet trees satisfied before correcting for multiple individuals): 0.9055293171752649
Optimization score: 868351
Optimal tree inferred in 0.594 secs.
(20,(7,(19,((16,(22,13)),((14,5),(((24,(23,9)),((10,11),(17,21))),(((3,2),(4,1)),(12,((8,18),(15,(6,25)))))))))));
Final quartet score is: 868351
Final normalized quartet score is: 0.9055293171752649
(10,(11,((17,21)1:3.332204510175203,((24,(23,9)1:4.7535901911063565)1:0.43945789473578917,((((3,2)1:4.9224110606814175,(4,1)1:1.2649335041156229)1:4.485823428355531,(12,((8,18)1:0.8785504038913088,(15,(6,25)1:3.2874676848886417)1:0.15242802651581203)1:3.770459441106354)1:0.45731846971841983)1:0.4056189660975438,((14,5)1:2.122245868891753,((16,(22,13)1:1.9893405673313695)1:1.543386219537966,(19,(7,20)1:0.42179672551861846)1:1.2629912653217183)1:2.601739566608064)1:0.8008883920722031)1:0.7885837906065523)1:1.3364865602903453)1:1.0725460776721847));
Weight calculation took 0.158667851 secs
ASTRAL finished in 2.392 secs
