
================== ASTRAL ===================== 

This is ASTRAL version 5.6.3
Gene trees are treated as unrooted
167 trees read from g_trees-raxml-sqlen-100-ngen-25.trees.tree
All output trees will be *arbitrarily* rooted at 10

======== Running the main analysis
Number of taxa: 25 (25 species)
Taxa: [10, 11, 17, 21, 23, 9, 24, 12, 6, 25, 15, 8, 18, 22, 13, 3, 2, 4, 1, 19, 20, 7, 16, 14, 5]
Taxon occupancy: {22=123, 23=105, 24=54, 25=108, 10=137, 11=116, 12=65, 13=81, 14=99, 15=136, 16=103, 17=120, 18=112, 19=122, 1=111, 2=105, 3=102, 4=111, 5=99, 6=107, 7=122, 8=119, 9=103, 20=120, 21=120}
Number of gene trees: 167
167 trees have missing taxa
Calculating quartet distance matrix (for completion of X)
Species tree distances calculated ...
Will attempt to complete bipartitions from X before adding using a distance matrix.
Building set of clusters (X) from gene trees 
------------------------------
gradient0: 177
Number of Clusters after addition by distance: 177
calculating extra bipartitions to be added at level 1 ...
Adding to X using resolutions of greedy consensus ...
Limit for sigma of degrees:675
polytomy size limit : 3
discarded polytomies:  [3]
Threshold 0.0:
Threshold 0.01:
Threshold 0.02:
Threshold 0.05:
Threshold 0.1:
Threshold 0.2:
Threshold 0.3333333333333333:
polytomy of size 3; rounds with additions with at least 5 support: 0; clusters: 177
max k is :0
Number of Clusters after addition by greedy: 177
gradient0 in heuristiic: 177
partitions formed in 0.224 secs
Dynamic Programming starting after 0.224 secs
Using tree-based weight calculation.
Using polytree-based weight calculation.
Polytree max score: 417424
Polytree building time: 0.024 seconds.
Number of quartet trees in the gene trees: 417424
Size of largest cluster: 25
Greedy score: 390746
estimationFactor: 1.0682745312811903
Sub-optimal score: 390746
Total Number of elements weighted: 175
Normalized score (portion of input quartet trees satisfied before correcting for multiple individuals): 0.945654777875733
Optimization score: 394739
Optimal tree inferred in 0.329 secs.
(20,(7,(19,((16,(22,13)),((14,5),(((24,(23,9)),((10,11),(17,21))),(((3,2),(4,1)),(12,(15,((6,25),(8,18)))))))))));
Final quartet score is: 394739
Final normalized quartet score is: 0.945654777875733
(10,(11,((17,21)1:4.127134385045093,((24,(23,9)1:3.486355190002461)1:1.8352445811677933,((((3,2)1:3.784189633918262,(4,1)1:0.6505875661411494)1:3.784189633918262,(12,(15,((6,25)1:2.6855773452501523,(8,18)1:0.7715882520993863)1:0.5059356384717988)1:2.7175289450567566)1:2.271332549489942)0:0.13093735744747606,((14,5)1:3.6720723357975578,((16,(22,13)1:2.167564496818055)1:2.4375044108934167,(19,(7,20)1:3.3607060203074197)1:3.7135720667043093)1:3.6720723357975578)1:3.5835189384561117)1:0.7366322924996841)1:4.10539439840869)1:1.9363406980391626));
Weight calculation took 0.03709397 secs
ASTRAL finished in 1.076 secs
