
================== ASTRAL ===================== 

This is ASTRAL version 5.6.3
Gene trees are treated as unrooted
3352 trees read from g_trees-raxml-sqlen-250-ngen-500.trees.tree
All output trees will be *arbitrarily* rooted at 15

======== Running the main analysis
Number of taxa: 25 (25 species)
Taxa: [15, 25, 6, 18, 8, 22, 13, 19, 7, 20, 12, 1, 4, 10, 21, 17, 3, 2, 16, 14, 5, 24, 11, 23, 9]
Taxon occupancy: {22=2537, 23=2306, 24=2005, 25=2345, 10=2425, 11=2423, 12=1945, 13=2528, 14=1937, 15=2475, 16=2389, 17=2303, 18=2488, 19=2430, 1=2091, 2=1949, 3=1896, 4=1947, 5=2419, 6=2411, 7=2008, 8=2374, 9=2276, 20=2111, 21=2300}
Number of gene trees: 3352
3348 trees have missing taxa
Calculating quartet distance matrix (for completion of X)
Species tree distances calculated ...
Will attempt to complete bipartitions from X before adding using a distance matrix.
Building set of clusters (X) from gene trees 
------------------------------
gradient0: 353
Number of Clusters after addition by distance: 353
calculating extra bipartitions to be added at level 1 ...
Adding to X using resolutions of greedy consensus ...
Limit for sigma of degrees:675
polytomy size limit : 3
discarded polytomies:  []
Threshold 0.0:
Threshold 0.01:
Threshold 0.02:
Threshold 0.05:
Threshold 0.1:
Threshold 0.2:
Threshold 0.3333333333333333:
max k is :0
Number of Clusters after addition by greedy: 353
gradient0 in heuristiic: 353
partitions formed in 1.251 secs
Dynamic Programming starting after 1.251 secs
Using tree-based weight calculation.
Using polytree-based weight calculation.
Polytree max score: 9090362
Polytree building time: 0.208 seconds.
Number of quartet trees in the gene trees: 9090362
Size of largest cluster: 25
Greedy score: 8608392
estimationFactor: 1.05598838900459
Sub-optimal score: 8608392
Total Number of elements weighted: 381
Normalized score (portion of input quartet trees satisfied before correcting for multiple individuals): 0.9469801092629755
Optimization score: 8608392
Optimal tree inferred in 1.98 secs.
(8,(18,((25,6),(15,(12,(((3,2),(1,4)),((24,((23,9),((21,17),(10,11)))),((14,5),((19,(7,20)),(16,(22,13)))))))))));
Final quartet score is: 8608392
Final normalized quartet score is: 0.9469801092629755
(15,((12,(((3,2)1:3.838017592117648,(1,4)1:3.247923510308431)1:7.031741258763121,((24,((23,9)1:4.951121166563836,((21,17)1:4.135367499717395,(10,11)1:3.030248715510971)1:1.2297944942631376)1:1.3678892455141773)1:2.2183085446785604,((14,5)1:4.037346057069124,((19,(7,20)1:0.9047105026318841)1:1.9755430872205868,(16,(22,13)1:5.256006168476301)1:0.6208594131761415)1:5.856773641349004)1:0.7679633088131474)1:1.601099984913104)1:1.144948690898704)1:1.0142248963905622,((25,6)1:3.76920818613511,(18,8)1:3.23371664359859)1:0.16528086212464826));
Weight calculation took 0.42262754 secs
ASTRAL finished in 2.805 secs
