
================== ASTRAL ===================== 

This is ASTRAL version 5.6.3
Gene trees are treated as unrooted
644 trees read from g_trees-raxml-sqlen-250-ngen-100.trees.tree
All output trees will be *arbitrarily* rooted at 15

======== Running the main analysis
Number of taxa: 25 (25 species)
Taxa: [15, 25, 6, 18, 8, 22, 13, 19, 7, 20, 12, 1, 4, 10, 21, 17, 3, 2, 16, 14, 5, 24, 11, 23, 9]
Taxon occupancy: {22=333, 23=452, 24=237, 25=403, 10=554, 11=483, 12=370, 13=333, 14=400, 15=394, 16=257, 17=492, 18=385, 19=352, 1=359, 2=419, 3=412, 4=326, 5=436, 6=434, 7=367, 8=391, 9=450, 20=362, 21=492}
Number of gene trees: 644
644 trees have missing taxa
Calculating quartet distance matrix (for completion of X)
Species tree distances calculated ...
Will attempt to complete bipartitions from X before adding using a distance matrix.
Building set of clusters (X) from gene trees 
------------------------------
gradient0: 227
Number of Clusters after addition by distance: 227
calculating extra bipartitions to be added at level 1 ...
Adding to X using resolutions of greedy consensus ...
Limit for sigma of degrees:675
polytomy size limit : 3
discarded polytomies:  []
Threshold 0.0:
Threshold 0.01:
Threshold 0.02:
Threshold 0.05:
Threshold 0.1:
Threshold 0.2:
Threshold 0.3333333333333333:
max k is :0
Number of Clusters after addition by greedy: 227
gradient0 in heuristiic: 227
partitions formed in 0.34 secs
Dynamic Programming starting after 0.34 secs
Using tree-based weight calculation.
Using polytree-based weight calculation.
Polytree max score: 1149168
Polytree building time: 0.056 seconds.
Number of quartet trees in the gene trees: 1149168
Size of largest cluster: 25
Greedy score: 1102229
estimationFactor: 1.0425855244236906
Sub-optimal score: 1102229
Total Number of elements weighted: 233
Normalized score (portion of input quartet trees satisfied before correcting for multiple individuals): 0.959153927015023
Optimization score: 1102229
Optimal tree inferred in 0.56 secs.
(8,(18,((15,(25,6)),(12,(((3,2),(1,4)),((24,((23,9),((10,11),(21,17)))),((14,5),((19,(7,20)),(16,(22,13))))))))));
Final quartet score is: 1102229
Final normalized quartet score is: 0.959153927015023
(15,((25,6)1:3.692207244206611,((12,(((3,2)1:5.214935757608981,(1,4)1:3.2875723561544348)1:5.225746673713192,((24,((23,9)1:5.600888051493547,((10,11)1:4.20717709271863,(21,17)1:4.492766450666784)1:1.6277096786700558)1:0.758960399129517)1:2.783557753610357,((14,5)1:2.938573859714043,((19,(7,20)1:0.471459990680718)1:1.3862943611198908,(16,(22,13)1:3.373026504695457)1:1.3523928094442093)1:4.891272063220336)1:1.9877649590281605)1:1.4632554022560196)1:1.325301532300015)1:4.95582705760127,(18,8)1:2.1416547261814083)1:0.4141231708512789));
Weight calculation took 0.126114896 secs
ASTRAL finished in 0.985 secs
