
================== ASTRAL ===================== 

This is ASTRAL version 5.6.3
Gene trees are treated as unrooted
3290 trees read from g_trees-raxml-sqlen-0-ngen-25.trees.tree
All output trees will be *arbitrarily* rooted at 17

======== Running the main analysis
Number of taxa: 25 (25 species)
Taxa: [17, 21, 24, 12, 15, 6, 25, 8, 18, 23, 9, 10, 11, 22, 13, 19, 20, 7, 3, 2, 1, 4, 16, 14, 5]
Taxon occupancy: {22=1288, 23=3001, 24=1172, 25=2257, 10=2853, 11=2605, 12=2214, 13=1120, 14=2877, 15=3071, 16=1201, 17=2892, 18=1971, 19=1305, 1=2237, 2=2684, 3=2594, 4=2216, 5=2835, 6=2897, 7=1348, 8=1955, 9=2973, 20=1301, 21=2892}
Number of gene trees: 3290
3290 trees have missing taxa
Calculating quartet distance matrix (for completion of X)
Species tree distances calculated ...
Will attempt to complete bipartitions from X before adding using a distance matrix.
Building set of clusters (X) from gene trees 
------------------------------
gradient0: 107
Number of Clusters after addition by distance: 107
calculating extra bipartitions to be added at level 1 ...
Adding to X using resolutions of greedy consensus ...
Limit for sigma of degrees:675
polytomy size limit : 3
discarded polytomies:  []
Threshold 0.0:
Threshold 0.01:
Threshold 0.02:
Threshold 0.05:
Threshold 0.1:
Threshold 0.2:
Threshold 0.3333333333333333:
max k is :0
Number of Clusters after addition by greedy: 107
gradient0 in heuristiic: 107
partitions formed in 1.086 secs
Dynamic Programming starting after 1.086 secs
Using tree-based weight calculation.
Using polytree-based weight calculation.
Polytree max score: 10725630
Polytree building time: 0.135 seconds.
Number of quartet trees in the gene trees: 10725630
Size of largest cluster: 25
Greedy score: 10725630
estimationFactor: 1.0
Sub-optimal score: 10725630
Total Number of elements weighted: 96
Normalized score (portion of input quartet trees satisfied before correcting for multiple individuals): 1.0
Optimization score: 10725630
Optimal tree inferred in 1.413 secs.
(1,(4,((3,2),((12,(15,((6,25),(8,18)))),((24,((23,9),((17,21),(10,11)))),((14,5),((19,(20,7)),(16,(22,13)))))))));
Final quartet score is: 10725630
Final normalized quartet score is: 1.0
(17,(21,((10,11)1:7.448916102544102,((23,9)1:7.510612988194578,(24,(((14,5)1:6.517178783367769,((19,(20,7)1:6.729425743457693)1:6.750711529372473,(16,(22,13)1:6.500288168203354)1:6.6829436705672345)1:6.531848973115472)1:6.490217589639666,((12,(15,((6,25)1:7.057324049304206,(8,18)1:7.048096763535234)1:7.05502519771722)1:7.262628600974222)1:7.251344983372213,((3,2)1:7.036441619943449,(4,1)1:7.06589798007885)1:7.028792274024899)1:7.5999019592085215)1:6.464588303689997)1:6.2853771693103795)1:7.509152600932584)1:7.5407985354725255));
Weight calculation took 0.045450304 secs
ASTRAL finished in 3.903 secs
