
================== ASTRAL ===================== 

This is ASTRAL version 5.6.3
Gene trees are treated as unrooted
1438 trees read from g_trees-raxml-sqlen-25-ngen-500.trees.tree
All output trees will be *arbitrarily* rooted at 11

======== Running the main analysis
Number of taxa: 25 (25 species)
Taxa: [11, 23, 9, 10, 17, 21, 7, 22, 16, 13, 20, 14, 5, 19, 3, 2, 4, 1, 12, 15, 6, 25, 18, 8, 24]
Taxon occupancy: {22=939, 23=654, 24=824, 25=785, 10=1022, 11=1000, 12=776, 13=898, 14=814, 15=841, 16=987, 17=1015, 18=859, 19=987, 1=748, 2=793, 3=801, 4=755, 5=832, 6=793, 7=868, 8=889, 9=666, 20=937, 21=1020}
Number of gene trees: 1438
1438 trees have missing taxa
Calculating quartet distance matrix (for completion of X)
Species tree distances calculated ...
Will attempt to complete bipartitions from X before adding using a distance matrix.
Building set of clusters (X) from gene trees 
------------------------------
gradient0: 1443
Number of Clusters after addition by distance: 1443
calculating extra bipartitions to be added at level 1 ...
Adding to X using resolutions of greedy consensus ...
Limit for sigma of degrees:675
polytomy size limit : 4
discarded polytomies:  [3, 4]
Threshold 0.0:
Threshold 0.01:
Threshold 0.02:
Threshold 0.05:
Threshold 0.1:
Threshold 0.2:
polytomy of size 3; rounds with additions with at least 5 support: 0; clusters: 1443
Threshold 0.3333333333333333:
polytomy of size 4; rounds with additions with at least 5 support: 0; clusters: 1443
max k is :0
Number of Clusters after addition by greedy: 1443
gradient0 in heuristiic: 1443
partitions formed in 1.1 secs
Dynamic Programming starting after 1.1 secs
Using tree-based weight calculation.
Using polytree-based weight calculation.
Polytree max score: 2190748
Polytree building time: 0.107 seconds.
Number of quartet trees in the gene trees: 2190748
Size of largest cluster: 25
Greedy score: 1489975
estimationFactor: 1.4703253410292119
Sub-optimal score: 1619056
Total Number of elements weighted: 5238
Normalized score (portion of input quartet trees satisfied before correcting for multiple individuals): 0.772635647733103
Optimization score: 1692650
Optimal tree inferred in 4.627 secs.
(17,(21,((11,10),((23,9),(24,((14,5),(((19,(7,20)),(16,(22,13))),(((4,1),(3,2)),(12,(15,((18,8),(6,25))))))))))));
Final quartet score is: 1692650
Final normalized quartet score is: 0.772635647733103
(11,(10,(((23,9)1:2.2259509717852994,(24,((14,5)1:1.0440933650851467,(((19,(7,20)1:0.2803603428363311)1:0.17818497128005636,(16,(22,13)1:1.083498366408822)1:0.2219572718795616)1:1.2982323316368056,(((4,1)1:0.6149190871833212,(3,2)1:1.8276385214667892)1:2.1269650038970696,(12,(15,((18,8)1:0.9970637626541071,(6,25)1:0.6195552572884432)1:0.19605589412512123)1:1.4125238667579627)0:0.009383786304435305)1:0.3585425816485349)0.98:0.09170423851047502)1:0.4851218528280433)1:0.23523986102419497)1:0.3840797869247346,(21,17)1:3.541347205891567)1:2.2063369985944448));
Weight calculation took 3.320857621 secs
ASTRAL finished in 5.1 secs
