
================== ASTRAL ===================== 

This is ASTRAL version 5.6.3
Gene trees are treated as unrooted
136 trees read from g_trees-raxml-sqlen-25-ngen-25.trees.tree
All output trees will be *arbitrarily* rooted at 11

======== Running the main analysis
Number of taxa: 25 (25 species)
Taxa: [11, 23, 9, 10, 17, 21, 7, 22, 16, 13, 20, 14, 5, 19, 3, 2, 4, 1, 12, 15, 6, 25, 18, 8, 24]
Taxon occupancy: {22=99, 23=68, 24=21, 25=77, 10=110, 11=107, 12=84, 13=20, 14=23, 15=82, 16=98, 17=123, 18=109, 19=101, 1=80, 2=114, 3=111, 4=88, 5=36, 6=77, 7=101, 8=123, 9=64, 20=100, 21=120}
Number of gene trees: 136
136 trees have missing taxa
Calculating quartet distance matrix (for completion of X)
Species tree distances calculated ...
Will attempt to complete bipartitions from X before adding using a distance matrix.
Building set of clusters (X) from gene trees 
------------------------------
gradient0: 213
Number of Clusters after addition by distance: 213
calculating extra bipartitions to be added at level 1 ...
Adding to X using resolutions of greedy consensus ...
Limit for sigma of degrees:675
polytomy size limit : 3
discarded polytomies:  []
Threshold 0.0:
Threshold 0.01:
Threshold 0.02:
Threshold 0.05:
Threshold 0.1:
Threshold 0.2:
Threshold 0.3333333333333333:
max k is :0
Number of Clusters after addition by greedy: 213
gradient0 in heuristiic: 213
partitions formed in 0.186 secs
Dynamic Programming starting after 0.186 secs
Using tree-based weight calculation.
Using polytree-based weight calculation.
Polytree max score: 257075
Polytree building time: 0.019 seconds.
Number of quartet trees in the gene trees: 257075
Size of largest cluster: 25
Greedy score: 239251
estimationFactor: 1.074499166147686
Sub-optimal score: 239696
Total Number of elements weighted: 221
Normalized score (portion of input quartet trees satisfied before correcting for multiple individuals): 0.9341203928814549
Optimization score: 240139
Optimal tree inferred in 0.286 secs.
(6,(25,((15,(18,8)),((12,((23,(9,24)),((17,21),(11,10)))),((14,5),((20,((4,1),(3,2))),((7,19),(16,(22,13)))))))));
Final quartet score is: 240139
Final normalized quartet score is: 0.9341203928814549
You may want to ignore posterior probabilities and other statistics related to the following branch branch because the effective number of genes impacting it is only 17:
	{9, 24}
You may want to ignore posterior probabilities and other statistics related to the following branch branch because the effective number of genes impacting it is only 18:
	{22, 13}
You may want to ignore posterior probabilities and other statistics related to the following branch branch because the effective number of genes impacting it is only 1:
	{7, 22, 16, 13, 20, 19, 3, 2, 4, 1}
(11,(10,((17,21)1:2.0395403249276502,((23,(9,24)1:1.7917594692280545)1:0.5899629443247145,(12,(((14,5)1:2.772588722239782,((20,((4,1)1:0.4663738611951568,(3,2)1:2.703595850752831)1:3.363457053679312)1:3.4657359027997248,((7,19)1:2.6835097673875334,(16,(22,13)1:1.845826690498331)1:1.3812668225009441)1:1.0741611928039454)0.55:0.1053605156578264)1:1.7917594692280545,((15,(18,8)1:2.5458337366972277)1:0.8432078751356785,(25,6)1:0.43286408229627876)1:2.5543351562197625)1:1.290627738609955)1:1.678187866302411)1:1.3988287377331077)1:3.2719856501821485));
Weight calculation took 0.038192816 secs
ASTRAL finished in 0.626 secs
