
================== ASTRAL ===================== 

This is ASTRAL version 5.6.3
Gene trees are treated as unrooted
50 trees read from g_trees-raxml-sqlen-50-ngen-50-s2g.trees
All output trees will be *arbitrarily* rooted at 16

======== Running the main analysis
Number of taxa: 66 (25 species)
Taxa: {22=[22_2, 22_1], 23=[23_2, 23_1], 24=[24_3, 24_2, 24_1], 25=[25_2, 25_1], 10=[10_3, 10_2, 10_1], 11=[11_3, 11_2, 11_1], 12=[12_4, 12_3, 12_2, 12_1], 13=[13_3, 13_2, 13_1], 14=[14_2, 14_1], 15=[15_2, 15_1, 15_4, 15_3], 16=[16_1, 16_3, 16_2], 17=[17_3, 17_2, 17_1], 18=[18_2, 18_1], 19=[19_2, 19_1], 1=[1_1, 1_2], 2=[2_1, 2_2, 2_3], 3=[3_1, 3_2], 4=[4_1, 4_2, 4_3], 5=[5_1, 5_2], 6=[6_1, 6_2], 7=[7_1, 7_2, 7_3, 7_4], 8=[8_1, 8_2], 9=[9_1, 9_2], 20=[20_3, 20_2, 20_1], 21=[21_3, 21_2, 21_1]}
Taxon occupancy: {16_1=40, 14_2=4, 12_4=1, 14_1=43, 12_3=1, 12_2=7, 12_1=40, 10_3=2, 10_2=6, 10_1=41, 18_2=6, 18_1=42, 16_3=1, 16_2=8, 25_2=5, 25_1=38, 1_1=44, 23_2=6, 23_1=44, 1_2=5, 21_3=1, 3_1=41, 21_2=6, 21_1=40, 3_2=7, 5_1=41, 5_2=8, 7_1=40, 7_2=7, 9_1=44, 7_3=1, 9_2=8, 7_4=1, 15_2=8, 15_1=40, 13_3=1, 13_2=8, 13_1=43, 11_3=1, 11_2=9, 11_1=42, 19_2=6, 19_1=41, 17_3=1, 17_2=6, 15_4=1, 17_1=40, 15_3=1, 24_3=1, 24_2=7, 24_1=42, 2_1=39, 22_2=4, 22_1=42, 2_2=8, 20_3=2, 4_1=40, 20_2=5, 2_3=2, 20_1=40, 4_2=7, 6_1=42, 4_3=1, 6_2=7, 8_1=39, 8_2=5}
Number of gene trees: 50
50 trees have missing taxa
Calculating quartet distance matrix (for completion of X)
Species tree distances calculated ...
Will attempt to complete bipartitions from X before adding using a distance matrix.
Building set of clusters (X) from gene trees 
In second round sampling 3 rounds will be done
------------------------------
gradient0: 551
------------------------------
gradient1: 136
------------------------------
gradient2: 116
Number of Clusters after addition by distance: 803
calculating extra bipartitions to be added at level 1 ...
Adding to X using resolutions of greedy consensus ...
Limit for sigma of degrees:675
polytomy size limit : 3
discarded polytomies:  [3, 3]
Threshold 0.0:
Threshold 0.01:
Threshold 0.02:
Threshold 0.05:
Threshold 0.1:
Threshold 0.2:
Threshold 0.3333333333333333:
polytomy of size 3; rounds with additions with at least 5 support: 0; clusters: 803
polytomy of size 3; rounds with additions with at least 5 support: 0; clusters: 803
max k is :0
Number of Clusters after addition by greedy: 803
gradient0 in heuristiic: 803
calculating extra bipartitions to be added at level 1 ...
Adding to X using resolutions of greedy consensus ...
Limit for sigma of degrees:675
polytomy size limit : 3
discarded polytomies:  [3, 3, 3]
Threshold 0.0:
Threshold 0.01:
Threshold 0.02:
Threshold 0.05:
Threshold 0.1:
Threshold 0.2:
Threshold 0.3333333333333333:
polytomy of size 3; rounds with additions with at least 5 support: 0; clusters: 803
polytomy of size 3; rounds with additions with at least 5 support: 0; clusters: 803
polytomy of size 3; rounds with additions with at least 5 support: 0; clusters: 803
max k is :0
Number of Clusters after addition by greedy: 803
gradient1 in heuristiic: 0
calculating extra bipartitions to be added at level 1 ...
Adding to X using resolutions of greedy consensus ...
Limit for sigma of degrees:675
polytomy size limit : 4
discarded polytomies:  [3, 3, 4]
Threshold 0.0:
Threshold 0.01:
Threshold 0.02:
Threshold 0.05:
Threshold 0.1:
Threshold 0.2:
Threshold 0.3333333333333333:
polytomy of size 3; rounds with additions with at least 5 support: 0; clusters: 803
polytomy of size 3; rounds with additions with at least 5 support: 0; clusters: 803
polytomy of size 4; rounds with additions with at least 5 support: 0; clusters: 803
max k is :0
Number of Clusters after addition by greedy: 803
gradient2 in heuristiic: 0
partitions formed in 3.453 secs
Dynamic Programming starting after 3.454 secs
Using tree-based weight calculation.
Using polytree-based weight calculation.
Polytree max score: 777981
Polytree building time: 0.016 seconds.
Number of quartet trees in the gene trees: 777161
Size of largest cluster: 66
Greedy score: 471711
estimationFactor: 1.649272913634711
Sub-optimal score: 528549
Total Number of elements weighted: 1966
Normalized score (portion of input quartet trees satisfied before correcting for multiple individuals): 0.7049034884663539
Optimization score: 547823
Optimal tree inferred in 3.667 secs.
(25,((14,22),(10,((21,((16,2),((17,20),(12,7)))),(1,((23,(9,((18,6),(5,24)))),((3,8),((15,11),(19,(13,4))))))))));
Final quartet score is: 566316
Final normalized quartet score is: 0.7286984292829929
You may want to ignore posterior probabilities and other statistics related to the following branch branch because the effective number of genes impacting it is only 5:
	{16}
You may want to ignore posterior probabilities and other statistics related to the following branch branch because the effective number of genes impacting it is only 6:
	{2}
You may want to ignore posterior probabilities and other statistics related to the following branch branch because the effective number of genes impacting it is only 4:
	{17}
You may want to ignore posterior probabilities and other statistics related to the following branch branch because the effective number of genes impacting it is only 4:
	{20}
You may want to ignore posterior probabilities and other statistics related to the following branch branch because the effective number of genes impacting it is only 4:
	{12}
You may want to ignore posterior probabilities and other statistics related to the following branch branch because the effective number of genes impacting it is only 4:
	{7}
You may want to ignore posterior probabilities and other statistics related to the following branch branch because the effective number of genes impacting it is only 4:
	{21}
You may want to ignore posterior probabilities and other statistics related to the following branch branch because the effective number of genes impacting it is only 4:
	{1}
You may want to ignore posterior probabilities and other statistics related to the following branch branch because the effective number of genes impacting it is only 6:
	{23}
You may want to ignore posterior probabilities and other statistics related to the following branch branch because the effective number of genes impacting it is only 8:
	{9}
You may want to ignore posterior probabilities and other statistics related to the following branch branch because the effective number of genes impacting it is only 6:
	{18}
You may want to ignore posterior probabilities and other statistics related to the following branch branch because the effective number of genes impacting it is only 7:
	{6}
You may want to ignore posterior probabilities and other statistics related to the following branch branch because the effective number of genes impacting it is only 8:
	{5}
You may want to ignore posterior probabilities and other statistics related to the following branch branch because the effective number of genes impacting it is only 5:
	{24}
You may want to ignore posterior probabilities and other statistics related to the following branch branch because the effective number of genes impacting it is only 6:
	{3}
You may want to ignore posterior probabilities and other statistics related to the following branch branch because the effective number of genes impacting it is only 4:
	{8}
You may want to ignore posterior probabilities and other statistics related to the following branch branch because the effective number of genes impacting it is only 4:
	{15}
You may want to ignore posterior probabilities and other statistics related to the following branch branch because the effective number of genes impacting it is only 6:
	{11}
You may want to ignore posterior probabilities and other statistics related to the following branch branch because the effective number of genes impacting it is only 6:
	{19}
You may want to ignore posterior probabilities and other statistics related to the following branch branch because the effective number of genes impacting it is only 5:
	{13}
You may want to ignore posterior probabilities and other statistics related to the following branch branch because the effective number of genes impacting it is only 5:
	{4}
You may want to ignore posterior probabilities and other statistics related to the following branch branch because the effective number of genes impacting it is only 4:
	{10}
You may want to ignore posterior probabilities and other statistics related to the following branch branch because the effective number of genes impacting it is only 4:
	{14}
You may want to ignore posterior probabilities and other statistics related to the following branch branch because the effective number of genes impacting it is only 4:
	{22}
You may want to ignore posterior probabilities and other statistics related to the following branch branch because the effective number of genes impacting it is only 5:
	{25}
((16_1,16_3,16_2)0.56:0.12489641630543734,((2_1,2_2,2_3)0.37:0.0,((((17_3,17_2,17_1)0.14:0.0,(20_3,20_2,20_1)0.17:0.0)0.86:0.19717632574132285,((12_4,12_3,12_2,12_1)0.21:0.0,(7_1,7_2,7_3,7_4)0.21:0.0)1:0.8211301123110828)1:0.5621009786267374,((21_3,21_2,21_1)0.37:0.0,(((1_1,1_2)0.98:1.2039728043259361,(((23_2,23_1)0.26:0.0,((9_1,9_2)0.27:0.0,(((18_2,18_1)0.09:0.0,(6_1,6_2)0.08:0.0)1:0.9120445467161615,((5_1,5_2)0.09:0.0,(24_3,24_2,24_1)0.16:0.0)1:0.9085546217805456)0.7:0.11955576456127884)0.63:0.08912138675825577)1:1.1847014331605068,(((3_1,3_2)0.68:0.23654517468638214,(8_1,8_2)0.43:0.004154760290780911)0.52:0.10237084583895865,(((15_2,15_1,15_4,15_3)0.21:0.0,(11_3,11_2,11_1)0.14:0.0)1:0.7184234284047704,((19_2,19_1)0.18:0.0,((13_3,13_2,13_1)0.3:0.0,(4_1,4_2,4_3)0.18:0.0)1:1.0597887684636038)0.23:0.0)1:0.9622385504048214)0.97:0.28748717439026)0.99:0.39475189855446785)0.92:0.2761672788769482,((10_3,10_2,10_1)0.35:0.0,(((14_2,14_1)0.11:0.0,(22_2,22_1)0.17:0.0)1:1.3289280686802953,(25_2,25_1)0.95:0.7433369250838008)0.99:0.40179186251679966)1:0.45728055810085594)1:1.2625510370836075)0.23:0.0)0.27:0.06371946368800957));
Weight calculation took 0.162247622 secs
ASTRAL finished in 3.782 secs
