
================== ASTRAL ===================== 

This is ASTRAL version 5.6.3
Gene trees are treated as unrooted
50 trees read from g_trees-raxml-sqlen-25-ngen-50-s2g.trees
All output trees will be *arbitrarily* rooted at 16

======== Running the main analysis
Number of taxa: 66 (25 species)
Taxa: {22=[22_2, 22_1], 23=[23_2, 23_1], 24=[24_3, 24_2, 24_1], 25=[25_2, 25_1], 10=[10_3, 10_2, 10_1], 11=[11_3, 11_2, 11_1], 12=[12_4, 12_3, 12_2, 12_1], 13=[13_3, 13_2, 13_1], 14=[14_2, 14_1], 15=[15_2, 15_1, 15_4, 15_3], 16=[16_1, 16_3, 16_2], 17=[17_3, 17_2, 17_1], 18=[18_2, 18_1], 19=[19_2, 19_1], 1=[1_1, 1_2], 2=[2_1, 2_2, 2_3], 3=[3_1, 3_2], 4=[4_1, 4_2, 4_3], 5=[5_1, 5_2], 6=[6_1, 6_2], 7=[7_1, 7_2, 7_3, 7_4], 8=[8_1, 8_2], 9=[9_1, 9_2], 20=[20_3, 20_2, 20_1], 21=[21_3, 21_2, 21_1]}
Taxon occupancy: {16_1=40, 14_2=4, 12_4=1, 14_1=43, 12_3=1, 12_2=7, 12_1=40, 10_3=2, 10_2=6, 10_1=41, 18_2=6, 18_1=42, 16_3=1, 16_2=8, 25_2=5, 25_1=38, 1_1=44, 23_2=6, 23_1=44, 1_2=5, 21_3=1, 3_1=41, 21_2=6, 21_1=40, 3_2=7, 5_1=41, 5_2=8, 7_1=40, 7_2=7, 9_1=44, 7_3=1, 9_2=8, 7_4=1, 15_2=8, 15_1=40, 13_3=1, 13_2=8, 13_1=43, 11_3=1, 11_2=9, 11_1=42, 19_2=6, 19_1=41, 17_3=1, 17_2=6, 15_4=1, 17_1=40, 15_3=1, 24_3=1, 24_2=7, 24_1=42, 2_1=39, 22_2=4, 22_1=42, 2_2=8, 20_3=2, 4_1=40, 20_2=5, 2_3=2, 20_1=40, 4_2=7, 6_1=42, 4_3=1, 6_2=7, 8_1=39, 8_2=5}
Number of gene trees: 50
50 trees have missing taxa
Calculating quartet distance matrix (for completion of X)
Species tree distances calculated ...
Will attempt to complete bipartitions from X before adding using a distance matrix.
Building set of clusters (X) from gene trees 
In second round sampling 3 rounds will be done
------------------------------
gradient0: 821
------------------------------
gradient1: 336
------------------------------
gradient2: 432
Number of Clusters after addition by distance: 1589
calculating extra bipartitions to be added at level 1 ...
Adding to X using resolutions of greedy consensus ...
Limit for sigma of degrees:675
polytomy size limit : 10
discarded polytomies:  [3, 3, 5, 6, 10]
Threshold 0.0:
Threshold 0.01:
Threshold 0.02:
Threshold 0.05:
polytomy of size 3; rounds with additions with at least 5 support: 0; clusters: 1589
Threshold 0.1:
polytomy of size 5; rounds with additions with at least 5 support: 0; clusters: 1591
Threshold 0.2:
polytomy of size 6; rounds with additions with at least 5 support: 1; clusters: 1593
Threshold 0.3333333333333333:
polytomy of size 3; rounds with additions with at least 5 support: 0; clusters: 1593
polytomy of size 10; rounds with additions with at least 5 support: 0; clusters: 1593
max k is :2
Number of Clusters after addition by greedy: 1593
gradient0 in heuristiic: 1593
calculating extra bipartitions to be added at level 1 ...
Adding to X using resolutions of greedy consensus ...
Limit for sigma of degrees:675
polytomy size limit : 8
discarded polytomies:  [3, 3, 4, 4, 7, 8]
Threshold 0.0:
Threshold 0.01:
Threshold 0.02:
Threshold 0.05:
polytomy of size 4; rounds with additions with at least 5 support: 1; clusters: 1601
Threshold 0.1:
polytomy of size 4; rounds with additions with at least 5 support: 0; clusters: 1603
Threshold 0.2:
polytomy of size 7; rounds with additions with at least 5 support: 0; clusters: 1605
polytomy of size 3; rounds with additions with at least 5 support: 0; clusters: 1605
Threshold 0.3333333333333333:
polytomy of size 8; rounds with additions with at least 5 support: 0; clusters: 1609
polytomy of size 3; rounds with additions with at least 5 support: 0; clusters: 1609
max k is :2
Number of Clusters after addition by greedy: 1609
gradient1 in heuristiic: 16
calculating extra bipartitions to be added at level 1 ...
Adding to X using resolutions of greedy consensus ...
Limit for sigma of degrees:675
polytomy size limit : 11
discarded polytomies:  [3, 3, 3, 3, 4, 4, 8, 11]
Threshold 0.0:
polytomy of size 3; rounds with additions with at least 5 support: 0; clusters: 1611
Threshold 0.01:
polytomy of size 3; rounds with additions with at least 5 support: 0; clusters: 1611
Threshold 0.02:
polytomy of size 3; rounds with additions with at least 5 support: 0; clusters: 1611
Threshold 0.05:
polytomy of size 4; rounds with additions with at least 5 support: 0; clusters: 1613
Threshold 0.1:
polytomy of size 4; rounds with additions with at least 5 support: 0; clusters: 1615
Threshold 0.2:
polytomy of size 8; rounds with additions with at least 5 support: 0; clusters: 1625
Threshold 0.3333333333333333:
polytomy of size 11; rounds with additions with at least 5 support: 0; clusters: 1633
polytomy of size 3; rounds with additions with at least 5 support: 0; clusters: 1633
max k is :0
Number of Clusters after addition by greedy: 1633
gradient2 in heuristiic: 24
partitions formed in 4.779 secs
Dynamic Programming starting after 4.779 secs
Using tree-based weight calculation.
Using polytree-based weight calculation.
Polytree max score: 777981
Polytree building time: 0.015 seconds.
Number of quartet trees in the gene trees: 777161
Size of largest cluster: 66
Greedy score: 372793
estimationFactor: 2.086895291897525
Sub-optimal score: 435485
Total Number of elements weighted: 5344
Normalized score (portion of input quartet trees satisfied before correcting for multiple individuals): 0.5778667483314268
Optimization score: 449095
Optimal tree inferred in 5.145 secs.
(25,((14,22),(10,((1,(2,((16,21),(17,(20,(12,7)))))),((8,((23,9),((18,6),(5,24)))),(3,((15,11),(19,(13,4)))))))));
Final quartet score is: 465045
Final normalized quartet score is: 0.598389522891653
You may want to ignore posterior probabilities and other statistics related to the following branch branch because the effective number of genes impacting it is only 5:
	{16}
You may want to ignore posterior probabilities and other statistics related to the following branch branch because the effective number of genes impacting it is only 3:
	{21}
You may want to ignore posterior probabilities and other statistics related to the following branch branch because the effective number of genes impacting it is only 4:
	{17}
You may want to ignore posterior probabilities and other statistics related to the following branch branch because the effective number of genes impacting it is only 4:
	{20}
You may want to ignore posterior probabilities and other statistics related to the following branch branch because the effective number of genes impacting it is only 4:
	{12}
You may want to ignore posterior probabilities and other statistics related to the following branch branch because the effective number of genes impacting it is only 4:
	{7}
You may want to ignore posterior probabilities and other statistics related to the following branch branch because the effective number of genes impacting it is only 6:
	{2}
You may want to ignore posterior probabilities and other statistics related to the following branch branch because the effective number of genes impacting it is only 4:
	{1}
You may want to ignore posterior probabilities and other statistics related to the following branch branch because the effective number of genes impacting it is only 5:
	{8}
You may want to ignore posterior probabilities and other statistics related to the following branch branch because the effective number of genes impacting it is only 6:
	{23}
You may want to ignore posterior probabilities and other statistics related to the following branch branch because the effective number of genes impacting it is only 8:
	{9}
You may want to ignore posterior probabilities and other statistics related to the following branch branch because the effective number of genes impacting it is only 6:
	{18}
You may want to ignore posterior probabilities and other statistics related to the following branch branch because the effective number of genes impacting it is only 7:
	{6}
You may want to ignore posterior probabilities and other statistics related to the following branch branch because the effective number of genes impacting it is only 8:
	{5}
You may want to ignore posterior probabilities and other statistics related to the following branch branch because the effective number of genes impacting it is only 5:
	{24}
You may want to ignore posterior probabilities and other statistics related to the following branch branch because the effective number of genes impacting it is only 6:
	{3}
You may want to ignore posterior probabilities and other statistics related to the following branch branch because the effective number of genes impacting it is only 4:
	{15}
You may want to ignore posterior probabilities and other statistics related to the following branch branch because the effective number of genes impacting it is only 6:
	{11}
You may want to ignore posterior probabilities and other statistics related to the following branch branch because the effective number of genes impacting it is only 6:
	{19}
You may want to ignore posterior probabilities and other statistics related to the following branch branch because the effective number of genes impacting it is only 5:
	{13}
You may want to ignore posterior probabilities and other statistics related to the following branch branch because the effective number of genes impacting it is only 5:
	{4}
You may want to ignore posterior probabilities and other statistics related to the following branch branch because the effective number of genes impacting it is only 4:
	{10}
You may want to ignore posterior probabilities and other statistics related to the following branch branch because the effective number of genes impacting it is only 4:
	{14}
You may want to ignore posterior probabilities and other statistics related to the following branch branch because the effective number of genes impacting it is only 4:
	{22}
You may want to ignore posterior probabilities and other statistics related to the following branch branch because the effective number of genes impacting it is only 5:
	{25}
((16_1,16_3,16_2)0.33:0.0,((21_3,21_2,21_1)0.34:0.0,(((17_3,17_2,17_1)0.17:0.0,((20_3,20_2,20_1)0.18:0.0,((12_4,12_3,12_2,12_1)0.31:0.0,(7_1,7_2,7_3,7_4)0.23:0.0)0.99:0.39140076947913033)0.21:0.0)0.96:0.27618741254842555,((2_1,2_2,2_3)0.47:0.04952504007592321,((1_1,1_2)0.85:0.5108256237659905,((((8_1,8_2)0.5:0.07233612503701647,(((23_2,23_1)0.42:0.0041863641813598505,(9_1,9_2)0.18:0.0)0.15:0.0,(((18_2,18_1)0.11:0.0,(6_1,6_2)0.08:0.0)1:0.6244817390714948,((5_1,5_2)0.12:0.0,(24_3,24_2,24_1)0.18:0.0)0.99:0.41053153581622026)0.98:0.3181940704884653)1:0.5436349719160803)0.12:6.059420598060344E-4,((3_1,3_2)0.48:0.060430391994171634,(((15_2,15_1,15_4,15_3)0.24:0.0,(11_3,11_2,11_1)0.09:0.0)1:0.5820028536604185,((19_2,19_1)0.1:0.0,((13_3,13_2,13_1)0.26:0.0,(4_1,4_2,4_3)0.15:0.0)1:0.6321005632999259)0.46:0.04158007101188877)1:0.55583846197594)0.77:0.1458754862167307)0.81:0.16323800635628907,((10_3,10_2,10_1)0.47:0.0481350079871303,(((14_2,14_1)0.18:0.0,(22_2,22_1)0.14:0.0)1:0.6805185500185463,(25_2,25_1)0.82:0.42287985439709075)1:0.5890855799505381)0.83:0.20339019504107897)0.54:0.07081952497898619)1:0.603789663438358)0.22:0.0)0.39:0.008959772399338747));
Weight calculation took 0.302293994 secs
ASTRAL finished in 5.277 secs
