
================== ASTRAL ===================== 

This is ASTRAL version 5.6.3
Gene trees are treated as unrooted
25 trees read from g_trees-raxml-sqlen-25-ngen-25-s2g.trees
All output trees will be *arbitrarily* rooted at 16

======== Running the main analysis
Number of taxa: 53 (25 species)
Taxa: {22=[22_2, 22_1], 23=[23_2, 23_1], 24=[24_3, 24_2, 24_1], 25=[25_2, 25_1], 10=[10_2, 10_1], 11=[11_2, 11_1], 12=[12_2, 12_1], 13=[13_2, 13_1], 14=[14_2, 14_1], 15=[15_2, 15_1], 16=[16_1, 16_2], 17=[17_2, 17_1], 18=[18_2, 18_1], 19=[19_2, 19_1], 1=[1_1, 1_2], 2=[2_1, 2_2, 2_3], 3=[3_1, 3_2], 4=[4_1, 4_2], 5=[5_1, 5_2], 6=[6_1, 6_2], 7=[7_1, 7_2], 8=[8_1, 8_2], 9=[9_1, 9_2], 20=[20_3, 20_2, 20_1], 21=[21_2, 21_1]}
Taxon occupancy: {16_1=19, 14_2=2, 14_1=20, 12_2=3, 12_1=19, 10_2=3, 10_1=20, 18_2=4, 18_1=20, 16_2=4, 25_2=1, 25_1=18, 1_1=23, 23_2=3, 23_1=21, 1_2=3, 3_1=20, 21_2=5, 21_1=20, 3_2=6, 5_1=20, 5_2=4, 7_1=19, 7_2=3, 9_1=21, 9_2=5, 15_2=4, 15_1=18, 13_2=4, 13_1=20, 11_2=5, 11_1=19, 19_2=3, 19_1=19, 17_2=2, 17_1=19, 24_3=1, 24_2=3, 24_1=20, 2_1=19, 22_2=2, 22_1=19, 2_2=5, 20_3=1, 4_1=19, 20_2=3, 2_3=1, 20_1=19, 4_2=2, 6_1=20, 6_2=4, 8_1=18, 8_2=3}
Number of gene trees: 25
25 trees have missing taxa
Calculating quartet distance matrix (for completion of X)
Species tree distances calculated ...
Will attempt to complete bipartitions from X before adding using a distance matrix.
Building set of clusters (X) from gene trees 
In second round sampling 3 rounds will be done
------------------------------
gradient0: 403
------------------------------
gradient1: 112
------------------------------
gradient2: 114
Number of Clusters after addition by distance: 629
calculating extra bipartitions to be added at level 1 ...
Adding to X using resolutions of greedy consensus ...
Limit for sigma of degrees:675
polytomy size limit : 6
discarded polytomies:  [3, 4, 6]
Threshold 0.0:
Threshold 0.01:
Threshold 0.02:
Threshold 0.05:
Threshold 0.1:
Threshold 0.2:
polytomy of size 4; rounds with additions with at least 5 support: 0; clusters: 631
Threshold 0.3333333333333333:
polytomy of size 6; rounds with additions with at least 5 support: 0; clusters: 649
polytomy of size 3; rounds with additions with at least 5 support: 0; clusters: 649
max k is :0
Number of Clusters after addition by greedy: 649
gradient0 in heuristiic: 649
calculating extra bipartitions to be added at level 1 ...
Adding to X using resolutions of greedy consensus ...
Limit for sigma of degrees:675
polytomy size limit : 5
discarded polytomies:  [4, 5, 5]
Threshold 0.0:
Threshold 0.01:
Threshold 0.02:
Threshold 0.05:
Threshold 0.1:
Threshold 0.2:
polytomy of size 5; rounds with additions with at least 5 support: 0; clusters: 651
Threshold 0.3333333333333333:
polytomy of size 5; rounds with additions with at least 5 support: 0; clusters: 651
polytomy of size 4; rounds with additions with at least 5 support: 0; clusters: 653
max k is :0
Number of Clusters after addition by greedy: 653
gradient1 in heuristiic: 4
calculating extra bipartitions to be added at level 1 ...
Adding to X using resolutions of greedy consensus ...
Limit for sigma of degrees:675
polytomy size limit : 6
discarded polytomies:  [3, 3, 4, 5, 6]
Threshold 0.0:
Threshold 0.01:
Threshold 0.02:
Threshold 0.05:
polytomy of size 3; rounds with additions with at least 5 support: 0; clusters: 655
Threshold 0.1:
polytomy of size 4; rounds with additions with at least 5 support: 0; clusters: 659
Threshold 0.2:
polytomy of size 5; rounds with additions with at least 5 support: 1; clusters: 667
Threshold 0.3333333333333333:
polytomy of size 6; rounds with additions with at least 5 support: 0; clusters: 673
polytomy of size 3; rounds with additions with at least 5 support: 0; clusters: 673
max k is :2
Number of Clusters after addition by greedy: 673
gradient2 in heuristiic: 20
partitions formed in 2.687 secs
Dynamic Programming starting after 2.687 secs
Using tree-based weight calculation.
Using polytree-based weight calculation.
Polytree max score: 316833
Polytree building time: 0.012 seconds.
Number of quartet trees in the gene trees: 316761
Size of largest cluster: 53
Greedy score: 187047
estimationFactor: 1.6938638581109076
Sub-optimal score: 187964
Total Number of elements weighted: 1514
Normalized score (portion of input quartet trees satisfied before correcting for multiple individuals): 0.6049245330075357
Optimization score: 191616
Optimal tree inferred in 2.811 secs.
(25,((14,22),(10,((16,(2,((12,7),(20,(21,17))))),(((23,9),((18,6),(5,24))),(19,(1,(3,(8,((13,4),(15,11)))))))))));
Final quartet score is: 198036
Final normalized quartet score is: 0.6251906011156676
You may want to ignore posterior probabilities and other statistics related to the following branch branch because the effective number of genes impacting it is only 4:
	{16}
You may want to ignore posterior probabilities and other statistics related to the following branch branch because the effective number of genes impacting it is only 3:
	{2}
You may want to ignore posterior probabilities and other statistics related to the following branch branch because the effective number of genes impacting it is only 3:
	{12}
You may want to ignore posterior probabilities and other statistics related to the following branch branch because the effective number of genes impacting it is only 3:
	{7}
You may want to ignore posterior probabilities and other statistics related to the following branch branch because the effective number of genes impacting it is only 19:
	{12, 7}
You may want to ignore posterior probabilities and other statistics related to the following branch branch because the effective number of genes impacting it is only 2:
	{20}
You may want to ignore posterior probabilities and other statistics related to the following branch branch because the effective number of genes impacting it is only 5:
	{21}
You may want to ignore posterior probabilities and other statistics related to the following branch branch because the effective number of genes impacting it is only 2:
	{17}
You may want to ignore posterior probabilities and other statistics related to the following branch branch because the effective number of genes impacting it is only 19:
	{21, 17}
You may want to ignore posterior probabilities and other statistics related to the following branch branch because the effective number of genes impacting it is only 19:
	{21, 17, 20}
You may want to ignore posterior probabilities and other statistics related to the following branch branch because the effective number of genes impacting it is only 17:
	{12, 21, 7, 17, 20}
You may want to ignore posterior probabilities and other statistics related to the following branch branch because the effective number of genes impacting it is only 18:
	{12, 21, 7, 17, 2, 20}
You may want to ignore posterior probabilities and other statistics related to the following branch branch because the effective number of genes impacting it is only 3:
	{23}
You may want to ignore posterior probabilities and other statistics related to the following branch branch because the effective number of genes impacting it is only 5:
	{9}
You may want to ignore posterior probabilities and other statistics related to the following branch branch because the effective number of genes impacting it is only 4:
	{18}
You may want to ignore posterior probabilities and other statistics related to the following branch branch because the effective number of genes impacting it is only 4:
	{6}
You may want to ignore posterior probabilities and other statistics related to the following branch branch because the effective number of genes impacting it is only 4:
	{5}
You may want to ignore posterior probabilities and other statistics related to the following branch branch because the effective number of genes impacting it is only 2:
	{24}
You may want to ignore posterior probabilities and other statistics related to the following branch branch because the effective number of genes impacting it is only 18:
	{5, 24}
You may want to ignore posterior probabilities and other statistics related to the following branch branch because the effective number of genes impacting it is only 3:
	{19}
You may want to ignore posterior probabilities and other statistics related to the following branch branch because the effective number of genes impacting it is only 2:
	{1}
You may want to ignore posterior probabilities and other statistics related to the following branch branch because the effective number of genes impacting it is only 6:
	{3}
You may want to ignore posterior probabilities and other statistics related to the following branch branch because the effective number of genes impacting it is only 3:
	{8}
You may want to ignore posterior probabilities and other statistics related to the following branch branch because the effective number of genes impacting it is only 4:
	{13}
You may want to ignore posterior probabilities and other statistics related to the following branch branch because the effective number of genes impacting it is only 2:
	{4}
You may want to ignore posterior probabilities and other statistics related to the following branch branch because the effective number of genes impacting it is only 19:
	{13, 4}
You may want to ignore posterior probabilities and other statistics related to the following branch branch because the effective number of genes impacting it is only 4:
	{15}
You may want to ignore posterior probabilities and other statistics related to the following branch branch because the effective number of genes impacting it is only 5:
	{11}
You may want to ignore posterior probabilities and other statistics related to the following branch branch because the effective number of genes impacting it is only 17:
	{15, 11}
You may want to ignore posterior probabilities and other statistics related to the following branch branch because the effective number of genes impacting it is only 17:
	{15, 13, 11, 4}
You may want to ignore posterior probabilities and other statistics related to the following branch branch because the effective number of genes impacting it is only 15:
	{15, 13, 11, 4, 8}
You may want to ignore posterior probabilities and other statistics related to the following branch branch because the effective number of genes impacting it is only 18:
	{3, 15, 13, 11, 4, 8}
You may want to ignore posterior probabilities and other statistics related to the following branch branch because the effective number of genes impacting it is only 17:
	{1, 3, 15, 13, 11, 4, 8}
You may want to ignore posterior probabilities and other statistics related to the following branch branch because the effective number of genes impacting it is only 18:
	{1, 3, 15, 13, 11, 19, 4, 8}
You may want to ignore posterior probabilities and other statistics related to the following branch branch because the effective number of genes impacting it is only 16:
	{18, 23, 1, 3, 5, 9, 15, 13, 11, 19, 24, 4, 6, 8}
You may want to ignore posterior probabilities and other statistics related to the following branch branch because the effective number of genes impacting it is only 3:
	{10}
You may want to ignore posterior probabilities and other statistics related to the following branch branch because the effective number of genes impacting it is only 2:
	{14}
You may want to ignore posterior probabilities and other statistics related to the following branch branch because the effective number of genes impacting it is only 2:
	{22}
You may want to ignore posterior probabilities and other statistics related to the following branch branch because the effective number of genes impacting it is only 16:
	{14, 22}
You may want to ignore posterior probabilities and other statistics related to the following branch branch because the effective number of genes impacting it is only 1:
	{25}
You may want to ignore posterior probabilities and other statistics related to the following branch branch because the effective number of genes impacting it is only 16:
	{14, 25, 22}
You may want to ignore posterior probabilities and other statistics related to the following branch branch because the effective number of genes impacting it is only 16:
	{14, 10, 25, 22}
You may want to ignore posterior probabilities and other statistics related to the following branch branch because the effective number of genes impacting it is only 17:
	{14, 10, 18, 25, 23, 1, 3, 5, 9, 15, 13, 11, 19, 24, 22, 4, 6, 8}
You may want to ignore posterior probabilities and other statistics related to the following branch branch because the effective number of genes impacting it is only 4:
	{14, 12, 10, 18, 25, 23, 1, 21, 3, 5, 7, 9, 15, 13, 11, 19, 17, 24, 22, 2, 20, 4, 6, 8}
((16_1,16_2)0.34:0.0,(((2_1,2_2,2_3)0.44:0.012223444268135522,(((12_2,12_1)0.13:0.0,(7_1,7_2)0.14:0.0)0.99:0.5049317573478971,((20_3,20_2,20_1)0.21:0.0,((21_2,21_1)0.61:0.1754887662741844,(17_2,17_1)0.2:0.0)0.01:0.0)0.51:0.14331833223416046)0.6:0.12932014304933268)0.34:0.016969110872121038,(((((23_2,23_1)0.61:0.1959609498872735,(9_1,9_2)0.24:0.0)0.15:0.0,(((18_2,18_1)0.15:0.0,(6_1,6_2)0.11:0.0)0.92:0.3266465257477079,((5_1,5_2)0.12:0.0,(24_3,24_2,24_1)0.32:0.0)0.96:0.4330930047882999)0.99:0.587793879352374)0.99:0.49010371844668793,((19_2,19_1)0.26:0.0,((1_1,1_2)0.87:0.6931471805599453,((3_1,3_2)0.48:0.061703873970914626,((8_1,8_2)0.31:0.0,(((13_2,13_1)0.54:0.11466290832013988,(4_1,4_2)0.18:0.0)1:0.7672329636107347,((15_2,15_1)0.12:0.0,(11_2,11_1)0.1:0.0)0.99:0.570845027744824)0.97:0.465174006834522)0.27:0.0)0.77:0.21699416980668346)0:0.0)1:0.6329118565711257)0.48:0.06478028808157307,((10_2,10_1)0.35:0.0,(((14_2,14_1)0.18:0.0,(22_2,22_1)0.17:0.0)0.93:0.380055392582796,(25_2,25_1)0.67:0.2876820724517809)1:0.8348484438461949)0.79:0.2764478223168318)1:0.9731558382925215)0.34:0.0);
Weight calculation took 0.075215802 secs
ASTRAL finished in 2.902 secs
