
================== ASTRAL ===================== 

This is ASTRAL version 5.6.3
Gene trees are treated as unrooted
500 trees read from g_trees-raxml-sqlen-100-ngen-500-s2g.trees
All output trees will be *arbitrarily* rooted at 14

======== Running the main analysis
Number of taxa: 104 (25 species)
Taxa: {22=[22_4, 22_3, 22_2, 22_1], 23=[23_5, 23_4, 23_3, 23_2, 23_1], 24=[24_4, 24_3, 24_2, 24_1, 24_5], 25=[25_3, 25_2, 25_1, 25_5, 25_4], 10=[10_3, 10_2, 10_1], 11=[11_4, 11_3, 11_2, 11_1], 12=[12_5, 12_4, 12_3, 12_2, 12_1], 13=[13_4, 13_3, 13_2, 13_1], 14=[14_3, 14_2, 14_1, 14_4], 15=[15_2, 15_1, 15_5, 15_4, 15_3], 16=[16_1, 16_3, 16_2], 17=[17_4, 17_3, 17_2, 17_1], 18=[18_4, 18_3, 18_2, 18_1], 19=[19_4, 19_3, 19_2, 19_1], 1=[1_1, 1_2, 1_3, 1_4], 2=[2_1, 2_2, 2_3, 2_4], 3=[3_1, 3_2, 3_3, 3_4], 4=[4_1, 4_2, 4_3, 4_4], 5=[5_1, 5_2, 5_3, 5_4, 5_5], 6=[6_1, 6_2, 6_3, 6_4], 7=[7_1, 7_2, 7_3, 7_4], 8=[8_1, 8_2, 8_3, 8_4], 9=[9_1, 9_2, 9_3, 9_4], 20=[20_4, 20_3, 20_2, 20_1], 21=[21_4, 21_3, 21_2, 21_1]}
Taxon occupancy: {14_3=6, 14_2=61, 14_1=432, 10_3=12, 10_2=54, 10_1=433, 18_4=5, 18_3=16, 18_2=60, 18_1=428, 14_4=1, 25_3=8, 25_2=56, 25_1=434, 21_4=1, 21_3=3, 3_1=431, 21_2=50, 21_1=435, 3_2=74, 3_3=12, 3_4=1, 7_1=423, 7_2=56, 7_3=8, 7_4=2, 25_5=1, 25_4=2, 13_4=1, 13_3=7, 13_2=56, 13_1=429, 17_4=1, 17_3=6, 17_2=60, 17_1=428, 24_4=3, 24_3=14, 24_2=62, 24_1=431, 2_1=426, 20_4=1, 2_2=58, 20_3=11, 20_2=62, 2_3=8, 20_1=427, 2_4=1, 6_1=428, 6_2=56, 6_3=14, 6_4=6, 24_5=1, 16_1=431, 12_5=1, 12_4=2, 12_3=9, 12_2=54, 12_1=424, 16_3=6, 16_2=63, 23_5=1, 23_4=3, 23_3=11, 1_1=426, 23_2=66, 23_1=429, 1_2=64, 1_3=13, 1_4=2, 5_1=429, 5_2=56, 5_3=12, 5_4=2, 9_1=429, 5_5=1, 9_2=69, 9_3=10, 9_4=3, 15_2=65, 15_1=439, 11_4=3, 11_3=12, 11_2=65, 11_1=438, 19_4=1, 19_3=8, 19_2=68, 19_1=428, 15_5=1, 15_4=5, 15_3=12, 22_4=1, 22_3=3, 22_2=65, 22_1=429, 4_1=423, 4_2=57, 4_3=8, 4_4=1, 8_1=442, 8_2=62, 8_3=9, 8_4=1}
Number of gene trees: 500
500 trees have missing taxa
Calculating quartet distance matrix (for completion of X)
Species tree distances calculated ...
Will attempt to complete bipartitions from X before adding using a distance matrix.
Building set of clusters (X) from gene trees 
In second round sampling 4 rounds will be done
------------------------------
gradient0: 721
------------------------------
gradient1: 184
------------------------------
gradient2: 134
------------------------------
gradient3: 132
Number of Clusters after addition by distance: 1171
calculating extra bipartitions to be added at level 1 ...
Adding to X using resolutions of greedy consensus ...
Limit for sigma of degrees:675
polytomy size limit : 3
discarded polytomies:  [3]
Threshold 0.0:
Threshold 0.01:
Threshold 0.02:
Threshold 0.05:
Threshold 0.1:
Threshold 0.2:
Threshold 0.3333333333333333:
polytomy of size 3; rounds with additions with at least 5 support: 0; clusters: 1171
max k is :0
Number of Clusters after addition by greedy: 1171
gradient0 in heuristiic: 1171
calculating extra bipartitions to be added at level 1 ...
Adding to X using resolutions of greedy consensus ...
Limit for sigma of degrees:675
polytomy size limit : 3
discarded polytomies:  [3, 3]
Threshold 0.0:
Threshold 0.01:
Threshold 0.02:
Threshold 0.05:
Threshold 0.1:
Threshold 0.2:
Threshold 0.3333333333333333:
polytomy of size 3; rounds with additions with at least 5 support: 0; clusters: 1171
polytomy of size 3; rounds with additions with at least 5 support: 0; clusters: 1171
max k is :0
Number of Clusters after addition by greedy: 1171
gradient1 in heuristiic: 0
calculating extra bipartitions to be added at level 1 ...
Adding to X using resolutions of greedy consensus ...
Limit for sigma of degrees:675
polytomy size limit : 3
discarded polytomies:  [3, 3]
Threshold 0.0:
Threshold 0.01:
Threshold 0.02:
Threshold 0.05:
Threshold 0.1:
Threshold 0.2:
Threshold 0.3333333333333333:
polytomy of size 3; rounds with additions with at least 5 support: 0; clusters: 1171
polytomy of size 3; rounds with additions with at least 5 support: 0; clusters: 1171
max k is :0
Number of Clusters after addition by greedy: 1171
gradient2 in heuristiic: 0
calculating extra bipartitions to be added at level 1 ...
Adding to X using resolutions of greedy consensus ...
Limit for sigma of degrees:675
polytomy size limit : 3
discarded polytomies:  [3]
Threshold 0.0:
Threshold 0.01:
Threshold 0.02:
Threshold 0.05:
Threshold 0.1:
Threshold 0.2:
Threshold 0.3333333333333333:
polytomy of size 3; rounds with additions with at least 5 support: 0; clusters: 1171
max k is :0
Number of Clusters after addition by greedy: 1171
gradient3 in heuristiic: 0
partitions formed in 74.595 secs
Dynamic Programming starting after 74.595 secs
Using tree-based weight calculation.
Using polytree-based weight calculation.
Polytree max score: 10627256
Polytree building time: 0.18 seconds.
Number of quartet trees in the gene trees: 10612119
Size of largest cluster: 104
Greedy score: 6875904
estimationFactor: 1.545579348869665
Sub-optimal score: 7532682
Total Number of elements weighted: 3978
Normalized score (portion of input quartet trees satisfied before correcting for multiple individuals): 0.7196092976341483
Optimization score: 7636579
Optimal tree inferred in 79.389 secs.
(10,((25,(14,22)),(((16,(21,2)),((17,20),(7,12))),(1,((23,(9,((18,6),(24,5)))),(3,(8,((15,11),(19,(13,4))))))))));
Final quartet score is: 7906148
Final normalized quartet score is: 0.7450112461045716
((14_3,14_2,14_1,14_4)0.03:0.0,((22_4,22_3,22_2,22_1)0.03:0.0,((25_3,25_2,25_1,25_5,25_4)0.7:0.14192555640325374,(((((16_1,16_3,16_2)0.79:0.14508820621018528,((21_4,21_3,21_2,21_1)0.21:0.0,(2_1,2_2,2_3,2_4)0.29:0.0)1:0.1964137098076809)0.28:0.0,(((17_4,17_3,17_2,17_1)0.17:0.0,(20_4,20_3,20_2,20_1)0.21:0.0)1:0.29718836616129496,((7_1,7_2,7_3,7_4)0.05:0.0,(12_5,12_4,12_3,12_2,12_1)0.06:0.0)1:1.2866207520958826)1:1.0378206963722258)1:1.9897879532123142,((1_1,1_2,1_3,1_4)1:1.8183267337376816,(((23_5,23_4,23_3,23_2,23_1)0.48:0.047427089927482236,((9_1,9_2,9_3,9_4)0.25:0.0,(((18_4,18_3,18_2,18_1)0.04:0.0,(6_1,6_2,6_3,6_4)0.02:0.0)1:1.6855666748336047,((24_4,24_3,24_2,24_1,24_5)0.06:0.0,(5_1,5_2,5_3,5_4,5_5)0.03:0.0)1:1.2374389496318392)1:0.49126380799309655)1:0.21968885416801925)1:1.979324704608039,((3_1,3_2,3_3,3_4)1:0.4017654556583622,((8_1,8_2,8_3,8_4)0.95:0.28259825387012805,(((15_2,15_1,15_5,15_4,15_3)0.08:0.0,(11_4,11_3,11_2,11_1)0.08:0.0)1:1.1155616197858909,((19_4,19_3,19_2,19_1)0.49:0.04632992826572406,((13_4,13_3,13_2,13_1)0.05:0.0,(4_1,4_2,4_3,4_4)0.04:0.0)1:1.7248255777538921)0.94:0.07518057958209672)1:1.4950146214277504)0.47:0.020141310652780197)1:0.6294809775211221)1:0.6478553991296379)1:0.38745203102388637)1:0.8803066589646465,(10_3,10_2,10_1)1:0.5530049789841246)1:0.8484338774111099)1:1.8020222485152837));
Weight calculation took 4.725202943 secs
ASTRAL finished in 80.287 secs
