
================== ASTRAL ===================== 

This is ASTRAL version 5.6.3
Gene trees are treated as unrooted
50 trees read from g_trees-raxml-sqlen-100-ngen-50-s2g.trees
All output trees will be *arbitrarily* rooted at 16

======== Running the main analysis
Number of taxa: 66 (25 species)
Taxa: {22=[22_2, 22_1], 23=[23_2, 23_1], 24=[24_3, 24_2, 24_1], 25=[25_2, 25_1], 10=[10_3, 10_2, 10_1], 11=[11_3, 11_2, 11_1], 12=[12_4, 12_3, 12_2, 12_1], 13=[13_3, 13_2, 13_1], 14=[14_2, 14_1], 15=[15_2, 15_1, 15_4, 15_3], 16=[16_1, 16_3, 16_2], 17=[17_3, 17_2, 17_1], 18=[18_2, 18_1], 19=[19_2, 19_1], 1=[1_1, 1_2], 2=[2_1, 2_2, 2_3], 3=[3_1, 3_2], 4=[4_1, 4_2, 4_3], 5=[5_1, 5_2], 6=[6_1, 6_2], 7=[7_1, 7_2, 7_3, 7_4], 8=[8_1, 8_2], 9=[9_1, 9_2], 20=[20_3, 20_2, 20_1], 21=[21_3, 21_2, 21_1]}
Taxon occupancy: {16_1=40, 14_2=4, 12_4=1, 14_1=43, 12_3=1, 12_2=7, 12_1=40, 10_3=2, 10_2=6, 10_1=41, 18_2=6, 18_1=42, 16_3=1, 16_2=8, 25_2=5, 25_1=38, 1_1=44, 23_2=6, 23_1=44, 1_2=5, 21_3=1, 3_1=41, 21_2=6, 21_1=40, 3_2=7, 5_1=41, 5_2=8, 7_1=40, 7_2=7, 9_1=44, 7_3=1, 9_2=8, 7_4=1, 15_2=8, 15_1=40, 13_3=1, 13_2=8, 13_1=43, 11_3=1, 11_2=9, 11_1=42, 19_2=6, 19_1=41, 17_3=1, 17_2=6, 15_4=1, 17_1=40, 15_3=1, 24_3=1, 24_2=7, 24_1=42, 2_1=39, 22_2=4, 22_1=42, 2_2=8, 20_3=2, 4_1=40, 20_2=5, 2_3=2, 20_1=40, 4_2=7, 6_1=42, 4_3=1, 6_2=7, 8_1=39, 8_2=5}
Number of gene trees: 50
50 trees have missing taxa
Calculating quartet distance matrix (for completion of X)
Species tree distances calculated ...
Will attempt to complete bipartitions from X before adding using a distance matrix.
Building set of clusters (X) from gene trees 
In second round sampling 3 rounds will be done
------------------------------
gradient0: 383
------------------------------
gradient1: 54
------------------------------
gradient2: 48
Number of Clusters after addition by distance: 485
calculating extra bipartitions to be added at level 1 ...
Adding to X using resolutions of greedy consensus ...
Limit for sigma of degrees:675
polytomy size limit : 4
discarded polytomies:  [3, 4]
Threshold 0.0:
Threshold 0.01:
Threshold 0.02:
Threshold 0.05:
Threshold 0.1:
Threshold 0.2:
Threshold 0.3333333333333333:
polytomy of size 3; rounds with additions with at least 5 support: 0; clusters: 485
polytomy of size 4; rounds with additions with at least 5 support: 0; clusters: 485
max k is :0
Number of Clusters after addition by greedy: 485
gradient0 in heuristiic: 485
calculating extra bipartitions to be added at level 1 ...
Adding to X using resolutions of greedy consensus ...
Limit for sigma of degrees:675
polytomy size limit : 4
discarded polytomies:  [3, 4]
Threshold 0.0:
Threshold 0.01:
Threshold 0.02:
Threshold 0.05:
Threshold 0.1:
Threshold 0.2:
polytomy of size 3; rounds with additions with at least 5 support: 0; clusters: 485
Threshold 0.3333333333333333:
polytomy of size 4; rounds with additions with at least 5 support: 0; clusters: 485
max k is :0
Number of Clusters after addition by greedy: 485
gradient1 in heuristiic: 0
calculating extra bipartitions to be added at level 1 ...
Adding to X using resolutions of greedy consensus ...
Limit for sigma of degrees:675
polytomy size limit : 3
discarded polytomies:  [3]
Threshold 0.0:
Threshold 0.01:
Threshold 0.02:
Threshold 0.05:
Threshold 0.1:
Threshold 0.2:
Threshold 0.3333333333333333:
polytomy of size 3; rounds with additions with at least 5 support: 0; clusters: 485
max k is :0
Number of Clusters after addition by greedy: 485
gradient2 in heuristiic: 0
partitions formed in 3.075 secs
Dynamic Programming starting after 3.075 secs
Using tree-based weight calculation.
Using polytree-based weight calculation.
Polytree max score: 777981
Polytree building time: 0.019 seconds.
Number of quartet trees in the gene trees: 777161
Size of largest cluster: 66
Greedy score: 570844
estimationFactor: 1.3628597630352925
Sub-optimal score: 593723
Total Number of elements weighted: 984
Normalized score (portion of input quartet trees satisfied before correcting for multiple individuals): 0.7716554227502409
Optimization score: 599700
Optimal tree inferred in 3.244 secs.
(22,(14,(25,(10,(((21,2),(16,((17,20),(12,7)))),(1,((23,(9,((18,6),(5,24)))),(8,(3,((15,11),(19,(13,4))))))))))));
Final quartet score is: 618016
Final normalized quartet score is: 0.7952226115309441
You may want to ignore posterior probabilities and other statistics related to the following branch branch because the effective number of genes impacting it is only 5:
	{16}
You may want to ignore posterior probabilities and other statistics related to the following branch branch because the effective number of genes impacting it is only 4:
	{17}
You may want to ignore posterior probabilities and other statistics related to the following branch branch because the effective number of genes impacting it is only 4:
	{20}
You may want to ignore posterior probabilities and other statistics related to the following branch branch because the effective number of genes impacting it is only 4:
	{12}
You may want to ignore posterior probabilities and other statistics related to the following branch branch because the effective number of genes impacting it is only 4:
	{7}
You may want to ignore posterior probabilities and other statistics related to the following branch branch because the effective number of genes impacting it is only 3:
	{21}
You may want to ignore posterior probabilities and other statistics related to the following branch branch because the effective number of genes impacting it is only 6:
	{2}
You may want to ignore posterior probabilities and other statistics related to the following branch branch because the effective number of genes impacting it is only 4:
	{1}
You may want to ignore posterior probabilities and other statistics related to the following branch branch because the effective number of genes impacting it is only 6:
	{23}
You may want to ignore posterior probabilities and other statistics related to the following branch branch because the effective number of genes impacting it is only 8:
	{9}
You may want to ignore posterior probabilities and other statistics related to the following branch branch because the effective number of genes impacting it is only 6:
	{18}
You may want to ignore posterior probabilities and other statistics related to the following branch branch because the effective number of genes impacting it is only 7:
	{6}
You may want to ignore posterior probabilities and other statistics related to the following branch branch because the effective number of genes impacting it is only 8:
	{5}
You may want to ignore posterior probabilities and other statistics related to the following branch branch because the effective number of genes impacting it is only 5:
	{24}
You may want to ignore posterior probabilities and other statistics related to the following branch branch because the effective number of genes impacting it is only 5:
	{8}
You may want to ignore posterior probabilities and other statistics related to the following branch branch because the effective number of genes impacting it is only 6:
	{3}
You may want to ignore posterior probabilities and other statistics related to the following branch branch because the effective number of genes impacting it is only 4:
	{15}
You may want to ignore posterior probabilities and other statistics related to the following branch branch because the effective number of genes impacting it is only 6:
	{11}
You may want to ignore posterior probabilities and other statistics related to the following branch branch because the effective number of genes impacting it is only 6:
	{19}
You may want to ignore posterior probabilities and other statistics related to the following branch branch because the effective number of genes impacting it is only 5:
	{13}
You may want to ignore posterior probabilities and other statistics related to the following branch branch because the effective number of genes impacting it is only 5:
	{4}
You may want to ignore posterior probabilities and other statistics related to the following branch branch because the effective number of genes impacting it is only 4:
	{10}
You may want to ignore posterior probabilities and other statistics related to the following branch branch because the effective number of genes impacting it is only 5:
	{25}
You may want to ignore posterior probabilities and other statistics related to the following branch branch because the effective number of genes impacting it is only 4:
	{14}
You may want to ignore posterior probabilities and other statistics related to the following branch branch because the effective number of genes impacting it is only 4:
	{22}
((16_1,16_3,16_2)0.44:0.02171768249130121,((((17_3,17_2,17_1)0.24:0.0,(20_3,20_2,20_1)0.16:0.0)0.96:0.27355361140745205,((12_4,12_3,12_2,12_1)0.21:0.0,(7_1,7_2,7_3,7_4)0.2:0.0)1:0.9062603768413809)1:0.8492667888556926,(((21_3,21_2,21_1)0.24:0.0,(2_1,2_2,2_3)0.34:0.0)0.55:0.07537633514388682,(((1_1,1_2)0.98:1.2039728043259361,(((23_2,23_1)0.17:0.0,((9_1,9_2)0.15:0.0,(((18_2,18_1)0.08:0.0,(6_1,6_2)0.07:0.0)1:1.1282788502714531,((5_1,5_2)0.07:0.0,(24_3,24_2,24_1)0.13:0.0)1:1.3268841069709538)0.99:0.359216010492228)0.97:0.2827316551940631)1:1.9181113094240967,((8_1,8_2)0.22:0.0,((3_1,3_2)0.65:0.2049820143970969,(((15_2,15_1,15_4,15_3)0.23:0.0,(11_3,11_2,11_1)0.14:0.0)1:0.8272496652974589,((19_2,19_1)0.22:0.0,((13_3,13_2,13_1)0.26:0.0,(4_1,4_2,4_3)0.17:0.0)1:1.6151142880438387)0.19:0.0)1:1.0913767867420305)0.85:0.20548683315664748)1:0.621278365685459)1:0.7026192736244932)0.99:0.43469681541359056,((10_3,10_2,10_1)0.76:0.33766121782026315,((25_2,25_1)0.72:0.29411296278207133,((14_2,14_1)0.17:0.0,(22_2,22_1)0.11:0.0)1:1.6788245822378902)1:0.7571256344748116)1:0.9976682500755906)1:1.7626097267771899)0.42:0.01937311428694193));
Weight calculation took 0.13262843 secs
ASTRAL finished in 3.374 secs
