
================== ASTRAL ===================== 

This is ASTRAL version 5.6.3
Gene trees are treated as unrooted
39 trees read from g_trees-raxml-sqlen-100-ngen-25.trees.tree
All output trees will be *arbitrarily* rooted at 9

======== Running the main analysis
Number of taxa: 25 (25 species)
Taxa: [9, 24, 18, 6, 23, 10, 25, 14, 22, 20, 17, 12, 7, 16, 2, 21, 1, 3, 8, 13, 4, 15, 19, 11, 5]
Taxon occupancy: {22=27, 23=35, 24=35, 25=22, 10=24, 11=36, 12=24, 13=36, 14=28, 15=32, 16=27, 17=23, 18=35, 19=32, 1=32, 2=29, 3=34, 4=35, 5=35, 6=35, 7=24, 8=34, 9=37, 20=24, 21=31}
Number of gene trees: 39
38 trees have missing taxa
Calculating quartet distance matrix (for completion of X)
Species tree distances calculated ...
Will attempt to complete bipartitions from X before adding using a distance matrix.
Building set of clusters (X) from gene trees 
------------------------------
gradient0: 303
Number of Clusters after addition by distance: 303
calculating extra bipartitions to be added at level 1 ...
Adding to X using resolutions of greedy consensus ...
Limit for sigma of degrees:675
polytomy size limit : 3
discarded polytomies:  []
Threshold 0.0:
Threshold 0.01:
Threshold 0.02:
Threshold 0.05:
Threshold 0.1:
Threshold 0.2:
Threshold 0.3333333333333333:
max k is :0
Number of Clusters after addition by greedy: 303
gradient0 in heuristiic: 303
partitions formed in 0.153 secs
Dynamic Programming starting after 0.154 secs
Using tree-based weight calculation.
Using polytree-based weight calculation.
Polytree max score: 206300
Polytree building time: 0.011 seconds.
Number of quartet trees in the gene trees: 206300
Size of largest cluster: 25
Greedy score: 179288
estimationFactor: 1.1506626210343136
Sub-optimal score: 182030
Total Number of elements weighted: 346
Normalized score (portion of input quartet trees satisfied before correcting for multiple individuals): 0.8825302956858944
Optimization score: 182066
Optimal tree inferred in 0.231 secs.
(23,((9,((24,5),(18,6))),(((3,8),((13,4),(19,(15,11)))),(1,((10,(25,(14,22))),(16,(21,(2,((12,7),(20,17))))))))));
Final quartet score is: 182066
Final normalized quartet score is: 0.8825302956858944
You may want to ignore posterior probabilities and other statistics related to the following branch branch because the effective number of genes impacting it is only 17:
	{25, 14, 22}
(9,(((24,5)1:2.357073278278115,(18,6)1:1.1836393865971464)1:0.8095254939582187,((((3,8)0.79:0.231734726662229,((13,4)1:2.1365999555197845,(19,(15,11)1:0.6114204769153733)0.5:0.06038051098890748)1:1.0653866410397894)1:1.7951374039030927,(1,((10,(25,(14,22)1:1.9459101490553135)1:0.865989993399356)1:1.10460837817221,(16,(21,(2,((12,7)1:1.1999300613089776,(20,17)1:1.0374762886763784)1:1.1346168905405696)0.87:0.31685423546744085)0.43:0.030695068462603357)1:1.6621283834714848)0.95:0.34395206399043154)1:0.7132213913667711)1:1.6677374332715384,23)0.9:0.2728269714608569));
Weight calculation took 0.024586278 secs
ASTRAL finished in 1.015 secs
