
================== ASTRAL ===================== 

This is ASTRAL version 5.6.3
Gene trees are treated as unrooted
205 trees read from g_trees-raxml-sqlen-50-ngen-100.trees.tree
All output trees will be *arbitrarily* rooted at 20

======== Running the main analysis
Number of taxa: 25 (25 species)
Taxa: [20, 17, 12, 7, 21, 16, 2, 10, 25, 14, 22, 23, 18, 6, 24, 9, 1, 3, 8, 4, 13, 15, 19, 11, 5]
Taxon occupancy: {22=160, 23=158, 24=162, 25=144, 10=160, 11=183, 12=153, 13=173, 14=162, 15=169, 16=153, 17=159, 18=154, 19=168, 1=141, 2=150, 3=179, 4=167, 5=156, 6=156, 7=152, 8=179, 9=162, 20=157, 21=157}
Number of gene trees: 205
196 trees have missing taxa
Calculating quartet distance matrix (for completion of X)
Species tree distances calculated ...
Will attempt to complete bipartitions from X before adding using a distance matrix.
Building set of clusters (X) from gene trees 
------------------------------
gradient0: 915
Number of Clusters after addition by distance: 915
calculating extra bipartitions to be added at level 1 ...
Adding to X using resolutions of greedy consensus ...
Limit for sigma of degrees:675
polytomy size limit : 3
discarded polytomies:  [3]
Threshold 0.0:
Threshold 0.01:
Threshold 0.02:
Threshold 0.05:
Threshold 0.1:
Threshold 0.2:
Threshold 0.3333333333333333:
polytomy of size 3; rounds with additions with at least 5 support: 0; clusters: 915
max k is :0
Number of Clusters after addition by greedy: 915
gradient0 in heuristiic: 915
partitions formed in 0.348 secs
Dynamic Programming starting after 0.349 secs
Using tree-based weight calculation.
Using polytree-based weight calculation.
Polytree max score: 1078843
Polytree building time: 0.039 seconds.
Number of quartet trees in the gene trees: 1078843
Size of largest cluster: 25
Greedy score: 804411
estimationFactor: 1.3411589349225708
Sub-optimal score: 836756
Total Number of elements weighted: 2242
Normalized score (portion of input quartet trees satisfied before correcting for multiple individuals): 0.7978362004480726
Optimization score: 860740
Optimal tree inferred in 0.887 secs.
(21,(2,(16,(((20,17),(12,7)),((10,(25,(14,22))),(1,((23,(9,((18,6),(24,5)))),((3,8),((15,11),(19,(4,13)))))))))));
Final quartet score is: 860740
Final normalized quartet score is: 0.7978362004480726
(20,(17,((12,7)1:1.4122714587744103,(((10,(25,(14,22)1:1.6719441290606543)1:0.5363543151535317)1:0.3311832631566523,(1,((23,(9,((18,6)1:1.2173666251408024,(24,5)1:0.9918348769738363)1:0.2488534659628766)0.49:0.032455645154122886)1:1.351411959075992,((3,8)0.97:0.14880110339329794,((15,11)1:1.038050524914234,(19,(4,13)1:1.6081436395646551)0.87:0.0981359207054471)1:1.021684683182155)1:0.31260036710745825)1:0.285122646108395)1:0.39323372052547184)1:1.50349238009343,(16,(2,21)0.43:0.0581924616195367)1:0.2249233521834241)1:0.5886745240240235)1:0.23819212274737836));
Weight calculation took 0.417343833 secs
ASTRAL finished in 1.236 secs
