
================== ASTRAL ===================== 

This is ASTRAL version 5.6.3
Gene trees are treated as unrooted
89 trees read from g_trees-raxml-sqlen-100-ngen-50.trees.tree
All output trees will be *arbitrarily* rooted at 9

======== Running the main analysis
Number of taxa: 25 (25 species)
Taxa: [9, 24, 18, 6, 23, 10, 25, 14, 22, 20, 17, 12, 7, 16, 2, 21, 1, 3, 8, 13, 4, 15, 19, 11, 5]
Taxon occupancy: {22=71, 23=79, 24=79, 25=56, 10=66, 11=80, 12=65, 13=82, 14=72, 15=74, 16=69, 17=65, 18=75, 19=74, 1=63, 2=68, 3=73, 4=79, 5=75, 6=77, 7=66, 8=80, 9=81, 20=65, 21=70}
Number of gene trees: 89
84 trees have missing taxa
Calculating quartet distance matrix (for completion of X)
Species tree distances calculated ...
Will attempt to complete bipartitions from X before adding using a distance matrix.
Building set of clusters (X) from gene trees 
------------------------------
gradient0: 435
Number of Clusters after addition by distance: 435
calculating extra bipartitions to be added at level 1 ...
Adding to X using resolutions of greedy consensus ...
Limit for sigma of degrees:675
polytomy size limit : 3
discarded polytomies:  []
Threshold 0.0:
Threshold 0.01:
Threshold 0.02:
Threshold 0.05:
Threshold 0.1:
Threshold 0.2:
Threshold 0.3333333333333333:
max k is :0
Number of Clusters after addition by greedy: 435
gradient0 in heuristiic: 435
partitions formed in 0.176 secs
Dynamic Programming starting after 0.176 secs
Using tree-based weight calculation.
Using polytree-based weight calculation.
Polytree max score: 531887
Polytree building time: 0.018 seconds.
Number of quartet trees in the gene trees: 531887
Size of largest cluster: 25
Greedy score: 453518
estimationFactor: 1.1728024025507258
Sub-optimal score: 467027
Total Number of elements weighted: 622
Normalized score (portion of input quartet trees satisfied before correcting for multiple individuals): 0.8822832669345181
Optimization score: 469275
Optimal tree inferred in 0.321 secs.
(23,((9,((24,5),(18,6))),((8,(3,((13,4),(19,(15,11))))),(1,((10,(25,(14,22))),((16,(2,21)),((12,7),(20,17))))))));
Final quartet score is: 469275
Final normalized quartet score is: 0.8822832669345181
(9,(((24,5)1:2.4245221528376497,(18,6)1:1.6992897121499264)1:0.6508613698883876,(((8,(3,((13,4)1:2.620247997657761,(19,(15,11)1:1.2062615566037043)0.72:0.09652619663096829)1:1.216551586532796)0.98:0.2508345751631153)1:0.49423422736910844,(1,((10,(25,(14,22)1:2.4549890474863614)1:0.6899776057986663)1:1.5204948098140032,((16,(2,21)0.98:0.24295528563146623)0.63:0.07928509935993938,((12,7)1:0.9641292006118808,(20,17)0.96:0.21327180283505576)1:1.4351614513249764)1:2.6069672341637333)1:0.4137583305812867)1:0.9155047178122101)1:2.1109134454609872,23)0.94:0.17424680586865166));
Weight calculation took 0.088238561 secs
ASTRAL finished in 0.449 secs
