
================== ASTRAL ===================== 

This is ASTRAL version 5.6.3
Gene trees are treated as unrooted
183 trees read from g_trees-raxml-sqlen-0-ngen-50.trees.tree
All output trees will be *arbitrarily* rooted at 3

======== Running the main analysis
Number of taxa: 25 (25 species)
Taxa: [3, 8, 19, 13, 4, 15, 23, 9, 24, 6, 18, 16, 2, 21, 17, 20, 7, 12, 25, 14, 22, 10, 1, 11, 5]
Taxon occupancy: {22=161, 23=164, 24=162, 25=132, 10=142, 11=166, 12=157, 13=166, 14=162, 15=144, 16=159, 17=149, 18=155, 19=150, 1=160, 2=154, 3=151, 4=162, 5=154, 6=159, 7=157, 8=153, 9=157, 20=157, 21=151}
Number of gene trees: 183
160 trees have missing taxa
Calculating quartet distance matrix (for completion of X)
Species tree distances calculated ...
Will attempt to complete bipartitions from X before adding using a distance matrix.
Building set of clusters (X) from gene trees 
------------------------------
gradient0: 97
Number of Clusters after addition by distance: 97
calculating extra bipartitions to be added at level 1 ...
Adding to X using resolutions of greedy consensus ...
Limit for sigma of degrees:675
polytomy size limit : 3
discarded polytomies:  []
Threshold 0.0:
Threshold 0.01:
Threshold 0.02:
Threshold 0.05:
Threshold 0.1:
Threshold 0.2:
Threshold 0.3333333333333333:
max k is :0
Number of Clusters after addition by greedy: 97
gradient0 in heuristiic: 97
partitions formed in 0.177 secs
Dynamic Programming starting after 0.177 secs
Using tree-based weight calculation.
Using polytree-based weight calculation.
Polytree max score: 1364469
Polytree building time: 0.025 seconds.
Number of quartet trees in the gene trees: 1364469
Size of largest cluster: 25
Greedy score: 1364469
estimationFactor: 1.0
Sub-optimal score: 1364469
Total Number of elements weighted: 83
Normalized score (portion of input quartet trees satisfied before correcting for multiple individuals): 1.0
Optimization score: 1364469
Optimal tree inferred in 0.273 secs.
(22,(14,(25,(10,(((16,(2,21)),((7,12),(17,20))),(1,((23,(9,((24,5),(6,18)))),(3,(8,((15,11),(19,(13,4))))))))))));
Final quartet score is: 1364469
Final normalized quartet score is: 1.0
(3,((8,((15,11)1:4.56434819146784,(19,(13,4)1:4.578141513600168)1:4.605170185988085)1:4.598481197837296)1:4.438721978350428,((23,(9,((24,5)1:4.598481197837296,(6,18)1:4.6379600088110795)1:4.611814728706755)1:4.650780697240144)1:4.7004803657924095,(1,(((16,(2,21)1:4.56434819146784)1:4.644390899141376,((7,12)1:4.657129924918797,(17,20)1:4.605170185988085)1:4.657129924918797)1:4.5849674786705705,(10,(25,(14,22)1:4.462069342347422)1:4.321922710604174)1:4.414816457496873)1:4.438721978350428)1:4.5849674786705705)1:4.611814728706755));
Weight calculation took 0.033328382 secs
ASTRAL finished in 0.456 secs
