
================== ASTRAL ===================== 

This is ASTRAL version 5.6.3
Gene trees are treated as unrooted
135 trees read from g_trees-raxml-sqlen-0-ngen-100.trees.tree
All output trees will be *arbitrarily* rooted at 3

======== Running the main analysis
Number of taxa: 25 (25 species)
Taxa: [3, 8, 19, 13, 4, 15, 23, 9, 24, 6, 18, 16, 2, 21, 17, 20, 7, 12, 25, 14, 22, 10, 1, 11, 5]
Taxon occupancy: {22=117, 23=125, 24=125, 25=112, 10=108, 11=130, 12=109, 13=130, 14=119, 15=126, 16=108, 17=108, 18=120, 19=124, 1=115, 2=105, 3=120, 4=124, 5=122, 6=122, 7=109, 8=125, 9=123, 20=111, 21=110}
Number of gene trees: 135
119 trees have missing taxa
Calculating quartet distance matrix (for completion of X)
Species tree distances calculated ...
Will attempt to complete bipartitions from X before adding using a distance matrix.
Building set of clusters (X) from gene trees 
------------------------------
gradient0: 97
Number of Clusters after addition by distance: 97
calculating extra bipartitions to be added at level 1 ...
Adding to X using resolutions of greedy consensus ...
Limit for sigma of degrees:675
polytomy size limit : 3
discarded polytomies:  []
Threshold 0.0:
Threshold 0.01:
Threshold 0.02:
Threshold 0.05:
Threshold 0.1:
Threshold 0.2:
Threshold 0.3333333333333333:
max k is :0
Number of Clusters after addition by greedy: 97
gradient0 in heuristiic: 97
partitions formed in 0.162 secs
Dynamic Programming starting after 0.163 secs
Using tree-based weight calculation.
Using polytree-based weight calculation.
Polytree max score: 1059819
Polytree building time: 0.021 seconds.
Number of quartet trees in the gene trees: 1059819
Size of largest cluster: 25
Greedy score: 1059819
estimationFactor: 1.0
Sub-optimal score: 1059819
Total Number of elements weighted: 83
Normalized score (portion of input quartet trees satisfied before correcting for multiple individuals): 1.0
Optimization score: 1059819
Optimal tree inferred in 0.249 secs.
(22,(14,(25,(10,(((16,(2,21)),((7,12),(17,20))),(1,((23,(9,((24,5),(6,18)))),(3,(8,((15,11),(19,(13,4))))))))))));
Final quartet score is: 1059819
Final normalized quartet score is: 1.0
(3,((8,((15,11)1:4.422848629194136,(19,(13,4)1:4.356708826689595)1:4.406719247264248)1:4.414816457496873)1:4.285882774120985,((23,(9,((24,5)1:4.339467020255092,(6,18)1:4.382026634673885)1:4.348125082998204)1:4.382026634673885)1:4.430816798843317,(1,(((16,(2,21)1:4.158883083359675)1:4.257973986003903,((7,12)1:4.276666119016051,(17,20)1:4.285882774120985)1:4.313033763186934)1:4.257973986003903,(10,(25,(14,22)1:4.248495242049363)1:4.10539439840869)1:4.10539439840869)1:4.137829674161844)1:4.295015257684257)1:4.348125082998204));
Weight calculation took 0.022909788 secs
ASTRAL finished in 0.565 secs
