
================== ASTRAL ===================== 

This is ASTRAL version 5.6.3
Gene trees are treated as unrooted
183 trees read from g_trees-raxml-sqlen-100-ngen-100.trees.tree
All output trees will be *arbitrarily* rooted at 9

======== Running the main analysis
Number of taxa: 25 (25 species)
Taxa: [9, 24, 18, 6, 23, 10, 25, 14, 22, 20, 17, 12, 7, 16, 2, 21, 1, 3, 8, 13, 4, 15, 19, 11, 5]
Taxon occupancy: {22=150, 23=158, 24=153, 25=138, 10=135, 11=166, 12=135, 13=167, 14=152, 15=157, 16=137, 17=136, 18=147, 19=156, 1=131, 2=140, 3=159, 4=162, 5=151, 6=150, 7=135, 8=169, 9=154, 20=138, 21=142}
Number of gene trees: 183
169 trees have missing taxa
Calculating quartet distance matrix (for completion of X)
Species tree distances calculated ...
Will attempt to complete bipartitions from X before adding using a distance matrix.
Building set of clusters (X) from gene trees 
------------------------------
gradient0: 603
Number of Clusters after addition by distance: 603
calculating extra bipartitions to be added at level 1 ...
Adding to X using resolutions of greedy consensus ...
Limit for sigma of degrees:675
polytomy size limit : 3
discarded polytomies:  []
Threshold 0.0:
Threshold 0.01:
Threshold 0.02:
Threshold 0.05:
Threshold 0.1:
Threshold 0.2:
Threshold 0.3333333333333333:
max k is :0
Number of Clusters after addition by greedy: 603
gradient0 in heuristiic: 603
partitions formed in 0.228 secs
Dynamic Programming starting after 0.228 secs
Using tree-based weight calculation.
Using polytree-based weight calculation.
Polytree max score: 1118049
Polytree building time: 0.032 seconds.
Number of quartet trees in the gene trees: 1118049
Size of largest cluster: 25
Greedy score: 927278
estimationFactor: 1.2057322615224344
Sub-optimal score: 960719
Total Number of elements weighted: 1031
Normalized score (portion of input quartet trees satisfied before correcting for multiple individuals): 0.8785768781153599
Optimization score: 982292
Optimal tree inferred in 0.519 secs.
(23,((9,((24,5),(18,6))),((8,(3,((15,11),(19,(13,4))))),(1,((10,(25,(14,22))),(16,((2,21),((12,7),(20,17)))))))));
Final quartet score is: 982292
Final normalized quartet score is: 0.8785768781153599
(9,(((24,5)1:1.889105243005806,(18,6)1:1.806830102637391)1:0.6869144752902169,(((8,(3,((15,11)1:1.3007036221301782,(19,(13,4)1:2.468933425515797)0.79:0.10122767541108797)1:1.82045880695707)0.4:0.01849707595843937)1:0.6574514598433439,(1,((10,(25,(14,22)1:2.2509667948031864)1:1.2513651510131738)1:0.9504287848108725,(16,((2,21)1:0.2545217030961038,((12,7)1:1.2244604365422718,(20,17)0.99:0.18555392207684052)1:1.5542728467554061)0.46:0.04500257622115878)1:2.5418879983960174)1:0.43961115053002964)1:0.7277427538451734)1:1.883969473926677,23)1:0.2816346665445485));
Weight calculation took 0.208463111 secs
ASTRAL finished in 1.358 secs
