
================== ASTRAL ===================== 

This is ASTRAL version 5.6.3
Gene trees are treated as unrooted
41 trees read from g_trees-raxml-sqlen-50-ngen-25.trees.tree
All output trees will be *arbitrarily* rooted at 20

======== Running the main analysis
Number of taxa: 25 (25 species)
Taxa: [20, 17, 12, 7, 21, 16, 2, 10, 25, 14, 22, 23, 18, 6, 24, 9, 1, 3, 8, 4, 13, 15, 19, 11, 5]
Taxon occupancy: {22=25, 23=38, 24=35, 25=23, 10=28, 11=38, 12=26, 13=37, 14=26, 15=32, 16=27, 17=25, 18=35, 19=32, 1=34, 2=29, 3=32, 4=36, 5=35, 6=35, 7=26, 8=36, 9=37, 20=26, 21=28}
Number of gene trees: 41
40 trees have missing taxa
Calculating quartet distance matrix (for completion of X)
Species tree distances calculated ...
Will attempt to complete bipartitions from X before adding using a distance matrix.
Building set of clusters (X) from gene trees 
------------------------------
gradient0: 381
Number of Clusters after addition by distance: 381
calculating extra bipartitions to be added at level 1 ...
Adding to X using resolutions of greedy consensus ...
Limit for sigma of degrees:675
polytomy size limit : 3
discarded polytomies:  [3]
Threshold 0.0:
Threshold 0.01:
Threshold 0.02:
Threshold 0.05:
Threshold 0.1:
Threshold 0.2:
Threshold 0.3333333333333333:
polytomy of size 3; rounds with additions with at least 5 support: 0; clusters: 381
max k is :0
Number of Clusters after addition by greedy: 381
gradient0 in heuristiic: 381
partitions formed in 0.178 secs
Dynamic Programming starting after 0.178 secs
Using tree-based weight calculation.
Using polytree-based weight calculation.
Polytree max score: 195265
Polytree building time: 0.014 seconds.
Number of quartet trees in the gene trees: 195265
Size of largest cluster: 25
Greedy score: 144438
estimationFactor: 1.351894930696908
Sub-optimal score: 155701
Total Number of elements weighted: 560
Normalized score (portion of input quartet trees satisfied before correcting for multiple individuals): 0.8081427803241749
Optimization score: 157802
Optimal tree inferred in 0.288 secs.
(21,(16,(2,(((20,17),(12,7)),(10,((25,(14,22)),(1,((9,(23,((18,6),(24,5)))),((3,8),((15,11),(19,(4,13))))))))))));
Final quartet score is: 157802
Final normalized quartet score is: 0.8081427803241749
You may want to ignore posterior probabilities and other statistics related to the following branch branch because the effective number of genes impacting it is only 19:
	{25, 14, 22, 23, 18, 6, 24, 9, 1, 3, 8, 4, 13, 15, 19, 11, 5}
You may want to ignore posterior probabilities and other statistics related to the following branch branch because the effective number of genes impacting it is only 17:
	{10, 25, 14, 22, 23, 18, 6, 24, 9, 1, 3, 8, 4, 13, 15, 19, 11, 5}
(20,(17,((12,7)1:0.6826817724897953,((10,((25,(14,22)0.99:0.5596157879354228)1:0.605681846795226,(1,((9,(23,((18,6)1:0.4702757751176016,(24,5)1:1.2420387706690268)1:0.9324463245817403)0.98:0.3534124261425817)1:0.5863591129109336,((3,8)1:0.7037629215910294,((15,11)1:0.808978996085067,(19,(4,13)1:1.5539945326382107)0.54:0.08036859980612585)1:0.6626776391917345)1:0.6851913443324914)1:0.6074248994035564)0.82:0.20877569783432134)0.2:0.039887602140985114)1:1.901760364442383,(2,(16,21)0.97:0.38165523796146195)0.52:0.07129204415335108)1:0.6105043059563857)1:1.0935851176623566));
Weight calculation took 0.047320304 secs
ASTRAL finished in 1.398 secs
