
================== ASTRAL ===================== 

This is ASTRAL version 5.6.3
Gene trees are treated as unrooted
88 trees read from g_trees-raxml-sqlen-250-ngen-50.trees.tree
All output trees will be *arbitrarily* rooted at 23

======== Running the main analysis
Number of taxa: 25 (25 species)
Taxa: [23, 9, 24, 6, 18, 1, 16, 20, 17, 7, 12, 2, 21, 10, 22, 14, 25, 8, 3, 15, 13, 4, 19, 11, 5]
Taxon occupancy: {22=72, 23=76, 24=73, 25=58, 10=73, 11=82, 12=67, 13=82, 14=73, 15=75, 16=68, 17=69, 18=70, 19=75, 1=63, 2=69, 3=74, 4=79, 5=69, 6=71, 7=69, 8=78, 9=75, 20=68, 21=71}
Number of gene trees: 88
82 trees have missing taxa
Calculating quartet distance matrix (for completion of X)
Species tree distances calculated ...
Will attempt to complete bipartitions from X before adding using a distance matrix.
Building set of clusters (X) from gene trees 
------------------------------
gradient0: 235
Number of Clusters after addition by distance: 235
calculating extra bipartitions to be added at level 1 ...
Adding to X using resolutions of greedy consensus ...
Limit for sigma of degrees:675
polytomy size limit : 3
discarded polytomies:  []
Threshold 0.0:
Threshold 0.01:
Threshold 0.02:
Threshold 0.05:
Threshold 0.1:
Threshold 0.2:
Threshold 0.3333333333333333:
max k is :0
Number of Clusters after addition by greedy: 235
gradient0 in heuristiic: 235
partitions formed in 0.162 secs
Dynamic Programming starting after 0.162 secs
Using tree-based weight calculation.
Using polytree-based weight calculation.
Polytree max score: 541795
Polytree building time: 0.016 seconds.
Number of quartet trees in the gene trees: 541795
Size of largest cluster: 25
Greedy score: 502609
estimationFactor: 1.077965177702747
Sub-optimal score: 503058
Total Number of elements weighted: 266
Normalized score (portion of input quartet trees satisfied before correcting for multiple individuals): 0.9285024778744728
Optimization score: 503058
Optimal tree inferred in 0.259 secs.
(18,(6,((24,5),(9,(23,((3,(8,((15,11),(19,(13,4))))),(1,((10,(25,(22,14))),((16,21),(2,((7,12),(20,17))))))))))));
Final quartet score is: 503058
Final normalized quartet score is: 0.9285024778744728
(23,(((3,(8,((15,11)1:3.218875824868203,(19,(13,4)1:3.857214768933152)1:0.45100712855508035)1:2.1317067174238846)0.97:0.224283726605654)1:0.7757512636271133,(1,((10,(25,(22,14)1:3.6198865826269824)1:2.793208009442516)1:1.3075134832667765,((16,21)0.86:0.14879847883752817,(2,((7,12)1:3.799227511282799,(20,17)1:0.8512859015651595)1:1.656112095181476)0.98:0.24660671636512005)1:3.6776307415780627)1:1.0339066691927778)1:1.2159489953726519)1:3.110142624731734,(9,((24,5)1:3.0757749812275272,(6,18)1:1.921217536464942)1:0.9068402829048748)1:0.406345777473758));
Weight calculation took 0.036232805 secs
ASTRAL finished in 1.842 secs
