
================== ASTRAL ===================== 

This is ASTRAL version 5.6.3
Gene trees are treated as unrooted
69 trees read from g_trees-raxml-sqlen-25-ngen-50.trees.tree
All output trees will be *arbitrarily* rooted at 8

======== Running the main analysis
Number of taxa: 25 (25 species)
Taxa: [8, 22, 25, 14, 10, 1, 2, 20, 17, 16, 7, 12, 23, 6, 24, 21, 18, 9, 3, 15, 13, 4, 19, 5, 11]
Taxon occupancy: {22=52, 23=51, 24=54, 25=45, 10=49, 11=59, 12=53, 13=60, 14=53, 15=53, 16=53, 17=50, 18=55, 19=52, 1=41, 2=50, 3=58, 4=57, 5=53, 6=55, 7=54, 8=51, 9=56, 20=53, 21=52}
Number of gene trees: 69
66 trees have missing taxa
Calculating quartet distance matrix (for completion of X)
Species tree distances calculated ...
Will attempt to complete bipartitions from X before adding using a distance matrix.
Building set of clusters (X) from gene trees 
------------------------------
gradient0: 941
Number of Clusters after addition by distance: 941
calculating extra bipartitions to be added at level 1 ...
Adding to X using resolutions of greedy consensus ...
Limit for sigma of degrees:675
polytomy size limit : 8
discarded polytomies:  [4, 4, 6, 8]
Threshold 0.0:
Threshold 0.01:
Threshold 0.02:
Threshold 0.05:
Threshold 0.1:
Threshold 0.2:
polytomy of size 4; rounds with additions with at least 5 support: 0; clusters: 941
Threshold 0.3333333333333333:
polytomy of size 6; rounds with additions with at least 5 support: 0; clusters: 941
polytomy of size 4; rounds with additions with at least 5 support: 0; clusters: 941
polytomy of size 8; rounds with additions with at least 5 support: 0; clusters: 941
max k is :0
Number of Clusters after addition by greedy: 941
gradient0 in heuristiic: 941
partitions formed in 0.349 secs
Dynamic Programming starting after 0.349 secs
Using tree-based weight calculation.
Using polytree-based weight calculation.
Polytree max score: 327494
Polytree building time: 0.014 seconds.
Number of quartet trees in the gene trees: 327494
Size of largest cluster: 25
Greedy score: 191421
estimationFactor: 1.710857220472153
Sub-optimal score: 203035
Total Number of elements weighted: 2092
Normalized score (portion of input quartet trees satisfied before correcting for multiple individuals): 0.6664671719176535
Optimization score: 218264
Optimal tree inferred in 0.585 secs.
(13,(4,((15,11),(19,((8,3),((23,(9,((24,5),(6,18)))),((25,(22,14)),(1,(10,(16,(21,(2,((20,17),(7,12))))))))))))));
Final quartet score is: 218264
Final normalized quartet score is: 0.6664671719176535
(8,(3,(((23,(9,((24,5)1:0.5533290139122095,(6,18)1:0.7699073437003745)0.83:0.17467358860965193)0.45:0.0308567412923149)1:0.5338006660207988,((25,(22,14)1:0.5040237108540674)1:0.5082283430032063,(1,(10,(16,(21,(2,((20,17)0.62:0.0883199604614357,(7,12)0.95:0.23752005247869276)0.94:0.2625593926744898)0.88:0.2081539930837644)0.28:0.017017980609620845)1:1.3087791727523064)0.85:0.2147800557909443)0.58:0.07883534587403086)0.88:0.17129824866433443)0.84:0.16082779055431773,(19,((15,11)1:0.43560416026823223,(4,13)1:1.0951404457398406)0.77:0.13681888745774415)0.94:0.22761611969746387)0.71:0.1208855440809835));
Weight calculation took 0.153640655 secs
ASTRAL finished in 2.211 secs
