
================== ASTRAL ===================== 

This is ASTRAL version 5.6.3
Gene trees are treated as unrooted
1192 trees read from g_trees-raxml-sqlen-100-ngen-500.trees.tree
All output trees will be *arbitrarily* rooted at 9

======== Running the main analysis
Number of taxa: 25 (25 species)
Taxa: [9, 24, 18, 6, 23, 10, 25, 14, 22, 20, 17, 12, 7, 16, 2, 21, 1, 3, 8, 13, 4, 15, 19, 11, 5]
Taxon occupancy: {22=966, 23=940, 24=976, 25=979, 10=992, 11=957, 12=951, 13=937, 14=968, 15=966, 16=952, 17=930, 18=937, 19=939, 1=846, 2=926, 3=897, 4=949, 5=957, 6=936, 7=949, 8=956, 9=958, 20=968, 21=944}
Number of gene trees: 1192
1099 trees have missing taxa
Calculating quartet distance matrix (for completion of X)
Species tree distances calculated ...
Will attempt to complete bipartitions from X before adding using a distance matrix.
Building set of clusters (X) from gene trees 
------------------------------
gradient0: 1327
Number of Clusters after addition by distance: 1327
calculating extra bipartitions to be added at level 1 ...
Adding to X using resolutions of greedy consensus ...
Limit for sigma of degrees:675
polytomy size limit : 3
discarded polytomies:  []
Threshold 0.0:
Threshold 0.01:
Threshold 0.02:
Threshold 0.05:
Threshold 0.1:
Threshold 0.2:
Threshold 0.3333333333333333:
max k is :0
Number of Clusters after addition by greedy: 1327
gradient0 in heuristiic: 1327
partitions formed in 0.591 secs
Dynamic Programming starting after 0.591 secs
Using tree-based weight calculation.
Using polytree-based weight calculation.
Polytree max score: 6737759
Polytree building time: 0.131 seconds.
Number of quartet trees in the gene trees: 6737759
Size of largest cluster: 25
Greedy score: 5515983
estimationFactor: 1.2214974194082904
Sub-optimal score: 5766350
Total Number of elements weighted: 3642
Normalized score (portion of input quartet trees satisfied before correcting for multiple individuals): 0.8739897048855562
Optimization score: 5888732
Optimal tree inferred in 3.09 secs.
(23,((9,((24,5),(18,6))),((8,(3,((15,11),(19,(13,4))))),(1,((10,(25,(14,22))),((16,(2,21)),((12,7),(20,17))))))));
Final quartet score is: 5888732
Final normalized quartet score is: 0.8739897048855562
(9,(((24,5)1:1.3893404226581252,(18,6)1:2.2681908765402197)1:0.6193917907167956,(((8,(3,((15,11)1:1.4247396969670263,(19,(13,4)1:2.179015644827907)0.86:0.05326151160514382)1:1.4231634133416238)1:0.08692268627411426)1:0.6219573430726094,(1,((10,(25,(14,22)1:2.5839851709424835)1:1.0301715754537526)1:1.012798716188488,((16,(2,21)1:0.25740403772990944)1:0.21340082708671537,((12,7)1:1.8970505114068337,(20,17)1:0.49532079556853864)1:1.4333813340993393)1:2.517983986430718)1:0.26566294992098655)1:0.7854339887530155)1:2.33867844068246,23)1:0.27420492495855087));
Weight calculation took 2.287998221 secs
ASTRAL finished in 3.432 secs
