
================== ASTRAL ===================== 

This is ASTRAL version 5.6.3
Gene trees are treated as unrooted
50 trees read from g_trees-raxml-sqlen-0-ngen-50-s2g.trees
All output trees will be *arbitrarily* rooted at 16

======== Running the main analysis
Number of taxa: 92 (25 species)
Taxa: {22=[22_6, 22_5, 22_4, 22_3, 22_2, 22_1], 23=[23_5, 23_4, 23_3, 23_2, 23_1, 23_6], 24=[24_4, 24_3, 24_2, 24_1, 24_6, 24_5], 25=[25_3, 25_2, 25_1, 25_6, 25_5, 25_4], 10=[10_3, 10_2, 10_1], 11=[11_3, 11_2, 11_1], 12=[12_4, 12_3, 12_2, 12_1], 13=[13_3, 13_2, 13_1], 14=[14_2, 14_1], 15=[15_2, 15_1, 15_3], 16=[16_1, 16_3, 16_2], 17=[17_3, 17_2, 17_1], 18=[18_4, 18_3, 18_2, 18_1], 19=[19_3, 19_2, 19_1], 1=[1_1, 1_2, 1_3], 2=[2_1, 2_2, 2_3], 3=[3_1, 3_2, 3_3], 4=[4_1, 4_2, 4_3, 4_4], 5=[5_1, 5_2, 5_3], 6=[6_1, 6_2, 6_3], 7=[7_1, 7_2], 8=[8_1, 8_2, 8_3], 9=[9_1, 9_2, 9_3, 9_4], 20=[20_3, 20_2, 20_1], 21=[21_6, 21_5, 21_4, 21_3, 21_2, 21_1]}
Taxon occupancy: {16_1=38, 14_2=7, 12_4=1, 14_1=41, 12_3=3, 12_2=7, 12_1=36, 10_3=4, 10_2=13, 10_1=36, 18_4=1, 18_3=4, 18_2=12, 18_1=38, 16_3=1, 16_2=12, 25_3=3, 23_5=1, 25_2=14, 23_4=1, 21_6=1, 25_1=37, 23_3=5, 21_5=1, 1_1=36, 23_2=13, 21_4=1, 23_1=39, 21_3=4, 1_2=8, 3_1=36, 21_2=12, 1_3=1, 21_1=37, 3_2=13, 5_1=40, 3_3=1, 5_2=9, 7_1=36, 5_3=3, 7_2=6, 9_1=39, 9_2=10, 9_3=2, 25_6=1, 9_4=1, 25_5=1, 25_4=2, 23_6=1, 15_2=12, 15_1=35, 13_3=2, 13_2=12, 13_1=35, 11_3=3, 11_2=9, 11_1=40, 19_3=2, 19_2=11, 19_1=37, 17_3=2, 17_2=12, 17_1=36, 15_3=6, 24_4=2, 22_6=1, 24_3=5, 22_5=1, 24_2=12, 22_4=1, 24_1=37, 22_3=5, 2_1=36, 22_2=11, 22_1=35, 2_2=11, 20_3=3, 4_1=33, 20_2=12, 2_3=5, 20_1=34, 4_2=12, 6_1=35, 4_3=5, 6_2=9, 4_4=2, 8_1=41, 6_3=1, 8_2=8, 8_3=1, 24_6=1, 24_5=1}
Number of gene trees: 50
50 trees have missing taxa
Calculating quartet distance matrix (for completion of X)
Species tree distances calculated ...
Will attempt to complete bipartitions from X before adding using a distance matrix.
Building set of clusters (X) from gene trees 
In second round sampling 3 rounds will be done
------------------------------
gradient0: 149
------------------------------
gradient1: 30
------------------------------
gradient2: 26
Number of Clusters after addition by distance: 205
calculating extra bipartitions to be added at level 1 ...
Adding to X using resolutions of greedy consensus ...
Limit for sigma of degrees:675
polytomy size limit : 3
discarded polytomies:  []
Threshold 0.0:
Threshold 0.01:
Threshold 0.02:
Threshold 0.05:
Threshold 0.1:
Threshold 0.2:
Threshold 0.3333333333333333:
max k is :0
Number of Clusters after addition by greedy: 205
gradient0 in heuristiic: 205
calculating extra bipartitions to be added at level 1 ...
Adding to X using resolutions of greedy consensus ...
Limit for sigma of degrees:675
polytomy size limit : 3
discarded polytomies:  []
Threshold 0.0:
Threshold 0.01:
Threshold 0.02:
Threshold 0.05:
Threshold 0.1:
Threshold 0.2:
Threshold 0.3333333333333333:
max k is :0
Number of Clusters after addition by greedy: 205
gradient1 in heuristiic: 0
calculating extra bipartitions to be added at level 1 ...
Adding to X using resolutions of greedy consensus ...
Limit for sigma of degrees:675
polytomy size limit : 3
discarded polytomies:  []
Threshold 0.0:
Threshold 0.01:
Threshold 0.02:
Threshold 0.05:
Threshold 0.1:
Threshold 0.2:
Threshold 0.3333333333333333:
max k is :0
Number of Clusters after addition by greedy: 205
gradient2 in heuristiic: 0
partitions formed in 4.001 secs
Dynamic Programming starting after 4.002 secs
Using tree-based weight calculation.
Using polytree-based weight calculation.
Polytree max score: 2306272
Polytree building time: 0.018 seconds.
Number of quartet trees in the gene trees: 2297347
Size of largest cluster: 92
Greedy score: 1545754
estimationFactor: 1.4920045492361655
Sub-optimal score: 1584768
Total Number of elements weighted: 286
Normalized score (portion of input quartet trees satisfied before correcting for multiple individuals): 0.689825263662825
Optimization score: 1584768
Optimal tree inferred in 4.095 secs.
(7,(12,(((19,(16,10)),(18,(17,2))),(((13,(1,6)),(3,(20,(15,4)))),(((14,8),(9,(5,11))),((25,22),(21,(23,24))))))));
Final quartet score is: 1676271
Final normalized quartet score is: 0.7296551195792363
You may want to ignore posterior probabilities and other statistics related to the following branch branch because the effective number of genes impacting it is only 8:
	{16}
You may want to ignore posterior probabilities and other statistics related to the following branch branch because the effective number of genes impacting it is only 10:
	{10}
You may want to ignore posterior probabilities and other statistics related to the following branch branch because the effective number of genes impacting it is only 8:
	{19}
You may want to ignore posterior probabilities and other statistics related to the following branch branch because the effective number of genes impacting it is only 7:
	{18}
You may want to ignore posterior probabilities and other statistics related to the following branch branch because the effective number of genes impacting it is only 8:
	{17}
You may want to ignore posterior probabilities and other statistics related to the following branch branch because the effective number of genes impacting it is only 9:
	{2}
You may want to ignore posterior probabilities and other statistics related to the following branch branch because the effective number of genes impacting it is only 8:
	{13}
You may want to ignore posterior probabilities and other statistics related to the following branch branch because the effective number of genes impacting it is only 5:
	{1}
You may want to ignore posterior probabilities and other statistics related to the following branch branch because the effective number of genes impacting it is only 6:
	{6}
You may want to ignore posterior probabilities and other statistics related to the following branch branch because the effective number of genes impacting it is only 8:
	{3}
You may want to ignore posterior probabilities and other statistics related to the following branch branch because the effective number of genes impacting it is only 9:
	{20}
You may want to ignore posterior probabilities and other statistics related to the following branch branch because the effective number of genes impacting it is only 10:
	{15}
You may want to ignore posterior probabilities and other statistics related to the following branch branch because the effective number of genes impacting it is only 7:
	{4}
You may want to ignore posterior probabilities and other statistics related to the following branch branch because the effective number of genes impacting it is only 7:
	{14}
You may want to ignore posterior probabilities and other statistics related to the following branch branch because the effective number of genes impacting it is only 5:
	{8}
You may want to ignore posterior probabilities and other statistics related to the following branch branch because the effective number of genes impacting it is only 5:
	{9}
You may want to ignore posterior probabilities and other statistics related to the following branch branch because the effective number of genes impacting it is only 7:
	{5}
You may want to ignore posterior probabilities and other statistics related to the following branch branch because the effective number of genes impacting it is only 7:
	{11}
You may want to ignore posterior probabilities and other statistics related to the following branch branch because the effective number of genes impacting it is only 5:
	{25}
You may want to ignore posterior probabilities and other statistics related to the following branch branch because the effective number of genes impacting it is only 5:
	{22}
You may want to ignore posterior probabilities and other statistics related to the following branch branch because the effective number of genes impacting it is only 5:
	{21}
You may want to ignore posterior probabilities and other statistics related to the following branch branch because the effective number of genes impacting it is only 5:
	{23}
You may want to ignore posterior probabilities and other statistics related to the following branch branch because the effective number of genes impacting it is only 5:
	{24}
You may want to ignore posterior probabilities and other statistics related to the following branch branch because the effective number of genes impacting it is only 4:
	{12}
You may want to ignore posterior probabilities and other statistics related to the following branch branch because the effective number of genes impacting it is only 6:
	{7}
((16_1,16_3,16_2)0.23:0.0,((10_3,10_2,10_1)0.27:0.0,((19_3,19_2,19_1)0.38:0.0,(((18_4,18_3,18_2,18_1)0.32:0.0,((17_3,17_2,17_1)0.1:0.0,(2_1,2_2,2_3)0.11:0.0)1:1.422539431593177)1:1.474496152824913,(((((13_3,13_2,13_1)0.26:0.0,((1_1,1_2,1_3)0.09:0.0,(6_1,6_2,6_3)0.08:0.0)1:1.4931083654057002)1:1.338438339942256,((3_1,3_2,3_3)0.1:0.0,((20_3,20_2,20_1)0.15:0.0,((15_2,15_1,15_3)0.14:0.0,(4_1,4_2,4_3,4_4)0.12:0.0)1:1.166330462723061)1:1.3165174833207296)1:1.3104562847283858)1:1.6892439057024604,((((14_2,14_1)0.09:0.0,(8_1,8_2,8_3)0.09:0.0)1:2.0794415416798353,((9_1,9_2,9_3,9_4)0.16:0.0,((5_1,5_2,5_3)0.09:0.0,(11_3,11_2,11_1)0.09:0.0)1:1.5007933215750833)1:1.8971199848858815)1:2.2335922215070947,(((25_3,25_2,25_1,25_6,25_5,25_4)0.19:0.0,(22_6,22_5,22_4,22_3,22_2,22_1)0.16:0.0)1:1.184158463930412,((21_6,21_5,21_4,21_3,21_2,21_1)0.12:0.0,((23_5,23_4,23_3,23_2,23_1,23_6)0.13:0.0,(24_4,24_3,24_2,24_1,24_6,24_5)0.14:0.0)1:1.181842942817834)1:1.1595593831081734)1:2.8134107167600355)1:2.256907679292702)1:1.9550268317292376,((12_4,12_3,12_2,12_1)0.18:0.0,(7_1,7_2)0.1:0.0)1:1.8473293203828651)1:1.448621686539964)1:1.4964999914427812)1:1.2963739095669122));
Weight calculation took 0.09579057 secs
ASTRAL finished in 4.258 secs
