
================== ASTRAL ===================== 

This is ASTRAL version 5.6.3
Gene trees are treated as unrooted
500 trees read from g_trees-raxml-sqlen-50-ngen-500-s2g.trees
All output trees will be *arbitrarily* rooted at 14

======== Running the main analysis
Number of taxa: 122 (25 species)
Taxa: {22=[22_6, 22_5, 22_4, 22_3, 22_2, 22_1], 23=[23_5, 23_4, 23_3, 23_2, 23_1, 23_6], 24=[24_4, 24_3, 24_2, 24_1, 24_6, 24_5], 25=[25_3, 25_2, 25_1, 25_6, 25_5, 25_4], 10=[10_5, 10_4, 10_3, 10_2, 10_1], 11=[11_5, 11_4, 11_3, 11_2, 11_1], 12=[12_4, 12_3, 12_2, 12_1], 13=[13_4, 13_3, 13_2, 13_1], 14=[14_3, 14_2, 14_1, 14_5, 14_4], 15=[15_2, 15_1, 15_5, 15_4, 15_3], 16=[16_1, 16_4, 16_3, 16_2], 17=[17_4, 17_3, 17_2, 17_1], 18=[18_5, 18_4, 18_3, 18_2, 18_1], 19=[19_4, 19_3, 19_2, 19_1], 1=[1_1, 1_2, 1_3, 1_4], 2=[2_1, 2_2, 2_3, 2_4], 3=[3_1, 3_2, 3_3, 3_4, 3_5, 3_6], 4=[4_1, 4_2, 4_3, 4_4, 4_5], 5=[5_1, 5_2, 5_3, 5_4, 5_5], 6=[6_1, 6_2, 6_3, 6_4], 7=[7_1, 7_2, 7_3, 7_4], 8=[8_1, 8_2, 8_3, 8_4, 8_5], 9=[9_1, 9_2, 9_3, 9_4, 9_5], 20=[20_5, 20_4, 20_3, 20_2, 20_1], 21=[21_6, 21_5, 21_4, 21_3, 21_2, 21_1]}
Taxon occupancy: {14_3=27, 14_2=98, 14_1=409, 10_5=1, 10_4=6, 10_3=24, 10_2=92, 10_1=390, 18_5=1, 18_4=3, 18_3=23, 18_2=87, 18_1=392, 14_5=2, 14_4=7, 25_3=23, 25_2=97, 21_6=1, 25_1=370, 21_5=2, 21_4=6, 21_3=24, 3_1=390, 21_2=99, 21_1=378, 3_2=102, 3_3=17, 3_4=9, 7_1=388, 3_5=3, 7_2=89, 3_6=1, 7_3=14, 7_4=1, 25_6=1, 25_5=3, 25_4=7, 13_4=4, 13_3=26, 13_2=93, 13_1=396, 17_4=3, 17_3=16, 17_2=99, 17_1=385, 24_4=7, 24_3=23, 24_2=96, 24_1=377, 20_5=2, 2_1=388, 20_4=4, 2_2=93, 20_3=25, 20_2=116, 2_3=20, 20_1=394, 2_4=4, 6_1=401, 6_2=101, 6_3=21, 6_4=7, 24_6=1, 24_5=2, 16_1=389, 12_4=2, 12_3=16, 12_2=89, 12_1=386, 16_4=4, 16_3=19, 16_2=87, 23_5=3, 23_4=6, 23_3=24, 1_1=402, 23_2=100, 23_1=377, 1_2=94, 1_3=22, 1_4=7, 5_1=396, 5_2=92, 5_3=22, 5_4=5, 9_1=396, 5_5=2, 9_2=91, 9_3=23, 9_4=8, 23_6=1, 9_5=2, 15_2=107, 15_1=395, 11_5=1, 11_4=6, 11_3=22, 11_2=95, 11_1=396, 19_4=5, 19_3=16, 19_2=89, 19_1=395, 15_5=1, 15_4=7, 15_3=29, 22_6=1, 22_5=2, 22_4=8, 22_3=22, 22_2=92, 22_1=369, 4_1=395, 4_2=109, 4_3=26, 4_4=7, 8_1=405, 4_5=2, 8_2=92, 8_3=30, 8_4=7, 8_5=1}
Number of gene trees: 500
500 trees have missing taxa
Calculating quartet distance matrix (for completion of X)
Species tree distances calculated ...
Will attempt to complete bipartitions from X before adding using a distance matrix.
Building set of clusters (X) from gene trees 
In second round sampling 4 rounds will be done
------------------------------
gradient0: 839
------------------------------
gradient1: 340
------------------------------
gradient2: 318
------------------------------
gradient3: 232
Number of Clusters after addition by distance: 1729
calculating extra bipartitions to be added at level 1 ...
Adding to X using resolutions of greedy consensus ...
Limit for sigma of degrees:675
polytomy size limit : 3
discarded polytomies:  [3]
Threshold 0.0:
Threshold 0.01:
Threshold 0.02:
Threshold 0.05:
Threshold 0.1:
Threshold 0.2:
Threshold 0.3333333333333333:
polytomy of size 3; rounds with additions with at least 5 support: 0; clusters: 1729
max k is :0
Number of Clusters after addition by greedy: 1729
gradient0 in heuristiic: 1729
calculating extra bipartitions to be added at level 1 ...
Adding to X using resolutions of greedy consensus ...
Limit for sigma of degrees:675
polytomy size limit : 4
discarded polytomies:  [3, 4]
Threshold 0.0:
Threshold 0.01:
Threshold 0.02:
Threshold 0.05:
Threshold 0.1:
Threshold 0.2:
polytomy of size 3; rounds with additions with at least 5 support: 0; clusters: 1729
Threshold 0.3333333333333333:
polytomy of size 4; rounds with additions with at least 5 support: 0; clusters: 1729
max k is :0
Number of Clusters after addition by greedy: 1729
gradient1 in heuristiic: 0
calculating extra bipartitions to be added at level 1 ...
Adding to X using resolutions of greedy consensus ...
Limit for sigma of degrees:675
polytomy size limit : 3
discarded polytomies:  [3]
Threshold 0.0:
Threshold 0.01:
Threshold 0.02:
Threshold 0.05:
Threshold 0.1:
Threshold 0.2:
Threshold 0.3333333333333333:
polytomy of size 3; rounds with additions with at least 5 support: 0; clusters: 1729
max k is :0
Number of Clusters after addition by greedy: 1729
gradient2 in heuristiic: 0
calculating extra bipartitions to be added at level 1 ...
Adding to X using resolutions of greedy consensus ...
Limit for sigma of degrees:675
polytomy size limit : 3
discarded polytomies:  [3]
Threshold 0.0:
Threshold 0.01:
Threshold 0.02:
Threshold 0.05:
Threshold 0.1:
Threshold 0.2:
Threshold 0.3333333333333333:
polytomy of size 3; rounds with additions with at least 5 support: 0; clusters: 1729
max k is :0
Number of Clusters after addition by greedy: 1729
gradient3 in heuristiic: 0
partitions formed in 58.08 secs
Dynamic Programming starting after 58.081 secs
Using tree-based weight calculation.
Using polytree-based weight calculation.
Polytree max score: 21433462
Polytree building time: 0.074 seconds.
Number of quartet trees in the gene trees: 21376203
Size of largest cluster: 122
Greedy score: 10470035
estimationFactor: 2.047124100009021
Sub-optimal score: 10873846
Total Number of elements weighted: 7458
Normalized score (portion of input quartet trees satisfied before correcting for multiple individuals): 0.5398278403325417
Optimization score: 11539469
Optimal tree inferred in 61.461 secs.
(19,((10,16),((18,(17,2)),((7,12),(((13,(6,1)),(3,(20,(15,4)))),(((14,8),(9,(5,11))),((25,22),(21,(24,23)))))))));
Final quartet score is: 12196079
Final normalized quartet score is: 0.5705446846664022
((14_3,14_2,14_1,14_5,14_4)0.03:0.0,((8_1,8_2,8_3,8_4,8_5)0.04:0.0,(((9_1,9_2,9_3,9_4,9_5)0.06:0.0,((5_1,5_2,5_3,5_4,5_5)0.02:0.0,(11_5,11_4,11_3,11_2,11_1)0.02:0.0)1:1.0617173726126359)1:0.9621156055123883,((((25_3,25_2,25_1,25_6,25_5,25_4)0.04:0.0,(22_6,22_5,22_4,22_3,22_2,22_1)0.05:0.0)1:0.7733563374958192,((21_6,21_5,21_4,21_3,21_2,21_1)0.03:0.0,((24_4,24_3,24_2,24_1,24_6,24_5)0.03:0.0,(23_5,23_4,23_3,23_2,23_1,23_6)0.03:0.0)1:0.3249271876471284)1:0.665602840327713)1:3.021324019536774,((((13_4,13_3,13_2,13_1)0.34:0.0,((6_1,6_2,6_3,6_4)0.01:0.0,(1_1,1_2,1_3,1_4)0.01:0.0)1:1.301422400920249)1:0.6102741956588047,((3_1,3_2,3_3,3_4,3_5,3_6)0.17:0.0,((20_5,20_4,20_3,20_2,20_1)0.05:0.0,((15_2,15_1,15_5,15_4,15_3)0.02:0.0,(4_1,4_2,4_3,4_4,4_5)0.03:0.0)1:0.2831293942633833)1:0.6541560920414734)1:0.49024998296157546)1:0.34639000889949134,(((7_1,7_2,7_3,7_4)0.03:0.0,(12_4,12_3,12_2,12_1)0.02:0.0)1:1.2449129381586532,(((18_5,18_4,18_3,18_2,18_1)0.19:0.0,((17_4,17_3,17_2,17_1)0.02:0.0,(2_1,2_2,2_3,2_4)0.01:0.0)1:0.8852554221191755)1:0.24044115726327334,(((10_5,10_4,10_3,10_2,10_1)0.18:0.0,(16_1,16_4,16_3,16_2)0.09:0.0)1:0.17124282133219332,(19_4,19_3,19_2,19_1)0.23:0.0)1:0.12313700425899345)0.96:0.08439773201839415)1:0.6748846437850355)1:0.32220121834576215)1:0.6152580467303738)1:1.2657075525429808));
Weight calculation took 3.404019777 secs
ASTRAL finished in 61.989 secs
