
================== ASTRAL ===================== 

This is ASTRAL version 5.6.3
Gene trees are treated as unrooted
50 trees read from g_trees-raxml-sqlen-100-ngen-50-s2g.trees
All output trees will be *arbitrarily* rooted at 16

======== Running the main analysis
Number of taxa: 92 (25 species)
Taxa: {22=[22_6, 22_5, 22_4, 22_3, 22_2, 22_1], 23=[23_5, 23_4, 23_3, 23_2, 23_1, 23_6], 24=[24_4, 24_3, 24_2, 24_1, 24_6, 24_5], 25=[25_3, 25_2, 25_1, 25_6, 25_5, 25_4], 10=[10_3, 10_2, 10_1], 11=[11_3, 11_2, 11_1], 12=[12_4, 12_3, 12_2, 12_1], 13=[13_3, 13_2, 13_1], 14=[14_2, 14_1], 15=[15_2, 15_1, 15_3], 16=[16_1, 16_3, 16_2], 17=[17_3, 17_2, 17_1], 18=[18_4, 18_3, 18_2, 18_1], 19=[19_3, 19_2, 19_1], 1=[1_1, 1_2, 1_3], 2=[2_1, 2_2, 2_3], 3=[3_1, 3_2, 3_3], 4=[4_1, 4_2, 4_3, 4_4], 5=[5_1, 5_2, 5_3], 6=[6_1, 6_2, 6_3], 7=[7_1, 7_2], 8=[8_1, 8_2, 8_3], 9=[9_1, 9_2, 9_3, 9_4], 20=[20_3, 20_2, 20_1], 21=[21_6, 21_5, 21_4, 21_3, 21_2, 21_1]}
Taxon occupancy: {16_1=38, 14_2=7, 12_4=1, 14_1=41, 12_3=3, 12_2=7, 12_1=36, 10_3=4, 10_2=13, 10_1=36, 18_4=1, 18_3=4, 18_2=12, 18_1=38, 16_3=1, 16_2=12, 25_3=3, 23_5=1, 25_2=14, 23_4=1, 21_6=1, 25_1=37, 23_3=5, 21_5=1, 1_1=36, 23_2=13, 21_4=1, 23_1=39, 21_3=4, 1_2=8, 3_1=36, 21_2=12, 1_3=1, 21_1=37, 3_2=13, 5_1=40, 3_3=1, 5_2=9, 7_1=36, 5_3=3, 7_2=6, 9_1=39, 9_2=10, 9_3=2, 25_6=1, 9_4=1, 25_5=1, 25_4=2, 23_6=1, 15_2=12, 15_1=35, 13_3=2, 13_2=12, 13_1=35, 11_3=3, 11_2=9, 11_1=40, 19_3=2, 19_2=11, 19_1=37, 17_3=2, 17_2=12, 17_1=36, 15_3=6, 24_4=2, 22_6=1, 24_3=5, 22_5=1, 24_2=12, 22_4=1, 24_1=37, 22_3=5, 2_1=36, 22_2=11, 22_1=35, 2_2=11, 20_3=3, 4_1=33, 20_2=12, 2_3=5, 20_1=34, 4_2=12, 6_1=35, 4_3=5, 6_2=9, 4_4=2, 8_1=41, 6_3=1, 8_2=8, 8_3=1, 24_6=1, 24_5=1}
Number of gene trees: 50
50 trees have missing taxa
Calculating quartet distance matrix (for completion of X)
Species tree distances calculated ...
Will attempt to complete bipartitions from X before adding using a distance matrix.
Building set of clusters (X) from gene trees 
In second round sampling 3 rounds will be done
------------------------------
gradient0: 333
------------------------------
gradient1: 72
------------------------------
gradient2: 72
Number of Clusters after addition by distance: 477
calculating extra bipartitions to be added at level 1 ...
Adding to X using resolutions of greedy consensus ...
Limit for sigma of degrees:675
polytomy size limit : 3
discarded polytomies:  []
Threshold 0.0:
Threshold 0.01:
Threshold 0.02:
Threshold 0.05:
Threshold 0.1:
Threshold 0.2:
Threshold 0.3333333333333333:
max k is :0
Number of Clusters after addition by greedy: 477
gradient0 in heuristiic: 477
calculating extra bipartitions to be added at level 1 ...
Adding to X using resolutions of greedy consensus ...
Limit for sigma of degrees:675
polytomy size limit : 3
discarded polytomies:  [3]
Threshold 0.0:
Threshold 0.01:
Threshold 0.02:
Threshold 0.05:
Threshold 0.1:
Threshold 0.2:
Threshold 0.3333333333333333:
polytomy of size 3; rounds with additions with at least 5 support: 0; clusters: 477
max k is :0
Number of Clusters after addition by greedy: 477
gradient1 in heuristiic: 0
calculating extra bipartitions to be added at level 1 ...
Adding to X using resolutions of greedy consensus ...
Limit for sigma of degrees:675
polytomy size limit : 4
discarded polytomies:  [3, 4]
Threshold 0.0:
Threshold 0.01:
Threshold 0.02:
Threshold 0.05:
Threshold 0.1:
Threshold 0.2:
Threshold 0.3333333333333333:
polytomy of size 3; rounds with additions with at least 5 support: 0; clusters: 477
polytomy of size 4; rounds with additions with at least 5 support: 0; clusters: 477
max k is :0
Number of Clusters after addition by greedy: 477
gradient2 in heuristiic: 0
partitions formed in 3.841 secs
Dynamic Programming starting after 3.841 secs
Using tree-based weight calculation.
Using polytree-based weight calculation.
Polytree max score: 2306272
Polytree building time: 0.02 seconds.
Number of quartet trees in the gene trees: 2297347
Size of largest cluster: 92
Greedy score: 1277592
estimationFactor: 1.8051702714284876
Sub-optimal score: 1419700
Total Number of elements weighted: 1081
Normalized score (portion of input quartet trees satisfied before correcting for multiple individuals): 0.6212180832934685
Optimization score: 1427153
Optimal tree inferred in 4.024 secs.
(14,(8,((9,(5,11)),(((25,22),(21,(23,24))),(((13,(1,6)),(3,(20,(15,4)))),((12,7),((19,(16,10)),(18,(17,2)))))))));
Final quartet score is: 1518551
Final normalized quartet score is: 0.6610020166740157
You may want to ignore posterior probabilities and other statistics related to the following branch branch because the effective number of genes impacting it is only 8:
	{16}
You may want to ignore posterior probabilities and other statistics related to the following branch branch because the effective number of genes impacting it is only 10:
	{10}
You may want to ignore posterior probabilities and other statistics related to the following branch branch because the effective number of genes impacting it is only 8:
	{19}
You may want to ignore posterior probabilities and other statistics related to the following branch branch because the effective number of genes impacting it is only 7:
	{18}
You may want to ignore posterior probabilities and other statistics related to the following branch branch because the effective number of genes impacting it is only 8:
	{17}
You may want to ignore posterior probabilities and other statistics related to the following branch branch because the effective number of genes impacting it is only 9:
	{2}
You may want to ignore posterior probabilities and other statistics related to the following branch branch because the effective number of genes impacting it is only 4:
	{12}
You may want to ignore posterior probabilities and other statistics related to the following branch branch because the effective number of genes impacting it is only 6:
	{7}
You may want to ignore posterior probabilities and other statistics related to the following branch branch because the effective number of genes impacting it is only 8:
	{13}
You may want to ignore posterior probabilities and other statistics related to the following branch branch because the effective number of genes impacting it is only 5:
	{1}
You may want to ignore posterior probabilities and other statistics related to the following branch branch because the effective number of genes impacting it is only 6:
	{6}
You may want to ignore posterior probabilities and other statistics related to the following branch branch because the effective number of genes impacting it is only 8:
	{3}
You may want to ignore posterior probabilities and other statistics related to the following branch branch because the effective number of genes impacting it is only 9:
	{20}
You may want to ignore posterior probabilities and other statistics related to the following branch branch because the effective number of genes impacting it is only 10:
	{15}
You may want to ignore posterior probabilities and other statistics related to the following branch branch because the effective number of genes impacting it is only 7:
	{4}
You may want to ignore posterior probabilities and other statistics related to the following branch branch because the effective number of genes impacting it is only 5:
	{25}
You may want to ignore posterior probabilities and other statistics related to the following branch branch because the effective number of genes impacting it is only 5:
	{22}
You may want to ignore posterior probabilities and other statistics related to the following branch branch because the effective number of genes impacting it is only 5:
	{21}
You may want to ignore posterior probabilities and other statistics related to the following branch branch because the effective number of genes impacting it is only 5:
	{23}
You may want to ignore posterior probabilities and other statistics related to the following branch branch because the effective number of genes impacting it is only 5:
	{24}
You may want to ignore posterior probabilities and other statistics related to the following branch branch because the effective number of genes impacting it is only 5:
	{9}
You may want to ignore posterior probabilities and other statistics related to the following branch branch because the effective number of genes impacting it is only 7:
	{5}
You may want to ignore posterior probabilities and other statistics related to the following branch branch because the effective number of genes impacting it is only 7:
	{11}
You may want to ignore posterior probabilities and other statistics related to the following branch branch because the effective number of genes impacting it is only 5:
	{8}
You may want to ignore posterior probabilities and other statistics related to the following branch branch because the effective number of genes impacting it is only 7:
	{14}
((16_1,16_3,16_2)0.3:0.0,((10_3,10_2,10_1)0.42:0.015632414098613007,((19_3,19_2,19_1)0.52:0.08625303944514891,(((18_4,18_3,18_2,18_1)0.26:0.0,((17_3,17_2,17_1)0.11:0.0,(2_1,2_2,2_3)0.11:0.0)1:0.9032147717988006)0.9:0.22169961885402423,(((12_4,12_3,12_2,12_1)0.18:0.0,(7_1,7_2)0.12:0.0)1:1.3431752526874134,((((13_3,13_2,13_1)0.2:0.0,((1_1,1_2,1_3)0.09:0.0,(6_1,6_2,6_3)0.08:0.0)1:1.1807824620411593)1:0.8072930427723752,((3_1,3_2,3_3)0.09:0.0,((20_3,20_2,20_1)0.16:0.0,((15_2,15_1,15_3)0.1:0.0,(4_1,4_2,4_3,4_4)0.13:0.0)0.98:0.3736388545106997)1:0.8937867529458894)1:0.560596959236307)1:0.5413581216789427,((((25_3,25_2,25_1,25_6,25_5,25_4)0.16:0.0,(22_6,22_5,22_4,22_3,22_2,22_1)0.18:0.0)0.99:0.4529456463411589,((21_6,21_5,21_4,21_3,21_2,21_1)0.13:0.0,((23_5,23_4,23_3,23_2,23_1,23_6)0.14:0.0,(24_4,24_3,24_2,24_1,24_6,24_5)0.16:0.0)0.87:0.20763039782075313)1:0.6178409470164019)1:2.8134107167600355,(((9_1,9_2,9_3,9_4)0.21:0.0,((5_1,5_2,5_3)0.11:0.0,(11_3,11_2,11_1)0.09:0.0)1:0.7701865142345385)1:1.287562052018885,((8_1,8_2,8_3)0.09:0.0,(14_2,14_1)0.17:0.0)1:1.1169614273363064)1:0.7571567410927469)1:0.6793341827544253)1:0.8559030490750792)0.65:0.1033630901491761)0.77:0.21079730924450382)0.94:0.2756108729940297));
Weight calculation took 0.177009433 secs
ASTRAL finished in 4.208 secs
