
================== ASTRAL ===================== 

This is ASTRAL version 5.6.3
Gene trees are treated as unrooted
338 trees read from g_trees-raxml-sqlen-100-ngen-100.trees.tree
All output trees will be *arbitrarily* rooted at 24

======== Running the main analysis
Number of taxa: 25 (25 species)
Taxa: [24, 23, 25, 22, 21, 3, 4, 20, 15, 1, 6, 13, 14, 8, 5, 11, 9, 18, 17, 2, 7, 12, 10, 16, 19]
Taxon occupancy: {22=256, 23=258, 24=254, 25=253, 10=298, 11=211, 12=309, 13=273, 14=235, 15=288, 16=320, 17=265, 18=319, 19=293, 1=244, 2=310, 3=246, 4=292, 5=211, 6=246, 7=300, 8=248, 9=232, 20=284, 21=257}
Number of gene trees: 338
324 trees have missing taxa
Calculating quartet distance matrix (for completion of X)
Species tree distances calculated ...
Will attempt to complete bipartitions from X before adding using a distance matrix.
Building set of clusters (X) from gene trees 
------------------------------
gradient0: 521
Number of Clusters after addition by distance: 521
calculating extra bipartitions to be added at level 1 ...
Adding to X using resolutions of greedy consensus ...
Limit for sigma of degrees:675
polytomy size limit : 5
discarded polytomies:  [5]
Threshold 0.0:
Threshold 0.01:
Threshold 0.02:
Threshold 0.05:
Threshold 0.1:
Threshold 0.2:
Threshold 0.3333333333333333:
polytomy of size 5; rounds with additions with at least 5 support: 0; clusters: 521
max k is :0
Number of Clusters after addition by greedy: 521
gradient0 in heuristiic: 521
partitions formed in 0.349 secs
Dynamic Programming starting after 0.349 secs
Using tree-based weight calculation.
Using polytree-based weight calculation.
Polytree max score: 1839519
Polytree building time: 0.052 seconds.
Number of quartet trees in the gene trees: 1839519
Size of largest cluster: 25
Greedy score: 1262092
estimationFactor: 1.4575157753951375
Sub-optimal score: 1391455
Total Number of elements weighted: 1125
Normalized score (portion of input quartet trees satisfied before correcting for multiple individuals): 0.813390348237773
Optimization score: 1496247
Optimal tree inferred in 0.745 secs.
(21,((24,23),((25,22),(((14,8),(9,(5,11))),(((13,(1,6)),(3,(20,(4,15)))),((7,12),((10,(16,19)),(18,(17,2)))))))));
Final quartet score is: 1496247
Final normalized quartet score is: 0.813390348237773
(24,(23,(((25,22)1:1.0651363594717203,(((14,8)1:2.2536487844944384,(9,(5,11)1:1.4362373822219918)1:1.7298698899779898)1:0.9527444746809692,(((13,(1,6)1:2.904465270606292)1:0.6124712790125737,(3,(20,(4,15)1:1.0698724633633725)1:1.097733961650871)1:1.5340376889178267)1:1.113661721384403,((7,12)1:3.19114735386553,((10,(16,19)0.88:0.1490869909734813)1:0.2873012564907807,(18,(17,2)1:2.135826800041977)1:0.370040861570115)1:0.2016486788299675)1:0.5852722604757092)1:0.7187401136192779)1:4.969813299575996)1:1.493062336545597,21)1:0.4564110269147098));
Weight calculation took 0.28567046 secs
ASTRAL finished in 1.153 secs
