
================== ASTRAL ===================== 

This is ASTRAL version 5.6.3
Gene trees are treated as unrooted
1524 trees read from g_trees-raxml-sqlen-100-ngen-500.trees.tree
All output trees will be *arbitrarily* rooted at 24

======== Running the main analysis
Number of taxa: 25 (25 species)
Taxa: [24, 23, 25, 22, 21, 3, 4, 20, 15, 1, 6, 13, 14, 8, 5, 11, 9, 18, 17, 2, 7, 12, 10, 16, 19]
Taxon occupancy: {22=1041, 23=1056, 24=1036, 25=1025, 10=1271, 11=1099, 12=1341, 13=1292, 14=1106, 15=1256, 16=1295, 17=1255, 18=1252, 19=1304, 1=1257, 2=1286, 3=1233, 4=1265, 5=1092, 6=1260, 7=1323, 8=1106, 9=1119, 20=1233, 21=1078}
Number of gene trees: 1524
1440 trees have missing taxa
Calculating quartet distance matrix (for completion of X)
Species tree distances calculated ...
Will attempt to complete bipartitions from X before adding using a distance matrix.
Building set of clusters (X) from gene trees 
------------------------------
gradient0: 1011
Number of Clusters after addition by distance: 1011
calculating extra bipartitions to be added at level 1 ...
Adding to X using resolutions of greedy consensus ...
Limit for sigma of degrees:675
polytomy size limit : 3
discarded polytomies:  []
Threshold 0.0:
Threshold 0.01:
Threshold 0.02:
Threshold 0.05:
Threshold 0.1:
Threshold 0.2:
Threshold 0.3333333333333333:
max k is :0
Number of Clusters after addition by greedy: 1011
gradient0 in heuristiic: 1011
partitions formed in 0.681 secs
Dynamic Programming starting after 0.681 secs
Using tree-based weight calculation.
Using polytree-based weight calculation.
Polytree max score: 8021081
Polytree building time: 0.153 seconds.
Number of quartet trees in the gene trees: 8021081
Size of largest cluster: 25
Greedy score: 5628634
estimationFactor: 1.4250493103655346
Sub-optimal score: 6318314
Total Number of elements weighted: 3374
Normalized score (portion of input quartet trees satisfied before correcting for multiple individuals): 0.8446344077562613
Optimization score: 6774881
Optimal tree inferred in 3.141 secs.
(21,((24,23),((25,22),(((14,8),(9,(5,11))),(((13,(1,6)),(3,(20,(4,15)))),((7,12),((19,(10,16)),(18,(17,2)))))))));
Final quartet score is: 6774881
Final normalized quartet score is: 0.8446344077562613
(24,(23,(((25,22)1:1.3169214782280239,(((14,8)1:2.352873042497308,(9,(5,11)1:1.4973010049110786)1:2.082760109533207)1:1.2822252618476244,(((13,(1,6)1:2.9417469253451736)1:1.1497188727394734,(3,(20,(4,15)1:0.8414390296355507)1:1.1616706263711094)1:1.039527840549192)1:0.8353760452548664,((7,12)1:2.127649113250545,((19,(10,16)1:0.4783352453084205)1:0.34787875069416935,(18,(17,2)1:1.8760543407679837)1:0.4624775721172501)1:0.22280238883672507)1:1.1022868820960727)1:0.627442439037822)1:5.081308803801337)1:1.2013158180845487,21)1:0.35720474227526433));
Weight calculation took 2.209325463 secs
ASTRAL finished in 4.903 secs
