
================== ASTRAL ===================== 

This is ASTRAL version 5.6.3
Gene trees are treated as unrooted
290 trees read from g_trees-raxml-sqlen-250-ngen-100.trees.tree
All output trees will be *arbitrarily* rooted at 9

======== Running the main analysis
Number of taxa: 25 (25 species)
Taxa: [9, 11, 5, 8, 14, 6, 1, 13, 3, 20, 15, 4, 25, 24, 23, 21, 22, 7, 12, 18, 17, 2, 16, 10, 19]
Taxon occupancy: {22=222, 23=237, 24=235, 25=225, 10=260, 11=226, 12=232, 13=249, 14=220, 15=248, 16=266, 17=240, 18=264, 19=245, 1=253, 2=264, 3=248, 4=253, 5=226, 6=255, 7=224, 8=240, 9=236, 20=249, 21=234}
Number of gene trees: 290
255 trees have missing taxa
Calculating quartet distance matrix (for completion of X)
Species tree distances calculated ...
Will attempt to complete bipartitions from X before adding using a distance matrix.
Building set of clusters (X) from gene trees 
------------------------------
gradient0: 315
Number of Clusters after addition by distance: 315
calculating extra bipartitions to be added at level 1 ...
Adding to X using resolutions of greedy consensus ...
Limit for sigma of degrees:675
polytomy size limit : 3
discarded polytomies:  []
Threshold 0.0:
Threshold 0.01:
Threshold 0.02:
Threshold 0.05:
Threshold 0.1:
Threshold 0.2:
Threshold 0.3333333333333333:
max k is :0
Number of Clusters after addition by greedy: 315
gradient0 in heuristiic: 315
partitions formed in 0.232 secs
Dynamic Programming starting after 0.232 secs
Using tree-based weight calculation.
Using polytree-based weight calculation.
Polytree max score: 1951395
Polytree building time: 0.039 seconds.
Number of quartet trees in the gene trees: 1951395
Size of largest cluster: 25
Greedy score: 1844537
estimationFactor: 1.0579321531636394
Sub-optimal score: 1849147
Total Number of elements weighted: 348
Normalized score (portion of input quartet trees satisfied before correcting for multiple individuals): 0.9476026124900392
Optimization score: 1849147
Optimal tree inferred in 0.411 secs.
(14,(8,((9,(11,5)),(((25,22),(21,(24,23))),(((13,(6,1)),(3,(20,(15,4)))),((7,12),((19,(16,10)),(18,(17,2)))))))));
Final quartet score is: 1849147
Final normalized quartet score is: 0.9476026124900392
(9,((11,5)1:2.671847152438249,((((25,22)1:1.5804503755608483,(21,(24,23)1:0.5864264722774002)1:1.7509374747078001)1:4.877738620629821,(((13,(6,1)1:5.032614200815037)1:3.277851752648555,(3,(20,(15,4)1:2.0279894667266936)1:3.1964029690161437)1:2.9731579515154514)1:1.9409774580202772,((7,12)1:2.5486732681469917,((19,(16,10)1:0.6426862324143003)1:0.5192101904261713,(18,(17,2)1:4.243876296193069)1:0.7941683957361261)1:0.6352533531338528)1:2.2998234231913153)1:1.568850779151077)1:1.7197859696029656,(8,14)1:2.432793291693884)1:2.202501634437063));
Weight calculation took 0.098489035 secs
ASTRAL finished in 0.61 secs
