
================== ASTRAL ===================== 

This is ASTRAL version 5.6.3
Gene trees are treated as unrooted
178 trees read from g_trees-raxml-sqlen-250-ngen-50.trees.tree
All output trees will be *arbitrarily* rooted at 9

======== Running the main analysis
Number of taxa: 25 (25 species)
Taxa: [9, 11, 5, 8, 14, 6, 1, 13, 3, 20, 15, 4, 25, 24, 23, 21, 22, 7, 12, 18, 17, 2, 16, 10, 19]
Taxon occupancy: {22=132, 23=143, 24=139, 25=139, 10=159, 11=140, 12=130, 13=155, 14=137, 15=148, 16=163, 17=147, 18=166, 19=161, 1=156, 2=166, 3=161, 4=151, 5=140, 6=157, 7=124, 8=148, 9=151, 20=142, 21=138}
Number of gene trees: 178
153 trees have missing taxa
Calculating quartet distance matrix (for completion of X)
Species tree distances calculated ...
Will attempt to complete bipartitions from X before adding using a distance matrix.
Building set of clusters (X) from gene trees 
------------------------------
gradient0: 253
Number of Clusters after addition by distance: 253
calculating extra bipartitions to be added at level 1 ...
Adding to X using resolutions of greedy consensus ...
Limit for sigma of degrees:675
polytomy size limit : 3
discarded polytomies:  []
Threshold 0.0:
Threshold 0.01:
Threshold 0.02:
Threshold 0.05:
Threshold 0.1:
Threshold 0.2:
Threshold 0.3333333333333333:
max k is :0
Number of Clusters after addition by greedy: 253
gradient0 in heuristiic: 253
partitions formed in 0.236 secs
Dynamic Programming starting after 0.236 secs
Using tree-based weight calculation.
Using polytree-based weight calculation.
Polytree max score: 1185729
Polytree building time: 0.033 seconds.
Number of quartet trees in the gene trees: 1185729
Size of largest cluster: 25
Greedy score: 1119724
estimationFactor: 1.0589475620777977
Sub-optimal score: 1122884
Total Number of elements weighted: 225
Normalized score (portion of input quartet trees satisfied before correcting for multiple individuals): 0.9469988504961926
Optimization score: 1122884
Optimal tree inferred in 0.359 secs.
(14,(8,((9,(11,5)),(((25,22),(21,(24,23))),(((13,(6,1)),(3,(20,(15,4)))),((7,12),((19,(16,10)),(18,(17,2)))))))));
Final quartet score is: 1122884
Final normalized quartet score is: 0.9469988504961926
(9,((11,5)1:2.708050201102211,((((25,22)1:1.1189795914925433,(21,(24,23)1:0.4567584024957148)1:1.9924301646902058)1:4.39032543748858,(((13,(6,1)1:4.550361949493098)1:3.516271727963831,(3,(20,(15,4)1:1.8533173622274888)1:3.4085774889597764)1:3.0466523639812464)1:2.426157145715809,((7,12)1:1.9662774518797468,((19,(16,10)1:0.3158584779609599)1:0.505368210689031,(18,(17,2)1:3.766437688459816)1:0.7047527266802558)1:0.5719024998486232)1:2.0211726335558597)1:1.2840155119994723)1:1.767661917648995,(8,14)1:2.0149030205422647)1:1.8622205002740082));
Weight calculation took 0.053823536 secs
ASTRAL finished in 0.542 secs
