
================== ASTRAL ===================== 

This is ASTRAL version 5.6.3
Gene trees are treated as unrooted
126 trees read from g_trees-raxml-sqlen-50-ngen-50.trees.tree
All output trees will be *arbitrarily* rooted at 21

======== Running the main analysis
Number of taxa: 25 (25 species)
Taxa: [21, 24, 23, 25, 22, 8, 14, 9, 5, 11, 20, 3, 4, 15, 13, 6, 1, 18, 10, 2, 17, 16, 12, 7, 19]
Taxon occupancy: {22=83, 23=90, 24=88, 25=84, 10=97, 11=97, 12=101, 13=93, 14=95, 15=96, 16=113, 17=117, 18=119, 19=114, 1=96, 2=120, 3=106, 4=92, 5=97, 6=97, 7=100, 8=95, 9=100, 20=83, 21=80}
Number of gene trees: 126
122 trees have missing taxa
Calculating quartet distance matrix (for completion of X)
Species tree distances calculated ...
Will attempt to complete bipartitions from X before adding using a distance matrix.
Building set of clusters (X) from gene trees 
------------------------------
gradient0: 509
Number of Clusters after addition by distance: 509
calculating extra bipartitions to be added at level 1 ...
Adding to X using resolutions of greedy consensus ...
Limit for sigma of degrees:675
polytomy size limit : 5
discarded polytomies:  [3, 5]
Threshold 0.0:
Threshold 0.01:
Threshold 0.02:
Threshold 0.05:
Threshold 0.1:
Threshold 0.2:
polytomy of size 3; rounds with additions with at least 5 support: 0; clusters: 509
Threshold 0.3333333333333333:
polytomy of size 5; rounds with additions with at least 5 support: 0; clusters: 509
max k is :0
Number of Clusters after addition by greedy: 509
gradient0 in heuristiic: 509
partitions formed in 0.284 secs
Dynamic Programming starting after 0.285 secs
Using tree-based weight calculation.
Using polytree-based weight calculation.
Polytree max score: 630339
Polytree building time: 0.026 seconds.
Number of quartet trees in the gene trees: 630339
Size of largest cluster: 25
Greedy score: 420081
estimationFactor: 1.5005177572896655
Sub-optimal score: 464093
Total Number of elements weighted: 1001
Normalized score (portion of input quartet trees satisfied before correcting for multiple individuals): 0.765767309336722
Optimization score: 482693
Optimal tree inferred in 0.51 secs.
(17,(2,(18,(((12,7),(19,(10,16))),(((13,(6,1)),(3,(20,(4,15)))),(((8,14),(9,(5,11))),((25,22),(21,(24,23)))))))));
Final quartet score is: 482693
Final normalized quartet score is: 0.765767309336722
(21,((24,23)0.68:0.11856380991175977,((25,22)1:1.2280703559049961,(((8,14)1:1.0343399962350606,(9,(5,11)1:1.5806777843898392)1:0.593187895913879)0.56:0.07889641926625197,(((13,(6,1)1:0.9957129907241893)1:0.9070121406786577,(3,(20,(4,15)0.8:0.11880207859113663)1:0.8702221366251075)1:0.6316573180277943)1:0.48073387077544494,(((12,7)1:1.132523643995684,(19,(10,16)1:0.5874229030064338)1:0.564336067743077)0.33:0.03251954706607727,(18,(2,17)1:1.1632336040701143)1:0.3712394480741868)1:0.8982875963134815)1:0.2990210782813927)1:3.737669618283365)1:1.0732025731427415));
Weight calculation took 0.154368056 secs
ASTRAL finished in 0.66 secs
