
================== ASTRAL ===================== 

This is ASTRAL version 5.6.3
Gene trees are treated as unrooted
25 trees read from g_trees-raxml-sqlen-0-ngen-25-s2g.trees
All output trees will be *arbitrarily* rooted at 14

======== Running the main analysis
Number of taxa: 79 (25 species)
Taxa: {22=[22_4, 22_3, 22_2, 22_1], 23=[23_3, 23_2, 23_1], 24=[24_3, 24_2, 24_1], 25=[25_3, 25_2, 25_1, 25_4], 10=[10_3, 10_2, 10_1], 11=[11_2, 11_1], 12=[12_2, 12_1], 13=[13_4, 13_3, 13_2, 13_1], 14=[14_3, 14_2, 14_1, 14_4], 15=[15_2, 15_1], 16=[16_1, 16_3, 16_2], 17=[17_3, 17_2, 17_1], 18=[18_4, 18_3, 18_2, 18_1], 19=[19_3, 19_2, 19_1], 1=[1_1, 1_2, 1_3, 1_4], 2=[2_1, 2_2, 2_3, 2_4], 3=[3_1, 3_2], 4=[4_1, 4_2, 4_3], 5=[5_1, 5_2], 6=[6_1, 6_2, 6_3], 7=[7_1, 7_2, 7_3, 7_4], 8=[8_1, 8_2, 8_3], 9=[9_1, 9_2, 9_3], 20=[20_4, 20_3, 20_2, 20_1], 21=[21_3, 21_2, 21_1]}
Taxon occupancy: {16_1=18, 14_3=2, 14_2=6, 14_1=21, 12_2=7, 12_1=23, 10_3=1, 10_2=6, 10_1=22, 18_4=1, 18_3=2, 18_2=5, 18_1=22, 16_3=1, 16_2=3, 14_4=2, 25_3=2, 25_2=8, 25_1=21, 23_3=2, 1_1=21, 23_2=7, 23_1=20, 21_3=2, 1_2=4, 3_1=19, 21_2=7, 1_3=1, 3_2=6, 21_1=21, 1_4=1, 5_1=23, 5_2=6, 7_1=22, 7_2=5, 9_1=19, 7_3=3, 9_2=6, 7_4=1, 9_3=1, 25_4=1, 15_2=3, 13_4=1, 15_1=16, 13_3=2, 13_2=7, 13_1=21, 11_2=3, 11_1=17, 19_3=1, 19_2=3, 19_1=18, 17_3=1, 17_2=3, 17_1=17, 24_3=2, 24_2=7, 22_4=1, 24_1=20, 22_3=1, 2_1=22, 22_2=8, 20_4=2, 22_1=21, 2_2=4, 20_3=3, 4_1=17, 20_2=5, 2_3=3, 20_1=22, 4_2=5, 2_4=2, 6_1=23, 4_3=1, 6_2=5, 8_1=17, 6_3=2, 8_2=3, 8_3=1}
Number of gene trees: 25
25 trees have missing taxa
Calculating quartet distance matrix (for completion of X)
Species tree distances calculated ...
Will attempt to complete bipartitions from X before adding using a distance matrix.
Building set of clusters (X) from gene trees 
In second round sampling 3 rounds will be done
------------------------------
gradient0: 177
------------------------------
gradient1: 18
------------------------------
gradient2: 30
Number of Clusters after addition by distance: 225
calculating extra bipartitions to be added at level 1 ...
Adding to X using resolutions of greedy consensus ...
Limit for sigma of degrees:675
polytomy size limit : 3
discarded polytomies:  []
Threshold 0.0:
Threshold 0.01:
Threshold 0.02:
Threshold 0.05:
Threshold 0.1:
Threshold 0.2:
Threshold 0.3333333333333333:
max k is :0
Number of Clusters after addition by greedy: 225
gradient0 in heuristiic: 225
calculating extra bipartitions to be added at level 1 ...
Adding to X using resolutions of greedy consensus ...
Limit for sigma of degrees:675
polytomy size limit : 3
discarded polytomies:  []
Threshold 0.0:
Threshold 0.01:
Threshold 0.02:
Threshold 0.05:
Threshold 0.1:
Threshold 0.2:
Threshold 0.3333333333333333:
max k is :0
Number of Clusters after addition by greedy: 225
gradient1 in heuristiic: 0
calculating extra bipartitions to be added at level 1 ...
Adding to X using resolutions of greedy consensus ...
Limit for sigma of degrees:675
polytomy size limit : 3
discarded polytomies:  []
Threshold 0.0:
Threshold 0.01:
Threshold 0.02:
Threshold 0.05:
Threshold 0.1:
Threshold 0.2:
Threshold 0.3333333333333333:
max k is :0
Number of Clusters after addition by greedy: 225
gradient2 in heuristiic: 0
partitions formed in 1.865 secs
Dynamic Programming starting after 1.865 secs
Using tree-based weight calculation.
Using polytree-based weight calculation.
Polytree max score: 691880
Polytree building time: 0.014 seconds.
Number of quartet trees in the gene trees: 689610
Size of largest cluster: 79
Greedy score: 537779
estimationFactor: 1.2865495988597557
Sub-optimal score: 545050
Total Number of elements weighted: 340
Normalized score (portion of input quartet trees satisfied before correcting for multiple individuals): 0.7903749945621438
Optimization score: 545050
Optimal tree inferred in 1.954 secs.
(12,(5,(10,(9,((1,6),((4,(3,(11,(17,((15,8),(16,19)))))),(((25,22),(23,(21,24))),((14,13),(2,(20,(18,7)))))))))));
Final quartet score is: 573391
Final normalized quartet score is: 0.8314714113774452
You may want to ignore posterior probabilities and other statistics related to the following branch branch because the effective number of genes impacting it is only 4:
	{14}
You may want to ignore posterior probabilities and other statistics related to the following branch branch because the effective number of genes impacting it is only 4:
	{13}
You may want to ignore posterior probabilities and other statistics related to the following branch branch because the effective number of genes impacting it is only 3:
	{2}
You may want to ignore posterior probabilities and other statistics related to the following branch branch because the effective number of genes impacting it is only 3:
	{20}
You may want to ignore posterior probabilities and other statistics related to the following branch branch because the effective number of genes impacting it is only 3:
	{18}
You may want to ignore posterior probabilities and other statistics related to the following branch branch because the effective number of genes impacting it is only 3:
	{7}
You may want to ignore posterior probabilities and other statistics related to the following branch branch because the effective number of genes impacting it is only 4:
	{25}
You may want to ignore posterior probabilities and other statistics related to the following branch branch because the effective number of genes impacting it is only 4:
	{22}
You may want to ignore posterior probabilities and other statistics related to the following branch branch because the effective number of genes impacting it is only 19:
	{25, 22}
You may want to ignore posterior probabilities and other statistics related to the following branch branch because the effective number of genes impacting it is only 5:
	{23}
You may want to ignore posterior probabilities and other statistics related to the following branch branch because the effective number of genes impacting it is only 5:
	{21}
You may want to ignore posterior probabilities and other statistics related to the following branch branch because the effective number of genes impacting it is only 5:
	{24}
You may want to ignore posterior probabilities and other statistics related to the following branch branch because the effective number of genes impacting it is only 18:
	{21, 24}
You may want to ignore posterior probabilities and other statistics related to the following branch branch because the effective number of genes impacting it is only 18:
	{23, 21, 24}
You may want to ignore posterior probabilities and other statistics related to the following branch branch because the effective number of genes impacting it is only 19:
	{25, 23, 21, 24, 22}
You may want to ignore posterior probabilities and other statistics related to the following branch branch because the effective number of genes impacting it is only 3:
	{4}
You may want to ignore posterior probabilities and other statistics related to the following branch branch because the effective number of genes impacting it is only 5:
	{3}
You may want to ignore posterior probabilities and other statistics related to the following branch branch because the effective number of genes impacting it is only 2:
	{11}
You may want to ignore posterior probabilities and other statistics related to the following branch branch because the effective number of genes impacting it is only 2:
	{17}
You may want to ignore posterior probabilities and other statistics related to the following branch branch because the effective number of genes impacting it is only 3:
	{15}
You may want to ignore posterior probabilities and other statistics related to the following branch branch because the effective number of genes impacting it is only 2:
	{8}
You may want to ignore posterior probabilities and other statistics related to the following branch branch because the effective number of genes impacting it is only 15:
	{15, 8}
You may want to ignore posterior probabilities and other statistics related to the following branch branch because the effective number of genes impacting it is only 2:
	{16}
You may want to ignore posterior probabilities and other statistics related to the following branch branch because the effective number of genes impacting it is only 2:
	{19}
You may want to ignore posterior probabilities and other statistics related to the following branch branch because the effective number of genes impacting it is only 18:
	{16, 19}
You may want to ignore posterior probabilities and other statistics related to the following branch branch because the effective number of genes impacting it is only 17:
	{16, 15, 19, 8}
You may want to ignore posterior probabilities and other statistics related to the following branch branch because the effective number of genes impacting it is only 16:
	{16, 15, 19, 17, 8}
You may want to ignore posterior probabilities and other statistics related to the following branch branch because the effective number of genes impacting it is only 15:
	{16, 15, 11, 19, 17, 8}
You may want to ignore posterior probabilities and other statistics related to the following branch branch because the effective number of genes impacting it is only 14:
	{16, 3, 15, 11, 19, 17, 8}
You may want to ignore posterior probabilities and other statistics related to the following branch branch because the effective number of genes impacting it is only 15:
	{16, 3, 15, 11, 19, 17, 4, 8}
You may want to ignore posterior probabilities and other statistics related to the following branch branch because the effective number of genes impacting it is only 2:
	{1}
You may want to ignore posterior probabilities and other statistics related to the following branch branch because the effective number of genes impacting it is only 4:
	{6}
You may want to ignore posterior probabilities and other statistics related to the following branch branch because the effective number of genes impacting it is only 4:
	{9}
You may want to ignore posterior probabilities and other statistics related to the following branch branch because the effective number of genes impacting it is only 4:
	{10}
You may want to ignore posterior probabilities and other statistics related to the following branch branch because the effective number of genes impacting it is only 6:
	{5}
You may want to ignore posterior probabilities and other statistics related to the following branch branch because the effective number of genes impacting it is only 7:
	{12}
You may want to ignore posterior probabilities and other statistics related to the following branch branch because the effective number of genes impacting it is only 19:
	{12, 10, 5}
You may want to ignore posterior probabilities and other statistics related to the following branch branch because the effective number of genes impacting it is only 19:
	{12, 10, 5, 9}
You may want to ignore posterior probabilities and other statistics related to the following branch branch because the effective number of genes impacting it is only 16:
	{16, 12, 10, 1, 3, 5, 9, 15, 11, 19, 17, 4, 6, 8}
You may want to ignore posterior probabilities and other statistics related to the following branch branch because the effective number of genes impacting it is only 18:
	{16, 12, 10, 25, 23, 1, 21, 3, 5, 9, 15, 11, 19, 17, 24, 22, 4, 6, 8}
((14_3,14_2,14_1,14_4)0.16:0.0,((13_4,13_3,13_2,13_1)0.13:0.0,(((2_1,2_2,2_3,2_4)0.2:0.0,((20_4,20_3,20_2,20_1)0.19:0.0,((18_4,18_3,18_2,18_1)0.16:0.0,(7_1,7_2,7_3,7_4)0.17:0.0)1:1.3845816320130033)1:1.4045764059573393)1:1.564080762748454,((((25_3,25_2,25_1,25_4)0.26:0.0,(22_4,22_3,22_2,22_1)0.19:0.0)1:1.1833535171232006,((23_3,23_2,23_1)0.21:0.0,((21_3,21_2,21_1)0.11:0.0,(24_3,24_2,24_1)0.11:0.0)1:1.1434628548334613)1:1.127212903501325)1:2.590267165445826,(((4_1,4_2,4_3)0.7:0.28768207245178123,((3_1,3_2)0.72:0.2876820724517809,((11_2,11_1)0.46:0.0,((17_3,17_2,17_1)0.41:0.0,(((15_2,15_1)0.14:0.0,(8_1,8_2,8_3)0.18:0.0)1:1.407347770317723,((16_1,16_3,16_2)0.17:0.0,(19_3,19_2,19_1)0.17:0.0)1:1.592046169722232)1:1.5820389382459856)1:1.529806642742093)1:1.486377819676873)1:1.3862943611198908)1:1.6933945194287732,(((1_1,1_2,1_3,1_4)0.19:0.0,(6_1,6_2,6_3)0.17:0.0)1:1.481604540924215,((9_1,9_2,9_3)0.24:0.0,((10_3,10_2,10_1)0.39:0.0,((5_1,5_2)0.08:0.0,(12_2,12_1)0.14:0.0)1:1.4772661393256172)1:1.2039728043259361)1:1.3470736479666086)1:2.6390573296152575)1:2.4277482359480516)1:2.538973871058275)1:1.5731717344497056));
Weight calculation took 0.050854918 secs
ASTRAL finished in 2.065 secs
