
================== ASTRAL ===================== 

This is ASTRAL version 5.6.3
Gene trees are treated as unrooted
500 trees read from g_trees-raxml-sqlen-25-ngen-500-s2g.trees
All output trees will be *arbitrarily* rooted at 14

======== Running the main analysis
Number of taxa: 134 (25 species)
Taxa: {22=[22_4, 22_3, 22_2, 22_1], 23=[23_5, 23_4, 23_3, 23_2, 23_1], 24=[24_4, 24_3, 24_2, 24_1, 24_5], 25=[25_3, 25_2, 25_1, 25_4], 10=[10_5, 10_4, 10_3, 10_2, 10_1], 11=[11_6, 11_5, 11_4, 11_3, 11_2, 11_1, 11_7], 12=[12_4, 12_3, 12_2, 12_1], 13=[13_4, 13_3, 13_2, 13_1, 13_5], 14=[14_3, 14_2, 14_1, 14_5, 14_4], 15=[15_2, 15_1, 15_6, 15_5, 15_4, 15_3], 16=[16_1, 16_7, 16_6, 16_5, 16_4, 16_3, 16_2], 17=[17_6, 17_5, 17_4, 17_3, 17_2, 17_1], 18=[18_6, 18_5, 18_4, 18_3, 18_2, 18_1], 19=[19_6, 19_5, 19_4, 19_3, 19_2, 19_1, 19_7], 1=[1_1, 1_2, 1_3, 1_4, 1_5], 2=[2_1, 2_2, 2_3, 2_4, 2_5, 2_6], 3=[3_1, 3_2, 3_3, 3_4], 4=[4_1, 4_2, 4_3, 4_4, 4_5], 5=[5_1, 5_2, 5_3, 5_4, 5_5], 6=[6_1, 6_2, 6_3, 6_4, 6_5], 7=[7_1, 7_2, 7_3, 7_4, 7_5, 7_6], 8=[8_1, 8_2, 8_3, 8_4, 8_5, 8_6], 9=[9_1, 9_2, 9_3, 9_4, 9_5], 20=[20_6, 20_5, 20_4, 20_3, 20_2, 20_1], 21=[21_5, 21_4, 21_3, 21_2, 21_1]}
Taxon occupancy: {14_3=32, 14_2=108, 14_1=380, 10_5=2, 10_4=5, 10_3=29, 10_2=96, 10_1=370, 18_6=1, 18_5=4, 18_4=9, 18_3=38, 18_2=110, 18_1=392, 14_5=2, 14_4=10, 25_3=18, 25_2=100, 25_1=371, 21_5=1, 21_4=3, 21_3=20, 3_1=368, 21_2=105, 3_2=110, 21_1=355, 3_3=24, 3_4=6, 7_1=391, 7_2=108, 7_3=41, 7_4=9, 7_5=3, 7_6=1, 25_4=4, 13_4=8, 13_3=30, 13_2=108, 13_1=380, 17_6=1, 17_5=1, 17_4=7, 17_3=28, 17_2=98, 17_1=367, 13_5=2, 24_4=4, 24_3=18, 24_2=104, 20_6=2, 24_1=353, 20_5=3, 2_1=392, 20_4=9, 2_2=108, 20_3=40, 20_2=110, 2_3=38, 20_1=392, 2_4=11, 6_1=355, 2_5=2, 6_2=101, 2_6=1, 6_3=31, 6_4=8, 6_5=2, 24_5=1, 16_1=375, 12_4=5, 12_3=24, 12_2=98, 12_1=366, 16_7=1, 16_6=1, 16_5=3, 16_4=10, 16_3=27, 16_2=101, 23_5=1, 23_4=5, 23_3=23, 1_1=365, 23_2=97, 23_1=357, 1_2=95, 1_3=27, 1_4=11, 5_1=365, 1_5=3, 5_2=98, 5_3=27, 5_4=6, 9_1=369, 5_5=1, 9_2=107, 9_3=33, 9_4=6, 9_5=2, 15_2=92, 11_6=1, 15_1=366, 11_5=4, 11_4=7, 11_3=22, 11_2=87, 11_1=364, 19_6=1, 19_5=2, 19_4=10, 19_3=30, 19_2=102, 15_6=1, 19_1=376, 15_5=3, 15_4=7, 15_3=22, 11_7=1, 22_4=5, 22_3=21, 22_2=92, 22_1=364, 4_1=365, 4_2=88, 4_3=21, 4_4=4, 8_1=372, 4_5=2, 8_2=98, 8_3=29, 8_4=12, 8_5=3, 8_6=1, 19_7=1}
Number of gene trees: 500
500 trees have missing taxa
Calculating quartet distance matrix (for completion of X)
Species tree distances calculated ...
Will attempt to complete bipartitions from X before adding using a distance matrix.
Building set of clusters (X) from gene trees 
In second round sampling 4 rounds will be done
------------------------------
gradient0: 1065
------------------------------
gradient1: 712
------------------------------
gradient2: 444
------------------------------
gradient3: 228
Number of Clusters after addition by distance: 2449
calculating extra bipartitions to be added at level 1 ...
Adding to X using resolutions of greedy consensus ...
Limit for sigma of degrees:675
polytomy size limit : 3
discarded polytomies:  [3, 3, 3]
Threshold 0.0:
Threshold 0.01:
Threshold 0.02:
Threshold 0.05:
Threshold 0.1:
polytomy of size 3; rounds with additions with at least 5 support: 0; clusters: 2449
Threshold 0.2:
polytomy of size 3; rounds with additions with at least 5 support: 0; clusters: 2449
Threshold 0.3333333333333333:
polytomy of size 3; rounds with additions with at least 5 support: 0; clusters: 2449
max k is :0
Number of Clusters after addition by greedy: 2449
gradient0 in heuristiic: 2449
calculating extra bipartitions to be added at level 1 ...
Adding to X using resolutions of greedy consensus ...
Limit for sigma of degrees:675
polytomy size limit : 7
discarded polytomies:  [3, 4, 4, 7]
Threshold 0.0:
Threshold 0.01:
Threshold 0.02:
Threshold 0.05:
polytomy of size 3; rounds with additions with at least 5 support: 0; clusters: 2449
Threshold 0.1:
polytomy of size 4; rounds with additions with at least 5 support: 0; clusters: 2449
Threshold 0.2:
polytomy of size 4; rounds with additions with at least 5 support: 0; clusters: 2449
Threshold 0.3333333333333333:
polytomy of size 7; rounds with additions with at least 5 support: 0; clusters: 2449
max k is :0
Number of Clusters after addition by greedy: 2449
gradient1 in heuristiic: 0
calculating extra bipartitions to be added at level 1 ...
Adding to X using resolutions of greedy consensus ...
Limit for sigma of degrees:675
polytomy size limit : 5
discarded polytomies:  [3, 5]
Threshold 0.0:
Threshold 0.01:
Threshold 0.02:
Threshold 0.05:
Threshold 0.1:
Threshold 0.2:
polytomy of size 3; rounds with additions with at least 5 support: 0; clusters: 2449
Threshold 0.3333333333333333:
polytomy of size 5; rounds with additions with at least 5 support: 0; clusters: 2449
max k is :0
Number of Clusters after addition by greedy: 2449
gradient2 in heuristiic: 0
calculating extra bipartitions to be added at level 1 ...
Adding to X using resolutions of greedy consensus ...
Limit for sigma of degrees:675
polytomy size limit : 3
discarded polytomies:  [3]
Threshold 0.0:
Threshold 0.01:
Threshold 0.02:
Threshold 0.05:
Threshold 0.1:
Threshold 0.2:
Threshold 0.3333333333333333:
polytomy of size 3; rounds with additions with at least 5 support: 0; clusters: 2449
max k is :0
Number of Clusters after addition by greedy: 2449
gradient3 in heuristiic: 0
partitions formed in 54.358 secs
Dynamic Programming starting after 54.358 secs
Using tree-based weight calculation.
Using polytree-based weight calculation.
Polytree max score: 17617300
Polytree building time: 0.053 seconds.
Number of quartet trees in the gene trees: 17550590
Size of largest cluster: 134
Greedy score: 8451235
estimationFactor: 2.0845827808253596
Sub-optimal score: 9434336
Total Number of elements weighted: 13190
Normalized score (portion of input quartet trees satisfied before correcting for multiple individuals): 0.5790050078088543
Optimization score: 10161879
Optimal tree inferred in 59.948 secs.
(25,(22,((23,(21,24)),(((14,13),(2,(20,(18,7)))),(((6,1),(10,(9,(12,5)))),(4,(3,(11,(17,(8,(15,(16,19))))))))))));
Final quartet score is: 10855165
Final normalized quartet score is: 0.6185071271108264
((14_3,14_2,14_1,14_5,14_4)0.02:0.0,((13_4,13_3,13_2,13_1,13_5)0.02:0.0,(((2_1,2_2,2_3,2_4,2_5,2_6)0.03:0.0,((20_6,20_5,20_4,20_3,20_2,20_1)0.03:0.0,((18_6,18_5,18_4,18_3,18_2,18_1)0.03:0.0,(7_1,7_2,7_3,7_4,7_5,7_6)0.02:0.0)1:0.12037685660948721)0.79:0.06093651613930993)1:0.9585804734951021,(((((6_1,6_2,6_3,6_4,6_5)0.17:0.0,(1_1,1_2,1_3,1_4,1_5)0.14:0.0)1:0.4100300583821196,((10_5,10_4,10_3,10_2,10_1)0.22:0.0,((9_1,9_2,9_3,9_4,9_5)0.28:0.0,((12_4,12_3,12_2,12_1)0.01:0.0,(5_1,5_2,5_3,5_4,5_5)0.02:0.0)1:1.1354505113404085)0.27:0.0)1:0.23666440681701803)1:0.6419405136149708,((4_1,4_2,4_3,4_4,4_5)0.94:0.2440531136854983,((3_1,3_2,3_3,3_4)0.97:0.2250239268626079,((11_6,11_5,11_4,11_3,11_2,11_1,11_7)0.44:0.028754043856631314,((17_6,17_5,17_4,17_3,17_2,17_1)0.45:0.03331847003191093,((8_1,8_2,8_3,8_4,8_5,8_6)0.1:0.0,((15_2,15_1,15_6,15_5,15_4,15_3)0.06:0.0,((16_1,16_7,16_6,16_5,16_4,16_3,16_2)0.04:0.0,(19_6,19_5,19_4,19_3,19_2,19_1,19_7)0.05:0.0)1:0.5174980793314826)0.44:0.011905808226777096)1:0.3595552544070526)1:0.17797836390777066)0.88:0.07258792712629172)1:0.19037671404538872)1:0.46013654909068286)0.95:0.09599444758651157,(((23_5,23_4,23_3,23_2,23_1)0.07:0.0,((21_5,21_4,21_3,21_2,21_1)0.02:0.0,(24_4,24_3,24_2,24_1,24_5)0.01:0.0)1:1.0309479181020778)1:0.5354486692680606,((22_4,22_3,22_2,22_1)0.25:0.0,(25_3,25_2,25_1,25_4)0.14:0.0)0.82:0.06137002751449543)1:1.1360132244061683)1:0.6734852044781975)1:1.103462150929337));
Weight calculation took 5.710503504 secs
ASTRAL finished in 60.585 secs
