
================== ASTRAL ===================== 

This is ASTRAL version 5.6.3
Gene trees are treated as unrooted
100 trees read from g_trees-raxml-sqlen-25-ngen-100-s2g.trees
All output trees will be *arbitrarily* rooted at 14

======== Running the main analysis
Number of taxa: 99 (25 species)
Taxa: {22=[22_4, 22_3, 22_2, 22_1], 23=[23_3, 23_2, 23_1], 24=[24_3, 24_2, 24_1], 25=[25_3, 25_2, 25_1, 25_4], 10=[10_4, 10_3, 10_2, 10_1], 11=[11_6, 11_5, 11_4, 11_3, 11_2, 11_1, 11_7], 12=[12_3, 12_2, 12_1], 13=[13_4, 13_3, 13_2, 13_1], 14=[14_3, 14_2, 14_1, 14_4], 15=[15_2, 15_1, 15_4, 15_3], 16=[16_1, 16_4, 16_3, 16_2], 17=[17_6, 17_5, 17_4, 17_3, 17_2, 17_1], 18=[18_4, 18_3, 18_2, 18_1], 19=[19_4, 19_3, 19_2, 19_1], 1=[1_1, 1_2, 1_3, 1_4], 2=[2_1, 2_2, 2_3, 2_4], 3=[3_1, 3_2, 3_3], 4=[4_1, 4_2, 4_3], 5=[5_1, 5_2, 5_3], 6=[6_1, 6_2, 6_3, 6_4, 6_5], 7=[7_1, 7_2, 7_3, 7_4], 8=[8_1, 8_2, 8_3, 8_4, 8_5], 9=[9_1, 9_2, 9_3], 20=[20_4, 20_3, 20_2, 20_1], 21=[21_3, 21_2, 21_1]}
Taxon occupancy: {14_3=3, 14_2=20, 14_1=72, 10_4=1, 10_3=2, 10_2=20, 10_1=75, 18_4=2, 18_3=4, 18_2=14, 18_1=77, 14_4=3, 25_3=4, 25_2=21, 25_1=80, 21_3=3, 3_1=82, 21_2=19, 3_2=19, 21_1=76, 3_3=5, 7_1=75, 7_2=14, 7_3=5, 7_4=2, 25_4=1, 13_4=2, 13_3=4, 13_2=24, 13_1=72, 17_6=1, 17_5=1, 17_4=2, 17_3=5, 17_2=22, 17_1=79, 24_3=3, 24_2=18, 24_1=75, 2_1=77, 20_4=3, 2_2=14, 20_3=6, 20_2=15, 2_3=5, 20_1=76, 2_4=3, 6_1=75, 6_2=21, 6_3=7, 6_4=2, 6_5=1, 16_1=79, 12_3=1, 12_2=21, 12_1=77, 16_4=3, 16_3=5, 16_2=23, 23_3=6, 1_1=77, 23_2=21, 23_1=75, 1_2=19, 1_3=3, 1_4=1, 5_1=77, 5_2=20, 5_3=2, 9_1=72, 9_2=21, 9_3=4, 15_2=22, 11_6=1, 15_1=76, 11_5=2, 11_4=3, 11_3=3, 11_2=17, 11_1=79, 19_4=3, 19_3=6, 19_2=23, 19_1=79, 15_4=2, 15_3=5, 11_7=1, 22_4=1, 22_3=3, 22_2=17, 22_1=77, 4_1=72, 4_2=18, 4_3=3, 8_1=78, 8_2=21, 8_3=8, 8_4=5, 8_5=1}
Number of gene trees: 100
100 trees have missing taxa
Calculating quartet distance matrix (for completion of X)
Species tree distances calculated ...
Will attempt to complete bipartitions from X before adding using a distance matrix.
Building set of clusters (X) from gene trees 
In second round sampling 3 rounds will be done
------------------------------
gradient0: 649
------------------------------
gradient1: 186
------------------------------
gradient2: 168
Number of Clusters after addition by distance: 1003
calculating extra bipartitions to be added at level 1 ...
Adding to X using resolutions of greedy consensus ...
Limit for sigma of degrees:675
polytomy size limit : 6
discarded polytomies:  [3, 3, 4, 6]
Threshold 0.0:
Threshold 0.01:
Threshold 0.02:
Threshold 0.05:
Threshold 0.1:
Threshold 0.2:
polytomy of size 3; rounds with additions with at least 5 support: 0; clusters: 1003
Threshold 0.3333333333333333:
polytomy of size 3; rounds with additions with at least 5 support: 0; clusters: 1003
polytomy of size 4; rounds with additions with at least 5 support: 0; clusters: 1003
polytomy of size 6; rounds with additions with at least 5 support: 0; clusters: 1003
max k is :0
Number of Clusters after addition by greedy: 1003
gradient0 in heuristiic: 1003
calculating extra bipartitions to be added at level 1 ...
Adding to X using resolutions of greedy consensus ...
Limit for sigma of degrees:675
polytomy size limit : 5
discarded polytomies:  [4, 5]
Threshold 0.0:
Threshold 0.01:
Threshold 0.02:
Threshold 0.05:
Threshold 0.1:
Threshold 0.2:
polytomy of size 4; rounds with additions with at least 5 support: 0; clusters: 1003
Threshold 0.3333333333333333:
polytomy of size 5; rounds with additions with at least 5 support: 0; clusters: 1003
max k is :0
Number of Clusters after addition by greedy: 1003
gradient1 in heuristiic: 0
calculating extra bipartitions to be added at level 1 ...
Adding to X using resolutions of greedy consensus ...
Limit for sigma of degrees:675
polytomy size limit : 5
discarded polytomies:  [3, 3, 3, 3, 5]
Threshold 0.0:
Threshold 0.01:
Threshold 0.02:
Threshold 0.05:
Threshold 0.1:
Threshold 0.2:
polytomy of size 3; rounds with additions with at least 5 support: 0; clusters: 1003
polytomy of size 3; rounds with additions with at least 5 support: 0; clusters: 1003
Threshold 0.3333333333333333:
polytomy of size 3; rounds with additions with at least 5 support: 0; clusters: 1003
polytomy of size 3; rounds with additions with at least 5 support: 0; clusters: 1003
polytomy of size 5; rounds with additions with at least 5 support: 0; clusters: 1003
max k is :0
Number of Clusters after addition by greedy: 1003
gradient2 in heuristiic: 0
partitions formed in 7.282 secs
Dynamic Programming starting after 7.283 secs
Using tree-based weight calculation.
Using polytree-based weight calculation.
Polytree max score: 2990138
Polytree building time: 0.023 seconds.
Number of quartet trees in the gene trees: 2979216
Size of largest cluster: 99
Greedy score: 1563472
estimationFactor: 1.9124985928753442
Sub-optimal score: 1710277
Total Number of elements weighted: 3049
Normalized score (portion of input quartet trees satisfied before correcting for multiple individuals): 0.6062443944984184
Optimization score: 1806133
Optimal tree inferred in 7.702 secs.
(12,(5,((10,9),((6,1),(((14,13),((18,7),(20,2))),(((25,22),(23,(21,24))),(4,(3,(11,(17,((16,19),(15,8))))))))))));
Final quartet score is: 1922273
Final normalized quartet score is: 0.645227804899007
You may want to ignore posterior probabilities and other statistics related to the following branch branch because the effective number of genes impacting it is only 11:
	{14}
You may want to ignore posterior probabilities and other statistics related to the following branch branch because the effective number of genes impacting it is only 13:
	{13}
You may want to ignore posterior probabilities and other statistics related to the following branch branch because the effective number of genes impacting it is only 8:
	{18}
You may want to ignore posterior probabilities and other statistics related to the following branch branch because the effective number of genes impacting it is only 8:
	{7}
You may want to ignore posterior probabilities and other statistics related to the following branch branch because the effective number of genes impacting it is only 9:
	{20}
You may want to ignore posterior probabilities and other statistics related to the following branch branch because the effective number of genes impacting it is only 9:
	{2}
You may want to ignore posterior probabilities and other statistics related to the following branch branch because the effective number of genes impacting it is only 11:
	{25}
You may want to ignore posterior probabilities and other statistics related to the following branch branch because the effective number of genes impacting it is only 9:
	{22}
You may want to ignore posterior probabilities and other statistics related to the following branch branch because the effective number of genes impacting it is only 16:
	{23}
You may want to ignore posterior probabilities and other statistics related to the following branch branch because the effective number of genes impacting it is only 13:
	{21}
You may want to ignore posterior probabilities and other statistics related to the following branch branch because the effective number of genes impacting it is only 13:
	{24}
You may want to ignore posterior probabilities and other statistics related to the following branch branch because the effective number of genes impacting it is only 13:
	{4}
You may want to ignore posterior probabilities and other statistics related to the following branch branch because the effective number of genes impacting it is only 13:
	{3}
You may want to ignore posterior probabilities and other statistics related to the following branch branch because the effective number of genes impacting it is only 6:
	{11}
You may want to ignore posterior probabilities and other statistics related to the following branch branch because the effective number of genes impacting it is only 8:
	{17}
You may want to ignore posterior probabilities and other statistics related to the following branch branch because the effective number of genes impacting it is only 13:
	{16}
You may want to ignore posterior probabilities and other statistics related to the following branch branch because the effective number of genes impacting it is only 13:
	{19}
You may want to ignore posterior probabilities and other statistics related to the following branch branch because the effective number of genes impacting it is only 12:
	{15}
You may want to ignore posterior probabilities and other statistics related to the following branch branch because the effective number of genes impacting it is only 11:
	{8}
You may want to ignore posterior probabilities and other statistics related to the following branch branch because the effective number of genes impacting it is only 10:
	{6}
You may want to ignore posterior probabilities and other statistics related to the following branch branch because the effective number of genes impacting it is only 10:
	{1}
You may want to ignore posterior probabilities and other statistics related to the following branch branch because the effective number of genes impacting it is only 10:
	{10}
You may want to ignore posterior probabilities and other statistics related to the following branch branch because the effective number of genes impacting it is only 15:
	{9}
You may want to ignore posterior probabilities and other statistics related to the following branch branch because the effective number of genes impacting it is only 14:
	{5}
You may want to ignore posterior probabilities and other statistics related to the following branch branch because the effective number of genes impacting it is only 14:
	{12}
((14_3,14_2,14_1,14_4)0.07:0.0,((13_4,13_3,13_2,13_1)0.09:0.0,((((18_4,18_3,18_2,18_1)0.1:0.0,(7_1,7_2,7_3,7_4)0.14:0.0)0.78:0.10934396622821205,((20_4,20_3,20_2,20_1)0.12:0.0,(2_1,2_2,2_3,2_4)0.12:0.0)0.4:0.03544324514283387)1:1.0366283605836186,(((((25_3,25_2,25_1,25_4)0.16:0.0,(22_4,22_3,22_2,22_1)0.18:0.0)0.88:0.15309947177038752,((23_3,23_2,23_1)0.22:0.0,((21_3,21_2,21_1)0.07:0.0,(24_3,24_2,24_1)0.04:0.0)1:0.9767516730095912)1:0.4983259521666299)1:1.271690544714266,((4_1,4_2,4_3)0.96:0.4983404579064495,((3_1,3_2,3_3)0.8:0.2575099017693522,((11_6,11_5,11_4,11_3,11_2,11_1,11_7)0.41:0.0,((17_6,17_5,17_4,17_3,17_2,17_1)0.3:0.0,(((16_1,16_4,16_3,16_2)0.09:0.0,(19_4,19_3,19_2,19_1)0.1:0.0)1:0.6410925378402782,((15_2,15_1,15_4,15_3)0.13:0.0,(8_1,8_2,8_3,8_4,8_5)0.19:0.0)0.2:0.0)1:0.42127962006662895)0.89:0.15851824027142258)0.76:0.10736095973517366)0.98:0.2446900504531162)1:0.3779637519387568)0.29:9.13773301675064E-4,(((6_1,6_2,6_3,6_4,6_5)0.26:0.0,(1_1,1_2,1_3,1_4)0.18:0.0)1:0.3953392341411916,(((10_4,10_3,10_2,10_1)0.23:0.0,(9_1,9_2,9_3)0.28:0.0)0.92:0.17634978477234325,((5_1,5_2,5_3)0.07:0.0,(12_3,12_2,12_1)0.06:0.0)1:1.1259100035815972)0.99:0.27214519328957343)1:0.5756959740892307)1:0.7465040470259389)1:1.2030573314500947));
Weight calculation took 0.370039573 secs
ASTRAL finished in 7.87 secs
