
================== ASTRAL ===================== 

This is ASTRAL version 5.6.3
Gene trees are treated as unrooted
78 trees read from g_trees-raxml-sqlen-250-ngen-25.trees.tree
All output trees will be *arbitrarily* rooted at 17

======== Running the main analysis
Number of taxa: 25 (25 species)
Taxa: [17, 8, 15, 16, 19, 3, 4, 10, 5, 12, 1, 6, 7, 20, 2, 18, 13, 14, 25, 22, 23, 24, 21, 9, 11]
Taxon occupancy: {22=57, 23=52, 24=49, 25=56, 10=67, 11=61, 12=67, 13=65, 14=70, 15=36, 16=57, 17=49, 18=67, 19=57, 1=56, 2=68, 3=68, 4=43, 5=67, 6=73, 7=67, 8=56, 9=59, 20=68, 21=51}
Number of gene trees: 78
74 trees have missing taxa
Calculating quartet distance matrix (for completion of X)
Species tree distances calculated ...
Will attempt to complete bipartitions from X before adding using a distance matrix.
Building set of clusters (X) from gene trees 
------------------------------
gradient0: 185
Number of Clusters after addition by distance: 185
calculating extra bipartitions to be added at level 1 ...
Adding to X using resolutions of greedy consensus ...
Limit for sigma of degrees:675
polytomy size limit : 3
discarded polytomies:  []
Threshold 0.0:
Threshold 0.01:
Threshold 0.02:
Threshold 0.05:
Threshold 0.1:
Threshold 0.2:
Threshold 0.3333333333333333:
max k is :0
Number of Clusters after addition by greedy: 185
gradient0 in heuristiic: 185
partitions formed in 0.133 secs
Dynamic Programming starting after 0.133 secs
Using tree-based weight calculation.
Using polytree-based weight calculation.
Polytree max score: 384120
Polytree building time: 0.015 seconds.
Number of quartet trees in the gene trees: 384120
Size of largest cluster: 25
Greedy score: 363096
estimationFactor: 1.0579020424350585
Sub-optimal score: 363096
Total Number of elements weighted: 163
Normalized score (portion of input quartet trees satisfied before correcting for multiple individuals): 0.9452671040299906
Optimization score: 363096
Optimal tree inferred in 0.203 secs.
(23,((24,21),((25,22),(((13,14),(2,(20,(7,18)))),(((1,6),(9,(10,(5,12)))),(4,(3,(11,(17,((8,15),(16,19)))))))))));
Final quartet score is: 363096
Final normalized quartet score is: 0.9452671040299906
(17,(((8,15)0.93:0.2793832696370859,(16,19)1:2.306904754138562)1:3.359954423128104,(11,(3,(4,(((1,6)1:2.0512706647131393,(9,(10,(5,12)1:3.784189633918262)0.96:0.2399801248975105)1:1.9354388491880183)1:3.799227511282799,(((13,14)1:3.737669618283365,(2,(20,(7,18)1:1.2865386139447128)0.96:0.21570857282669167)1:3.721669276936928)1:3.5457786104732607,((25,22)1:0.6241543090729941,((24,21)1:1.545056045170116,23)1:1.2474579162656745)1:3.6198865826269824)0.35:0.21622310846963608)1:3.205452804536062)1:1.0986122886681098)1:1.5787424332156934)1:1.6739764335716716));
Weight calculation took 0.022680728 secs
ASTRAL finished in 1.582 secs
