
================== ASTRAL ===================== 

This is ASTRAL version 5.6.3
Gene trees are treated as unrooted
1837 trees read from g_trees-raxml-sqlen-100-ngen-500.trees.tree
All output trees will be *arbitrarily* rooted at 25

======== Running the main analysis
Number of taxa: 25 (25 species)
Taxa: [25, 22, 23, 24, 21, 14, 13, 7, 20, 18, 2, 5, 12, 6, 10, 9, 4, 17, 3, 11, 8, 15, 16, 19, 1]
Taxon occupancy: {22=1182, 23=1188, 24=1161, 25=1232, 10=1319, 11=1391, 12=1319, 13=1370, 14=1389, 15=1437, 16=1443, 17=1355, 18=1364, 19=1460, 1=1317, 2=1353, 3=1407, 4=1425, 5=1299, 6=1250, 7=1363, 8=1437, 9=1339, 20=1359, 21=1172}
Number of gene trees: 1837
1801 trees have missing taxa
Calculating quartet distance matrix (for completion of X)
Species tree distances calculated ...
Will attempt to complete bipartitions from X before adding using a distance matrix.
Building set of clusters (X) from gene trees 
------------------------------
gradient0: 867
Number of Clusters after addition by distance: 867
calculating extra bipartitions to be added at level 1 ...
Adding to X using resolutions of greedy consensus ...
Limit for sigma of degrees:675
polytomy size limit : 3
discarded polytomies:  []
Threshold 0.0:
Threshold 0.01:
Threshold 0.02:
Threshold 0.05:
Threshold 0.1:
Threshold 0.2:
Threshold 0.3333333333333333:
max k is :0
Number of Clusters after addition by greedy: 867
gradient0 in heuristiic: 867
partitions formed in 0.762 secs
Dynamic Programming starting after 0.762 secs
Using tree-based weight calculation.
Using polytree-based weight calculation.
Polytree max score: 7220512
Polytree building time: 0.189 seconds.
Number of quartet trees in the gene trees: 7220512
Size of largest cluster: 25
Greedy score: 6085133
estimationFactor: 1.186582446102657
Sub-optimal score: 6479599
Total Number of elements weighted: 2104
Normalized score (portion of input quartet trees satisfied before correcting for multiple individuals): 0.8973877475724713
Optimization score: 6479599
Optimal tree inferred in 2.76 secs.
(8,(15,((16,19),(17,(11,(3,(4,(((6,1),(10,(9,(5,12)))),(((25,22),(23,(24,21))),((14,13),(2,(20,(7,18)))))))))))));
Final quartet score is: 6479599
Final normalized quartet score is: 0.8973877475724713
(25,(22,((23,(24,21)1:2.6083286904260325)1:1.0119997835749057,(((14,13)1:2.6235348437891712,(2,(20,(7,18)1:0.39917559601702346)1:0.09258514813865112)1:2.3195861676233847)1:2.4253820864021742,(((6,1)1:1.1439746292835735,(10,(9,(5,12)1:2.5675491357135)0.92:0.047806797717331775)1:0.6546934499462661)1:2.7927924528824697,(4,(3,(11,(17,((16,19)1:1.6563384062683322,(15,8)1:0.1140739952640136)1:1.19780762952036)1:1.0204344035028658)1:0.1720363234005751)1:1.1015019201180174)1:1.0329200284135358)1:0.3758423803666136)1:2.9818013124141167)1:0.2274469061281185));
Weight calculation took 1.716997394 secs
ASTRAL finished in 3.324 secs
