
================== ASTRAL ===================== 

This is ASTRAL version 5.6.3
Gene trees are treated as unrooted
332 trees read from g_trees-raxml-sqlen-250-ngen-100.trees.tree
All output trees will be *arbitrarily* rooted at 17

======== Running the main analysis
Number of taxa: 25 (25 species)
Taxa: [17, 8, 15, 16, 19, 3, 4, 10, 5, 12, 1, 6, 7, 20, 2, 18, 13, 14, 25, 22, 23, 24, 21, 9, 11]
Taxon occupancy: {22=238, 23=240, 24=232, 25=275, 10=256, 11=267, 12=254, 13=233, 14=246, 15=243, 16=254, 17=256, 18=272, 19=257, 1=246, 2=277, 3=290, 4=233, 5=254, 6=268, 7=262, 8=263, 9=247, 20=275, 21=234}
Number of gene trees: 332
323 trees have missing taxa
Calculating quartet distance matrix (for completion of X)
Species tree distances calculated ...
Will attempt to complete bipartitions from X before adding using a distance matrix.
Building set of clusters (X) from gene trees 
------------------------------
gradient0: 299
Number of Clusters after addition by distance: 299
calculating extra bipartitions to be added at level 1 ...
Adding to X using resolutions of greedy consensus ...
Limit for sigma of degrees:675
polytomy size limit : 3
discarded polytomies:  []
Threshold 0.0:
Threshold 0.01:
Threshold 0.02:
Threshold 0.05:
Threshold 0.1:
Threshold 0.2:
Threshold 0.3333333333333333:
max k is :0
Number of Clusters after addition by greedy: 299
gradient0 in heuristiic: 299
partitions formed in 0.252 secs
Dynamic Programming starting after 0.252 secs
Using tree-based weight calculation.
Using polytree-based weight calculation.
Polytree max score: 1624092
Polytree building time: 0.038 seconds.
Number of quartet trees in the gene trees: 1624092
Size of largest cluster: 25
Greedy score: 1451481
estimationFactor: 1.118920605919058
Sub-optimal score: 1451481
Total Number of elements weighted: 375
Normalized score (portion of input quartet trees satisfied before correcting for multiple individuals): 0.9364537230649496
Optimization score: 1520887
Optimal tree inferred in 0.458 secs.
(23,((24,21),((25,22),(((13,14),(2,(20,(7,18)))),(((1,6),(9,(10,(5,12)))),(4,(3,(11,(17,((8,15),(16,19)))))))))));
Final quartet score is: 1520887
Final normalized quartet score is: 0.9364537230649496
(17,(((8,15)1:0.23322482280156065,(16,19)1:2.6111447504673824)1:2.5716563678192967,(11,(3,(4,(((1,6)1:2.590944442816789,(9,(10,(5,12)1:3.644790076037012)0.98:0.14528311637665628)1:1.313039301404327)1:3.481581911249807,(((13,14)1:1.5502490410437697,(2,(20,(7,18)1:0.7450337866680916)0.37:0.0153244538111937)1:3.168751437685632)1:4.841558964052319,((25,22)1:0.6076299021599278,((24,21)1:3.0137253739510914,23)1:2.0617419645804347)1:3.9426599748900317)1:0.4133702876152778)1:2.3498090861307315)1:1.5920949051370148)1:1.1919951607665673)1:1.9210479186869567));
Weight calculation took 0.129668979 secs
ASTRAL finished in 0.668 secs
