
================== ASTRAL ===================== 

This is ASTRAL version 5.6.3
Gene trees are treated as unrooted
722 trees read from g_trees-raxml-sqlen-0-ngen-100.trees.tree
All output trees will be *arbitrarily* rooted at 14

======== Running the main analysis
Number of taxa: 25 (25 species)
Taxa: [14, 13, 20, 18, 7, 17, 19, 16, 15, 8, 11, 3, 4, 2, 10, 5, 12, 6, 1, 9, 21, 24, 23, 25, 22]
Taxon occupancy: {22=487, 23=540, 24=509, 25=586, 10=621, 11=624, 12=617, 13=468, 14=466, 15=561, 16=619, 17=586, 18=629, 19=617, 1=609, 2=631, 3=626, 4=529, 5=617, 6=602, 7=597, 8=616, 9=607, 20=620, 21=517}
Number of gene trees: 722
655 trees have missing taxa
Calculating quartet distance matrix (for completion of X)
Species tree distances calculated ...
Will attempt to complete bipartitions from X before adding using a distance matrix.
Building set of clusters (X) from gene trees 
------------------------------
gradient0: 95
Number of Clusters after addition by distance: 95
calculating extra bipartitions to be added at level 1 ...
Adding to X using resolutions of greedy consensus ...
Limit for sigma of degrees:675
polytomy size limit : 3
discarded polytomies:  []
Threshold 0.0:
Threshold 0.01:
Threshold 0.02:
Threshold 0.05:
Threshold 0.1:
Threshold 0.2:
Threshold 0.3333333333333333:
max k is :0
Number of Clusters after addition by greedy: 95
gradient0 in heuristiic: 95
partitions formed in 0.366 secs
Dynamic Programming starting after 0.366 secs
Using tree-based weight calculation.
Using polytree-based weight calculation.
Polytree max score: 4439804
Polytree building time: 0.06 seconds.
Number of quartet trees in the gene trees: 4439804
Size of largest cluster: 25
Greedy score: 4439804
estimationFactor: 1.0
Sub-optimal score: 4439804
Total Number of elements weighted: 80
Normalized score (portion of input quartet trees satisfied before correcting for multiple individuals): 1.0
Optimization score: 4439804
Optimal tree inferred in 0.522 secs.
(21,(24,(23,((25,22),(((14,13),(2,(20,(18,7)))),(((6,1),(9,(10,(5,12)))),(4,(3,(11,(17,((19,16),(15,8))))))))))));
Final quartet score is: 4439804
Final normalized quartet score is: 1.0
(14,(13,((2,(20,(18,7)1:5.962722078242311)1:6.024254369930987)1:5.6835797673386645,((((6,1)1:5.87680163878783,(9,(10,(5,12)1:5.969559711719931)1:5.891644211825773)1:6.003063682951351)1:6.024254369930987,(4,(3,(11,(17,((19,16)1:6.007993849059205,(15,8)1:5.9026333334013446)1:5.962722078242311)1:5.9135030056382805)1:5.8953206865551095)1:5.751513877477394)1:5.770402161997623)1:5.842577766400242,((25,22)1:5.65365808747362,(23,(24,21)1:5.807140987643353)1:5.803124917988458)1:5.821071561179307)1:5.449606814094265)1:5.6606429819956015));
Weight calculation took 0.030101043 secs
ASTRAL finished in 1.627 secs
