
================== ASTRAL ===================== 

This is ASTRAL version 5.6.3
Gene trees are treated as unrooted
193 trees read from g_trees-raxml-sqlen-25-ngen-50.trees.tree
All output trees will be *arbitrarily* rooted at 3

======== Running the main analysis
Number of taxa: 25 (25 species)
Taxa: [3, 15, 8, 11, 4, 17, 9, 21, 24, 23, 25, 22, 10, 14, 13, 2, 7, 20, 18, 6, 16, 19, 5, 12, 1]
Taxon occupancy: {22=156, 23=114, 24=125, 25=157, 10=111, 11=148, 12=122, 13=98, 14=97, 15=140, 16=138, 17=140, 18=165, 19=147, 1=130, 2=162, 3=109, 4=75, 5=123, 6=100, 7=160, 8=144, 9=118, 20=158, 21=123}
Number of gene trees: 193
190 trees have missing taxa
Calculating quartet distance matrix (for completion of X)
Species tree distances calculated ...
Will attempt to complete bipartitions from X before adding using a distance matrix.
Building set of clusters (X) from gene trees 
------------------------------
gradient0: 637
Number of Clusters after addition by distance: 637
calculating extra bipartitions to be added at level 1 ...
Adding to X using resolutions of greedy consensus ...
Limit for sigma of degrees:675
polytomy size limit : 3
discarded polytomies:  [3, 3, 3]
Threshold 0.0:
Threshold 0.01:
Threshold 0.02:
Threshold 0.05:
Threshold 0.1:
Threshold 0.2:
polytomy of size 3; rounds with additions with at least 5 support: 0; clusters: 637
Threshold 0.3333333333333333:
polytomy of size 3; rounds with additions with at least 5 support: 0; clusters: 637
polytomy of size 3; rounds with additions with at least 5 support: 0; clusters: 637
max k is :0
Number of Clusters after addition by greedy: 637
gradient0 in heuristiic: 637
partitions formed in 0.39 secs
Dynamic Programming starting after 0.39 secs
Using tree-based weight calculation.
Using polytree-based weight calculation.
Polytree max score: 587774
Polytree building time: 0.025 seconds.
Number of quartet trees in the gene trees: 587774
Size of largest cluster: 25
Greedy score: 412436
estimationFactor: 1.4251277774006148
Sub-optimal score: 437363
Total Number of elements weighted: 1370
Normalized score (portion of input quartet trees satisfied before correcting for multiple individuals): 0.7773889283976494
Optimization score: 456929
Optimal tree inferred in 0.661 secs.
(16,(19,((15,8),(17,(11,(3,(4,((25,(22,(23,(21,24)))),(((14,13),(2,(20,(7,18)))),((9,10),((5,12),(6,1))))))))))));
Final quartet score is: 456929
Final normalized quartet score is: 0.7773889283976494
(3,((4,((25,(22,(23,(21,24)1:3.05121142587422)1:1.1549436222960618)1:0.47724550026959633)1:2.1265609169642232,(((14,13)1:2.380766390535403,(2,(20,(7,18)1:0.7914189058182718)1:0.337043568819112)1:1.581251882134526)1:0.4543791543639233,((9,10)1:0.3240089329321132,((5,12)1:1.1602952821365848,(6,1)1:0.8944636441591549)1:0.3875747619920101)1:1.0508102948466849)1:0.819684455606953)1:0.39851616752203495)0.99:0.3339915411472244,(11,(17,((15,8)0.78:0.08330751022359588,(19,16)1:1.2954983251990624)1:0.6848520603363749)1:0.5874209462104846)1:0.37303447950996604));
Weight calculation took 0.187370336 secs
ASTRAL finished in 2.708 secs
