
================== ASTRAL ===================== 

This is ASTRAL version 5.6.3
Gene trees are treated as unrooted
25 trees read from g_trees-raxml-sqlen-50-ngen-25-s2g.trees
All output trees will be *arbitrarily* rooted at 14

======== Running the main analysis
Number of taxa: 76 (25 species)
Taxa: {22=[22_3, 22_2, 22_1], 23=[23_4, 23_3, 23_2, 23_1], 24=[24_3, 24_2, 24_1], 25=[25_3, 25_2, 25_1], 10=[10_3, 10_2, 10_1], 11=[11_3, 11_2, 11_1], 12=[12_3, 12_2, 12_1], 13=[13_3, 13_2, 13_1], 14=[14_3, 14_2, 14_1], 15=[15_2, 15_1, 15_4, 15_3], 16=[16_1, 16_3, 16_2], 17=[17_2, 17_1], 18=[18_3, 18_2, 18_1], 19=[19_2, 19_1], 1=[1_1, 1_2, 1_3, 1_4], 2=[2_1, 2_2, 2_3], 3=[3_1, 3_2, 3_3], 4=[4_1, 4_2, 4_3], 5=[5_1, 5_2, 5_3], 6=[6_1, 6_2, 6_3], 7=[7_1, 7_2, 7_3], 8=[8_1, 8_2, 8_3], 9=[9_1, 9_2, 9_3, 9_4], 20=[20_3, 20_2, 20_1], 21=[21_2, 21_1]}
Taxon occupancy: {16_1=20, 14_3=1, 14_2=5, 14_1=22, 12_3=1, 12_2=5, 12_1=19, 10_3=3, 10_2=4, 10_1=20, 18_3=1, 18_2=5, 18_1=23, 16_3=1, 16_2=4, 25_3=1, 25_2=4, 23_4=1, 25_1=19, 23_3=2, 1_1=18, 23_2=6, 23_1=22, 1_2=7, 3_1=20, 1_3=2, 21_2=4, 21_1=23, 3_2=7, 1_4=1, 5_1=18, 3_3=1, 5_2=6, 7_1=21, 5_3=2, 7_2=10, 9_1=20, 7_3=1, 9_2=6, 9_3=2, 9_4=1, 15_2=6, 15_1=22, 13_3=1, 13_2=5, 13_1=20, 11_3=1, 11_2=5, 11_1=22, 19_2=4, 19_1=19, 17_2=6, 15_4=1, 17_1=22, 15_3=2, 24_3=2, 24_2=7, 24_1=18, 22_3=1, 2_1=20, 22_2=5, 22_1=22, 2_2=8, 20_3=1, 4_1=19, 20_2=5, 2_3=1, 20_1=19, 4_2=7, 6_1=19, 4_3=5, 6_2=7, 6_3=5, 8_1=19, 8_2=7, 8_3=1}
Number of gene trees: 25
25 trees have missing taxa
Calculating quartet distance matrix (for completion of X)
Species tree distances calculated ...
Will attempt to complete bipartitions from X before adding using a distance matrix.
Building set of clusters (X) from gene trees 
In second round sampling 3 rounds will be done
------------------------------
gradient0: 243
------------------------------
gradient1: 30
------------------------------
gradient2: 38
Number of Clusters after addition by distance: 311
calculating extra bipartitions to be added at level 1 ...
Adding to X using resolutions of greedy consensus ...
Limit for sigma of degrees:675
polytomy size limit : 3
discarded polytomies:  [3]
Threshold 0.0:
Threshold 0.01:
Threshold 0.02:
Threshold 0.05:
Threshold 0.1:
Threshold 0.2:
Threshold 0.3333333333333333:
polytomy of size 3; rounds with additions with at least 5 support: 0; clusters: 311
max k is :0
Number of Clusters after addition by greedy: 311
gradient0 in heuristiic: 311
calculating extra bipartitions to be added at level 1 ...
Adding to X using resolutions of greedy consensus ...
Limit for sigma of degrees:675
polytomy size limit : 3
discarded polytomies:  [3]
Threshold 0.0:
Threshold 0.01:
Threshold 0.02:
Threshold 0.05:
Threshold 0.1:
Threshold 0.2:
Threshold 0.3333333333333333:
polytomy of size 3; rounds with additions with at least 5 support: 0; clusters: 311
max k is :0
Number of Clusters after addition by greedy: 311
gradient1 in heuristiic: 0
calculating extra bipartitions to be added at level 1 ...
Adding to X using resolutions of greedy consensus ...
Limit for sigma of degrees:675
polytomy size limit : 4
discarded polytomies:  [4]
Threshold 0.0:
Threshold 0.01:
Threshold 0.02:
Threshold 0.05:
Threshold 0.1:
Threshold 0.2:
Threshold 0.3333333333333333:
polytomy of size 4; rounds with additions with at least 5 support: 1; clusters: 313
max k is :2
Number of Clusters after addition by greedy: 313
gradient2 in heuristiic: 2
partitions formed in 2.596 secs
Dynamic Programming starting after 2.596 secs
Using tree-based weight calculation.
Using polytree-based weight calculation.
Polytree max score: 909976
Polytree building time: 0.015 seconds.
Number of quartet trees in the gene trees: 908251
Size of largest cluster: 76
Greedy score: 528230
estimationFactor: 1.7226873495566803
Sub-optimal score: 531102
Total Number of elements weighted: 546
Normalized score (portion of input quartet trees satisfied before correcting for multiple individuals): 0.6288245209749287
Optimization score: 571130
Optimal tree inferred in 2.698 secs.
(19,(16,(13,(10,((12,(25,20)),(((21,17),(24,((14,18),((11,22),(23,15))))),((4,6),(5,(7,(9,(1,(2,(3,8)))))))))))));
Final quartet score is: 601435
Final normalized quartet score is: 0.6621902976159674
You may want to ignore posterior probabilities and other statistics related to the following branch branch because the effective number of genes impacting it is only 3:
	{14}
You may want to ignore posterior probabilities and other statistics related to the following branch branch because the effective number of genes impacting it is only 3:
	{18}
You may want to ignore posterior probabilities and other statistics related to the following branch branch because the effective number of genes impacting it is only 3:
	{11}
You may want to ignore posterior probabilities and other statistics related to the following branch branch because the effective number of genes impacting it is only 3:
	{22}
You may want to ignore posterior probabilities and other statistics related to the following branch branch because the effective number of genes impacting it is only 3:
	{23}
You may want to ignore posterior probabilities and other statistics related to the following branch branch because the effective number of genes impacting it is only 3:
	{15}
You may want to ignore posterior probabilities and other statistics related to the following branch branch because the effective number of genes impacting it is only 5:
	{24}
You may want to ignore posterior probabilities and other statistics related to the following branch branch because the effective number of genes impacting it is only 4:
	{21}
You may want to ignore posterior probabilities and other statistics related to the following branch branch because the effective number of genes impacting it is only 6:
	{17}
You may want to ignore posterior probabilities and other statistics related to the following branch branch because the effective number of genes impacting it is only 6:
	{4}
You may want to ignore posterior probabilities and other statistics related to the following branch branch because the effective number of genes impacting it is only 6:
	{6}
You may want to ignore posterior probabilities and other statistics related to the following branch branch because the effective number of genes impacting it is only 18:
	{4, 6}
You may want to ignore posterior probabilities and other statistics related to the following branch branch because the effective number of genes impacting it is only 4:
	{5}
You may want to ignore posterior probabilities and other statistics related to the following branch branch because the effective number of genes impacting it is only 6:
	{7}
You may want to ignore posterior probabilities and other statistics related to the following branch branch because the effective number of genes impacting it is only 3:
	{9}
You may want to ignore posterior probabilities and other statistics related to the following branch branch because the effective number of genes impacting it is only 4:
	{1}
You may want to ignore posterior probabilities and other statistics related to the following branch branch because the effective number of genes impacting it is only 5:
	{2}
You may want to ignore posterior probabilities and other statistics related to the following branch branch because the effective number of genes impacting it is only 5:
	{3}
You may want to ignore posterior probabilities and other statistics related to the following branch branch because the effective number of genes impacting it is only 5:
	{8}
You may want to ignore posterior probabilities and other statistics related to the following branch branch because the effective number of genes impacting it is only 19:
	{3, 8}
You may want to ignore posterior probabilities and other statistics related to the following branch branch because the effective number of genes impacting it is only 18:
	{3, 2, 8}
You may want to ignore posterior probabilities and other statistics related to the following branch branch because the effective number of genes impacting it is only 18:
	{1, 3, 2, 8}
You may want to ignore posterior probabilities and other statistics related to the following branch branch because the effective number of genes impacting it is only 19:
	{1, 3, 9, 2, 8}
You may want to ignore posterior probabilities and other statistics related to the following branch branch because the effective number of genes impacting it is only 14:
	{1, 3, 7, 9, 2, 8}
You may want to ignore posterior probabilities and other statistics related to the following branch branch because the effective number of genes impacting it is only 15:
	{1, 3, 5, 7, 9, 2, 8}
You may want to ignore posterior probabilities and other statistics related to the following branch branch because the effective number of genes impacting it is only 16:
	{1, 3, 5, 7, 9, 2, 4, 6, 8}
You may want to ignore posterior probabilities and other statistics related to the following branch branch because the effective number of genes impacting it is only 3:
	{12}
You may want to ignore posterior probabilities and other statistics related to the following branch branch because the effective number of genes impacting it is only 3:
	{25}
You may want to ignore posterior probabilities and other statistics related to the following branch branch because the effective number of genes impacting it is only 3:
	{20}
You may want to ignore posterior probabilities and other statistics related to the following branch branch because the effective number of genes impacting it is only 19:
	{25, 20}
You may want to ignore posterior probabilities and other statistics related to the following branch branch because the effective number of genes impacting it is only 19:
	{12, 25, 20}
You may want to ignore posterior probabilities and other statistics related to the following branch branch because the effective number of genes impacting it is only 3:
	{10}
You may want to ignore posterior probabilities and other statistics related to the following branch branch because the effective number of genes impacting it is only 3:
	{13}
You may want to ignore posterior probabilities and other statistics related to the following branch branch because the effective number of genes impacting it is only 3:
	{16}
You may want to ignore posterior probabilities and other statistics related to the following branch branch because the effective number of genes impacting it is only 4:
	{19}
You may want to ignore posterior probabilities and other statistics related to the following branch branch because the effective number of genes impacting it is only 17:
	{16, 19}
You may want to ignore posterior probabilities and other statistics related to the following branch branch because the effective number of genes impacting it is only 19:
	{16, 13, 19}
You may want to ignore posterior probabilities and other statistics related to the following branch branch because the effective number of genes impacting it is only 18:
	{16, 10, 13, 19}
You may want to ignore posterior probabilities and other statistics related to the following branch branch because the effective number of genes impacting it is only 18:
	{16, 12, 10, 25, 13, 19, 20}
You may want to ignore posterior probabilities and other statistics related to the following branch branch because the effective number of genes impacting it is only 19:
	{16, 12, 10, 25, 1, 3, 5, 7, 9, 13, 19, 2, 20, 4, 6, 8}
You may want to ignore posterior probabilities and other statistics related to the following branch branch because the effective number of genes impacting it is only 16:
	{16, 12, 10, 25, 1, 21, 3, 5, 7, 9, 13, 19, 17, 2, 20, 4, 6, 8}
You may want to ignore posterior probabilities and other statistics related to the following branch branch because the effective number of genes impacting it is only 18:
	{16, 12, 10, 25, 1, 21, 3, 5, 7, 9, 13, 19, 17, 24, 2, 20, 4, 6, 8}
((14_3,14_2,14_1)0.3:0.0,((18_3,18_2,18_1)0.16:0.0,((((11_3,11_2,11_1)0.14:0.0,(22_3,22_2,22_1)0.14:0.0)0.95:0.36868523801069053,((23_4,23_3,23_2,23_1)0.19:0.0,(15_2,15_1,15_4,15_3)0.16:0.0)1:0.8991581924621592)0.12:0.0,((24_3,24_2,24_1)0.53:0.10137075179285802,(((21_2,21_1)0.12:0.0,(17_2,17_1)0.09:0.0)1:0.6801163909960127,((((4_1,4_2,4_3)0.15:0.0,(6_1,6_2,6_3)0.18:0.0)1:1.4355001241039211,((5_1,5_2,5_3)0.45:0.02949395905847562,((7_1,7_2,7_3)0.62:0.1701548820845172,((9_1,9_2,9_3,9_4)0.17:0.0,((1_1,1_2,1_3,1_4)0.18:0.0,((2_1,2_2,2_3)0.09:0.0,((3_1,3_2,3_3)0.13:0.0,(8_1,8_2,8_3)0.11:0.0)0.09:0.0)0.99:0.6015822183689943)0.99:0.5891880222847212)1:0.7992491547977593)0.39:0.00436980305780227)0.87:0.329110081001265)1:1.4201765024809299,(((12_3,12_2,12_1)0.23:0.0,((25_3,25_2,25_1)0.15:0.0,(20_3,20_2,20_1)0.13:0.0)1:0.9752890726361109)1:1.5188058658436678,((10_3,10_2,10_1)0.36:0.0,((13_3,13_2,13_1)0.62:0.19152984642550405,((16_1,16_3,16_2)0.21:0.0,(19_2,19_1)0.29:0.0)1:0.9361385829488932)0.99:0.5937490948999218)0.37:0.027967649610933603)0.99:0.562025594934107)0.71:0.16810787292814638)0.74:0.2356912128842237)1:0.6762959284306934)1:0.8046665176098419));
Weight calculation took 0.059875921 secs
ASTRAL finished in 2.808 secs
