
================== ASTRAL ===================== 

This is ASTRAL version 5.6.3
Gene trees are treated as unrooted
50 trees read from g_trees-raxml-sqlen-50-ngen-50-s2g.trees
All output trees will be *arbitrarily* rooted at 12

======== Running the main analysis
Number of taxa: 93 (25 species)
Taxa: {22=[22_3, 22_2, 22_1], 23=[23_4, 23_3, 23_2, 23_1], 24=[24_4, 24_3, 24_2, 24_1, 24_5], 25=[25_3, 25_2, 25_1, 25_5, 25_4], 10=[10_3, 10_2, 10_1], 11=[11_3, 11_2, 11_1], 12=[12_5, 12_4, 12_3, 12_2, 12_1, 12_6], 13=[13_4, 13_3, 13_2, 13_1, 13_5], 14=[14_3, 14_2, 14_1], 15=[15_2, 15_1, 15_4, 15_3], 16=[16_1, 16_3, 16_2], 17=[17_4, 17_3, 17_2, 17_1], 18=[18_3, 18_2, 18_1], 19=[19_4, 19_3, 19_2, 19_1], 1=[1_1, 1_2, 1_3, 1_4], 2=[2_1, 2_2, 2_3, 2_4], 3=[3_1, 3_2, 3_3], 4=[4_1, 4_2, 4_3], 5=[5_1, 5_2, 5_3], 6=[6_1, 6_2, 6_3], 7=[7_1, 7_2, 7_3], 8=[8_1, 8_2, 8_3], 9=[9_1, 9_2, 9_3, 9_4], 20=[20_5, 20_4, 20_3, 20_2, 20_1], 21=[21_3, 21_2, 21_1]}
Taxon occupancy: {16_1=43, 14_3=3, 12_5=1, 14_2=10, 12_4=1, 14_1=38, 12_3=3, 12_2=13, 12_1=42, 10_3=5, 10_2=12, 10_1=40, 18_3=2, 18_2=11, 18_1=39, 16_3=2, 16_2=10, 12_6=1, 25_3=3, 25_2=12, 23_4=1, 25_1=42, 23_3=2, 1_1=39, 23_2=12, 23_1=40, 1_2=13, 21_3=1, 3_1=41, 1_3=4, 21_2=10, 21_1=42, 3_2=14, 1_4=1, 5_1=37, 3_3=3, 5_2=11, 7_1=40, 5_3=2, 7_2=15, 9_1=41, 7_3=2, 9_2=12, 9_3=4, 9_4=1, 25_5=1, 25_4=1, 15_2=12, 13_4=1, 15_1=39, 13_3=3, 13_2=11, 13_1=41, 11_3=2, 11_2=12, 11_1=39, 19_4=1, 19_3=1, 19_2=9, 17_4=1, 19_1=42, 17_3=1, 17_2=11, 15_4=1, 17_1=42, 15_3=2, 13_5=1, 24_4=1, 24_3=5, 24_2=11, 24_1=39, 22_3=2, 20_5=1, 2_1=41, 22_2=9, 20_4=1, 22_1=39, 2_2=15, 20_3=3, 4_1=37, 20_2=13, 2_3=4, 20_1=42, 4_2=14, 2_4=1, 6_1=37, 4_3=7, 6_2=14, 6_3=7, 8_1=40, 8_2=15, 8_3=4, 24_5=1}
Number of gene trees: 50
50 trees have missing taxa
Calculating quartet distance matrix (for completion of X)
Species tree distances calculated ...
Will attempt to complete bipartitions from X before adding using a distance matrix.
Building set of clusters (X) from gene trees 
In second round sampling 3 rounds will be done
------------------------------
gradient0: 493
------------------------------
gradient1: 140
------------------------------
gradient2: 180
Number of Clusters after addition by distance: 813
calculating extra bipartitions to be added at level 1 ...
Adding to X using resolutions of greedy consensus ...
Limit for sigma of degrees:675
polytomy size limit : 7
discarded polytomies:  [5, 7]
Threshold 0.0:
Threshold 0.01:
Threshold 0.02:
Threshold 0.05:
Threshold 0.1:
Threshold 0.2:
polytomy of size 5; rounds with additions with at least 5 support: 0; clusters: 815
Threshold 0.3333333333333333:
polytomy of size 7; rounds with additions with at least 5 support: 2; clusters: 821
max k is :4
Number of Clusters after addition by greedy: 821
gradient0 in heuristiic: 821
calculating extra bipartitions to be added at level 1 ...
Adding to X using resolutions of greedy consensus ...
Limit for sigma of degrees:675
polytomy size limit : 8
discarded polytomies:  [3, 4, 8]
Threshold 0.0:
Threshold 0.01:
Threshold 0.02:
Threshold 0.05:
Threshold 0.1:
Threshold 0.2:
polytomy of size 4; rounds with additions with at least 5 support: 0; clusters: 823
polytomy of size 3; rounds with additions with at least 5 support: 0; clusters: 823
Threshold 0.3333333333333333:
polytomy of size 8; rounds with additions with at least 5 support: 0; clusters: 823
max k is :0
Number of Clusters after addition by greedy: 823
gradient1 in heuristiic: 2
calculating extra bipartitions to be added at level 1 ...
Adding to X using resolutions of greedy consensus ...
Limit for sigma of degrees:675
polytomy size limit : 5
discarded polytomies:  [3, 3, 3, 4, 5]
Threshold 0.0:
Threshold 0.01:
Threshold 0.02:
Threshold 0.05:
polytomy of size 3; rounds with additions with at least 5 support: 0; clusters: 825
Threshold 0.1:
polytomy of size 3; rounds with additions with at least 5 support: 0; clusters: 825
Threshold 0.2:
polytomy of size 4; rounds with additions with at least 5 support: 0; clusters: 827
Threshold 0.3333333333333333:
polytomy of size 3; rounds with additions with at least 5 support: 0; clusters: 827
polytomy of size 5; rounds with additions with at least 5 support: 2; clusters: 837
max k is :4
Number of Clusters after addition by greedy: 837
gradient2 in heuristiic: 14
partitions formed in 5.109 secs
Dynamic Programming starting after 5.109 secs
Using tree-based weight calculation.
Using polytree-based weight calculation.
Polytree max score: 1780338
Polytree building time: 0.017 seconds.
Number of quartet trees in the gene trees: 1774765
Size of largest cluster: 93
Greedy score: 937054
estimationFactor: 1.8999300467582194
Sub-optimal score: 1040675
Total Number of elements weighted: 2125
Normalized score (portion of input quartet trees satisfied before correcting for multiple individuals): 0.5970049555856691
Optimization score: 1059543
Optimal tree inferred in 5.315 secs.
(8,(2,(3,(1,(9,(7,(5,((4,6),((24,((14,18),((11,22),(23,15)))),((21,17),((13,(16,19)),(10,(12,(25,20))))))))))))));
Final quartet score is: 1120299
Final normalized quartet score is: 0.6312379385439763
You may want to ignore posterior probabilities and other statistics related to the following branch branch because the effective number of genes impacting it is only 5:
	{12}
You may want to ignore posterior probabilities and other statistics related to the following branch branch because the effective number of genes impacting it is only 5:
	{25}
You may want to ignore posterior probabilities and other statistics related to the following branch branch because the effective number of genes impacting it is only 6:
	{20}
You may want to ignore posterior probabilities and other statistics related to the following branch branch because the effective number of genes impacting it is only 9:
	{10}
You may want to ignore posterior probabilities and other statistics related to the following branch branch because the effective number of genes impacting it is only 5:
	{13}
You may want to ignore posterior probabilities and other statistics related to the following branch branch because the effective number of genes impacting it is only 7:
	{16}
You may want to ignore posterior probabilities and other statistics related to the following branch branch because the effective number of genes impacting it is only 5:
	{19}
You may want to ignore posterior probabilities and other statistics related to the following branch branch because the effective number of genes impacting it is only 7:
	{21}
You may want to ignore posterior probabilities and other statistics related to the following branch branch because the effective number of genes impacting it is only 6:
	{17}
You may want to ignore posterior probabilities and other statistics related to the following branch branch because the effective number of genes impacting it is only 5:
	{24}
You may want to ignore posterior probabilities and other statistics related to the following branch branch because the effective number of genes impacting it is only 7:
	{14}
You may want to ignore posterior probabilities and other statistics related to the following branch branch because the effective number of genes impacting it is only 8:
	{18}
You may want to ignore posterior probabilities and other statistics related to the following branch branch because the effective number of genes impacting it is only 8:
	{11}
You may want to ignore posterior probabilities and other statistics related to the following branch branch because the effective number of genes impacting it is only 6:
	{22}
You may want to ignore posterior probabilities and other statistics related to the following branch branch because the effective number of genes impacting it is only 6:
	{23}
You may want to ignore posterior probabilities and other statistics related to the following branch branch because the effective number of genes impacting it is only 6:
	{15}
You may want to ignore posterior probabilities and other statistics related to the following branch branch because the effective number of genes impacting it is only 11:
	{4}
You may want to ignore posterior probabilities and other statistics related to the following branch branch because the effective number of genes impacting it is only 11:
	{6}
You may want to ignore posterior probabilities and other statistics related to the following branch branch because the effective number of genes impacting it is only 8:
	{5}
You may want to ignore posterior probabilities and other statistics related to the following branch branch because the effective number of genes impacting it is only 10:
	{7}
You may want to ignore posterior probabilities and other statistics related to the following branch branch because the effective number of genes impacting it is only 7:
	{9}
You may want to ignore posterior probabilities and other statistics related to the following branch branch because the effective number of genes impacting it is only 7:
	{1}
You may want to ignore posterior probabilities and other statistics related to the following branch branch because the effective number of genes impacting it is only 10:
	{3}
You may want to ignore posterior probabilities and other statistics related to the following branch branch because the effective number of genes impacting it is only 8:
	{2}
You may want to ignore posterior probabilities and other statistics related to the following branch branch because the effective number of genes impacting it is only 11:
	{8}
((12_5,12_4,12_3,12_2,12_1,12_6)0.16:0.0,(((25_3,25_2,25_1,25_5,25_4)0.11:0.0,(20_5,20_4,20_3,20_2,20_1)0.1:0.0)1:0.8691394689164632,((10_3,10_2,10_1)0.27:0.0,(((13_4,13_3,13_2,13_1,13_5)0.35:0.0,((16_1,16_3,16_2)0.23:0.0,(19_4,19_3,19_2,19_1)0.23:0.0)1:0.8233699614619524)1:0.6419962445636176,(((21_3,21_2,21_1)0.11:0.0,(17_4,17_3,17_2,17_1)0.12:0.0)1:0.939334523881092,(((24_4,24_3,24_2,24_1,24_5)0.66:0.21287071699551335,(((14_3,14_2,14_1)0.18:0.0,(18_3,18_2,18_1)0.11:0.0)1:0.6702939908088873,(((11_3,11_2,11_1)0.08:0.0,(22_3,22_2,22_1)0.1:0.0)1:0.5116956215637115,((23_4,23_3,23_2,23_1)0.11:0.0,(15_2,15_1,15_4,15_3)0.1:0.0)1:0.9082394400524724)0.05:0.0)1:0.6554677424124217)0.88:0.25265383253905627,(((4_1,4_2,4_3)0.08:0.0,(6_1,6_2,6_3)0.12:0.0)1:1.6024406890666127,((5_1,5_2,5_3)0.53:0.0975222311265292,((7_1,7_2,7_3)0.86:0.36784244716547176,((9_1,9_2,9_3,9_4)0.15:0.0,((1_1,1_2,1_3,1_4)0.11:0.0,((3_1,3_2,3_3)0.07:0.0,((2_1,2_2,2_3,2_4)0.08:0.0,(8_1,8_2,8_3)0.08:0.0)0.99:0.35223100277981295)1:0.5359797973554071)0.97:0.28608011283253265)1:0.9340806616946964)0.47:0.05815663891991063)0.91:0.2860021625980848)1:1.0016709053455253)0.31:0.0)1:0.8686970710088866)0.4:0.027211624699269497)1:1.3175442906037957));
Weight calculation took 0.156125924 secs
ASTRAL finished in 5.447 secs
