
================== ASTRAL ===================== 

This is ASTRAL version 5.6.3
Gene trees are treated as unrooted
500 trees read from g_trees-raxml-sqlen-25-ngen-500-s2g.trees
All output trees will be *arbitrarily* rooted at 14

======== Running the main analysis
Number of taxa: 122 (25 species)
Taxa: {22=[22_4, 22_3, 22_2, 22_1], 23=[23_5, 23_4, 23_3, 23_2, 23_1], 24=[24_4, 24_3, 24_2, 24_1, 24_5], 25=[25_3, 25_2, 25_1, 25_5, 25_4], 10=[10_5, 10_4, 10_3, 10_2, 10_1], 11=[11_4, 11_3, 11_2, 11_1], 12=[12_5, 12_4, 12_3, 12_2, 12_1, 12_6], 13=[13_4, 13_3, 13_2, 13_1, 13_5], 14=[14_3, 14_2, 14_1, 14_5, 14_4], 15=[15_2, 15_1, 15_5, 15_4, 15_3], 16=[16_1, 16_4, 16_3, 16_2], 17=[17_5, 17_4, 17_3, 17_2, 17_1], 18=[18_5, 18_4, 18_3, 18_2, 18_1], 19=[19_6, 19_5, 19_4, 19_3, 19_2, 19_1], 1=[1_1, 1_2, 1_3, 1_4, 1_5], 2=[2_1, 2_2, 2_3, 2_4, 2_5], 3=[3_1, 3_2, 3_3, 3_4, 3_5], 4=[4_1, 4_2, 4_3, 4_4], 5=[5_1, 5_2, 5_3, 5_4, 5_5], 6=[6_1, 6_2, 6_3, 6_4], 7=[7_1, 7_2, 7_3, 7_4, 7_5], 8=[8_1, 8_2, 8_3, 8_4, 8_5], 9=[9_1, 9_2, 9_3, 9_4, 9_5], 20=[20_5, 20_4, 20_3, 20_2, 20_1], 21=[21_5, 21_4, 21_3, 21_2, 21_1]}
Taxon occupancy: {14_3=21, 14_2=97, 14_1=378, 10_5=1, 10_4=6, 10_3=28, 10_2=105, 10_1=381, 18_5=1, 18_4=6, 18_3=22, 18_2=98, 18_1=378, 14_5=2, 14_4=4, 25_3=25, 25_2=113, 25_1=389, 21_5=2, 21_4=8, 21_3=22, 3_1=390, 21_2=94, 21_1=388, 3_2=102, 3_3=25, 3_4=7, 7_1=381, 3_5=1, 7_2=82, 7_3=17, 7_4=5, 7_5=2, 25_5=1, 25_4=5, 13_4=4, 13_3=21, 13_2=109, 13_1=390, 17_5=1, 17_4=7, 17_3=30, 17_2=102, 17_1=384, 13_5=1, 24_4=7, 24_3=27, 24_2=94, 24_1=376, 20_5=1, 2_1=389, 20_4=5, 2_2=100, 20_3=25, 20_2=115, 2_3=25, 20_1=389, 2_4=6, 6_1=385, 2_5=1, 6_2=105, 6_3=25, 6_4=6, 24_5=2, 16_1=379, 12_5=1, 12_4=5, 12_3=22, 12_2=108, 12_1=390, 16_4=4, 16_3=25, 16_2=107, 12_6=1, 23_5=1, 23_4=8, 23_3=22, 1_1=391, 23_2=97, 23_1=375, 1_2=111, 1_3=25, 1_4=8, 5_1=380, 1_5=1, 5_2=98, 5_3=23, 5_4=1, 9_1=388, 5_5=1, 9_2=100, 9_3=22, 9_4=6, 9_5=2, 15_2=97, 15_1=378, 11_4=4, 11_3=23, 11_2=106, 11_1=377, 19_6=1, 19_5=1, 19_4=4, 19_3=23, 19_2=96, 19_1=389, 15_5=1, 15_4=9, 15_3=24, 22_4=4, 22_3=22, 22_2=99, 22_1=375, 4_1=383, 4_2=105, 4_3=23, 4_4=5, 8_1=390, 8_2=104, 8_3=24, 8_4=4, 8_5=1}
Number of gene trees: 500
500 trees have missing taxa
Calculating quartet distance matrix (for completion of X)
Species tree distances calculated ...
Will attempt to complete bipartitions from X before adding using a distance matrix.
Building set of clusters (X) from gene trees 
In second round sampling 4 rounds will be done
------------------------------
gradient0: 1103
------------------------------
gradient1: 462
------------------------------
gradient2: 566
------------------------------
gradient3: 362
Number of Clusters after addition by distance: 2493
calculating extra bipartitions to be added at level 1 ...
Adding to X using resolutions of greedy consensus ...
Limit for sigma of degrees:675
polytomy size limit : 4
discarded polytomies:  [3, 4, 4, 4]
Threshold 0.0:
Threshold 0.01:
Threshold 0.02:
Threshold 0.05:
Threshold 0.1:
Threshold 0.2:
polytomy of size 4; rounds with additions with at least 5 support: 0; clusters: 2493
Threshold 0.3333333333333333:
polytomy of size 3; rounds with additions with at least 5 support: 0; clusters: 2493
polytomy of size 4; rounds with additions with at least 5 support: 0; clusters: 2493
polytomy of size 4; rounds with additions with at least 5 support: 0; clusters: 2493
max k is :0
Number of Clusters after addition by greedy: 2493
gradient0 in heuristiic: 2493
calculating extra bipartitions to be added at level 1 ...
Adding to X using resolutions of greedy consensus ...
Limit for sigma of degrees:675
polytomy size limit : 5
discarded polytomies:  [4, 5]
Threshold 0.0:
Threshold 0.01:
Threshold 0.02:
Threshold 0.05:
Threshold 0.1:
Threshold 0.2:
polytomy of size 4; rounds with additions with at least 5 support: 0; clusters: 2493
Threshold 0.3333333333333333:
polytomy of size 5; rounds with additions with at least 5 support: 0; clusters: 2493
max k is :0
Number of Clusters after addition by greedy: 2493
gradient1 in heuristiic: 0
calculating extra bipartitions to be added at level 1 ...
Adding to X using resolutions of greedy consensus ...
Limit for sigma of degrees:675
polytomy size limit : 5
discarded polytomies:  [3, 3, 3, 3, 4, 5]
Threshold 0.0:
Threshold 0.01:
Threshold 0.02:
Threshold 0.05:
polytomy of size 3; rounds with additions with at least 5 support: 0; clusters: 2493
Threshold 0.1:
polytomy of size 3; rounds with additions with at least 5 support: 0; clusters: 2493
Threshold 0.2:
polytomy of size 3; rounds with additions with at least 5 support: 0; clusters: 2493
Threshold 0.3333333333333333:
polytomy of size 4; rounds with additions with at least 5 support: 0; clusters: 2493
polytomy of size 5; rounds with additions with at least 5 support: 0; clusters: 2493
polytomy of size 3; rounds with additions with at least 5 support: 0; clusters: 2493
max k is :0
Number of Clusters after addition by greedy: 2493
gradient2 in heuristiic: 0
calculating extra bipartitions to be added at level 1 ...
Adding to X using resolutions of greedy consensus ...
Limit for sigma of degrees:675
polytomy size limit : 5
discarded polytomies:  [3, 4, 5, 5]
Threshold 0.0:
Threshold 0.01:
Threshold 0.02:
Threshold 0.05:
polytomy of size 3; rounds with additions with at least 5 support: 0; clusters: 2493
Threshold 0.1:
polytomy of size 4; rounds with additions with at least 5 support: 0; clusters: 2493
Threshold 0.2:
polytomy of size 5; rounds with additions with at least 5 support: 0; clusters: 2493
Threshold 0.3333333333333333:
polytomy of size 5; rounds with additions with at least 5 support: 0; clusters: 2493
max k is :0
Number of Clusters after addition by greedy: 2493
gradient3 in heuristiic: 0
partitions formed in 51.602 secs
Dynamic Programming starting after 51.602 secs
Using tree-based weight calculation.
Using polytree-based weight calculation.
Polytree max score: 16215133
Polytree building time: 0.053 seconds.
Number of quartet trees in the gene trees: 16172009
Size of largest cluster: 122
Greedy score: 8064953
estimationFactor: 2.0105674508848685
Sub-optimal score: 9091408
Total Number of elements weighted: 12548
Normalized score (portion of input quartet trees satisfied before correcting for multiple individuals): 0.5678422204687124
Optimization score: 9183149
Optimal tree inferred in 56.881 secs.
(6,(4,((7,(5,(9,(1,(3,(2,8)))))),(((13,(16,19)),(10,(12,(25,20)))),((21,17),(24,((23,15),((11,22),(14,18)))))))));
Final quartet score is: 9723878
Final normalized quartet score is: 0.6012782951085421
((14_3,14_2,14_1,14_5,14_4)0.04:0.0,((18_5,18_4,18_3,18_2,18_1)0.03:0.0,(((11_4,11_3,11_2,11_1)0.01:0.0,(22_4,22_3,22_2,22_1)0.02:0.0)1:0.4704358703082824,(((23_5,23_4,23_3,23_2,23_1)0.02:0.0,(15_2,15_1,15_5,15_4,15_3)0.03:0.0)1:0.8960828628169353,((24_4,24_3,24_2,24_1,24_5)0.86:0.17917796184949195,(((21_5,21_4,21_3,21_2,21_1)0.05:0.0,(17_5,17_4,17_3,17_2,17_1)0.11:0.0)1:1.039071975056659,((((13_4,13_3,13_2,13_1,13_5)0.12:0.0,((16_1,16_4,16_3,16_2)0.07:0.0,(19_6,19_5,19_4,19_3,19_2,19_1)0.06:0.0)1:0.3502524053172522)1:0.46894629195890225,((10_5,10_4,10_3,10_2,10_1)0.7:0.10578252632213121,((12_5,12_4,12_3,12_2,12_1,12_6)0.02:0.0,((25_3,25_2,25_1,25_5,25_4)0.01:0.0,(20_5,20_4,20_3,20_2,20_1)0.01:0.0)1:0.9761957831906362)1:1.0271949933140696)0.84:0.06014819171322284)1:0.5149663100557743,(((7_1,7_2,7_3,7_4,7_5)0.97:0.29724116606583273,((5_1,5_2,5_3,5_4,5_5)0.99:0.3417699875313115,((9_1,9_2,9_3,9_4,9_5)0.1:0.0,((1_1,1_2,1_3,1_4,1_5)0.04:0.0,((3_1,3_2,3_3,3_4,3_5)0.02:0.0,((2_1,2_2,2_3,2_4,2_5)0.01:0.0,(8_1,8_2,8_3,8_4,8_5)0.01:0.0)1:0.42366255419756066)1:0.46765942339922423)1:0.19085310190054317)1:0.9397438732090152)0.52:0.02374554683988703)1:0.17157155756145775,((4_1,4_2,4_3,4_4)0.01:0.0,(6_1,6_2,6_3,6_4)0.01:0.0)1:1.5957680912859924)1:0.6817556834213558)0.98:0.09964408799887213)0.92:0.08183485262739908)1:0.5687650915078742)1:0.30324469436022167)1:0.4606007028035961));
Weight calculation took 5.323665197 secs
ASTRAL finished in 57.403 secs
