
================== ASTRAL ===================== 

This is ASTRAL version 5.6.3
Gene trees are treated as unrooted
100 trees read from g_trees-raxml-sqlen-25-ngen-100-s2g.trees
All output trees will be *arbitrarily* rooted at 12

======== Running the main analysis
Number of taxa: 93 (25 species)
Taxa: {22=[22_3, 22_2, 22_1], 23=[23_4, 23_3, 23_2, 23_1], 24=[24_4, 24_3, 24_2, 24_1, 24_5], 25=[25_3, 25_2, 25_1, 25_5, 25_4], 10=[10_3, 10_2, 10_1], 11=[11_3, 11_2, 11_1], 12=[12_5, 12_4, 12_3, 12_2, 12_1, 12_6], 13=[13_4, 13_3, 13_2, 13_1, 13_5], 14=[14_3, 14_2, 14_1], 15=[15_2, 15_1, 15_4, 15_3], 16=[16_1, 16_3, 16_2], 17=[17_4, 17_3, 17_2, 17_1], 18=[18_3, 18_2, 18_1], 19=[19_4, 19_3, 19_2, 19_1], 1=[1_1, 1_2, 1_3, 1_4], 2=[2_1, 2_2, 2_3, 2_4], 3=[3_1, 3_2, 3_3], 4=[4_1, 4_2, 4_3], 5=[5_1, 5_2, 5_3], 6=[6_1, 6_2, 6_3], 7=[7_1, 7_2, 7_3], 8=[8_1, 8_2, 8_3], 9=[9_1, 9_2, 9_3, 9_4], 20=[20_5, 20_4, 20_3, 20_2, 20_1], 21=[21_3, 21_2, 21_1]}
Taxon occupancy: {16_1=80, 14_3=4, 12_5=1, 14_2=15, 12_4=1, 14_1=72, 12_3=3, 12_2=19, 12_1=82, 10_3=6, 10_2=20, 10_1=78, 18_3=3, 18_2=13, 18_1=72, 16_3=5, 16_2=18, 12_6=1, 25_3=3, 25_2=16, 23_4=1, 25_1=82, 23_3=3, 1_1=78, 23_2=21, 23_1=71, 1_2=23, 21_3=3, 3_1=80, 1_3=5, 21_2=18, 21_1=80, 1_4=1, 3_2=24, 5_1=75, 3_3=5, 5_2=24, 7_1=81, 5_3=4, 7_2=26, 9_1=80, 7_3=4, 9_2=22, 9_3=4, 9_4=1, 25_5=1, 25_4=1, 15_2=21, 13_4=1, 15_1=72, 13_3=5, 13_2=20, 13_1=80, 11_3=4, 11_2=17, 11_1=71, 19_4=1, 19_3=3, 19_2=17, 17_4=1, 19_1=81, 17_3=3, 17_2=20, 15_4=1, 17_1=79, 15_3=2, 13_5=1, 24_4=1, 24_3=5, 24_2=19, 24_1=74, 22_3=4, 20_5=1, 2_1=80, 22_2=14, 20_4=1, 22_1=70, 2_2=25, 20_3=3, 4_1=79, 20_2=17, 2_3=6, 20_1=82, 4_2=26, 2_4=1, 6_1=79, 4_3=9, 6_2=25, 6_3=9, 8_1=79, 8_2=26, 8_3=5, 24_5=1}
Number of gene trees: 100
100 trees have missing taxa
Calculating quartet distance matrix (for completion of X)
Species tree distances calculated ...
Will attempt to complete bipartitions from X before adding using a distance matrix.
Building set of clusters (X) from gene trees 
In second round sampling 3 rounds will be done
------------------------------
gradient0: 669
------------------------------
gradient1: 250
------------------------------
gradient2: 172
Number of Clusters after addition by distance: 1091
calculating extra bipartitions to be added at level 1 ...
Adding to X using resolutions of greedy consensus ...
Limit for sigma of degrees:675
polytomy size limit : 4
discarded polytomies:  [3, 3, 3, 3, 4]
Threshold 0.0:
Threshold 0.01:
Threshold 0.02:
Threshold 0.05:
Threshold 0.1:
Threshold 0.2:
polytomy of size 3; rounds with additions with at least 5 support: 0; clusters: 1091
Threshold 0.3333333333333333:
polytomy of size 3; rounds with additions with at least 5 support: 0; clusters: 1091
polytomy of size 4; rounds with additions with at least 5 support: 0; clusters: 1091
polytomy of size 3; rounds with additions with at least 5 support: 0; clusters: 1091
polytomy of size 3; rounds with additions with at least 5 support: 0; clusters: 1091
max k is :0
Number of Clusters after addition by greedy: 1091
gradient0 in heuristiic: 1091
calculating extra bipartitions to be added at level 1 ...
Adding to X using resolutions of greedy consensus ...
Limit for sigma of degrees:675
polytomy size limit : 4
discarded polytomies:  [3, 4]
Threshold 0.0:
Threshold 0.01:
Threshold 0.02:
Threshold 0.05:
Threshold 0.1:
Threshold 0.2:
Threshold 0.3333333333333333:
polytomy of size 3; rounds with additions with at least 5 support: 0; clusters: 1091
polytomy of size 4; rounds with additions with at least 5 support: 0; clusters: 1091
max k is :0
Number of Clusters after addition by greedy: 1091
gradient1 in heuristiic: 0
calculating extra bipartitions to be added at level 1 ...
Adding to X using resolutions of greedy consensus ...
Limit for sigma of degrees:675
polytomy size limit : 4
discarded polytomies:  [3, 4]
Threshold 0.0:
Threshold 0.01:
Threshold 0.02:
Threshold 0.05:
Threshold 0.1:
Threshold 0.2:
Threshold 0.3333333333333333:
polytomy of size 3; rounds with additions with at least 5 support: 0; clusters: 1091
polytomy of size 4; rounds with additions with at least 5 support: 0; clusters: 1091
max k is :0
Number of Clusters after addition by greedy: 1091
gradient2 in heuristiic: 0
partitions formed in 9.343 secs
Dynamic Programming starting after 9.343 secs
Using tree-based weight calculation.
Using polytree-based weight calculation.
Polytree max score: 2753524
Polytree building time: 0.024 seconds.
Number of quartet trees in the gene trees: 2746946
Size of largest cluster: 93
Greedy score: 1338206
estimationFactor: 2.057622646430129
Sub-optimal score: 1475827
Total Number of elements weighted: 3169
Normalized score (portion of input quartet trees satisfied before correcting for multiple individuals): 0.5661623854273072
Optimization score: 1555217
Optimal tree inferred in 9.758 secs.
(6,(4,(((5,7),(9,(1,(3,(2,8))))),((24,((23,15),((14,18),(11,22)))),((21,17),((13,(16,19)),(10,(12,(25,20)))))))));
Final quartet score is: 1638520
Final normalized quartet score is: 0.5964878814508913
You may want to ignore posterior probabilities and other statistics related to the following branch branch because the effective number of genes impacting it is only 7:
	{12}
You may want to ignore posterior probabilities and other statistics related to the following branch branch because the effective number of genes impacting it is only 7:
	{25}
You may want to ignore posterior probabilities and other statistics related to the following branch branch because the effective number of genes impacting it is only 7:
	{20}
You may want to ignore posterior probabilities and other statistics related to the following branch branch because the effective number of genes impacting it is only 15:
	{10}
You may want to ignore posterior probabilities and other statistics related to the following branch branch because the effective number of genes impacting it is only 9:
	{13}
You may want to ignore posterior probabilities and other statistics related to the following branch branch because the effective number of genes impacting it is only 13:
	{16}
You may want to ignore posterior probabilities and other statistics related to the following branch branch because the effective number of genes impacting it is only 9:
	{19}
You may want to ignore posterior probabilities and other statistics related to the following branch branch because the effective number of genes impacting it is only 12:
	{21}
You may want to ignore posterior probabilities and other statistics related to the following branch branch because the effective number of genes impacting it is only 11:
	{17}
You may want to ignore posterior probabilities and other statistics related to the following branch branch because the effective number of genes impacting it is only 8:
	{24}
You may want to ignore posterior probabilities and other statistics related to the following branch branch because the effective number of genes impacting it is only 11:
	{23}
You may want to ignore posterior probabilities and other statistics related to the following branch branch because the effective number of genes impacting it is only 11:
	{15}
You may want to ignore posterior probabilities and other statistics related to the following branch branch because the effective number of genes impacting it is only 11:
	{14}
You may want to ignore posterior probabilities and other statistics related to the following branch branch because the effective number of genes impacting it is only 9:
	{18}
You may want to ignore posterior probabilities and other statistics related to the following branch branch because the effective number of genes impacting it is only 12:
	{11}
You may want to ignore posterior probabilities and other statistics related to the following branch branch because the effective number of genes impacting it is only 10:
	{22}
You may want to ignore posterior probabilities and other statistics related to the following branch branch because the effective number of genes impacting it is only 16:
	{5}
You may want to ignore posterior probabilities and other statistics related to the following branch branch because the effective number of genes impacting it is only 15:
	{7}
You may want to ignore posterior probabilities and other statistics related to the following branch branch because the effective number of genes impacting it is only 12:
	{9}
You may want to ignore posterior probabilities and other statistics related to the following branch branch because the effective number of genes impacting it is only 13:
	{1}
You may want to ignore posterior probabilities and other statistics related to the following branch branch because the effective number of genes impacting it is only 17:
	{3}
You may want to ignore posterior probabilities and other statistics related to the following branch branch because the effective number of genes impacting it is only 14:
	{2}
You may want to ignore posterior probabilities and other statistics related to the following branch branch because the effective number of genes impacting it is only 19:
	{8}
You may want to ignore posterior probabilities and other statistics related to the following branch branch because the effective number of genes impacting it is only 19:
	{6}
((12_5,12_4,12_3,12_2,12_1,12_6)0.11:0.0,(((25_3,25_2,25_1,25_5,25_4)0.09:0.0,(20_5,20_4,20_3,20_2,20_1)0.08:0.0)1:1.1374748393234597,((10_3,10_2,10_1)0.74:0.20478987633615386,(((13_4,13_3,13_2,13_1,13_5)0.22:0.0,((16_1,16_3,16_2)0.18:0.0,(19_4,19_3,19_2,19_1)0.27:0.0)1:0.2782305979477786)1:0.45114510968168686,(((21_3,21_2,21_1)0.16:0.0,(17_4,17_3,17_2,17_1)0.11:0.0)1:0.8952245551266567,(((24_4,24_3,24_2,24_1,24_5)0.57:0.1203354262845735,(((23_4,23_3,23_2,23_1)0.07:0.0,(15_2,15_1,15_4,15_3)0.14:0.0)1:0.8767818530356069,(((14_3,14_2,14_1)0.14:0.0,(18_3,18_2,18_1)0.09:0.0)1:0.5555311784565907,((11_3,11_2,11_1)0.09:0.0,(22_3,22_2,22_1)0.08:0.0)0.95:0.19132904390462993)1:0.31493872985815996)1:0.6035514851054206)0.69:0.1029179307631554,((((5_1,5_2,5_3)0.54:0.08417685551235266,(7_1,7_2,7_3)0.77:0.2195165536955202)0.19:0.0,((9_1,9_2,9_3,9_4)0.2:0.0,((1_1,1_2,1_3,1_4)0.14:0.0,((3_1,3_2,3_3)0.07:0.0,((2_1,2_2,2_3,2_4)0.06:0.0,(8_1,8_2,8_3)0.05:0.0)1:0.34950176411342443)1:0.6021497454605113)0.93:0.1714387108284772)1:0.8363384399884015)0.92:0.18032991028594858,((4_1,4_2,4_3)0.08:0.0,(6_1,6_2,6_3)0.07:0.0)1:1.4410635889011107)1:0.5602673814671502)0.27:0.0)1:0.6546373125295248)0.64:0.07341235797889306)1:0.8984603847520751));
Weight calculation took 0.353413361 secs
ASTRAL finished in 9.912 secs
