
================== ASTRAL ===================== 

This is ASTRAL version 5.6.3
Gene trees are treated as unrooted
186 trees read from g_trees-raxml-sqlen-0-ngen-100.trees.tree
All output trees will be *arbitrarily* rooted at 10

======== Running the main analysis
Number of taxa: 25 (25 species)
Taxa: [10, 13, 19, 16, 20, 25, 12, 22, 11, 18, 14, 23, 15, 17, 21, 6, 4, 5, 3, 2, 8, 1, 9, 24, 7]
Taxon occupancy: {22=133, 23=146, 24=153, 25=165, 10=162, 11=135, 12=168, 13=164, 14=135, 15=148, 16=166, 17=167, 18=139, 19=167, 1=146, 2=149, 3=149, 4=152, 5=143, 6=152, 7=138, 8=148, 9=148, 20=168, 21=162}
Number of gene trees: 186
157 trees have missing taxa
Calculating quartet distance matrix (for completion of X)
Species tree distances calculated ...
Will attempt to complete bipartitions from X before adding using a distance matrix.
Building set of clusters (X) from gene trees 
------------------------------
gradient0: 95
Number of Clusters after addition by distance: 95
calculating extra bipartitions to be added at level 1 ...
Adding to X using resolutions of greedy consensus ...
Limit for sigma of degrees:675
polytomy size limit : 3
discarded polytomies:  []
Threshold 0.0:
Threshold 0.01:
Threshold 0.02:
Threshold 0.05:
Threshold 0.1:
Threshold 0.2:
Threshold 0.3333333333333333:
max k is :0
Number of Clusters after addition by greedy: 95
gradient0 in heuristiic: 95
partitions formed in 0.166 secs
Dynamic Programming starting after 0.166 secs
Using tree-based weight calculation.
Using polytree-based weight calculation.
Polytree max score: 1214273
Polytree building time: 0.022 seconds.
Number of quartet trees in the gene trees: 1214273
Size of largest cluster: 25
Greedy score: 1214273
estimationFactor: 1.0
Sub-optimal score: 1214273
Total Number of elements weighted: 81
Normalized score (portion of input quartet trees satisfied before correcting for multiple individuals): 1.0
Optimization score: 1214273
Optimal tree inferred in 0.247 secs.
(8,(2,(3,(1,(9,(7,(5,((6,4),((10,((12,(20,25)),(13,(19,16)))),((17,21),(24,((23,15),((22,11),(18,14))))))))))))));
Final quartet score is: 1214273
Final normalized quartet score is: 1.0
(10,(((12,(20,25)1:4.706522680248385)1:4.6821312271242155,(13,(19,16)1:4.605170185988085)1:4.611814728706755)1:4.550361949493098,(((17,21)1:4.631487494305473,(24,((23,15)1:4.507189777627891,((22,11)1:4.469732215092986,(18,14)1:4.406719247264248)1:4.454347296253506)1:4.39032543748858)1:4.406719247264248)1:4.624972813284274,((6,4)1:4.578141513600168,(5,(7,(9,(1,(3,(2,8)1:4.598481197837296)1:4.5849674786705705)1:4.571268634312408)1:4.422848629194136)1:4.238925791033211)1:4.373658385003369)1:4.536177314501144)1:4.624972813284274));
Weight calculation took 0.021495412 secs
ASTRAL finished in 0.573 secs
