
================== ASTRAL ===================== 

This is ASTRAL version 5.6.3
Gene trees are treated as unrooted
119 trees read from g_trees-raxml-sqlen-100-ngen-50.trees.tree
All output trees will be *arbitrarily* rooted at 11

======== Running the main analysis
Number of taxa: 25 (25 species)
Taxa: [11, 22, 15, 23, 14, 18, 17, 21, 13, 10, 12, 25, 20, 19, 16, 9, 8, 2, 3, 1, 6, 4, 5, 24, 7]
Taxon occupancy: {22=83, 23=89, 24=94, 25=98, 10=102, 11=89, 12=99, 13=97, 14=75, 15=89, 16=96, 17=97, 18=84, 19=90, 1=86, 2=89, 3=89, 4=85, 5=80, 6=85, 7=83, 8=87, 9=86, 20=99, 21=86}
Number of gene trees: 119
109 trees have missing taxa
Calculating quartet distance matrix (for completion of X)
Species tree distances calculated ...
Will attempt to complete bipartitions from X before adding using a distance matrix.
Building set of clusters (X) from gene trees 
------------------------------
gradient0: 331
Number of Clusters after addition by distance: 331
calculating extra bipartitions to be added at level 1 ...
Adding to X using resolutions of greedy consensus ...
Limit for sigma of degrees:675
polytomy size limit : 3
discarded polytomies:  []
Threshold 0.0:
Threshold 0.01:
Threshold 0.02:
Threshold 0.05:
Threshold 0.1:
Threshold 0.2:
Threshold 0.3333333333333333:
max k is :0
Number of Clusters after addition by greedy: 331
gradient0 in heuristiic: 331
partitions formed in 0.178 secs
Dynamic Programming starting after 0.178 secs
Using tree-based weight calculation.
Using polytree-based weight calculation.
Polytree max score: 580301
Polytree building time: 0.018 seconds.
Number of quartet trees in the gene trees: 580301
Size of largest cluster: 25
Greedy score: 503760
estimationFactor: 1.1519394155947276
Sub-optimal score: 503760
Total Number of elements weighted: 424
Normalized score (portion of input quartet trees satisfied before correcting for multiple individuals): 0.8791833893100305
Optimization score: 510191
Optimal tree inferred in 0.295 secs.
(6,(4,((5,(7,(9,(1,(3,(8,2)))))),((17,21),(((13,(19,16)),(10,(12,(25,20)))),(24,((15,23),((11,22),(14,18)))))))));
Final quartet score is: 510191
Final normalized quartet score is: 0.8791833893100305
(11,(22,((14,18)1:1.2972836407013095,((15,23)1:2.4159137783010487,(24,(((13,(19,16)1:1.0689365205219932)1:1.922043227063097,(10,(12,(25,20)1:2.2335922215070947)1:2.4467706699181933)0.59:0.058895030417530865)1:1.9066754871821756,((17,21)1:1.7032060718866084,((5,(7,(9,(1,(3,(8,2)1:1.2795917712400788)1:0.9942737904267397)1:0.27147507780777963)1:2.0184056510934667)1:0.4403523671086049)1:1.072636802264849,(4,6)1:3.9765615265657206)1:2.522780722094798)0.79:0.10223658458669561)1:0.49107081665777363)1:1.4056150181756448)1:0.732957703471152)1:1.2498463260018464));
Weight calculation took 0.056601881 secs
ASTRAL finished in 0.581 secs
