
================== ASTRAL ===================== 

This is ASTRAL version 5.6.3
Gene trees are treated as unrooted
133 trees read from g_trees-raxml-sqlen-250-ngen-50.trees.tree
All output trees will be *arbitrarily* rooted at 23

======== Running the main analysis
Number of taxa: 25 (25 species)
Taxa: [23, 15, 18, 14, 11, 22, 21, 17, 20, 25, 12, 10, 13, 19, 16, 4, 6, 5, 9, 1, 3, 8, 2, 24, 7]
Taxon occupancy: {22=96, 23=111, 24=108, 25=102, 10=111, 11=99, 12=107, 13=112, 14=104, 15=110, 16=116, 17=122, 18=111, 19=112, 1=92, 2=92, 3=94, 4=90, 5=81, 6=90, 7=90, 8=92, 9=92, 20=106, 21=115}
Number of gene trees: 133
122 trees have missing taxa
Calculating quartet distance matrix (for completion of X)
Species tree distances calculated ...
Will attempt to complete bipartitions from X before adding using a distance matrix.
Building set of clusters (X) from gene trees 
------------------------------
gradient0: 183
Number of Clusters after addition by distance: 183
calculating extra bipartitions to be added at level 1 ...
Adding to X using resolutions of greedy consensus ...
Limit for sigma of degrees:675
polytomy size limit : 3
discarded polytomies:  []
Threshold 0.0:
Threshold 0.01:
Threshold 0.02:
Threshold 0.05:
Threshold 0.1:
Threshold 0.2:
Threshold 0.3333333333333333:
max k is :0
Number of Clusters after addition by greedy: 183
gradient0 in heuristiic: 183
partitions formed in 0.274 secs
Dynamic Programming starting after 0.274 secs
Using tree-based weight calculation.
Using polytree-based weight calculation.
Polytree max score: 680713
Polytree building time: 0.028 seconds.
Number of quartet trees in the gene trees: 680713
Size of largest cluster: 25
Greedy score: 638457
estimationFactor: 1.0661845668541499
Sub-optimal score: 638457
Total Number of elements weighted: 195
Normalized score (portion of input quartet trees satisfied before correcting for multiple individuals): 0.9380752240665302
Optimization score: 638560
Optimal tree inferred in 0.385 secs.
(3,((8,2),(1,(9,((5,7),((4,6),((10,((12,(20,25)),(13,(19,16)))),((21,17),(24,((23,15),((11,22),(18,14))))))))))));
Final quartet score is: 638560
Final normalized quartet score is: 0.9380752240665302
(23,(15,(((11,22)1:3.4657359027997248,(18,14)1:1.6608872414616573)1:1.2685113254635072,(24,((21,17)1:4.339467020255092,((10,((12,(20,25)1:2.580216829592325)1:4.127134385045093,(13,(19,16)1:2.8526314299133184)1:2.3764260067939307)1:0.31015492830383945)1:3.9963641538619004,((4,6)1:4.001254139156088,((5,7)0.52:0.052367985517315925,(9,(1,((8,2)1:1.5731215575762172,3)1:1.2594943964944891)1:0.5278232001345617)1:4.116323468940871)1:1.527372959379796)1:4.01337549968843)1:0.38547981572790746)1:0.5271620430856844)1:3.3787245258100977)1:3.574216545793796));
Weight calculation took 0.049453637 secs
ASTRAL finished in 0.546 secs
