
================== ASTRAL ===================== 

This is ASTRAL version 5.6.3
Gene trees are treated as unrooted
55 trees read from g_trees-raxml-sqlen-0-ngen-25.trees.tree
All output trees will be *arbitrarily* rooted at 10

======== Running the main analysis
Number of taxa: 25 (25 species)
Taxa: [10, 13, 19, 16, 20, 25, 12, 22, 11, 18, 14, 23, 15, 17, 21, 6, 4, 5, 3, 2, 8, 1, 9, 24, 7]
Taxon occupancy: {22=44, 23=47, 24=45, 25=42, 10=48, 11=44, 12=45, 13=48, 14=44, 15=48, 16=49, 17=53, 18=50, 19=47, 1=36, 2=38, 3=38, 4=50, 5=39, 6=50, 7=42, 8=37, 9=38, 20=45, 21=49}
Number of gene trees: 55
47 trees have missing taxa
Calculating quartet distance matrix (for completion of X)
Species tree distances calculated ...
Will attempt to complete bipartitions from X before adding using a distance matrix.
Building set of clusters (X) from gene trees 
------------------------------
gradient0: 97
Number of Clusters after addition by distance: 97
calculating extra bipartitions to be added at level 1 ...
Adding to X using resolutions of greedy consensus ...
Limit for sigma of degrees:675
polytomy size limit : 3
discarded polytomies:  []
Threshold 0.0:
Threshold 0.01:
Threshold 0.02:
Threshold 0.05:
Threshold 0.1:
Threshold 0.2:
Threshold 0.3333333333333333:
max k is :0
Number of Clusters after addition by greedy: 97
gradient0 in heuristiic: 97
partitions formed in 0.112 secs
Dynamic Programming starting after 0.112 secs
Using tree-based weight calculation.
Using polytree-based weight calculation.
Polytree max score: 343633
Polytree building time: 0.016 seconds.
Number of quartet trees in the gene trees: 343633
Size of largest cluster: 25
Greedy score: 343633
estimationFactor: 1.0
Sub-optimal score: 343633
Total Number of elements weighted: 83
Normalized score (portion of input quartet trees satisfied before correcting for multiple individuals): 1.0
Optimization score: 343633
Optimal tree inferred in 0.183 secs.
(20,(25,(12,((13,(19,16)),(10,(((17,21),(24,((23,15),((22,11),(18,14))))),((6,4),(5,(7,(9,(1,(3,(2,8)))))))))))));
Final quartet score is: 343633
Final normalized quartet score is: 1.0
(10,((((17,21)1:3.4657359027997248,(24,((23,15)1:3.4657359027997248,((22,11)1:3.401197381662154,(18,14)1:3.2580965380214812)1:3.3557350075853964)1:3.3557350075853964)1:3.3081069585961425)1:3.506557897319981,((6,4)1:3.401197381662154,(5,(7,(9,(1,(3,(2,8)1:3.2321210516182224)1:3.205452804536062)1:3.205452804536062)1:3.205452804536062)1:2.92673940206704)1:3.091042453358317)1:3.332204510175203)1:3.4657359027997248,((13,(19,16)1:3.401197381662154)1:3.332204510175203,(12,(25,20)1:3.3557350075853964)1:3.3787245258100977)1:3.283414346005771));
Weight calculation took 0.02077435 secs
ASTRAL finished in 0.426 secs
