
================== ASTRAL ===================== 

This is ASTRAL version 5.6.3
Gene trees are treated as unrooted
108 trees read from g_trees-raxml-sqlen-0-ngen-50.trees.tree
All output trees will be *arbitrarily* rooted at 10

======== Running the main analysis
Number of taxa: 25 (25 species)
Taxa: [10, 13, 19, 16, 20, 25, 12, 22, 11, 18, 14, 23, 15, 17, 21, 6, 4, 5, 3, 2, 8, 1, 9, 24, 7]
Taxon occupancy: {22=82, 23=90, 24=90, 25=92, 10=92, 11=83, 12=95, 13=91, 14=82, 15=90, 16=98, 17=100, 18=89, 19=95, 1=78, 2=80, 3=80, 4=83, 5=75, 6=83, 7=74, 8=79, 9=80, 20=95, 21=95}
Number of gene trees: 108
94 trees have missing taxa
Calculating quartet distance matrix (for completion of X)
Species tree distances calculated ...
Will attempt to complete bipartitions from X before adding using a distance matrix.
Building set of clusters (X) from gene trees 
------------------------------
gradient0: 95
Number of Clusters after addition by distance: 95
calculating extra bipartitions to be added at level 1 ...
Adding to X using resolutions of greedy consensus ...
Limit for sigma of degrees:675
polytomy size limit : 3
discarded polytomies:  []
Threshold 0.0:
Threshold 0.01:
Threshold 0.02:
Threshold 0.05:
Threshold 0.1:
Threshold 0.2:
Threshold 0.3333333333333333:
max k is :0
Number of Clusters after addition by greedy: 95
gradient0 in heuristiic: 95
partitions formed in 0.148 secs
Dynamic Programming starting after 0.148 secs
Using tree-based weight calculation.
Using polytree-based weight calculation.
Polytree max score: 664458
Polytree building time: 0.018 seconds.
Number of quartet trees in the gene trees: 664458
Size of largest cluster: 25
Greedy score: 664458
estimationFactor: 1.0
Sub-optimal score: 664458
Total Number of elements weighted: 81
Normalized score (portion of input quartet trees satisfied before correcting for multiple individuals): 1.0
Optimization score: 664458
Optimal tree inferred in 0.223 secs.
(20,(25,(12,((13,(19,16)),(10,(((17,21),(24,((23,15),((22,11),(18,14))))),((6,4),(5,(7,(9,(1,(3,(2,8)))))))))))));
Final quartet score is: 664458
Final normalized quartet score is: 1.0
(10,((((17,21)1:4.127134385045093,(24,((23,15)1:4.060443010546421,((22,11)1:4.001254139156088,(18,14)1:3.925268232178164)1:3.98898404656427)1:3.9120230054281477)1:3.8712010109078947)1:4.094344562222104,((6,4)1:3.951243718581431,(5,(7,(9,(1,(3,(2,8)1:3.9765615265657206)1:3.9639827443588604)1:3.9639827443588604)1:3.828641396489098)1:3.564826805443958)1:3.6720723357975578)1:3.9120230054281477)1:4.060443010546421,((13,(19,16)1:4.037186148382156)1:4.001254139156088,(12,(25,20)1:4.127134385045093)1:4.10539439840869)1:3.951243718581431));
Weight calculation took 0.019282752 secs
ASTRAL finished in 1.495 secs
