
================== ASTRAL ===================== 

This is ASTRAL version 5.6.3
Gene trees are treated as unrooted
25 trees read from g_trees-raxml-sqlen-250-ngen-25-s2g.trees
All output trees will be *arbitrarily* rooted at 16

======== Running the main analysis
Number of taxa: 25 (25 species)
Taxa: [16, 15, 14, 13, 12, 11, 10, 19, 18, 17, 25, 24, 1, 23, 2, 22, 3, 21, 4, 20, 5, 6, 7, 8, 9]
Taxon occupancy: {16_1=25, 15_1=25, 14_1=25, 13_1=25, 12_1=25, 11_1=25, 10_1=25, 19_1=25, 18_1=25, 17_1=25, 25_1=25, 24_1=25, 1_1=25, 23_1=25, 2_1=25, 22_1=25, 3_1=25, 21_1=25, 4_1=25, 5_1=25, 20_1=25, 6_1=25, 7_1=25, 8_1=25, 9_1=25}
Number of gene trees: 25
0 trees have missing taxa
Calculating quartet distance matrix (for completion of X)
Species tree distances calculated ...
Building set of clusters (X) from gene trees 
------------------------------
gradient0: 185
Number of Clusters after addition by distance: 185
calculating extra bipartitions to be added at level 1 ...
Adding to X using resolutions of greedy consensus ...
Limit for sigma of degrees:675
polytomy size limit : 3
discarded polytomies:  []
Threshold 0.0:
Threshold 0.01:
Threshold 0.02:
Threshold 0.05:
Threshold 0.1:
Threshold 0.2:
Threshold 0.3333333333333333:
max k is :0
Number of Clusters after addition by greedy: 185
gradient0 in heuristiic: 185
partitions formed in 0.092 secs
Dynamic Programming starting after 0.092 secs
Using tree-based weight calculation.
Using polytree-based weight calculation.
Polytree max score: 316250
Polytree building time: 0.01 seconds.
Number of quartet trees in the gene trees: 316250
Size of largest cluster: 25
Greedy score: 264672
estimationFactor: 1.1948751662435013
Sub-optimal score: 272800
Total Number of elements weighted: 177
Normalized score (portion of input quartet trees satisfied before correcting for multiple individuals): 0.8900332015810277
Optimization score: 281473
Optimal tree inferred in 0.135 secs.
(20,(12,(4,(((8,(16,6)),((19,18),(5,(14,7)))),(((15,21),((10,22),(3,(11,25)))),((13,(1,2)),(24,(17,(23,9)))))))));
Final quartet score is: 281473
Final normalized quartet score is: 0.8900332015810277
(16_1,(6_1,(8_1,(((19_1,18_1)1:2.159484249353373,(5_1,(14_1,7_1)1:2.8526314299133184)0.92:0.2876820724517809)1:2.8526314299133184,((((15_1,21_1)1:2.8526314299133184,((10_1,22_1)1:2.552526837462979,(3_1,(11_1,25_1)1:2.8526314299133184)1:1.3485540331370445)1:0.6615988228250197)1:1.6144454341647227,((13_1,(1_1,2_1)1:2.8526314299133184)1:0.7060505853958531,(24_1,(17_1,(23_1,9_1)1:1.466337068793427)0.88:0.24994174446893402)1:2.714481091432501)1:1.707499125610315)0.96:0.3456488284261173,(4_1,(12_1,20_1)1:0.6554068525770984)1:2.8526314299133184)1:0.9067212808580042)1:2.8526314299133184)0.52:0.08004270767353637));
Weight calculation took 0.007871165 secs
ASTRAL finished in 0.222 secs
