
================== ASTRAL ===================== 

This is ASTRAL version 5.6.3
Gene trees are treated as unrooted
50 trees read from g_trees-raxml-sqlen-100-ngen-50-s2g.trees
All output trees will be *arbitrarily* rooted at 16

======== Running the main analysis
Number of taxa: 25 (25 species)
Taxa: [16, 15, 14, 13, 12, 11, 10, 19, 18, 17, 25, 24, 1, 23, 2, 22, 3, 21, 4, 20, 5, 6, 7, 8, 9]
Taxon occupancy: {16_1=50, 15_1=50, 14_1=50, 13_1=50, 12_1=50, 11_1=50, 10_1=50, 19_1=50, 18_1=50, 17_1=50, 25_1=50, 24_1=50, 1_1=50, 23_1=50, 2_1=50, 3_1=50, 22_1=50, 21_1=50, 4_1=50, 5_1=50, 20_1=50, 6_1=50, 7_1=50, 8_1=50, 9_1=50}
Number of gene trees: 50
0 trees have missing taxa
Calculating quartet distance matrix (for completion of X)
Species tree distances calculated ...
Building set of clusters (X) from gene trees 
------------------------------
gradient0: 373
Number of Clusters after addition by distance: 373
calculating extra bipartitions to be added at level 1 ...
Adding to X using resolutions of greedy consensus ...
Limit for sigma of degrees:675
polytomy size limit : 3
discarded polytomies:  []
Threshold 0.0:
Threshold 0.01:
Threshold 0.02:
Threshold 0.05:
Threshold 0.1:
Threshold 0.2:
Threshold 0.3333333333333333:
max k is :0
Number of Clusters after addition by greedy: 373
gradient0 in heuristiic: 373
partitions formed in 0.1 secs
Dynamic Programming starting after 0.1 secs
Using tree-based weight calculation.
Using polytree-based weight calculation.
Polytree max score: 632500
Polytree building time: 0.016 seconds.
Number of quartet trees in the gene trees: 632500
Size of largest cluster: 25
Greedy score: 477589
estimationFactor: 1.3243604856895783
Sub-optimal score: 481759
Total Number of elements weighted: 584
Normalized score (portion of input quartet trees satisfied before correcting for multiple individuals): 0.8190940711462451
Optimization score: 518077
Optimal tree inferred in 0.158 secs.
(20,(12,(4,(((16,(6,8)),((19,18),(5,(14,7)))),(((13,(1,2)),(24,(17,(23,9)))),((15,21),((10,22),(3,(11,25)))))))));
Final quartet score is: 518077
Final normalized quartet score is: 0.8190940711462451
(16_1,((6_1,8_1)0.68:0.0997317050622023,(((19_1,18_1)1:2.4277482359480516,(5_1,(14_1,7_1)1:1.0567213469589503)0.79:0.14027678076405428)1:1.8560673364607867,((((13_1,(1_1,2_1)1:1.7653727140548596)1:0.6055912895356256,(24_1,(17_1,(23_1,9_1)1:1.0528825706517841)0.93:0.21130909366720677)1:1.94319053900267)1:0.7820354480244361,((15_1,21_1)1:2.6555321668187655,((10_1,22_1)1:2.165383971480561,(3_1,(11_1,25_1)1:3.5263605246161593)1:1.4040989857533974)0.8:0.14134271183027547)1:0.8908344689984865)1:0.3507544153860149,(4_1,(12_1,20_1)0.89:0.1909145205167865)1:1.6704811486430293)1:0.5608420296586667)1:2.4277482359480516));
Weight calculation took 0.016911928 secs
ASTRAL finished in 0.23 secs
