
================== ASTRAL ===================== 

This is ASTRAL version 5.6.3
Gene trees are treated as unrooted
100 trees read from g_trees-raxml-sqlen-0-ngen-100-s2g.trees
All output trees will be *arbitrarily* rooted at 16

======== Running the main analysis
Number of taxa: 25 (25 species)
Taxa: [16, 15, 14, 13, 12, 11, 10, 19, 18, 17, 25, 24, 1, 23, 2, 22, 3, 21, 4, 20, 5, 6, 7, 8, 9]
Taxon occupancy: {16_1=100, 15_1=100, 14_1=100, 13_1=100, 12_1=100, 11_1=100, 10_1=100, 19_1=100, 18_1=100, 17_1=100, 25_1=100, 1_1=100, 24_1=100, 2_1=100, 23_1=100, 3_1=100, 22_1=100, 21_1=100, 4_1=100, 20_1=100, 5_1=100, 6_1=100, 7_1=100, 8_1=100, 9_1=100}
Number of gene trees: 100
0 trees have missing taxa
Calculating quartet distance matrix (for completion of X)
Species tree distances calculated ...
Building set of clusters (X) from gene trees 
------------------------------
gradient0: 95
Number of Clusters after addition by distance: 95
calculating extra bipartitions to be added at level 1 ...
Adding to X using resolutions of greedy consensus ...
Limit for sigma of degrees:675
polytomy size limit : 3
discarded polytomies:  []
Threshold 0.0:
Threshold 0.01:
Threshold 0.02:
Threshold 0.05:
Threshold 0.1:
Threshold 0.2:
Threshold 0.3333333333333333:
max k is :0
Number of Clusters after addition by greedy: 95
gradient0 in heuristiic: 95
partitions formed in 0.129 secs
Dynamic Programming starting after 0.129 secs
Using tree-based weight calculation.
Using polytree-based weight calculation.
Polytree max score: 1265000
Polytree building time: 0.017 seconds.
Number of quartet trees in the gene trees: 1265000
Size of largest cluster: 25
Greedy score: 1265000
estimationFactor: 1.0
Sub-optimal score: 1265000
Total Number of elements weighted: 81
Normalized score (portion of input quartet trees satisfied before correcting for multiple individuals): 1.0
Optimization score: 1265000
Optimal tree inferred in 0.186 secs.
(16,(8,(6,(((19,18),(5,(14,7))),((4,(12,20)),(((13,(1,2)),(24,(17,(23,9)))),((15,21),((10,22),(3,(11,25))))))))));
Final quartet score is: 1265000
Final normalized quartet score is: 1.0
(16_1,(8_1,(6_1,(((19_1,18_1)1:4.209655408733094,(5_1,(14_1,7_1)1:4.209655408733094)1:4.209655408733094)1:4.209655408733094,((4_1,(12_1,20_1)1:4.209655408733094)1:4.209655408733094,(((13_1,(1_1,2_1)1:4.209655408733094)1:4.209655408733094,(24_1,(17_1,(23_1,9_1)1:4.209655408733094)1:4.209655408733094)1:4.209655408733094)1:4.209655408733094,((15_1,21_1)1:4.209655408733094,((10_1,22_1)1:4.209655408733094,(3_1,(11_1,25_1)1:4.209655408733094)1:4.209655408733094)1:4.209655408733094)1:4.209655408733094)1:4.209655408733094)1:4.209655408733094)1:4.209655408733094)1:4.209655408733094));
Weight calculation took 0.005042748 secs
ASTRAL finished in 0.308 secs
