
================== ASTRAL ===================== 

This is ASTRAL version 5.6.3
Gene trees are treated as unrooted
100 trees read from g_trees-raxml-sqlen-50-ngen-100-s2g.trees
All output trees will be *arbitrarily* rooted at 16

======== Running the main analysis
Number of taxa: 25 (25 species)
Taxa: [16, 15, 14, 13, 12, 11, 10, 19, 18, 17, 25, 24, 1, 23, 2, 22, 3, 21, 4, 20, 5, 6, 7, 8, 9]
Taxon occupancy: {16_1=100, 15_1=100, 14_1=100, 13_1=100, 12_1=100, 11_1=100, 10_1=100, 19_1=100, 18_1=100, 17_1=100, 25_1=100, 1_1=100, 24_1=100, 2_1=100, 23_1=100, 22_1=100, 3_1=100, 4_1=100, 21_1=100, 20_1=100, 5_1=100, 6_1=100, 7_1=100, 8_1=100, 9_1=100}
Number of gene trees: 100
0 trees have missing taxa
Calculating quartet distance matrix (for completion of X)
Species tree distances calculated ...
Building set of clusters (X) from gene trees 
------------------------------
gradient0: 1045
Number of Clusters after addition by distance: 1045
calculating extra bipartitions to be added at level 1 ...
Adding to X using resolutions of greedy consensus ...
Limit for sigma of degrees:675
polytomy size limit : 5
discarded polytomies:  [3, 3, 3, 3, 3, 5]
Threshold 0.0:
Threshold 0.01:
Threshold 0.02:
Threshold 0.05:
Threshold 0.1:
Threshold 0.2:
polytomy of size 3; rounds with additions with at least 5 support: 0; clusters: 1045
Threshold 0.3333333333333333:
polytomy of size 3; rounds with additions with at least 5 support: 0; clusters: 1045
polytomy of size 3; rounds with additions with at least 5 support: 0; clusters: 1045
polytomy of size 3; rounds with additions with at least 5 support: 0; clusters: 1045
polytomy of size 3; rounds with additions with at least 5 support: 0; clusters: 1045
polytomy of size 5; rounds with additions with at least 5 support: 0; clusters: 1045
max k is :0
Number of Clusters after addition by greedy: 1045
gradient0 in heuristiic: 1045
partitions formed in 0.392 secs
Dynamic Programming starting after 0.392 secs
Using tree-based weight calculation.
Using polytree-based weight calculation.
Polytree max score: 1265000
Polytree building time: 0.063 seconds.
Number of quartet trees in the gene trees: 1265000
Size of largest cluster: 25
Greedy score: 734676
estimationFactor: 1.721847453843599
Sub-optimal score: 880249
Total Number of elements weighted: 2633
Normalized score (portion of input quartet trees satisfied before correcting for multiple individuals): 0.720997628458498
Optimization score: 912062
Optimal tree inferred in 0.7 secs.
(4,((12,20),(((8,(16,6)),((19,18),(5,(14,7)))),(((15,21),((10,22),(3,(11,25)))),((13,(1,2)),(24,(17,(23,9))))))));
Final quartet score is: 912062
Final normalized quartet score is: 0.720997628458498
(16_1,(6_1,(8_1,(((19_1,18_1)1:1.400252713370598,(5_1,(14_1,7_1)1:0.9498121453766719)1:0.2564904599737738)1:1.17231713434664,((((15_1,21_1)1:2.1612459763009855,((10_1,22_1)1:1.8535295488110197,(3_1,(11_1,25_1)1:3.2231604181856883)1:0.6068786536725704)0.89:0.12851492184437205)1:0.5718983818555031,((13_1,(1_1,2_1)1:1.7059864824895725)0.99:0.2094180464820932,(24_1,(17_1,(23_1,9_1)1:0.534506147431061)0.99:0.22908407505714767)1:1.179939282363506)1:0.3532412162577221)0.94:0.1584473797555639,((12_1,20_1)0.86:0.11758616034812991,4_1)1:1.0260367337517415)1:0.28351036808139346)1:2.663345248333543)0.64:0.06435851933706717));
Weight calculation took 0.183288892 secs
ASTRAL finished in 0.825 secs
