
================== ASTRAL ===================== 

This is ASTRAL version 5.6.3
Gene trees are treated as unrooted
500 trees read from g_trees-raxml-sqlen-50-ngen-500-s2g.trees
All output trees will be *arbitrarily* rooted at 16

======== Running the main analysis
Number of taxa: 25 (25 species)
Taxa: [16, 15, 14, 13, 12, 11, 10, 19, 18, 17, 25, 24, 1, 23, 2, 22, 3, 21, 4, 20, 5, 6, 7, 8, 9]
Taxon occupancy: {16_1=500, 15_1=500, 14_1=500, 13_1=500, 12_1=500, 11_1=500, 10_1=500, 19_1=500, 18_1=500, 17_1=500, 25_1=500, 1_1=500, 24_1=500, 2_1=500, 23_1=500, 22_1=500, 3_1=500, 4_1=500, 21_1=500, 20_1=500, 5_1=500, 6_1=500, 7_1=500, 8_1=500, 9_1=500}
Number of gene trees: 500
0 trees have missing taxa
Calculating quartet distance matrix (for completion of X)
Species tree distances calculated ...
Building set of clusters (X) from gene trees 
------------------------------
gradient0: 2969
Number of Clusters after addition by distance: 2969
calculating extra bipartitions to be added at level 1 ...
Adding to X using resolutions of greedy consensus ...
Limit for sigma of degrees:675
polytomy size limit : 5
discarded polytomies:  [3, 3, 3, 3, 3, 5]
Threshold 0.0:
Threshold 0.01:
Threshold 0.02:
Threshold 0.05:
Threshold 0.1:
Threshold 0.2:
polytomy of size 3; rounds with additions with at least 5 support: 0; clusters: 2969
Threshold 0.3333333333333333:
polytomy of size 3; rounds with additions with at least 5 support: 0; clusters: 2969
polytomy of size 3; rounds with additions with at least 5 support: 0; clusters: 2969
polytomy of size 3; rounds with additions with at least 5 support: 0; clusters: 2969
polytomy of size 5; rounds with additions with at least 5 support: 0; clusters: 2969
polytomy of size 3; rounds with additions with at least 5 support: 0; clusters: 2969
max k is :0
Number of Clusters after addition by greedy: 2969
gradient0 in heuristiic: 2969
partitions formed in 0.89 secs
Dynamic Programming starting after 0.89 secs
Using tree-based weight calculation.
Using polytree-based weight calculation.
Polytree max score: 6325000
Polytree building time: 0.753 seconds.
Number of quartet trees in the gene trees: 6325000
Size of largest cluster: 25
Greedy score: 3808136
estimationFactor: 1.6609175722715785
Sub-optimal score: 4055516
Total Number of elements weighted: 15522
Normalized score (portion of input quartet trees satisfied before correcting for multiple individuals): 0.7187247430830039
Optimization score: 4545934
Optimal tree inferred in 3.494 secs.
(4,((12,20),(((6,(16,8)),((19,18),(5,(14,7)))),(((15,21),((10,22),(3,(11,25)))),((13,(1,2)),(24,(17,(23,9))))))));
Final quartet score is: 4545934
Final normalized quartet score is: 0.7187247430830039
(16_1,(8_1,(6_1,(((19_1,18_1)1:1.5777593887373902,(5_1,(14_1,7_1)1:0.9967417972747294)1:0.22971449394702023)1:0.9625889934334071,((((15_1,21_1)1:2.064516877146603,((10_1,22_1)1:2.1518620086390556,(3_1,(11_1,25_1)1:3.405015221041822)1:0.7238533473593609)1:0.16579225484274435)1:0.6454055626939383,((13_1,(1_1,2_1)1:1.430820358147919)1:0.2654211608936686,(24_1,(17_1,(23_1,9_1)1:0.6471345435827216)1:0.180441375058976)1:1.0113283458856452)1:0.43335550937513095)1:0.1378674032669923,((12_1,20_1)1:0.1332981202001531,4_1)1:1.2714144995750396)1:0.25039220914881827)1:2.573154821906082)0.46:0.01646579462289721));
Weight calculation took 1.689634449 secs
ASTRAL finished in 3.765 secs
