
================== ASTRAL ===================== 

This is ASTRAL version 5.6.3
Gene trees are treated as unrooted
100 trees read from g_trees-raxml-sqlen-100-ngen-100-s2g.trees
All output trees will be *arbitrarily* rooted at 16

======== Running the main analysis
Number of taxa: 25 (25 species)
Taxa: [16, 15, 14, 13, 12, 11, 10, 19, 18, 17, 25, 24, 1, 23, 2, 22, 3, 21, 4, 20, 5, 6, 7, 8, 9]
Taxon occupancy: {16_1=100, 15_1=100, 14_1=100, 13_1=100, 12_1=100, 11_1=100, 10_1=100, 19_1=100, 18_1=100, 17_1=100, 25_1=100, 24_1=100, 1_1=100, 23_1=100, 2_1=100, 3_1=100, 22_1=100, 21_1=100, 4_1=100, 5_1=100, 20_1=100, 6_1=100, 7_1=100, 8_1=100, 9_1=100}
Number of gene trees: 100
0 trees have missing taxa
Calculating quartet distance matrix (for completion of X)
Species tree distances calculated ...
Building set of clusters (X) from gene trees 
------------------------------
gradient0: 543
Number of Clusters after addition by distance: 543
calculating extra bipartitions to be added at level 1 ...
Adding to X using resolutions of greedy consensus ...
Limit for sigma of degrees:675
polytomy size limit : 3
discarded polytomies:  []
Threshold 0.0:
Threshold 0.01:
Threshold 0.02:
Threshold 0.05:
Threshold 0.1:
Threshold 0.2:
Threshold 0.3333333333333333:
max k is :0
Number of Clusters after addition by greedy: 543
gradient0 in heuristiic: 543
partitions formed in 0.202 secs
Dynamic Programming starting after 0.202 secs
Using tree-based weight calculation.
Using polytree-based weight calculation.
Polytree max score: 1265000
Polytree building time: 0.042 seconds.
Number of quartet trees in the gene trees: 1265000
Size of largest cluster: 25
Greedy score: 966059
estimationFactor: 1.309443833140626
Sub-optimal score: 982768
Total Number of elements weighted: 996
Normalized score (portion of input quartet trees satisfied before correcting for multiple individuals): 0.8299652173913044
Optimization score: 1049906
Optimal tree inferred in 0.341 secs.
(20,(12,(4,(((16,(6,8)),((19,18),(5,(14,7)))),(((13,(1,2)),(24,(17,(23,9)))),((15,21),((10,22),(3,(11,25)))))))));
Final quartet score is: 1049906
Final normalized quartet score is: 0.8299652173913044
(16_1,((6_1,8_1)0.77:0.0928379906589358,(((19_1,18_1)1:2.3904969653169252,(5_1,(14_1,7_1)1:1.337118518472966)1:0.2540941012904655)1:1.5622298294473191,((((13_1,(1_1,2_1)1:2.290062567995155)1:0.5404119291360177,(24_1,(17_1,(23_1,9_1)1:0.9980788863465061)1:0.2630009593353087)1:1.6604996315297003)1:0.8506036485217028,((15_1,21_1)1:2.837347289587949,((10_1,22_1)1:2.5232564551628673,(3_1,(11_1,25_1)1:3.516508228173149)1:1.5218079149484052)1:0.3491206484680461)1:1.0085997619283207)1:0.361463691597439,(4_1,(12_1,20_1)0.89:0.13134784542081132)1:1.896413021265062)1:0.6570321445698666)1:2.780188875747992));
Weight calculation took 0.050661429 secs
ASTRAL finished in 0.484 secs
