
================== ASTRAL ===================== 

This is ASTRAL version 5.6.3
Gene trees are treated as unrooted
500 trees read from g_trees-raxml-sqlen-100-ngen-500-s2g.trees
All output trees will be *arbitrarily* rooted at 16

======== Running the main analysis
Number of taxa: 25 (25 species)
Taxa: [16, 15, 14, 13, 12, 11, 10, 19, 18, 17, 25, 24, 1, 23, 2, 22, 3, 21, 4, 20, 5, 6, 7, 8, 9]
Taxon occupancy: {16_1=500, 15_1=500, 14_1=500, 13_1=500, 12_1=500, 11_1=500, 10_1=500, 19_1=500, 18_1=500, 17_1=500, 25_1=500, 24_1=500, 1_1=500, 23_1=500, 2_1=500, 3_1=500, 22_1=500, 21_1=500, 4_1=500, 5_1=500, 20_1=500, 6_1=500, 7_1=500, 8_1=500, 9_1=500}
Number of gene trees: 500
0 trees have missing taxa
Calculating quartet distance matrix (for completion of X)
Species tree distances calculated ...
Building set of clusters (X) from gene trees 
------------------------------
gradient0: 1373
Number of Clusters after addition by distance: 1373
calculating extra bipartitions to be added at level 1 ...
Adding to X using resolutions of greedy consensus ...
Limit for sigma of degrees:675
polytomy size limit : 3
discarded polytomies:  [3]
Threshold 0.0:
Threshold 0.01:
Threshold 0.02:
Threshold 0.05:
Threshold 0.1:
Threshold 0.2:
Threshold 0.3333333333333333:
polytomy of size 3; rounds with additions with at least 5 support: 0; clusters: 1373
max k is :0
Number of Clusters after addition by greedy: 1373
gradient0 in heuristiic: 1373
partitions formed in 0.537 secs
Dynamic Programming starting after 0.537 secs
Using tree-based weight calculation.
Using polytree-based weight calculation.
Polytree max score: 6325000
Polytree building time: 0.351 seconds.
Number of quartet trees in the gene trees: 6325000
Size of largest cluster: 25
Greedy score: 4185836
estimationFactor: 1.511048211157819
Sub-optimal score: 4703073
Total Number of elements weighted: 4635
Normalized score (portion of input quartet trees satisfied before correcting for multiple individuals): 0.8140107509881422
Optimization score: 5148618
Optimal tree inferred in 1.389 secs.
(20,(12,(4,(((6,(16,8)),((19,18),(5,(14,7)))),(((15,21),((10,22),(3,(11,25)))),((13,(1,2)),(24,(17,(23,9)))))))));
Final quartet score is: 5148618
Final normalized quartet score is: 0.8140107509881422
(16_1,(8_1,(6_1,(((19_1,18_1)1:2.31211136207751,(5_1,(14_1,7_1)1:1.3862943611198915)1:0.3243750449113405)1:1.5891373663743165,((((15_1,21_1)1:2.7639765457904395,((10_1,22_1)1:2.7353660117491696,(3_1,(11_1,25_1)1:3.737397472411501)1:1.1557530908279925)1:0.3496660120446206)1:1.0973493801193992,((13_1,(1_1,2_1)1:2.6560766808534546)1:0.4404383674522904,(24_1,(17_1,(23_1,9_1)1:0.8885093035023317)1:0.3583668709983426)1:1.4156254965168757)1:0.911993655126726)1:0.2564953335737656,(4_1,(12_1,20_1)1:0.23898696079893608)1:2.06774798864065)1:0.49411870690213855)1:2.961114763608042)0.98:0.08370117906078105));
Weight calculation took 0.39104364 secs
ASTRAL finished in 1.65 secs
