
================== ASTRAL ===================== 

This is ASTRAL version 5.6.3
Gene trees are treated as unrooted
25 trees read from g_trees-raxml-sqlen-100-ngen-25-s2g.trees
All output trees will be *arbitrarily* rooted at 16

======== Running the main analysis
Number of taxa: 25 (25 species)
Taxa: [16, 15, 14, 13, 12, 11, 10, 19, 18, 17, 25, 24, 1, 23, 2, 22, 3, 21, 4, 20, 5, 6, 7, 8, 9]
Taxon occupancy: {16_1=25, 15_1=25, 14_1=25, 13_1=25, 12_1=25, 11_1=25, 10_1=25, 19_1=25, 18_1=25, 17_1=25, 25_1=25, 24_1=25, 1_1=25, 23_1=25, 2_1=25, 3_1=25, 22_1=25, 21_1=25, 4_1=25, 5_1=25, 20_1=25, 6_1=25, 7_1=25, 8_1=25, 9_1=25}
Number of gene trees: 25
0 trees have missing taxa
Calculating quartet distance matrix (for completion of X)
Species tree distances calculated ...
Building set of clusters (X) from gene trees 
------------------------------
gradient0: 273
Number of Clusters after addition by distance: 273
calculating extra bipartitions to be added at level 1 ...
Adding to X using resolutions of greedy consensus ...
Limit for sigma of degrees:675
polytomy size limit : 3
discarded polytomies:  [3]
Threshold 0.0:
Threshold 0.01:
Threshold 0.02:
Threshold 0.05:
Threshold 0.1:
Threshold 0.2:
Threshold 0.3333333333333333:
polytomy of size 3; rounds with additions with at least 5 support: 0; clusters: 275
max k is :0
Number of Clusters after addition by greedy: 275
gradient0 in heuristiic: 275
partitions formed in 0.108 secs
Dynamic Programming starting after 0.108 secs
Using tree-based weight calculation.
Using polytree-based weight calculation.
Polytree max score: 316250
Polytree building time: 0.012 seconds.
Number of quartet trees in the gene trees: 316250
Size of largest cluster: 25
Greedy score: 239230
estimationFactor: 1.3219495882623418
Sub-optimal score: 241288
Total Number of elements weighted: 365
Normalized score (portion of input quartet trees satisfied before correcting for multiple individuals): 0.809808695652174
Optimization score: 256102
Optimal tree inferred in 0.161 secs.
(20,(12,(4,(((16,(6,8)),((19,18),(5,(14,7)))),(((13,(1,2)),(24,(17,(23,9)))),((15,21),((10,22),(3,(11,25)))))))));
Final quartet score is: 256102
Final normalized quartet score is: 0.809808695652174
(16_1,((6_1,8_1)0.83:0.21357410029805904,(((19_1,18_1)1:1.7540191412452077,(5_1,(14_1,7_1)1:1.2431935174792175)0.97:0.3803035623321776)1:1.7346010553881062,((((13_1,(1_1,2_1)1:1.7540191412452077)1:0.8085292546787908,(24_1,(17_1,(23_1,9_1)1:1.0608719606852628)0.78:0.18838385146950046)1:1.5234954826333753)1:0.6573327077703124,((15_1,21_1)1:2.159484249353373,((10_1,22_1)1:2.159484249353373,(3_1,(11_1,25_1)1:2.8526314299133184)1:1.8053124356327581)0.75:0.16831750870993806)1:0.7991739187607352)0.68:0.15822260355631174,(4_1,(12_1,20_1)0.75:0.18162250049145662)1:1.849180522596763)1:0.5741438884983325)1:2.159484249353373));
Weight calculation took 0.013957856 secs
ASTRAL finished in 0.251 secs
