
================== ASTRAL ===================== 

This is ASTRAL version 5.6.3
Gene trees are treated as unrooted
500 trees read from g_trees-raxml-sqlen-25-ngen-500-s2g.trees
All output trees will be *arbitrarily* rooted at 16

======== Running the main analysis
Number of taxa: 25 (25 species)
Taxa: [16, 15, 14, 13, 12, 11, 10, 19, 18, 17, 25, 24, 1, 23, 2, 22, 3, 21, 4, 20, 5, 6, 7, 8, 9]
Taxon occupancy: {16_1=500, 15_1=500, 14_1=500, 13_1=500, 12_1=500, 11_1=500, 10_1=500, 19_1=500, 18_1=500, 17_1=500, 25_1=500, 1_1=500, 24_1=500, 23_1=500, 2_1=500, 22_1=500, 3_1=500, 21_1=500, 4_1=500, 5_1=500, 20_1=500, 6_1=500, 7_1=500, 8_1=500, 9_1=500}
Number of gene trees: 500
0 trees have missing taxa
Calculating quartet distance matrix (for completion of X)
Species tree distances calculated ...
Building set of clusters (X) from gene trees 
------------------------------
gradient0: 5441
Number of Clusters after addition by distance: 5441
calculating extra bipartitions to be added at level 1 ...
Adding to X using resolutions of greedy consensus ...
Limit for sigma of degrees:675
polytomy size limit : 11
discarded polytomies:  [3, 3, 3, 3, 3, 3, 3, 4, 11]
Threshold 0.0:
Threshold 0.01:
Threshold 0.02:
Threshold 0.05:
polytomy of size 3; rounds with additions with at least 5 support: 0; clusters: 5441
Threshold 0.1:
polytomy of size 3; rounds with additions with at least 5 support: 0; clusters: 5441
Threshold 0.2:
polytomy of size 3; rounds with additions with at least 5 support: 0; clusters: 5441
polytomy of size 3; rounds with additions with at least 5 support: 0; clusters: 5441
polytomy of size 4; rounds with additions with at least 5 support: 0; clusters: 5441
Threshold 0.3333333333333333:
polytomy of size 3; rounds with additions with at least 5 support: 0; clusters: 5441
polytomy of size 3; rounds with additions with at least 5 support: 0; clusters: 5441
polytomy of size 11; rounds with additions with at least 5 support: 0; clusters: 5441
polytomy of size 3; rounds with additions with at least 5 support: 0; clusters: 5441
max k is :0
Number of Clusters after addition by greedy: 5441
gradient0 in heuristiic: 5441
partitions formed in 1.241 secs
Dynamic Programming starting after 1.241 secs
Using tree-based weight calculation.
Using polytree-based weight calculation.
Polytree max score: 6325000
Polytree building time: 1.457 seconds.
Number of quartet trees in the gene trees: 6325000
Size of largest cluster: 25
Greedy score: 3292505
estimationFactor: 1.92102973268074
Sub-optimal score: 3459843
Total Number of elements weighted: 34517
Normalized score (portion of input quartet trees satisfied before correcting for multiple individuals): 0.6349694861660079
Optimization score: 4016182
Optimal tree inferred in 8.44 secs.
(12,(20,(4,(((6,(16,8)),((19,18),(5,(14,7)))),(((13,(1,2)),(24,(17,(23,9)))),((15,21),((10,22),(3,(11,25)))))))));
Final quartet score is: 4016182
Final normalized quartet score is: 0.6349694861660079
(16_1,(8_1,(6_1,(((19_1,18_1)1:1.0936843312600493,(5_1,(14_1,7_1)1:0.6450571603375865)1:0.15479959292063566)1:0.5838142904942759,((((13_1,(1_1,2_1)1:0.9908594273716627)1:0.17516162167186222,(24_1,(17_1,(23_1,9_1)1:0.3835912340050714)1:0.1101401612823767)1:0.651411875135737)1:0.27925837965204,((15_1,21_1)1:1.544556386257227,((10_1,22_1)1:1.426617478104231,(3_1,(11_1,25_1)1:3.0413972228691506)1:0.3331618537264149)1:0.1264438103705448)1:0.36068238532204877)0.88:0.05598557857864718,(4_1,(20_1,12_1)0.92:0.06872072561508555)1:0.7054931824210765)1:0.17855335884808307)1:1.8562839009967587)0.48:0.02941591642407939));
Weight calculation took 5.453905836 secs
ASTRAL finished in 8.704 secs
