
================== ASTRAL ===================== 

This is ASTRAL version 5.6.3
Gene trees are treated as unrooted
500 trees read from g_trees-raxml-sqlen-250-ngen-500-s2g.trees
All output trees will be *arbitrarily* rooted at 16

======== Running the main analysis
Number of taxa: 25 (25 species)
Taxa: [16, 15, 14, 13, 12, 11, 10, 19, 18, 17, 25, 24, 1, 23, 2, 22, 3, 21, 4, 20, 5, 6, 7, 8, 9]
Taxon occupancy: {16_1=500, 15_1=500, 14_1=500, 13_1=500, 12_1=500, 11_1=500, 10_1=500, 19_1=500, 18_1=500, 17_1=500, 25_1=500, 24_1=500, 1_1=500, 23_1=500, 2_1=500, 22_1=500, 3_1=500, 21_1=500, 4_1=500, 5_1=500, 20_1=500, 6_1=500, 7_1=500, 8_1=500, 9_1=500}
Number of gene trees: 500
0 trees have missing taxa
Calculating quartet distance matrix (for completion of X)
Species tree distances calculated ...
Building set of clusters (X) from gene trees 
------------------------------
gradient0: 631
Number of Clusters after addition by distance: 631
calculating extra bipartitions to be added at level 1 ...
Adding to X using resolutions of greedy consensus ...
Limit for sigma of degrees:675
polytomy size limit : 3
discarded polytomies:  []
Threshold 0.0:
Threshold 0.01:
Threshold 0.02:
Threshold 0.05:
Threshold 0.1:
Threshold 0.2:
Threshold 0.3333333333333333:
max k is :0
Number of Clusters after addition by greedy: 631
gradient0 in heuristiic: 631
partitions formed in 0.332 secs
Dynamic Programming starting after 0.332 secs
Using tree-based weight calculation.
Using polytree-based weight calculation.
Polytree max score: 6325000
Polytree building time: 0.152 seconds.
Number of quartet trees in the gene trees: 6325000
Size of largest cluster: 25
Greedy score: 5463942
estimationFactor: 1.1575891544968815
Sub-optimal score: 5711253
Total Number of elements weighted: 954
Normalized score (portion of input quartet trees satisfied before correcting for multiple individuals): 0.9029649011857708
Optimization score: 5711253
Optimal tree inferred in 0.641 secs.
(20,(12,(4,(((6,(16,8)),((19,18),(5,(14,7)))),(((15,21),((10,22),(3,(11,25)))),((13,(1,2)),(24,(17,(23,9)))))))));
Final quartet score is: 5711253
Final normalized quartet score is: 0.9029649011857708
(16_1,(8_1,(6_1,(((19_1,18_1)1:3.0375111462285083,(5_1,(14_1,7_1)1:2.422138884408365)1:0.6635011778881569)1:2.8422359616558555,((((15_1,21_1)1:3.7757093922933045,((10_1,22_1)1:3.944480215575527,(3_1,(11_1,25_1)1:4.157251317971759)1:1.5698142404059547)1:0.8105560347339467)1:2.187735562381331,((13_1,(1_1,2_1)1:3.754688969521562)1:0.9496074177942554,(24_1,(17_1,(23_1,9_1)1:1.8171191523824684)1:0.6180518757017985)1:2.5228773129094897)1:2.0018364937435407)1:0.4859598202381388,(4_1,(12_1,20_1)1:0.4760096533059475)1:3.1354541183583913)1:0.9236961856261271)1:4.251140512968458)1:0.12447385053976752));
Weight calculation took 0.082370859 secs
ASTRAL finished in 0.948 secs
