
================== ASTRAL ===================== 

This is ASTRAL version 5.6.3
Gene trees are treated as unrooted
100 trees read from g_trees-raxml-sqlen-250-ngen-100.trees.tree
All output trees will be *arbitrarily* rooted at 1

======== Running the main analysis
Number of taxa: 25 (25 species)
Taxa: [1, 2, 13, 24, 23, 9, 17, 21, 15, 10, 22, 3, 11, 25, 4, 12, 20, 8, 6, 16, 14, 7, 5, 18, 19]
Taxon occupancy: {22=100, 23=100, 24=100, 25=100, 10=100, 11=100, 12=100, 13=100, 14=100, 15=100, 16=100, 17=100, 18=100, 19=100, 1=100, 2=100, 3=100, 4=100, 5=100, 6=100, 7=100, 8=100, 9=100, 20=100, 21=100}
Number of gene trees: 100
0 trees have missing taxa
Calculating quartet distance matrix (for completion of X)
Species tree distances calculated ...
Building set of clusters (X) from gene trees 
------------------------------
gradient0: 291
Number of Clusters after addition by distance: 291
calculating extra bipartitions to be added at level 1 ...
Adding to X using resolutions of greedy consensus ...
Limit for sigma of degrees:675
polytomy size limit : 3
discarded polytomies:  []
Threshold 0.0:
Threshold 0.01:
Threshold 0.02:
Threshold 0.05:
Threshold 0.1:
Threshold 0.2:
Threshold 0.3333333333333333:
max k is :0
Number of Clusters after addition by greedy: 291
gradient0 in heuristiic: 291
partitions formed in 0.2 secs
Dynamic Programming starting after 0.2 secs
Using tree-based weight calculation.
Using polytree-based weight calculation.
Polytree max score: 1265000
Polytree building time: 0.04 seconds.
Number of quartet trees in the gene trees: 1265000
Size of largest cluster: 25
Greedy score: 1150742
estimationFactor: 1.0992907185103178
Sub-optimal score: 1150742
Total Number of elements weighted: 318
Normalized score (portion of input quartet trees satisfied before correcting for multiple individuals): 0.9096774703557312
Optimization score: 1150742
Optimal tree inferred in 0.322 secs.
(14,(7,(5,((18,19),((6,(8,16)),((4,(12,20)),(((21,15),((10,22),(3,(11,25)))),((13,(1,2)),(24,(17,(23,9)))))))))));
Final quartet score is: 1150742
Final normalized quartet score is: 0.9096774703557312
(1,(2,(13,((24,(17,(23,9)1:1.6412156463317902)1:0.4753929487713411)1:2.39350448638088,(((21,15)1:3.8811513417610644,((10,22)1:3.3552400805770315,(3,(11,25)1:3.141814778731739)1:1.40629502782656)1:0.8215057424634151)1:2.2618916910284597,((4,(12,20)1:0.5625453674954538)1:3.117013287051486,((6,(8,16)0.5:0.03387051457081992)1:4.098429773622863,((18,19)1:2.8233610476132034,(5,(7,14)1:2.3034855883272964)1:0.31477856213991956)1:2.513859927766783)1:0.9085414856279224)1:0.5261474984210694)1:2.3462130865708786)1:0.8725028429405219)1:4.209655408733094));
Weight calculation took 0.033917776 secs
ASTRAL finished in 0.69 secs
