
================== ASTRAL ===================== 

This is ASTRAL version 5.6.3
Gene trees are treated as unrooted
500 trees read from g_trees-raxml-sqlen-50-ngen-500.trees.tree
All output trees will be *arbitrarily* rooted at 1

======== Running the main analysis
Number of taxa: 25 (25 species)
Taxa: [1, 2, 3, 11, 25, 22, 10, 13, 15, 21, 24, 9, 17, 23, 8, 16, 6, 20, 4, 12, 5, 14, 7, 18, 19]
Taxon occupancy: {22=500, 23=500, 24=500, 25=500, 10=500, 11=500, 12=500, 13=500, 14=500, 15=500, 16=500, 17=500, 18=500, 19=500, 1=500, 2=500, 3=500, 4=500, 5=500, 6=500, 7=500, 8=500, 9=500, 20=500, 21=500}
Number of gene trees: 500
0 trees have missing taxa
Calculating quartet distance matrix (for completion of X)
Species tree distances calculated ...
Building set of clusters (X) from gene trees 
------------------------------
gradient0: 2969
Number of Clusters after addition by distance: 2969
calculating extra bipartitions to be added at level 1 ...
Adding to X using resolutions of greedy consensus ...
Limit for sigma of degrees:675
polytomy size limit : 5
discarded polytomies:  [3, 3, 3, 3, 3, 5]
Threshold 0.0:
Threshold 0.01:
Threshold 0.02:
Threshold 0.05:
Threshold 0.1:
Threshold 0.2:
polytomy of size 3; rounds with additions with at least 5 support: 0; clusters: 2969
Threshold 0.3333333333333333:
polytomy of size 3; rounds with additions with at least 5 support: 0; clusters: 2969
polytomy of size 3; rounds with additions with at least 5 support: 0; clusters: 2969
polytomy of size 3; rounds with additions with at least 5 support: 0; clusters: 2969
polytomy of size 3; rounds with additions with at least 5 support: 0; clusters: 2969
polytomy of size 5; rounds with additions with at least 5 support: 0; clusters: 2969
max k is :0
Number of Clusters after addition by greedy: 2969
gradient0 in heuristiic: 2969
partitions formed in 0.769 secs
Dynamic Programming starting after 0.769 secs
Using tree-based weight calculation.
Using polytree-based weight calculation.
Polytree max score: 6325000
Polytree building time: 0.732 seconds.
Number of quartet trees in the gene trees: 6325000
Size of largest cluster: 25
Greedy score: 4016783
estimationFactor: 1.5746431908320664
Sub-optimal score: 4340598
Total Number of elements weighted: 15740
Normalized score (portion of input quartet trees satisfied before correcting for multiple individuals): 0.7187247430830039
Optimization score: 4545934
Optimal tree inferred in 3.415 secs.
(5,((14,7),((18,19),((6,(8,16)),((4,(20,12)),(((13,(1,2)),(24,(17,(9,23)))),((15,21),((22,10),(3,(11,25))))))))));
Final quartet score is: 4545934
Final normalized quartet score is: 0.7187247430830039
(1,(2,(13,((24,(17,(9,23)1:0.6471345435827216)1:0.180441375058976)1:1.0113283458856452,(((15,21)1:2.064516877146603,((22,10)1:2.1518620086390556,(3,(11,25)1:3.405015221041822)1:0.7238533473593609)1:0.16579225484274435)1:0.6454055626939383,((4,(20,12)1:0.1332981202001531)1:1.2714144995750396,((6,(8,16)0.46:0.01646579462289721)1:2.573154821906082,((18,19)1:1.5777593887373902,((14,7)1:0.9967417972747294,5)1:0.22971449394702023)1:0.9625889934334071)1:0.25039220914881827)1:0.1378674032669923)1:0.43335550937513095)1:0.2654211608936686)1:1.430820358147919));
Weight calculation took 1.758545246 secs
ASTRAL finished in 3.828 secs
