
================== ASTRAL ===================== 

This is ASTRAL version 5.6.3
Gene trees are treated as unrooted
25 trees read from g_trees-raxml-sqlen-250-ngen-25.trees.tree
All output trees will be *arbitrarily* rooted at 1

======== Running the main analysis
Number of taxa: 25 (25 species)
Taxa: [1, 2, 13, 24, 23, 9, 17, 21, 15, 10, 22, 3, 11, 25, 4, 12, 20, 8, 6, 16, 14, 7, 5, 18, 19]
Taxon occupancy: {22=25, 23=25, 24=25, 25=25, 10=25, 11=25, 12=25, 13=25, 14=25, 15=25, 16=25, 17=25, 18=25, 19=25, 1=25, 2=25, 3=25, 4=25, 5=25, 6=25, 7=25, 8=25, 9=25, 20=25, 21=25}
Number of gene trees: 25
0 trees have missing taxa
Calculating quartet distance matrix (for completion of X)
Species tree distances calculated ...
Building set of clusters (X) from gene trees 
------------------------------
gradient0: 185
Number of Clusters after addition by distance: 185
calculating extra bipartitions to be added at level 1 ...
Adding to X using resolutions of greedy consensus ...
Limit for sigma of degrees:675
polytomy size limit : 3
discarded polytomies:  []
Threshold 0.0:
Threshold 0.01:
Threshold 0.02:
Threshold 0.05:
Threshold 0.1:
Threshold 0.2:
Threshold 0.3333333333333333:
max k is :0
Number of Clusters after addition by greedy: 185
gradient0 in heuristiic: 185
partitions formed in 0.118 secs
Dynamic Programming starting after 0.118 secs
Using tree-based weight calculation.
Using polytree-based weight calculation.
Polytree max score: 316250
Polytree building time: 0.011 seconds.
Number of quartet trees in the gene trees: 316250
Size of largest cluster: 25
Greedy score: 281473
estimationFactor: 1.1235535912858428
Sub-optimal score: 281473
Total Number of elements weighted: 195
Normalized score (portion of input quartet trees satisfied before correcting for multiple individuals): 0.8900332015810277
Optimization score: 281473
Optimal tree inferred in 0.175 secs.
(14,(7,(5,((18,19),((8,(6,16)),((4,(12,20)),(((21,15),((10,22),(3,(11,25)))),((13,(1,2)),(24,(17,(23,9)))))))))));
Final quartet score is: 281473
Final normalized quartet score is: 0.8900332015810277
(1,(2,(13,((24,(17,(23,9)1:1.466337068793427)0.88:0.24994174446893402)1:2.714481091432501,(((21,15)1:2.8526314299133184,((10,22)1:2.552526837462979,(3,(11,25)1:2.8526314299133184)1:1.3485540331370445)1:0.6615988228250197)1:1.6144454341647227,((4,(12,20)1:0.6554068525770984)1:2.8526314299133184,((8,(6,16)0.52:0.08004270767353637)1:2.8526314299133184,((18,19)1:2.159484249353373,(5,(7,14)1:2.8526314299133184)0.92:0.2876820724517809)1:2.8526314299133184)1:0.9067212808580042)0.96:0.3456488284261173)1:1.707499125610315)1:0.7060505853958531)1:2.8526314299133184));
Weight calculation took 0.007475448 secs
ASTRAL finished in 2.039 secs
