
================== ASTRAL ===================== 

This is ASTRAL version 5.6.3
Gene trees are treated as unrooted
100 trees read from g_trees-raxml-sqlen-100-ngen-100.trees.tree
All output trees will be *arbitrarily* rooted at 1

======== Running the main analysis
Number of taxa: 25 (25 species)
Taxa: [1, 2, 6, 8, 16, 24, 17, 23, 9, 15, 21, 3, 25, 11, 22, 10, 4, 20, 12, 13, 5, 14, 7, 18, 19]
Taxon occupancy: {22=100, 23=100, 24=100, 25=100, 10=100, 11=100, 12=100, 13=100, 14=100, 15=100, 16=100, 17=100, 18=100, 19=100, 1=100, 2=100, 3=100, 4=100, 5=100, 6=100, 7=100, 8=100, 9=100, 20=100, 21=100}
Number of gene trees: 100
0 trees have missing taxa
Calculating quartet distance matrix (for completion of X)
Species tree distances calculated ...
Building set of clusters (X) from gene trees 
------------------------------
gradient0: 543
Number of Clusters after addition by distance: 543
calculating extra bipartitions to be added at level 1 ...
Adding to X using resolutions of greedy consensus ...
Limit for sigma of degrees:675
polytomy size limit : 3
discarded polytomies:  []
Threshold 0.0:
Threshold 0.01:
Threshold 0.02:
Threshold 0.05:
Threshold 0.1:
Threshold 0.2:
Threshold 0.3333333333333333:
max k is :0
Number of Clusters after addition by greedy: 543
gradient0 in heuristiic: 543
partitions formed in 0.201 secs
Dynamic Programming starting after 0.201 secs
Using tree-based weight calculation.
Using polytree-based weight calculation.
Polytree max score: 1265000
Polytree building time: 0.039 seconds.
Number of quartet trees in the gene trees: 1265000
Size of largest cluster: 25
Greedy score: 946672
estimationFactor: 1.3362600774080147
Sub-optimal score: 1014658
Total Number of elements weighted: 1042
Normalized score (portion of input quartet trees satisfied before correcting for multiple individuals): 0.8299652173913044
Optimization score: 1049906
Optimal tree inferred in 0.352 secs.
(16,((6,8),(((18,19),(5,(14,7))),((4,(20,12)),(((15,21),((22,10),(3,(25,11)))),((13,(1,2)),(24,(17,(23,9)))))))));
Final quartet score is: 1049906
Final normalized quartet score is: 0.8299652173913044
(1,(2,(13,((24,(17,(23,9)1:0.9980788863465061)1:0.2630009593353087)1:1.6604996315297003,(((15,21)1:2.837347289587949,((22,10)1:2.5232564551628673,(3,(25,11)1:3.516508228173149)1:1.5218079149484052)1:0.3491206484680461)1:1.0085997619283207,((4,(20,12)0.89:0.13134784542081132)1:1.896413021265062,(((18,19)1:2.3904969653169252,(5,(14,7)1:1.337118518472966)1:0.2540941012904655)1:1.5622298294473191,((6,8)0.77:0.0928379906589358,16)1:2.780188875747992)1:0.6570321445698666)1:0.361463691597439)1:0.8506036485217028)1:0.5404119291360177)1:2.290062567995155));
Weight calculation took 0.059188621 secs
ASTRAL finished in 0.506 secs
