
================== ASTRAL ===================== 

This is ASTRAL version 5.6.3
Gene trees are treated as unrooted
50 trees read from g_trees-raxml-sqlen-100-ngen-50.trees.tree
All output trees will be *arbitrarily* rooted at 1

======== Running the main analysis
Number of taxa: 25 (25 species)
Taxa: [1, 2, 6, 8, 16, 24, 17, 23, 9, 15, 21, 3, 25, 11, 22, 10, 4, 20, 12, 13, 5, 14, 7, 18, 19]
Taxon occupancy: {22=50, 23=50, 24=50, 25=50, 10=50, 11=50, 12=50, 13=50, 14=50, 15=50, 16=50, 17=50, 18=50, 19=50, 1=50, 2=50, 3=50, 4=50, 5=50, 6=50, 7=50, 8=50, 9=50, 20=50, 21=50}
Number of gene trees: 50
0 trees have missing taxa
Calculating quartet distance matrix (for completion of X)
Species tree distances calculated ...
Building set of clusters (X) from gene trees 
------------------------------
gradient0: 373
Number of Clusters after addition by distance: 373
calculating extra bipartitions to be added at level 1 ...
Adding to X using resolutions of greedy consensus ...
Limit for sigma of degrees:675
polytomy size limit : 3
discarded polytomies:  []
Threshold 0.0:
Threshold 0.01:
Threshold 0.02:
Threshold 0.05:
Threshold 0.1:
Threshold 0.2:
Threshold 0.3333333333333333:
max k is :0
Number of Clusters after addition by greedy: 373
gradient0 in heuristiic: 373
partitions formed in 0.13 secs
Dynamic Programming starting after 0.13 secs
Using tree-based weight calculation.
Using polytree-based weight calculation.
Polytree max score: 632500
Polytree building time: 0.019 seconds.
Number of quartet trees in the gene trees: 632500
Size of largest cluster: 25
Greedy score: 449406
estimationFactor: 1.4074133411658944
Sub-optimal score: 504462
Total Number of elements weighted: 594
Normalized score (portion of input quartet trees satisfied before correcting for multiple individuals): 0.8190940711462451
Optimization score: 518077
Optimal tree inferred in 0.206 secs.
(16,((6,8),(((18,19),(5,(14,7))),((4,(20,12)),(((15,21),((22,10),(3,(25,11)))),((13,(1,2)),(24,(17,(23,9)))))))));
Final quartet score is: 518077
Final normalized quartet score is: 0.8190940711462451
(1,(2,(13,((24,(17,(23,9)1:1.0528825706517841)0.93:0.21130909366720677)1:1.94319053900267,(((15,21)1:2.6555321668187655,((22,10)1:2.165383971480561,(3,(25,11)1:3.5263605246161593)1:1.4040989857533974)0.8:0.14134271183027547)1:0.8908344689984865,((4,(20,12)0.89:0.1909145205167865)1:1.6704811486430293,(((18,19)1:2.4277482359480516,(5,(14,7)1:1.0567213469589503)0.79:0.14027678076405428)1:1.8560673364607867,((6,8)0.68:0.0997317050622023,16)1:2.4277482359480516)1:0.5608420296586667)1:0.3507544153860149)1:0.7820354480244361)1:0.6055912895356256)1:1.7653727140548596));
Weight calculation took 0.022532093 secs
ASTRAL finished in 0.312 secs
