
================== ASTRAL ===================== 

This is ASTRAL version 5.6.3
Gene trees are treated as unrooted
500 trees read from g_trees-raxml-sqlen-100-ngen-500.trees.tree
All output trees will be *arbitrarily* rooted at 1

======== Running the main analysis
Number of taxa: 25 (25 species)
Taxa: [1, 2, 6, 8, 16, 24, 17, 23, 9, 15, 21, 3, 25, 11, 22, 10, 4, 20, 12, 13, 5, 14, 7, 18, 19]
Taxon occupancy: {22=500, 23=500, 24=500, 25=500, 10=500, 11=500, 12=500, 13=500, 14=500, 15=500, 16=500, 17=500, 18=500, 19=500, 1=500, 2=500, 3=500, 4=500, 5=500, 6=500, 7=500, 8=500, 9=500, 20=500, 21=500}
Number of gene trees: 500
0 trees have missing taxa
Calculating quartet distance matrix (for completion of X)
Species tree distances calculated ...
Building set of clusters (X) from gene trees 
------------------------------
gradient0: 1373
Number of Clusters after addition by distance: 1373
calculating extra bipartitions to be added at level 1 ...
Adding to X using resolutions of greedy consensus ...
Limit for sigma of degrees:675
polytomy size limit : 3
discarded polytomies:  [3]
Threshold 0.0:
Threshold 0.01:
Threshold 0.02:
Threshold 0.05:
Threshold 0.1:
Threshold 0.2:
Threshold 0.3333333333333333:
polytomy of size 3; rounds with additions with at least 5 support: 0; clusters: 1373
max k is :0
Number of Clusters after addition by greedy: 1373
gradient0 in heuristiic: 1373
partitions formed in 0.46 secs
Dynamic Programming starting after 0.46 secs
Using tree-based weight calculation.
Using polytree-based weight calculation.
Polytree max score: 6325000
Polytree building time: 0.311 seconds.
Number of quartet trees in the gene trees: 6325000
Size of largest cluster: 25
Greedy score: 4340925
estimationFactor: 1.457062722806775
Sub-optimal score: 4978068
Total Number of elements weighted: 4578
Normalized score (portion of input quartet trees satisfied before correcting for multiple individuals): 0.8140107509881422
Optimization score: 5148618
Optimal tree inferred in 1.239 secs.
(16,(8,(6,(((18,19),(5,(14,7))),((4,(20,12)),(((15,21),((22,10),(3,(25,11)))),((13,(1,2)),(24,(17,(23,9))))))))));
Final quartet score is: 5148618
Final normalized quartet score is: 0.8140107509881422
(1,(2,(13,((24,(17,(23,9)1:0.8885093035023317)1:0.3583668709983426)1:1.4156254965168757,(((15,21)1:2.7639765457904395,((22,10)1:2.7353660117491696,(3,(25,11)1:3.737397472411501)1:1.1557530908279925)1:0.3496660120446206)1:1.0973493801193992,((4,(20,12)1:0.23898696079893608)1:2.06774798864065,(((18,19)1:2.31211136207751,(5,(14,7)1:1.3862943611198915)1:0.3243750449113405)1:1.5891373663743165,(6,(8,16)0.98:0.08370117906078105)1:2.961114763608042)1:0.49411870690213855)1:0.2564953335737656)1:0.911993655126726)1:0.4404383674522904)1:2.6560766808534546));
Weight calculation took 0.359726868 secs
ASTRAL finished in 1.512 secs
