
================== ASTRAL ===================== 

This is ASTRAL version 5.6.3
Gene trees are treated as unrooted
25 trees read from g_trees-raxml-sqlen-50-ngen-25.trees.tree
All output trees will be *arbitrarily* rooted at 1

======== Running the main analysis
Number of taxa: 25 (25 species)
Taxa: [1, 2, 3, 11, 25, 22, 10, 13, 15, 21, 24, 9, 17, 23, 8, 16, 6, 20, 4, 12, 5, 14, 7, 18, 19]
Taxon occupancy: {22=25, 23=25, 24=25, 25=25, 10=25, 11=25, 12=25, 13=25, 14=25, 15=25, 16=25, 17=25, 18=25, 19=25, 1=25, 2=25, 3=25, 4=25, 5=25, 6=25, 7=25, 8=25, 9=25, 20=25, 21=25}
Number of gene trees: 25
0 trees have missing taxa
Calculating quartet distance matrix (for completion of X)
Species tree distances calculated ...
Building set of clusters (X) from gene trees 
------------------------------
gradient0: 483
Number of Clusters after addition by distance: 483
calculating extra bipartitions to be added at level 1 ...
Adding to X using resolutions of greedy consensus ...
Limit for sigma of degrees:675
polytomy size limit : 7
discarded polytomies:  [3, 4, 7]
Threshold 0.0:
Threshold 0.01:
Threshold 0.02:
Threshold 0.05:
Threshold 0.1:
Threshold 0.2:
polytomy of size 4; rounds with additions with at least 5 support: 0; clusters: 487
Threshold 0.3333333333333333:
polytomy of size 3; rounds with additions with at least 5 support: 0; clusters: 487
polytomy of size 7; rounds with additions with at least 5 support: 0; clusters: 487
max k is :0
Number of Clusters after addition by greedy: 487
gradient0 in heuristiic: 487
partitions formed in 0.211 secs
Dynamic Programming starting after 0.211 secs
Using tree-based weight calculation.
Using polytree-based weight calculation.
Polytree max score: 316250
Polytree building time: 0.016 seconds.
Number of quartet trees in the gene trees: 316250
Size of largest cluster: 25
Greedy score: 163572
estimationFactor: 1.9333993593035483
Sub-optimal score: 193193
Total Number of elements weighted: 768
Normalized score (portion of input quartet trees satisfied before correcting for multiple individuals): 0.6770719367588933
Optimization score: 214124
Optimal tree inferred in 0.305 secs.
(5,((14,7),((18,19),((8,(16,6)),((4,(20,12)),(((13,(1,2)),(24,(17,(9,23)))),((22,10),((15,21),(3,(11,25))))))))));
Final quartet score is: 214124
Final normalized quartet score is: 0.6770719367588933
(1,(2,(13,((24,(17,(9,23)0.99:0.48835276791393223)0.99:0.48105346543232047)1:1.2321436812926319,(((22,10)1:2.1429549474021625,((15,21)1:1.5903897174634054,(3,(11,25)1:2.159484249353373)0.99:0.48238768844545715)0.48:0.04814934389758261)0.92:0.28888159278753145,((4,(20,12)0.48:0.06314089687093329)1:0.9644801150101968,((8,(16,6)0.69:0.1445812288111077)1:2.5077909436215875,((18,19)1:1.4416444562030564,((14,7)1:0.6655592240411163,5)0.95:0.3410017099845638)1:1.2237754316221159)0.84:0.25276760293719613)0.45:0.06495723777720705)0.57:0.08832910977146992)0.97:0.37936635514080325)1:1.2431935174792175));
Weight calculation took 0.027636918 secs
ASTRAL finished in 2.465 secs
