
================== ASTRAL ===================== 

This is ASTRAL version 5.6.3
Gene trees are treated as unrooted
100 trees read from g_trees-raxml-sqlen-0-ngen-100.trees.tree
All output trees will be *arbitrarily* rooted at 1

======== Running the main analysis
Number of taxa: 25 (25 species)
Taxa: [1, 2, 13, 25, 11, 3, 22, 10, 21, 15, 4, 20, 12, 5, 7, 14, 18, 19, 6, 8, 16, 24, 9, 23, 17]
Taxon occupancy: {22=100, 23=100, 24=100, 25=100, 10=100, 11=100, 12=100, 13=100, 14=100, 15=100, 16=100, 17=100, 18=100, 19=100, 1=100, 2=100, 3=100, 4=100, 5=100, 6=100, 7=100, 8=100, 9=100, 20=100, 21=100}
Number of gene trees: 100
0 trees have missing taxa
Calculating quartet distance matrix (for completion of X)
Species tree distances calculated ...
Building set of clusters (X) from gene trees 
------------------------------
gradient0: 95
Number of Clusters after addition by distance: 95
calculating extra bipartitions to be added at level 1 ...
Adding to X using resolutions of greedy consensus ...
Limit for sigma of degrees:675
polytomy size limit : 3
discarded polytomies:  []
Threshold 0.0:
Threshold 0.01:
Threshold 0.02:
Threshold 0.05:
Threshold 0.1:
Threshold 0.2:
Threshold 0.3333333333333333:
max k is :0
Number of Clusters after addition by greedy: 95
gradient0 in heuristiic: 95
partitions formed in 0.137 secs
Dynamic Programming starting after 0.137 secs
Using tree-based weight calculation.
Using polytree-based weight calculation.
Polytree max score: 1265000
Polytree building time: 0.026 seconds.
Number of quartet trees in the gene trees: 1265000
Size of largest cluster: 25
Greedy score: 1265000
estimationFactor: 1.0
Sub-optimal score: 1265000
Total Number of elements weighted: 81
Normalized score (portion of input quartet trees satisfied before correcting for multiple individuals): 1.0
Optimization score: 1265000
Optimal tree inferred in 0.218 secs.
(16,(8,(6,(((18,19),(5,(7,14))),((4,(20,12)),(((13,(1,2)),(24,(17,(9,23)))),((21,15),((22,10),(3,(25,11))))))))));
Final quartet score is: 1265000
Final normalized quartet score is: 1.0
(1,(2,(13,((24,(17,(9,23)1:4.209655408733094)1:4.209655408733094)1:4.209655408733094,(((21,15)1:4.209655408733094,((22,10)1:4.209655408733094,(3,(25,11)1:4.209655408733094)1:4.209655408733094)1:4.209655408733094)1:4.209655408733094,((4,(20,12)1:4.209655408733094)1:4.209655408733094,(((18,19)1:4.209655408733094,(5,(7,14)1:4.209655408733094)1:4.209655408733094)1:4.209655408733094,(6,(8,16)1:4.209655408733094)1:4.209655408733094)1:4.209655408733094)1:4.209655408733094)1:4.209655408733094)1:4.209655408733094)1:4.209655408733094));
Weight calculation took 0.007763886 secs
ASTRAL finished in 0.564 secs
