
================== ASTRAL ===================== 

This is ASTRAL version 5.6.3
Gene trees are treated as unrooted
100 trees read from g_trees-raxml-sqlen-100-ngen-100-s2g.trees
All output trees will be *arbitrarily* rooted at 14

======== Running the main analysis
Number of taxa: 96 (25 species)
Taxa: {22=[22_5, 22_4, 22_3, 22_2, 22_1], 23=[23_3, 23_2, 23_1], 24=[24_3, 24_2, 24_1], 25=[25_3, 25_2, 25_1, 25_4], 10=[10_3, 10_2, 10_1], 11=[11_3, 11_2, 11_1], 12=[12_4, 12_3, 12_2, 12_1], 13=[13_4, 13_3, 13_2, 13_1], 14=[14_3, 14_2, 14_1], 15=[15_2, 15_1, 15_4, 15_3], 16=[16_1, 16_4, 16_3, 16_2], 17=[17_4, 17_3, 17_2, 17_1], 18=[18_4, 18_3, 18_2, 18_1], 19=[19_4, 19_3, 19_2, 19_1], 1=[1_1, 1_2, 1_3], 2=[2_1, 2_2, 2_3, 2_4, 2_5], 3=[3_1, 3_2, 3_3, 3_4], 4=[4_1, 4_2, 4_3, 4_4], 5=[5_1, 5_2, 5_3, 5_4, 5_5], 6=[6_1, 6_2, 6_3, 6_4], 7=[7_1, 7_2, 7_3, 7_4], 8=[8_1, 8_2, 8_3, 8_4], 9=[9_1, 9_2, 9_3, 9_4], 20=[20_3, 20_2, 20_1], 21=[21_4, 21_3, 21_2, 21_1]}
Taxon occupancy: {16_1=83, 14_3=4, 14_2=20, 12_4=1, 14_1=81, 12_3=4, 12_2=23, 12_1=76, 10_3=1, 10_2=13, 10_1=71, 18_4=1, 18_3=3, 18_2=23, 16_4=2, 18_1=83, 16_3=8, 16_2=21, 25_3=4, 25_2=22, 25_1=76, 23_3=5, 1_1=70, 23_2=19, 21_4=2, 23_1=83, 1_2=15, 21_3=6, 21_2=24, 3_1=71, 1_3=5, 21_1=73, 3_2=21, 5_1=76, 3_3=5, 5_2=18, 3_4=2, 7_1=81, 5_3=6, 7_2=23, 5_4=2, 9_1=79, 5_5=1, 7_3=6, 9_2=22, 7_4=2, 9_3=5, 9_4=1, 25_4=1, 15_2=23, 13_4=1, 15_1=76, 13_3=4, 13_2=22, 13_1=76, 11_3=4, 11_2=20, 11_1=82, 19_4=1, 19_3=4, 17_4=2, 19_2=20, 19_1=79, 17_3=3, 17_2=21, 15_4=1, 15_3=4, 17_1=78, 24_3=5, 22_5=1, 24_2=21, 22_4=1, 24_1=76, 22_3=5, 2_1=72, 22_2=19, 22_1=79, 20_3=4, 2_2=14, 20_2=20, 4_1=69, 2_3=5, 20_1=82, 4_2=21, 2_4=2, 6_1=80, 4_3=5, 2_5=1, 6_2=23, 4_4=1, 8_1=76, 6_3=6, 8_2=22, 6_4=1, 8_3=4, 8_4=1}
Number of gene trees: 100
100 trees have missing taxa
Calculating quartet distance matrix (for completion of X)
Species tree distances calculated ...
Will attempt to complete bipartitions from X before adding using a distance matrix.
Building set of clusters (X) from gene trees 
In second round sampling 3 rounds will be done
------------------------------
gradient0: 415
------------------------------
gradient1: 106
------------------------------
gradient2: 82
Number of Clusters after addition by distance: 603
calculating extra bipartitions to be added at level 1 ...
Adding to X using resolutions of greedy consensus ...
Limit for sigma of degrees:675
polytomy size limit : 3
discarded polytomies:  []
Threshold 0.0:
Threshold 0.01:
Threshold 0.02:
Threshold 0.05:
Threshold 0.1:
Threshold 0.2:
Threshold 0.3333333333333333:
max k is :0
Number of Clusters after addition by greedy: 603
gradient0 in heuristiic: 603
calculating extra bipartitions to be added at level 1 ...
Adding to X using resolutions of greedy consensus ...
Limit for sigma of degrees:675
polytomy size limit : 3
discarded polytomies:  []
Threshold 0.0:
Threshold 0.01:
Threshold 0.02:
Threshold 0.05:
Threshold 0.1:
Threshold 0.2:
Threshold 0.3333333333333333:
max k is :0
Number of Clusters after addition by greedy: 603
gradient1 in heuristiic: 0
calculating extra bipartitions to be added at level 1 ...
Adding to X using resolutions of greedy consensus ...
Limit for sigma of degrees:675
polytomy size limit : 3
discarded polytomies:  [3]
Threshold 0.0:
Threshold 0.01:
Threshold 0.02:
Threshold 0.05:
Threshold 0.1:
Threshold 0.2:
Threshold 0.3333333333333333:
polytomy of size 3; rounds with additions with at least 5 support: 0; clusters: 603
max k is :0
Number of Clusters after addition by greedy: 603
gradient2 in heuristiic: 0
partitions formed in 8.427 secs
Dynamic Programming starting after 8.427 secs
Using tree-based weight calculation.
Using polytree-based weight calculation.
Polytree max score: 3725412
Polytree building time: 0.023 seconds.
Number of quartet trees in the gene trees: 3717357
Size of largest cluster: 96
Greedy score: 2251640
estimationFactor: 1.6545323287620737
Sub-optimal score: 2453260
Total Number of elements weighted: 1401
Normalized score (portion of input quartet trees satisfied before correcting for multiple individuals): 0.6607983844435711
Optimization score: 2456423
Optimal tree inferred in 8.694 secs.
(23,((14,(11,20)),(7,(18,((16,(9,6)),((1,((3,4),(5,2))),((10,(19,22)),((21,17),(24,(25,(13,(8,(12,15)))))))))))));
Final quartet score is: 2584630
Final normalized quartet score is: 0.6952870009525585
You may want to ignore posterior probabilities and other statistics related to the following branch branch because the effective number of genes impacting it is only 14:
	{14}
You may want to ignore posterior probabilities and other statistics related to the following branch branch because the effective number of genes impacting it is only 14:
	{11}
You may want to ignore posterior probabilities and other statistics related to the following branch branch because the effective number of genes impacting it is only 14:
	{20}
You may want to ignore posterior probabilities and other statistics related to the following branch branch because the effective number of genes impacting it is only 13:
	{7}
You may want to ignore posterior probabilities and other statistics related to the following branch branch because the effective number of genes impacting it is only 12:
	{18}
You may want to ignore posterior probabilities and other statistics related to the following branch branch because the effective number of genes impacting it is only 12:
	{16}
You may want to ignore posterior probabilities and other statistics related to the following branch branch because the effective number of genes impacting it is only 12:
	{9}
You may want to ignore posterior probabilities and other statistics related to the following branch branch because the effective number of genes impacting it is only 13:
	{6}
You may want to ignore posterior probabilities and other statistics related to the following branch branch because the effective number of genes impacting it is only 10:
	{1}
You may want to ignore posterior probabilities and other statistics related to the following branch branch because the effective number of genes impacting it is only 12:
	{3}
You may want to ignore posterior probabilities and other statistics related to the following branch branch because the effective number of genes impacting it is only 12:
	{4}
You may want to ignore posterior probabilities and other statistics related to the following branch branch because the effective number of genes impacting it is only 9:
	{5}
You may want to ignore posterior probabilities and other statistics related to the following branch branch because the effective number of genes impacting it is only 7:
	{2}
You may want to ignore posterior probabilities and other statistics related to the following branch branch because the effective number of genes impacting it is only 9:
	{10}
You may want to ignore posterior probabilities and other statistics related to the following branch branch because the effective number of genes impacting it is only 11:
	{19}
You may want to ignore posterior probabilities and other statistics related to the following branch branch because the effective number of genes impacting it is only 9:
	{22}
You may want to ignore posterior probabilities and other statistics related to the following branch branch because the effective number of genes impacting it is only 13:
	{21}
You may want to ignore posterior probabilities and other statistics related to the following branch branch because the effective number of genes impacting it is only 10:
	{17}
You may want to ignore posterior probabilities and other statistics related to the following branch branch because the effective number of genes impacting it is only 15:
	{24}
You may want to ignore posterior probabilities and other statistics related to the following branch branch because the effective number of genes impacting it is only 12:
	{25}
You may want to ignore posterior probabilities and other statistics related to the following branch branch because the effective number of genes impacting it is only 12:
	{13}
You may want to ignore posterior probabilities and other statistics related to the following branch branch because the effective number of genes impacting it is only 12:
	{8}
You may want to ignore posterior probabilities and other statistics related to the following branch branch because the effective number of genes impacting it is only 12:
	{12}
You may want to ignore posterior probabilities and other statistics related to the following branch branch because the effective number of genes impacting it is only 12:
	{15}
You may want to ignore posterior probabilities and other statistics related to the following branch branch because the effective number of genes impacting it is only 14:
	{23}
((14_3,14_2,14_1)0.04:0.0,(((11_3,11_2,11_1)0.04:0.0,(20_3,20_2,20_1)0.05:0.0)1:0.2746102829211152,(((7_1,7_2,7_3,7_4)0.3:0.0,((18_4,18_3,18_2,18_1)0.22:0.0,(((16_1,16_4,16_3,16_2)0.23:0.0,((9_1,9_2,9_3,9_4)0.06:0.0,(6_1,6_2,6_3,6_4)0.06:0.0)1:1.311314332517572)1:0.7846052174589909,(((1_1,1_2,1_3)0.47:0.05430534485754213,(((3_1,3_2,3_3,3_4)0.05:0.0,(4_1,4_2,4_3,4_4)0.1:0.0)1:1.1657880274797072,((5_1,5_2,5_3,5_4,5_5)0.19:0.0,(2_1,2_2,2_3,2_4,2_5)0.16:0.0)1:0.9838068534507508)0.99:0.2808320050602783)1:2.750204488137121,(((10_3,10_2,10_1)0.47:0.05070866999206265,((19_4,19_3,19_2,19_1)0.07:0.0,(22_5,22_4,22_3,22_2,22_1)0.09:0.0)1:1.6670528441804027)1:0.7067314546470422,(((21_4,21_3,21_2,21_1)0.48:0.058617380146272796,(17_4,17_3,17_2,17_1)0.41:0.014241014732062454)1:0.4438984809940709,((24_3,24_2,24_1)0.22:0.0,((25_3,25_2,25_1,25_4)0.09:0.0,((13_4,13_3,13_2,13_1)0.13:0.0,((8_1,8_2,8_3,8_4)0.05:0.0,((12_4,12_3,12_2,12_1)0.05:0.0,(15_2,15_1,15_4,15_3)0.05:0.0)1:0.5481224218133381)1:0.511308855821667)0.83:0.1314540534024026)1:0.5360447751434374)1:1.269232706012353)1:0.3331663775213426)1:0.6386098466329524)1:1.1998196890657764)1:0.2667123654208401)0.39:0.00927683654396999)1:1.4564397020540185,(23_3,23_2,23_1)0.05:0.0)0.94:0.17684660839663388));
Weight calculation took 0.242653098 secs
ASTRAL finished in 8.891 secs
