
================== ASTRAL ===================== 

This is ASTRAL version 5.6.3
Gene trees are treated as unrooted
50 trees read from g_trees-raxml-sqlen-100-ngen-50-s2g.trees
All output trees will be *arbitrarily* rooted at 14

======== Running the main analysis
Number of taxa: 86 (25 species)
Taxa: {22=[22_3, 22_2, 22_1], 23=[23_3, 23_2, 23_1], 24=[24_3, 24_2, 24_1], 25=[25_3, 25_2, 25_1, 25_4], 10=[10_2, 10_1], 11=[11_3, 11_2, 11_1], 12=[12_4, 12_3, 12_2, 12_1], 13=[13_4, 13_3, 13_2, 13_1], 14=[14_3, 14_2, 14_1], 15=[15_2, 15_1, 15_4, 15_3], 16=[16_1, 16_3, 16_2], 17=[17_4, 17_3, 17_2, 17_1], 18=[18_2, 18_1], 19=[19_2, 19_1], 1=[1_1, 1_2, 1_3], 2=[2_1, 2_2, 2_3, 2_4, 2_5], 3=[3_1, 3_2, 3_3, 3_4], 4=[4_1, 4_2, 4_3, 4_4], 5=[5_1, 5_2, 5_3, 5_4, 5_5], 6=[6_1, 6_2, 6_3], 7=[7_1, 7_2, 7_3, 7_4], 8=[8_1, 8_2, 8_3, 8_4], 9=[9_1, 9_2, 9_3], 20=[20_3, 20_2, 20_1], 21=[21_4, 21_3, 21_2, 21_1]}
Taxon occupancy: {16_1=40, 14_3=2, 14_2=9, 12_4=1, 14_1=40, 12_3=1, 12_2=10, 12_1=37, 10_2=5, 10_1=39, 18_2=10, 18_1=43, 16_3=4, 16_2=7, 25_3=1, 25_2=8, 25_1=37, 23_3=2, 1_1=30, 23_2=9, 21_4=1, 23_1=42, 1_2=6, 21_3=3, 21_2=12, 3_1=32, 1_3=3, 21_1=36, 3_2=8, 5_1=34, 3_3=2, 5_2=7, 3_4=2, 7_1=41, 5_3=3, 7_2=11, 5_4=1, 9_1=38, 5_5=1, 7_3=1, 9_2=9, 7_4=1, 9_3=1, 25_4=1, 15_2=10, 13_4=1, 15_1=37, 13_3=1, 13_2=9, 13_1=37, 11_3=2, 11_2=10, 11_1=41, 17_4=1, 19_2=7, 19_1=43, 17_3=1, 17_2=11, 15_4=1, 15_3=1, 17_1=40, 24_3=2, 24_2=8, 24_1=37, 22_3=1, 2_1=31, 22_2=8, 22_1=43, 20_3=2, 2_2=3, 20_2=10, 4_1=31, 2_3=3, 20_1=41, 4_2=8, 2_4=1, 6_1=39, 4_3=2, 2_5=1, 6_2=9, 4_4=1, 8_1=37, 6_3=1, 8_2=9, 8_3=1, 8_4=1}
Number of gene trees: 50
50 trees have missing taxa
Calculating quartet distance matrix (for completion of X)
Species tree distances calculated ...
Will attempt to complete bipartitions from X before adding using a distance matrix.
Building set of clusters (X) from gene trees 
In second round sampling 3 rounds will be done
------------------------------
gradient0: 365
------------------------------
gradient1: 96
------------------------------
gradient2: 88
Number of Clusters after addition by distance: 549
calculating extra bipartitions to be added at level 1 ...
Adding to X using resolutions of greedy consensus ...
Limit for sigma of degrees:675
polytomy size limit : 4
discarded polytomies:  [4, 4, 4]
Threshold 0.0:
Threshold 0.01:
Threshold 0.02:
Threshold 0.05:
Threshold 0.1:
Threshold 0.2:
polytomy of size 4; rounds with additions with at least 5 support: 0; clusters: 549
Threshold 0.3333333333333333:
polytomy of size 4; rounds with additions with at least 5 support: 0; clusters: 549
polytomy of size 4; rounds with additions with at least 5 support: 0; clusters: 549
max k is :0
Number of Clusters after addition by greedy: 549
gradient0 in heuristiic: 549
calculating extra bipartitions to be added at level 1 ...
Adding to X using resolutions of greedy consensus ...
Limit for sigma of degrees:675
polytomy size limit : 4
discarded polytomies:  [3, 4]
Threshold 0.0:
Threshold 0.01:
Threshold 0.02:
Threshold 0.05:
Threshold 0.1:
Threshold 0.2:
Threshold 0.3333333333333333:
polytomy of size 3; rounds with additions with at least 5 support: 0; clusters: 549
polytomy of size 4; rounds with additions with at least 5 support: 0; clusters: 551
max k is :0
Number of Clusters after addition by greedy: 551
gradient1 in heuristiic: 2
calculating extra bipartitions to be added at level 1 ...
Adding to X using resolutions of greedy consensus ...
Limit for sigma of degrees:675
polytomy size limit : 5
discarded polytomies:  [3, 3, 3, 5]
Threshold 0.0:
Threshold 0.01:
Threshold 0.02:
Threshold 0.05:
Threshold 0.1:
Threshold 0.2:
polytomy of size 3; rounds with additions with at least 5 support: 0; clusters: 551
polytomy of size 3; rounds with additions with at least 5 support: 0; clusters: 551
Threshold 0.3333333333333333:
polytomy of size 3; rounds with additions with at least 5 support: 0; clusters: 551
polytomy of size 5; rounds with additions with at least 5 support: 0; clusters: 551
max k is :0
Number of Clusters after addition by greedy: 551
gradient2 in heuristiic: 0
partitions formed in 4.104 secs
Dynamic Programming starting after 4.105 secs
Using tree-based weight calculation.
Using polytree-based weight calculation.
Polytree max score: 1552342
Polytree building time: 0.02 seconds.
Number of quartet trees in the gene trees: 1548525
Size of largest cluster: 86
Greedy score: 986679
estimationFactor: 1.5732999283454903
Sub-optimal score: 1035244
Total Number of elements weighted: 1290
Normalized score (portion of input quartet trees satisfied before correcting for multiple individuals): 0.6695313281994155
Optimization score: 1036786
Optimal tree inferred in 4.318 secs.
(18,((7,(23,(14,(11,20)))),((16,(9,6)),((1,((3,4),(5,2))),((10,(19,22)),((21,17),(24,(25,(13,(8,(12,15)))))))))));
Final quartet score is: 1092782
Final normalized quartet score is: 0.7056921909559096
You may want to ignore posterior probabilities and other statistics related to the following branch branch because the effective number of genes impacting it is only 6:
	{14}
You may want to ignore posterior probabilities and other statistics related to the following branch branch because the effective number of genes impacting it is only 7:
	{11}
You may want to ignore posterior probabilities and other statistics related to the following branch branch because the effective number of genes impacting it is only 7:
	{20}
You may want to ignore posterior probabilities and other statistics related to the following branch branch because the effective number of genes impacting it is only 6:
	{23}
You may want to ignore posterior probabilities and other statistics related to the following branch branch because the effective number of genes impacting it is only 6:
	{7}
You may want to ignore posterior probabilities and other statistics related to the following branch branch because the effective number of genes impacting it is only 6:
	{16}
You may want to ignore posterior probabilities and other statistics related to the following branch branch because the effective number of genes impacting it is only 6:
	{9}
You may want to ignore posterior probabilities and other statistics related to the following branch branch because the effective number of genes impacting it is only 6:
	{6}
You may want to ignore posterior probabilities and other statistics related to the following branch branch because the effective number of genes impacting it is only 4:
	{1}
You may want to ignore posterior probabilities and other statistics related to the following branch branch because the effective number of genes impacting it is only 5:
	{3}
You may want to ignore posterior probabilities and other statistics related to the following branch branch because the effective number of genes impacting it is only 4:
	{4}
You may want to ignore posterior probabilities and other statistics related to the following branch branch because the effective number of genes impacting it is only 3:
	{5}
You may want to ignore posterior probabilities and other statistics related to the following branch branch because the effective number of genes impacting it is only 2:
	{2}
You may want to ignore posterior probabilities and other statistics related to the following branch branch because the effective number of genes impacting it is only 5:
	{10}
You may want to ignore posterior probabilities and other statistics related to the following branch branch because the effective number of genes impacting it is only 7:
	{19}
You may want to ignore posterior probabilities and other statistics related to the following branch branch because the effective number of genes impacting it is only 5:
	{22}
You may want to ignore posterior probabilities and other statistics related to the following branch branch because the effective number of genes impacting it is only 6:
	{21}
You may want to ignore posterior probabilities and other statistics related to the following branch branch because the effective number of genes impacting it is only 5:
	{17}
You may want to ignore posterior probabilities and other statistics related to the following branch branch because the effective number of genes impacting it is only 6:
	{24}
You may want to ignore posterior probabilities and other statistics related to the following branch branch because the effective number of genes impacting it is only 4:
	{25}
You may want to ignore posterior probabilities and other statistics related to the following branch branch because the effective number of genes impacting it is only 5:
	{13}
You may want to ignore posterior probabilities and other statistics related to the following branch branch because the effective number of genes impacting it is only 5:
	{8}
You may want to ignore posterior probabilities and other statistics related to the following branch branch because the effective number of genes impacting it is only 5:
	{12}
You may want to ignore posterior probabilities and other statistics related to the following branch branch because the effective number of genes impacting it is only 5:
	{15}
You may want to ignore posterior probabilities and other statistics related to the following branch branch because the effective number of genes impacting it is only 10:
	{18}
((14_3,14_2,14_1)0.09:0.0,(((11_3,11_2,11_1)0.08:0.0,(20_3,20_2,20_1)0.09:0.0)0.99:0.3893345735169522,((23_3,23_2,23_1)0.09:0.0,((7_1,7_2,7_3,7_4)0.49:0.06621107074033113,((((16_1,16_3,16_2)0.24:0.0,((9_1,9_2,9_3)0.08:0.0,(6_1,6_2,6_3)0.09:0.0)1:1.73037991245887)1:0.7555296055857428,(((1_1,1_2,1_3)0.53:0.1053605156578264,(((3_1,3_2,3_3,3_4)0.12:0.0,(4_1,4_2,4_3,4_4)0.22:0.0)1:1.3884035174050837,((5_1,5_2,5_3,5_4,5_5)0.42:0.0,(2_1,2_2,2_3,2_4,2_5)0.29:0.0)1:0.9664324502118917)0.98:0.4572284377570126)1:2.195264176786788,(((10_2,10_1)0.96:0.826678573184468,((19_2,19_1)0.07:0.0,(22_3,22_2,22_1)0.1:0.0)1:1.7924532564922189)1:0.8436532904431221,(((21_4,21_3,21_2,21_1)0.49:0.07021763309292044,(17_4,17_3,17_2,17_1)0.53:0.10314386237326348)0.98:0.3713438127450635,((24_3,24_2,24_1)0.27:0.0,((25_3,25_2,25_1,25_4)0.13:0.0,((13_4,13_3,13_2,13_1)0.22:0.0,((8_1,8_2,8_3,8_4)0.11:0.0,((12_4,12_3,12_2,12_1)0.11:0.0,(15_2,15_1,15_4,15_3)0.11:0.0)1:0.5982577927145782)1:0.42559770935945074)0.45:0.04561028498355622)1:0.6164597423406382)1:1.1534427445016278)0.99:0.4155840571024765)0.98:0.36775461596134806)1:1.016403126034953)0.95:0.25137049623528146,(18_2,18_1)0.44:0.03346472396818974)0.24:0.0)1:1.5727987840555473)0.69:0.11815119236005471));
Weight calculation took 0.191744651 secs
ASTRAL finished in 4.465 secs
