
================== ASTRAL ===================== 

This is ASTRAL version 5.6.3
Gene trees are treated as unrooted
179 trees read from g_trees-raxml-sqlen-100-ngen-50.trees.tree
All output trees will be *arbitrarily* rooted at 20

======== Running the main analysis
Number of taxa: 25 (25 species)
Taxa: [20, 11, 23, 14, 25, 13, 8, 12, 15, 24, 21, 10, 22, 19, 1, 3, 4, 5, 2, 7, 18, 9, 6, 16, 17]
Taxon occupancy: {22=168, 23=161, 24=152, 25=131, 10=156, 11=160, 12=132, 13=131, 14=153, 15=132, 16=111, 17=132, 18=164, 19=166, 1=100, 2=113, 3=114, 4=110, 5=124, 6=107, 7=162, 8=131, 9=103, 20=160, 21=126}
Number of gene trees: 179
172 trees have missing taxa
Calculating quartet distance matrix (for completion of X)
Species tree distances calculated ...
Will attempt to complete bipartitions from X before adding using a distance matrix.
Building set of clusters (X) from gene trees 
------------------------------
gradient0: 353
Number of Clusters after addition by distance: 353
calculating extra bipartitions to be added at level 1 ...
Adding to X using resolutions of greedy consensus ...
Limit for sigma of degrees:675
polytomy size limit : 3
discarded polytomies:  []
Threshold 0.0:
Threshold 0.01:
Threshold 0.02:
Threshold 0.05:
Threshold 0.1:
Threshold 0.2:
Threshold 0.3333333333333333:
max k is :0
Number of Clusters after addition by greedy: 353
gradient0 in heuristiic: 353
partitions formed in 0.171 secs
Dynamic Programming starting after 0.171 secs
Using tree-based weight calculation.
Using polytree-based weight calculation.
Polytree max score: 837746
Polytree building time: 0.023 seconds.
Number of quartet trees in the gene trees: 837746
Size of largest cluster: 25
Greedy score: 726925
estimationFactor: 1.152451766000619
Sub-optimal score: 730987
Total Number of elements weighted: 473
Normalized score (portion of input quartet trees satisfied before correcting for multiple individuals): 0.881579858334149
Optimization score: 738540
Optimal tree inferred in 0.319 secs.
(18,(((20,11),(23,14)),(7,((16,(9,6)),((1,((3,4),(5,2))),((10,(22,19)),((21,17),(24,(25,(13,(8,(12,15))))))))))));
Final quartet score is: 738540
Final normalized quartet score is: 0.881579858334149
(20,(11,((23,14)1:0.40628781485962795,((7,((16,(9,6)1:4.179502370562407)1:1.1054958981504934,((1,((3,4)1:3.385587970735083,(5,2)1:0.7933530456291071)1:0.7859289140109117)1:4.071871706370043,((10,(22,19)1:3.512486625552952)1:1.2388762354239637,((21,17)1:0.3966462388280697,(24,(25,(13,(8,(12,15)1:0.689926828673067)1:1.032099040777315)0.99:0.20572312003043153)1:1.3802641920932992)1:2.392703452656324)1:1.063452099390733)1:0.7834380813221105)1:1.3712275028682435)0.64:0.06934513472769795)1:0.7448117787023204,18)1:2.887381858057716)1:0.5415002374523198));
Weight calculation took 0.096804945 secs
ASTRAL finished in 0.442 secs
