
================== ASTRAL ===================== 

This is ASTRAL version 5.6.3
Gene trees are treated as unrooted
335 trees read from g_trees-raxml-sqlen-250-ngen-100.trees.tree
All output trees will be *arbitrarily* rooted at 11

======== Running the main analysis
Number of taxa: 25 (25 species)
Taxa: [11, 14, 20, 23, 7, 18, 21, 24, 13, 8, 15, 12, 25, 10, 22, 19, 16, 6, 9, 3, 4, 5, 2, 1, 17]
Taxon occupancy: {22=299, 23=273, 24=287, 25=272, 10=266, 11=272, 12=272, 13=273, 14=278, 15=267, 16=248, 17=259, 18=298, 19=294, 1=255, 2=227, 3=240, 4=229, 5=261, 6=246, 7=302, 8=265, 9=242, 20=272, 21=256}
Number of gene trees: 335
314 trees have missing taxa
Calculating quartet distance matrix (for completion of X)
Species tree distances calculated ...
Will attempt to complete bipartitions from X before adding using a distance matrix.
Building set of clusters (X) from gene trees 
------------------------------
gradient0: 319
Number of Clusters after addition by distance: 319
calculating extra bipartitions to be added at level 1 ...
Adding to X using resolutions of greedy consensus ...
Limit for sigma of degrees:675
polytomy size limit : 3
discarded polytomies:  []
Threshold 0.0:
Threshold 0.01:
Threshold 0.02:
Threshold 0.05:
Threshold 0.1:
Threshold 0.2:
Threshold 0.3333333333333333:
max k is :0
Number of Clusters after addition by greedy: 319
gradient0 in heuristiic: 319
partitions formed in 0.262 secs
Dynamic Programming starting after 0.262 secs
Using tree-based weight calculation.
Using polytree-based weight calculation.
Polytree max score: 1890568
Polytree building time: 0.048 seconds.
Number of quartet trees in the gene trees: 1890568
Size of largest cluster: 25
Greedy score: 1774118
estimationFactor: 1.0656382495414622
Sub-optimal score: 1778965
Total Number of elements weighted: 373
Normalized score (portion of input quartet trees satisfied before correcting for multiple individuals): 0.9409685343240761
Optimization score: 1778965
Optimal tree inferred in 0.482 secs.
(4,(3,((5,2),(1,(((16,(6,9)),(18,(7,(23,(14,(11,20)))))),((10,(22,19)),((21,17),(24,(25,(13,(8,(15,12))))))))))));
Final quartet score is: 1778965
Final normalized quartet score is: 0.9409685343240761
(11,(20,(14,(23,(7,(18,((16,(6,9)1:3.4188189830119726)1:1.805593613944969,(((10,(22,19)1:5.111987788356531)1:1.8247993233062547,((21,17)1:2.0126328720077256,(24,(25,(13,(8,(15,12)1:0.5036540247093505)1:0.9161105244075177)1:0.40076666558698365)1:1.38886910149236)1:2.6696665794336223)1:1.0207698019041762)1:2.5571402071473606,(1,((5,2)1:1.4759089314500837,(3,4)1:4.257973986003903)1:1.5136337834964924)1:5.001706663351952)1:2.0347168586636193)1:0.18153164213627054)1:0.47766603518100054)1:5.097484056238793)0.25:0.15272583988066965)1:0.3954578906780507));
Weight calculation took 0.133648722 secs
ASTRAL finished in 0.703 secs
