
================== ASTRAL ===================== 

This is ASTRAL version 5.6.3
Gene trees are treated as unrooted
112 trees read from g_trees-raxml-sqlen-100-ngen-25.trees.tree
All output trees will be *arbitrarily* rooted at 20

======== Running the main analysis
Number of taxa: 25 (25 species)
Taxa: [20, 11, 23, 14, 25, 13, 8, 12, 15, 24, 21, 10, 22, 19, 1, 3, 4, 5, 2, 7, 18, 9, 6, 16, 17]
Taxon occupancy: {22=105, 23=106, 24=96, 25=74, 10=94, 11=106, 12=75, 13=74, 14=99, 15=75, 16=51, 17=83, 18=104, 19=104, 1=47, 2=71, 3=70, 4=66, 5=73, 6=51, 7=106, 8=75, 9=51, 20=106, 21=85}
Number of gene trees: 112
108 trees have missing taxa
Calculating quartet distance matrix (for completion of X)
Species tree distances calculated ...
Will attempt to complete bipartitions from X before adding using a distance matrix.
Building set of clusters (X) from gene trees 
------------------------------
gradient0: 285
Number of Clusters after addition by distance: 285
calculating extra bipartitions to be added at level 1 ...
Adding to X using resolutions of greedy consensus ...
Limit for sigma of degrees:675
polytomy size limit : 3
discarded polytomies:  []
Threshold 0.0:
Threshold 0.01:
Threshold 0.02:
Threshold 0.05:
Threshold 0.1:
Threshold 0.2:
Threshold 0.3333333333333333:
max k is :0
Number of Clusters after addition by greedy: 285
gradient0 in heuristiic: 285
partitions formed in 0.174 secs
Dynamic Programming starting after 0.174 secs
Using tree-based weight calculation.
Using polytree-based weight calculation.
Polytree max score: 448065
Polytree building time: 0.016 seconds.
Number of quartet trees in the gene trees: 448065
Size of largest cluster: 25
Greedy score: 388341
estimationFactor: 1.1537926719043314
Sub-optimal score: 396637
Total Number of elements weighted: 353
Normalized score (portion of input quartet trees satisfied before correcting for multiple individuals): 0.8863647015499984
Optimization score: 397149
Optimal tree inferred in 0.279 secs.
(25,((13,(8,(12,15))),(24,((21,17),((10,(22,19)),((1,((3,4),(5,2))),(7,((16,(9,6)),(18,((20,11),(23,14)))))))))));
Final quartet score is: 397149
Final normalized quartet score is: 0.8863647015499984
(20,(11,((23,14)1:1.0010319603292457,(18,((16,(9,6)1:3.486355190002461)1:1.3646118478040627,(7,((1,((3,4)1:3.5457786104732607,(5,2)1:1.6189166563886443)0.98:0.37729423114146804)1:3.205452804536062,((10,(22,19)1:3.579353054756668)1:1.5444977189927351,((21,17)1:0.4068176660009486,(24,((13,(8,(12,15)1:0.5230442852251893)1:0.7432404039773881)0.99:0.2833264924121259,25)1:1.5236942305223335)1:2.3895964699836756)1:1.6971874602699755)1:0.8632343596855695)1:1.3197408260326526)0.47:0.08020081371208394)1:0.3926608161959068)1:2.4889395387656776)1:0.7875232173724733));
Weight calculation took 0.044690518 secs
ASTRAL finished in 2.009 secs
