
================== ASTRAL ===================== 

This is ASTRAL version 5.6.3
Gene trees are treated as unrooted
162 trees read from g_trees-raxml-sqlen-250-ngen-50.trees.tree
All output trees will be *arbitrarily* rooted at 11

======== Running the main analysis
Number of taxa: 25 (25 species)
Taxa: [11, 14, 20, 23, 7, 18, 21, 24, 13, 8, 15, 12, 25, 10, 22, 19, 16, 6, 9, 3, 4, 5, 2, 1, 17]
Taxon occupancy: {22=147, 23=138, 24=137, 25=132, 10=136, 11=137, 12=131, 13=131, 14=134, 15=131, 16=91, 17=120, 18=146, 19=142, 1=120, 2=106, 3=106, 4=103, 5=119, 6=93, 7=149, 8=130, 9=90, 20=137, 21=126}
Number of gene trees: 162
154 trees have missing taxa
Calculating quartet distance matrix (for completion of X)
Species tree distances calculated ...
Will attempt to complete bipartitions from X before adding using a distance matrix.
Building set of clusters (X) from gene trees 
------------------------------
gradient0: 271
Number of Clusters after addition by distance: 271
calculating extra bipartitions to be added at level 1 ...
Adding to X using resolutions of greedy consensus ...
Limit for sigma of degrees:675
polytomy size limit : 3
discarded polytomies:  []
Threshold 0.0:
Threshold 0.01:
Threshold 0.02:
Threshold 0.05:
Threshold 0.1:
Threshold 0.2:
Threshold 0.3333333333333333:
max k is :0
Number of Clusters after addition by greedy: 271
gradient0 in heuristiic: 271
partitions formed in 0.168 secs
Dynamic Programming starting after 0.168 secs
Using tree-based weight calculation.
Using polytree-based weight calculation.
Polytree max score: 820677
Polytree building time: 0.022 seconds.
Number of quartet trees in the gene trees: 820677
Size of largest cluster: 25
Greedy score: 769165
estimationFactor: 1.066971326048377
Sub-optimal score: 769165
Total Number of elements weighted: 313
Normalized score (portion of input quartet trees satisfied before correcting for multiple individuals): 0.9374930697460755
Optimization score: 769379
Optimal tree inferred in 0.287 secs.
(4,(3,((5,2),(1,(((16,(6,9)),(18,(7,((11,20),(14,23))))),((10,(22,19)),((21,17),(24,(25,(13,(8,(15,12))))))))))));
Final quartet score is: 769379
Final normalized quartet score is: 0.9374930697460755
(11,(20,((14,23)1:0.28822334445417036,(7,(18,((16,(6,9)1:4.025351690735153)1:1.0952794225621358,(((10,(22,19)1:4.469732215092986)1:2.6855773452501523,((21,17)1:2.6855773452501523,(24,(25,(13,(8,(15,12)1:0.5098429931271142)1:1.1496863714327177)1:0.3911324721032992)1:2.0561132891889273)1:1.9803729681896658)1:0.9534302788236119)1:2.26621744882317,(1,((5,2)1:0.786749635682995,(3,4)1:3.4231762883809314)1:1.3200449755786898)1:4.267363726353742)1:1.1230037417922687)1:0.4399505161717641)1:0.5387615659260151)1:4.428794553462537)0.5:0.19718299574386577));
Weight calculation took 0.070462185 secs
ASTRAL finished in 0.422 secs
