
================== ASTRAL ===================== 

This is ASTRAL version 5.6.3
Gene trees are treated as unrooted
83 trees read from g_trees-raxml-sqlen-50-ngen-25.trees.tree
All output trees will be *arbitrarily* rooted at 18

======== Running the main analysis
Number of taxa: 25 (25 species)
Taxa: [18, 16, 9, 6, 24, 8, 12, 15, 13, 25, 21, 22, 10, 19, 7, 20, 11, 14, 23, 1, 2, 5, 4, 3, 17]
Taxon occupancy: {22=65, 23=75, 24=43, 25=42, 10=63, 11=76, 12=45, 13=45, 14=68, 15=51, 16=60, 17=64, 18=65, 19=59, 1=52, 2=38, 3=47, 4=42, 5=48, 6=61, 7=75, 8=45, 9=61, 20=76, 21=55}
Number of gene trees: 83
81 trees have missing taxa
Calculating quartet distance matrix (for completion of X)
Species tree distances calculated ...
Will attempt to complete bipartitions from X before adding using a distance matrix.
Building set of clusters (X) from gene trees 
------------------------------
gradient0: 393
Number of Clusters after addition by distance: 393
calculating extra bipartitions to be added at level 1 ...
Adding to X using resolutions of greedy consensus ...
Limit for sigma of degrees:675
polytomy size limit : 3
discarded polytomies:  [3, 3]
Threshold 0.0:
Threshold 0.01:
Threshold 0.02:
Threshold 0.05:
Threshold 0.1:
Threshold 0.2:
Threshold 0.3333333333333333:
polytomy of size 3; rounds with additions with at least 5 support: 0; clusters: 393
polytomy of size 3; rounds with additions with at least 5 support: 0; clusters: 393
max k is :0
Number of Clusters after addition by greedy: 393
gradient0 in heuristiic: 393
partitions formed in 0.214 secs
Dynamic Programming starting after 0.214 secs
Using tree-based weight calculation.
Using polytree-based weight calculation.
Polytree max score: 269469
Polytree building time: 0.017 seconds.
Number of quartet trees in the gene trees: 269469
Size of largest cluster: 25
Greedy score: 189988
estimationFactor: 1.4183474745773417
Sub-optimal score: 200083
Total Number of elements weighted: 679
Normalized score (portion of input quartet trees satisfied before correcting for multiple individuals): 0.7688973499734664
Optimization score: 207194
Optimal tree inferred in 0.341 secs.
(24,((13,(25,(12,(8,15)))),((21,17),((10,(22,19)),((16,(9,6)),((14,(23,(20,11))),(7,(18,(1,((2,5),(4,3)))))))))));
Final quartet score is: 207194
Final normalized quartet score is: 0.7688973499734664
(18,((1,((2,5)1:0.5548196156719297,(4,3)1:3.3081069585961425)1:1.2039728043259361)1:1.8632184332102002,(7,((14,(23,(20,11)1:0.36066445279681697)0.27:0.0)1:1.1914804361938036,((16,(9,6)1:2.4538893320646293)1:0.4699230234483439,((10,(22,19)1:1.8117140837575993)1:0.6908145194163082,((21,17)1:1.1634561067092883,((13,(25,(12,(8,15)0.73:0.21443469831838258)1:1.0603107562250769)0.82:0.17652091078207305)1:0.9267620317414502,24)1:2.0396200474931647)1:0.48297075305848797)1:1.0442641013283318)0.85:0.1540691662259602)0.84:0.1713181417559985)0.06:0.0));
Weight calculation took 0.064737723 secs
ASTRAL finished in 2.161 secs
