
================== ASTRAL ===================== 

This is ASTRAL version 5.6.3
Gene trees are treated as unrooted
273 trees read from g_trees-raxml-sqlen-0-ngen-25.trees.tree
All output trees will be *arbitrarily* rooted at 7

======== Running the main analysis
Number of taxa: 25 (25 species)
Taxa: [7, 18, 23, 20, 11, 14, 16, 9, 6, 10, 22, 19, 24, 25, 12, 15, 8, 13, 21, 5, 2, 1, 17, 4, 3]
Taxon occupancy: {22=250, 23=258, 24=241, 25=216, 10=218, 11=262, 12=214, 13=214, 14=240, 15=214, 16=146, 17=232, 18=259, 19=242, 1=207, 2=204, 3=205, 4=202, 5=210, 6=143, 7=251, 8=214, 9=143, 20=262, 21=258}
Number of gene trees: 273
254 trees have missing taxa
Calculating quartet distance matrix (for completion of X)
Species tree distances calculated ...
Will attempt to complete bipartitions from X before adding using a distance matrix.
Building set of clusters (X) from gene trees 
------------------------------
gradient0: 159
Number of Clusters after addition by distance: 159
calculating extra bipartitions to be added at level 1 ...
Adding to X using resolutions of greedy consensus ...
Limit for sigma of degrees:675
polytomy size limit : 3
discarded polytomies:  []
Threshold 0.0:
Threshold 0.01:
Threshold 0.02:
Threshold 0.05:
Threshold 0.1:
Threshold 0.2:
Threshold 0.3333333333333333:
max k is :0
Number of Clusters after addition by greedy: 159
gradient0 in heuristiic: 159
partitions formed in 0.188 secs
Dynamic Programming starting after 0.188 secs
Using tree-based weight calculation.
Using polytree-based weight calculation.
Polytree max score: 1675096
Polytree building time: 0.026 seconds.
Number of quartet trees in the gene trees: 1675096
Size of largest cluster: 25
Greedy score: 1651052
estimationFactor: 1.0145628363007344
Sub-optimal score: 1652593
Total Number of elements weighted: 143
Normalized score (portion of input quartet trees satisfied before correcting for multiple individuals): 0.986566143074785
Optimization score: 1652593
Optimal tree inferred in 0.272 secs.
(2,(5,((4,3),(1,(((16,(9,6)),(18,(7,((23,14),(20,11))))),((10,(22,19)),((21,17),(24,(25,(13,(8,(12,15))))))))))));
Final quartet score is: 1652593
Final normalized quartet score is: 0.986566143074785
(7,(((23,14)1:0.35306483171463254,(20,11)1:1.852502919397075)1:5.111987788356531,(18,((16,(9,6)1:4.529008825022534)1:4.514515817719961,(((10,(22,19)1:4.969813299575996)1:3.8712010109078947,((21,17)1:4.936869143856641,(24,(25,(13,(8,(12,15)1:0.7907856501238614)1:2.2002472496628123)1:0.37426673725230303)1:4.9744322454323)1:4.941642422609307)1:5.0369526024136375)1:5.054120406035993,(1,((4,3)1:4.8148907169701705,(5,2)1:4.798541578968634)1:4.5849674786705705)1:4.781920697732581)1:4.469732215092986)1:1.0508078318234375)1:1.1336313149676909));
Weight calculation took 0.02333432 secs
ASTRAL finished in 0.484 secs
