
================== ASTRAL ===================== 

This is ASTRAL version 5.6.3
Gene trees are treated as unrooted
115 trees read from g_trees-raxml-sqlen-25-ngen-50.trees.tree
All output trees will be *arbitrarily* rooted at 6

======== Running the main analysis
Number of taxa: 25 (25 species)
Taxa: [6, 9, 18, 16, 24, 8, 12, 15, 25, 13, 10, 22, 19, 7, 21, 11, 20, 14, 2, 5, 4, 3, 17, 23, 1]
Taxon occupancy: {22=99, 23=87, 24=86, 25=88, 10=95, 11=87, 12=83, 13=86, 14=83, 15=83, 16=89, 17=99, 18=94, 19=96, 1=80, 2=69, 3=64, 4=61, 5=71, 6=94, 7=88, 8=81, 9=94, 20=87, 21=90}
Number of gene trees: 115
113 trees have missing taxa
Calculating quartet distance matrix (for completion of X)
Species tree distances calculated ...
Will attempt to complete bipartitions from X before adding using a distance matrix.
Building set of clusters (X) from gene trees 
------------------------------
gradient0: 723
Number of Clusters after addition by distance: 723
calculating extra bipartitions to be added at level 1 ...
Adding to X using resolutions of greedy consensus ...
Limit for sigma of degrees:675
polytomy size limit : 4
discarded polytomies:  [3, 3, 4]
Threshold 0.0:
Threshold 0.01:
Threshold 0.02:
Threshold 0.05:
Threshold 0.1:
Threshold 0.2:
Threshold 0.3333333333333333:
polytomy of size 3; rounds with additions with at least 5 support: 0; clusters: 723
polytomy of size 4; rounds with additions with at least 5 support: 0; clusters: 723
polytomy of size 3; rounds with additions with at least 5 support: 0; clusters: 723
max k is :0
Number of Clusters after addition by greedy: 723
gradient0 in heuristiic: 723
partitions formed in 0.332 secs
Dynamic Programming starting after 0.332 secs
Using tree-based weight calculation.
Using polytree-based weight calculation.
Polytree max score: 498279
Polytree building time: 0.025 seconds.
Number of quartet trees in the gene trees: 498279
Size of largest cluster: 25
Greedy score: 352200
estimationFactor: 1.4147614991482111
Sub-optimal score: 353650
Total Number of elements weighted: 1455
Normalized score (portion of input quartet trees satisfied before correcting for multiple individuals): 0.7376449740005098
Optimization score: 367553
Optimal tree inferred in 0.598 secs.
(24,((25,(13,(8,(12,15)))),((21,17),((10,(22,19)),((1,((4,3),(2,5))),((16,(6,9)),(7,(18,(23,(14,(11,20)))))))))));
Final quartet score is: 367553
Final normalized quartet score is: 0.7376449740005098
(6,(9,(16,((7,(18,(23,(14,(11,20)0.99:0.2568029174932841)0.99:0.2622771175651725)1:1.5300468181853568)1:0.702718245199241)0.93:0.16450388501344182,((1,((4,3)1:1.39744224132832,(2,5)0.96:0.25351444973356196)1:1.028399296126903)0.99:0.2904909446731325,((10,(22,19)1:1.894967814522519)1:0.6419522075443169,((21,17)1:0.5024177824962114,((25,(13,(8,(12,15)1:0.4529555076950767)0.99:0.23829751568821547)0.27:0.03114062268669892)0.97:0.22671620311383475,24)1:1.2190931443831994)0.87:0.12306783966998133)0.98:0.21033328620948452)1:0.3922511822890115)1:0.3669930072194516)1:1.1426590090247146));
Weight calculation took 0.175431015 secs
ASTRAL finished in 2.733 secs
