
================== ASTRAL ===================== 

This is ASTRAL version 5.6.3
Gene trees are treated as unrooted
1658 trees read from g_trees-raxml-sqlen-100-ngen-500.trees.tree
All output trees will be *arbitrarily* rooted at 20

======== Running the main analysis
Number of taxa: 25 (25 species)
Taxa: [20, 11, 23, 14, 25, 13, 8, 12, 15, 24, 21, 10, 22, 19, 1, 3, 4, 5, 2, 7, 18, 9, 6, 16, 17]
Taxon occupancy: {22=1369, 23=1217, 24=1314, 25=1281, 10=1280, 11=1185, 12=1259, 13=1305, 14=1191, 15=1260, 16=1286, 17=1276, 18=1137, 19=1370, 1=1101, 2=1152, 3=1137, 4=1125, 5=1180, 6=1236, 7=1234, 8=1245, 9=1243, 20=1197, 21=1275}
Number of gene trees: 1658
1601 trees have missing taxa
Calculating quartet distance matrix (for completion of X)
Species tree distances calculated ...
Will attempt to complete bipartitions from X before adding using a distance matrix.
Building set of clusters (X) from gene trees 
------------------------------
gradient0: 887
Number of Clusters after addition by distance: 887
calculating extra bipartitions to be added at level 1 ...
Adding to X using resolutions of greedy consensus ...
Limit for sigma of degrees:675
polytomy size limit : 3
discarded polytomies:  []
Threshold 0.0:
Threshold 0.01:
Threshold 0.02:
Threshold 0.05:
Threshold 0.1:
Threshold 0.2:
Threshold 0.3333333333333333:
max k is :0
Number of Clusters after addition by greedy: 887
gradient0 in heuristiic: 887
partitions formed in 0.71 secs
Dynamic Programming starting after 0.71 secs
Using tree-based weight calculation.
Using polytree-based weight calculation.
Polytree max score: 7387119
Polytree building time: 0.133 seconds.
Number of quartet trees in the gene trees: 7387119
Size of largest cluster: 25
Greedy score: 6360396
estimationFactor: 1.1614243830101145
Sub-optimal score: 6465029
Total Number of elements weighted: 2092
Normalized score (portion of input quartet trees satisfied before correcting for multiple individuals): 0.8827268113590697
Optimization score: 6520808
Optimal tree inferred in 2.507 secs.
(25,((13,(8,(12,15))),(24,((21,17),((10,(22,19)),((1,((3,4),(5,2))),((16,(9,6)),((7,18),(23,(14,(20,11)))))))))));
Final quartet score is: 6520808
Final normalized quartet score is: 0.8827268113590697
(20,(11,(14,(23,((7,18)0.78:0.04583585522952141,((16,(9,6)1:2.577250962625622)1:1.1138853384650476,((1,((3,4)1:2.6313682086282726,(5,2)1:1.267868590865196)1:1.0707359191398549)1:4.291600342584149,((10,(22,19)1:2.3508203862911112)1:0.8794251202873333,((21,17)1:0.5484652291165394,(24,((13,(8,(12,15)1:0.3923973601692559)1:0.8738211389872287)1:0.35678633313619273,25)1:1.2841301072562268)1:2.163959430087901)1:0.5196080542736217)1:0.9189705625312344)1:1.6314265333257723)1:0.26509970292870266)1:2.441445123887521)1:0.38232473492604374)1:0.5334916531385603));
Weight calculation took 1.572537153 secs
ASTRAL finished in 4.897 secs
