
================== ASTRAL ===================== 

This is ASTRAL version 5.6.3
Gene trees are treated as unrooted
1272 trees read from g_trees-raxml-sqlen-0-ngen-500.trees.tree
All output trees will be *arbitrarily* rooted at 7

======== Running the main analysis
Number of taxa: 25 (25 species)
Taxa: [7, 18, 23, 20, 11, 14, 16, 9, 6, 10, 22, 19, 24, 25, 12, 15, 8, 13, 21, 17, 4, 3, 5, 2, 1]
Taxon occupancy: {22=1080, 23=994, 24=1032, 25=1047, 10=1038, 11=981, 12=1028, 13=1037, 14=977, 15=1029, 16=1014, 17=1045, 18=991, 19=1078, 1=970, 2=992, 3=975, 4=969, 5=1012, 6=1024, 7=1009, 8=1023, 9=1029, 20=991, 21=1036}
Number of gene trees: 1272
1149 trees have missing taxa
Calculating quartet distance matrix (for completion of X)
Species tree distances calculated ...
Will attempt to complete bipartitions from X before adding using a distance matrix.
Building set of clusters (X) from gene trees 
------------------------------
gradient0: 225
Number of Clusters after addition by distance: 225
calculating extra bipartitions to be added at level 1 ...
Adding to X using resolutions of greedy consensus ...
Limit for sigma of degrees:675
polytomy size limit : 3
discarded polytomies:  []
Threshold 0.0:
Threshold 0.01:
Threshold 0.02:
Threshold 0.05:
Threshold 0.1:
Threshold 0.2:
Threshold 0.3333333333333333:
max k is :0
Number of Clusters after addition by greedy: 225
gradient0 in heuristiic: 225
partitions formed in 0.562 secs
Dynamic Programming starting after 0.562 secs
Using tree-based weight calculation.
Using polytree-based weight calculation.
Polytree max score: 7532409
Polytree building time: 0.133 seconds.
Number of quartet trees in the gene trees: 7532409
Size of largest cluster: 25
Greedy score: 7416268
estimationFactor: 1.0156603024594042
Sub-optimal score: 7416268
Total Number of elements weighted: 218
Normalized score (portion of input quartet trees satisfied before correcting for multiple individuals): 0.9845811612194717
Optimization score: 7416268
Optimal tree inferred in 0.93 secs.
(4,(3,((5,2),(1,(((16,(9,6)),(18,(7,(23,(14,(20,11)))))),((10,(22,19)),((21,17),(24,(25,(13,(8,(12,15))))))))))));
Final quartet score is: 7416268
Final normalized quartet score is: 0.9845811612194717
(7,((23,(14,(20,11)1:1.0341858009724185)1:0.9510398162096191)1:6.347972810489604,(18,((16,(9,6)1:6.416732282512363)1:5.721404076006044,(((10,(22,19)1:6.39692965521619)1:5.306065053338856,((21,17)1:4.141369500866967,(24,(25,(13,(8,(12,15)1:0.8111787560461157)1:1.397714828335601)1:0.6173091041684411)1:3.457367653129208)1:6.441478031477266)1:2.6611023105353864)1:6.43401133012067,(1,((5,2)1:6.382379874201431,(3,4)1:6.415642364148313)1:6.2928029460072805)1:6.287858560161752)1:6.426488457457668)1:1.7612592178095345)0.99:0.07018100853665306));
Weight calculation took 0.173731481 secs
ASTRAL finished in 1.28 secs
