
================== ASTRAL ===================== 

This is ASTRAL version 5.6.3
Gene trees are treated as unrooted
448 trees read from g_trees-raxml-sqlen-50-ngen-100.trees.tree
All output trees will be *arbitrarily* rooted at 18

======== Running the main analysis
Number of taxa: 25 (25 species)
Taxa: [18, 16, 9, 6, 24, 8, 12, 15, 13, 25, 21, 22, 10, 19, 7, 20, 11, 14, 23, 1, 2, 5, 4, 3, 17]
Taxon occupancy: {22=355, 23=278, 24=314, 25=316, 10=363, 11=280, 12=323, 13=317, 14=284, 15=329, 16=365, 17=276, 18=266, 19=348, 1=321, 2=249, 3=348, 4=330, 5=357, 6=353, 7=348, 8=322, 9=350, 20=288, 21=357}
Number of gene trees: 448
438 trees have missing taxa
Calculating quartet distance matrix (for completion of X)
Species tree distances calculated ...
Will attempt to complete bipartitions from X before adding using a distance matrix.
Building set of clusters (X) from gene trees 
------------------------------
gradient0: 743
Number of Clusters after addition by distance: 743
calculating extra bipartitions to be added at level 1 ...
Adding to X using resolutions of greedy consensus ...
Limit for sigma of degrees:675
polytomy size limit : 3
discarded polytomies:  [3, 3, 3]
Threshold 0.0:
Threshold 0.01:
Threshold 0.02:
Threshold 0.05:
Threshold 0.1:
Threshold 0.2:
Threshold 0.3333333333333333:
polytomy of size 3; rounds with additions with at least 5 support: 0; clusters: 743
polytomy of size 3; rounds with additions with at least 5 support: 0; clusters: 743
polytomy of size 3; rounds with additions with at least 5 support: 0; clusters: 743
max k is :0
Number of Clusters after addition by greedy: 743
gradient0 in heuristiic: 743
partitions formed in 0.547 secs
Dynamic Programming starting after 0.547 secs
Using tree-based weight calculation.
Using polytree-based weight calculation.
Polytree max score: 1717425
Polytree building time: 0.062 seconds.
Number of quartet trees in the gene trees: 1717425
Size of largest cluster: 25
Greedy score: 1395278
estimationFactor: 1.2308837378644255
Sub-optimal score: 1404922
Total Number of elements weighted: 1744
Normalized score (portion of input quartet trees satisfied before correcting for multiple individuals): 0.8354682154970378
Optimization score: 1434854
Optimal tree inferred in 1.161 secs.
(24,((25,(13,(8,(12,15)))),((10,(22,19)),((21,17),((1,((2,5),(4,3))),((16,(9,6)),(7,(18,(23,(11,(20,14)))))))))));
Final quartet score is: 1434854
Final normalized quartet score is: 0.8354682154970378
(18,((23,(11,(20,14)0.56:0.030619084601433536)1:0.30681389717447904)1:1.3177620736227973,(7,((16,(9,6)1:2.5294997477168333)1:0.699924722083011,((1,((2,5)1:1.086226743709027,(4,3)1:2.9102598727172677)1:0.5847863507744548)1:1.8935421635379979,((21,17)1:0.28040138254702107,((10,(22,19)1:3.0083667812496993)1:0.2910710049953331,((25,(13,(8,(12,15)1:0.42619972523876354)1:0.31484541905151675)0.96:0.10189952136632345)1:0.3703773736437153,24)1:2.1819831585388707)0.97:0.10931600098327285)1:1.5336215524860384)1:1.04260558860813)1:0.24948537474377167)0.58:0.038793855358269964));
Weight calculation took 0.479495895 secs
ASTRAL finished in 2.791 secs
