
================== ASTRAL ===================== 

This is ASTRAL version 5.6.3
Gene trees are treated as unrooted
48 trees read from g_trees-raxml-sqlen-25-ngen-25.trees.tree
All output trees will be *arbitrarily* rooted at 6

======== Running the main analysis
Number of taxa: 25 (25 species)
Taxa: [6, 9, 18, 16, 24, 8, 12, 15, 25, 13, 10, 22, 19, 7, 21, 11, 20, 14, 2, 5, 4, 3, 17, 23, 1]
Taxon occupancy: {22=37, 23=42, 24=36, 25=32, 10=33, 11=43, 12=31, 13=33, 14=39, 15=31, 16=38, 17=41, 18=39, 19=35, 1=23, 2=27, 3=30, 4=26, 5=27, 6=41, 7=38, 8=31, 9=41, 20=43, 21=39}
Number of gene trees: 48
48 trees have missing taxa
Calculating quartet distance matrix (for completion of X)
Species tree distances calculated ...
Will attempt to complete bipartitions from X before adding using a distance matrix.
Building set of clusters (X) from gene trees 
------------------------------
gradient0: 499
Number of Clusters after addition by distance: 499
calculating extra bipartitions to be added at level 1 ...
Adding to X using resolutions of greedy consensus ...
Limit for sigma of degrees:675
polytomy size limit : 5
discarded polytomies:  [3, 4, 5]
Threshold 0.0:
Threshold 0.01:
Threshold 0.02:
Threshold 0.05:
Threshold 0.1:
Threshold 0.2:
polytomy of size 3; rounds with additions with at least 5 support: 0; clusters: 499
Threshold 0.3333333333333333:
polytomy of size 4; rounds with additions with at least 5 support: 0; clusters: 499
polytomy of size 5; rounds with additions with at least 5 support: 0; clusters: 499
max k is :0
Number of Clusters after addition by greedy: 499
gradient0 in heuristiic: 499
partitions formed in 0.202 secs
Dynamic Programming starting after 0.202 secs
Using tree-based weight calculation.
Using polytree-based weight calculation.
Polytree max score: 188398
Polytree building time: 0.015 seconds.
Number of quartet trees in the gene trees: 188398
Size of largest cluster: 25
Greedy score: 123088
estimationFactor: 1.5305959963603275
Sub-optimal score: 126203
Total Number of elements weighted: 807
Normalized score (portion of input quartet trees satisfied before correcting for multiple individuals): 0.7326510897143281
Optimization score: 138030
Optimal tree inferred in 0.312 secs.
(24,((13,(8,(25,(12,15)))),((10,(22,19)),((21,17),((1,((4,3),(2,5))),((16,(6,9)),(7,(18,(14,(23,(11,20)))))))))));
Final quartet score is: 138030
Final normalized quartet score is: 0.7326510897143281
You may want to ignore posterior probabilities and other statistics related to the following branch branch because the effective number of genes impacting it is only 18:
	{2, 5, 4, 3}
(6,(9,(16,((7,(18,(14,(23,(11,20)0.99:0.3477257863203839)0.39:0.07666300862915151)1:0.9971930680672724)1:0.47544464518913643)0.75:0.15599279377220904,((1,((4,3)1:1.2465324187447315,(2,5)0.96:0.4295891711733276)1:1.0054555254762485)1:0.593517339611104,((21,17)0.95:0.297823452014359,((10,(22,19)1:1.2306958744666896)0.99:0.42752546447531853,((13,(8,(25,(12,15)1:1.1105129429338914)0.34:0.09744091567804816)0.84:0.21480892032526647)1:0.552356696052456,24)1:0.9167756979360364)0.79:0.1675043904032478)0.94:0.28146878442708567)0.92:0.2695875116403226)0.9:0.28494790831799216)1:0.5994017713889711));
Weight calculation took 0.061263479 secs
ASTRAL finished in 0.404 secs
