
================== ASTRAL ===================== 

This is ASTRAL version 5.6.3
Gene trees are treated as unrooted
114 trees read from g_trees-raxml-sqlen-250-ngen-25.trees.tree
All output trees will be *arbitrarily* rooted at 11

======== Running the main analysis
Number of taxa: 25 (25 species)
Taxa: [11, 14, 20, 23, 7, 18, 21, 24, 13, 8, 15, 12, 25, 10, 22, 19, 16, 6, 9, 3, 4, 5, 2, 1, 17]
Taxon occupancy: {22=103, 23=100, 24=94, 25=85, 10=91, 11=101, 12=84, 13=84, 14=97, 15=84, 16=50, 17=79, 18=108, 19=99, 1=81, 2=78, 3=72, 4=69, 5=81, 6=54, 7=109, 8=84, 9=54, 20=101, 21=91}
Number of gene trees: 114
110 trees have missing taxa
Calculating quartet distance matrix (for completion of X)
Species tree distances calculated ...
Will attempt to complete bipartitions from X before adding using a distance matrix.
Building set of clusters (X) from gene trees 
------------------------------
gradient0: 229
Number of Clusters after addition by distance: 229
calculating extra bipartitions to be added at level 1 ...
Adding to X using resolutions of greedy consensus ...
Limit for sigma of degrees:675
polytomy size limit : 3
discarded polytomies:  []
Threshold 0.0:
Threshold 0.01:
Threshold 0.02:
Threshold 0.05:
Threshold 0.1:
Threshold 0.2:
Threshold 0.3333333333333333:
max k is :0
Number of Clusters after addition by greedy: 229
gradient0 in heuristiic: 229
partitions formed in 0.133 secs
Dynamic Programming starting after 0.133 secs
Using tree-based weight calculation.
Using polytree-based weight calculation.
Polytree max score: 490720
Polytree building time: 0.017 seconds.
Number of quartet trees in the gene trees: 490720
Size of largest cluster: 25
Greedy score: 456163
estimationFactor: 1.075755815355476
Sub-optimal score: 456163
Total Number of elements weighted: 251
Normalized score (portion of input quartet trees satisfied before correcting for multiple individuals): 0.9331920443430062
Optimization score: 457936
Optimal tree inferred in 0.212 secs.
(4,(3,((5,2),(1,(((16,(6,9)),(18,(7,(20,(11,(14,23)))))),((10,(22,19)),((21,17),(24,(25,(13,(8,(15,12))))))))))));
Final quartet score is: 457936
Final normalized quartet score is: 0.9331920443430062
(11,((14,23)1:0.6684196149399632,(20,(7,(18,((16,(6,9)1:3.486355190002461)1:0.6961549461083621,(((10,(22,19)1:4.071871706370043)1:2.973259417701933,((21,17)1:2.92673940206704,(24,(25,(13,(8,(15,12)1:0.34830669426821587)1:1.5019075825912835)1:0.3502024294331152)1:2.404863942114465)1:1.69644928942373)1:1.0937696641923216)1:2.166452918669465,(1,((5,2)1:0.7350941955856929,(3,4)1:3.705408756065146)1:0.7907856501238614)1:3.8430301339411983)1:0.9162907318741549)1:0.39172750849381627)1:0.8529529178705486)1:4.149694657305263)1:0.380055392582796));
Weight calculation took 0.035090567 secs
ASTRAL finished in 0.33 secs
