
================== ASTRAL ===================== 

This is ASTRAL version 5.6.3
Gene trees are treated as unrooted
226 trees read from g_trees-raxml-sqlen-0-ngen-100.trees.tree
All output trees will be *arbitrarily* rooted at 7

======== Running the main analysis
Number of taxa: 25 (25 species)
Taxa: [7, 18, 23, 20, 11, 14, 16, 9, 6, 10, 22, 19, 24, 25, 12, 15, 8, 13, 21, 17, 4, 3, 5, 2, 1]
Taxon occupancy: {22=206, 23=200, 24=193, 25=191, 10=192, 11=199, 12=192, 13=191, 14=196, 15=192, 16=192, 17=184, 18=207, 19=205, 1=175, 2=160, 3=163, 4=159, 5=184, 6=194, 7=194, 8=191, 9=190, 20=199, 21=187}
Number of gene trees: 226
186 trees have missing taxa
Calculating quartet distance matrix (for completion of X)
Species tree distances calculated ...
Will attempt to complete bipartitions from X before adding using a distance matrix.
Building set of clusters (X) from gene trees 
------------------------------
gradient0: 179
Number of Clusters after addition by distance: 179
calculating extra bipartitions to be added at level 1 ...
Adding to X using resolutions of greedy consensus ...
Limit for sigma of degrees:675
polytomy size limit : 3
discarded polytomies:  []
Threshold 0.0:
Threshold 0.01:
Threshold 0.02:
Threshold 0.05:
Threshold 0.1:
Threshold 0.2:
Threshold 0.3333333333333333:
max k is :0
Number of Clusters after addition by greedy: 179
gradient0 in heuristiic: 179
partitions formed in 0.209 secs
Dynamic Programming starting after 0.209 secs
Using tree-based weight calculation.
Using polytree-based weight calculation.
Polytree max score: 1599693
Polytree building time: 0.029 seconds.
Number of quartet trees in the gene trees: 1599693
Size of largest cluster: 25
Greedy score: 1574114
estimationFactor: 1.0162497760645035
Sub-optimal score: 1574114
Total Number of elements weighted: 172
Normalized score (portion of input quartet trees satisfied before correcting for multiple individuals): 0.9840100569296734
Optimization score: 1574114
Optimal tree inferred in 0.321 secs.
(4,(3,((5,2),(1,(((16,(9,6)),((7,18),(23,(14,(20,11))))),((10,(22,19)),((21,17),(24,(25,(13,(8,(12,15))))))))))));
Final quartet score is: 1574114
Final normalized quartet score is: 0.9840100569296734
(7,(18,((23,(14,(20,11)1:0.8601579761168086)1:0.7389155990155261)1:4.867534450455586,((16,(9,6)1:4.770684624465674)1:4.770684624465674,(((10,(22,19)1:4.825643508746419)1:3.694419634489554,((21,17)1:3.9639827443588604,(24,(25,(13,(8,(12,15)1:0.7411563997463058)1:1.2993639189007957)1:0.5187937934151674)1:3.033884039518367)1:4.7535901911063565)1:2.95606701716156)1:4.787491742782049,(1,((5,2)1:4.499809670330263,(3,4)1:4.618415412738117)1:4.514515817719961)1:4.706522680248385)1:4.759320865815357)1:1.8510760463844744)0.99:0.16551443847757344));
Weight calculation took 0.041874023 secs
ASTRAL finished in 1.795 secs
