
================== ASTRAL ===================== 

This is ASTRAL version 5.6.3
Gene trees are treated as unrooted
25 trees read from g_trees-raxml-sqlen-25-ngen-25-s2g.trees
All output trees will be *arbitrarily* rooted at 16

======== Running the main analysis
Number of taxa: 71 (25 species)
Taxa: {22=[22_3, 22_2, 22_1], 23=[23_3, 23_2, 23_1], 24=[24_3, 24_2, 24_1], 25=[25_3, 25_2, 25_1], 10=[10_3, 10_2, 10_1], 11=[11_3, 11_2, 11_1], 12=[12_3, 12_2, 12_1], 13=[13_3, 13_2, 13_1], 14=[14_2, 14_1], 15=[15_2, 15_1, 15_3], 16=[16_1, 16_4, 16_3, 16_2], 17=[17_2, 17_1], 18=[18_3, 18_2, 18_1], 19=[19_3, 19_2, 19_1], 1=[1_1, 1_2, 1_3], 2=[2_1, 2_2, 2_3], 3=[3_1, 3_2, 3_3, 3_4], 4=[4_1, 4_2], 5=[5_1, 5_2], 6=[6_1, 6_2], 7=[7_1, 7_2, 7_3], 8=[8_1, 8_2], 9=[9_1, 9_2, 9_3], 20=[20_3, 20_2, 20_1], 21=[21_3, 21_2, 21_1]}
Taxon occupancy: {16_1=23, 14_2=5, 14_1=22, 12_3=2, 12_2=5, 12_1=23, 10_3=1, 10_2=3, 10_1=22, 18_3=1, 18_2=2, 16_4=1, 18_1=22, 16_3=2, 16_2=4, 25_3=1, 25_2=3, 25_1=22, 23_3=2, 1_1=23, 23_2=2, 23_1=22, 1_2=3, 21_3=1, 3_1=23, 21_2=4, 1_3=1, 21_1=24, 3_2=5, 5_1=19, 3_3=2, 5_2=2, 3_4=1, 7_1=24, 7_2=2, 9_1=23, 7_3=1, 9_2=3, 9_3=1, 15_2=4, 15_1=24, 13_3=1, 13_2=3, 13_1=23, 11_3=1, 11_2=3, 11_1=22, 19_3=1, 19_2=3, 19_1=23, 17_2=4, 17_1=19, 15_3=1, 24_3=1, 24_2=3, 24_1=22, 22_3=1, 2_1=23, 22_2=3, 22_1=23, 2_2=5, 20_3=1, 4_1=20, 20_2=2, 2_3=3, 20_1=21, 4_2=3, 6_1=21, 6_2=6, 8_1=19, 8_2=2}
Number of gene trees: 25
25 trees have missing taxa
Calculating quartet distance matrix (for completion of X)
Species tree distances calculated ...
Will attempt to complete bipartitions from X before adding using a distance matrix.
Building set of clusters (X) from gene trees 
In second round sampling 3 rounds will be done
------------------------------
gradient0: 567
------------------------------
gradient1: 356
------------------------------
gradient2: 288
Number of Clusters after addition by distance: 1211
calculating extra bipartitions to be added at level 1 ...
Adding to X using resolutions of greedy consensus ...
Limit for sigma of degrees:675
polytomy size limit : 10
discarded polytomies:  [3, 3, 3, 5, 7, 8, 10]
Threshold 0.0:
polytomy of size 3; rounds with additions with at least 5 support: 1; clusters: 1213
Threshold 0.01:
polytomy of size 3; rounds with additions with at least 5 support: 0; clusters: 1213
Threshold 0.02:
polytomy of size 3; rounds with additions with at least 5 support: 0; clusters: 1213
Threshold 0.05:
polytomy of size 5; rounds with additions with at least 5 support: 1; clusters: 1235
Threshold 0.1:
polytomy of size 7; rounds with additions with at least 5 support: 2; clusters: 1279
Threshold 0.2:
polytomy of size 8; rounds with additions with at least 5 support: 1; clusters: 1309
Threshold 0.3333333333333333:
polytomy of size 10; rounds with additions with at least 5 support: 0; clusters: 1335
max k is :4
Number of Clusters after addition by greedy: 1335
gradient0 in heuristiic: 1335
calculating extra bipartitions to be added at level 1 ...
Adding to X using resolutions of greedy consensus ...
Limit for sigma of degrees:675
polytomy size limit : 10
discarded polytomies:  [5, 5, 5, 7, 8, 9, 10]
Threshold 0.0:
polytomy of size 5; rounds with additions with at least 5 support: 1; clusters: 1371
Threshold 0.01:
polytomy of size 5; rounds with additions with at least 5 support: 0; clusters: 1371
Threshold 0.02:
polytomy of size 5; rounds with additions with at least 5 support: 0; clusters: 1371
Threshold 0.05:
polytomy of size 7; rounds with additions with at least 5 support: 1; clusters: 1397
Threshold 0.1:
polytomy of size 8; rounds with additions with at least 5 support: 0; clusters: 1409
Threshold 0.2:
polytomy of size 9; rounds with additions with at least 5 support: 0; clusters: 1415
Threshold 0.3333333333333333:
polytomy of size 10; rounds with additions with at least 5 support: 0; clusters: 1447
max k is :2
Number of Clusters after addition by greedy: 1447
gradient1 in heuristiic: 112
calculating extra bipartitions to be added at level 1 ...
Adding to X using resolutions of greedy consensus ...
Limit for sigma of degrees:675
polytomy size limit : 8
discarded polytomies:  [3, 3, 3, 3, 3, 4, 5, 7, 8]
Threshold 0.0:
polytomy of size 3; rounds with additions with at least 5 support: 1; clusters: 1451
Threshold 0.01:
polytomy of size 3; rounds with additions with at least 5 support: 0; clusters: 1451
Threshold 0.02:
polytomy of size 3; rounds with additions with at least 5 support: 0; clusters: 1451
Threshold 0.05:
polytomy of size 3; rounds with additions with at least 5 support: 0; clusters: 1451
polytomy of size 4; rounds with additions with at least 5 support: 0; clusters: 1457
Threshold 0.1:
polytomy of size 3; rounds with additions with at least 5 support: 1; clusters: 1459
polytomy of size 5; rounds with additions with at least 5 support: 0; clusters: 1467
Threshold 0.2:
polytomy of size 7; rounds with additions with at least 5 support: 1; clusters: 1479
Threshold 0.3333333333333333:
polytomy of size 8; rounds with additions with at least 5 support: 0; clusters: 1487
max k is :2
Number of Clusters after addition by greedy: 1487
gradient2 in heuristiic: 40
partitions formed in 3.912 secs
Dynamic Programming starting after 3.912 secs
Using tree-based weight calculation.
Using polytree-based weight calculation.
Polytree max score: 1166530
Polytree building time: 0.014 seconds.
Number of quartet trees in the gene trees: 1164960
Size of largest cluster: 71
Greedy score: 459678
estimationFactor: 2.537708420124065
Sub-optimal score: 467753
Total Number of elements weighted: 4847
Normalized score (portion of input quartet trees satisfied before correcting for multiple individuals): 0.43791589410795223
Optimization score: 510154
Optimal tree inferred in 4.151 secs.
(14,(6,((11,4),((25,(17,(5,8))),(((1,(13,22)),(23,(18,20))),((21,7),(19,((15,(9,(10,24))),((12,2),(16,3))))))))));
Final quartet score is: 529879
Final normalized quartet score is: 0.45484737673396514
You may want to ignore posterior probabilities and other statistics related to the following branch branch because the effective number of genes impacting it is only 2:
	{16}
You may want to ignore posterior probabilities and other statistics related to the following branch branch because the effective number of genes impacting it is only 3:
	{3}
You may want to ignore posterior probabilities and other statistics related to the following branch branch because the effective number of genes impacting it is only 4:
	{12}
You may want to ignore posterior probabilities and other statistics related to the following branch branch because the effective number of genes impacting it is only 4:
	{2}
You may want to ignore posterior probabilities and other statistics related to the following branch branch because the effective number of genes impacting it is only 3:
	{15}
You may want to ignore posterior probabilities and other statistics related to the following branch branch because the effective number of genes impacting it is only 2:
	{9}
You may want to ignore posterior probabilities and other statistics related to the following branch branch because the effective number of genes impacting it is only 2:
	{10}
You may want to ignore posterior probabilities and other statistics related to the following branch branch because the effective number of genes impacting it is only 2:
	{24}
You may want to ignore posterior probabilities and other statistics related to the following branch branch because the effective number of genes impacting it is only 2:
	{19}
You may want to ignore posterior probabilities and other statistics related to the following branch branch because the effective number of genes impacting it is only 3:
	{21}
You may want to ignore posterior probabilities and other statistics related to the following branch branch because the effective number of genes impacting it is only 1:
	{7}
You may want to ignore posterior probabilities and other statistics related to the following branch branch because the effective number of genes impacting it is only 2:
	{1}
You may want to ignore posterior probabilities and other statistics related to the following branch branch because the effective number of genes impacting it is only 2:
	{13}
You may want to ignore posterior probabilities and other statistics related to the following branch branch because the effective number of genes impacting it is only 2:
	{22}
You may want to ignore posterior probabilities and other statistics related to the following branch branch because the effective number of genes impacting it is only 2:
	{23}
You may want to ignore posterior probabilities and other statistics related to the following branch branch because the effective number of genes impacting it is only 1:
	{18}
You may want to ignore posterior probabilities and other statistics related to the following branch branch because the effective number of genes impacting it is only 1:
	{20}
You may want to ignore posterior probabilities and other statistics related to the following branch branch because the effective number of genes impacting it is only 1:
	{25}
You may want to ignore posterior probabilities and other statistics related to the following branch branch because the effective number of genes impacting it is only 4:
	{17}
You may want to ignore posterior probabilities and other statistics related to the following branch branch because the effective number of genes impacting it is only 2:
	{5}
You may want to ignore posterior probabilities and other statistics related to the following branch branch because the effective number of genes impacting it is only 2:
	{8}
You may want to ignore posterior probabilities and other statistics related to the following branch branch because the effective number of genes impacting it is only 18:
	{5, 8}
You may want to ignore posterior probabilities and other statistics related to the following branch branch because the effective number of genes impacting it is only 16:
	{5, 17, 8}
You may want to ignore posterior probabilities and other statistics related to the following branch branch because the effective number of genes impacting it is only 16:
	{25, 5, 17, 8}
You may want to ignore posterior probabilities and other statistics related to the following branch branch because the effective number of genes impacting it is only 2:
	{11}
You may want to ignore posterior probabilities and other statistics related to the following branch branch because the effective number of genes impacting it is only 3:
	{4}
You may want to ignore posterior probabilities and other statistics related to the following branch branch because the effective number of genes impacting it is only 6:
	{6}
You may want to ignore posterior probabilities and other statistics related to the following branch branch because the effective number of genes impacting it is only 5:
	{14}
((16_1,16_4,16_3,16_2)0.26:0.0,((3_1,3_2,3_3,3_4)0.23:0.0,(((12_3,12_2,12_1)0.3:0.0,(2_1,2_2,2_3)0.26:0.0)0.43:0.025678822792541755,(((15_2,15_1,15_3)0.5:0.07264811091519933,((9_1,9_2,9_3)0.22:0.0,((10_3,10_2,10_1)0.19:0.0,(24_3,24_2,24_1)0.22:0.0)0.67:0.17815278954140362)0.34:0.0)0.38:0.019643401050472242,((19_3,19_2,19_1)0.2:0.0,(((21_3,21_2,21_1)0.34:0.0,(7_1,7_2,7_3)0.21:0.0)0.27:0.0,((((1_1,1_2,1_3)0.21:0.0,((13_3,13_2,13_1)0.24:0.0,(22_3,22_2,22_1)0.17:0.0)1:0.7326817196527406)0.99:0.5531534686106847,((23_3,23_2,23_1)0.24:0.0,((18_3,18_2,18_1)0.21:0.0,(20_3,20_2,20_1)0.24:0.0)1:0.699042265425344)1:0.9791688199012119)0.95:0.3587401741940295,(((25_3,25_2,25_1)0.51:0.06453852113757118,((17_2,17_1)0.62:0.192371892647456,((5_1,5_2)0.28:0.0,(8_1,8_2)0.17:0.0)0.55:0.11457347887990847)1:1.379220051677353)0.25:0.0,(((11_3,11_2,11_1)0.26:0.0,(4_1,4_2)0.19:0.0)1:1.0790437536872317,((6_1,6_2)0.14:0.0,(14_2,14_1)0.1:0.0)1:0.8066768429992985)0.83:0.2532519419403789)0.98:0.4614429599917252)0.3:0.032635850371782994)0.65:0.1281434109248363)0.86:0.25075842281398825)0.94:0.3206051609381947)0.08:0.0));
Weight calculation took 0.174431891 secs
ASTRAL finished in 4.256 secs
