
================== ASTRAL ===================== 

This is ASTRAL version 5.6.3
Gene trees are treated as unrooted
500 trees read from g_trees-raxml-sqlen-100-ngen-500-s2g.trees
All output trees will be *arbitrarily* rooted at 14

======== Running the main analysis
Number of taxa: 97 (25 species)
Taxa: {22=[22_4, 22_3, 22_2, 22_1], 23=[23_4, 23_3, 23_2, 23_1], 24=[24_4, 24_3, 24_2, 24_1], 25=[25_3, 25_2, 25_1, 25_4], 10=[10_4, 10_3, 10_2, 10_1], 11=[11_4, 11_3, 11_2, 11_1], 12=[12_5, 12_4, 12_3, 12_2, 12_1], 13=[13_4, 13_3, 13_2, 13_1], 14=[14_3, 14_2, 14_1], 15=[15_2, 15_1, 15_3], 16=[16_1, 16_4, 16_3, 16_2], 17=[17_3, 17_2, 17_1], 18=[18_4, 18_3, 18_2, 18_1], 19=[19_4, 19_3, 19_2, 19_1], 1=[1_1, 1_2, 1_3, 1_4, 1_5], 2=[2_1, 2_2, 2_3, 2_4], 3=[3_1, 3_2, 3_3, 3_4, 3_5], 4=[4_1, 4_2, 4_3, 4_4], 5=[5_1, 5_2, 5_3], 6=[6_1, 6_2, 6_3, 6_4], 7=[7_1, 7_2, 7_3], 8=[8_1, 8_2, 8_3], 9=[9_1, 9_2, 9_3, 9_4], 20=[20_4, 20_3, 20_2, 20_1], 21=[21_4, 21_3, 21_2, 21_1]}
Taxon occupancy: {14_3=5, 14_2=69, 14_1=435, 10_4=1, 10_3=6, 10_2=66, 10_1=443, 18_4=2, 18_3=9, 18_2=56, 18_1=441, 25_3=12, 25_2=75, 25_1=424, 21_4=1, 21_3=11, 3_1=449, 21_2=70, 21_1=446, 3_2=60, 3_3=8, 3_4=3, 7_1=440, 3_5=1, 7_2=65, 7_3=10, 25_4=1, 13_4=2, 13_3=7, 13_2=60, 13_1=439, 17_3=7, 17_2=61, 17_1=432, 24_4=1, 24_3=7, 24_2=59, 24_1=442, 2_1=451, 20_4=2, 2_2=63, 20_3=9, 20_2=58, 2_3=8, 20_1=440, 2_4=2, 6_1=441, 6_2=69, 6_3=6, 6_4=1, 16_1=441, 12_5=1, 12_4=2, 12_3=9, 12_2=67, 12_1=447, 16_4=3, 16_3=8, 16_2=64, 23_4=2, 23_3=10, 1_1=436, 23_2=55, 23_1=441, 1_2=60, 1_3=6, 1_4=2, 5_1=428, 1_5=1, 5_2=64, 5_3=11, 9_1=441, 9_2=59, 9_3=6, 9_4=1, 15_2=60, 15_1=444, 11_4=1, 11_3=9, 11_2=55, 11_1=440, 19_4=3, 19_3=10, 19_2=68, 19_1=444, 15_3=6, 22_4=2, 22_3=7, 22_2=56, 22_1=441, 4_1=439, 4_2=56, 4_3=9, 4_4=2, 8_1=425, 8_2=62, 8_3=8}
Number of gene trees: 500
500 trees have missing taxa
Calculating quartet distance matrix (for completion of X)
Species tree distances calculated ...
Will attempt to complete bipartitions from X before adding using a distance matrix.
Building set of clusters (X) from gene trees 
In second round sampling 3 rounds will be done
------------------------------
gradient0: 1349
------------------------------
gradient1: 632
------------------------------
gradient2: 472
Number of Clusters after addition by distance: 2453
calculating extra bipartitions to be added at level 1 ...
Adding to X using resolutions of greedy consensus ...
Limit for sigma of degrees:675
polytomy size limit : 9
discarded polytomies:  [3, 3, 4, 5, 5, 9]
Threshold 0.0:
Threshold 0.01:
polytomy of size 3; rounds with additions with at least 5 support: 0; clusters: 2453
Threshold 0.02:
polytomy of size 3; rounds with additions with at least 5 support: 0; clusters: 2453
Threshold 0.05:
polytomy of size 4; rounds with additions with at least 5 support: 0; clusters: 2453
Threshold 0.1:
polytomy of size 5; rounds with additions with at least 5 support: 0; clusters: 2453
Threshold 0.2:
polytomy of size 5; rounds with additions with at least 5 support: 0; clusters: 2453
Threshold 0.3333333333333333:
polytomy of size 9; rounds with additions with at least 5 support: 0; clusters: 2453
max k is :0
Number of Clusters after addition by greedy: 2453
gradient0 in heuristiic: 2453
calculating extra bipartitions to be added at level 1 ...
Adding to X using resolutions of greedy consensus ...
Limit for sigma of degrees:675
polytomy size limit : 5
discarded polytomies:  [3, 3, 4, 5]
Threshold 0.0:
Threshold 0.01:
Threshold 0.02:
Threshold 0.05:
polytomy of size 3; rounds with additions with at least 5 support: 0; clusters: 2453
Threshold 0.1:
polytomy of size 3; rounds with additions with at least 5 support: 0; clusters: 2453
Threshold 0.2:
polytomy of size 4; rounds with additions with at least 5 support: 0; clusters: 2453
Threshold 0.3333333333333333:
polytomy of size 5; rounds with additions with at least 5 support: 0; clusters: 2453
max k is :0
Number of Clusters after addition by greedy: 2453
gradient1 in heuristiic: 0
calculating extra bipartitions to be added at level 1 ...
Adding to X using resolutions of greedy consensus ...
Limit for sigma of degrees:675
polytomy size limit : 7
discarded polytomies:  [3, 3, 3, 3, 3, 4, 7]
Threshold 0.0:
Threshold 0.01:
polytomy of size 3; rounds with additions with at least 5 support: 0; clusters: 2453
Threshold 0.02:
polytomy of size 3; rounds with additions with at least 5 support: 0; clusters: 2453
Threshold 0.05:
polytomy of size 3; rounds with additions with at least 5 support: 0; clusters: 2453
Threshold 0.1:
polytomy of size 3; rounds with additions with at least 5 support: 0; clusters: 2453
Threshold 0.2:
polytomy of size 4; rounds with additions with at least 5 support: 0; clusters: 2453
Threshold 0.3333333333333333:
polytomy of size 3; rounds with additions with at least 5 support: 0; clusters: 2453
polytomy of size 7; rounds with additions with at least 5 support: 0; clusters: 2453
max k is :0
Number of Clusters after addition by greedy: 2453
gradient2 in heuristiic: 0
partitions formed in 44.127 secs
Dynamic Programming starting after 44.127 secs
Using tree-based weight calculation.
Using polytree-based weight calculation.
Polytree max score: 15004238
Polytree building time: 0.079 seconds.
Number of quartet trees in the gene trees: 14988798
Size of largest cluster: 97
Greedy score: 8225425
estimationFactor: 1.8241292091290116
Sub-optimal score: 8879701
Total Number of elements weighted: 13804
Normalized score (portion of input quartet trees satisfied before correcting for multiple individuals): 0.6001568638125618
Optimization score: 8995630
Optimal tree inferred in 49.7 secs.
(7,((21,(25,((17,(5,8)),((14,6),(11,4))))),(19,(((23,(18,20)),(1,(13,22))),(((9,15),(10,24)),(16,(12,(3,2))))))));
Final quartet score is: 9270910
Final normalized quartet score is: 0.6185225793289095
((14_3,14_2,14_1)0.01:0.0,((6_1,6_2,6_3,6_4)0.03:0.0,(((11_4,11_3,11_2,11_1)0.06:0.0,(4_1,4_2,4_3,4_4)0.03:0.0)1:1.8105600007586955,(((17_3,17_2,17_1)0.03:0.0,((5_1,5_2,5_3)0.03:0.0,(8_1,8_2,8_3)0.01:0.0)1:0.7253664129789403)1:2.1279471450514738,((25_3,25_2,25_1,25_4)1:1.350061879482168,((21_4,21_3,21_2,21_1)0.87:0.1987127738860145,(((19_4,19_3,19_2,19_1)0.64:0.09691565633244656,((((23_4,23_3,23_2,23_1)0.02:0.0,((18_4,18_3,18_2,18_1)0.02:0.0,(20_4,20_3,20_2,20_1)0.02:0.0)1:1.0272630911633265)1:1.816825458293832,((1_1,1_2,1_3,1_4,1_5)0.08:0.0,((13_4,13_3,13_2,13_1)0.02:0.0,(22_4,22_3,22_2,22_1)0.02:0.0)1:1.5372936195076394)1:1.0351576193644394)1:1.2135650603761958,((((9_1,9_2,9_3,9_4)0.07:0.0,(15_2,15_1,15_3)0.1:0.0)1:0.3016666350731686,((10_4,10_3,10_2,10_1)0.08:0.0,(24_4,24_3,24_2,24_1)0.04:0.0)1:1.2247561558696471)1:0.3194353371618783,((16_1,16_4,16_3,16_2)0.14:0.0,((12_5,12_4,12_3,12_2,12_1)0.13:0.0,((3_1,3_2,3_3,3_4,3_5)0.06:0.0,(2_1,2_2,2_3,2_4)0.04:0.0)1:0.22381319159848265)1:0.22265299029960958)1:0.9911096192256862)1:0.7230159296839586)1:0.1853668131549674)1:0.41347556593573076,(7_1,7_2,7_3)0.31:0.0)1:0.2555277079122685)1:1.0701441412805521)1:0.4937596982489483)1:0.8212531944491303)1:1.70488961952975));
Weight calculation took 5.487427923 secs
ASTRAL finished in 50.101 secs
