
================== ASTRAL ===================== 

This is ASTRAL version 5.6.3
Gene trees are treated as unrooted
136 trees read from g_trees-raxml-sqlen-0-ngen-100.trees.tree
All output trees will be *arbitrarily* rooted at 25

======== Running the main analysis
Number of taxa: 25 (25 species)
Taxa: [25, 5, 8, 17, 4, 11, 6, 14, 19, 22, 13, 1, 23, 18, 20, 15, 9, 24, 10, 12, 3, 2, 16, 7, 21]
Taxon occupancy: {22=132, 23=129, 24=132, 25=117, 10=125, 11=111, 12=134, 13=130, 14=117, 15=133, 16=131, 17=104, 18=132, 19=129, 1=132, 2=132, 3=133, 4=109, 5=110, 6=116, 7=126, 8=110, 9=129, 20=130, 21=132}
Number of gene trees: 136
87 trees have missing taxa
Calculating quartet distance matrix (for completion of X)
Species tree distances calculated ...
Will attempt to complete bipartitions from X before adding using a distance matrix.
Building set of clusters (X) from gene trees 
------------------------------
gradient0: 99
Number of Clusters after addition by distance: 99
calculating extra bipartitions to be added at level 1 ...
Adding to X using resolutions of greedy consensus ...
Limit for sigma of degrees:675
polytomy size limit : 3
discarded polytomies:  []
Threshold 0.0:
Threshold 0.01:
Threshold 0.02:
Threshold 0.05:
Threshold 0.1:
Threshold 0.2:
Threshold 0.3333333333333333:
max k is :0
Number of Clusters after addition by greedy: 99
gradient0 in heuristiic: 99
partitions formed in 0.16 secs
Dynamic Programming starting after 0.16 secs
Using tree-based weight calculation.
Using polytree-based weight calculation.
Polytree max score: 1267925
Polytree building time: 0.02 seconds.
Number of quartet trees in the gene trees: 1267925
Size of largest cluster: 25
Greedy score: 1267925
estimationFactor: 1.0
Sub-optimal score: 1267925
Total Number of elements weighted: 86
Normalized score (portion of input quartet trees satisfied before correcting for multiple individuals): 1.0
Optimization score: 1267925
Optimal tree inferred in 0.245 secs.
(4,(11,((6,14),((17,(5,8)),(25,(21,(7,(19,(((23,(18,20)),(1,(22,13))),(((15,9),(24,10)),(16,(12,(3,2)))))))))))));
Final quartet score is: 1267925
Final normalized quartet score is: 1.0
(25,((21,(7,(19,(((23,(18,20)1:4.446565155811453)1:4.446565155811453,(1,(22,13)1:4.469732215092986)1:4.469732215092986)1:4.469732215092986,(((15,9)1:4.414816457496873,(24,10)1:4.422848629194136)1:4.484884020113582,(16,(12,(3,2)1:4.469732215092986)1:4.462069342347422)1:4.477336814478208)1:4.492374691842744)1:4.454347296253506)1:4.382026634673885)1:4.39032543748858)1:4.267363726353742,((17,(5,8)1:4.199705077879926)1:4.169245870395222,((6,14)1:4.295015257684257,(11,4)1:4.267363726353742)1:4.1896547420264305)1:4.116323468940871));
Weight calculation took 0.020840687 secs
ASTRAL finished in 0.553 secs
