
================== ASTRAL ===================== 

This is ASTRAL version 5.6.3
Gene trees are treated as unrooted
811 trees read from g_trees-raxml-sqlen-100-ngen-500.trees.tree
All output trees will be *arbitrarily* rooted at 24

======== Running the main analysis
Number of taxa: 25 (25 species)
Taxa: [24, 10, 7, 9, 16, 15, 12, 3, 2, 21, 1, 22, 13, 23, 20, 18, 19, 25, 6, 14, 11, 4, 17, 8, 5]
Taxon occupancy: {22=738, 23=745, 24=750, 25=636, 10=742, 11=652, 12=747, 13=740, 14=632, 15=742, 16=737, 17=621, 18=742, 19=754, 1=735, 2=753, 3=743, 4=650, 5=626, 6=638, 7=743, 8=617, 9=743, 20=742, 21=734}
Number of gene trees: 811
649 trees have missing taxa
Calculating quartet distance matrix (for completion of X)
Species tree distances calculated ...
Will attempt to complete bipartitions from X before adding using a distance matrix.
Building set of clusters (X) from gene trees 
------------------------------
gradient0: 1891
Number of Clusters after addition by distance: 1891
calculating extra bipartitions to be added at level 1 ...
Adding to X using resolutions of greedy consensus ...
Limit for sigma of degrees:675
polytomy size limit : 3
discarded polytomies:  [3]
Threshold 0.0:
Threshold 0.01:
Threshold 0.02:
Threshold 0.05:
Threshold 0.1:
Threshold 0.2:
Threshold 0.3333333333333333:
polytomy of size 3; rounds with additions with at least 5 support: 0; clusters: 1891
max k is :0
Number of Clusters after addition by greedy: 1891
gradient0 in heuristiic: 1891
partitions formed in 0.612 secs
Dynamic Programming starting after 0.612 secs
Using tree-based weight calculation.
Using polytree-based weight calculation.
Polytree max score: 6364974
Polytree building time: 0.165 seconds.
Number of quartet trees in the gene trees: 6364974
Size of largest cluster: 25
Greedy score: 4982653
estimationFactor: 1.2774267042075778
Sub-optimal score: 5302991
Total Number of elements weighted: 8672
Normalized score (portion of input quartet trees satisfied before correcting for multiple individuals): 0.8331520285864483
Optimization score: 5302991
Optimal tree inferred in 4.161 secs.
(11,(4,((6,14),((17,(8,5)),(25,(21,(7,(19,(((1,(22,13)),(23,(20,18))),((16,(12,(3,2))),((24,10),(9,15))))))))))));
Final quartet score is: 5302991
Final normalized quartet score is: 0.8331520285864483
(24,(10,((9,15)1:0.3211564797555257,((16,(12,(3,2)1:0.33520045829274775)1:0.29423807224212556)1:1.1354252415404993,(((1,(22,13)1:2.0218257888362645)1:1.181612788631001,(23,(20,18)1:1.3248271867955168)1:2.363106146016117)1:1.3894849958678324,(19,(7,(21,(25,((17,(8,5)1:0.974197105384634)1:2.521172162855463,((6,14)1:2.303867779557513,(4,11)1:2.53152316306482)1:0.9377255309226866)1:0.6292524172795125)1:1.0695003760889468)1:0.2485807776667433)1:0.5050436658127129)1:0.21415771964431296)1:0.8300168843154692)1:0.3525396710454179)1:1.4178014921779394));
Weight calculation took 3.274723147 secs
ASTRAL finished in 4.461 secs
