
================== ASTRAL ===================== 

This is ASTRAL version 5.6.3
Gene trees are treated as unrooted
46 trees read from g_trees-raxml-sqlen-250-ngen-25.trees.tree
All output trees will be *arbitrarily* rooted at 25

======== Running the main analysis
Number of taxa: 25 (25 species)
Taxa: [25, 21, 2, 3, 16, 12, 20, 18, 23, 22, 13, 1, 19, 24, 10, 15, 9, 7, 5, 4, 11, 6, 14, 17, 8]
Taxon occupancy: {22=40, 23=39, 24=42, 25=42, 10=42, 11=37, 12=40, 13=40, 14=36, 15=43, 16=40, 17=31, 18=39, 19=42, 1=40, 2=42, 3=42, 4=33, 5=30, 6=35, 7=46, 8=30, 9=41, 20=36, 21=46}
Number of gene trees: 46
32 trees have missing taxa
Calculating quartet distance matrix (for completion of X)
Species tree distances calculated ...
Will attempt to complete bipartitions from X before adding using a distance matrix.
Building set of clusters (X) from gene trees 
------------------------------
gradient0: 219
Number of Clusters after addition by distance: 219
calculating extra bipartitions to be added at level 1 ...
Adding to X using resolutions of greedy consensus ...
Limit for sigma of degrees:675
polytomy size limit : 3
discarded polytomies:  [3]
Threshold 0.0:
Threshold 0.01:
Threshold 0.02:
Threshold 0.05:
Threshold 0.1:
Threshold 0.2:
Threshold 0.3333333333333333:
polytomy of size 3; rounds with additions with at least 5 support: 0; clusters: 219
max k is :0
Number of Clusters after addition by greedy: 219
gradient0 in heuristiic: 219
partitions formed in 0.152 secs
Dynamic Programming starting after 0.152 secs
Using tree-based weight calculation.
Using polytree-based weight calculation.
Polytree max score: 346513
Polytree building time: 0.013 seconds.
Number of quartet trees in the gene trees: 346513
Size of largest cluster: 25
Greedy score: 309282
estimationFactor: 1.1203788128633416
Sub-optimal score: 311104
Total Number of elements weighted: 266
Normalized score (portion of input quartet trees satisfied before correcting for multiple individuals): 0.8978133576518053
Optimization score: 311104
Optimal tree inferred in 0.235 secs.
(11,(4,((6,14),((17,(5,8)),(25,(21,(7,(19,(((23,(20,18)),(1,(22,13))),(((24,10),(15,9)),(16,(12,(2,3)))))))))))));
Final quartet score is: 311104
Final normalized quartet score is: 0.8978133576518053
(25,((21,(7,(19,(((23,(20,18)1:1.8191584434161694)1:3.283414346005771,(1,(22,13)1:3.283414346005771)1:3.2321210516182224)1:3.283414346005771,(((24,10)1:1.6846550400556188,(15,9)0.99:0.3873501048447883)1:0.45366720992604215,(16,(12,(2,3)0.97:0.3033727110279385)1:0.5172565140962809)1:2.341805806147327)1:1.0582515978713034)0.47:0.12838592312831623)1:0.7147661417068907)1:0.5437675420835947)1:2.512305623976115,((17,(5,8)1:2.961830721878311)1:2.5563656137701454,((6,14)1:3.120895416507997,(4,11)1:3.044522437723423)1:0.6931471805599453)1:0.5162164724008669));
Weight calculation took 0.026812455 secs
ASTRAL finished in 1.584 secs
