
================== ASTRAL ===================== 

This is ASTRAL version 5.6.3
Gene trees are treated as unrooted
77 trees read from g_trees-raxml-sqlen-25-ngen-50.trees.tree
All output trees will be *arbitrarily* rooted at 25

======== Running the main analysis
Number of taxa: 25 (25 species)
Taxa: [25, 19, 3, 9, 7, 15, 10, 24, 16, 12, 2, 23, 20, 21, 13, 22, 1, 18, 6, 14, 4, 11, 8, 5, 17]
Taxon occupancy: {22=67, 23=66, 24=69, 25=58, 10=69, 11=57, 12=64, 13=66, 14=57, 15=72, 16=67, 17=50, 18=67, 19=69, 1=66, 2=66, 3=71, 4=51, 5=47, 6=57, 7=71, 8=48, 9=67, 20=62, 21=67}
Number of gene trees: 77
61 trees have missing taxa
Calculating quartet distance matrix (for completion of X)
Species tree distances calculated ...
Will attempt to complete bipartitions from X before adding using a distance matrix.
Building set of clusters (X) from gene trees 
------------------------------
gradient0: 1021
Number of Clusters after addition by distance: 1021
calculating extra bipartitions to be added at level 1 ...
Adding to X using resolutions of greedy consensus ...
Limit for sigma of degrees:675
polytomy size limit : 10
discarded polytomies:  [3, 7, 10]
Threshold 0.0:
Threshold 0.01:
Threshold 0.02:
Threshold 0.05:
Threshold 0.1:
polytomy of size 3; rounds with additions with at least 5 support: 0; clusters: 1021
Threshold 0.2:
polytomy of size 7; rounds with additions with at least 5 support: 0; clusters: 1021
Threshold 0.3333333333333333:
polytomy of size 10; rounds with additions with at least 5 support: 0; clusters: 1021
max k is :0
Number of Clusters after addition by greedy: 1021
gradient0 in heuristiic: 1021
partitions formed in 0.399 secs
Dynamic Programming starting after 0.399 secs
Using tree-based weight calculation.
Using polytree-based weight calculation.
Polytree max score: 500351
Polytree building time: 0.02 seconds.
Number of quartet trees in the gene trees: 500351
Size of largest cluster: 25
Greedy score: 313605
estimationFactor: 1.5954815771432216
Sub-optimal score: 317751
Total Number of elements weighted: 2253
Normalized score (portion of input quartet trees satisfied before correcting for multiple individuals): 0.6657946121822481
Optimization score: 333131
Optimal tree inferred in 0.685 secs.
(4,(11,((17,(8,5)),((6,14),(25,(21,(7,(((23,(20,18)),(1,(13,22))),(19,((16,(12,(3,2))),((10,24),(9,15))))))))))));
Final quartet score is: 333131
Final normalized quartet score is: 0.6657946121822481
(25,((21,(7,(((23,(20,18)1:0.5786759065790855)1:0.7511380446485914,(1,(13,22)1:1.016884119985569)1:0.4495733935015619)1:0.36301684205700163,(19,((16,(12,(3,2)0.66:0.09328740850625773)0.73:0.15878815058009269)0.98:0.24546433323872643,((10,24)1:0.501703733189369,(9,15)0.45:0.049079374903166925)0.43:0.02646132279595681)1:0.3319626742017707)0.68:0.08822007190768874)1:0.32527445610037836)0.36:0.05110256301375227)1:0.37265834316791674,((6,14)1:1.485934891025437,((17,(8,5)0.99:0.3545127809342371)1:1.7084994893071357,(11,4)1:1.1642039957903394)0.48:0.12900649802623324)0.99:0.35435830169665045));
Weight calculation took 0.194148117 secs
ASTRAL finished in 2.256 secs
