
================== ASTRAL ===================== 

This is ASTRAL version 5.6.3
Gene trees are treated as unrooted
45 trees read from g_trees-raxml-sqlen-25-ngen-25.trees.tree
All output trees will be *arbitrarily* rooted at 25

======== Running the main analysis
Number of taxa: 25 (25 species)
Taxa: [25, 19, 3, 9, 7, 15, 10, 24, 16, 12, 2, 23, 20, 21, 13, 22, 1, 18, 6, 14, 4, 11, 8, 5, 17]
Taxon occupancy: {22=38, 23=37, 24=39, 25=34, 10=41, 11=38, 12=38, 13=38, 14=36, 15=43, 16=40, 17=28, 18=37, 19=39, 1=37, 2=40, 3=43, 4=32, 5=28, 6=36, 7=44, 8=28, 9=38, 20=32, 21=41}
Number of gene trees: 45
34 trees have missing taxa
Calculating quartet distance matrix (for completion of X)
Species tree distances calculated ...
Will attempt to complete bipartitions from X before adding using a distance matrix.
Building set of clusters (X) from gene trees 
------------------------------
gradient0: 631
Number of Clusters after addition by distance: 631
calculating extra bipartitions to be added at level 1 ...
Adding to X using resolutions of greedy consensus ...
Limit for sigma of degrees:675
polytomy size limit : 11
discarded polytomies:  [3, 3, 3, 3, 5, 9, 11]
Threshold 0.0:
polytomy of size 3; rounds with additions with at least 5 support: 0; clusters: 637
Threshold 0.01:
polytomy of size 3; rounds with additions with at least 5 support: 0; clusters: 637
Threshold 0.02:
polytomy of size 3; rounds with additions with at least 5 support: 0; clusters: 637
Threshold 0.05:
polytomy of size 3; rounds with additions with at least 5 support: 0; clusters: 637
Threshold 0.1:
polytomy of size 5; rounds with additions with at least 5 support: 5; clusters: 661
Threshold 0.2:
polytomy of size 9; rounds with additions with at least 5 support: 3; clusters: 679
Threshold 0.3333333333333333:
polytomy of size 11; rounds with additions with at least 5 support: 0; clusters: 679
max k is :10
Number of Clusters after addition by greedy: 679
gradient0 in heuristiic: 679
partitions formed in 0.476 secs
Dynamic Programming starting after 0.476 secs
Using tree-based weight calculation.
Using polytree-based weight calculation.
Polytree max score: 303243
Polytree building time: 0.022 seconds.
Number of quartet trees in the gene trees: 303243
Size of largest cluster: 25
Greedy score: 181760
estimationFactor: 1.6683703785211268
Sub-optimal score: 194491
Total Number of elements weighted: 1314
Normalized score (portion of input quartet trees satisfied before correcting for multiple individuals): 0.6573276217422991
Optimization score: 199330
Optimal tree inferred in 0.679 secs.
(4,(11,((17,(8,5)),((6,14),(25,(21,(((23,(20,18)),(1,(13,22))),((19,7),(((16,12),(3,2)),(15,(9,(10,24))))))))))));
Final quartet score is: 199330
Final normalized quartet score is: 0.6573276217422991
(25,((21,(((23,(20,18)0.98:0.3829922522561057)1:0.9587519660499606,(1,(13,22)1:0.9955235225653489)1:0.7641173119138767)1:0.5350631673634048,((19,7)0.43:0.037003541337349656,(((16,12)0.58:0.12070425104659271,(3,2)0.88:0.20313938980970464)0.98:0.3201815233884765,(15,(9,(10,24)1:0.4560286519412948)0.63:0.09659262070311121)0.66:0.11028025721531419)0.96:0.2717737842021406)0.46:0.05639027655999219)0.77:0.1459221848100857)0.92:0.2899247286956149,((6,14)1:1.1826625703167968,((17,(8,5)0.95:0.3219319954948595)1:2.6292101393944347,(11,4)1:1.0723964465372167)0.79:0.2464004134784771)0.98:0.38026353078731456));
Weight calculation took 0.127432039 secs
ASTRAL finished in 2.182 secs
