
================== ASTRAL ===================== 

This is ASTRAL version 5.6.3
Gene trees are treated as unrooted
842 trees read from g_trees-raxml-sqlen-50-ngen-500.trees.tree
All output trees will be *arbitrarily* rooted at 19

======== Running the main analysis
Number of taxa: 25 (25 species)
Taxa: [19, 2, 3, 12, 21, 9, 16, 24, 10, 15, 7, 1, 13, 22, 18, 20, 23, 25, 4, 11, 5, 8, 17, 14, 6]
Taxon occupancy: {22=737, 23=755, 24=740, 25=601, 10=733, 11=652, 12=754, 13=740, 14=617, 15=734, 16=751, 17=622, 18=756, 19=749, 1=722, 2=761, 3=762, 4=652, 5=624, 6=624, 7=722, 8=610, 9=750, 20=759, 21=729}
Number of gene trees: 842
711 trees have missing taxa
Calculating quartet distance matrix (for completion of X)
Species tree distances calculated ...
Will attempt to complete bipartitions from X before adding using a distance matrix.
Building set of clusters (X) from gene trees 
------------------------------
gradient0: 3257
Number of Clusters after addition by distance: 3257
calculating extra bipartitions to be added at level 1 ...
Adding to X using resolutions of greedy consensus ...
Limit for sigma of degrees:675
polytomy size limit : 7
discarded polytomies:  [3, 4, 7]
Threshold 0.0:
Threshold 0.01:
Threshold 0.02:
Threshold 0.05:
Threshold 0.1:
Threshold 0.2:
polytomy of size 3; rounds with additions with at least 5 support: 0; clusters: 3257
Threshold 0.3333333333333333:
polytomy of size 4; rounds with additions with at least 5 support: 0; clusters: 3257
polytomy of size 7; rounds with additions with at least 5 support: 0; clusters: 3257
max k is :0
Number of Clusters after addition by greedy: 3257
gradient0 in heuristiic: 3257
partitions formed in 0.898 secs
Dynamic Programming starting after 0.898 secs
Using tree-based weight calculation.
Using polytree-based weight calculation.
Polytree max score: 5832061
Polytree building time: 0.208 seconds.
Number of quartet trees in the gene trees: 5832061
Size of largest cluster: 25
Greedy score: 3929202
estimationFactor: 1.4842863767248413
Sub-optimal score: 4321933
Total Number of elements weighted: 19699
Normalized score (portion of input quartet trees satisfied before correcting for multiple individuals): 0.7534736004990346
Optimization score: 4394304
Optimal tree inferred in 10.229 secs.
(5,(8,(17,(((14,6),(4,11)),(25,(21,(7,(19,(((1,(13,22)),(23,(18,20))),((16,(12,(2,3))),((24,10),(9,15))))))))))));
Final quartet score is: 4394304
Final normalized quartet score is: 0.7534736004990346
(19,((((1,(13,22)1:1.4140014467374886)1:0.5903527428038863,(23,(18,20)1:1.0355635077075822)1:1.6545634688558455)1:0.8205349302399381,((16,(12,(2,3)0.99:0.08100986680700467)1:0.20930498860588728)1:0.6276297975176223,((24,10)1:0.7925143470665738,(9,15)1:0.20740470030756247)1:0.2207345407564136)1:0.5915215794479032)1:0.12902561166692236,(7,(21,(25,(((14,6)1:1.7519261727007143,(4,11)1:1.4049373286211526)1:0.6866941686691285,(17,(8,5)1:0.6250389378045788)1:1.8027671642942726)1:0.3987068576733099)1:0.7881750163325251)1:0.11357365620902576)1:0.3201881643467389));
Weight calculation took 8.932766826 secs
ASTRAL finished in 10.733 secs
