
================== ASTRAL ===================== 

This is ASTRAL version 5.6.3
Gene trees are treated as unrooted
46 trees read from g_trees-raxml-sqlen-100-ngen-25.trees.tree
All output trees will be *arbitrarily* rooted at 24

======== Running the main analysis
Number of taxa: 25 (25 species)
Taxa: [24, 10, 7, 9, 16, 15, 12, 3, 2, 21, 1, 22, 13, 23, 20, 18, 19, 25, 6, 14, 11, 4, 17, 8, 5]
Taxon occupancy: {22=39, 23=39, 24=40, 25=42, 10=40, 11=43, 12=39, 13=39, 14=41, 15=43, 16=41, 17=30, 18=39, 19=42, 1=39, 2=43, 3=40, 4=39, 5=31, 6=40, 7=46, 8=31, 9=40, 20=36, 21=46}
Number of gene trees: 46
35 trees have missing taxa
Calculating quartet distance matrix (for completion of X)
Species tree distances calculated ...
Will attempt to complete bipartitions from X before adding using a distance matrix.
Building set of clusters (X) from gene trees 
------------------------------
gradient0: 341
Number of Clusters after addition by distance: 341
calculating extra bipartitions to be added at level 1 ...
Adding to X using resolutions of greedy consensus ...
Limit for sigma of degrees:675
polytomy size limit : 5
discarded polytomies:  [3, 3, 4, 5]
Threshold 0.0:
Threshold 0.01:
Threshold 0.02:
Threshold 0.05:
Threshold 0.1:
Threshold 0.2:
polytomy of size 3; rounds with additions with at least 5 support: 0; clusters: 341
polytomy of size 3; rounds with additions with at least 5 support: 0; clusters: 341
Threshold 0.3333333333333333:
polytomy of size 5; rounds with additions with at least 5 support: 0; clusters: 341
polytomy of size 4; rounds with additions with at least 5 support: 0; clusters: 341
max k is :0
Number of Clusters after addition by greedy: 341
gradient0 in heuristiic: 341
partitions formed in 0.205 secs
Dynamic Programming starting after 0.205 secs
Using tree-based weight calculation.
Using polytree-based weight calculation.
Polytree max score: 353449
Polytree building time: 0.013 seconds.
Number of quartet trees in the gene trees: 353449
Size of largest cluster: 25
Greedy score: 288242
estimationFactor: 1.2262231041971676
Sub-optimal score: 288242
Total Number of elements weighted: 538
Normalized score (portion of input quartet trees satisfied before correcting for multiple individuals): 0.818426420784894
Optimization score: 289272
Optimal tree inferred in 0.301 secs.
(11,(4,((6,14),((17,(8,5)),(25,(21,(7,(19,(((23,(20,18)),(1,(22,13))),((16,(12,(3,2))),(15,(9,(24,10)))))))))))));
Final quartet score is: 289272
Final normalized quartet score is: 0.818426420784894
(24,(10,(9,(15,((16,(12,(3,2)1:0.4705506004066444)0.99:0.3965553239997107)1:1.0766154787558195,(((23,(20,18)1:1.0082282271998408)1:3.283414346005771,(1,(22,13)1:1.8718021769015918)1:3.2321210516182224)1:1.6996272973458848,(19,(7,(21,(25,((17,(8,5)1:0.9808292530117262)1:2.92673940206704,((6,14)1:3.2321210516182224,(4,11)1:3.2115765223865846)1:1.0712133144799951)1:0.5260930958967792)1:0.9711779514656582)0.55:0.08300322380898921)0.65:0.12863667802519843)0.44:0.07317255702577857)1:0.9447457401114082)0.84:0.1761958316290509)0.93:0.24298895617389532)1:1.1033397258630426));
Weight calculation took 0.038291392 secs
ASTRAL finished in 0.944 secs
