
================== ASTRAL ===================== 

This is ASTRAL version 5.6.3
Gene trees are treated as unrooted
66 trees read from g_trees-raxml-sqlen-0-ngen-25.trees.tree
All output trees will be *arbitrarily* rooted at 25

======== Running the main analysis
Number of taxa: 25 (25 species)
Taxa: [25, 5, 8, 17, 4, 11, 6, 14, 19, 22, 13, 1, 23, 18, 20, 15, 9, 24, 10, 12, 3, 2, 16, 7, 21]
Taxon occupancy: {22=60, 23=57, 24=59, 25=55, 10=59, 11=57, 12=61, 13=60, 14=57, 15=61, 16=61, 17=49, 18=57, 19=60, 1=60, 2=61, 3=61, 4=53, 5=50, 6=55, 7=62, 8=50, 9=60, 20=55, 21=62}
Number of gene trees: 66
32 trees have missing taxa
Calculating quartet distance matrix (for completion of X)
Species tree distances calculated ...
Will attempt to complete bipartitions from X before adding using a distance matrix.
Building set of clusters (X) from gene trees 
------------------------------
gradient0: 99
Number of Clusters after addition by distance: 99
calculating extra bipartitions to be added at level 1 ...
Adding to X using resolutions of greedy consensus ...
Limit for sigma of degrees:675
polytomy size limit : 3
discarded polytomies:  []
Threshold 0.0:
Threshold 0.01:
Threshold 0.02:
Threshold 0.05:
Threshold 0.1:
Threshold 0.2:
Threshold 0.3333333333333333:
max k is :0
Number of Clusters after addition by greedy: 99
gradient0 in heuristiic: 99
partitions formed in 0.114 secs
Dynamic Programming starting after 0.114 secs
Using tree-based weight calculation.
Using polytree-based weight calculation.
Polytree max score: 596426
Polytree building time: 0.015 seconds.
Number of quartet trees in the gene trees: 596426
Size of largest cluster: 25
Greedy score: 596426
estimationFactor: 1.0
Sub-optimal score: 596426
Total Number of elements weighted: 86
Normalized score (portion of input quartet trees satisfied before correcting for multiple individuals): 1.0
Optimization score: 596426
Optimal tree inferred in 0.179 secs.
(4,(11,((6,14),((17,(5,8)),(25,(21,(7,(19,(((23,(18,20)),(1,(22,13))),(((15,9),(24,10)),(16,(12,(3,2)))))))))))));
Final quartet score is: 596426
Final normalized quartet score is: 1.0
(25,((21,(7,(19,(((23,(18,20)1:3.6198865826269824)1:3.654977902438253,(1,(22,13)1:3.705408756065146)1:3.654977902438253)1:3.654977902438253,(((15,9)1:3.654977902438253,(24,10)1:3.6720723357975578)1:3.688879454113933,(16,(12,(3,2)1:3.721669276936928)1:3.721669276936928)1:3.721669276936928)1:3.688879454113933)1:3.705408756065146)1:3.705408756065146)1:3.737669618283365)1:3.401197381662154,((17,(5,8)1:3.486355190002461)1:3.486355190002461,((6,14)1:3.5835189384561117,(11,4)1:3.5457786104732607)1:3.5457786104732607)1:3.3081069585961425));
Weight calculation took 0.024264301 secs
ASTRAL finished in 0.297 secs
