
================== ASTRAL ===================== 

This is ASTRAL version 5.6.3
Gene trees are treated as unrooted
648 trees read from g_trees-raxml-sqlen-0-ngen-500.trees.tree
All output trees will be *arbitrarily* rooted at 25

======== Running the main analysis
Number of taxa: 25 (25 species)
Taxa: [25, 5, 8, 17, 4, 11, 6, 14, 19, 22, 13, 1, 23, 18, 20, 15, 9, 24, 10, 12, 3, 2, 16, 7, 21]
Taxon occupancy: {22=622, 23=619, 24=619, 25=540, 10=620, 11=561, 12=630, 13=620, 14=547, 15=620, 16=617, 17=544, 18=619, 19=622, 1=611, 2=630, 3=628, 4=559, 5=547, 6=557, 7=612, 8=541, 9=618, 20=616, 21=616}
Number of gene trees: 648
418 trees have missing taxa
Calculating quartet distance matrix (for completion of X)
Species tree distances calculated ...
Will attempt to complete bipartitions from X before adding using a distance matrix.
Building set of clusters (X) from gene trees 
------------------------------
gradient0: 103
Number of Clusters after addition by distance: 103
calculating extra bipartitions to be added at level 1 ...
Adding to X using resolutions of greedy consensus ...
Limit for sigma of degrees:675
polytomy size limit : 3
discarded polytomies:  []
Threshold 0.0:
Threshold 0.01:
Threshold 0.02:
Threshold 0.05:
Threshold 0.1:
Threshold 0.2:
Threshold 0.3333333333333333:
max k is :0
Number of Clusters after addition by greedy: 103
gradient0 in heuristiic: 103
partitions formed in 0.331 secs
Dynamic Programming starting after 0.332 secs
Using tree-based weight calculation.
Using polytree-based weight calculation.
Polytree max score: 6151826
Polytree building time: 0.078 seconds.
Number of quartet trees in the gene trees: 6151826
Size of largest cluster: 25
Greedy score: 6151418
estimationFactor: 1.0000663261706488
Sub-optimal score: 6151418
Total Number of elements weighted: 90
Normalized score (portion of input quartet trees satisfied before correcting for multiple individuals): 0.9999336782282203
Optimization score: 6151418
Optimal tree inferred in 0.517 secs.
(4,(11,((6,14),((17,(5,8)),(25,(21,(7,(19,(((23,(18,20)),(1,(22,13))),(((15,9),(24,10)),(16,(12,(3,2)))))))))))));
Final quartet score is: 6151418
Final normalized quartet score is: 0.9999336782282203
(25,((21,(7,(19,(((23,(18,20)1:6.012899827828036)1:5.999763349922707,(1,(22,13)1:6.004709773857974)1:5.988125645842468)1:6.007993849059205,(((15,9)1:5.966146739123696,(24,10)1:6.001414877961172)1:6.035481432524728,(16,(12,(3,2)1:6.006353159601733)1:6.003063682951351)1:6.019403915797212)1:6.037075058359999)1:6.004709773857974)1:5.971261839790494)1:5.9506425525876985)1:5.805134968916476,((17,(5,8)1:5.852202479774466)1:5.836758157347004,((6,14)1:5.834810737062576,(11,4)1:5.850284933645175)1:5.759952746123259)1:4.602945490965982));
Weight calculation took 0.051231458 secs
ASTRAL finished in 1.03 secs
