
================== ASTRAL ===================== 

This is ASTRAL version 5.6.3
Gene trees are treated as unrooted
178 trees read from g_trees-raxml-sqlen-100-ngen-100.trees.tree
All output trees will be *arbitrarily* rooted at 24

======== Running the main analysis
Number of taxa: 25 (25 species)
Taxa: [24, 10, 7, 9, 16, 15, 12, 3, 2, 21, 1, 22, 13, 23, 20, 18, 19, 25, 6, 14, 11, 4, 17, 8, 5]
Taxon occupancy: {22=160, 23=164, 24=169, 25=145, 10=155, 11=143, 12=162, 13=158, 14=144, 15=169, 16=159, 17=122, 18=166, 19=159, 1=162, 2=163, 3=162, 4=140, 5=128, 6=141, 7=164, 8=128, 9=163, 20=163, 21=165}
Number of gene trees: 178
145 trees have missing taxa
Calculating quartet distance matrix (for completion of X)
Species tree distances calculated ...
Will attempt to complete bipartitions from X before adding using a distance matrix.
Building set of clusters (X) from gene trees 
------------------------------
gradient0: 785
Number of Clusters after addition by distance: 785
calculating extra bipartitions to be added at level 1 ...
Adding to X using resolutions of greedy consensus ...
Limit for sigma of degrees:675
polytomy size limit : 3
discarded polytomies:  [3, 3, 3]
Threshold 0.0:
Threshold 0.01:
Threshold 0.02:
Threshold 0.05:
Threshold 0.1:
Threshold 0.2:
Threshold 0.3333333333333333:
polytomy of size 3; rounds with additions with at least 5 support: 0; clusters: 785
polytomy of size 3; rounds with additions with at least 5 support: 0; clusters: 785
polytomy of size 3; rounds with additions with at least 5 support: 0; clusters: 785
max k is :0
Number of Clusters after addition by greedy: 785
gradient0 in heuristiic: 785
partitions formed in 0.749 secs
Dynamic Programming starting after 0.749 secs
Using tree-based weight calculation.
Using polytree-based weight calculation.
Polytree max score: 1353167
Polytree building time: 0.097 seconds.
Number of quartet trees in the gene trees: 1353167
Size of largest cluster: 25
Greedy score: 1044097
estimationFactor: 1.2960165578485523
Sub-optimal score: 1118770
Total Number of elements weighted: 1939
Normalized score (portion of input quartet trees satisfied before correcting for multiple individuals): 0.8281172981605375
Optimization score: 1120581
Optimal tree inferred in 1.315 secs.
(11,(4,((6,14),((17,(8,5)),(25,(21,(7,(19,(((23,(20,18)),(1,(22,13))),((16,(12,(3,2))),((24,10),(9,15))))))))))));
Final quartet score is: 1120581
Final normalized quartet score is: 0.8281172981605375
(24,(10,((9,15)1:0.28549523282586314,((16,(12,(3,2)1:0.31085116510805394)1:0.5391301422235775)1:1.0209727891026146,(((23,(20,18)1:1.2680867871425479)1:2.080518619646671,(1,(22,13)1:2.2382546855778025)1:1.3683817234039386)1:1.9209976448910049,(19,(7,(21,(25,((17,(8,5)1:1.408535902586752)1:2.395058910587584,((6,14)1:3.317166632810659,(4,11)1:3.3248244028775824)1:0.6081934746797812)1:0.5824711470024401)1:0.977446701905229)0.95:0.1270655977942118)1:0.5844930928942005)0.99:0.16458998940121053)1:0.7082833587891465)1:0.3353050264770202)1:1.3703606257189256));
Weight calculation took 0.332437546 secs
ASTRAL finished in 1.708 secs
