
================== ASTRAL ===================== 

This is ASTRAL version 5.6.3
Gene trees are treated as unrooted
50 trees read from g_trees-raxml-sqlen-25-ngen-50-s2g.trees
All output trees will be *arbitrarily* rooted at 14

======== Running the main analysis
Number of taxa: 80 (25 species)
Taxa: {22=[22_3, 22_2, 22_1], 23=[23_4, 23_3, 23_2, 23_1], 24=[24_3, 24_2, 24_1], 25=[25_3, 25_2, 25_1], 10=[10_3, 10_2, 10_1], 11=[11_3, 11_2, 11_1], 12=[12_3, 12_2, 12_1], 13=[13_4, 13_3, 13_2, 13_1], 14=[14_3, 14_2, 14_1], 15=[15_2, 15_1, 15_3], 16=[16_1, 16_4, 16_3, 16_2], 17=[17_5, 17_4, 17_3, 17_2, 17_1], 18=[18_3, 18_2, 18_1], 19=[19_3, 19_2, 19_1], 1=[1_1, 1_2, 1_3], 2=[2_1, 2_2, 2_3], 3=[3_1, 3_2], 4=[4_1, 4_2, 4_3], 5=[5_1, 5_2, 5_3], 6=[6_1, 6_2, 6_3], 7=[7_1, 7_2, 7_3], 8=[8_1, 8_2, 8_3], 9=[9_1, 9_2, 9_3], 20=[20_3, 20_2, 20_1], 21=[21_4, 21_3, 21_2, 21_1]}
Taxon occupancy: {16_1=44, 14_3=3, 14_2=11, 14_1=43, 12_3=3, 12_2=13, 12_1=40, 10_3=1, 10_2=11, 10_1=36, 18_3=4, 18_2=11, 16_4=2, 18_1=43, 16_3=4, 16_2=10, 25_3=1, 25_2=11, 23_4=1, 25_1=42, 23_3=2, 1_1=33, 23_2=11, 21_4=1, 23_1=41, 1_2=9, 21_3=3, 3_1=31, 21_2=13, 1_3=1, 21_1=42, 3_2=9, 5_1=38, 5_2=13, 7_1=41, 5_3=1, 7_2=17, 9_1=39, 7_3=1, 9_2=11, 9_3=3, 15_2=5, 13_4=1, 15_1=37, 13_3=3, 13_2=9, 13_1=36, 11_3=3, 11_2=10, 11_1=39, 17_5=1, 19_3=1, 19_2=6, 17_4=1, 19_1=38, 17_3=2, 17_2=12, 17_1=42, 15_3=1, 24_3=1, 24_2=11, 24_1=42, 22_3=1, 2_1=33, 22_2=5, 22_1=39, 2_2=8, 20_3=2, 4_1=40, 20_2=11, 2_3=1, 20_1=42, 4_2=17, 6_1=41, 4_3=1, 6_2=12, 8_1=42, 6_3=2, 8_2=10, 8_3=2}
Number of gene trees: 50
50 trees have missing taxa
Calculating quartet distance matrix (for completion of X)
Species tree distances calculated ...
Will attempt to complete bipartitions from X before adding using a distance matrix.
Building set of clusters (X) from gene trees 
In second round sampling 3 rounds will be done
------------------------------
gradient0: 675
------------------------------
gradient1: 376
------------------------------
gradient2: 360
Number of Clusters after addition by distance: 1411
calculating extra bipartitions to be added at level 1 ...
Adding to X using resolutions of greedy consensus ...
Limit for sigma of degrees:675
polytomy size limit : 9
discarded polytomies:  [3, 3, 3, 4, 4, 7, 9]
Threshold 0.0:
polytomy of size 3; rounds with additions with at least 5 support: 0; clusters: 1413
Threshold 0.01:
polytomy of size 3; rounds with additions with at least 5 support: 0; clusters: 1413
Threshold 0.02:
polytomy of size 3; rounds with additions with at least 5 support: 0; clusters: 1413
Threshold 0.05:
polytomy of size 4; rounds with additions with at least 5 support: 2; clusters: 1417
Threshold 0.1:
polytomy of size 4; rounds with additions with at least 5 support: 0; clusters: 1417
Threshold 0.2:
polytomy of size 7; rounds with additions with at least 5 support: 1; clusters: 1431
Threshold 0.3333333333333333:
polytomy of size 9; rounds with additions with at least 5 support: 0; clusters: 1437
max k is :4
Number of Clusters after addition by greedy: 1437
gradient0 in heuristiic: 1437
calculating extra bipartitions to be added at level 1 ...
Adding to X using resolutions of greedy consensus ...
Limit for sigma of degrees:675
polytomy size limit : 8
discarded polytomies:  [3, 3, 5, 8]
Threshold 0.0:
Threshold 0.01:
Threshold 0.02:
Threshold 0.05:
Threshold 0.1:
polytomy of size 3; rounds with additions with at least 5 support: 0; clusters: 1439
Threshold 0.2:
polytomy of size 5; rounds with additions with at least 5 support: 0; clusters: 1449
Threshold 0.3333333333333333:
polytomy of size 8; rounds with additions with at least 5 support: 1; clusters: 1463
polytomy of size 3; rounds with additions with at least 5 support: 0; clusters: 1463
max k is :2
Number of Clusters after addition by greedy: 1463
gradient1 in heuristiic: 26
calculating extra bipartitions to be added at level 1 ...
Adding to X using resolutions of greedy consensus ...
Limit for sigma of degrees:675
polytomy size limit : 9
discarded polytomies:  [3, 3, 3, 4, 5, 7, 9]
Threshold 0.0:
polytomy of size 3; rounds with additions with at least 5 support: 0; clusters: 1465
Threshold 0.01:
polytomy of size 3; rounds with additions with at least 5 support: 0; clusters: 1465
Threshold 0.02:
polytomy of size 3; rounds with additions with at least 5 support: 0; clusters: 1465
Threshold 0.05:
polytomy of size 4; rounds with additions with at least 5 support: 0; clusters: 1465
Threshold 0.1:
polytomy of size 5; rounds with additions with at least 5 support: 0; clusters: 1465
Threshold 0.2:
polytomy of size 7; rounds with additions with at least 5 support: 0; clusters: 1465
Threshold 0.3333333333333333:
polytomy of size 9; rounds with additions with at least 5 support: 0; clusters: 1467
max k is :0
Number of Clusters after addition by greedy: 1467
gradient2 in heuristiic: 4
partitions formed in 5.489 secs
Dynamic Programming starting after 5.489 secs
Using tree-based weight calculation.
Using polytree-based weight calculation.
Polytree max score: 1350293
Polytree building time: 0.016 seconds.
Number of quartet trees in the gene trees: 1347967
Size of largest cluster: 80
Greedy score: 625745
estimationFactor: 2.157894863007405
Sub-optimal score: 674598
Total Number of elements weighted: 5168
Normalized score (portion of input quartet trees satisfied before correcting for multiple individuals): 0.521263131812574
Optimization score: 702645
Optimal tree inferred in 5.857 secs.
(3,((1,2),(8,((12,((7,4),((19,(15,22)),(6,(25,(21,(9,11))))))),(((24,20),(14,18)),((16,13),((10,5),(23,17))))))));
Final quartet score is: 740173
Final normalized quartet score is: 0.5491032050487883
You may want to ignore posterior probabilities and other statistics related to the following branch branch because the effective number of genes impacting it is only 8:
	{14}
You may want to ignore posterior probabilities and other statistics related to the following branch branch because the effective number of genes impacting it is only 8:
	{18}
You may want to ignore posterior probabilities and other statistics related to the following branch branch because the effective number of genes impacting it is only 7:
	{24}
You may want to ignore posterior probabilities and other statistics related to the following branch branch because the effective number of genes impacting it is only 8:
	{20}
You may want to ignore posterior probabilities and other statistics related to the following branch branch because the effective number of genes impacting it is only 5:
	{16}
You may want to ignore posterior probabilities and other statistics related to the following branch branch because the effective number of genes impacting it is only 5:
	{13}
You may want to ignore posterior probabilities and other statistics related to the following branch branch because the effective number of genes impacting it is only 7:
	{10}
You may want to ignore posterior probabilities and other statistics related to the following branch branch because the effective number of genes impacting it is only 8:
	{5}
You may want to ignore posterior probabilities and other statistics related to the following branch branch because the effective number of genes impacting it is only 6:
	{23}
You may want to ignore posterior probabilities and other statistics related to the following branch branch because the effective number of genes impacting it is only 5:
	{17}
You may want to ignore posterior probabilities and other statistics related to the following branch branch because the effective number of genes impacting it is only 9:
	{12}
You may want to ignore posterior probabilities and other statistics related to the following branch branch because the effective number of genes impacting it is only 11:
	{7}
You may want to ignore posterior probabilities and other statistics related to the following branch branch because the effective number of genes impacting it is only 11:
	{4}
You may want to ignore posterior probabilities and other statistics related to the following branch branch because the effective number of genes impacting it is only 4:
	{19}
You may want to ignore posterior probabilities and other statistics related to the following branch branch because the effective number of genes impacting it is only 3:
	{15}
You may want to ignore posterior probabilities and other statistics related to the following branch branch because the effective number of genes impacting it is only 3:
	{22}
You may want to ignore posterior probabilities and other statistics related to the following branch branch because the effective number of genes impacting it is only 8:
	{6}
You may want to ignore posterior probabilities and other statistics related to the following branch branch because the effective number of genes impacting it is only 7:
	{25}
You may want to ignore posterior probabilities and other statistics related to the following branch branch because the effective number of genes impacting it is only 7:
	{21}
You may want to ignore posterior probabilities and other statistics related to the following branch branch because the effective number of genes impacting it is only 8:
	{9}
You may want to ignore posterior probabilities and other statistics related to the following branch branch because the effective number of genes impacting it is only 7:
	{11}
You may want to ignore posterior probabilities and other statistics related to the following branch branch because the effective number of genes impacting it is only 5:
	{8}
You may want to ignore posterior probabilities and other statistics related to the following branch branch because the effective number of genes impacting it is only 6:
	{1}
You may want to ignore posterior probabilities and other statistics related to the following branch branch because the effective number of genes impacting it is only 5:
	{2}
You may want to ignore posterior probabilities and other statistics related to the following branch branch because the effective number of genes impacting it is only 9:
	{3}
((14_3,14_2,14_1)0.08:0.0,((18_3,18_2,18_1)0.11:0.0,(((24_3,24_2,24_1)0.13:0.0,(20_3,20_2,20_1)0.11:0.0)0.98:0.3066055799311567,((((16_1,16_4,16_3,16_2)0.7:0.25778425151590195,(13_4,13_3,13_2,13_1)0.42:0.005516633783925506)0.51:0.055752311906788136,(((10_3,10_2,10_1)0.11:0.0,(5_1,5_2,5_3)0.35:0.0)0.91:0.2711536861249287,((23_4,23_3,23_2,23_1)0.14:0.0,(17_5,17_4,17_3,17_2,17_1)0.16:0.0)1:1.0552765681877496)0.71:0.12311945857572565)0.61:0.09000637035949705,(((12_3,12_2,12_1)0.63:0.1572015890553216,(((7_1,7_2,7_3)0.1:0.0,(4_1,4_2,4_3)0.06:0.0)1:1.0899594725310395,(((19_3,19_2,19_1)0.24:0.0,((15_2,15_1,15_3)0.14:0.0,(22_3,22_2,22_1)0.16:0.0)0.96:0.29178976346531493)1:0.8311629567282591,((6_1,6_2,6_3)0.33:0.0,((25_3,25_2,25_1)0.16:0.0,((21_4,21_3,21_2,21_1)0.11:0.0,((9_1,9_2,9_3)0.07:0.0,(11_3,11_2,11_1)0.12:0.0)1:0.7509202271949937)1:0.6958850885156648)0.24:0.0)0.85:0.19006153602833636)0.66:0.115265975637154)0.31:0.0)1:0.6609934521843776,((8_1,8_2,8_3)0.47:0.0446646986883274,(((1_1,1_2,1_3)0.11:0.0,(2_1,2_2,2_3)0.09:0.0)1:0.6222171633947609,(3_1,3_2)0.88:0.4144337780909248)1:0.9064887710038432)0.55:0.09190710623124951)0.89:0.212819048623283)1:0.6047474187599627)1:0.8312386126186369));
Weight calculation took 0.300857412 secs
ASTRAL finished in 5.996 secs
