
================== ASTRAL ===================== 

This is ASTRAL version 5.6.3
Gene trees are treated as unrooted
50 trees read from g_trees-raxml-sqlen-250-ngen-50-s2g.trees
All output trees will be *arbitrarily* rooted at 14

======== Running the main analysis
Number of taxa: 80 (25 species)
Taxa: {22=[22_3, 22_2, 22_1], 23=[23_4, 23_3, 23_2, 23_1], 24=[24_3, 24_2, 24_1], 25=[25_3, 25_2, 25_1], 10=[10_3, 10_2, 10_1], 11=[11_3, 11_2, 11_1], 12=[12_3, 12_2, 12_1], 13=[13_4, 13_3, 13_2, 13_1], 14=[14_3, 14_2, 14_1], 15=[15_2, 15_1, 15_3], 16=[16_1, 16_4, 16_3, 16_2], 17=[17_5, 17_4, 17_3, 17_2, 17_1], 18=[18_3, 18_2, 18_1], 19=[19_3, 19_2, 19_1], 1=[1_1, 1_2, 1_3], 2=[2_1, 2_2, 2_3], 3=[3_1, 3_2], 4=[4_1, 4_2, 4_3], 5=[5_1, 5_2, 5_3], 6=[6_1, 6_2, 6_3], 7=[7_1, 7_2, 7_3], 8=[8_1, 8_2, 8_3], 9=[9_1, 9_2, 9_3], 20=[20_3, 20_2, 20_1], 21=[21_4, 21_3, 21_2, 21_1]}
Taxon occupancy: {16_1=44, 14_3=3, 14_2=11, 14_1=43, 12_3=3, 12_2=13, 12_1=40, 10_3=1, 10_2=11, 10_1=36, 18_3=4, 18_2=11, 16_4=2, 18_1=43, 16_3=4, 16_2=10, 25_3=1, 25_2=11, 23_4=1, 25_1=42, 23_3=2, 1_1=33, 23_2=11, 21_4=1, 23_1=41, 1_2=9, 21_3=3, 3_1=31, 21_2=13, 1_3=1, 21_1=42, 3_2=9, 5_1=38, 5_2=13, 7_1=41, 5_3=1, 7_2=17, 9_1=39, 7_3=1, 9_2=11, 9_3=3, 15_2=5, 13_4=1, 15_1=37, 13_3=3, 13_2=9, 13_1=36, 11_3=3, 11_2=10, 11_1=39, 17_5=1, 19_3=1, 19_2=6, 17_4=1, 19_1=38, 17_3=2, 17_2=12, 17_1=42, 15_3=1, 24_3=1, 24_2=11, 24_1=42, 22_3=1, 2_1=33, 22_2=5, 22_1=39, 2_2=8, 20_3=2, 4_1=40, 20_2=11, 2_3=1, 20_1=42, 4_2=17, 6_1=41, 4_3=1, 6_2=12, 8_1=42, 6_3=2, 8_2=10, 8_3=2}
Number of gene trees: 50
50 trees have missing taxa
Calculating quartet distance matrix (for completion of X)
Species tree distances calculated ...
Will attempt to complete bipartitions from X before adding using a distance matrix.
Building set of clusters (X) from gene trees 
In second round sampling 3 rounds will be done
------------------------------
gradient0: 303
------------------------------
gradient1: 120
------------------------------
gradient2: 52
Number of Clusters after addition by distance: 475
calculating extra bipartitions to be added at level 1 ...
Adding to X using resolutions of greedy consensus ...
Limit for sigma of degrees:675
polytomy size limit : 3
discarded polytomies:  [3, 3, 3]
Threshold 0.0:
Threshold 0.01:
Threshold 0.02:
Threshold 0.05:
Threshold 0.1:
Threshold 0.2:
polytomy of size 3; rounds with additions with at least 5 support: 0; clusters: 475
Threshold 0.3333333333333333:
polytomy of size 3; rounds with additions with at least 5 support: 0; clusters: 475
polytomy of size 3; rounds with additions with at least 5 support: 0; clusters: 475
max k is :0
Number of Clusters after addition by greedy: 475
gradient0 in heuristiic: 475
calculating extra bipartitions to be added at level 1 ...
Adding to X using resolutions of greedy consensus ...
Limit for sigma of degrees:675
polytomy size limit : 3
discarded polytomies:  []
Threshold 0.0:
Threshold 0.01:
Threshold 0.02:
Threshold 0.05:
Threshold 0.1:
Threshold 0.2:
Threshold 0.3333333333333333:
max k is :0
Number of Clusters after addition by greedy: 475
gradient1 in heuristiic: 0
calculating extra bipartitions to be added at level 1 ...
Adding to X using resolutions of greedy consensus ...
Limit for sigma of degrees:675
polytomy size limit : 3
discarded polytomies:  [3, 3]
Threshold 0.0:
Threshold 0.01:
Threshold 0.02:
Threshold 0.05:
Threshold 0.1:
Threshold 0.2:
polytomy of size 3; rounds with additions with at least 5 support: 0; clusters: 475
Threshold 0.3333333333333333:
polytomy of size 3; rounds with additions with at least 5 support: 0; clusters: 475
max k is :0
Number of Clusters after addition by greedy: 475
gradient2 in heuristiic: 0
partitions formed in 4.16 secs
Dynamic Programming starting after 4.16 secs
Using tree-based weight calculation.
Using polytree-based weight calculation.
Polytree max score: 1350293
Polytree building time: 0.02 seconds.
Number of quartet trees in the gene trees: 1347967
Size of largest cluster: 80
Greedy score: 813577
estimationFactor: 1.659699081955365
Sub-optimal score: 901552
Total Number of elements weighted: 1102
Normalized score (portion of input quartet trees satisfied before correcting for multiple individuals): 0.6917350350564961
Optimization score: 932436
Optimal tree inferred in 4.327 secs.
(3,((1,2),(((7,4),(12,((19,(15,22)),((25,6),(21,(9,11)))))),(8,(((24,20),(14,18)),((16,13),((10,5),(23,17))))))));
Final quartet score is: 974895
Final normalized quartet score is: 0.7232335806440365
You may want to ignore posterior probabilities and other statistics related to the following branch branch because the effective number of genes impacting it is only 8:
	{14}
You may want to ignore posterior probabilities and other statistics related to the following branch branch because the effective number of genes impacting it is only 8:
	{18}
You may want to ignore posterior probabilities and other statistics related to the following branch branch because the effective number of genes impacting it is only 7:
	{24}
You may want to ignore posterior probabilities and other statistics related to the following branch branch because the effective number of genes impacting it is only 8:
	{20}
You may want to ignore posterior probabilities and other statistics related to the following branch branch because the effective number of genes impacting it is only 5:
	{16}
You may want to ignore posterior probabilities and other statistics related to the following branch branch because the effective number of genes impacting it is only 5:
	{13}
You may want to ignore posterior probabilities and other statistics related to the following branch branch because the effective number of genes impacting it is only 7:
	{10}
You may want to ignore posterior probabilities and other statistics related to the following branch branch because the effective number of genes impacting it is only 8:
	{5}
You may want to ignore posterior probabilities and other statistics related to the following branch branch because the effective number of genes impacting it is only 6:
	{23}
You may want to ignore posterior probabilities and other statistics related to the following branch branch because the effective number of genes impacting it is only 5:
	{17}
You may want to ignore posterior probabilities and other statistics related to the following branch branch because the effective number of genes impacting it is only 5:
	{8}
You may want to ignore posterior probabilities and other statistics related to the following branch branch because the effective number of genes impacting it is only 11:
	{7}
You may want to ignore posterior probabilities and other statistics related to the following branch branch because the effective number of genes impacting it is only 11:
	{4}
You may want to ignore posterior probabilities and other statistics related to the following branch branch because the effective number of genes impacting it is only 9:
	{12}
You may want to ignore posterior probabilities and other statistics related to the following branch branch because the effective number of genes impacting it is only 4:
	{19}
You may want to ignore posterior probabilities and other statistics related to the following branch branch because the effective number of genes impacting it is only 3:
	{15}
You may want to ignore posterior probabilities and other statistics related to the following branch branch because the effective number of genes impacting it is only 3:
	{22}
You may want to ignore posterior probabilities and other statistics related to the following branch branch because the effective number of genes impacting it is only 7:
	{25}
You may want to ignore posterior probabilities and other statistics related to the following branch branch because the effective number of genes impacting it is only 8:
	{6}
You may want to ignore posterior probabilities and other statistics related to the following branch branch because the effective number of genes impacting it is only 7:
	{21}
You may want to ignore posterior probabilities and other statistics related to the following branch branch because the effective number of genes impacting it is only 8:
	{9}
You may want to ignore posterior probabilities and other statistics related to the following branch branch because the effective number of genes impacting it is only 7:
	{11}
You may want to ignore posterior probabilities and other statistics related to the following branch branch because the effective number of genes impacting it is only 6:
	{1}
You may want to ignore posterior probabilities and other statistics related to the following branch branch because the effective number of genes impacting it is only 5:
	{2}
You may want to ignore posterior probabilities and other statistics related to the following branch branch because the effective number of genes impacting it is only 9:
	{3}
((14_3,14_2,14_1)0.07:0.0,((18_3,18_2,18_1)0.09:0.0,(((24_3,24_2,24_1)0.12:0.0,(20_3,20_2,20_1)0.09:0.0)1:0.8194870979150708,((((16_1,16_4,16_3,16_2)0.73:0.2919700197817571,(13_4,13_3,13_2,13_1)0.53:0.10317644877416388)0.99:0.38780942561594883,(((10_3,10_2,10_1)0.14:0.0,(5_1,5_2,5_3)0.16:0.0)1:1.037518812782548,((23_4,23_3,23_2,23_1)0.11:0.0,(17_5,17_4,17_3,17_2,17_1)0.16:0.0)1:1.6098321780407583)1:0.62799221136187)0.4:0.018757055243149738,((8_1,8_2,8_3)0.94:0.6583351123561868,((((7_1,7_2,7_3)0.05:0.0,(4_1,4_2,4_3)0.05:0.0)1:1.4332276668288595,((12_3,12_2,12_1)0.69:0.20616330248866513,(((19_3,19_2,19_1)0.2:0.0,((15_2,15_1,15_3)0.13:0.0,(22_3,22_2,22_1)0.13:0.0)1:0.8301164794498159)1:1.655643087488321,(((25_3,25_2,25_1)0.09:0.0,(6_1,6_2,6_3)0.39:0.0)0.25:0.0,((21_4,21_3,21_2,21_1)0.1:0.0,((9_1,9_2,9_3)0.07:0.0,(11_3,11_2,11_1)0.09:0.0)1:0.6650245300647684)1:1.2589849344956772)1:0.9751105286796571)0.98:0.3310076145027359)0.79:0.1625316043312595)1:1.7994815153219659,(((1_1,1_2,1_3)0.08:0.0,(2_1,2_2,2_3)0.09:0.0)1:1.1700712526502548,(3_1,3_2)0.33:0.0)1:2.447166321805153)1:1.971724458267781)1:0.7206654869871938)1:2.005338723115977)1:1.4380726923163472));
Weight calculation took 0.113620151 secs
ASTRAL finished in 4.461 secs
