
================== ASTRAL ===================== 

This is ASTRAL version 5.6.3
Gene trees are treated as unrooted
75 trees read from g_trees-raxml-sqlen-50-ngen-25.trees.tree
All output trees will be *arbitrarily* rooted at 10

======== Running the main analysis
Number of taxa: 25 (25 species)
Taxa: [10, 13, 17, 23, 14, 18, 24, 20, 8, 3, 1, 2, 4, 7, 6, 11, 21, 9, 25, 22, 15, 19, 5, 16, 12]
Taxon occupancy: {22=51, 23=47, 24=65, 25=46, 10=56, 11=57, 12=54, 13=60, 14=60, 15=49, 16=67, 17=58, 18=60, 19=46, 1=40, 2=40, 3=45, 4=55, 5=61, 6=53, 7=56, 8=57, 9=57, 20=65, 21=56}
Number of gene trees: 75
73 trees have missing taxa
Calculating quartet distance matrix (for completion of X)
Species tree distances calculated ...
Will attempt to complete bipartitions from X before adding using a distance matrix.
Building set of clusters (X) from gene trees 
------------------------------
gradient0: 393
Number of Clusters after addition by distance: 393
calculating extra bipartitions to be added at level 1 ...
Adding to X using resolutions of greedy consensus ...
Limit for sigma of degrees:675
polytomy size limit : 3
discarded polytomies:  [3, 3, 3, 3]
Threshold 0.0:
Threshold 0.01:
Threshold 0.02:
Threshold 0.05:
Threshold 0.1:
Threshold 0.2:
polytomy of size 3; rounds with additions with at least 5 support: 0; clusters: 393
Threshold 0.3333333333333333:
polytomy of size 3; rounds with additions with at least 5 support: 0; clusters: 393
polytomy of size 3; rounds with additions with at least 5 support: 0; clusters: 393
polytomy of size 3; rounds with additions with at least 5 support: 0; clusters: 393
max k is :0
Number of Clusters after addition by greedy: 393
gradient0 in heuristiic: 393
partitions formed in 0.227 secs
Dynamic Programming starting after 0.227 secs
Using tree-based weight calculation.
Using polytree-based weight calculation.
Polytree max score: 296873
Polytree building time: 0.017 seconds.
Number of quartet trees in the gene trees: 296873
Size of largest cluster: 25
Greedy score: 220733
estimationFactor: 1.3449416263087077
Sub-optimal score: 236205
Total Number of elements weighted: 701
Normalized score (portion of input quartet trees satisfied before correcting for multiple individuals): 0.8121789452055256
Optimization score: 241114
Optimal tree inferred in 0.362 secs.
(15,(22,(19,(12,((25,(6,(21,(11,9)))),((4,7),((8,(3,(1,2))),(((14,18),(24,20)),(13,((10,5),(16,(17,23))))))))))));
Final quartet score is: 241114
Final normalized quartet score is: 0.8121789452055256
(10,(5,((16,(17,23)1:2.6438512026502563)1:0.650378371581331,(13,(((14,18)1:2.2380465718564744,(24,20)1:0.5797076316917993)1:1.5621278534877705,((8,(3,(1,2)1:1.8971199848858815)1:2.44366369125395)0.78:0.15513050442798432,((4,7)1:1.322876441397843,((25,(6,(21,(11,9)1:0.798801684166383)1:1.5874337523976685)0.45:0.16024154295209658)1:0.3949498000298335,(12,(19,(22,15)1:0.6226739239025594)1:2.932016459167882)0.77:0.19381979596726995)1:0.507750450756159)1:1.5884105452420265)0.55:0.05813052484224093)1:0.6197490562481957)0.96:0.27235982023780164)0.75:0.28104164907596696));
Weight calculation took 0.069993334 secs
ASTRAL finished in 1.979 secs
