
================== ASTRAL ===================== 

This is ASTRAL version 5.6.3
Gene trees are treated as unrooted
280 trees read from g_trees-raxml-sqlen-250-ngen-100.trees.tree
All output trees will be *arbitrarily* rooted at 17

======== Running the main analysis
Number of taxa: 25 (25 species)
Taxa: [17, 23, 18, 14, 24, 20, 13, 10, 8, 1, 2, 3, 4, 25, 11, 9, 21, 6, 15, 22, 19, 7, 16, 5, 12]
Taxon occupancy: {22=217, 23=185, 24=198, 25=233, 10=191, 11=226, 12=226, 13=187, 14=212, 15=211, 16=229, 17=195, 18=213, 19=208, 1=220, 2=220, 3=222, 4=241, 5=185, 6=227, 7=245, 8=180, 9=227, 20=209, 21=239}
Number of gene trees: 280
272 trees have missing taxa
Calculating quartet distance matrix (for completion of X)
Species tree distances calculated ...
Will attempt to complete bipartitions from X before adding using a distance matrix.
Building set of clusters (X) from gene trees 
------------------------------
gradient0: 321
Number of Clusters after addition by distance: 321
calculating extra bipartitions to be added at level 1 ...
Adding to X using resolutions of greedy consensus ...
Limit for sigma of degrees:675
polytomy size limit : 3
discarded polytomies:  [3]
Threshold 0.0:
Threshold 0.01:
Threshold 0.02:
Threshold 0.05:
Threshold 0.1:
Threshold 0.2:
Threshold 0.3333333333333333:
polytomy of size 3; rounds with additions with at least 5 support: 0; clusters: 321
max k is :0
Number of Clusters after addition by greedy: 321
gradient0 in heuristiic: 321
partitions formed in 0.298 secs
Dynamic Programming starting after 0.298 secs
Using tree-based weight calculation.
Using polytree-based weight calculation.
Polytree max score: 1356484
Polytree building time: 0.036 seconds.
Number of quartet trees in the gene trees: 1356484
Size of largest cluster: 25
Greedy score: 1204656
estimationFactor: 1.1260343201710696
Sub-optimal score: 1228460
Total Number of elements weighted: 480
Normalized score (portion of input quartet trees satisfied before correcting for multiple individuals): 0.9146668888095989
Optimization score: 1240731
Optimal tree inferred in 0.519 secs.
(24,(20,((18,14),(((13,16),((17,23),(10,5))),(8,((3,(1,2)),((4,7),(12,((19,(15,22)),(6,(25,(21,(11,9)))))))))))));
Final quartet score is: 1240731
Final normalized quartet score is: 0.9146668888095989
(17,(23,((10,5)1:3.373362582668712,((13,16)1:0.8294835306957403,((8,((3,(1,2)1:2.670309873119364)1:4.836281906951467,((4,7)1:5.066805565563314,(12,((19,(15,22)1:0.7236407365395798)1:2.2128108793054935,(6,(25,(21,(11,9)1:1.9151384903885598)1:2.315258337690615)0.8:0.1026141516351832)1:1.361207862739655)1:0.6105419718426588)1:0.22481625244233927)1:1.8362112317988886)1:2.1997277075543393)1:0.8418510097362406,((18,14)1:4.209655408733094,(20,24)1:1.199297110033584)1:3.371783496455855)1:0.2616400050230577)1:0.9268801242408973)1:3.0849634072819327));
Weight calculation took 0.138900238 secs
ASTRAL finished in 0.892 secs
