
================== ASTRAL ===================== 

This is ASTRAL version 5.6.3
Gene trees are treated as unrooted
127 trees read from g_trees-raxml-sqlen-50-ngen-50.trees.tree
All output trees will be *arbitrarily* rooted at 10

======== Running the main analysis
Number of taxa: 25 (25 species)
Taxa: [10, 13, 17, 23, 14, 18, 24, 20, 8, 3, 1, 2, 4, 7, 6, 11, 21, 9, 25, 22, 15, 19, 5, 16, 12]
Taxon occupancy: {22=87, 23=83, 24=99, 25=91, 10=86, 11=96, 12=98, 13=85, 14=96, 15=85, 16=97, 17=93, 18=96, 19=84, 1=74, 2=74, 3=71, 4=103, 5=91, 6=93, 7=103, 8=86, 9=96, 20=100, 21=99}
Number of gene trees: 127
125 trees have missing taxa
Calculating quartet distance matrix (for completion of X)
Species tree distances calculated ...
Will attempt to complete bipartitions from X before adding using a distance matrix.
Building set of clusters (X) from gene trees 
------------------------------
gradient0: 509
Number of Clusters after addition by distance: 509
calculating extra bipartitions to be added at level 1 ...
Adding to X using resolutions of greedy consensus ...
Limit for sigma of degrees:675
polytomy size limit : 4
discarded polytomies:  [3, 3, 4]
Threshold 0.0:
Threshold 0.01:
Threshold 0.02:
Threshold 0.05:
Threshold 0.1:
Threshold 0.2:
Threshold 0.3333333333333333:
polytomy of size 4; rounds with additions with at least 5 support: 0; clusters: 509
polytomy of size 3; rounds with additions with at least 5 support: 0; clusters: 509
polytomy of size 3; rounds with additions with at least 5 support: 0; clusters: 509
max k is :0
Number of Clusters after addition by greedy: 509
gradient0 in heuristiic: 509
partitions formed in 0.289 secs
Dynamic Programming starting after 0.289 secs
Using tree-based weight calculation.
Using polytree-based weight calculation.
Polytree max score: 466312
Polytree building time: 0.024 seconds.
Number of quartet trees in the gene trees: 466312
Size of largest cluster: 25
Greedy score: 349816
estimationFactor: 1.3330207880714433
Sub-optimal score: 359058
Total Number of elements weighted: 1072
Normalized score (portion of input quartet trees satisfied before correcting for multiple individuals): 0.798542606666781
Optimization score: 372370
Optimal tree inferred in 0.513 secs.
(15,(22,(19,((6,(25,(21,(11,9)))),(12,((4,7),((3,(1,2)),((8,((14,18),(24,20))),((13,16),((10,5),(17,23)))))))))));
Final quartet score is: 372370
Final normalized quartet score is: 0.798542606666781
(10,(5,((17,23)1:2.3869831016086276,((13,16)0.89:0.18720147207383847,((8,((14,18)1:1.8264191710537743,(24,20)1:0.5921763688219807)1:1.3096179876098595)0.63:0.08556250716554356,((3,(1,2)1:1.2431935174792175)1:2.743768283704289,((4,7)1:1.9667525729510054,(12,((6,(25,(21,(11,9)1:1.2073428658434362)1:1.1176216316602057)0.43:0.05227434745162065)1:0.6145174239786745,(19,(22,15)1:0.8974659978173526)1:1.2388318165948602)0.42:0.01831516197929093)0.28:0.0)1:1.5480594270312655)1:0.42291092582207457)0.98:0.1968835659517251)0.62:0.15870585569063436)1:0.5115759402384445));
Weight calculation took 0.143543608 secs
ASTRAL finished in 0.667 secs
