
================== ASTRAL ===================== 

This is ASTRAL version 5.6.3
Gene trees are treated as unrooted
1369 trees read from g_trees-raxml-sqlen-50-ngen-500.trees.tree
All output trees will be *arbitrarily* rooted at 10

======== Running the main analysis
Number of taxa: 25 (25 species)
Taxa: [10, 13, 17, 23, 14, 18, 24, 20, 8, 3, 1, 2, 4, 7, 6, 11, 21, 9, 25, 22, 15, 19, 5, 16, 12]
Taxon occupancy: {22=980, 23=940, 24=1046, 25=997, 10=1037, 11=997, 12=909, 13=992, 14=1039, 15=974, 16=1024, 17=943, 18=1035, 19=978, 1=962, 2=955, 3=866, 4=1018, 5=1025, 6=991, 7=1029, 8=943, 9=1001, 20=1035, 21=1010}
Number of gene trees: 1369
1350 trees have missing taxa
Calculating quartet distance matrix (for completion of X)
Species tree distances calculated ...
Will attempt to complete bipartitions from X before adding using a distance matrix.
Building set of clusters (X) from gene trees 
------------------------------
gradient0: 1923
Number of Clusters after addition by distance: 1923
calculating extra bipartitions to be added at level 1 ...
Adding to X using resolutions of greedy consensus ...
Limit for sigma of degrees:675
polytomy size limit : 5
discarded polytomies:  [3, 5]
Threshold 0.0:
Threshold 0.01:
Threshold 0.02:
Threshold 0.05:
Threshold 0.1:
Threshold 0.2:
Threshold 0.3333333333333333:
polytomy of size 5; rounds with additions with at least 5 support: 0; clusters: 1923
polytomy of size 3; rounds with additions with at least 5 support: 0; clusters: 1923
max k is :0
Number of Clusters after addition by greedy: 1923
gradient0 in heuristiic: 1923
partitions formed in 1.018 secs
Dynamic Programming starting after 1.018 secs
Using tree-based weight calculation.
Using polytree-based weight calculation.
Polytree max score: 5235204
Polytree building time: 0.106 seconds.
Number of quartet trees in the gene trees: 5235204
Size of largest cluster: 25
Greedy score: 3777931
estimationFactor: 1.3857330904137741
Sub-optimal score: 3978738
Total Number of elements weighted: 8809
Normalized score (portion of input quartet trees satisfied before correcting for multiple individuals): 0.7820812713315469
Optimization score: 4094355
Optimal tree inferred in 7.46 secs.
(15,(22,(19,((6,(25,(21,(11,9)))),(12,((4,7),((3,(1,2)),(8,(((14,18),(24,20)),((13,16),((10,5),(17,23))))))))))));
Final quartet score is: 4094355
Final normalized quartet score is: 0.7820812713315469
(10,(5,((17,23)1:1.7871731237629587,((13,16)1:0.16204884527445765,(((14,18)1:1.4154434987309683,(24,20)1:0.44622945742959574)1:1.8069032074683562,(8,((3,(1,2)1:1.577484368656438)1:1.627932934147354,((4,7)1:2.2762755131726626,(12,((6,(25,(21,(11,9)1:1.3024724045932339)1:1.498159757521619)0.87:0.04430082885782942)1:0.47258659291552296,(19,(22,15)1:0.2731110100256141)1:1.63518286550292)1:0.09123669343729647)1:0.1124727520603555)1:0.982961612742001)1:0.3975072922161223)1:0.30978951424357937)1:0.1463181880562037)1:0.26825184873971)1:0.4210516424159041));
Weight calculation took 6.211568241 secs
ASTRAL finished in 7.792 secs
