
================== ASTRAL ===================== 

This is ASTRAL version 5.6.3
Gene trees are treated as unrooted
73 trees read from g_trees-raxml-sqlen-100-ngen-25.trees.tree
All output trees will be *arbitrarily* rooted at 20

======== Running the main analysis
Number of taxa: 25 (25 species)
Taxa: [20, 24, 18, 14, 10, 23, 17, 13, 8, 1, 2, 3, 4, 7, 25, 11, 9, 21, 6, 15, 22, 19, 16, 5, 12]
Taxon occupancy: {22=52, 23=40, 24=54, 25=53, 10=50, 11=51, 12=52, 13=57, 14=49, 15=49, 16=62, 17=47, 18=49, 19=48, 1=55, 2=55, 3=49, 4=56, 5=55, 6=58, 7=60, 8=52, 9=52, 20=55, 21=59}
Number of gene trees: 73
72 trees have missing taxa
Calculating quartet distance matrix (for completion of X)
Species tree distances calculated ...
Will attempt to complete bipartitions from X before adding using a distance matrix.
Building set of clusters (X) from gene trees 
------------------------------
gradient0: 299
Number of Clusters after addition by distance: 299
calculating extra bipartitions to be added at level 1 ...
Adding to X using resolutions of greedy consensus ...
Limit for sigma of degrees:675
polytomy size limit : 3
discarded polytomies:  [3, 3]
Threshold 0.0:
Threshold 0.01:
Threshold 0.02:
Threshold 0.05:
Threshold 0.1:
Threshold 0.2:
Threshold 0.3333333333333333:
polytomy of size 3; rounds with additions with at least 5 support: 0; clusters: 299
polytomy of size 3; rounds with additions with at least 5 support: 0; clusters: 299
max k is :0
Number of Clusters after addition by greedy: 299
gradient0 in heuristiic: 299
partitions formed in 0.192 secs
Dynamic Programming starting after 0.192 secs
Using tree-based weight calculation.
Using polytree-based weight calculation.
Polytree max score: 289699
Polytree building time: 0.015 seconds.
Number of quartet trees in the gene trees: 289699
Size of largest cluster: 25
Greedy score: 253174
estimationFactor: 1.144268368789844
Sub-optimal score: 253174
Total Number of elements weighted: 377
Normalized score (portion of input quartet trees satisfied before correcting for multiple individuals): 0.8801238526884801
Optimization score: 254971
Optimal tree inferred in 0.289 secs.
(22,(15,(19,((25,(6,(21,(11,9)))),(12,((4,7),((3,(1,2)),(8,(((20,24),(18,14)),((23,17),((10,5),(13,16))))))))))));
Final quartet score is: 254971
Final normalized quartet score is: 0.8801238526884801
(20,(24,((18,14)1:2.793208009442516,(((23,17)1:2.6519607344511655,((10,5)1:0.9108328275827999,(13,16)1:0.6538935398685713)0.34:0.0)1:0.9060560186092756,(8,((3,(1,2)1:3.4657359027997248)1:2.75153531304195,((4,7)1:2.9087208965643607,(12,((25,(6,(21,(11,9)1:0.9067212808580042)1:3.158960549405157)0.55:0.06322500965722833)0.99:0.3710038200033851,(19,(15,22)0.48:0.12733942237660165)1:3.3557350075853964)0.89:0.21793967617891827)1:0.38921438040431755)1:1.464856683622993)1:1.270462545594769)1:0.897345085229449)1:1.8566849124056624)1:0.8527474651547683));
Weight calculation took 0.036033788 secs
ASTRAL finished in 0.856 secs
