
================== ASTRAL ===================== 

This is ASTRAL version 5.6.3
Gene trees are treated as unrooted
221 trees read from g_trees-raxml-sqlen-25-ngen-100.trees.tree
All output trees will be *arbitrarily* rooted at 4

======== Running the main analysis
Number of taxa: 25 (25 species)
Taxa: [4, 7, 8, 3, 1, 2, 13, 23, 17, 24, 20, 18, 14, 10, 11, 9, 21, 15, 25, 6, 22, 19, 5, 16, 12]
Taxon occupancy: {22=170, 23=133, 24=116, 25=176, 10=131, 11=170, 12=140, 13=136, 14=134, 15=170, 16=150, 17=144, 18=135, 19=167, 1=119, 2=120, 3=120, 4=174, 5=113, 6=171, 7=171, 8=152, 9=172, 20=133, 21=185}
Number of gene trees: 221
220 trees have missing taxa
Calculating quartet distance matrix (for completion of X)
Species tree distances calculated ...
Will attempt to complete bipartitions from X before adding using a distance matrix.
Building set of clusters (X) from gene trees 
------------------------------
gradient0: 1177
Number of Clusters after addition by distance: 1177
calculating extra bipartitions to be added at level 1 ...
Adding to X using resolutions of greedy consensus ...
Limit for sigma of degrees:675
polytomy size limit : 6
discarded polytomies:  [3, 4, 6]
Threshold 0.0:
Threshold 0.01:
Threshold 0.02:
Threshold 0.05:
Threshold 0.1:
Threshold 0.2:
Threshold 0.3333333333333333:
polytomy of size 3; rounds with additions with at least 5 support: 0; clusters: 1177
polytomy of size 4; rounds with additions with at least 5 support: 0; clusters: 1177
polytomy of size 6; rounds with additions with at least 5 support: 0; clusters: 1177
max k is :0
Number of Clusters after addition by greedy: 1177
gradient0 in heuristiic: 1177
partitions formed in 0.456 secs
Dynamic Programming starting after 0.456 secs
Using tree-based weight calculation.
Using polytree-based weight calculation.
Polytree max score: 617197
Polytree building time: 0.027 seconds.
Number of quartet trees in the gene trees: 617197
Size of largest cluster: 25
Greedy score: 395639
estimationFactor: 1.5600004044090698
Sub-optimal score: 410142
Total Number of elements weighted: 3443
Normalized score (portion of input quartet trees satisfied before correcting for multiple individuals): 0.7158832593159072
Optimization score: 441841
Optimal tree inferred in 1.023 secs.
(22,(15,(19,((6,(25,(21,(11,9)))),(12,((4,7),((3,(1,2)),(((18,14),(24,20)),(8,(16,((23,17),(13,(10,5)))))))))))));
Final quartet score is: 441841
Final normalized quartet score is: 0.7158832593159072
(4,(7,(((3,(1,2)1:1.1967274805738763)1:0.7670194902485568,(((18,14)1:1.0725943605975437,(24,20)1:0.35250141996157086)1:0.7871094908943188,(8,(16,((23,17)1:1.7779611399512767,(13,(10,5)1:0.5580004314547911)0.63:0.08017249630848984)0.89:0.13217127902874268)0.94:0.15603132356365118)1:0.26780310877289465)0.93:0.17027737086889336)1:0.5188032793446453,(12,((6,(25,(21,(11,9)1:1.4786825374293988)1:0.9933279369413028)0.99:0.17982927304261986)1:0.4926321859027237,(19,(15,22)1:0.3151925314978365)1:0.85364863464504)0.71:0.09071277904408175)1:0.24782900730333426)1:1.6701233918489324));
Weight calculation took 0.461897815 secs
ASTRAL finished in 2.777 secs
