
================== ASTRAL ===================== 

This is ASTRAL version 5.6.3
Gene trees are treated as unrooted
236 trees read from g_trees-raxml-sqlen-50-ngen-100.trees.tree
All output trees will be *arbitrarily* rooted at 10

======== Running the main analysis
Number of taxa: 25 (25 species)
Taxa: [10, 13, 17, 23, 14, 18, 24, 20, 8, 3, 1, 2, 4, 7, 6, 11, 21, 9, 25, 22, 15, 19, 5, 16, 12]
Taxon occupancy: {22=174, 23=150, 24=157, 25=181, 10=153, 11=194, 12=156, 13=154, 14=163, 15=179, 16=170, 17=159, 18=164, 19=176, 1=152, 2=152, 3=154, 4=182, 5=137, 6=175, 7=182, 8=155, 9=194, 20=168, 21=198}
Number of gene trees: 236
233 trees have missing taxa
Calculating quartet distance matrix (for completion of X)
Species tree distances calculated ...
Will attempt to complete bipartitions from X before adding using a distance matrix.
Building set of clusters (X) from gene trees 
------------------------------
gradient0: 699
Number of Clusters after addition by distance: 699
calculating extra bipartitions to be added at level 1 ...
Adding to X using resolutions of greedy consensus ...
Limit for sigma of degrees:675
polytomy size limit : 5
discarded polytomies:  [3, 4, 5]
Threshold 0.0:
Threshold 0.01:
Threshold 0.02:
Threshold 0.05:
Threshold 0.1:
Threshold 0.2:
Threshold 0.3333333333333333:
polytomy of size 3; rounds with additions with at least 5 support: 0; clusters: 699
polytomy of size 4; rounds with additions with at least 5 support: 0; clusters: 699
polytomy of size 5; rounds with additions with at least 5 support: 0; clusters: 699
max k is :0
Number of Clusters after addition by greedy: 699
gradient0 in heuristiic: 699
partitions formed in 0.421 secs
Dynamic Programming starting after 0.421 secs
Using tree-based weight calculation.
Using polytree-based weight calculation.
Polytree max score: 838027
Polytree building time: 0.033 seconds.
Number of quartet trees in the gene trees: 838027
Size of largest cluster: 25
Greedy score: 632197
estimationFactor: 1.325578893920724
Sub-optimal score: 642344
Total Number of elements weighted: 1786
Normalized score (portion of input quartet trees satisfied before correcting for multiple individuals): 0.7942357465809574
Optimization score: 665591
Optimal tree inferred in 0.821 secs.
(15,(22,(19,((6,(25,(21,(11,9)))),(12,((4,7),((3,(1,2)),(8,(((14,18),(24,20)),(16,(13,((10,5),(17,23)))))))))))));
Final quartet score is: 665591
Final normalized quartet score is: 0.7942357465809574
(10,(5,((17,23)1:1.5008457384152738,(13,(16,(((14,18)1:1.9230129225509434,(24,20)1:0.5433979193573686)1:1.606747484704882,(8,((3,(1,2)1:1.8545603704670859)1:1.6373344315678706,((4,7)1:1.6933019452683724,(12,((6,(25,(21,(11,9)1:1.4935414843347625)1:1.2942959191791508)0.88:0.10109139566459853)1:0.6628887400717496,(19,(22,15)1:0.2872669224272309)1:0.9311515410364016)0.49:0.028844323318299916)0.48:0.034972403346056065)1:1.2468521629520921)0.99:0.21895800142799804)1:0.2701192100972781)0.96:0.13722686297457856)0.53:0.04858243203261334)1:0.2925536666174539)1:0.5961195402058843));
Weight calculation took 0.308142978 secs
ASTRAL finished in 0.972 secs
