
================== ASTRAL ===================== 

This is ASTRAL version 5.6.3
Gene trees are treated as unrooted
1579 trees read from g_trees-raxml-sqlen-100-ngen-500.trees.tree
All output trees will be *arbitrarily* rooted at 20

======== Running the main analysis
Number of taxa: 25 (25 species)
Taxa: [20, 24, 18, 14, 10, 23, 17, 13, 8, 1, 2, 3, 4, 7, 25, 11, 9, 21, 6, 15, 22, 19, 16, 5, 12]
Taxon occupancy: {22=1270, 23=1097, 24=1102, 25=1205, 10=1128, 11=1162, 12=1116, 13=1131, 14=1142, 15=1235, 16=1198, 17=1078, 18=1142, 19=1248, 1=1163, 2=1159, 3=1081, 4=1187, 5=1129, 6=1191, 7=1195, 8=1022, 9=1167, 20=1109, 21=1169}
Number of gene trees: 1579
1553 trees have missing taxa
Calculating quartet distance matrix (for completion of X)
Species tree distances calculated ...
Will attempt to complete bipartitions from X before adding using a distance matrix.
Building set of clusters (X) from gene trees 
------------------------------
gradient0: 1119
Number of Clusters after addition by distance: 1119
calculating extra bipartitions to be added at level 1 ...
Adding to X using resolutions of greedy consensus ...
Limit for sigma of degrees:675
polytomy size limit : 3
discarded polytomies:  []
Threshold 0.0:
Threshold 0.01:
Threshold 0.02:
Threshold 0.05:
Threshold 0.1:
Threshold 0.2:
Threshold 0.3333333333333333:
max k is :0
Number of Clusters after addition by greedy: 1119
gradient0 in heuristiic: 1119
partitions formed in 0.713 secs
Dynamic Programming starting after 0.714 secs
Using tree-based weight calculation.
Using polytree-based weight calculation.
Polytree max score: 6398146
Polytree building time: 0.134 seconds.
Number of quartet trees in the gene trees: 6398146
Size of largest cluster: 25
Greedy score: 5190987
estimationFactor: 1.232549031619613
Sub-optimal score: 5281221
Total Number of elements weighted: 3746
Normalized score (portion of input quartet trees satisfied before correcting for multiple individuals): 0.8471266520020019
Optimization score: 5420040
Optimal tree inferred in 3.65 secs.
(22,(15,(19,((6,(25,(21,(11,9)))),(12,((4,7),((3,(1,2)),(8,(((20,24),(18,14)),((13,16),((10,5),(23,17))))))))))));
Final quartet score is: 5420040
Final normalized quartet score is: 0.8471266520020019
(20,(24,((18,14)1:1.7174968399230737,(((13,16)1:0.3140403569307194,((10,5)1:0.8754090766067659,(23,17)1:2.0095308467309363)1:0.47302733362197674)1:0.17438464136180382,(8,((3,(1,2)1:2.2320211946009128)1:3.177866031315645,((4,7)1:3.330473800723883,(12,((6,(25,(21,(11,9)1:1.5618268239447468)1:1.9438245775245118)1:0.2299168844796586)1:0.7327539859163508,(19,(15,22)1:0.3497722993969159)1:2.5697425871638804)1:0.33474747120487375)1:0.1519127714578521)1:1.619443152714894)1:0.6124276013385476)1:0.5223322266873309)1:2.7342784787062753)1:0.9115621627689007));
Weight calculation took 2.702566588 secs
ASTRAL finished in 5.258 secs
