
================== ASTRAL ===================== 

This is ASTRAL version 5.6.3
Gene trees are treated as unrooted
205 trees read from g_trees-raxml-sqlen-0-ngen-25.trees.tree
All output trees will be *arbitrarily* rooted at 8

======== Running the main analysis
Number of taxa: 25 (25 species)
Taxa: [8, 14, 18, 20, 24, 10, 17, 23, 13, 15, 19, 22, 6, 11, 9, 21, 25, 7, 4, 1, 2, 3, 5, 16, 12]
Taxon occupancy: {22=156, 23=149, 24=184, 25=167, 10=159, 11=162, 12=166, 13=180, 14=160, 15=150, 16=195, 17=169, 18=160, 19=143, 1=163, 2=162, 3=136, 4=175, 5=171, 6=155, 7=176, 8=179, 9=163, 20=186, 21=174}
Number of gene trees: 205
183 trees have missing taxa
Calculating quartet distance matrix (for completion of X)
Species tree distances calculated ...
Will attempt to complete bipartitions from X before adding using a distance matrix.
Building set of clusters (X) from gene trees 
------------------------------
gradient0: 135
Number of Clusters after addition by distance: 135
calculating extra bipartitions to be added at level 1 ...
Adding to X using resolutions of greedy consensus ...
Limit for sigma of degrees:675
polytomy size limit : 3
discarded polytomies:  []
Threshold 0.0:
Threshold 0.01:
Threshold 0.02:
Threshold 0.05:
Threshold 0.1:
Threshold 0.2:
Threshold 0.3333333333333333:
max k is :0
Number of Clusters after addition by greedy: 135
gradient0 in heuristiic: 135
partitions formed in 0.155 secs
Dynamic Programming starting after 0.155 secs
Using tree-based weight calculation.
Using polytree-based weight calculation.
Polytree max score: 1255031
Polytree building time: 0.021 seconds.
Number of quartet trees in the gene trees: 1255031
Size of largest cluster: 25
Greedy score: 1237242
estimationFactor: 1.0143779470790677
Sub-optimal score: 1237242
Total Number of elements weighted: 117
Normalized score (portion of input quartet trees satisfied before correcting for multiple individuals): 0.9858258481264606
Optimization score: 1237242
Optimal tree inferred in 0.229 secs.
(24,(20,((14,18),(((13,16),((17,23),(10,5))),(8,((3,(1,2)),((7,4),(12,((19,(15,22)),(6,(25,(21,(11,9)))))))))))));
Final quartet score is: 1237242
Final normalized quartet score is: 0.9858258481264606
(8,(((3,(1,2)1:4.469732215092986)1:4.462069342347422,((7,4)1:4.7535901911063565,(12,((19,(15,22)1:1.3862943611198908)1:4.507189777627891,(6,(25,(21,(11,9)1:1.693521029644642)1:4.543294782270002)1:0.2947995402206448)1:3.490428515390095)1:2.4103816634497535)1:2.1519808860609317)1:4.514515817719961)1:4.571268634312408,(((13,16)1:2.3556949183079943,((17,23)1:4.438721978350428,(10,5)1:4.438721978350428)1:1.7517541346143557)1:1.7238482636118446,((14,18)1:4.675939256876297,(20,24)1:4.663439094112068)1:4.675939256876297)1:4.742029368705287));
Weight calculation took 0.021310928 secs
ASTRAL finished in 0.39 secs
