
================== ASTRAL ===================== 

This is ASTRAL version 5.6.3
Gene trees are treated as unrooted
57 trees read from g_trees-raxml-sqlen-25-ngen-25.trees.tree
All output trees will be *arbitrarily* rooted at 4

======== Running the main analysis
Number of taxa: 25 (25 species)
Taxa: [4, 7, 8, 3, 1, 2, 13, 23, 17, 24, 20, 18, 14, 10, 11, 9, 21, 15, 25, 6, 22, 19, 5, 16, 12]
Taxon occupancy: {22=35, 23=34, 24=43, 25=41, 10=31, 11=47, 12=41, 13=36, 14=36, 15=32, 16=38, 17=41, 18=37, 19=29, 1=28, 2=28, 3=27, 4=42, 5=38, 6=49, 7=39, 8=42, 9=49, 20=44, 21=50}
Number of gene trees: 57
57 trees have missing taxa
Calculating quartet distance matrix (for completion of X)
Species tree distances calculated ...
Will attempt to complete bipartitions from X before adding using a distance matrix.
Building set of clusters (X) from gene trees 
------------------------------
gradient0: 581
Number of Clusters after addition by distance: 581
calculating extra bipartitions to be added at level 1 ...
Adding to X using resolutions of greedy consensus ...
Limit for sigma of degrees:675
polytomy size limit : 5
discarded polytomies:  [4, 5]
Threshold 0.0:
Threshold 0.01:
Threshold 0.02:
Threshold 0.05:
Threshold 0.1:
Threshold 0.2:
Threshold 0.3333333333333333:
polytomy of size 4; rounds with additions with at least 5 support: 0; clusters: 581
polytomy of size 5; rounds with additions with at least 5 support: 0; clusters: 581
max k is :0
Number of Clusters after addition by greedy: 581
gradient0 in heuristiic: 581
partitions formed in 0.237 secs
Dynamic Programming starting after 0.237 secs
Using tree-based weight calculation.
Using polytree-based weight calculation.
Polytree max score: 159463
Polytree building time: 0.013 seconds.
Number of quartet trees in the gene trees: 159463
Size of largest cluster: 25
Greedy score: 98375
estimationFactor: 1.6209707750952986
Sub-optimal score: 106688
Total Number of elements weighted: 1119
Normalized score (portion of input quartet trees satisfied before correcting for multiple individuals): 0.699171594664593
Optimization score: 111492
Optimal tree inferred in 0.401 secs.
(22,((15,19),(((25,12),(6,(21,(11,9)))),((4,7),((8,(3,(1,2))),(((18,14),(24,20)),((13,16),((10,5),(23,17)))))))));
Final quartet score is: 111492
Final normalized quartet score is: 0.699171594664593
You may want to ignore posterior probabilities and other statistics related to the following branch branch because the effective number of genes impacting it is only 19:
	{1, 2}
You may want to ignore posterior probabilities and other statistics related to the following branch branch because the effective number of genes impacting it is only 16:
	{3, 1, 2}
You may want to ignore posterior probabilities and other statistics related to the following branch branch because the effective number of genes impacting it is only 19:
	{10, 5}
(4,(7,(((8,(3,(1,2)1:2.590267165445826)1:1.1443664088473475)0.11:0.0,(((18,14)1:1.2594985647419992,(24,20)0.98:0.33554058481148064)1:0.6413279627183209,((13,16)0.95:0.33665940672744327,((10,5)0.76:0.20384712499062102,(23,17)1:1.9111062268606214)0.95:0.2997774804757168)0.91:0.23802283278747613)0.97:0.32012054607038887)0.85:0.1862599025559961,(((25,12)0.56:0.08506010317719223,(6,(21,(11,9)1:1.2685113254635072)1:0.8506292475270157)0.69:0.12019088227377764)0.86:0.2166238656713749,((15,19)0.59:0.10072291291107528,22)1:1.1749974467056972)0.97:0.31915234645584517)1:2.0794415416798353));
Weight calculation took 0.0810441 secs
ASTRAL finished in 0.544 secs
