
================== ASTRAL ===================== 

This is ASTRAL version 5.6.3
Gene trees are treated as unrooted
50 trees read from g_trees-raxml-sqlen-50-ngen-50-s2g.trees
All output trees will be *arbitrarily* rooted at 16

======== Running the main analysis
Number of taxa: 64 (25 species)
Taxa: {22=[22_3, 22_2, 22_1], 23=[23_3, 23_2, 23_1], 24=[24_3, 24_2, 24_1], 25=[25_3, 25_2, 25_1], 10=[10_2, 10_1], 11=[11_3, 11_2, 11_1], 12=[12_3, 12_2, 12_1], 13=[13_3, 13_2, 13_1], 14=[14_2, 14_1], 15=[15_2, 15_1, 15_3], 16=[16_1, 16_3, 16_2], 17=[17_2, 17_1], 18=[18_3, 18_2, 18_1], 19=[19_3, 19_2, 19_1], 1=[1_1, 1_2, 1_3], 2=[2_1, 2_2], 3=[3_1, 3_2], 4=[4_1, 4_2], 5=[5_1, 5_2], 6=[6_1, 6_2], 7=[7_1, 7_2], 8=[8_1, 8_2], 9=[9_1, 9_2, 9_3], 20=[20_2, 20_1], 21=[21_3, 21_2, 21_1]}
Taxon occupancy: {16_1=47, 14_2=7, 14_1=45, 12_3=1, 12_2=9, 12_1=48, 10_2=5, 10_1=45, 18_3=1, 18_2=7, 18_1=46, 16_3=2, 16_2=8, 25_3=1, 25_2=7, 25_1=46, 23_3=3, 1_1=43, 23_2=9, 23_1=46, 1_2=6, 21_3=1, 3_1=44, 21_2=6, 1_3=2, 21_1=45, 3_2=5, 5_1=44, 5_2=6, 7_1=43, 7_2=6, 9_1=47, 9_2=4, 9_3=1, 15_2=6, 15_1=46, 13_3=1, 13_2=9, 13_1=49, 11_3=1, 11_2=7, 11_1=46, 19_3=1, 19_2=7, 19_1=48, 17_2=8, 17_1=47, 15_3=1, 24_3=1, 24_2=8, 24_1=47, 22_3=2, 2_1=44, 22_2=4, 22_1=42, 2_2=7, 4_1=45, 20_2=6, 20_1=45, 4_2=3, 6_1=46, 6_2=3, 8_1=45, 8_2=3}
Number of gene trees: 50
50 trees have missing taxa
Calculating quartet distance matrix (for completion of X)
Species tree distances calculated ...
Will attempt to complete bipartitions from X before adding using a distance matrix.
Building set of clusters (X) from gene trees 
In second round sampling 3 rounds will be done
------------------------------
gradient0: 461
------------------------------
gradient1: 90
------------------------------
gradient2: 48
Number of Clusters after addition by distance: 599
calculating extra bipartitions to be added at level 1 ...
Adding to X using resolutions of greedy consensus ...
Limit for sigma of degrees:675
polytomy size limit : 4
discarded polytomies:  [3, 3, 3, 3, 4]
Threshold 0.0:
Threshold 0.01:
Threshold 0.02:
Threshold 0.05:
Threshold 0.1:
Threshold 0.2:
polytomy of size 3; rounds with additions with at least 5 support: 0; clusters: 599
Threshold 0.3333333333333333:
polytomy of size 3; rounds with additions with at least 5 support: 0; clusters: 599
polytomy of size 3; rounds with additions with at least 5 support: 0; clusters: 599
polytomy of size 3; rounds with additions with at least 5 support: 0; clusters: 599
polytomy of size 4; rounds with additions with at least 5 support: 0; clusters: 599
max k is :0
Number of Clusters after addition by greedy: 599
gradient0 in heuristiic: 599
calculating extra bipartitions to be added at level 1 ...
Adding to X using resolutions of greedy consensus ...
Limit for sigma of degrees:675
polytomy size limit : 4
discarded polytomies:  [3, 3, 3, 3, 4]
Threshold 0.0:
Threshold 0.01:
Threshold 0.02:
Threshold 0.05:
Threshold 0.1:
Threshold 0.2:
polytomy of size 3; rounds with additions with at least 5 support: 0; clusters: 599
Threshold 0.3333333333333333:
polytomy of size 4; rounds with additions with at least 5 support: 0; clusters: 599
polytomy of size 3; rounds with additions with at least 5 support: 0; clusters: 599
polytomy of size 3; rounds with additions with at least 5 support: 0; clusters: 599
polytomy of size 3; rounds with additions with at least 5 support: 0; clusters: 599
max k is :0
Number of Clusters after addition by greedy: 599
gradient1 in heuristiic: 0
calculating extra bipartitions to be added at level 1 ...
Adding to X using resolutions of greedy consensus ...
Limit for sigma of degrees:675
polytomy size limit : 4
discarded polytomies:  [3, 3, 4]
Threshold 0.0:
Threshold 0.01:
Threshold 0.02:
Threshold 0.05:
Threshold 0.1:
Threshold 0.2:
Threshold 0.3333333333333333:
polytomy of size 3; rounds with additions with at least 5 support: 0; clusters: 599
polytomy of size 3; rounds with additions with at least 5 support: 0; clusters: 599
polytomy of size 4; rounds with additions with at least 5 support: 0; clusters: 599
max k is :0
Number of Clusters after addition by greedy: 599
gradient2 in heuristiic: 0
partitions formed in 2.887 secs
Dynamic Programming starting after 2.887 secs
Using tree-based weight calculation.
Using polytree-based weight calculation.
Polytree max score: 1164668
Polytree building time: 0.016 seconds.
Number of quartet trees in the gene trees: 1164021
Size of largest cluster: 64
Greedy score: 665660
estimationFactor: 1.7496439623831985
Sub-optimal score: 770545
Total Number of elements weighted: 1446
Normalized score (portion of input quartet trees satisfied before correcting for multiple individuals): 0.6695480579817719
Optimization score: 779368
Optimal tree inferred in 3.081 secs.
(20,(14,(22,(((10,7),((6,(4,8)),(9,(3,(1,(5,2)))))),(((21,15),(25,(18,11))),(13,((19,(17,24)),(23,(16,12)))))))));
Final quartet score is: 803695
Final normalized quartet score is: 0.6904471654721006
You may want to ignore posterior probabilities and other statistics related to the following branch branch because the effective number of genes impacting it is only 6:
	{16}
You may want to ignore posterior probabilities and other statistics related to the following branch branch because the effective number of genes impacting it is only 6:
	{12}
You may want to ignore posterior probabilities and other statistics related to the following branch branch because the effective number of genes impacting it is only 7:
	{23}
You may want to ignore posterior probabilities and other statistics related to the following branch branch because the effective number of genes impacting it is only 5:
	{19}
You may want to ignore posterior probabilities and other statistics related to the following branch branch because the effective number of genes impacting it is only 8:
	{17}
You may want to ignore posterior probabilities and other statistics related to the following branch branch because the effective number of genes impacting it is only 5:
	{24}
You may want to ignore posterior probabilities and other statistics related to the following branch branch because the effective number of genes impacting it is only 6:
	{13}
You may want to ignore posterior probabilities and other statistics related to the following branch branch because the effective number of genes impacting it is only 4:
	{21}
You may want to ignore posterior probabilities and other statistics related to the following branch branch because the effective number of genes impacting it is only 4:
	{15}
You may want to ignore posterior probabilities and other statistics related to the following branch branch because the effective number of genes impacting it is only 5:
	{25}
You may want to ignore posterior probabilities and other statistics related to the following branch branch because the effective number of genes impacting it is only 5:
	{18}
You may want to ignore posterior probabilities and other statistics related to the following branch branch because the effective number of genes impacting it is only 5:
	{11}
You may want to ignore posterior probabilities and other statistics related to the following branch branch because the effective number of genes impacting it is only 5:
	{10}
You may want to ignore posterior probabilities and other statistics related to the following branch branch because the effective number of genes impacting it is only 6:
	{7}
You may want to ignore posterior probabilities and other statistics related to the following branch branch because the effective number of genes impacting it is only 3:
	{6}
You may want to ignore posterior probabilities and other statistics related to the following branch branch because the effective number of genes impacting it is only 3:
	{4}
You may want to ignore posterior probabilities and other statistics related to the following branch branch because the effective number of genes impacting it is only 3:
	{8}
You may want to ignore posterior probabilities and other statistics related to the following branch branch because the effective number of genes impacting it is only 3:
	{9}
You may want to ignore posterior probabilities and other statistics related to the following branch branch because the effective number of genes impacting it is only 5:
	{3}
You may want to ignore posterior probabilities and other statistics related to the following branch branch because the effective number of genes impacting it is only 4:
	{1}
You may want to ignore posterior probabilities and other statistics related to the following branch branch because the effective number of genes impacting it is only 6:
	{5}
You may want to ignore posterior probabilities and other statistics related to the following branch branch because the effective number of genes impacting it is only 7:
	{2}
You may want to ignore posterior probabilities and other statistics related to the following branch branch because the effective number of genes impacting it is only 3:
	{22}
You may want to ignore posterior probabilities and other statistics related to the following branch branch because the effective number of genes impacting it is only 7:
	{14}
You may want to ignore posterior probabilities and other statistics related to the following branch branch because the effective number of genes impacting it is only 6:
	{20}
((16_1,16_3,16_2)0.31:0.0,((12_3,12_2,12_1)0.21:0.0,((23_3,23_2,23_1)0.21:0.0,(((19_3,19_2,19_1)0.11:0.0,((17_2,17_1)0.06:0.0,(24_3,24_2,24_1)0.1:0.0)1:1.3600828252226274)0.86:0.1704632169238105,((13_3,13_2,13_1)0.33:0.0,((((21_3,21_2,21_1)0.21:0.0,(15_2,15_1,15_3)0.13:0.0)0.31:0.015965570499667747,((25_3,25_2,25_1)0.19:0.0,((18_3,18_2,18_1)0.11:0.0,(11_3,11_2,11_1)0.14:0.0)0.99:0.32912604748302277)0.96:0.25797861560278906)1:1.0771187915080072,((((10_2,10_1)0.19:0.0,(7_1,7_2)0.23:0.0)1:1.5139651994265964,(((6_1,6_2)0.45:0.014018252730356505,((4_1,4_2)0.13:0.0,(8_1,8_2)0.13:0.0)1:2.4294939448580757)0.98:0.3170834957392349,((9_1,9_2,9_3)0.83:0.5284700877456996,((3_1,3_2)0.8:0.3930425881096072,((1_1,1_2,1_3)0.43:0.012764214035440313,((5_1,5_2)0.59:0.15415067982725836,(2_1,2_2)0.15:0.0)1:0.8725612637277432)1:0.43326835725665824)0.46:0.03541006742463782)1:0.95795745260243)0.33:0.038582610887022126)1:0.622183643577396,((22_3,22_2,22_1)0.33:0.0,((14_2,14_1)0.1:0.0,(20_2,20_1)0.23:0.0)1:1.3075107891887638)1:0.49110672717345716)1:0.46453953648873103)1:0.7023106452940316)0.47:0.03758905188031685)0.33:0.03203596949326474)0.29:0.0));
Weight calculation took 0.146383428 secs
ASTRAL finished in 3.195 secs
