
================== ASTRAL ===================== 

This is ASTRAL version 5.6.3
Gene trees are treated as unrooted
25 trees read from g_trees-raxml-sqlen-50-ngen-25-s2g.trees
All output trees will be *arbitrarily* rooted at 16

======== Running the main analysis
Number of taxa: 58 (25 species)
Taxa: {22=[22_3, 22_2, 22_1], 23=[23_3, 23_2, 23_1], 24=[24_3, 24_2, 24_1], 25=[25_2, 25_1], 10=[10_2, 10_1], 11=[11_2, 11_1], 12=[12_3, 12_2, 12_1], 13=[13_2, 13_1], 14=[14_2, 14_1], 15=[15_2, 15_1], 16=[16_1, 16_3, 16_2], 17=[17_2, 17_1], 18=[18_2, 18_1], 19=[19_3, 19_2, 19_1], 1=[1_1, 1_2, 1_3], 2=[2_1, 2_2], 3=[3_1, 3_2], 4=[4_1, 4_2], 5=[5_1, 5_2], 6=[6_1, 6_2], 7=[7_1, 7_2], 8=[8_1, 8_2], 9=[9_1, 9_2, 9_3], 20=[20_2, 20_1], 21=[21_2, 21_1]}
Taxon occupancy: {16_1=23, 14_2=3, 14_1=22, 12_3=1, 12_2=6, 12_1=23, 10_2=3, 10_1=24, 18_2=4, 18_1=23, 16_3=2, 16_2=5, 25_2=4, 25_1=23, 23_3=1, 1_1=22, 23_2=5, 23_1=21, 1_2=3, 3_1=21, 21_2=4, 1_3=1, 21_1=23, 3_2=1, 5_1=22, 5_2=2, 7_1=23, 7_2=4, 9_1=23, 9_2=3, 9_3=1, 15_2=4, 15_1=23, 13_2=5, 13_1=24, 11_2=4, 11_1=23, 19_3=1, 19_2=4, 19_1=23, 17_2=5, 17_1=22, 24_3=1, 24_2=5, 24_1=22, 22_3=1, 2_1=22, 22_2=2, 22_1=22, 2_2=4, 4_1=24, 20_2=3, 20_1=22, 4_2=2, 6_1=23, 6_2=2, 8_1=24, 8_2=2}
Number of gene trees: 25
25 trees have missing taxa
Calculating quartet distance matrix (for completion of X)
Species tree distances calculated ...
Will attempt to complete bipartitions from X before adding using a distance matrix.
Building set of clusters (X) from gene trees 
In second round sampling 3 rounds will be done
------------------------------
gradient0: 355
------------------------------
gradient1: 52
------------------------------
gradient2: 38
Number of Clusters after addition by distance: 445
calculating extra bipartitions to be added at level 1 ...
Adding to X using resolutions of greedy consensus ...
Limit for sigma of degrees:675
polytomy size limit : 5
discarded polytomies:  [3, 3, 5]
Threshold 0.0:
Threshold 0.01:
Threshold 0.02:
Threshold 0.05:
Threshold 0.1:
Threshold 0.2:
Threshold 0.3333333333333333:
polytomy of size 3; rounds with additions with at least 5 support: 0; clusters: 445
polytomy of size 3; rounds with additions with at least 5 support: 0; clusters: 445
polytomy of size 5; rounds with additions with at least 5 support: 0; clusters: 445
max k is :0
Number of Clusters after addition by greedy: 445
gradient0 in heuristiic: 445
calculating extra bipartitions to be added at level 1 ...
Adding to X using resolutions of greedy consensus ...
Limit for sigma of degrees:675
polytomy size limit : 5
discarded polytomies:  [3, 3, 4, 4, 5]
Threshold 0.0:
Threshold 0.01:
Threshold 0.02:
Threshold 0.05:
Threshold 0.1:
polytomy of size 3; rounds with additions with at least 5 support: 0; clusters: 445
Threshold 0.2:
polytomy of size 4; rounds with additions with at least 5 support: 1; clusters: 449
Threshold 0.3333333333333333:
polytomy of size 4; rounds with additions with at least 5 support: 0; clusters: 449
polytomy of size 3; rounds with additions with at least 5 support: 0; clusters: 449
polytomy of size 5; rounds with additions with at least 5 support: 0; clusters: 449
max k is :2
Number of Clusters after addition by greedy: 449
gradient1 in heuristiic: 4
calculating extra bipartitions to be added at level 1 ...
Adding to X using resolutions of greedy consensus ...
Limit for sigma of degrees:675
polytomy size limit : 5
discarded polytomies:  [3, 3, 5]
Threshold 0.0:
Threshold 0.01:
Threshold 0.02:
Threshold 0.05:
Threshold 0.1:
Threshold 0.2:
Threshold 0.3333333333333333:
polytomy of size 3; rounds with additions with at least 5 support: 0; clusters: 449
polytomy of size 3; rounds with additions with at least 5 support: 0; clusters: 449
polytomy of size 5; rounds with additions with at least 5 support: 0; clusters: 449
max k is :0
Number of Clusters after addition by greedy: 449
gradient2 in heuristiic: 0
partitions formed in 2.033 secs
Dynamic Programming starting after 2.033 secs
Using tree-based weight calculation.
Using polytree-based weight calculation.
Polytree max score: 638898
Polytree building time: 0.011 seconds.
Number of quartet trees in the gene trees: 638598
Size of largest cluster: 58
Greedy score: 388270
estimationFactor: 1.645497146963264
Sub-optimal score: 423781
Total Number of elements weighted: 979
Normalized score (portion of input quartet trees satisfied before correcting for multiple individuals): 0.6667034660302725
Optimization score: 425755
Optimal tree inferred in 2.146 secs.
(2,(5,(1,((3,9),((6,((10,7),(4,8))),((22,(14,20)),(((21,15),(25,(18,11))),((19,(17,24)),(13,(23,(16,12)))))))))));
Final quartet score is: 439978
Final normalized quartet score is: 0.6889749106636726
You may want to ignore posterior probabilities and other statistics related to the following branch branch because the effective number of genes impacting it is only 4:
	{16}
You may want to ignore posterior probabilities and other statistics related to the following branch branch because the effective number of genes impacting it is only 4:
	{12}
You may want to ignore posterior probabilities and other statistics related to the following branch branch because the effective number of genes impacting it is only 3:
	{23}
You may want to ignore posterior probabilities and other statistics related to the following branch branch because the effective number of genes impacting it is only 5:
	{13}
You may want to ignore posterior probabilities and other statistics related to the following branch branch because the effective number of genes impacting it is only 3:
	{19}
You may want to ignore posterior probabilities and other statistics related to the following branch branch because the effective number of genes impacting it is only 5:
	{17}
You may want to ignore posterior probabilities and other statistics related to the following branch branch because the effective number of genes impacting it is only 3:
	{24}
You may want to ignore posterior probabilities and other statistics related to the following branch branch because the effective number of genes impacting it is only 4:
	{21}
You may want to ignore posterior probabilities and other statistics related to the following branch branch because the effective number of genes impacting it is only 4:
	{15}
You may want to ignore posterior probabilities and other statistics related to the following branch branch because the effective number of genes impacting it is only 4:
	{25}
You may want to ignore posterior probabilities and other statistics related to the following branch branch because the effective number of genes impacting it is only 4:
	{18}
You may want to ignore posterior probabilities and other statistics related to the following branch branch because the effective number of genes impacting it is only 4:
	{11}
You may want to ignore posterior probabilities and other statistics related to the following branch branch because the effective number of genes impacting it is only 1:
	{22}
You may want to ignore posterior probabilities and other statistics related to the following branch branch because the effective number of genes impacting it is only 3:
	{14}
You may want to ignore posterior probabilities and other statistics related to the following branch branch because the effective number of genes impacting it is only 3:
	{20}
You may want to ignore posterior probabilities and other statistics related to the following branch branch because the effective number of genes impacting it is only 19:
	{14, 20}
You may want to ignore posterior probabilities and other statistics related to the following branch branch because the effective number of genes impacting it is only 19:
	{14, 22, 20}
You may want to ignore posterior probabilities and other statistics related to the following branch branch because the effective number of genes impacting it is only 2:
	{6}
You may want to ignore posterior probabilities and other statistics related to the following branch branch because the effective number of genes impacting it is only 3:
	{10}
You may want to ignore posterior probabilities and other statistics related to the following branch branch because the effective number of genes impacting it is only 4:
	{7}
You may want to ignore posterior probabilities and other statistics related to the following branch branch because the effective number of genes impacting it is only 2:
	{4}
You may want to ignore posterior probabilities and other statistics related to the following branch branch because the effective number of genes impacting it is only 2:
	{8}
You may want to ignore posterior probabilities and other statistics related to the following branch branch because the effective number of genes impacting it is only 1:
	{3}
You may want to ignore posterior probabilities and other statistics related to the following branch branch because the effective number of genes impacting it is only 2:
	{9}
You may want to ignore posterior probabilities and other statistics related to the following branch branch because the effective number of genes impacting it is only 2:
	{1}
You may want to ignore posterior probabilities and other statistics related to the following branch branch because the effective number of genes impacting it is only 2:
	{5}
You may want to ignore posterior probabilities and other statistics related to the following branch branch because the effective number of genes impacting it is only 4:
	{2}
((16_1,16_3,16_2)0.24:0.0,((12_3,12_2,12_1)0.3:0.0,((23_3,23_2,23_1)0.19:0.0,((13_2,13_1)0.15:0.0,(((19_3,19_2,19_1)0.17:0.0,((17_2,17_1)0.1:0.0,(24_3,24_2,24_1)0.14:0.0)1:1.1679652677788124)0.35:1.999121947298915E-4,((((21_2,21_1)0.26:0.0,(15_2,15_1)0.13:0.0)0.22:0.0,((25_2,25_1)0.12:0.0,((18_2,18_1)0.12:0.0,(11_2,11_1)0.11:0.0)0.97:0.3955005159845141)0.73:0.16636060297002578)1:0.977979227840415,(((22_3,22_2,22_1)0.37:0.0,((14_2,14_1)0.13:0.0,(20_2,20_1)0.48:0.04683894403817029)1:1.119521947416474)0.99:0.5612552612366947,(((6_1,6_2)0.23:0.0,(((10_2,10_1)0.31:0.0,(7_1,7_2)0.17:0.0)1:1.3065105477619638,((4_1,4_2)0.17:0.0,(8_1,8_2)0.17:0.0)1:2.367123614131617)0.23:0.0)0.86:0.25661709100179914,(((3_1,3_2)0.67:0.2876820724517809,(9_1,9_2,9_3)0.9:0.7985076962177718)0.51:0.06509411811369664,((1_1,1_2,1_3)0.66:0.2678794451556012,((5_1,5_2)0.46:0.0,(2_1,2_2)0.12:0.0)1:0.6133849545718616)0.85:0.2742712566182184)1:1.5274858963046438)1:0.6582866432111034)0.95:0.3641576545191558)1:0.7938028851983518)0.5:0.06932238811902282)0.8:0.2289678038136203)0.28:0.0));
Weight calculation took 0.067201234 secs
ASTRAL finished in 2.245 secs
