
================== ASTRAL ===================== 

This is ASTRAL version 5.6.3
Gene trees are treated as unrooted
100 trees read from g_trees-raxml-sqlen-250-ngen-100-s2g.trees
All output trees will be *arbitrarily* rooted at 16

======== Running the main analysis
Number of taxa: 67 (25 species)
Taxa: {22=[22_3, 22_2, 22_1], 23=[23_3, 23_2, 23_1], 24=[24_3, 24_2, 24_1], 25=[25_3, 25_2, 25_1], 10=[10_3, 10_2, 10_1], 11=[11_3, 11_2, 11_1], 12=[12_3, 12_2, 12_1], 13=[13_4, 13_3, 13_2, 13_1], 14=[14_2, 14_1], 15=[15_2, 15_1, 15_4, 15_3], 16=[16_1, 16_3, 16_2], 17=[17_2, 17_1], 18=[18_3, 18_2, 18_1], 19=[19_3, 19_2, 19_1], 1=[1_1, 1_2, 1_3], 2=[2_1, 2_2], 3=[3_1, 3_2], 4=[4_1, 4_2], 5=[5_1, 5_2], 6=[6_1, 6_2], 7=[7_1, 7_2], 8=[8_1, 8_2], 9=[9_1, 9_2, 9_3], 20=[20_2, 20_1], 21=[21_3, 21_2, 21_1]}
Taxon occupancy: {16_1=87, 14_2=7, 14_1=86, 12_3=1, 12_2=17, 12_1=88, 10_3=1, 10_2=11, 10_1=85, 18_3=3, 18_2=14, 18_1=88, 16_3=3, 16_2=16, 25_3=3, 25_2=14, 25_1=88, 23_3=4, 1_1=84, 23_2=15, 23_1=87, 1_2=13, 21_3=3, 3_1=88, 21_2=13, 1_3=3, 21_1=87, 3_2=11, 5_1=88, 5_2=9, 7_1=83, 7_2=14, 9_1=91, 9_2=8, 9_3=1, 15_2=12, 13_4=1, 15_1=88, 13_3=3, 13_2=17, 13_1=90, 11_3=3, 11_2=14, 11_1=88, 19_3=1, 19_2=15, 19_1=87, 17_2=16, 15_4=1, 17_1=88, 15_3=3, 24_3=1, 24_2=16, 24_1=88, 22_3=4, 2_1=87, 22_2=9, 22_1=83, 2_2=12, 4_1=88, 20_2=8, 20_1=86, 4_2=8, 6_1=89, 6_2=8, 8_1=88, 8_2=8}
Number of gene trees: 100
100 trees have missing taxa
Calculating quartet distance matrix (for completion of X)
Species tree distances calculated ...
Will attempt to complete bipartitions from X before adding using a distance matrix.
Building set of clusters (X) from gene trees 
In second round sampling 3 rounds will be done
------------------------------
gradient0: 291
------------------------------
gradient1: 72
------------------------------
gradient2: 32
Number of Clusters after addition by distance: 395
calculating extra bipartitions to be added at level 1 ...
Adding to X using resolutions of greedy consensus ...
Limit for sigma of degrees:675
polytomy size limit : 3
discarded polytomies:  []
Threshold 0.0:
Threshold 0.01:
Threshold 0.02:
Threshold 0.05:
Threshold 0.1:
Threshold 0.2:
Threshold 0.3333333333333333:
max k is :0
Number of Clusters after addition by greedy: 395
gradient0 in heuristiic: 395
calculating extra bipartitions to be added at level 1 ...
Adding to X using resolutions of greedy consensus ...
Limit for sigma of degrees:675
polytomy size limit : 4
discarded polytomies:  [4]
Threshold 0.0:
Threshold 0.01:
Threshold 0.02:
Threshold 0.05:
Threshold 0.1:
Threshold 0.2:
Threshold 0.3333333333333333:
polytomy of size 4; rounds with additions with at least 5 support: 0; clusters: 395
max k is :0
Number of Clusters after addition by greedy: 395
gradient1 in heuristiic: 0
calculating extra bipartitions to be added at level 1 ...
Adding to X using resolutions of greedy consensus ...
Limit for sigma of degrees:675
polytomy size limit : 4
discarded polytomies:  [4]
Threshold 0.0:
Threshold 0.01:
Threshold 0.02:
Threshold 0.05:
Threshold 0.1:
Threshold 0.2:
Threshold 0.3333333333333333:
polytomy of size 4; rounds with additions with at least 5 support: 0; clusters: 395
max k is :0
Number of Clusters after addition by greedy: 395
gradient2 in heuristiic: 0
partitions formed in 4.854 secs
Dynamic Programming starting after 4.854 secs
Using tree-based weight calculation.
Using polytree-based weight calculation.
Polytree max score: 2093487
Polytree building time: 0.024 seconds.
Number of quartet trees in the gene trees: 2092063
Size of largest cluster: 67
Greedy score: 1523485
estimationFactor: 1.3741430423853722
Sub-optimal score: 1621117
Total Number of elements weighted: 776
Normalized score (portion of input quartet trees satisfied before correcting for multiple individuals): 0.7748894273260414
Optimization score: 1621117
Optimal tree inferred in 5.068 secs.
(17,(24,(19,(23,((16,12),(13,((15,(21,(25,(18,11)))),((22,(14,20)),(((10,7),(6,(4,8))),(9,(3,(1,(5,2)))))))))))));
Final quartet score is: 1664844
Final normalized quartet score is: 0.7957905665364762
You may want to ignore posterior probabilities and other statistics related to the following branch branch because the effective number of genes impacting it is only 11:
	{16}
You may want to ignore posterior probabilities and other statistics related to the following branch branch because the effective number of genes impacting it is only 11:
	{12}
You may want to ignore posterior probabilities and other statistics related to the following branch branch because the effective number of genes impacting it is only 9:
	{13}
You may want to ignore posterior probabilities and other statistics related to the following branch branch because the effective number of genes impacting it is only 7:
	{15}
You may want to ignore posterior probabilities and other statistics related to the following branch branch because the effective number of genes impacting it is only 9:
	{21}
You may want to ignore posterior probabilities and other statistics related to the following branch branch because the effective number of genes impacting it is only 10:
	{25}
You may want to ignore posterior probabilities and other statistics related to the following branch branch because the effective number of genes impacting it is only 10:
	{18}
You may want to ignore posterior probabilities and other statistics related to the following branch branch because the effective number of genes impacting it is only 10:
	{11}
You may want to ignore posterior probabilities and other statistics related to the following branch branch because the effective number of genes impacting it is only 7:
	{22}
You may want to ignore posterior probabilities and other statistics related to the following branch branch because the effective number of genes impacting it is only 7:
	{14}
You may want to ignore posterior probabilities and other statistics related to the following branch branch because the effective number of genes impacting it is only 8:
	{20}
You may want to ignore posterior probabilities and other statistics related to the following branch branch because the effective number of genes impacting it is only 7:
	{10}
You may want to ignore posterior probabilities and other statistics related to the following branch branch because the effective number of genes impacting it is only 14:
	{7}
You may want to ignore posterior probabilities and other statistics related to the following branch branch because the effective number of genes impacting it is only 8:
	{6}
You may want to ignore posterior probabilities and other statistics related to the following branch branch because the effective number of genes impacting it is only 8:
	{4}
You may want to ignore posterior probabilities and other statistics related to the following branch branch because the effective number of genes impacting it is only 8:
	{8}
You may want to ignore posterior probabilities and other statistics related to the following branch branch because the effective number of genes impacting it is only 5:
	{9}
You may want to ignore posterior probabilities and other statistics related to the following branch branch because the effective number of genes impacting it is only 11:
	{3}
You may want to ignore posterior probabilities and other statistics related to the following branch branch because the effective number of genes impacting it is only 9:
	{1}
You may want to ignore posterior probabilities and other statistics related to the following branch branch because the effective number of genes impacting it is only 9:
	{5}
You may want to ignore posterior probabilities and other statistics related to the following branch branch because the effective number of genes impacting it is only 12:
	{2}
You may want to ignore posterior probabilities and other statistics related to the following branch branch because the effective number of genes impacting it is only 11:
	{23}
You may want to ignore posterior probabilities and other statistics related to the following branch branch because the effective number of genes impacting it is only 10:
	{19}
You may want to ignore posterior probabilities and other statistics related to the following branch branch because the effective number of genes impacting it is only 11:
	{24}
You may want to ignore posterior probabilities and other statistics related to the following branch branch because the effective number of genes impacting it is only 16:
	{17}
((16_1,16_3,16_2)0.17:0.0,((12_3,12_2,12_1)0.13:0.0,(((13_4,13_3,13_2,13_1)0.28:0.0,(((15_2,15_1,15_4,15_3)0.1:0.0,((21_3,21_2,21_1)0.1:0.0,((25_3,25_2,25_1)0.09:0.0,((18_3,18_2,18_1)0.07:0.0,(11_3,11_2,11_1)0.06:0.0)1:1.221466163457676)1:0.3714929472338125)1:0.3650598670842517)1:1.6318598735724,(((22_3,22_2,22_1)0.52:0.08961215868968704,((14_2,14_1)0.07:0.0,(20_2,20_1)0.4:0.0)1:2.9957322735539913)1:1.3236878521753532,((((10_3,10_2,10_1)0.22:0.0,(7_1,7_2)0.39:0.005277057100843669)1:2.4134476858058536,((6_1,6_2)1:1.0986122886681098,((4_1,4_2)0.06:0.0,(8_1,8_2)0.06:0.0)1:2.6211464030487286)1:0.5563178097248349)1:0.7168175885068195,((9_1,9_2,9_3)0.45:0.029123711721968287,((3_1,3_2)0.38:0.0,((1_1,1_2,1_3)0.2:0.0,((5_1,5_2)0.19:0.0,(2_1,2_2)0.34:0.0)1:1.4403923786268698)1:1.997949213770376)1:0.5477323118819982)1:2.6745275090635636)1:2.555175845634558)1:2.011821354004856)1:1.3514776928462104)1:0.41073737118656606,((23_3,23_2,23_1)0.11:0.0,((19_3,19_2,19_1)0.08:0.0,((24_3,24_2,24_1)0.05:0.0,(17_2,17_1)0.04:0.0)1:1.8248087218128362)1:0.5866827050232379)0.98:0.20887310784013793)0.69:0.08696768060516277));
Weight calculation took 0.15591988 secs
ASTRAL finished in 5.204 secs
