
================== ASTRAL ===================== 

This is ASTRAL version 5.6.3
Gene trees are treated as unrooted
25 trees read from g_trees-raxml-sqlen-100-ngen-25-s2g.trees
All output trees will be *arbitrarily* rooted at 16

======== Running the main analysis
Number of taxa: 58 (25 species)
Taxa: {22=[22_3, 22_2, 22_1], 23=[23_3, 23_2, 23_1], 24=[24_3, 24_2, 24_1], 25=[25_2, 25_1], 10=[10_2, 10_1], 11=[11_2, 11_1], 12=[12_3, 12_2, 12_1], 13=[13_2, 13_1], 14=[14_2, 14_1], 15=[15_2, 15_1], 16=[16_1, 16_3, 16_2], 17=[17_2, 17_1], 18=[18_2, 18_1], 19=[19_3, 19_2, 19_1], 1=[1_1, 1_2, 1_3], 2=[2_1, 2_2], 3=[3_1, 3_2], 4=[4_1, 4_2], 5=[5_1, 5_2], 6=[6_1, 6_2], 7=[7_1, 7_2], 8=[8_1, 8_2], 9=[9_1, 9_2, 9_3], 20=[20_2, 20_1], 21=[21_2, 21_1]}
Taxon occupancy: {16_1=23, 14_2=3, 14_1=22, 12_3=1, 12_2=6, 12_1=23, 10_2=3, 10_1=24, 18_2=4, 18_1=23, 16_3=2, 16_2=5, 25_2=4, 25_1=23, 23_3=1, 1_1=22, 23_2=5, 23_1=21, 1_2=3, 3_1=21, 21_2=4, 1_3=1, 21_1=23, 3_2=1, 5_1=22, 5_2=2, 7_1=23, 7_2=4, 9_1=23, 9_2=3, 9_3=1, 15_2=4, 15_1=23, 13_2=5, 13_1=24, 11_2=4, 11_1=23, 19_3=1, 19_2=4, 19_1=23, 17_2=5, 17_1=22, 24_3=1, 24_2=5, 24_1=22, 22_3=1, 2_1=22, 22_2=2, 22_1=22, 2_2=4, 4_1=24, 20_2=3, 20_1=22, 4_2=2, 6_1=23, 6_2=2, 8_1=24, 8_2=2}
Number of gene trees: 25
25 trees have missing taxa
Calculating quartet distance matrix (for completion of X)
Species tree distances calculated ...
Will attempt to complete bipartitions from X before adding using a distance matrix.
Building set of clusters (X) from gene trees 
In second round sampling 3 rounds will be done
------------------------------
gradient0: 291
------------------------------
gradient1: 54
------------------------------
gradient2: 20
Number of Clusters after addition by distance: 365
calculating extra bipartitions to be added at level 1 ...
Adding to X using resolutions of greedy consensus ...
Limit for sigma of degrees:675
polytomy size limit : 3
discarded polytomies:  [3]
Threshold 0.0:
Threshold 0.01:
Threshold 0.02:
Threshold 0.05:
Threshold 0.1:
Threshold 0.2:
Threshold 0.3333333333333333:
polytomy of size 3; rounds with additions with at least 5 support: 0; clusters: 365
max k is :0
Number of Clusters after addition by greedy: 365
gradient0 in heuristiic: 365
calculating extra bipartitions to be added at level 1 ...
Adding to X using resolutions of greedy consensus ...
Limit for sigma of degrees:675
polytomy size limit : 4
discarded polytomies:  [3, 3, 4]
Threshold 0.0:
Threshold 0.01:
Threshold 0.02:
Threshold 0.05:
Threshold 0.1:
Threshold 0.2:
polytomy of size 3; rounds with additions with at least 5 support: 0; clusters: 365
Threshold 0.3333333333333333:
polytomy of size 3; rounds with additions with at least 5 support: 0; clusters: 365
polytomy of size 4; rounds with additions with at least 5 support: 0; clusters: 365
max k is :0
Number of Clusters after addition by greedy: 365
gradient1 in heuristiic: 0
calculating extra bipartitions to be added at level 1 ...
Adding to X using resolutions of greedy consensus ...
Limit for sigma of degrees:675
polytomy size limit : 3
discarded polytomies:  [3]
Threshold 0.0:
Threshold 0.01:
Threshold 0.02:
Threshold 0.05:
Threshold 0.1:
Threshold 0.2:
Threshold 0.3333333333333333:
polytomy of size 3; rounds with additions with at least 5 support: 0; clusters: 365
max k is :0
Number of Clusters after addition by greedy: 365
gradient2 in heuristiic: 0
partitions formed in 1.599 secs
Dynamic Programming starting after 1.599 secs
Using tree-based weight calculation.
Using polytree-based weight calculation.
Polytree max score: 638898
Polytree building time: 0.014 seconds.
Number of quartet trees in the gene trees: 638598
Size of largest cluster: 58
Greedy score: 430961
estimationFactor: 1.4824943759477354
Sub-optimal score: 465585
Total Number of elements weighted: 662
Normalized score (portion of input quartet trees satisfied before correcting for multiple individuals): 0.7302849366894353
Optimization score: 466358
Optimal tree inferred in 1.684 secs.
(4,(8,(6,((10,7),((9,(3,(1,(5,2)))),((22,(14,20)),((15,(25,(21,(18,11)))),(13,((16,12),(23,(19,(17,24))))))))))));
Final quartet score is: 479330
Final normalized quartet score is: 0.7505974024347085
You may want to ignore posterior probabilities and other statistics related to the following branch branch because the effective number of genes impacting it is only 4:
	{16}
You may want to ignore posterior probabilities and other statistics related to the following branch branch because the effective number of genes impacting it is only 4:
	{12}
You may want to ignore posterior probabilities and other statistics related to the following branch branch because the effective number of genes impacting it is only 3:
	{23}
You may want to ignore posterior probabilities and other statistics related to the following branch branch because the effective number of genes impacting it is only 3:
	{19}
You may want to ignore posterior probabilities and other statistics related to the following branch branch because the effective number of genes impacting it is only 5:
	{17}
You may want to ignore posterior probabilities and other statistics related to the following branch branch because the effective number of genes impacting it is only 3:
	{24}
You may want to ignore posterior probabilities and other statistics related to the following branch branch because the effective number of genes impacting it is only 5:
	{13}
You may want to ignore posterior probabilities and other statistics related to the following branch branch because the effective number of genes impacting it is only 4:
	{15}
You may want to ignore posterior probabilities and other statistics related to the following branch branch because the effective number of genes impacting it is only 4:
	{25}
You may want to ignore posterior probabilities and other statistics related to the following branch branch because the effective number of genes impacting it is only 4:
	{21}
You may want to ignore posterior probabilities and other statistics related to the following branch branch because the effective number of genes impacting it is only 4:
	{18}
You may want to ignore posterior probabilities and other statistics related to the following branch branch because the effective number of genes impacting it is only 4:
	{11}
You may want to ignore posterior probabilities and other statistics related to the following branch branch because the effective number of genes impacting it is only 1:
	{22}
You may want to ignore posterior probabilities and other statistics related to the following branch branch because the effective number of genes impacting it is only 3:
	{14}
You may want to ignore posterior probabilities and other statistics related to the following branch branch because the effective number of genes impacting it is only 3:
	{20}
You may want to ignore posterior probabilities and other statistics related to the following branch branch because the effective number of genes impacting it is only 19:
	{14, 20}
You may want to ignore posterior probabilities and other statistics related to the following branch branch because the effective number of genes impacting it is only 19:
	{14, 22, 20}
You may want to ignore posterior probabilities and other statistics related to the following branch branch because the effective number of genes impacting it is only 2:
	{9}
You may want to ignore posterior probabilities and other statistics related to the following branch branch because the effective number of genes impacting it is only 1:
	{3}
You may want to ignore posterior probabilities and other statistics related to the following branch branch because the effective number of genes impacting it is only 2:
	{1}
You may want to ignore posterior probabilities and other statistics related to the following branch branch because the effective number of genes impacting it is only 2:
	{5}
You may want to ignore posterior probabilities and other statistics related to the following branch branch because the effective number of genes impacting it is only 4:
	{2}
You may want to ignore posterior probabilities and other statistics related to the following branch branch because the effective number of genes impacting it is only 3:
	{10}
You may want to ignore posterior probabilities and other statistics related to the following branch branch because the effective number of genes impacting it is only 4:
	{7}
You may want to ignore posterior probabilities and other statistics related to the following branch branch because the effective number of genes impacting it is only 2:
	{6}
You may want to ignore posterior probabilities and other statistics related to the following branch branch because the effective number of genes impacting it is only 2:
	{8}
You may want to ignore posterior probabilities and other statistics related to the following branch branch because the effective number of genes impacting it is only 2:
	{4}
((16_1,16_3,16_2)0.17:0.0,((12_3,12_2,12_1)0.26:0.0,(((23_3,23_2,23_1)0.14:0.0,((19_3,19_2,19_1)0.19:0.0,((17_2,17_1)0.12:0.0,(24_3,24_2,24_1)0.12:0.0)1:1.2450233423724553)0.37:0.038593676285302345)0.55:0.10723946398438935,((13_2,13_1)0.09:0.0,(((15_2,15_1)0.11:0.0,((25_2,25_1)0.11:0.0,((21_2,21_1)0.26:0.0,((18_2,18_1)0.12:0.0,(11_2,11_1)0.12:0.0)1:0.9313498638456065)0.19:0.0)0.96:0.37702014589924254)1:0.9007865453381897,(((22_3,22_2,22_1)0.26:0.0,((14_2,14_1)0.13:0.0,(20_2,20_1)0.33:0.0)1:1.2039728043259361)1:0.7184649885442354,(((9_1,9_2,9_3)0.9:0.7985076962177718,((3_1,3_2)0.67:0.2876820724517809,((1_1,1_2,1_3)0.41:0.0,((5_1,5_2)0.46:0.0,(2_1,2_2)0.85:0.5108256237659905)1:0.60406256646764)1:0.8611657521635687)0.71:0.17115959412858434)1:1.3640437521850703,(((10_2,10_1)0.14:0.0,(7_1,7_2)0.16:0.0)1:1.7144677949264093,((6_1,6_2)0.24:0.0,((8_1,8_2)0.17:0.0,(4_1,4_2)0.17:0.0)1:2.0483106230846633)0.29:0.0)0.87:0.2549315519130671)1:0.9658950294435988)1:1.3939241264957916)1:0.8861780518144442)0.86:0.2460133310140319)0.46:0.052008306377927346));
Weight calculation took 0.045623179 secs
ASTRAL finished in 1.783 secs
