
================== ASTRAL ===================== 

This is ASTRAL version 5.6.3
Gene trees are treated as unrooted
143 trees read from g_trees-raxml-sqlen-0-ngen-100.trees.tree
All output trees will be *arbitrarily* rooted at 9

======== Running the main analysis
Number of taxa: 25 (25 species)
Taxa: [9, 2, 5, 1, 6, 8, 4, 7, 10, 21, 25, 11, 18, 15, 13, 19, 17, 24, 16, 12, 20, 14, 22, 3, 23]
Taxon occupancy: {22=126, 23=128, 24=130, 25=135, 10=125, 11=135, 12=130, 13=131, 14=118, 15=133, 16=128, 17=129, 18=135, 19=127, 1=126, 2=125, 3=129, 4=125, 5=126, 6=131, 7=122, 8=125, 9=131, 20=116, 21=132}
Number of gene trees: 143
109 trees have missing taxa
Calculating quartet distance matrix (for completion of X)
Species tree distances calculated ...
Will attempt to complete bipartitions from X before adding using a distance matrix.
Building set of clusters (X) from gene trees 
------------------------------
gradient0: 95
Number of Clusters after addition by distance: 95
calculating extra bipartitions to be added at level 1 ...
Adding to X using resolutions of greedy consensus ...
Limit for sigma of degrees:675
polytomy size limit : 3
discarded polytomies:  []
Threshold 0.0:
Threshold 0.01:
Threshold 0.02:
Threshold 0.05:
Threshold 0.1:
Threshold 0.2:
Threshold 0.3333333333333333:
max k is :0
Number of Clusters after addition by greedy: 95
gradient0 in heuristiic: 95
partitions formed in 0.159 secs
Dynamic Programming starting after 0.159 secs
Using tree-based weight calculation.
Using polytree-based weight calculation.
Polytree max score: 1240018
Polytree building time: 0.02 seconds.
Number of quartet trees in the gene trees: 1240018
Size of largest cluster: 25
Greedy score: 1240018
estimationFactor: 1.0
Sub-optimal score: 1240018
Total Number of elements weighted: 79
Normalized score (portion of input quartet trees satisfied before correcting for multiple individuals): 1.0
Optimization score: 1240018
Optimal tree inferred in 0.244 secs.
(20,(14,(22,((((7,10),(6,(8,4))),(9,(3,(1,(2,5))))),((15,(21,(25,(11,18)))),(13,((16,12),(23,(19,(17,24))))))))));
Final quartet score is: 1240018
Final normalized quartet score is: 1.0
(9,((3,(1,(2,5)1:4.365219516357503)1:4.382026634673885)1:4.39032543748858,(((7,10)1:4.373658385003369,(6,(8,4)1:4.373658385003369)1:4.257973986003903)1:4.398555936625091,(((15,(21,(25,(11,18)1:4.507189777627891)1:4.484884020113582)1:4.469732215092986)1:4.438721978350428,(13,((16,12)1:4.438721978350428,(23,(19,(17,24)1:4.422848629194136)1:4.398555936625091)1:4.454347296253506)1:4.469732215092986)1:4.430816798843317)1:4.398555936625091,(22,(14,20)1:4.257973986003903)1:4.238925791033211)1:4.446565155811453)1:4.446565155811453));
Weight calculation took 0.020845795 secs
ASTRAL finished in 0.551 secs
