
================== ASTRAL ===================== 

This is ASTRAL version 5.6.3
Gene trees are treated as unrooted
1086 trees read from g_trees-raxml-sqlen-100-ngen-500.trees.tree
All output trees will be *arbitrarily* rooted at 22

======== Running the main analysis
Number of taxa: 25 (25 species)
Taxa: [22, 20, 14, 7, 10, 8, 4, 13, 21, 25, 18, 11, 15, 6, 16, 17, 5, 2, 1, 9, 24, 12, 19, 3, 23]
Taxon occupancy: {22=906, 23=906, 24=929, 25=917, 10=852, 11=918, 12=901, 13=906, 14=868, 15=931, 16=895, 17=930, 18=930, 19=933, 1=825, 2=852, 3=869, 4=844, 5=850, 6=883, 7=854, 8=842, 9=885, 20=867, 21=917}
Number of gene trees: 1086
956 trees have missing taxa
Calculating quartet distance matrix (for completion of X)
Species tree distances calculated ...
Will attempt to complete bipartitions from X before adding using a distance matrix.
Building set of clusters (X) from gene trees 
------------------------------
gradient0: 1163
Number of Clusters after addition by distance: 1163
calculating extra bipartitions to be added at level 1 ...
Adding to X using resolutions of greedy consensus ...
Limit for sigma of degrees:675
polytomy size limit : 3
discarded polytomies:  [3]
Threshold 0.0:
Threshold 0.01:
Threshold 0.02:
Threshold 0.05:
Threshold 0.1:
Threshold 0.2:
Threshold 0.3333333333333333:
polytomy of size 3; rounds with additions with at least 5 support: 0; clusters: 1163
max k is :0
Number of Clusters after addition by greedy: 1163
gradient0 in heuristiic: 1163
partitions formed in 0.705 secs
Dynamic Programming starting after 0.705 secs
Using tree-based weight calculation.
Using polytree-based weight calculation.
Polytree max score: 6884665
Polytree building time: 0.171 seconds.
Number of quartet trees in the gene trees: 6884665
Size of largest cluster: 25
Greedy score: 5992319
estimationFactor: 1.148914969313216
Sub-optimal score: 6026852
Total Number of elements weighted: 3667
Normalized score (portion of input quartet trees satisfied before correcting for multiple individuals): 0.8766984304973444
Optimization score: 6035775
Optimal tree inferred in 2.816 secs.
(10,(7,((6,(8,4)),((9,(3,(1,(5,2)))),((22,(20,14)),((15,(21,(25,(18,11)))),(13,((16,12),(23,(19,(17,24)))))))))));
Final quartet score is: 6035775
Final normalized quartet score is: 0.8766984304973444
(22,((20,14)1:2.440432611888336,(((15,(21,(25,(18,11)1:0.6733840769195838)1:0.29967682203665724)1:0.18625594960231875)1:1.8321634051330755,(13,((16,12)0.99:0.07382101252804804,(23,(19,(17,24)1:1.8753044180833667)1:0.37334708082350176)1:0.09167136345506303)1:0.2803489808432423)1:1.3669847419813355)1:1.4129325786229154,((9,(3,(1,(5,2)1:1.0740656569559883)1:1.1661439389963857)1:0.32708144465343086)1:1.7287368658655229,((6,(8,4)1:3.8913833306577366)1:0.16729026933859853,(7,10)1:2.343180329801288)1:0.3630468530643893)1:1.5183735783476928)1:1.052074373022216));
Weight calculation took 1.856413113 secs
ASTRAL finished in 3.155 secs
