
================== ASTRAL ===================== 

This is ASTRAL version 5.6.3
Gene trees are treated as unrooted
1085 trees read from g_trees-raxml-sqlen-50-ngen-500.trees.tree
All output trees will be *arbitrarily* rooted at 14

======== Running the main analysis
Number of taxa: 25 (25 species)
Taxa: [14, 20, 17, 5, 2, 1, 9, 11, 18, 21, 15, 25, 16, 13, 7, 6, 22, 24, 4, 8, 12, 10, 19, 3, 23]
Taxon occupancy: {22=867, 23=898, 24=891, 25=891, 10=841, 11=890, 12=891, 13=902, 14=856, 15=885, 16=887, 17=896, 18=899, 19=894, 1=837, 2=857, 3=825, 4=844, 5=834, 6=859, 7=826, 8=836, 9=841, 20=870, 21=894}
Number of gene trees: 1085
981 trees have missing taxa
Calculating quartet distance matrix (for completion of X)
Species tree distances calculated ...
Will attempt to complete bipartitions from X before adding using a distance matrix.
Building set of clusters (X) from gene trees 
------------------------------
gradient0: 1989
Number of Clusters after addition by distance: 1989
calculating extra bipartitions to be added at level 1 ...
Adding to X using resolutions of greedy consensus ...
Limit for sigma of degrees:675
polytomy size limit : 3
discarded polytomies:  [3, 3]
Threshold 0.0:
Threshold 0.01:
Threshold 0.02:
Threshold 0.05:
Threshold 0.1:
Threshold 0.2:
Threshold 0.3333333333333333:
polytomy of size 3; rounds with additions with at least 5 support: 0; clusters: 1989
polytomy of size 3; rounds with additions with at least 5 support: 0; clusters: 1989
max k is :0
Number of Clusters after addition by greedy: 1989
gradient0 in heuristiic: 1989
partitions formed in 0.895 secs
Dynamic Programming starting after 0.895 secs
Using tree-based weight calculation.
Using polytree-based weight calculation.
Polytree max score: 6410874
Polytree building time: 0.212 seconds.
Number of quartet trees in the gene trees: 6410874
Size of largest cluster: 25
Greedy score: 4919342
estimationFactor: 1.3031974601481255
Sub-optimal score: 5120231
Total Number of elements weighted: 8777
Normalized score (portion of input quartet trees satisfied before correcting for multiple individuals): 0.8102071574016273
Optimization score: 5194136
Optimal tree inferred in 6.004 secs.
(2,(5,(1,(3,(9,(((7,10),(6,(4,8))),((22,(14,20)),((15,(21,(25,(11,18)))),(13,((16,12),(23,(19,(17,24)))))))))))));
Final quartet score is: 5194136
Final normalized quartet score is: 0.8102071574016273
(14,(20,(22,(((15,(21,(25,(11,18)1:0.45909974230799794)1:0.20280052957464892)0.98:0.0655804514237534)1:1.3999591452912876,(13,((16,12)1:0.11078061519931759,(23,(19,(17,24)1:1.5934597766546847)1:0.20915070869287003)0.91:0.07358550761218648)1:0.25891305090898376)1:0.7945337711372479)1:1.0891162775208119,(((7,10)1:1.209932664892564,(6,(4,8)1:4.039913044835792)0.94:0.06924917146022469)1:0.2751264874661015,(9,(3,(1,(5,2)1:0.646495520802929)1:0.6772909928353695)1:0.20129372022426043)1:1.2638535120885683)1:0.7477974066216809)1:0.6015934800802988)1:1.7619967421733194));
Weight calculation took 4.763732267 secs
ASTRAL finished in 6.52 secs
