
================== ASTRAL ===================== 

This is ASTRAL version 5.6.3
Gene trees are treated as unrooted
924 trees read from g_trees-raxml-sqlen-250-ngen-500.trees.tree
All output trees will be *arbitrarily* rooted at 22

======== Running the main analysis
Number of taxa: 25 (25 species)
Taxa: [22, 20, 14, 10, 7, 6, 5, 2, 1, 9, 4, 8, 16, 25, 18, 11, 21, 15, 12, 24, 17, 13, 19, 3, 23]
Taxon occupancy: {22=779, 23=802, 24=802, 25=807, 10=755, 11=800, 12=805, 13=813, 14=762, 15=805, 16=798, 17=797, 18=813, 19=806, 1=757, 2=778, 3=790, 4=770, 5=779, 6=768, 7=759, 8=765, 9=792, 20=770, 21=801}
Number of gene trees: 924
766 trees have missing taxa
Calculating quartet distance matrix (for completion of X)
Species tree distances calculated ...
Will attempt to complete bipartitions from X before adding using a distance matrix.
Building set of clusters (X) from gene trees 
------------------------------
gradient0: 623
Number of Clusters after addition by distance: 623
calculating extra bipartitions to be added at level 1 ...
Adding to X using resolutions of greedy consensus ...
Limit for sigma of degrees:675
polytomy size limit : 3
discarded polytomies:  []
Threshold 0.0:
Threshold 0.01:
Threshold 0.02:
Threshold 0.05:
Threshold 0.1:
Threshold 0.2:
Threshold 0.3333333333333333:
max k is :0
Number of Clusters after addition by greedy: 623
gradient0 in heuristiic: 623
partitions formed in 0.486 secs
Dynamic Programming starting after 0.486 secs
Using tree-based weight calculation.
Using polytree-based weight calculation.
Polytree max score: 6748243
Polytree building time: 0.141 seconds.
Number of quartet trees in the gene trees: 6748243
Size of largest cluster: 25
Greedy score: 6321566
estimationFactor: 1.0674954591947627
Sub-optimal score: 6345144
Total Number of elements weighted: 1026
Normalized score (portion of input quartet trees satisfied before correcting for multiple individuals): 0.9402660811117798
Optimization score: 6345144
Optimal tree inferred in 1.184 secs.
(7,(10,((6,(4,8)),((9,(3,(1,(5,2)))),((22,(20,14)),((15,(21,(25,(18,11)))),(13,((16,12),(23,(19,(24,17)))))))))));
Final quartet score is: 6345144
Final normalized quartet score is: 0.9402660811117798
(22,((20,14)1:4.234859276038859,(((15,(21,(25,(18,11)1:1.3235587612909656)1:0.5734162099597343)1:0.3759750890857251)1:2.6067954842748793,(13,((16,12)1:0.14162834461109075,(23,(19,(24,17)1:3.0751327882821387)1:0.8711960502871525)1:0.3555440225762783)1:0.4494946664379275)1:2.2022807798184805)1:2.949790236935282,((9,(3,(1,(5,2)1:1.8808052642953974)1:2.281960324221788)1:0.6535249104051581)1:3.22138831559946,((6,(4,8)1:3.4597657358132228)1:0.66185712452017,(10,7)1:3.5046494423207006)1:0.8313151558805943)1:2.3580349808759373)1:1.777598268070901));
Weight calculation took 0.481726444 secs
ASTRAL finished in 1.501 secs
