
================== ASTRAL ===================== 

This is ASTRAL version 5.6.3
Gene trees are treated as unrooted
180 trees read from g_trees-raxml-sqlen-25-ngen-100.trees.tree
All output trees will be *arbitrarily* rooted at 2

======== Running the main analysis
Number of taxa: 25 (25 species)
Taxa: [2, 5, 9, 1, 18, 21, 25, 15, 11, 7, 20, 14, 22, 6, 12, 4, 8, 13, 24, 17, 10, 16, 19, 23, 3]
Taxon occupancy: {22=143, 23=139, 24=145, 25=150, 10=132, 11=152, 12=141, 13=145, 14=152, 15=153, 16=146, 17=145, 18=151, 19=133, 1=121, 2=127, 3=132, 4=127, 5=129, 6=127, 7=127, 8=127, 9=140, 20=151, 21=148}
Number of gene trees: 180
165 trees have missing taxa
Calculating quartet distance matrix (for completion of X)
Species tree distances calculated ...
Will attempt to complete bipartitions from X before adding using a distance matrix.
Building set of clusters (X) from gene trees 
------------------------------
gradient0: 1187
Number of Clusters after addition by distance: 1187
calculating extra bipartitions to be added at level 1 ...
Adding to X using resolutions of greedy consensus ...
Limit for sigma of degrees:675
polytomy size limit : 5
discarded polytomies:  [3, 5]
Threshold 0.0:
Threshold 0.01:
Threshold 0.02:
Threshold 0.05:
Threshold 0.1:
Threshold 0.2:
Threshold 0.3333333333333333:
polytomy of size 3; rounds with additions with at least 5 support: 0; clusters: 1187
polytomy of size 5; rounds with additions with at least 5 support: 0; clusters: 1187
max k is :0
Number of Clusters after addition by greedy: 1187
gradient0 in heuristiic: 1187
partitions formed in 0.39 secs
Dynamic Programming starting after 0.391 secs
Using tree-based weight calculation.
Using polytree-based weight calculation.
Polytree max score: 963517
Polytree building time: 0.033 seconds.
Number of quartet trees in the gene trees: 963517
Size of largest cluster: 25
Greedy score: 603417
estimationFactor: 1.5967680724938145
Sub-optimal score: 673147
Total Number of elements weighted: 3409
Normalized score (portion of input quartet trees satisfied before correcting for multiple individuals): 0.7406833506829666
Optimization score: 713661
Optimal tree inferred in 0.943 secs.
(10,(7,(6,((4,8),((3,(9,(1,(2,5)))),((22,(20,14)),((15,(25,(21,(18,11)))),(13,((16,(12,23)),(19,(24,17)))))))))));
Final quartet score is: 713661
Final normalized quartet score is: 0.7406833506829666
(2,(5,(1,(9,(3,(((22,(20,14)1:0.8032266649193864)1:0.2727060994724981,((15,(25,(21,(18,11)1:0.3997470062689162)0.7:0.06340014164428441)0.94:0.13427509019172185)1:1.1147464711111137,(13,((16,(12,23)0.36:0.009662985875345524)0.77:0.07952251180883957,(19,(24,17)1:1.4056847128770382)0.99:0.19013867289042413)0.98:0.1635619263148734)1:0.5431653037182432)1:0.8524297507384275)1:0.32235626363868614,((4,8)1:3.7102706440952513,(6,(7,10)1:1.4907462936895828)0.97:0.21545258253288915)0.68:0.10791221679331287)1:0.9157870708538755)0.4:0.012698964465110677)1:0.43464637944623513)1:0.33629953816219554));
Weight calculation took 0.441627535 secs
ASTRAL finished in 1.102 secs
