
================== ASTRAL ===================== 

This is ASTRAL version 5.6.3
Gene trees are treated as unrooted
168 trees read from g_trees-raxml-sqlen-250-ngen-100.trees.tree
All output trees will be *arbitrarily* rooted at 22

======== Running the main analysis
Number of taxa: 25 (25 species)
Taxa: [22, 20, 14, 10, 7, 6, 5, 2, 1, 9, 4, 8, 16, 25, 18, 11, 21, 15, 12, 24, 17, 13, 19, 3, 23]
Taxon occupancy: {22=146, 23=151, 24=150, 25=157, 10=137, 11=156, 12=152, 13=153, 14=140, 15=155, 16=150, 17=149, 18=156, 19=145, 1=139, 2=136, 3=145, 4=143, 5=134, 6=143, 7=130, 8=143, 9=150, 20=139, 21=151}
Number of gene trees: 168
137 trees have missing taxa
Calculating quartet distance matrix (for completion of X)
Species tree distances calculated ...
Will attempt to complete bipartitions from X before adding using a distance matrix.
Building set of clusters (X) from gene trees 
------------------------------
gradient0: 369
Number of Clusters after addition by distance: 369
calculating extra bipartitions to be added at level 1 ...
Adding to X using resolutions of greedy consensus ...
Limit for sigma of degrees:675
polytomy size limit : 3
discarded polytomies:  [3]
Threshold 0.0:
Threshold 0.01:
Threshold 0.02:
Threshold 0.05:
Threshold 0.1:
Threshold 0.2:
Threshold 0.3333333333333333:
polytomy of size 3; rounds with additions with at least 5 support: 0; clusters: 369
max k is :0
Number of Clusters after addition by greedy: 369
gradient0 in heuristiic: 369
partitions formed in 0.22 secs
Dynamic Programming starting after 0.22 secs
Using tree-based weight calculation.
Using polytree-based weight calculation.
Polytree max score: 1312652
Polytree building time: 0.03 seconds.
Number of quartet trees in the gene trees: 1312652
Size of largest cluster: 25
Greedy score: 1228671
estimationFactor: 1.068351088289705
Sub-optimal score: 1232475
Total Number of elements weighted: 557
Normalized score (portion of input quartet trees satisfied before correcting for multiple individuals): 0.939300743837666
Optimization score: 1232975
Optimal tree inferred in 0.389 secs.
(7,(10,((6,(4,8)),((9,(3,(1,(5,2)))),((22,(20,14)),((15,(21,(25,(18,11)))),(13,((16,12),(23,(19,(24,17)))))))))));
Final quartet score is: 1232975
Final normalized quartet score is: 0.939300743837666
(22,((20,14)1:4.430816798843317,(((15,(21,(25,(18,11)1:1.85619955907456)1:0.42570449603552046)1:0.5043650567630469)1:2.6657540565835025,(13,((16,12)0.64:0.051451401853121734,(23,(19,(24,17)1:3.7766550649963255)1:0.9629769012248017)1:0.3895734362170741)1:0.49594622690877826)1:1.502516116209322)1:2.730029107820986,((9,(3,(1,(5,2)1:2.3250845619317606)1:2.9558710002375044)1:0.6347364184035308)1:3.3564394810206584,((6,(4,8)1:3.363457053679307)1:0.6378486602333084,(10,7)1:3.332204510175203)1:0.8118634873993271)1:2.633406658106447)1:1.3151180826519955));
Weight calculation took 0.09605579 secs
ASTRAL finished in 0.765 secs
