
================== ASTRAL ===================== 

This is ASTRAL version 5.6.3
Gene trees are treated as unrooted
68 trees read from g_trees-raxml-sqlen-50-ngen-25.trees.tree
All output trees will be *arbitrarily* rooted at 14

======== Running the main analysis
Number of taxa: 25 (25 species)
Taxa: [14, 20, 17, 5, 2, 1, 9, 11, 18, 21, 15, 25, 16, 13, 7, 6, 22, 24, 4, 8, 12, 10, 19, 3, 23]
Taxon occupancy: {22=60, 23=47, 24=48, 25=44, 10=51, 11=44, 12=47, 13=54, 14=58, 15=44, 16=49, 17=47, 18=44, 19=43, 1=58, 2=59, 3=54, 4=59, 5=52, 6=63, 7=50, 8=59, 9=58, 20=57, 21=42}
Number of gene trees: 68
60 trees have missing taxa
Calculating quartet distance matrix (for completion of X)
Species tree distances calculated ...
Will attempt to complete bipartitions from X before adding using a distance matrix.
Building set of clusters (X) from gene trees 
------------------------------
gradient0: 449
Number of Clusters after addition by distance: 449
calculating extra bipartitions to be added at level 1 ...
Adding to X using resolutions of greedy consensus ...
Limit for sigma of degrees:675
polytomy size limit : 3
discarded polytomies:  [3, 3, 3]
Threshold 0.0:
Threshold 0.01:
Threshold 0.02:
Threshold 0.05:
Threshold 0.1:
Threshold 0.2:
Threshold 0.3333333333333333:
polytomy of size 3; rounds with additions with at least 5 support: 0; clusters: 449
polytomy of size 3; rounds with additions with at least 5 support: 0; clusters: 449
polytomy of size 3; rounds with additions with at least 5 support: 0; clusters: 449
max k is :0
Number of Clusters after addition by greedy: 449
gradient0 in heuristiic: 449
partitions formed in 0.227 secs
Dynamic Programming starting after 0.227 secs
Using tree-based weight calculation.
Using polytree-based weight calculation.
Polytree max score: 352926
Polytree building time: 0.018 seconds.
Number of quartet trees in the gene trees: 352926
Size of largest cluster: 25
Greedy score: 268514
estimationFactor: 1.314367221075996
Sub-optimal score: 279693
Total Number of elements weighted: 807
Normalized score (portion of input quartet trees satisfied before correcting for multiple individuals): 0.7996690524359215
Optimization score: 282224
Optimal tree inferred in 0.369 secs.
(2,(5,(1,((9,3),((4,8),((6,(7,10)),((22,(14,20)),((15,(21,(25,(11,18)))),((19,(17,24)),(13,(23,(16,12))))))))))));
Final quartet score is: 282224
Final normalized quartet score is: 0.7996690524359215
(14,(20,(22,(((15,(21,(25,(11,18)1:0.6419820810171892)0.78:0.1584254000834244)0.85:0.17978722638909542)1:1.2707629674235146,((19,(17,24)1:1.7572731636752104)0.23:0.0,(13,(23,(16,12)0.99:0.3204185409629646)0.5:0.06423099240751703)0.98:0.3069292984562609)1:1.3245323088141765)1:0.5888170959461102,((6,(7,10)1:2.1332956569290604)0.68:0.10212636018678292,((4,8)1:3.6375861597263826,((9,3)0.64:0.08767177974258311,(1,(5,2)1:1.0091879969267128)1:0.49823440105422034)1:1.8737330521877271)0.33:0.06755727516614696)1:0.7787040835538102)1:1.1183600289628892)1:2.1972245773362196));
Weight calculation took 0.071474709 secs
ASTRAL finished in 1.622 secs
