
================== ASTRAL ===================== 

This is ASTRAL version 5.6.3
Gene trees are treated as unrooted
56 trees read from g_trees-raxml-sqlen-25-ngen-25.trees.tree
All output trees will be *arbitrarily* rooted at 2

======== Running the main analysis
Number of taxa: 25 (25 species)
Taxa: [2, 5, 9, 1, 18, 21, 25, 15, 11, 7, 20, 14, 22, 6, 12, 4, 8, 13, 24, 17, 10, 16, 19, 23, 3]
Taxon occupancy: {22=48, 23=37, 24=41, 25=43, 10=47, 11=43, 12=39, 13=43, 14=44, 15=43, 16=42, 17=41, 18=43, 19=35, 1=37, 2=43, 3=41, 4=42, 5=40, 6=38, 7=45, 8=42, 9=46, 20=44, 21=41}
Number of gene trees: 56
52 trees have missing taxa
Calculating quartet distance matrix (for completion of X)
Species tree distances calculated ...
Will attempt to complete bipartitions from X before adding using a distance matrix.
Building set of clusters (X) from gene trees 
------------------------------
gradient0: 591
Number of Clusters after addition by distance: 591
calculating extra bipartitions to be added at level 1 ...
Adding to X using resolutions of greedy consensus ...
Limit for sigma of degrees:675
polytomy size limit : 5
discarded polytomies:  [3, 3, 3, 5]
Threshold 0.0:
Threshold 0.01:
Threshold 0.02:
Threshold 0.05:
Threshold 0.1:
Threshold 0.2:
polytomy of size 3; rounds with additions with at least 5 support: 0; clusters: 591
Threshold 0.3333333333333333:
polytomy of size 3; rounds with additions with at least 5 support: 0; clusters: 591
polytomy of size 3; rounds with additions with at least 5 support: 0; clusters: 591
polytomy of size 5; rounds with additions with at least 5 support: 0; clusters: 591
max k is :0
Number of Clusters after addition by greedy: 591
gradient0 in heuristiic: 591
partitions formed in 0.274 secs
Dynamic Programming starting after 0.274 secs
Using tree-based weight calculation.
Using polytree-based weight calculation.
Polytree max score: 272306
Polytree building time: 0.02 seconds.
Number of quartet trees in the gene trees: 272306
Size of largest cluster: 25
Greedy score: 179621
estimationFactor: 1.5160031399446612
Sub-optimal score: 188778
Total Number of elements weighted: 1178
Normalized score (portion of input quartet trees satisfied before correcting for multiple individuals): 0.7171050215566311
Optimization score: 195272
Optimal tree inferred in 0.467 secs.
(10,(7,((22,(20,14)),((6,(4,8)),((3,(9,(1,(2,5)))),(((21,15),(25,(18,11))),((24,17),((12,19),(16,(13,23))))))))));
Final quartet score is: 195272
Final normalized quartet score is: 0.7171050215566311
(2,(5,(1,(9,(3,((((21,15)0.89:0.2450172246088752,(25,(18,11)1:0.48627018065706457)0.55:0.06729982361192574)1:0.9753604676560131,((24,17)1:1.5664334273304152,((12,19)0.5:0.05664737740765414,(16,(13,23)0.59:0.08577731411633534)0.71:0.14126698278929298)0.93:0.24812844083918986)1:0.5598634554631816)1:0.8593962141833019,((6,(4,8)1:3.0285220963769826)0.53:0.07686965198071809,((22,(20,14)0.99:0.3950389358258504)0.99:0.35653887005581264,(7,10)1:1.0359401640888661)1:0.4520120307010178)0.93:0.22404666815827282)1:0.7327381713167516)0.55:0.093667636130757)0.55:0.13523225930567068)0.7:0.14660366263292052));
Weight calculation took 0.123883765 secs
ASTRAL finished in 1.42 secs
