
================== ASTRAL ===================== 

This is ASTRAL version 5.6.3
Gene trees are treated as unrooted
210 trees read from g_trees-raxml-sqlen-50-ngen-100.trees.tree
All output trees will be *arbitrarily* rooted at 14

======== Running the main analysis
Number of taxa: 25 (25 species)
Taxa: [14, 20, 17, 5, 2, 1, 9, 11, 18, 21, 15, 25, 16, 13, 7, 6, 22, 24, 4, 8, 12, 10, 19, 3, 23]
Taxon occupancy: {22=161, 23=159, 24=165, 25=175, 10=158, 11=171, 12=156, 13=171, 14=176, 15=174, 16=163, 17=164, 18=171, 19=154, 1=158, 2=158, 3=161, 4=169, 5=154, 6=171, 7=154, 8=168, 9=168, 20=172, 21=168}
Number of gene trees: 210
193 trees have missing taxa
Calculating quartet distance matrix (for completion of X)
Species tree distances calculated ...
Will attempt to complete bipartitions from X before adding using a distance matrix.
Building set of clusters (X) from gene trees 
------------------------------
gradient0: 921
Number of Clusters after addition by distance: 921
calculating extra bipartitions to be added at level 1 ...
Adding to X using resolutions of greedy consensus ...
Limit for sigma of degrees:675
polytomy size limit : 4
discarded polytomies:  [3, 4]
Threshold 0.0:
Threshold 0.01:
Threshold 0.02:
Threshold 0.05:
Threshold 0.1:
Threshold 0.2:
Threshold 0.3333333333333333:
polytomy of size 3; rounds with additions with at least 5 support: 0; clusters: 921
polytomy of size 4; rounds with additions with at least 5 support: 0; clusters: 921
max k is :0
Number of Clusters after addition by greedy: 921
gradient0 in heuristiic: 921
partitions formed in 0.404 secs
Dynamic Programming starting after 0.404 secs
Using tree-based weight calculation.
Using polytree-based weight calculation.
Polytree max score: 1166572
Polytree building time: 0.04 seconds.
Number of quartet trees in the gene trees: 1166572
Size of largest cluster: 25
Greedy score: 872630
estimationFactor: 1.3368460859699987
Sub-optimal score: 889549
Total Number of elements weighted: 2404
Normalized score (portion of input quartet trees satisfied before correcting for multiple individuals): 0.7943350260421131
Optimization score: 926649
Optimal tree inferred in 0.93 secs.
(12,(16,(23,((19,(17,24)),(13,(((21,15),(25,(11,18))),((22,(14,20)),((9,(3,(1,(5,2)))),((7,10),(6,(4,8)))))))))));
Final quartet score is: 926649
Final normalized quartet score is: 0.7943350260421131
(14,(20,(22,(((9,(3,(1,(5,2)1:0.8314976210896827)1:0.6305711053105985)0.21:0.042486661224567894)1:0.7284966868356569,((7,10)1:1.6707166562791718,(6,(4,8)1:3.2901483781871206)1:0.3185250641387551)0.98:0.15963649716648343)1:0.9628802504175491,(((21,15)0.53:0.033298104845825245,(25,(11,18)1:0.6165642811310267)1:0.26663227454292376)1:1.4746981074290795,(13,((19,(17,24)1:2.0826854458147324)1:0.2630072641723419,(23,(16,12)0.73:0.07045824438553171)0.96:0.16941658086993014)0.97:0.17298773651674096)1:0.5556398736966699)1:0.6433339495554304)1:0.5427632321174508)1:1.6709211240037052));
Weight calculation took 0.403589632 secs
ASTRAL finished in 1.282 secs
