
================== ASTRAL ===================== 

This is ASTRAL version 5.6.3
Gene trees are treated as unrooted
133 trees read from g_trees-raxml-sqlen-50-ngen-50.trees.tree
All output trees will be *arbitrarily* rooted at 14

======== Running the main analysis
Number of taxa: 25 (25 species)
Taxa: [14, 20, 17, 5, 2, 1, 9, 11, 18, 21, 15, 25, 16, 13, 7, 6, 22, 24, 4, 8, 12, 10, 19, 3, 23]
Taxon occupancy: {22=96, 23=103, 24=104, 25=106, 10=102, 11=102, 12=100, 13=110, 14=110, 15=106, 16=104, 17=103, 18=102, 19=99, 1=105, 2=107, 3=107, 4=108, 5=99, 6=107, 7=99, 8=108, 9=111, 20=106, 21=100}
Number of gene trees: 133
122 trees have missing taxa
Calculating quartet distance matrix (for completion of X)
Species tree distances calculated ...
Will attempt to complete bipartitions from X before adding using a distance matrix.
Building set of clusters (X) from gene trees 
------------------------------
gradient0: 673
Number of Clusters after addition by distance: 673
calculating extra bipartitions to be added at level 1 ...
Adding to X using resolutions of greedy consensus ...
Limit for sigma of degrees:675
polytomy size limit : 4
discarded polytomies:  [4]
Threshold 0.0:
Threshold 0.01:
Threshold 0.02:
Threshold 0.05:
Threshold 0.1:
Threshold 0.2:
Threshold 0.3333333333333333:
polytomy of size 4; rounds with additions with at least 5 support: 0; clusters: 673
max k is :0
Number of Clusters after addition by greedy: 673
gradient0 in heuristiic: 673
partitions formed in 0.251 secs
Dynamic Programming starting after 0.251 secs
Using tree-based weight calculation.
Using polytree-based weight calculation.
Polytree max score: 737887
Polytree building time: 0.025 seconds.
Number of quartet trees in the gene trees: 737887
Size of largest cluster: 25
Greedy score: 548363
estimationFactor: 1.3456177750869407
Sub-optimal score: 567671
Total Number of elements weighted: 1518
Normalized score (portion of input quartet trees satisfied before correcting for multiple individuals): 0.7890747499278344
Optimization score: 582248
Optimal tree inferred in 0.499 secs.
(2,(5,(1,(3,(9,((4,8),((6,(7,10)),((22,(14,20)),(((21,15),(25,(11,18))),(13,(16,((12,23),(19,(17,24))))))))))))));
Final quartet score is: 582248
Final normalized quartet score is: 0.7890747499278344
(14,(20,(22,((((21,15)0.67:0.06849565699824442,(25,(11,18)1:0.39228382778952103)1:0.28385942546239745)1:1.5169706978244046,(13,(16,((12,23)0.99:0.25811117892731933,(19,(17,24)1:1.9203492918442844)0.74:0.1510061184242028)0.26:0.0700735904545054)0.94:0.16355596366489122)1:0.4597264854836078)1:0.5431718721431684,((6,(7,10)1:1.059724719932461)0.98:0.20811043332742826,((4,8)1:4.114079806343843,(9,(3,(1,(5,2)1:1.1555192107675918)1:0.5302976692415682)0.55:0.06067023607187791)1:0.7124015066522553)0.33:0.009544505753991822)1:0.9794723333416617)1:0.8429507489139095)1:1.7917594692280545));
Weight calculation took 0.161699042 secs
ASTRAL finished in 1.742 secs
