
================== ASTRAL ===================== 

This is ASTRAL version 5.6.3
Gene trees are treated as unrooted
500 trees read from g_trees-raxml-sqlen-50-ngen-500-s2g.trees
All output trees will be *arbitrarily* rooted at 16

======== Running the main analysis
Number of taxa: 25 (25 species)
Taxa: [16, 15, 14, 13, 12, 11, 10, 19, 18, 17, 25, 24, 1, 23, 2, 22, 3, 21, 4, 20, 5, 6, 7, 8, 9]
Taxon occupancy: {16_1=500, 15_1=500, 14_1=500, 13_1=500, 12_1=500, 11_1=500, 10_1=500, 19_1=500, 18_1=500, 17_1=500, 25_1=500, 24_1=500, 1_1=500, 2_1=500, 23_1=500, 22_1=500, 3_1=500, 4_1=500, 21_1=500, 20_1=500, 5_1=500, 6_1=500, 7_1=500, 8_1=500, 9_1=500}
Number of gene trees: 500
0 trees have missing taxa
Calculating quartet distance matrix (for completion of X)
Species tree distances calculated ...
Building set of clusters (X) from gene trees 
------------------------------
gradient0: 2289
Number of Clusters after addition by distance: 2289
calculating extra bipartitions to be added at level 1 ...
Adding to X using resolutions of greedy consensus ...
Limit for sigma of degrees:675
polytomy size limit : 6
discarded polytomies:  [3, 3, 6, 6]
Threshold 0.0:
Threshold 0.01:
Threshold 0.02:
Threshold 0.05:
Threshold 0.1:
Threshold 0.2:
polytomy of size 3; rounds with additions with at least 5 support: 0; clusters: 2289
polytomy of size 3; rounds with additions with at least 5 support: 0; clusters: 2289
Threshold 0.3333333333333333:
polytomy of size 6; rounds with additions with at least 5 support: 0; clusters: 2289
polytomy of size 6; rounds with additions with at least 5 support: 0; clusters: 2289
max k is :0
Number of Clusters after addition by greedy: 2289
gradient0 in heuristiic: 2289
partitions formed in 0.83 secs
Dynamic Programming starting after 0.83 secs
Using tree-based weight calculation.
Using polytree-based weight calculation.
Polytree max score: 6325000
Polytree building time: 0.656 seconds.
Number of quartet trees in the gene trees: 6325000
Size of largest cluster: 25
Greedy score: 4455980
estimationFactor: 1.4194408412964152
Sub-optimal score: 4624314
Total Number of elements weighted: 11231
Normalized score (portion of input quartet trees satisfied before correcting for multiple individuals): 0.7684099604743083
Optimization score: 4860193
Optimal tree inferred in 2.77 secs.
(7,(4,((12,((19,(15,22)),(6,(25,(21,(11,9)))))),((3,(1,2)),(8,(((24,20),(14,18)),((16,13),((10,5),(17,23)))))))));
Final quartet score is: 4860193
Final normalized quartet score is: 0.7684099604743083
(16_1,(13_1,(((10_1,5_1)1:0.715202128569178,(17_1,23_1)1:2.1378587356764265)1:0.179693434387685,(((24_1,20_1)1:0.5919441404059299,(14_1,18_1)1:2.1234527242329206)1:1.532894333549504,(8_1,((3_1,(1_1,2_1)1:2.112086210821112)1:1.915785040033767,((12_1,((19_1,(15_1,22_1)1:0.42248445934635964)1:1.6701561015020638,(6_1,(25_1,(21_1,(11_1,9_1)1:1.7874139979685537)1:1.8003505873603765)1:0.15235588425123509)1:0.4359306703989444)1:0.1587541571263478)0.98:0.08196928431567976,(4_1,7_1)1:2.130229708511943)1:0.9120958290106312)1:0.3778160511707781)1:0.3064750869665887)0.94:0.06886590136151462)1:0.1894537696177241));
Weight calculation took 1.117875695 secs
ASTRAL finished in 3.058 secs
