
================== ASTRAL ===================== 

This is ASTRAL version 5.6.3
Gene trees are treated as unrooted
100 trees read from g_trees-raxml-sqlen-50-ngen-100-s2g.trees
All output trees will be *arbitrarily* rooted at 16

======== Running the main analysis
Number of taxa: 25 (25 species)
Taxa: [16, 15, 14, 13, 12, 11, 10, 19, 18, 17, 25, 24, 1, 23, 2, 22, 3, 21, 4, 20, 5, 6, 7, 8, 9]
Taxon occupancy: {16_1=100, 15_1=100, 14_1=100, 13_1=100, 12_1=100, 11_1=100, 10_1=100, 19_1=100, 18_1=100, 17_1=100, 25_1=100, 24_1=100, 1_1=100, 2_1=100, 23_1=100, 22_1=100, 3_1=100, 4_1=100, 21_1=100, 20_1=100, 5_1=100, 6_1=100, 7_1=100, 8_1=100, 9_1=100}
Number of gene trees: 100
0 trees have missing taxa
Calculating quartet distance matrix (for completion of X)
Species tree distances calculated ...
Building set of clusters (X) from gene trees 
------------------------------
gradient0: 965
Number of Clusters after addition by distance: 965
calculating extra bipartitions to be added at level 1 ...
Adding to X using resolutions of greedy consensus ...
Limit for sigma of degrees:675
polytomy size limit : 6
discarded polytomies:  [3, 6, 6]
Threshold 0.0:
Threshold 0.01:
Threshold 0.02:
Threshold 0.05:
Threshold 0.1:
Threshold 0.2:
polytomy of size 3; rounds with additions with at least 5 support: 0; clusters: 965
Threshold 0.3333333333333333:
polytomy of size 6; rounds with additions with at least 5 support: 0; clusters: 965
polytomy of size 6; rounds with additions with at least 5 support: 0; clusters: 965
max k is :0
Number of Clusters after addition by greedy: 965
gradient0 in heuristiic: 965
partitions formed in 0.387 secs
Dynamic Programming starting after 0.387 secs
Using tree-based weight calculation.
Using polytree-based weight calculation.
Polytree max score: 1265000
Polytree building time: 0.066 seconds.
Number of quartet trees in the gene trees: 1265000
Size of largest cluster: 25
Greedy score: 906919
estimationFactor: 1.394832394072679
Sub-optimal score: 939752
Total Number of elements weighted: 2731
Normalized score (portion of input quartet trees satisfied before correcting for multiple individuals): 0.7726632411067194
Optimization score: 977419
Optimal tree inferred in 0.691 secs.
(7,(4,((12,((19,(15,22)),(6,(25,(21,(11,9)))))),((3,(1,2)),(8,(((24,20),(14,18)),((16,13),((10,5),(17,23)))))))));
Final quartet score is: 977419
Final normalized quartet score is: 0.7726632411067194
(16_1,(13_1,(((10_1,5_1)1:0.7365065735442431,(17_1,23_1)1:1.8292278289751145)0.95:0.15878621190953662,(((24_1,20_1)1:0.6381126613237001,(14_1,18_1)1:1.9735154151472005)1:1.792502319330309,(8_1,((3_1,(1_1,2_1)1:2.250841854841874)1:1.7894709516783698,((12_1,((19_1,(15_1,22_1)1:0.4275340278788929)1:1.40629502782656,(6_1,(25_1,(21_1,(11_1,9_1)1:1.9973929540323343)1:2.378980523255367)0.99:0.22717393965638755)1:0.42758477410211587)0.88:0.14462523417976944)0.77:0.09185302616031861,(4_1,7_1)1:2.032021840874046)1:0.9833994765672726)1:0.3467589876936814)1:0.3525035190403833)0.52:0.03712884323366158)0.98:0.19445848704040974));
Weight calculation took 0.170160155 secs
ASTRAL finished in 0.822 secs
