
================== ASTRAL ===================== 

This is ASTRAL version 5.6.3
Gene trees are treated as unrooted
50 trees read from g_trees-raxml-sqlen-250-ngen-50-s2g.trees
All output trees will be *arbitrarily* rooted at 16

======== Running the main analysis
Number of taxa: 25 (25 species)
Taxa: [16, 15, 14, 13, 12, 11, 10, 19, 18, 17, 25, 24, 1, 23, 2, 22, 3, 21, 4, 20, 5, 6, 7, 8, 9]
Taxon occupancy: {16_1=50, 15_1=50, 14_1=50, 13_1=50, 12_1=50, 11_1=50, 10_1=50, 19_1=50, 18_1=50, 17_1=50, 25_1=50, 24_1=50, 1_1=50, 23_1=50, 2_1=50, 22_1=50, 3_1=50, 21_1=50, 4_1=50, 20_1=50, 5_1=50, 6_1=50, 7_1=50, 8_1=50, 9_1=50}
Number of gene trees: 50
0 trees have missing taxa
Calculating quartet distance matrix (for completion of X)
Species tree distances calculated ...
Building set of clusters (X) from gene trees 
------------------------------
gradient0: 279
Number of Clusters after addition by distance: 279
calculating extra bipartitions to be added at level 1 ...
Adding to X using resolutions of greedy consensus ...
Limit for sigma of degrees:675
polytomy size limit : 3
discarded polytomies:  []
Threshold 0.0:
Threshold 0.01:
Threshold 0.02:
Threshold 0.05:
Threshold 0.1:
Threshold 0.2:
Threshold 0.3333333333333333:
max k is :0
Number of Clusters after addition by greedy: 279
gradient0 in heuristiic: 279
partitions formed in 0.133 secs
Dynamic Programming starting after 0.133 secs
Using tree-based weight calculation.
Using polytree-based weight calculation.
Polytree max score: 632500
Polytree building time: 0.018 seconds.
Number of quartet trees in the gene trees: 632500
Size of largest cluster: 25
Greedy score: 580977
estimationFactor: 1.0886833730078815
Sub-optimal score: 580977
Total Number of elements weighted: 363
Normalized score (portion of input quartet trees satisfied before correcting for multiple individuals): 0.9185407114624506
Optimization score: 580977
Optimal tree inferred in 0.214 secs.
(9,(11,(21,(25,(6,((19,(15,22)),(12,((4,7),((3,(1,2)),(8,(((14,18),(24,20)),((16,13),((17,23),(10,5))))))))))))));
Final quartet score is: 580977
Final normalized quartet score is: 0.9185407114624506
(16_1,(13_1,(((17_1,23_1)1:3.5263605246161593,(10_1,5_1)1:1.2725655957915476)1:1.1036559463047129,(((14_1,18_1)1:3.3928291319916375,(24_1,20_1)1:1.9169226121820613)1:3.120895416507997,(8_1,((3_1,(1_1,2_1)1:2.4277482359480516)1:2.8332133440562166,((4_1,7_1)1:2.8332133440562166,(12_1,((19_1,(15_1,22_1)1:1.2147255961021977)1:2.9255866641872306,(6_1,(25_1,(21_1,(11_1,9_1)1:2.8332133440562166)1:2.8332133440562166)0.98:0.2975343688947925)1:1.034533431983587)1:0.6263135011965786)0.94:0.22426024601428493)1:2.8332133440562166)1:1.4303896809851158)1:0.9307505147598395)1:0.4255177666595534)1:0.611438797307957));
Weight calculation took 0.025852251 secs
ASTRAL finished in 0.326 secs
