
================== ASTRAL ===================== 

This is ASTRAL version 5.6.3
Gene trees are treated as unrooted
100 trees read from g_trees-raxml-sqlen-25-ngen-100-s2g.trees
All output trees will be *arbitrarily* rooted at 16

======== Running the main analysis
Number of taxa: 25 (25 species)
Taxa: [16, 15, 14, 13, 12, 11, 10, 19, 18, 17, 25, 24, 1, 23, 2, 22, 3, 21, 4, 20, 5, 6, 7, 8, 9]
Taxon occupancy: {16_1=100, 15_1=100, 14_1=100, 13_1=100, 12_1=100, 11_1=100, 10_1=100, 19_1=100, 18_1=100, 17_1=100, 25_1=100, 24_1=100, 1_1=100, 2_1=100, 23_1=100, 22_1=100, 3_1=100, 21_1=100, 4_1=100, 20_1=100, 5_1=100, 6_1=100, 7_1=100, 8_1=100, 9_1=100}
Number of gene trees: 100
0 trees have missing taxa
Calculating quartet distance matrix (for completion of X)
Species tree distances calculated ...
Building set of clusters (X) from gene trees 
------------------------------
gradient0: 1511
Number of Clusters after addition by distance: 1511
calculating extra bipartitions to be added at level 1 ...
Adding to X using resolutions of greedy consensus ...
Limit for sigma of degrees:675
polytomy size limit : 8
discarded polytomies:  [3, 3, 3, 4, 6, 6, 8]
Threshold 0.0:
Threshold 0.01:
Threshold 0.02:
Threshold 0.05:
Threshold 0.1:
polytomy of size 3; rounds with additions with at least 5 support: 0; clusters: 1511
polytomy of size 3; rounds with additions with at least 5 support: 0; clusters: 1511
Threshold 0.2:
polytomy of size 4; rounds with additions with at least 5 support: 0; clusters: 1511
polytomy of size 6; rounds with additions with at least 5 support: 0; clusters: 1511
Threshold 0.3333333333333333:
polytomy of size 3; rounds with additions with at least 5 support: 0; clusters: 1511
polytomy of size 6; rounds with additions with at least 5 support: 0; clusters: 1511
polytomy of size 8; rounds with additions with at least 5 support: 0; clusters: 1511
max k is :0
Number of Clusters after addition by greedy: 1511
gradient0 in heuristiic: 1511
partitions formed in 0.528 secs
Dynamic Programming starting after 0.528 secs
Using tree-based weight calculation.
Using polytree-based weight calculation.
Polytree max score: 1265000
Polytree building time: 0.084 seconds.
Number of quartet trees in the gene trees: 1265000
Size of largest cluster: 25
Greedy score: 815604
estimationFactor: 1.5509977881422847
Sub-optimal score: 875320
Total Number of elements weighted: 4544
Normalized score (portion of input quartet trees satisfied before correcting for multiple individuals): 0.6941478260869566
Optimization score: 878097
Optimal tree inferred in 0.926 secs.
(9,(11,(21,(25,(6,((19,(15,22)),((12,(4,7)),((3,(1,2)),(8,((16,13),(((14,18),(24,20)),((17,23),(10,5)))))))))))));
Final quartet score is: 878097
Final normalized quartet score is: 0.6941478260869566
(16_1,(13_1,((((14_1,18_1)1:1.7227665977411024,(24_1,20_1)1:0.638112661323701)1:1.261739508930482,((17_1,23_1)1:1.3597750121916659,(10_1,5_1)1:0.3743077709639166)0.55:0.07014535745884071)0.43:0.019180296231858737,(8_1,((3_1,(1_1,2_1)1:2.048424434044782)1:0.8821846352080903,((12_1,(4_1,7_1)1:1.5969153874352116)0.62:0.06411428299219957,((19_1,(15_1,22_1)0.54:0.05504279449687566)1:1.005714079764213,(6_1,(25_1,(21_1,(11_1,9_1)1:1.3578984869647095)1:1.2198933021656089)0.58:0.05129329438755058)1:0.2710286577869728)0.84:0.1093235153986786)1:0.5806452588557083)1:0.2839686038816122)0.97:0.17415134653392766)0.68:0.07142687795491974));
Weight calculation took 0.230565287 secs
ASTRAL finished in 1.062 secs
