
================== ASTRAL ===================== 

This is ASTRAL version 5.6.3
Gene trees are treated as unrooted
100 trees read from g_trees-raxml-sqlen-250-ngen-100-s2g.trees
All output trees will be *arbitrarily* rooted at 16

======== Running the main analysis
Number of taxa: 25 (25 species)
Taxa: [16, 15, 14, 13, 12, 11, 10, 19, 18, 17, 25, 24, 1, 23, 2, 22, 3, 21, 4, 20, 5, 6, 7, 8, 9]
Taxon occupancy: {16_1=100, 15_1=100, 14_1=100, 13_1=100, 12_1=100, 11_1=100, 10_1=100, 19_1=100, 18_1=100, 17_1=100, 25_1=100, 24_1=100, 1_1=100, 23_1=100, 2_1=100, 22_1=100, 3_1=100, 21_1=100, 4_1=100, 20_1=100, 5_1=100, 6_1=100, 7_1=100, 8_1=100, 9_1=100}
Number of gene trees: 100
0 trees have missing taxa
Calculating quartet distance matrix (for completion of X)
Species tree distances calculated ...
Building set of clusters (X) from gene trees 
------------------------------
gradient0: 371
Number of Clusters after addition by distance: 371
calculating extra bipartitions to be added at level 1 ...
Adding to X using resolutions of greedy consensus ...
Limit for sigma of degrees:675
polytomy size limit : 3
discarded polytomies:  []
Threshold 0.0:
Threshold 0.01:
Threshold 0.02:
Threshold 0.05:
Threshold 0.1:
Threshold 0.2:
Threshold 0.3333333333333333:
max k is :0
Number of Clusters after addition by greedy: 371
gradient0 in heuristiic: 371
partitions formed in 0.178 secs
Dynamic Programming starting after 0.178 secs
Using tree-based weight calculation.
Using polytree-based weight calculation.
Polytree max score: 1265000
Polytree building time: 0.032 seconds.
Number of quartet trees in the gene trees: 1265000
Size of largest cluster: 25
Greedy score: 1160289
estimationFactor: 1.0902456198412638
Sub-optimal score: 1160289
Total Number of elements weighted: 518
Normalized score (portion of input quartet trees satisfied before correcting for multiple individuals): 0.9172245059288537
Optimization score: 1160289
Optimal tree inferred in 0.288 secs.
(9,(11,(21,(25,(6,((19,(15,22)),(12,((4,7),((3,(1,2)),(8,(((14,18),(24,20)),((16,13),((17,23),(10,5))))))))))))));
Final quartet score is: 1160289
Final normalized quartet score is: 0.9172245059288537
(16_1,(13_1,(((17_1,23_1)1:4.209655408733094,(10_1,5_1)1:1.3460949082875873)1:0.6910649309788656,(((14_1,18_1)1:3.064523104430094,(24_1,20_1)1:1.8117601359347246)1:2.956892440237726,(8_1,((3_1,(1_1,2_1)1:2.8233610476132034)1:2.846350565837903,((4_1,7_1)1:3.516508228173149,(12_1,((19_1,(15_1,22_1)1:1.0372995994997867)1:3.1716677418814196,(6_1,(25_1,(21_1,(11_1,9_1)1:2.2637452596777825)1:3.0797905765608804)1:0.4007731622244622)1:1.3343751706252125)1:0.7752650597151757)0.99:0.20524857902742183)1:2.4178959395050392)1:1.4827933661088113)1:0.8980701857606267)1:0.5607302701261913)1:0.5009088299189773));
Weight calculation took 0.034603108 secs
ASTRAL finished in 0.411 secs
