
================== ASTRAL ===================== 

This is ASTRAL version 5.6.3
Gene trees are treated as unrooted
100 trees read from g_trees-raxml-sqlen-25-ngen-100.trees.tree
All output trees will be *arbitrarily* rooted at 16

======== Running the main analysis
Number of taxa: 25 (25 species)
Taxa: [16, 18, 24, 20, 14, 13, 8, 5, 3, 2, 1, 23, 17, 10, 4, 7, 12, 21, 9, 11, 6, 25, 22, 15, 19]
Taxon occupancy: {22=100, 23=100, 24=100, 25=100, 10=100, 11=100, 12=100, 13=100, 14=100, 15=100, 16=100, 17=100, 18=100, 19=100, 1=100, 2=100, 3=100, 4=100, 5=100, 6=100, 7=100, 8=100, 9=100, 20=100, 21=100}
Number of gene trees: 100
0 trees have missing taxa
Calculating quartet distance matrix (for completion of X)
Species tree distances calculated ...
Building set of clusters (X) from gene trees 
------------------------------
gradient0: 1511
Number of Clusters after addition by distance: 1511
calculating extra bipartitions to be added at level 1 ...
Adding to X using resolutions of greedy consensus ...
Limit for sigma of degrees:675
polytomy size limit : 8
discarded polytomies:  [3, 3, 3, 4, 6, 6, 8]
Threshold 0.0:
Threshold 0.01:
Threshold 0.02:
Threshold 0.05:
Threshold 0.1:
polytomy of size 3; rounds with additions with at least 5 support: 0; clusters: 1511
polytomy of size 3; rounds with additions with at least 5 support: 0; clusters: 1511
Threshold 0.2:
polytomy of size 4; rounds with additions with at least 5 support: 0; clusters: 1511
polytomy of size 6; rounds with additions with at least 5 support: 0; clusters: 1511
Threshold 0.3333333333333333:
polytomy of size 3; rounds with additions with at least 5 support: 0; clusters: 1511
polytomy of size 6; rounds with additions with at least 5 support: 0; clusters: 1511
polytomy of size 8; rounds with additions with at least 5 support: 0; clusters: 1511
max k is :0
Number of Clusters after addition by greedy: 1511
gradient0 in heuristiic: 1511
partitions formed in 0.596 secs
Dynamic Programming starting after 0.596 secs
Using tree-based weight calculation.
Using polytree-based weight calculation.
Polytree max score: 1265000
Polytree building time: 0.075 seconds.
Number of quartet trees in the gene trees: 1265000
Size of largest cluster: 25
Greedy score: 811964
estimationFactor: 1.5579508451113597
Sub-optimal score: 871680
Total Number of elements weighted: 4514
Normalized score (portion of input quartet trees satisfied before correcting for multiple individuals): 0.6941478260869566
Optimization score: 878097
Optimal tree inferred in 1.008 secs.
(6,((25,(21,(9,11))),((19,(22,15)),((12,(4,7)),((3,(2,1)),(8,((16,13),(((23,17),(5,10)),((18,14),(24,20))))))))));
Final quartet score is: 878097
Final normalized quartet score is: 0.6941478260869566
(16,(13,((((23,17)1:1.3597750121916659,(5,10)1:0.3743077709639166)0.55:0.07014535745884071,((18,14)1:1.7227665977411024,(24,20)1:0.638112661323701)1:1.261739508930482)0.43:0.019180296231858737,(8,((3,(2,1)1:2.048424434044782)1:0.8821846352080903,((12,(4,7)1:1.5969153874352116)0.62:0.06411428299219957,((19,(22,15)0.54:0.05504279449687566)1:1.005714079764213,((25,(21,(9,11)1:1.3578984869647095)1:1.2198933021656089)0.58:0.05129329438755058,6)1:0.2710286577869728)0.84:0.1093235153986786)1:0.5806452588557083)1:0.2839686038816122)0.97:0.17415134653392766)0.68:0.07142687795491974));
Weight calculation took 0.248415255 secs
ASTRAL finished in 1.145 secs
