
================== ASTRAL ===================== 

This is ASTRAL version 5.6.3
Gene trees are treated as unrooted
500 trees read from g_trees-raxml-sqlen-0-ngen-500.trees.tree
All output trees will be *arbitrarily* rooted at 3

======== Running the main analysis
Number of taxa: 25 (25 species)
Taxa: [3, 2, 1, 25, 21, 11, 9, 6, 19, 15, 22, 12, 7, 4, 8, 14, 18, 24, 20, 5, 10, 17, 23, 16, 13]
Taxon occupancy: {22=500, 23=500, 24=500, 25=500, 10=500, 11=500, 12=500, 13=500, 14=500, 15=500, 16=500, 17=500, 18=500, 19=500, 1=500, 2=500, 3=500, 4=500, 5=500, 6=500, 7=500, 8=500, 9=500, 20=500, 21=500}
Number of gene trees: 500
0 trees have missing taxa
Calculating quartet distance matrix (for completion of X)
Species tree distances calculated ...
Building set of clusters (X) from gene trees 
------------------------------
gradient0: 95
Number of Clusters after addition by distance: 95
calculating extra bipartitions to be added at level 1 ...
Adding to X using resolutions of greedy consensus ...
Limit for sigma of degrees:675
polytomy size limit : 3
discarded polytomies:  []
Threshold 0.0:
Threshold 0.01:
Threshold 0.02:
Threshold 0.05:
Threshold 0.1:
Threshold 0.2:
Threshold 0.3333333333333333:
max k is :0
Number of Clusters after addition by greedy: 95
gradient0 in heuristiic: 95
partitions formed in 0.261 secs
Dynamic Programming starting after 0.262 secs
Using tree-based weight calculation.
Using polytree-based weight calculation.
Polytree max score: 6325000
Polytree building time: 0.053 seconds.
Number of quartet trees in the gene trees: 6325000
Size of largest cluster: 25
Greedy score: 6325000
estimationFactor: 1.0
Sub-optimal score: 6325000
Total Number of elements weighted: 83
Normalized score (portion of input quartet trees satisfied before correcting for multiple individuals): 1.0
Optimization score: 6325000
Optimal tree inferred in 0.384 secs.
(21,((11,9),(25,(6,((19,(15,22)),(12,((7,4),((3,(2,1)),(8,(((14,18),(24,20)),((16,13),((17,23),(5,10)))))))))))));
Final quartet score is: 6325000
Final normalized quartet score is: 1.0
(3,((2,1)1:5.811140992976674,((8,(((14,18)1:5.811140992976674,(24,20)1:5.811140992976674)1:5.811140992976674,((16,13)1:5.811140992976674,((17,23)1:5.811140992976674,(5,10)1:5.811140992976674)1:5.811140992976674)1:5.811140992976674)1:5.811140992976674)1:5.811140992976674,((7,4)1:5.811140992976674,(12,((19,(15,22)1:5.811140992976674)1:5.811140992976674,(6,(25,((11,9)1:5.811140992976674,21)1:5.811140992976674)1:5.811140992976674)1:5.811140992976674)1:5.811140992976674)1:5.811140992976674)1:5.811140992976674)1:5.811140992976674));
Weight calculation took 0.013557214 secs
ASTRAL finished in 0.658 secs
