
================== ASTRAL ===================== 

This is ASTRAL version 5.6.3
Gene trees are treated as unrooted
25 trees read from g_trees-raxml-sqlen-0-ngen-25.trees.tree
All output trees will be *arbitrarily* rooted at 3

======== Running the main analysis
Number of taxa: 25 (25 species)
Taxa: [3, 2, 1, 25, 21, 11, 9, 6, 19, 15, 22, 12, 7, 4, 8, 14, 18, 24, 20, 5, 10, 17, 23, 16, 13]
Taxon occupancy: {22=25, 23=25, 24=25, 25=25, 10=25, 11=25, 12=25, 13=25, 14=25, 15=25, 16=25, 17=25, 18=25, 19=25, 1=25, 2=25, 3=25, 4=25, 5=25, 6=25, 7=25, 8=25, 9=25, 20=25, 21=25}
Number of gene trees: 25
0 trees have missing taxa
Calculating quartet distance matrix (for completion of X)
Species tree distances calculated ...
Building set of clusters (X) from gene trees 
------------------------------
gradient0: 95
Number of Clusters after addition by distance: 95
calculating extra bipartitions to be added at level 1 ...
Adding to X using resolutions of greedy consensus ...
Limit for sigma of degrees:675
polytomy size limit : 3
discarded polytomies:  []
Threshold 0.0:
Threshold 0.01:
Threshold 0.02:
Threshold 0.05:
Threshold 0.1:
Threshold 0.2:
Threshold 0.3333333333333333:
max k is :0
Number of Clusters after addition by greedy: 95
gradient0 in heuristiic: 95
partitions formed in 0.082 secs
Dynamic Programming starting after 0.082 secs
Using tree-based weight calculation.
Using polytree-based weight calculation.
Polytree max score: 316250
Polytree building time: 0.01 seconds.
Number of quartet trees in the gene trees: 316250
Size of largest cluster: 25
Greedy score: 316250
estimationFactor: 1.0
Sub-optimal score: 316250
Total Number of elements weighted: 83
Normalized score (portion of input quartet trees satisfied before correcting for multiple individuals): 1.0
Optimization score: 316250
Optimal tree inferred in 0.122 secs.
(21,((11,9),(25,(6,((19,(15,22)),(12,((7,4),((3,(2,1)),(8,(((14,18),(24,20)),((16,13),((17,23),(5,10)))))))))))));
Final quartet score is: 316250
Final normalized quartet score is: 1.0
(3,((2,1)1:2.8526314299133184,((8,(((14,18)1:2.8526314299133184,(24,20)1:2.8526314299133184)1:2.8526314299133184,((16,13)1:2.8526314299133184,((17,23)1:2.8526314299133184,(5,10)1:2.8526314299133184)1:2.8526314299133184)1:2.8526314299133184)1:2.8526314299133184)1:2.8526314299133184,((7,4)1:2.8526314299133184,(12,((19,(15,22)1:2.8526314299133184)1:2.8526314299133184,(6,(25,((11,9)1:2.8526314299133184,21)1:2.8526314299133184)1:2.8526314299133184)1:2.8526314299133184)1:2.8526314299133184)1:2.8526314299133184)1:2.8526314299133184)1:2.8526314299133184));
Weight calculation took 0.00370707 secs
ASTRAL finished in 0.219 secs
