
================== ASTRAL ===================== 

This is ASTRAL version 5.6.3
Gene trees are treated as unrooted
100 trees read from g_trees-raxml-sqlen-100-ngen-100.trees.tree
All output trees will be *arbitrarily* rooted at 1

======== Running the main analysis
Number of taxa: 25 (25 species)
Taxa: [1, 2, 3, 8, 13, 16, 23, 17, 10, 5, 18, 14, 24, 20, 12, 6, 4, 7, 21, 9, 11, 25, 22, 15, 19]
Taxon occupancy: {22=100, 23=100, 24=100, 25=100, 10=100, 11=100, 12=100, 13=100, 14=100, 15=100, 16=100, 17=100, 18=100, 19=100, 1=100, 2=100, 3=100, 4=100, 5=100, 6=100, 7=100, 8=100, 9=100, 20=100, 21=100}
Number of gene trees: 100
0 trees have missing taxa
Calculating quartet distance matrix (for completion of X)
Species tree distances calculated ...
Building set of clusters (X) from gene trees 
------------------------------
gradient0: 641
Number of Clusters after addition by distance: 641
calculating extra bipartitions to be added at level 1 ...
Adding to X using resolutions of greedy consensus ...
Limit for sigma of degrees:675
polytomy size limit : 3
discarded polytomies:  [3, 3, 3, 3]
Threshold 0.0:
Threshold 0.01:
Threshold 0.02:
Threshold 0.05:
Threshold 0.1:
Threshold 0.2:
polytomy of size 3; rounds with additions with at least 5 support: 0; clusters: 641
Threshold 0.3333333333333333:
polytomy of size 3; rounds with additions with at least 5 support: 0; clusters: 641
polytomy of size 3; rounds with additions with at least 5 support: 0; clusters: 641
polytomy of size 3; rounds with additions with at least 5 support: 0; clusters: 641
max k is :0
Number of Clusters after addition by greedy: 641
gradient0 in heuristiic: 641
partitions formed in 0.297 secs
Dynamic Programming starting after 0.298 secs
Using tree-based weight calculation.
Using polytree-based weight calculation.
Polytree max score: 1265000
Polytree building time: 0.051 seconds.
Number of quartet trees in the gene trees: 1265000
Size of largest cluster: 25
Greedy score: 1048148
estimationFactor: 1.2068906299492057
Sub-optimal score: 1051327
Total Number of elements weighted: 1634
Normalized score (portion of input quartet trees satisfied before correcting for multiple individuals): 0.8383565217391304
Optimization score: 1060521
Optimal tree inferred in 0.504 secs.
(11,(9,(21,(25,(6,((19,(22,15)),(12,((4,7),((3,(1,2)),(8,(((24,20),(18,14)),((13,16),((23,17),(10,5))))))))))))));
Final quartet score is: 1060521
Final normalized quartet score is: 0.8383565217391304
(1,(2,(3,((8,(((24,20)1:0.9756564222906736,(18,14)1:2.2368980096415916)1:2.1977197494186322,((13,16)1:0.28118938635314455,((23,17)1:3.2468446612240456,(10,5)1:1.0597724553518448)1:0.43086308926655326)0.67:0.06883818048192487)1:0.4623947437268016)1:0.8189165678489787,((4,7)1:3.2288261557213653,(12,((19,(22,15)1:0.4741526385348171)1:2.087041695188047,(6,(25,(21,(9,11)1:1.6447060512715583)1:3.0200713418592615)0.92:0.14062865449528414)1:0.705158457233136)1:0.32423308510212795)0.75:0.08656143322500845)1:1.514482376421088)1:2.4178959395050392)1:2.4178959395050392));
Weight calculation took 0.100749977 secs
ASTRAL finished in 0.647 secs
