
================== ASTRAL ===================== 

This is ASTRAL version 5.6.3
Gene trees are treated as unrooted
25 trees read from g_trees-raxml-sqlen-25-ngen-25.trees.tree
All output trees will be *arbitrarily* rooted at 16

======== Running the main analysis
Number of taxa: 25 (25 species)
Taxa: [16, 18, 24, 20, 14, 13, 8, 5, 3, 2, 1, 23, 17, 10, 4, 7, 12, 21, 9, 11, 6, 25, 22, 15, 19]
Taxon occupancy: {22=25, 23=25, 24=25, 25=25, 10=25, 11=25, 12=25, 13=25, 14=25, 15=25, 16=25, 17=25, 18=25, 19=25, 1=25, 2=25, 3=25, 4=25, 5=25, 6=25, 7=25, 8=25, 9=25, 20=25, 21=25}
Number of gene trees: 25
0 trees have missing taxa
Calculating quartet distance matrix (for completion of X)
Species tree distances calculated ...
Building set of clusters (X) from gene trees 
------------------------------
gradient0: 583
Number of Clusters after addition by distance: 583
calculating extra bipartitions to be added at level 1 ...
Adding to X using resolutions of greedy consensus ...
Limit for sigma of degrees:675
polytomy size limit : 12
discarded polytomies:  [3, 3, 3, 4, 4, 12]
Threshold 0.0:
Threshold 0.01:
Threshold 0.02:
Threshold 0.05:
Threshold 0.1:
polytomy of size 3; rounds with additions with at least 5 support: 0; clusters: 585
polytomy of size 3; rounds with additions with at least 5 support: 1; clusters: 587
Threshold 0.2:
polytomy of size 4; rounds with additions with at least 5 support: 1; clusters: 589
polytomy of size 4; rounds with additions with at least 5 support: 0; clusters: 589
Threshold 0.3333333333333333:
polytomy of size 3; rounds with additions with at least 5 support: 0; clusters: 589
polytomy of size 12; rounds with additions with at least 5 support: 0; clusters: 591
max k is :2
Number of Clusters after addition by greedy: 591
gradient0 in heuristiic: 591
partitions formed in 0.339 secs
Dynamic Programming starting after 0.339 secs
Using tree-based weight calculation.
Using polytree-based weight calculation.
Polytree max score: 316250
Polytree building time: 0.021 seconds.
Number of quartet trees in the gene trees: 316250
Size of largest cluster: 25
Greedy score: 208269
estimationFactor: 1.5184689031973073
Sub-optimal score: 211361
Total Number of elements weighted: 1019
Normalized score (portion of input quartet trees satisfied before correcting for multiple individuals): 0.6986719367588933
Optimization score: 220955
Optimal tree inferred in 0.447 secs.
(6,((25,(21,(9,11))),((19,(22,15)),((12,(4,7)),((3,(2,1)),(8,((16,13),((5,10),((23,17),((18,14),(24,20)))))))))));
Final quartet score is: 220955
Final normalized quartet score is: 0.6986719367588933
(16,(13,(((5,10)0.99:0.4919624255583804,((23,17)1:1.0608719606852628,((18,14)1:1.3485540331370434,(24,20)0.99:0.43332206261113054)1:1.126580756971024)0.61:0.12612514399019675)0.51:0.06180721182607701,(8,((3,(2,1)1:2.159484249353373)1:1.0478714354685668,((12,(4,7)1:1.4110743901183775)0.74:0.16776456426676475,((19,(22,15)0.35:0.0)1:1.4217574371603394,((25,(21,(9,11)1:1.466337068793427)1:1.8898206824042711)0.89:0.25489224962879015,6)0.65:0.12805192685989705)0.54:0.07608230645743945)0.99:0.4359738806594241)0.81:0.22117869968327852)0.84:0.22286457237531024)0.56:0.0889363053992142));
Weight calculation took 0.039327466 secs
ASTRAL finished in 2.956 secs
