
================== ASTRAL ===================== 

This is ASTRAL version 5.6.3
Gene trees are treated as unrooted
25 trees read from g_trees-raxml-sqlen-50-ngen-25.trees.tree
All output trees will be *arbitrarily* rooted at 14

======== Running the main analysis
Number of taxa: 25 (25 species)
Taxa: [14, 18, 20, 24, 8, 1, 2, 3, 5, 23, 17, 10, 13, 16, 12, 7, 4, 21, 9, 11, 25, 6, 22, 15, 19]
Taxon occupancy: {22=25, 23=25, 24=25, 25=25, 10=25, 11=25, 12=25, 13=25, 14=25, 15=25, 16=25, 17=25, 18=25, 19=25, 1=25, 2=25, 3=25, 4=25, 5=25, 6=25, 7=25, 8=25, 9=25, 20=25, 21=25}
Number of gene trees: 25
0 trees have missing taxa
Calculating quartet distance matrix (for completion of X)
Species tree distances calculated ...
Building set of clusters (X) from gene trees 
------------------------------
gradient0: 441
Number of Clusters after addition by distance: 441
calculating extra bipartitions to be added at level 1 ...
Adding to X using resolutions of greedy consensus ...
Limit for sigma of degrees:675
polytomy size limit : 6
discarded polytomies:  [3, 4, 6]
Threshold 0.0:
Threshold 0.01:
Threshold 0.02:
Threshold 0.05:
Threshold 0.1:
Threshold 0.2:
polytomy of size 3; rounds with additions with at least 5 support: 0; clusters: 441
Threshold 0.3333333333333333:
polytomy of size 6; rounds with additions with at least 5 support: 0; clusters: 441
polytomy of size 4; rounds with additions with at least 5 support: 0; clusters: 443
max k is :0
Number of Clusters after addition by greedy: 443
gradient0 in heuristiic: 443
partitions formed in 0.179 secs
Dynamic Programming starting after 0.179 secs
Using tree-based weight calculation.
Using polytree-based weight calculation.
Polytree max score: 316250
Polytree building time: 0.016 seconds.
Number of quartet trees in the gene trees: 316250
Size of largest cluster: 25
Greedy score: 241303
estimationFactor: 1.31059290601443
Sub-optimal score: 241552
Total Number of elements weighted: 741
Normalized score (portion of input quartet trees satisfied before correcting for multiple individuals): 0.7834276679841897
Optimization score: 247759
Optimal tree inferred in 0.279 secs.
(25,((21,(9,11)),(6,(12,((19,(22,15)),((7,4),((3,(1,2)),(8,((13,16),(((5,10),(23,17)),((14,18),(20,24))))))))))));
Final quartet score is: 247759
Final normalized quartet score is: 0.7834276679841897
(14,(18,((20,24)1:0.6660452507821542,(((5,10)1:0.8188599250666699,(23,17)1:1.5027047129643016)0.96:0.34710549292258147,((13,16)0.69:0.14959377063465196,(8,((3,(1,2)1:2.1150324867825385)1:1.5799963872659488,((7,4)1:1.7727112742573612,((19,(22,15)0.97:0.371519851093869)1:1.6028490895560865,(12,(6,((21,(9,11)1:1.738981263880667)1:2.719100037288796,25)0.81:0.2100090341335629)0.93:0.3019534665571138)0.7:0.1776210828893077)0.78:0.1863130286130935)1:0.824793349448962)0.99:0.45915361322166975)0.92:0.28974463763812924)0.64:0.1277787401350727)1:1.9304755785867647)1:2.135953751943179));
Weight calculation took 0.024512628 secs
ASTRAL finished in 2.467 secs
