
================== ASTRAL ===================== 

This is ASTRAL version 5.6.3
Gene trees are treated as unrooted
25 trees read from g_trees-raxml-sqlen-100-ngen-25.trees.tree
All output trees will be *arbitrarily* rooted at 1

======== Running the main analysis
Number of taxa: 25 (25 species)
Taxa: [1, 2, 3, 8, 13, 16, 23, 17, 10, 5, 18, 14, 24, 20, 12, 6, 4, 7, 21, 9, 11, 25, 22, 15, 19]
Taxon occupancy: {22=25, 23=25, 24=25, 25=25, 10=25, 11=25, 12=25, 13=25, 14=25, 15=25, 16=25, 17=25, 18=25, 19=25, 1=25, 2=25, 3=25, 4=25, 5=25, 6=25, 7=25, 8=25, 9=25, 20=25, 21=25}
Number of gene trees: 25
0 trees have missing taxa
Calculating quartet distance matrix (for completion of X)
Species tree distances calculated ...
Building set of clusters (X) from gene trees 
------------------------------
gradient0: 319
Number of Clusters after addition by distance: 319
calculating extra bipartitions to be added at level 1 ...
Adding to X using resolutions of greedy consensus ...
Limit for sigma of degrees:675
polytomy size limit : 4
discarded polytomies:  [3, 4]
Threshold 0.0:
Threshold 0.01:
Threshold 0.02:
Threshold 0.05:
Threshold 0.1:
Threshold 0.2:
Threshold 0.3333333333333333:
polytomy of size 4; rounds with additions with at least 5 support: 0; clusters: 319
polytomy of size 3; rounds with additions with at least 5 support: 0; clusters: 319
max k is :0
Number of Clusters after addition by greedy: 319
gradient0 in heuristiic: 319
partitions formed in 0.146 secs
Dynamic Programming starting after 0.146 secs
Using tree-based weight calculation.
Using polytree-based weight calculation.
Polytree max score: 316250
Polytree building time: 0.017 seconds.
Number of quartet trees in the gene trees: 316250
Size of largest cluster: 25
Greedy score: 264132
estimationFactor: 1.1973180076628354
Sub-optimal score: 265170
Total Number of elements weighted: 480
Normalized score (portion of input quartet trees satisfied before correcting for multiple individuals): 0.8429407114624506
Optimization score: 266580
Optimal tree inferred in 0.227 secs.
(11,(9,(21,(25,(6,(12,((19,(22,15)),((4,7),((3,(1,2)),(8,(((23,17),(10,5)),((13,16),((24,20),(18,14))))))))))))));
Final quartet score is: 266580
Final normalized quartet score is: 0.8429407114624506
(1,(2,(3,((8,(((23,17)1:2.7616596517075918,(10,5)1:1.076872302031704)1:0.6791431324759292,((13,16)0.95:0.32901026794462696,((24,20)1:0.6931471805599453,(18,14)1:2.135953751943179)1:2.1335087629501115)0.4:0.015016024456463961)0.99:0.4827215225330173)1:0.7323678937132263,((4,7)1:2.8526314299133184,((19,(22,15)1:0.7396671961948383)1:2.2020438637721673,(12,(6,(25,(21,(9,11)1:1.466337068793427)1:2.719100037288796)0.96:0.3553022601267604)1:0.729739771306957)0.48:0.09897071755905516)0.64:0.15415067982725836)1:1.2212146107604416)1:2.159484249353373)1:2.159484249353373));
Weight calculation took 0.027279642 secs
ASTRAL finished in 0.321 secs
