
================== ASTRAL ===================== 

This is ASTRAL version 5.6.3
Gene trees are treated as unrooted
500 trees read from g_trees-raxml-sqlen-50-ngen-500.trees.tree
All output trees will be *arbitrarily* rooted at 14

======== Running the main analysis
Number of taxa: 25 (25 species)
Taxa: [14, 18, 20, 24, 8, 1, 2, 3, 5, 23, 17, 10, 13, 16, 12, 7, 4, 21, 9, 11, 25, 6, 22, 15, 19]
Taxon occupancy: {22=500, 23=500, 24=500, 25=500, 10=500, 11=500, 12=500, 13=500, 14=500, 15=500, 16=500, 17=500, 18=500, 19=500, 1=500, 2=500, 3=500, 4=500, 5=500, 6=500, 7=500, 8=500, 9=500, 20=500, 21=500}
Number of gene trees: 500
0 trees have missing taxa
Calculating quartet distance matrix (for completion of X)
Species tree distances calculated ...
Building set of clusters (X) from gene trees 
------------------------------
gradient0: 2289
Number of Clusters after addition by distance: 2289
calculating extra bipartitions to be added at level 1 ...
Adding to X using resolutions of greedy consensus ...
Limit for sigma of degrees:675
polytomy size limit : 6
discarded polytomies:  [3, 3, 6, 6]
Threshold 0.0:
Threshold 0.01:
Threshold 0.02:
Threshold 0.05:
Threshold 0.1:
Threshold 0.2:
polytomy of size 3; rounds with additions with at least 5 support: 0; clusters: 2289
polytomy of size 3; rounds with additions with at least 5 support: 0; clusters: 2289
Threshold 0.3333333333333333:
polytomy of size 6; rounds with additions with at least 5 support: 0; clusters: 2289
polytomy of size 6; rounds with additions with at least 5 support: 0; clusters: 2289
max k is :0
Number of Clusters after addition by greedy: 2289
gradient0 in heuristiic: 2289
partitions formed in 0.664 secs
Dynamic Programming starting after 0.664 secs
Using tree-based weight calculation.
Using polytree-based weight calculation.
Polytree max score: 6325000
Polytree building time: 0.667 seconds.
Number of quartet trees in the gene trees: 6325000
Size of largest cluster: 25
Greedy score: 4436896
estimationFactor: 1.4255461475770448
Sub-optimal score: 4727220
Total Number of elements weighted: 11268
Normalized score (portion of input quartet trees satisfied before correcting for multiple individuals): 0.7684099604743083
Optimization score: 4860193
Optimal tree inferred in 2.633 secs.
(25,((21,(9,11)),(6,((19,(22,15)),(12,((7,4),((3,(1,2)),(8,(((14,18),(20,24)),((13,16),((23,17),(5,10))))))))))));
Final quartet score is: 4860193
Final normalized quartet score is: 0.7684099604743083
(14,(18,((20,24)1:0.5919441404059299,(((13,16)1:0.1894537696177241,((23,17)1:2.1378587356764265,(5,10)1:0.715202128569178)1:0.179693434387685)0.94:0.06886590136151462,(8,((3,(1,2)1:2.112086210821112)1:1.915785040033767,((7,4)1:2.130229708511943,(12,((19,(22,15)1:0.42248445934635964)1:1.6701561015020638,(6,((21,(9,11)1:1.7874139979685537)1:1.8003505873603765,25)1:0.15235588425123509)1:0.4359306703989444)1:0.1587541571263478)0.98:0.08196928431567976)1:0.9120958290106312)1:0.3778160511707781)1:0.3064750869665887)1:1.532894333549504)1:2.1234527242329206));
Weight calculation took 1.160139035 secs
ASTRAL finished in 3.14 secs
