
================== ASTRAL ===================== 

This is ASTRAL version 5.6.3
Gene trees are treated as unrooted
50 trees read from g_trees-raxml-sqlen-50-ngen-50.trees.tree
All output trees will be *arbitrarily* rooted at 14

======== Running the main analysis
Number of taxa: 25 (25 species)
Taxa: [14, 18, 20, 24, 8, 1, 2, 3, 5, 23, 17, 10, 13, 16, 12, 7, 4, 21, 9, 11, 25, 6, 22, 15, 19]
Taxon occupancy: {22=50, 23=50, 24=50, 25=50, 10=50, 11=50, 12=50, 13=50, 14=50, 15=50, 16=50, 17=50, 18=50, 19=50, 1=50, 2=50, 3=50, 4=50, 5=50, 6=50, 7=50, 8=50, 9=50, 20=50, 21=50}
Number of gene trees: 50
0 trees have missing taxa
Calculating quartet distance matrix (for completion of X)
Species tree distances calculated ...
Building set of clusters (X) from gene trees 
------------------------------
gradient0: 645
Number of Clusters after addition by distance: 645
calculating extra bipartitions to be added at level 1 ...
Adding to X using resolutions of greedy consensus ...
Limit for sigma of degrees:675
polytomy size limit : 6
discarded polytomies:  [3, 6, 6]
Threshold 0.0:
Threshold 0.01:
Threshold 0.02:
Threshold 0.05:
Threshold 0.1:
Threshold 0.2:
polytomy of size 3; rounds with additions with at least 5 support: 0; clusters: 645
Threshold 0.3333333333333333:
polytomy of size 6; rounds with additions with at least 5 support: 0; clusters: 645
polytomy of size 6; rounds with additions with at least 5 support: 0; clusters: 645
max k is :0
Number of Clusters after addition by greedy: 645
gradient0 in heuristiic: 645
partitions formed in 0.349 secs
Dynamic Programming starting after 0.349 secs
Using tree-based weight calculation.
Using polytree-based weight calculation.
Polytree max score: 632500
Polytree building time: 0.052 seconds.
Number of quartet trees in the gene trees: 632500
Size of largest cluster: 25
Greedy score: 482949
estimationFactor: 1.309662096825959
Sub-optimal score: 486806
Total Number of elements weighted: 1390
Normalized score (portion of input quartet trees satisfied before correcting for multiple individuals): 0.7789628458498024
Optimization score: 492694
Optimal tree inferred in 0.561 secs.
(25,((21,(9,11)),(6,((19,(22,15)),(12,((7,4),((3,(1,2)),(8,((13,16),(((5,10),(23,17)),((14,18),(20,24))))))))))));
Final quartet score is: 492694
Final normalized quartet score is: 0.7789628458498024
(14,(18,((20,24)1:0.6021754023542185,(((5,10)1:0.8788357439018042,(23,17)1:1.6582280766035307)0.98:0.2730832730306283,((13,16)0.9:0.19118424405180004,(8,((3,(1,2)1:1.8989041066793824)1:1.7927322319506767,((7,4)1:2.1262728413639347,(12,((19,(22,15)0.99:0.30748469974796055)1:1.8822370541941718,(6,((21,(9,11)1:2.39789527279837)1:2.9073213162099383,25)0.99:0.32768740706547994)0.98:0.28710553741130856)0.59:0.09439148428725222)0.67:0.09858496885059947)1:0.9458631507661404)1:0.35654762838696563)0.99:0.3000126849092596)0.55:0.06075483862760916)1:1.591010135775851)1:1.8568583714394091));
Weight calculation took 0.094067953 secs
ASTRAL finished in 0.71 secs
