
================== ASTRAL ===================== 

This is ASTRAL version 5.6.3
Gene trees are treated as unrooted
50 trees read from g_trees-raxml-sqlen-100-ngen-50.trees.tree
All output trees will be *arbitrarily* rooted at 1

======== Running the main analysis
Number of taxa: 25 (25 species)
Taxa: [1, 2, 3, 8, 13, 16, 23, 17, 10, 5, 18, 14, 24, 20, 12, 6, 4, 7, 21, 9, 11, 25, 22, 15, 19]
Taxon occupancy: {22=50, 23=50, 24=50, 25=50, 10=50, 11=50, 12=50, 13=50, 14=50, 15=50, 16=50, 17=50, 18=50, 19=50, 1=50, 2=50, 3=50, 4=50, 5=50, 6=50, 7=50, 8=50, 9=50, 20=50, 21=50}
Number of gene trees: 50
0 trees have missing taxa
Calculating quartet distance matrix (for completion of X)
Species tree distances calculated ...
Building set of clusters (X) from gene trees 
------------------------------
gradient0: 449
Number of Clusters after addition by distance: 449
calculating extra bipartitions to be added at level 1 ...
Adding to X using resolutions of greedy consensus ...
Limit for sigma of degrees:675
polytomy size limit : 3
discarded polytomies:  [3, 3, 3]
Threshold 0.0:
Threshold 0.01:
Threshold 0.02:
Threshold 0.05:
Threshold 0.1:
Threshold 0.2:
Threshold 0.3333333333333333:
polytomy of size 3; rounds with additions with at least 5 support: 0; clusters: 449
polytomy of size 3; rounds with additions with at least 5 support: 0; clusters: 449
polytomy of size 3; rounds with additions with at least 5 support: 0; clusters: 449
max k is :0
Number of Clusters after addition by greedy: 449
gradient0 in heuristiic: 449
partitions formed in 0.176 secs
Dynamic Programming starting after 0.176 secs
Using tree-based weight calculation.
Using polytree-based weight calculation.
Polytree max score: 632500
Polytree building time: 0.028 seconds.
Number of quartet trees in the gene trees: 632500
Size of largest cluster: 25
Greedy score: 528446
estimationFactor: 1.1969056440960855
Sub-optimal score: 530747
Total Number of elements weighted: 886
Normalized score (portion of input quartet trees satisfied before correcting for multiple individuals): 0.8446703557312253
Optimization score: 534254
Optimal tree inferred in 0.278 secs.
(11,(9,(21,(25,(6,((19,(22,15)),(12,((4,7),((3,(1,2)),(8,(((23,17),(10,5)),((13,16),((24,20),(18,14))))))))))))));
Final quartet score is: 534254
Final normalized quartet score is: 0.8446703557312253
(1,(2,(3,((8,(((23,17)1:3.059337523508564,(10,5)1:1.086086028848929)1:0.6182458723868274,((13,16)1:0.46014526228147884,((24,20)1:1.0140549006400466,(18,14)1:2.1282317058492675)1:1.965449653076721)0.42:0.0233087666254675)1:0.495824328867478)1:0.7898308521920826,((4,7)1:2.6325426485940655,(12,((19,(22,15)1:0.8243893695903338)1:2.2487000044990664,(6,(25,(21,(9,11)1:1.5804503755608483)1:3.3928291319916424)0.77:0.13353139262452274)1:0.7574550477926768)0.96:0.24733077692821326)0.62:0.0877756108823856)1:1.6901492928172712)1:2.4277482359480516)1:2.4277482359480516));
Weight calculation took 0.035012702 secs
ASTRAL finished in 0.431 secs
