
================== ASTRAL ===================== 

This is ASTRAL version 5.6.3
Gene trees are treated as unrooted
100 trees read from g_trees-raxml-sqlen-250-ngen-100.trees.tree
All output trees will be *arbitrarily* rooted at 2

======== Running the main analysis
Number of taxa: 25 (25 species)
Taxa: [2, 1, 3, 8, 18, 14, 20, 24, 13, 16, 23, 17, 10, 5, 12, 7, 4, 6, 11, 9, 21, 25, 15, 22, 19]
Taxon occupancy: {22=100, 23=100, 24=100, 25=100, 10=100, 11=100, 12=100, 13=100, 14=100, 15=100, 16=100, 17=100, 18=100, 19=100, 1=100, 2=100, 3=100, 4=100, 5=100, 6=100, 7=100, 8=100, 9=100, 20=100, 21=100}
Number of gene trees: 100
0 trees have missing taxa
Calculating quartet distance matrix (for completion of X)
Species tree distances calculated ...
Building set of clusters (X) from gene trees 
------------------------------
gradient0: 371
Number of Clusters after addition by distance: 371
calculating extra bipartitions to be added at level 1 ...
Adding to X using resolutions of greedy consensus ...
Limit for sigma of degrees:675
polytomy size limit : 3
discarded polytomies:  []
Threshold 0.0:
Threshold 0.01:
Threshold 0.02:
Threshold 0.05:
Threshold 0.1:
Threshold 0.2:
Threshold 0.3333333333333333:
max k is :0
Number of Clusters after addition by greedy: 371
gradient0 in heuristiic: 371
partitions formed in 0.216 secs
Dynamic Programming starting after 0.216 secs
Using tree-based weight calculation.
Using polytree-based weight calculation.
Polytree max score: 1265000
Polytree building time: 0.042 seconds.
Number of quartet trees in the gene trees: 1265000
Size of largest cluster: 25
Greedy score: 1160289
estimationFactor: 1.0902456198412638
Sub-optimal score: 1160289
Total Number of elements weighted: 519
Normalized score (portion of input quartet trees satisfied before correcting for multiple individuals): 0.9172245059288537
Optimization score: 1160289
Optimal tree inferred in 0.359 secs.
(21,((11,9),(25,(6,((19,(15,22)),(12,((7,4),((3,(2,1)),(8,(((18,14),(20,24)),((13,16),((23,17),(10,5)))))))))))));
Final quartet score is: 1160289
Final normalized quartet score is: 0.9172245059288537
(2,(1,(3,((8,(((18,14)1:3.064523104430094,(20,24)1:1.8117601359347246)1:2.956892440237726,((13,16)1:0.5009088299189773,((23,17)1:4.209655408733094,(10,5)1:1.3460949082875873)1:0.6910649309788656)1:0.5607302701261913)1:0.8980701857606267)1:1.4827933661088113,((7,4)1:3.516508228173149,(12,((19,(15,22)1:1.0372995994997867)1:3.1716677418814196,(6,(25,((11,9)1:2.2637452596777825,21)1:3.0797905765608804)1:0.4007731622244622)1:1.3343751706252125)1:0.7752650597151757)0.99:0.20524857902742183)1:2.4178959395050392)1:2.846350565837903)1:2.8233610476132034));
Weight calculation took 0.043844875 secs
ASTRAL finished in 0.782 secs
