
================== ASTRAL ===================== 

This is ASTRAL version 5.6.3
Gene trees are treated as unrooted
500 trees read from g_trees-raxml-sqlen-100-ngen-500.trees.tree
All output trees will be *arbitrarily* rooted at 1

======== Running the main analysis
Number of taxa: 25 (25 species)
Taxa: [1, 2, 3, 8, 13, 16, 23, 17, 10, 5, 18, 14, 24, 20, 12, 6, 4, 7, 21, 9, 11, 25, 22, 15, 19]
Taxon occupancy: {22=500, 23=500, 24=500, 25=500, 10=500, 11=500, 12=500, 13=500, 14=500, 15=500, 16=500, 17=500, 18=500, 19=500, 1=500, 2=500, 3=500, 4=500, 5=500, 6=500, 7=500, 8=500, 9=500, 20=500, 21=500}
Number of gene trees: 500
0 trees have missing taxa
Calculating quartet distance matrix (for completion of X)
Species tree distances calculated ...
Building set of clusters (X) from gene trees 
------------------------------
gradient0: 1223
Number of Clusters after addition by distance: 1223
calculating extra bipartitions to be added at level 1 ...
Adding to X using resolutions of greedy consensus ...
Limit for sigma of degrees:675
polytomy size limit : 5
discarded polytomies:  [3, 3, 5]
Threshold 0.0:
Threshold 0.01:
Threshold 0.02:
Threshold 0.05:
Threshold 0.1:
Threshold 0.2:
Threshold 0.3333333333333333:
polytomy of size 3; rounds with additions with at least 5 support: 0; clusters: 1223
polytomy of size 3; rounds with additions with at least 5 support: 0; clusters: 1223
polytomy of size 5; rounds with additions with at least 5 support: 0; clusters: 1223
max k is :0
Number of Clusters after addition by greedy: 1223
gradient0 in heuristiic: 1223
partitions formed in 0.623 secs
Dynamic Programming starting after 0.623 secs
Using tree-based weight calculation.
Using polytree-based weight calculation.
Polytree max score: 6325000
Polytree building time: 0.326 seconds.
Number of quartet trees in the gene trees: 6325000
Size of largest cluster: 25
Greedy score: 5170478
estimationFactor: 1.223291154125402
Sub-optimal score: 5262088
Total Number of elements weighted: 4415
Normalized score (portion of input quartet trees satisfied before correcting for multiple individuals): 0.8376727272727272
Optimization score: 5298280
Optimal tree inferred in 1.429 secs.
(11,(9,(21,(25,(6,((19,(22,15)),(12,((4,7),((3,(1,2)),(8,(((24,20),(18,14)),((13,16),((23,17),(10,5))))))))))))));
Final quartet score is: 5298280
Final normalized quartet score is: 0.8376727272727272
(1,(2,(3,((8,(((24,20)1:0.8617058831265579,(18,14)1:2.5548776360368795)1:2.395967657458573,((13,16)1:0.2552786483971215,((23,17)1:3.459765735813228,(10,5)1:1.0649673995253848)1:0.35441510678702626)1:0.1597635415607406)1:0.44428919334187256)1:0.8071540126499944,((4,7)1:2.7837716344795305,(12,((19,(22,15)1:0.5689130930797076)1:2.477676772368274,(6,(25,(21,(9,11)1:1.9399399820688097)1:2.7190168737476443)1:0.1489910264033332)1:0.6923549618661641)1:0.3655896692148039)0.96:0.07291395933806952)1:1.3413123988441533)1:2.5797814317406695)1:2.408429606483332));
Weight calculation took 0.370216269 secs
ASTRAL finished in 1.742 secs
