
================== ASTRAL ===================== 

This is ASTRAL version 5.6.3
Gene trees are treated as unrooted
500 trees read from g_trees-raxml-sqlen-0-ngen-500-s2g.trees
All output trees will be *arbitrarily* rooted at 10

======== Running the main analysis
Number of taxa: 211 (25 species)
Taxa: {22=[22_10, 22_6, 22_5, 22_4, 22_3, 22_2, 22_1, 22_9, 22_8, 22_7], 23=[23_10, 23_5, 23_4, 23_3, 23_2, 23_1, 23_9, 23_8, 23_7, 23_6], 24=[24_4, 24_3, 24_2, 24_1, 24_9, 24_8, 24_7, 24_6, 24_5, 24_10], 25=[25_3, 25_2, 25_1, 25_9, 25_8, 25_7, 25_6, 25_5, 25_4, 25_10], 10=[10_7, 10_6, 10_5, 10_4, 10_3, 10_2, 10_1], 11=[11_6, 11_5, 11_4, 11_3, 11_2, 11_1], 12=[12_5, 12_4, 12_3, 12_2, 12_1, 12_8, 12_7, 12_6], 13=[13_4, 13_3, 13_2, 13_1, 13_7, 13_6, 13_5], 14=[14_3, 14_2, 14_1, 14_9, 14_8, 14_7, 14_6, 14_5, 14_4], 15=[15_2, 15_1, 15_7, 15_6, 15_5, 15_4, 15_3], 16=[16_1, 16_9, 16_8, 16_7, 16_6, 16_5, 16_4, 16_3, 16_2], 17=[17_10, 17_8, 17_7, 17_6, 17_5, 17_4, 17_3, 17_2, 17_1, 17_9], 18=[18_7, 18_6, 18_5, 18_4, 18_3, 18_2, 18_1, 18_8], 19=[19_6, 19_5, 19_4, 19_3, 19_2, 19_1, 19_8, 19_7], 1=[1_1, 1_2, 1_3, 1_4, 1_5, 1_6, 1_7, 1_8], 2=[2_1, 2_2, 2_3, 2_4, 2_5, 2_6, 2_7], 3=[3_1, 3_2, 3_3, 3_4, 3_5, 3_6, 3_7, 3_8], 4=[4_1, 4_2, 4_3, 4_4, 4_5, 4_6, 4_7], 5=[5_1, 5_2, 5_3, 5_4, 5_5, 5_6, 5_7], 6=[6_1, 6_2, 6_3, 6_4, 6_5, 6_6, 6_7, 6_8], 7=[7_1, 7_2, 7_3, 7_4, 7_5, 7_6, 7_7, 7_8], 8=[8_1, 8_2, 8_3, 8_4, 8_5, 8_6, 8_7, 8_8, 8_9], 9=[9_1, 9_2, 9_3, 9_4, 9_5, 9_6, 9_7, 9_8, 9_9, 9_10], 20=[20_8, 20_7, 20_6, 20_5, 20_4, 20_3, 20_2, 20_1, 20_9, 20_11, 20_10], 21=[21_7, 21_6, 21_5, 21_4, 21_3, 21_2, 21_1, 21_9, 21_8]}
Taxon occupancy: {10_7=2, 10_6=6, 10_5=14, 10_4=32, 10_3=70, 23_10=1, 10_2=150, 10_1=310, 18_7=1, 18_6=4, 18_5=10, 18_4=23, 18_3=68, 18_2=142, 18_1=286, 17_10=1, 21_7=5, 21_6=12, 21_5=20, 21_4=31, 21_3=77, 21_2=150, 21_1=297, 7_1=309, 7_2=152, 7_3=71, 7_4=32, 7_5=14, 21_9=3, 7_6=8, 21_8=4, 7_7=3, 7_8=1, 18_8=1, 17_8=4, 17_7=8, 17_6=12, 17_5=20, 17_4=42, 17_3=76, 17_2=145, 17_1=291, 20_8=1, 20_7=1, 20_6=3, 20_5=14, 20_4=30, 20_3=61, 20_2=144, 20_1=289, 6_1=301, 6_2=147, 6_3=70, 6_4=33, 6_5=16, 6_6=6, 6_7=2, 20_9=1, 6_8=1, 17_9=2, 16_1=302, 16_9=1, 16_8=3, 16_7=6, 16_6=9, 16_5=17, 16_4=35, 16_3=72, 16_2=150, 22_10=1, 5_1=297, 5_2=150, 5_3=70, 5_4=34, 5_5=14, 5_6=6, 5_7=1, 15_2=143, 15_1=320, 15_7=4, 15_6=6, 15_5=17, 15_4=39, 15_3=71, 4_1=296, 4_2=150, 4_3=64, 4_4=35, 4_5=12, 4_6=4, 4_7=1, 14_3=64, 14_2=148, 14_1=321, 14_9=1, 14_8=2, 14_7=4, 14_6=8, 14_5=17, 14_4=27, 20_11=1, 20_10=1, 25_3=76, 25_2=150, 25_1=296, 3_1=310, 3_2=140, 3_3=69, 3_4=32, 3_5=13, 3_6=5, 25_9=3, 3_7=2, 25_8=3, 3_8=1, 25_7=8, 25_6=14, 25_5=21, 25_4=35, 13_4=25, 13_3=55, 25_10=1, 13_2=148, 13_1=323, 13_7=3, 13_6=4, 13_5=10, 24_4=36, 24_3=73, 24_2=148, 24_1=291, 2_1=320, 2_2=143, 2_3=71, 2_4=39, 2_5=17, 2_6=6, 2_7=4, 24_9=2, 24_8=6, 24_7=6, 24_6=11, 24_5=18, 12_5=18, 12_4=33, 12_3=69, 12_2=140, 12_1=309, 12_8=1, 12_7=4, 12_6=7, 23_5=17, 23_4=32, 23_3=65, 1_1=314, 23_2=141, 1_2=145, 23_1=293, 1_3=61, 1_4=30, 1_5=14, 1_6=5, 1_7=2, 1_8=2, 9_1=319, 9_2=139, 23_9=1, 9_3=64, 23_8=1, 9_4=37, 23_7=1, 23_6=3, 9_5=14, 9_6=8, 9_7=2, 9_8=1, 9_9=1, 11_6=7, 11_5=14, 11_4=28, 11_3=68, 11_2=150, 11_1=310, 19_6=6, 19_5=14, 19_4=32, 19_3=74, 19_2=131, 19_1=277, 22_6=12, 22_5=19, 22_4=33, 22_3=69, 22_2=146, 22_1=296, 24_10=1, 8_1=311, 8_2=149, 8_3=71, 8_4=27, 22_9=3, 22_8=4, 8_5=12, 22_7=6, 8_6=7, 8_7=3, 8_8=2, 8_9=1, 19_8=1, 19_7=3, 9_10=1}
Number of gene trees: 500
500 trees have missing taxa
Calculating quartet distance matrix (for completion of X)
Species tree distances calculated ...
Will attempt to complete bipartitions from X before adding using a distance matrix.
Building set of clusters (X) from gene trees 
In second round sampling 5 rounds will be done
------------------------------
gradient0: 467
------------------------------
gradient1: 132
------------------------------
gradient2: 100
------------------------------
gradient3: 86
------------------------------
gradient4: 52
Number of Clusters after addition by distance: 837
calculating extra bipartitions to be added at level 1 ...
Adding to X using resolutions of greedy consensus ...
Limit for sigma of degrees:675
polytomy size limit : 3
discarded polytomies:  []
Threshold 0.0:
Threshold 0.01:
Threshold 0.02:
Threshold 0.05:
Threshold 0.1:
Threshold 0.2:
Threshold 0.3333333333333333:
max k is :0
Number of Clusters after addition by greedy: 837
gradient0 in heuristiic: 837
calculating extra bipartitions to be added at level 1 ...
Adding to X using resolutions of greedy consensus ...
Limit for sigma of degrees:675
polytomy size limit : 3
discarded polytomies:  []
Threshold 0.0:
Threshold 0.01:
Threshold 0.02:
Threshold 0.05:
Threshold 0.1:
Threshold 0.2:
Threshold 0.3333333333333333:
max k is :0
Number of Clusters after addition by greedy: 837
gradient1 in heuristiic: 0
calculating extra bipartitions to be added at level 1 ...
Adding to X using resolutions of greedy consensus ...
Limit for sigma of degrees:675
polytomy size limit : 3
discarded polytomies:  []
Threshold 0.0:
Threshold 0.01:
Threshold 0.02:
Threshold 0.05:
Threshold 0.1:
Threshold 0.2:
Threshold 0.3333333333333333:
max k is :0
Number of Clusters after addition by greedy: 837
gradient2 in heuristiic: 0
calculating extra bipartitions to be added at level 1 ...
Adding to X using resolutions of greedy consensus ...
Limit for sigma of degrees:675
polytomy size limit : 3
discarded polytomies:  []
Threshold 0.0:
Threshold 0.01:
Threshold 0.02:
Threshold 0.05:
Threshold 0.1:
Threshold 0.2:
Threshold 0.3333333333333333:
max k is :0
Number of Clusters after addition by greedy: 837
gradient3 in heuristiic: 0
calculating extra bipartitions to be added at level 1 ...
Adding to X using resolutions of greedy consensus ...
Limit for sigma of degrees:675
polytomy size limit : 3
discarded polytomies:  []
Threshold 0.0:
Threshold 0.01:
Threshold 0.02:
Threshold 0.05:
Threshold 0.1:
Threshold 0.2:
Threshold 0.3333333333333333:
max k is :0
Number of Clusters after addition by greedy: 837
gradient4 in heuristiic: 0
partitions formed in 74.465 secs
Dynamic Programming starting after 74.465 secs
Using tree-based weight calculation.
Using polytree-based weight calculation.
Polytree max score: 67565665
Polytree building time: 0.06 seconds.
Number of quartet trees in the gene trees: 66951041
Size of largest cluster: 211
Greedy score: 33329961
estimationFactor: 2.0271750088880243
Sub-optimal score: 34528552
Total Number of elements weighted: 2536
Normalized score (portion of input quartet trees satisfied before correcting for multiple individuals): 0.5312491929737134
Optimization score: 35567686
Optimal tree inferred in 75.924 secs.
(11,(8,(10,((7,((6,4),(3,12))),((14,((13,1),(9,(15,2)))),(5,((19,(18,(23,20))),(16,(21,((17,24),(22,25)))))))))));
Final quartet score is: 39279946
Final normalized quartet score is: 0.5866965683177353
((10_7,10_6,10_5,10_4,10_3,10_2,10_1)0.12:0.0,((((7_1,7_2,7_3,7_4,7_5,7_6,7_7,7_8)0.28:0.0,(((6_1,6_2,6_3,6_4,6_5,6_6,6_7,6_8)0.03:0.0,(4_1,4_2,4_3,4_4,4_5,4_6,4_7)0.03:0.0)1:0.977650220849213,((3_1,3_2,3_3,3_4,3_5,3_6,3_7,3_8)0.04:0.0,(12_5,12_4,12_3,12_2,12_1,12_8,12_7,12_6)0.05:0.0)1:0.9668597322271476)1:0.8648090869750281)1:1.0195517093820654,(((14_3,14_2,14_1,14_9,14_8,14_7,14_6,14_5,14_4)0.86:0.17376528602711996,(((13_4,13_3,13_2,13_1,13_7,13_6,13_5)0.05:0.0,(1_1,1_2,1_3,1_4,1_5,1_6,1_7,1_8)0.05:0.0)1:1.2673591279909002,((9_1,9_2,9_3,9_4,9_5,9_6,9_7,9_8,9_9,9_10)0.22:0.0,((15_2,15_1,15_7,15_6,15_5,15_4,15_3)0.01:0.0,(2_1,2_2,2_3,2_4,2_5,2_6,2_7)0.01:0.0)1:1.1612479753715226)1:0.9882658558519876)1:1.0724919582162287)1:1.0785427933553173,((5_1,5_2,5_3,5_4,5_5,5_6,5_7)1:0.4441410304472901,(((19_6,19_5,19_4,19_3,19_2,19_1,19_8,19_7)1:0.3840315256337229,((18_7,18_6,18_5,18_4,18_3,18_2,18_1,18_8)0.16:0.0,((23_10,23_5,23_4,23_3,23_2,23_1,23_9,23_8,23_7,23_6)0.03:0.0,(20_8,20_7,20_6,20_5,20_4,20_3,20_2,20_1,20_9,20_11,20_10)0.03:0.0)1:0.9805365364764442)1:1.3288699447253707)1:0.996117351552057,((16_1,16_9,16_8,16_7,16_6,16_5,16_4,16_3,16_2)0.97:0.2712017920592317,((21_7,21_6,21_5,21_4,21_3,21_2,21_1,21_9,21_8)0.21:0.0,(((17_10,17_8,17_7,17_6,17_5,17_4,17_3,17_2,17_1,17_9)0.02:0.0,(24_4,24_3,24_2,24_1,24_9,24_8,24_7,24_6,24_5,24_10)0.02:0.0)1:0.9571770868617557,((22_10,22_6,22_5,22_4,22_3,22_2,22_1,22_9,22_8,22_7)0.03:0.0,(25_3,25_2,25_1,25_9,25_8,25_7,25_6,25_5,25_4,25_10)0.04:0.0)1:0.8815260546943168)1:0.9986047655493425)1:1.2701058420604652)1:1.2189905769829619)1:4.706522680248385)1:1.1201780725970736)1:1.1295530706203893)1:1.2574836870882864,((8_1,8_2,8_3,8_4,8_5,8_6,8_7,8_8,8_9)0.05:0.0,(11_6,11_5,11_4,11_3,11_2,11_1)0.04:0.0)1:0.9426817088291448));
Weight calculation took 2.65335458 secs
ASTRAL finished in 77.683 secs
