
================== ASTRAL ===================== 

This is ASTRAL version 5.6.3
Gene trees are treated as unrooted
25 trees read from g_trees-raxml-sqlen-0-ngen-25-s2g.trees
All output trees will be *arbitrarily* rooted at 14

======== Running the main analysis
Number of taxa: 137 (25 species)
Taxa: {22=[22_6, 22_5, 22_4, 22_3, 22_2, 22_1], 23=[23_5, 23_4, 23_3, 23_2, 23_1], 24=[24_4, 24_3, 24_2, 24_1, 24_6, 24_5], 25=[25_3, 25_2, 25_1, 25_6, 25_5, 25_4], 10=[10_5, 10_4, 10_3, 10_2, 10_1], 11=[11_3, 11_2, 11_1], 12=[12_5, 12_4, 12_3, 12_2, 12_1, 12_8, 12_7, 12_6], 13=[13_4, 13_3, 13_2, 13_1, 13_5], 14=[14_3, 14_2, 14_1, 14_8, 14_7, 14_6, 14_5, 14_4], 15=[15_2, 15_1, 15_7, 15_6, 15_5, 15_4, 15_3], 16=[16_1, 16_3, 16_2], 17=[17_6, 17_5, 17_4, 17_3, 17_2, 17_1], 18=[18_3, 18_2, 18_1], 19=[19_5, 19_4, 19_3, 19_2, 19_1], 1=[1_1, 1_2, 1_3, 1_4, 1_5], 2=[2_1, 2_2, 2_3, 2_4, 2_5, 2_6, 2_7], 3=[3_1, 3_2, 3_3, 3_4, 3_5, 3_6, 3_7, 3_8], 4=[4_1, 4_2, 4_3, 4_4, 4_5, 4_6], 5=[5_1, 5_2, 5_3, 5_4, 5_5, 5_6], 6=[6_1, 6_2, 6_3, 6_4, 6_5, 6_6], 7=[7_1, 7_2, 7_3, 7_4, 7_5], 8=[8_1, 8_2, 8_3, 8_4], 9=[9_1, 9_2, 9_3, 9_4], 20=[20_5, 20_4, 20_3, 20_2, 20_1], 21=[21_5, 21_4, 21_3, 21_2, 21_1]}
Taxon occupancy: {14_3=4, 14_2=9, 14_1=17, 10_5=1, 10_4=2, 10_3=6, 10_2=11, 10_1=17, 14_8=1, 18_3=5, 14_7=1, 18_2=6, 14_6=1, 14_5=2, 18_1=12, 14_4=2, 25_3=2, 25_2=6, 25_1=11, 21_5=1, 21_4=1, 21_3=4, 3_1=16, 21_2=9, 3_2=12, 21_1=11, 3_3=5, 3_4=3, 7_1=16, 3_5=1, 7_2=11, 3_6=1, 7_3=6, 3_7=1, 7_4=2, 3_8=1, 25_6=1, 7_5=1, 25_5=1, 25_4=2, 13_4=1, 13_3=4, 13_2=9, 13_1=15, 17_6=1, 17_5=1, 17_4=2, 17_3=2, 17_2=7, 17_1=11, 13_5=1, 24_4=1, 24_3=2, 24_2=6, 24_1=11, 20_5=1, 2_1=17, 20_4=1, 2_2=6, 20_3=2, 2_3=5, 20_2=9, 20_1=13, 2_4=3, 6_1=15, 2_5=3, 6_2=9, 2_6=2, 6_3=7, 2_7=1, 6_4=3, 6_5=1, 6_6=1, 24_6=1, 24_5=1, 16_1=11, 12_5=2, 12_4=2, 12_3=4, 12_2=11, 12_1=15, 12_8=1, 16_3=1, 12_7=1, 16_2=5, 12_6=1, 23_5=1, 23_4=1, 23_3=3, 1_1=15, 23_2=9, 1_2=10, 23_1=13, 1_3=5, 1_4=3, 5_1=15, 1_5=1, 5_2=10, 5_3=6, 5_4=4, 9_1=16, 5_5=3, 9_2=7, 5_6=1, 9_3=3, 9_4=3, 15_2=6, 15_1=17, 11_3=3, 11_2=9, 11_1=16, 19_5=2, 19_4=5, 19_3=7, 15_7=1, 19_2=8, 15_6=2, 19_1=16, 15_5=3, 15_4=3, 15_3=5, 22_6=1, 22_5=1, 22_4=2, 22_3=2, 22_2=6, 22_1=11, 4_1=15, 4_2=10, 4_3=7, 4_4=4, 8_1=16, 4_5=2, 8_2=9, 4_6=1, 8_3=4, 8_4=1}
Number of gene trees: 25
25 trees have missing taxa
Calculating quartet distance matrix (for completion of X)
Species tree distances calculated ...
Will attempt to complete bipartitions from X before adding using a distance matrix.
Building set of clusters (X) from gene trees 
In second round sampling 4 rounds will be done
------------------------------
gradient0: 275
------------------------------
gradient1: 132
------------------------------
gradient2: 96
------------------------------
gradient3: 66
Number of Clusters after addition by distance: 569
calculating extra bipartitions to be added at level 1 ...
Adding to X using resolutions of greedy consensus ...
Limit for sigma of degrees:675
polytomy size limit : 5
discarded polytomies:  [3, 5]
Threshold 0.0:
Threshold 0.01:
Threshold 0.02:
Threshold 0.05:
Threshold 0.1:
Threshold 0.2:
polytomy of size 3; rounds with additions with at least 5 support: 0; clusters: 569
Threshold 0.3333333333333333:
polytomy of size 5; rounds with additions with at least 5 support: 0; clusters: 569
max k is :0
Number of Clusters after addition by greedy: 569
gradient0 in heuristiic: 569
calculating extra bipartitions to be added at level 1 ...
Adding to X using resolutions of greedy consensus ...
Limit for sigma of degrees:675
polytomy size limit : 7
discarded polytomies:  [4, 4, 5, 7]
Threshold 0.0:
Threshold 0.01:
Threshold 0.02:
Threshold 0.05:
polytomy of size 4; rounds with additions with at least 5 support: 0; clusters: 573
Threshold 0.1:
polytomy of size 4; rounds with additions with at least 5 support: 0; clusters: 575
Threshold 0.2:
polytomy of size 5; rounds with additions with at least 5 support: 1; clusters: 579
Threshold 0.3333333333333333:
polytomy of size 7; rounds with additions with at least 5 support: 0; clusters: 581
max k is :2
Number of Clusters after addition by greedy: 581
gradient1 in heuristiic: 12
calculating extra bipartitions to be added at level 1 ...
Adding to X using resolutions of greedy consensus ...
Limit for sigma of degrees:675
polytomy size limit : 6
discarded polytomies:  [3, 6]
Threshold 0.0:
Threshold 0.01:
Threshold 0.02:
Threshold 0.05:
Threshold 0.1:
Threshold 0.2:
polytomy of size 3; rounds with additions with at least 5 support: 0; clusters: 581
Threshold 0.3333333333333333:
polytomy of size 6; rounds with additions with at least 5 support: 0; clusters: 583
max k is :0
Number of Clusters after addition by greedy: 583
gradient2 in heuristiic: 2
calculating extra bipartitions to be added at level 1 ...
Adding to X using resolutions of greedy consensus ...
Limit for sigma of degrees:675
polytomy size limit : 6
discarded polytomies:  [3, 4, 6]
Threshold 0.0:
Threshold 0.01:
Threshold 0.02:
Threshold 0.05:
Threshold 0.1:
polytomy of size 3; rounds with additions with at least 5 support: 0; clusters: 583
Threshold 0.2:
polytomy of size 4; rounds with additions with at least 5 support: 0; clusters: 583
Threshold 0.3333333333333333:
polytomy of size 6; rounds with additions with at least 5 support: 0; clusters: 583
max k is :0
Number of Clusters after addition by greedy: 583
gradient3 in heuristiic: 0
partitions formed in 4.358 secs
Dynamic Programming starting after 4.358 secs
Using tree-based weight calculation.
Using polytree-based weight calculation.
Polytree max score: 4973558
Polytree building time: 0.013 seconds.
Number of quartet trees in the gene trees: 4929434
Size of largest cluster: 137
Greedy score: 2025909
estimationFactor: 2.4549760132365273
Sub-optimal score: 2176699
Total Number of elements weighted: 1559
Normalized score (portion of input quartet trees satisfied before correcting for multiple individuals): 0.4698754461465556
Optimization score: 2316220
Optimal tree inferred in 4.53 secs.
(16,(21,(((17,24),(25,22)),((19,(18,(20,23))),(5,(((13,1),(9,(2,15))),(14,((10,(11,8)),((6,4),(7,(3,12)))))))))));
Final quartet score is: 2573927
Final normalized quartet score is: 0.5221546733357217
You may want to ignore posterior probabilities and other statistics related to the following branch branch because the effective number of genes impacting it is only 3:
	{14}
You may want to ignore posterior probabilities and other statistics related to the following branch branch because the effective number of genes impacting it is only 6:
	{10}
You may want to ignore posterior probabilities and other statistics related to the following branch branch because the effective number of genes impacting it is only 7:
	{11}
You may want to ignore posterior probabilities and other statistics related to the following branch branch because the effective number of genes impacting it is only 5:
	{8}
You may want to ignore posterior probabilities and other statistics related to the following branch branch because the effective number of genes impacting it is only 16:
	{11, 8}
You may want to ignore posterior probabilities and other statistics related to the following branch branch because the effective number of genes impacting it is only 16:
	{10, 11, 8}
You may want to ignore posterior probabilities and other statistics related to the following branch branch because the effective number of genes impacting it is only 5:
	{6}
You may want to ignore posterior probabilities and other statistics related to the following branch branch because the effective number of genes impacting it is only 5:
	{4}
You may want to ignore posterior probabilities and other statistics related to the following branch branch because the effective number of genes impacting it is only 15:
	{6, 4}
You may want to ignore posterior probabilities and other statistics related to the following branch branch because the effective number of genes impacting it is only 5:
	{7}
You may want to ignore posterior probabilities and other statistics related to the following branch branch because the effective number of genes impacting it is only 4:
	{3}
You may want to ignore posterior probabilities and other statistics related to the following branch branch because the effective number of genes impacting it is only 4:
	{12}
You may want to ignore posterior probabilities and other statistics related to the following branch branch because the effective number of genes impacting it is only 14:
	{3, 12}
You may want to ignore posterior probabilities and other statistics related to the following branch branch because the effective number of genes impacting it is only 13:
	{3, 7, 12}
You may want to ignore posterior probabilities and other statistics related to the following branch branch because the effective number of genes impacting it is only 15:
	{3, 7, 6, 12, 4}
You may want to ignore posterior probabilities and other statistics related to the following branch branch because the effective number of genes impacting it is only 14:
	{10, 3, 7, 6, 12, 11, 4, 8}
You may want to ignore posterior probabilities and other statistics related to the following branch branch because the effective number of genes impacting it is only 4:
	{13}
You may want to ignore posterior probabilities and other statistics related to the following branch branch because the effective number of genes impacting it is only 5:
	{1}
You may want to ignore posterior probabilities and other statistics related to the following branch branch because the effective number of genes impacting it is only 14:
	{13, 1}
You may want to ignore posterior probabilities and other statistics related to the following branch branch because the effective number of genes impacting it is only 5:
	{9}
You may want to ignore posterior probabilities and other statistics related to the following branch branch because the effective number of genes impacting it is only 3:
	{2}
You may want to ignore posterior probabilities and other statistics related to the following branch branch because the effective number of genes impacting it is only 3:
	{15}
You may want to ignore posterior probabilities and other statistics related to the following branch branch because the effective number of genes impacting it is only 16:
	{2, 15}
You may want to ignore posterior probabilities and other statistics related to the following branch branch because the effective number of genes impacting it is only 13:
	{2, 9, 15}
You may want to ignore posterior probabilities and other statistics related to the following branch branch because the effective number of genes impacting it is only 12:
	{13, 2, 1, 9, 15}
You may want to ignore posterior probabilities and other statistics related to the following branch branch because the effective number of genes impacting it is only 4:
	{5}
You may want to ignore posterior probabilities and other statistics related to the following branch branch because the effective number of genes impacting it is only 4:
	{19}
You may want to ignore posterior probabilities and other statistics related to the following branch branch because the effective number of genes impacting it is only 5:
	{18}
You may want to ignore posterior probabilities and other statistics related to the following branch branch because the effective number of genes impacting it is only 4:
	{20}
You may want to ignore posterior probabilities and other statistics related to the following branch branch because the effective number of genes impacting it is only 4:
	{23}
You may want to ignore posterior probabilities and other statistics related to the following branch branch because the effective number of genes impacting it is only 12:
	{20, 23}
You may want to ignore posterior probabilities and other statistics related to the following branch branch because the effective number of genes impacting it is only 10:
	{18, 20, 23}
You may want to ignore posterior probabilities and other statistics related to the following branch branch because the effective number of genes impacting it is only 3:
	{18, 20, 23, 19}
You may want to ignore posterior probabilities and other statistics related to the following branch branch because the effective number of genes impacting it is only 3:
	{17}
You may want to ignore posterior probabilities and other statistics related to the following branch branch because the effective number of genes impacting it is only 2:
	{24}
You may want to ignore posterior probabilities and other statistics related to the following branch branch because the effective number of genes impacting it is only 11:
	{17, 24}
You may want to ignore posterior probabilities and other statistics related to the following branch branch because the effective number of genes impacting it is only 3:
	{25}
You may want to ignore posterior probabilities and other statistics related to the following branch branch because the effective number of genes impacting it is only 3:
	{22}
You may want to ignore posterior probabilities and other statistics related to the following branch branch because the effective number of genes impacting it is only 11:
	{25, 22}
You may want to ignore posterior probabilities and other statistics related to the following branch branch because the effective number of genes impacting it is only 11:
	{25, 17, 24, 22}
You may want to ignore posterior probabilities and other statistics related to the following branch branch because the effective number of genes impacting it is only 3:
	{21}
You may want to ignore posterior probabilities and other statistics related to the following branch branch because the effective number of genes impacting it is only 3:
	{16}
You may want to ignore posterior probabilities and other statistics related to the following branch branch because the effective number of genes impacting it is only 8:
	{21, 16}
You may want to ignore posterior probabilities and other statistics related to the following branch branch because the effective number of genes impacting it is only 6:
	{25, 21, 17, 24, 16, 22}
You may want to ignore posterior probabilities and other statistics related to the following branch branch because the effective number of genes impacting it is only 6:
	{18, 25, 21, 17, 24, 20, 16, 23, 19, 22}
You may want to ignore posterior probabilities and other statistics related to the following branch branch because the effective number of genes impacting it is only 10:
	{18, 25, 21, 17, 24, 20, 16, 23, 5, 19, 22}
You may want to ignore posterior probabilities and other statistics related to the following branch branch because the effective number of genes impacting it is only 12:
	{18, 25, 21, 13, 17, 24, 20, 2, 16, 23, 1, 5, 9, 15, 19, 22}
((14_3,14_2,14_1,14_8,14_7,14_6,14_5,14_4)0.31:0.0,((((10_5,10_4,10_3,10_2,10_1)0.25:0.0,((11_3,11_2,11_1)0.12:0.0,(8_1,8_2,8_3,8_4)0.13:0.0)0.99:0.6069997410368403)1:0.6932045438712355,(((6_1,6_2,6_3,6_4,6_5,6_6)0.19:0.0,(4_1,4_2,4_3,4_4,4_5,4_6)0.18:0.0)0.97:0.49859422119370794,((7_1,7_2,7_3,7_4,7_5)0.25:0.0,((3_1,3_2,3_3,3_4,3_5,3_6,3_7,3_8)0.21:0.0,(12_5,12_4,12_3,12_2,12_1,12_8,12_7,12_6)0.22:0.0)0.94:0.42982770542651305)0.08:0.0)0.96:0.45141723663325783)1:0.9073190462180314,((((13_4,13_3,13_2,13_1,13_5)0.13:0.0,(1_1,1_2,1_3,1_4,1_5)0.28:0.0)1:0.7974359655101443,((9_1,9_2,9_3,9_4)0.2:0.0,((2_1,2_2,2_3,2_4,2_5,2_6,2_7)0.21:0.0,(15_2,15_1,15_7,15_6,15_5,15_4,15_3)0.21:0.0)1:0.9549651499285505)0.98:0.6026075033588452)0.98:0.5844707578712852,((5_1,5_2,5_3,5_4,5_5,5_6)0.49:0.06514006224669563,(((19_5,19_4,19_3,19_2,19_1)0.58:0.15201620729862575,((18_3,18_2,18_1)0.17:0.0,((20_5,20_4,20_3,20_2,20_1)0.18:0.0,(23_5,23_4,23_3,23_2,23_1)0.15:0.0)0.99:0.7634229258597856)0.99:0.8362480242006187)0.71:0.31177962403084136,((((17_6,17_5,17_4,17_3,17_2,17_1)0.24:0.0,(24_4,24_3,24_2,24_1,24_6,24_5)0.19:0.0)0.98:0.6689063411871063,((25_3,25_2,25_1,25_6,25_5,25_4)0.18:0.0,(22_6,22_5,22_4,22_3,22_2,22_1)0.18:0.0)0.96:0.5269659838751748)0.98:0.6655069227417546,((21_5,21_4,21_3,21_2,21_1)0.34:0.0,(16_1,16_3,16_2)0.28:0.0)0.07:0.0)0.9:0.5378309994352518)1:1.5404450409471486)0.95:0.5381714490411295)0.01:0.0));
Weight calculation took 0.197345415 secs
ASTRAL finished in 5.105 secs
