
================== ASTRAL ===================== 

This is ASTRAL version 5.6.3
Gene trees are treated as unrooted
100 trees read from g_trees-raxml-sqlen-250-ngen-100-s2g.trees
All output trees will be *arbitrarily* rooted at 14

======== Running the main analysis
Number of taxa: 171 (25 species)
Taxa: {22=[22_6, 22_5, 22_4, 22_3, 22_2, 22_1, 22_9, 22_8, 22_7], 23=[23_5, 23_4, 23_3, 23_2, 23_1, 23_6], 24=[24_4, 24_3, 24_2, 24_1, 24_9, 24_8, 24_7, 24_6, 24_5], 25=[25_3, 25_2, 25_1, 25_9, 25_8, 25_7, 25_6, 25_5, 25_4, 25_10], 10=[10_5, 10_4, 10_3, 10_2, 10_1], 11=[11_6, 11_5, 11_4, 11_3, 11_2, 11_1], 12=[12_5, 12_4, 12_3, 12_2, 12_1, 12_8, 12_7, 12_6], 13=[13_4, 13_3, 13_2, 13_1, 13_5], 14=[14_3, 14_2, 14_1, 14_8, 14_7, 14_6, 14_5, 14_4], 15=[15_2, 15_1, 15_7, 15_6, 15_5, 15_4, 15_3], 16=[16_1, 16_7, 16_6, 16_5, 16_4, 16_3, 16_2], 17=[17_8, 17_7, 17_6, 17_5, 17_4, 17_3, 17_2, 17_1, 17_9], 18=[18_6, 18_5, 18_4, 18_3, 18_2, 18_1], 19=[19_6, 19_5, 19_4, 19_3, 19_2, 19_1, 19_7], 1=[1_1, 1_2, 1_3, 1_4, 1_5], 2=[2_1, 2_2, 2_3, 2_4, 2_5, 2_6, 2_7], 3=[3_1, 3_2, 3_3, 3_4, 3_5, 3_6, 3_7, 3_8], 4=[4_1, 4_2, 4_3, 4_4, 4_5, 4_6], 5=[5_1, 5_2, 5_3, 5_4, 5_5, 5_6], 6=[6_1, 6_2, 6_3, 6_4, 6_5, 6_6], 7=[7_1, 7_2, 7_3, 7_4, 7_5], 8=[8_1, 8_2, 8_3, 8_4, 8_5, 8_6, 8_7], 9=[9_1, 9_2, 9_3, 9_4, 9_5], 20=[20_5, 20_4, 20_3, 20_2, 20_1], 21=[21_7, 21_6, 21_5, 21_4, 21_3, 21_2, 21_1, 21_9, 21_8]}
Taxon occupancy: {14_3=10, 14_2=24, 14_1=61, 10_5=2, 10_4=4, 10_3=12, 10_2=27, 10_1=56, 18_6=1, 18_5=2, 14_8=1, 18_4=6, 18_3=15, 14_7=1, 18_2=27, 14_6=1, 14_5=3, 18_1=62, 14_4=3, 25_3=18, 21_7=1, 25_2=33, 21_6=3, 25_1=60, 21_5=4, 21_4=6, 21_3=16, 3_1=52, 21_2=33, 3_2=28, 21_1=58, 3_3=14, 3_4=6, 7_1=58, 3_5=3, 7_2=31, 3_6=2, 25_9=1, 7_3=14, 3_7=1, 25_8=1, 7_4=6, 3_8=1, 25_7=1, 25_6=3, 7_5=1, 25_5=4, 21_9=1, 25_4=8, 21_8=1, 13_4=4, 13_3=11, 25_10=1, 13_2=29, 13_1=59, 17_8=1, 17_7=1, 17_6=2, 17_5=4, 17_4=11, 17_3=16, 17_2=31, 17_1=58, 13_5=2, 24_4=7, 24_3=16, 24_2=31, 24_1=57, 20_5=5, 2_1=61, 20_4=8, 2_2=25, 20_3=15, 2_3=16, 20_2=31, 20_1=62, 2_4=11, 6_1=49, 2_5=5, 6_2=26, 2_6=2, 6_3=15, 2_7=1, 6_4=5, 24_9=1, 6_5=1, 24_8=1, 6_6=1, 24_7=1, 24_6=2, 24_5=4, 17_9=1, 16_1=58, 12_5=5, 12_4=6, 12_3=10, 12_2=28, 12_1=52, 16_7=2, 16_6=2, 16_5=3, 12_8=1, 16_4=5, 16_3=11, 12_7=1, 16_2=29, 12_6=1, 23_5=5, 23_4=8, 23_3=15, 1_1=57, 23_2=29, 1_2=33, 23_1=63, 1_3=14, 1_4=8, 5_1=52, 1_5=2, 5_2=32, 5_3=16, 5_4=9, 9_1=60, 5_5=4, 9_2=28, 5_6=1, 9_3=13, 9_4=8, 23_6=2, 9_5=1, 15_2=25, 11_6=1, 15_1=61, 11_5=1, 11_4=1, 11_3=9, 11_2=28, 11_1=56, 19_6=2, 19_5=4, 19_4=15, 19_3=25, 15_7=1, 19_2=35, 15_6=2, 19_1=63, 15_5=5, 15_4=11, 15_3=16, 22_6=2, 22_5=4, 22_4=8, 22_3=19, 22_2=34, 22_1=60, 4_1=49, 4_2=29, 4_3=15, 4_4=6, 8_1=58, 4_5=2, 8_2=30, 4_6=1, 8_3=11, 8_4=3, 22_9=1, 22_8=1, 8_5=1, 22_7=1, 8_6=1, 8_7=1, 19_7=2}
Number of gene trees: 100
100 trees have missing taxa
Calculating quartet distance matrix (for completion of X)
Species tree distances calculated ...
Will attempt to complete bipartitions from X before adding using a distance matrix.
Building set of clusters (X) from gene trees 
In second round sampling 4 rounds will be done
------------------------------
gradient0: 391
------------------------------
gradient1: 196
------------------------------
gradient2: 106
------------------------------
gradient3: 138
Number of Clusters after addition by distance: 831
calculating extra bipartitions to be added at level 1 ...
Adding to X using resolutions of greedy consensus ...
Limit for sigma of degrees:675
polytomy size limit : 3
discarded polytomies:  []
Threshold 0.0:
Threshold 0.01:
Threshold 0.02:
Threshold 0.05:
Threshold 0.1:
Threshold 0.2:
Threshold 0.3333333333333333:
max k is :0
Number of Clusters after addition by greedy: 831
gradient0 in heuristiic: 831
calculating extra bipartitions to be added at level 1 ...
Adding to X using resolutions of greedy consensus ...
Limit for sigma of degrees:675
polytomy size limit : 3
discarded polytomies:  [3, 3]
Threshold 0.0:
Threshold 0.01:
Threshold 0.02:
Threshold 0.05:
Threshold 0.1:
Threshold 0.2:
Threshold 0.3333333333333333:
polytomy of size 3; rounds with additions with at least 5 support: 0; clusters: 831
polytomy of size 3; rounds with additions with at least 5 support: 0; clusters: 831
max k is :0
Number of Clusters after addition by greedy: 831
gradient1 in heuristiic: 0
calculating extra bipartitions to be added at level 1 ...
Adding to X using resolutions of greedy consensus ...
Limit for sigma of degrees:675
polytomy size limit : 3
discarded polytomies:  [3]
Threshold 0.0:
Threshold 0.01:
Threshold 0.02:
Threshold 0.05:
Threshold 0.1:
Threshold 0.2:
Threshold 0.3333333333333333:
polytomy of size 3; rounds with additions with at least 5 support: 0; clusters: 831
max k is :0
Number of Clusters after addition by greedy: 831
gradient2 in heuristiic: 0
calculating extra bipartitions to be added at level 1 ...
Adding to X using resolutions of greedy consensus ...
Limit for sigma of degrees:675
polytomy size limit : 3
discarded polytomies:  [3]
Threshold 0.0:
Threshold 0.01:
Threshold 0.02:
Threshold 0.05:
Threshold 0.1:
Threshold 0.2:
Threshold 0.3333333333333333:
polytomy of size 3; rounds with additions with at least 5 support: 0; clusters: 831
max k is :0
Number of Clusters after addition by greedy: 831
gradient3 in heuristiic: 0
partitions formed in 13.639 secs
Dynamic Programming starting after 13.639 secs
Using tree-based weight calculation.
Using polytree-based weight calculation.
Polytree max score: 13332621
Polytree building time: 0.024 seconds.
Number of quartet trees in the gene trees: 13202900
Size of largest cluster: 171
Greedy score: 6340867
estimationFactor: 2.1026493614635537
Sub-optimal score: 6460423
Total Number of elements weighted: 2367
Normalized score (portion of input quartet trees satisfied before correcting for multiple individuals): 0.5078427845397602
Optimization score: 6704997
Optimal tree inferred in 13.992 secs.
(7,(((6,4),(3,12)),((10,(11,8)),((14,((13,1),(9,(2,15)))),(5,((19,(18,(20,23))),(16,(21,((17,24),(25,22))))))))));
Final quartet score is: 7444188
Final normalized quartet score is: 0.5638297646729128
You may want to ignore posterior probabilities and other statistics related to the following branch branch because the effective number of genes impacting it is only 8:
	{14}
You may want to ignore posterior probabilities and other statistics related to the following branch branch because the effective number of genes impacting it is only 15:
	{13}
You may want to ignore posterior probabilities and other statistics related to the following branch branch because the effective number of genes impacting it is only 18:
	{1}
You may want to ignore posterior probabilities and other statistics related to the following branch branch because the effective number of genes impacting it is only 15:
	{9}
You may want to ignore posterior probabilities and other statistics related to the following branch branch because the effective number of genes impacting it is only 12:
	{2}
You may want to ignore posterior probabilities and other statistics related to the following branch branch because the effective number of genes impacting it is only 12:
	{15}
You may want to ignore posterior probabilities and other statistics related to the following branch branch because the effective number of genes impacting it is only 11:
	{5}
You may want to ignore posterior probabilities and other statistics related to the following branch branch because the effective number of genes impacting it is only 13:
	{19}
You may want to ignore posterior probabilities and other statistics related to the following branch branch because the effective number of genes impacting it is only 13:
	{18}
You may want to ignore posterior probabilities and other statistics related to the following branch branch because the effective number of genes impacting it is only 18:
	{20}
You may want to ignore posterior probabilities and other statistics related to the following branch branch because the effective number of genes impacting it is only 14:
	{23}
You may want to ignore posterior probabilities and other statistics related to the following branch branch because the effective number of genes impacting it is only 11:
	{16}
You may want to ignore posterior probabilities and other statistics related to the following branch branch because the effective number of genes impacting it is only 10:
	{21}
You may want to ignore posterior probabilities and other statistics related to the following branch branch because the effective number of genes impacting it is only 10:
	{17}
You may want to ignore posterior probabilities and other statistics related to the following branch branch because the effective number of genes impacting it is only 10:
	{24}
You may want to ignore posterior probabilities and other statistics related to the following branch branch because the effective number of genes impacting it is only 10:
	{25}
You may want to ignore posterior probabilities and other statistics related to the following branch branch because the effective number of genes impacting it is only 11:
	{22}
You may want to ignore posterior probabilities and other statistics related to the following branch branch because the effective number of genes impacting it is only 14:
	{10}
You may want to ignore posterior probabilities and other statistics related to the following branch branch because the effective number of genes impacting it is only 11:
	{11}
You may want to ignore posterior probabilities and other statistics related to the following branch branch because the effective number of genes impacting it is only 10:
	{8}
You may want to ignore posterior probabilities and other statistics related to the following branch branch because the effective number of genes impacting it is only 12:
	{6}
You may want to ignore posterior probabilities and other statistics related to the following branch branch because the effective number of genes impacting it is only 13:
	{4}
You may want to ignore posterior probabilities and other statistics related to the following branch branch because the effective number of genes impacting it is only 10:
	{3}
You may want to ignore posterior probabilities and other statistics related to the following branch branch because the effective number of genes impacting it is only 9:
	{12}
You may want to ignore posterior probabilities and other statistics related to the following branch branch because the effective number of genes impacting it is only 16:
	{7}
((14_3,14_2,14_1,14_8,14_7,14_6,14_5,14_4)0.4:0.0,((((13_4,13_3,13_2,13_1,13_5)0.08:0.0,(1_1,1_2,1_3,1_4,1_5)0.2:0.0)1:1.1835648138755668,((9_1,9_2,9_3,9_4,9_5)0.24:0.0,((2_1,2_2,2_3,2_4,2_5,2_6,2_7)0.1:0.0,(15_2,15_1,15_7,15_6,15_5,15_4,15_3)0.1:0.0)1:1.0502854569575548)1:0.46295094364807915)1:0.8387437513707104,(((5_1,5_2,5_3,5_4,5_5,5_6)0.66:0.1751620458424487,(((19_6,19_5,19_4,19_3,19_2,19_1,19_7)0.78:0.2416731448657638,((18_6,18_5,18_4,18_3,18_2,18_1)0.14:0.0,((20_5,20_4,20_3,20_2,20_1)0.1:0.0,(23_5,23_4,23_3,23_2,23_1,23_6)0.08:0.0)1:0.8379422382726095)1:1.0273819754290547)0.83:0.22874109962815484,((16_1,16_7,16_6,16_5,16_4,16_3,16_2)0.64:0.16345131529834417,((21_7,21_6,21_5,21_4,21_3,21_2,21_1,21_9,21_8)0.21:0.0,(((17_8,17_7,17_6,17_5,17_4,17_3,17_2,17_1,17_9)0.11:0.0,(24_4,24_3,24_2,24_1,24_9,24_8,24_7,24_6,24_5)0.11:0.0)1:0.7992525233631782,((25_3,25_2,25_1,25_9,25_8,25_7,25_6,25_5,25_4,25_10)0.11:0.0,(22_6,22_5,22_4,22_3,22_2,22_1,22_9,22_8,22_7)0.12:0.0)1:0.5636692917881738)1:0.7422184970910055)1:0.8304910650271113)1:0.6492612260974551)1:2.92673940206704)0.99:0.37190171825502255,(((10_5,10_4,10_3,10_2,10_1)0.18:0.0,((11_6,11_5,11_4,11_3,11_2,11_1)0.19:0.0,(8_1,8_2,8_3,8_4,8_5,8_6,8_7)0.15:0.0)1:0.7217594142341733)1:0.9524029257283045,((((6_1,6_2,6_3,6_4,6_5,6_6)0.13:0.0,(4_1,4_2,4_3,4_4,4_5,4_6)0.15:0.0)1:0.6978372411003713,((3_1,3_2,3_3,3_4,3_5,3_6,3_7,3_8)0.13:0.0,(12_5,12_4,12_3,12_2,12_1,12_8,12_7,12_6)0.13:0.0)1:0.6485338763243789)1:0.6379502843516928,(7_1,7_2,7_3,7_4,7_5)0.41:0.01621792460089065)1:0.6135602923035512)1:0.6983529389532792)1:0.6316626320693101));
Weight calculation took 0.408419007 secs
ASTRAL finished in 14.278 secs
