
================== ASTRAL ===================== 

This is ASTRAL version 5.6.3
Gene trees are treated as unrooted
1262 trees read from g_trees-raxml-sqlen-25-ngen-500.trees.tree
All output trees will be *arbitrarily* rooted at 4

======== Running the main analysis
Number of taxa: 25 (25 species)
Taxa: [4, 6, 7, 12, 3, 11, 8, 10, 14, 9, 13, 1, 15, 2, 21, 22, 25, 17, 24, 5, 16, 18, 20, 23, 19]
Taxon occupancy: {22=735, 23=743, 24=737, 25=750, 10=881, 11=912, 12=910, 13=875, 14=891, 15=901, 16=716, 17=747, 18=692, 19=648, 1=892, 2=893, 3=836, 4=838, 5=639, 6=876, 7=866, 8=926, 9=861, 20=730, 21=657}
Number of gene trees: 1262
1258 trees have missing taxa
Calculating quartet distance matrix (for completion of X)
Species tree distances calculated ...
Will attempt to complete bipartitions from X before adding using a distance matrix.
Building set of clusters (X) from gene trees 
------------------------------
gradient0: 1693
Number of Clusters after addition by distance: 1693
calculating extra bipartitions to be added at level 1 ...
Adding to X using resolutions of greedy consensus ...
Limit for sigma of degrees:675
polytomy size limit : 3
discarded polytomies:  [3]
Threshold 0.0:
Threshold 0.01:
Threshold 0.02:
Threshold 0.05:
Threshold 0.1:
Threshold 0.2:
Threshold 0.3333333333333333:
polytomy of size 3; rounds with additions with at least 5 support: 0; clusters: 1693
max k is :0
Number of Clusters after addition by greedy: 1693
gradient0 in heuristiic: 1693
partitions formed in 0.892 secs
Dynamic Programming starting after 0.892 secs
Using tree-based weight calculation.
Using polytree-based weight calculation.
Polytree max score: 2826450
Polytree building time: 0.099 seconds.
Number of quartet trees in the gene trees: 2826450
Size of largest cluster: 25
Greedy score: 1927085
estimationFactor: 1.4666971098835806
Sub-optimal score: 2083357
Total Number of elements weighted: 6675
Normalized score (portion of input quartet trees satisfied before correcting for multiple individuals): 0.7585472943091157
Optimization score: 2143996
Optimal tree inferred in 5.294 secs.
(16,((21,((22,25),(17,24))),((19,(18,(20,23))),((5,(14,((13,1),(9,(15,2))))),((10,(11,8)),(7,((4,6),(12,3))))))));
Final quartet score is: 2143996
Final normalized quartet score is: 0.7585472943091157
(4,(6,((12,3)1:0.5497477590293506,(7,((10,(11,8)1:0.3388256365628076)1:0.6812164881327935,((5,(14,((13,1)1:1.0494810256389637,(9,(15,2)1:3.1087244995604992)1:0.12613933060336568)1:0.4326398014515272)0.64:0.03632332713009886)0.99:0.09082554617133355,((19,(18,(20,23)1:0.8027212369743931)1:1.5929299036288274)0.15:0.02222972505298086,((21,((22,25)1:0.38413895048131635,(17,24)1:1.1593404187611958)1:0.5391523200356306)1:0.48437717282704723,16)1:0.38264699248348927)1:1.4667405807127019)1:0.2737556165993134)1:0.30533339293264145)1:0.5156820334561225)1:0.8177083244654474));
Weight calculation took 4.179850244 secs
ASTRAL finished in 6.808 secs
