
================== ASTRAL ===================== 

This is ASTRAL version 5.6.3
Gene trees are treated as unrooted
77 trees read from g_trees-raxml-sqlen-50-ngen-50.trees.tree
All output trees will be *arbitrarily* rooted at 8

======== Running the main analysis
Number of taxa: 25 (25 species)
Taxa: [8, 10, 7, 12, 3, 6, 4, 11, 15, 2, 9, 1, 13, 14, 21, 17, 24, 22, 25, 5, 16, 20, 18, 23, 19]
Taxon occupancy: {22=43, 23=21, 24=46, 25=44, 10=54, 11=59, 12=57, 13=55, 14=44, 15=66, 16=22, 17=46, 18=19, 19=29, 1=56, 2=66, 3=59, 4=61, 5=38, 6=58, 7=57, 8=61, 9=65, 20=20, 21=28}
Number of gene trees: 77
77 trees have missing taxa
Calculating quartet distance matrix (for completion of X)
Species tree distances calculated ...
Will attempt to complete bipartitions from X before adding using a distance matrix.
Building set of clusters (X) from gene trees 
------------------------------
gradient0: 331
Number of Clusters after addition by distance: 331
calculating extra bipartitions to be added at level 1 ...
Adding to X using resolutions of greedy consensus ...
Limit for sigma of degrees:675
polytomy size limit : 3
discarded polytomies:  [3]
Threshold 0.0:
Threshold 0.01:
Threshold 0.02:
Threshold 0.05:
Threshold 0.1:
Threshold 0.2:
Threshold 0.3333333333333333:
polytomy of size 3; rounds with additions with at least 5 support: 0; clusters: 331
max k is :0
Number of Clusters after addition by greedy: 331
gradient0 in heuristiic: 331
partitions formed in 0.193 secs
Dynamic Programming starting after 0.193 secs
Using tree-based weight calculation.
Using polytree-based weight calculation.
Polytree max score: 131448
Polytree building time: 0.013 seconds.
Number of quartet trees in the gene trees: 131448
Size of largest cluster: 25
Greedy score: 99834
estimationFactor: 1.3166656650039066
Sub-optimal score: 107727
Total Number of elements weighted: 527
Normalized score (portion of input quartet trees satisfied before correcting for multiple individuals): 0.8479094394741646
Optimization score: 111456
Optimal tree inferred in 0.294 secs.
(16,((21,((17,24),(22,25))),((19,(23,(20,18))),((10,(8,11)),((7,((6,4),(12,3))),(5,(14,((1,13),(9,(15,2))))))))));
Final quartet score is: 111456
Final normalized quartet score is: 0.8479094394741646
You may want to ignore posterior probabilities and other statistics related to the following branch branch because the effective number of genes impacting it is only 18:
	{20, 18}
You may want to ignore posterior probabilities and other statistics related to the following branch branch because the effective number of genes impacting it is only 11:
	{20, 18, 23}
You may want to ignore posterior probabilities and other statistics related to the following branch branch because the effective number of genes impacting it is only 9:
	{20, 18, 23, 19}
You may want to ignore posterior probabilities and other statistics related to the following branch branch because the effective number of genes impacting it is only 6:
	{21, 17, 24, 22, 25}
You may want to ignore posterior probabilities and other statistics related to the following branch branch because the effective number of genes impacting it is only 15:
	{21, 17, 24, 22, 25, 16}
(8,(11,(10,(((7,((6,4)1:2.2881963555419467,(12,3)1:1.0367368849500218)0.94:0.24973600431801798)1:0.6050844270678923,(5,(14,((1,13)1:1.9661128563728347,(9,(15,2)1:3.7534179752515073)1:1.0198389706856896)1:0.8461219101023828)0.97:0.3556550560379867)0.59:0.11887344085648338)0.97:0.2716389476112052,((19,(23,(20,18)0.65:0.14107859825990549)1:1.2501621867953108)0.99:0.7985076962177715,((21,((17,24)0.99:0.31805317032807956,(22,25)1:0.5108256237659905)1:1.4588650539547259)1:1.5404450409471486,16)0.22:0.09844007281325252)1:2.6855773452501523)1:3.283414346005771)1:0.7339691750802005));
Weight calculation took 0.040578164 secs
ASTRAL finished in 0.565 secs
