
================== ASTRAL ===================== 

This is ASTRAL version 5.6.3
Gene trees are treated as unrooted
3540 trees read from g_trees-raxml-sqlen-0-ngen-25.trees.tree
All output trees will be *arbitrarily* rooted at 8

======== Running the main analysis
Number of taxa: 25 (25 species)
Taxa: [8, 11, 10, 6, 4, 12, 3, 7, 9, 15, 2, 14, 5, 19, 13, 1, 21, 24, 17, 22, 25, 23, 20, 16, 18]
Taxon occupancy: {22=3311, 23=3326, 24=3309, 25=3307, 10=3434, 11=3407, 12=2156, 13=3395, 14=274, 15=1830, 16=3004, 17=3309, 18=3318, 19=3394, 1=3393, 2=1830, 3=2174, 4=3390, 5=206, 6=3375, 7=3419, 8=3430, 9=3389, 20=3318, 21=3290}
Number of gene trees: 3540
3540 trees have missing taxa
Calculating quartet distance matrix (for completion of X)
Species tree distances calculated ...
Will attempt to complete bipartitions from X before adding using a distance matrix.
Building set of clusters (X) from gene trees 
------------------------------
gradient0: 97
Number of Clusters after addition by distance: 97
calculating extra bipartitions to be added at level 1 ...
Adding to X using resolutions of greedy consensus ...
Limit for sigma of degrees:675
polytomy size limit : 3
discarded polytomies:  []
Threshold 0.0:
Threshold 0.01:
Threshold 0.02:
Threshold 0.05:
Threshold 0.1:
Threshold 0.2:
Threshold 0.3333333333333333:
max k is :0
Number of Clusters after addition by greedy: 97
gradient0 in heuristiic: 97
partitions formed in 1.174 secs
Dynamic Programming starting after 1.174 secs
Using tree-based weight calculation.
Using polytree-based weight calculation.
Polytree max score: 20576546
Polytree building time: 0.166 seconds.
Number of quartet trees in the gene trees: 20576546
Size of largest cluster: 25
Greedy score: 20576546
estimationFactor: 1.0
Sub-optimal score: 20576546
Total Number of elements weighted: 82
Normalized score (portion of input quartet trees satisfied before correcting for multiple individuals): 1.0
Optimization score: 20576546
Optimal tree inferred in 1.548 secs.
(25,(22,((24,17),(21,(16,((19,(18,(23,20))),(5,((14,((13,1),(9,(15,2)))),((10,(8,11)),(7,((12,3),(6,4))))))))))));
Final quartet score is: 20576546
Final normalized quartet score is: 1.0
(8,(11,(10,((7,((12,3)1:7.231769280681267,(6,4)1:7.237059026124651)1:7.219153878051234)1:7.720757421350181,((14,((13,1)1:7.721348612618089,(9,(15,2)1:7.082268653328336)1:7.063048163388136)1:4.770684624465674)1:4.747826486389606,(5,((19,(18,(23,20)1:7.698331604873474)1:7.69378545368872)1:7.673223121121735,(16,(21,((24,17)1:7.699238360262842,(22,25)1:7.695606395011383)1:7.686774298615987)1:7.5803595583106596)1:7.589841512182584)1:4.071871706370043)1:4.365219516357503)1:7.725477194123839)1:7.732807530422099)1:7.7257714415879635));
Weight calculation took 0.041179963 secs
ASTRAL finished in 4.215 secs
