
================== ASTRAL ===================== 

This is ASTRAL version 5.6.3
Gene trees are treated as unrooted
2558 trees read from g_trees-raxml-sqlen-100-ngen-500.trees.tree
All output trees will be *arbitrarily* rooted at 11

======== Running the main analysis
Number of taxa: 25 (25 species)
Taxa: [11, 10, 8, 7, 6, 4, 12, 3, 19, 5, 14, 1, 13, 9, 2, 15, 21, 22, 25, 17, 24, 23, 20, 18, 16]
Taxon occupancy: {22=1447, 23=1502, 24=1362, 25=1523, 10=1820, 11=1846, 12=1892, 13=1603, 14=2042, 15=2066, 16=1455, 17=1437, 18=1673, 19=1332, 1=1694, 2=2066, 3=1846, 4=1856, 5=1383, 6=1945, 7=1877, 8=1813, 9=1912, 20=1499, 21=1508}
Number of gene trees: 2558
2552 trees have missing taxa
Calculating quartet distance matrix (for completion of X)
Species tree distances calculated ...
Will attempt to complete bipartitions from X before adding using a distance matrix.
Building set of clusters (X) from gene trees 
------------------------------
gradient0: 619
Number of Clusters after addition by distance: 619
calculating extra bipartitions to be added at level 1 ...
Adding to X using resolutions of greedy consensus ...
Limit for sigma of degrees:675
polytomy size limit : 3
discarded polytomies:  []
Threshold 0.0:
Threshold 0.01:
Threshold 0.02:
Threshold 0.05:
Threshold 0.1:
Threshold 0.2:
Threshold 0.3333333333333333:
max k is :0
Number of Clusters after addition by greedy: 619
gradient0 in heuristiic: 619
partitions formed in 0.922 secs
Dynamic Programming starting after 0.922 secs
Using tree-based weight calculation.
Using polytree-based weight calculation.
Polytree max score: 6691492
Polytree building time: 0.153 seconds.
Number of quartet trees in the gene trees: 6691492
Size of largest cluster: 25
Greedy score: 5938851
estimationFactor: 1.1267317533307368
Sub-optimal score: 6022682
Total Number of elements weighted: 1406
Normalized score (portion of input quartet trees satisfied before correcting for multiple individuals): 0.9006907577562672
Optimization score: 6026965
Optimal tree inferred in 2.68 secs.
(24,(17,((22,25),(21,(16,((19,(18,(23,20))),(5,((14,((1,13),(9,(2,15)))),((10,(11,8)),(7,((6,4),(12,3))))))))))));
Final quartet score is: 6026965
Final normalized quartet score is: 0.9006907577562672
(11,(8,(10,((7,((6,4)1:2.1542136440987036,(12,3)1:2.0769269388307223)1:1.1206736189320794)1:1.1939611447737348,((14,((1,13)1:2.570724810253803,(9,(2,15)1:7.053297584272777)1:0.8843429628007673)1:1.1518660651395678)1:0.37741487112474953,(5,((19,(18,(23,20)1:1.7140186631477476)1:3.009474606310315)0:0.04655030810872984,(16,(21,((22,25)1:0.8601172460034389,(17,24)1:2.1720915190492565)1:1.638787615535093)1:2.1775186706287277)1:1.5522291777990749)1:4.498750908982018)1:0.21789332203026163)1:1.01949765373566)1:2.380032027422917)1:0.8018870295431483));
Weight calculation took 1.512324802 secs
ASTRAL finished in 3.365 secs
