
================== ASTRAL ===================== 

This is ASTRAL version 5.6.3
Gene trees are treated as unrooted
120 trees read from g_trees-raxml-sqlen-250-ngen-25.trees.tree
All output trees will be *arbitrarily* rooted at 19

======== Running the main analysis
Number of taxa: 25 (25 species)
Taxa: [19, 10, 11, 8, 7, 3, 12, 6, 4, 5, 14, 9, 2, 15, 13, 1, 25, 22, 17, 24, 21, 20, 16, 23, 18]
Taxon occupancy: {22=68, 23=43, 24=69, 25=65, 10=111, 11=103, 12=97, 13=89, 14=37, 15=92, 16=48, 17=69, 18=43, 19=48, 1=88, 2=92, 3=99, 4=106, 5=24, 6=106, 7=115, 8=105, 9=110, 20=42, 21=69}
Number of gene trees: 120
120 trees have missing taxa
Calculating quartet distance matrix (for completion of X)
Species tree distances calculated ...
Will attempt to complete bipartitions from X before adding using a distance matrix.
Building set of clusters (X) from gene trees 
------------------------------
gradient0: 159
Number of Clusters after addition by distance: 159
calculating extra bipartitions to be added at level 1 ...
Adding to X using resolutions of greedy consensus ...
Limit for sigma of degrees:675
polytomy size limit : 3
discarded polytomies:  []
Threshold 0.0:
Threshold 0.01:
Threshold 0.02:
Threshold 0.05:
Threshold 0.1:
Threshold 0.2:
Threshold 0.3333333333333333:
max k is :0
Number of Clusters after addition by greedy: 159
gradient0 in heuristiic: 159
partitions formed in 0.158 secs
Dynamic Programming starting after 0.158 secs
Using tree-based weight calculation.
Using polytree-based weight calculation.
Polytree max score: 268685
Polytree building time: 0.018 seconds.
Number of quartet trees in the gene trees: 268685
Size of largest cluster: 25
Greedy score: 259559
estimationFactor: 1.0351596361520887
Sub-optimal score: 259559
Total Number of elements weighted: 169
Normalized score (portion of input quartet trees satisfied before correcting for multiple individuals): 0.9660345758043806
Optimization score: 259559
Optimal tree inferred in 0.242 secs.
(21,(((25,22),(17,24)),(16,((19,(18,(20,23))),(5,((10,(11,8)),((7,((6,4),(3,12))),(14,(9,((2,15),(13,1)))))))))));
Final quartet score is: 259559
Final normalized quartet score is: 0.9660345758043806
You may want to ignore posterior probabilities and other statistics related to the following branch branch because the effective number of genes impacting it is only 16:
	{10, 11, 8, 7, 3, 12, 6, 4, 14, 9, 2, 15, 13, 1}
You may want to ignore posterior probabilities and other statistics related to the following branch branch because the effective number of genes impacting it is only 18:
	{10, 11, 8, 7, 3, 12, 6, 4, 5, 14, 9, 2, 15, 13, 1}
You may want to ignore posterior probabilities and other statistics related to the following branch branch because the effective number of genes impacting it is only 15:
	{25, 22, 17, 24, 21, 16}
You may want to ignore posterior probabilities and other statistics related to the following branch branch because the effective number of genes impacting it is only 18:
	{10, 11, 8, 7, 3, 12, 6, 4, 5, 14, 9, 2, 15, 13, 1, 25, 22, 17, 24, 21, 16}
(19,((18,(20,23)1:3.2580965380214812)1:3.091042453358317,((5,((10,(11,8)1:2.8429695190015813)1:4.2195077051761105,((7,((6,4)1:4.060443010546421,(3,12)1:3.3440389678222058)1:2.2216160304603783)1:2.6637006013176427,(14,(9,((2,15)1:4.094344562222104,(13,1)1:4.083171261623973)1:0.7985076962177715)1:3.0285220963769826)1:1.327453861096957)1:0.9277194276977777)1:1.4761293610361272)1:2.538973871058275,(16,(((25,22)1:1.3710268889891024,(17,24)1:2.022283127839887)1:3.283414346005771,21)1:3.120895416507997)1:1.6739764335716716)1:2.3848231912310163));
Weight calculation took 0.03605856 secs
ASTRAL finished in 0.352 secs
