
================== ASTRAL ===================== 

This is ASTRAL version 5.6.3
Gene trees are treated as unrooted
167 trees read from g_trees-raxml-sqlen-250-ngen-50.trees.tree
All output trees will be *arbitrarily* rooted at 19

======== Running the main analysis
Number of taxa: 25 (25 species)
Taxa: [19, 10, 11, 8, 7, 3, 12, 6, 4, 5, 14, 9, 2, 15, 13, 1, 25, 22, 17, 24, 21, 20, 16, 23, 18]
Taxon occupancy: {22=95, 23=69, 24=91, 25=92, 10=142, 11=134, 12=118, 13=131, 14=73, 15=136, 16=69, 17=95, 18=72, 19=63, 1=131, 2=136, 3=120, 4=137, 5=45, 6=136, 7=146, 8=136, 9=151, 20=68, 21=93}
Number of gene trees: 167
167 trees have missing taxa
Calculating quartet distance matrix (for completion of X)
Species tree distances calculated ...
Will attempt to complete bipartitions from X before adding using a distance matrix.
Building set of clusters (X) from gene trees 
------------------------------
gradient0: 165
Number of Clusters after addition by distance: 165
calculating extra bipartitions to be added at level 1 ...
Adding to X using resolutions of greedy consensus ...
Limit for sigma of degrees:675
polytomy size limit : 3
discarded polytomies:  []
Threshold 0.0:
Threshold 0.01:
Threshold 0.02:
Threshold 0.05:
Threshold 0.1:
Threshold 0.2:
Threshold 0.3333333333333333:
max k is :0
Number of Clusters after addition by greedy: 165
gradient0 in heuristiic: 165
partitions formed in 0.192 secs
Dynamic Programming starting after 0.193 secs
Using tree-based weight calculation.
Using polytree-based weight calculation.
Polytree max score: 369138
Polytree building time: 0.022 seconds.
Number of quartet trees in the gene trees: 369138
Size of largest cluster: 25
Greedy score: 335995
estimationFactor: 1.0986413488295956
Sub-optimal score: 350171
Total Number of elements weighted: 167
Normalized score (portion of input quartet trees satisfied before correcting for multiple individuals): 0.9486181319723247
Optimization score: 350171
Optimal tree inferred in 0.283 secs.
(21,(((25,22),(17,24)),(16,((19,(18,(20,23))),(5,((10,(11,8)),((7,((6,4),(3,12))),(14,(9,((13,1),(2,15)))))))))));
Final quartet score is: 350171
Final normalized quartet score is: 0.9486181319723247
(19,((18,(20,23)1:3.768922161787476)1:3.3081069585961425,((5,((10,(11,8)1:2.6855773452501523)1:4.469732215092986,((7,((6,4)1:4.229263880121472,(3,12)1:3.564826805443958)1:2.4277482359480516)1:2.44155439255058,(14,(9,((13,1)1:4.462069342347422,(2,15)1:4.492374691842744)0.13:0.2518598332576114)1:2.821378886409214)1:1.831041817562717)1:0.5134887411854745)1:1.687438454703333)1:2.961830721878311,(16,(((25,22)1:1.6204877486206855,(17,24)1:2.302585092994046)1:3.5957890310479232,21)1:3.444682493601893)1:2.4277482359480516)1:1.3862943611198901));
Weight calculation took 0.026838921 secs
ASTRAL finished in 0.596 secs
