
================== ASTRAL ===================== 

This is ASTRAL version 5.6.3
Gene trees are treated as unrooted
100 trees read from g_trees-raxml-sqlen-0-ngen-100-s2g.trees
All output trees will be *arbitrarily* rooted at 14

======== Running the main analysis
Number of taxa: 78 (25 species)
Taxa: {22=[22_3, 22_2, 22_1], 23=[23_3, 23_2, 23_1], 24=[24_3, 24_2, 24_1], 25=[25_3, 25_2, 25_1], 10=[10_3, 10_2, 10_1], 11=[11_3, 11_2, 11_1], 12=[12_4, 12_3, 12_2, 12_1], 13=[13_4, 13_3, 13_2, 13_1], 14=[14_3, 14_2, 14_1], 15=[15_2, 15_1, 15_3], 16=[16_1, 16_4, 16_3, 16_2], 17=[17_3, 17_2, 17_1], 18=[18_3, 18_2, 18_1], 19=[19_3, 19_2, 19_1], 1=[1_1, 1_2, 1_3], 2=[2_1, 2_2, 2_3], 3=[3_1, 3_2], 4=[4_1, 4_2, 4_3], 5=[5_1, 5_2, 5_3], 6=[6_1, 6_2, 6_3], 7=[7_1, 7_2, 7_3], 8=[8_1, 8_2, 8_3], 9=[9_1, 9_2, 9_3, 9_4], 20=[20_3, 20_2, 20_1], 21=[21_3, 21_2, 21_1]}
Taxon occupancy: {16_1=80, 14_3=3, 14_2=10, 12_4=1, 14_1=82, 12_3=3, 12_2=11, 12_1=85, 10_3=1, 10_2=8, 10_1=81, 18_3=3, 18_2=12, 16_4=1, 18_1=85, 16_3=2, 16_2=17, 25_3=2, 25_2=9, 25_1=88, 23_3=1, 1_1=79, 23_2=7, 23_1=88, 1_2=14, 21_3=4, 3_1=79, 21_2=9, 1_3=1, 21_1=87, 3_2=14, 5_1=85, 5_2=14, 7_1=82, 5_3=1, 7_2=10, 9_1=85, 7_3=2, 9_2=13, 9_3=3, 9_4=1, 15_2=9, 13_4=1, 15_1=81, 13_3=4, 13_2=12, 13_1=84, 11_3=3, 11_2=10, 11_1=84, 19_3=2, 19_2=13, 19_1=78, 17_3=2, 17_2=10, 17_1=81, 15_3=3, 24_3=1, 24_2=9, 24_1=89, 22_3=1, 2_1=79, 22_2=8, 22_1=85, 2_2=11, 20_3=1, 4_1=82, 20_2=10, 2_3=2, 20_1=89, 4_2=8, 6_1=80, 4_3=1, 6_2=10, 8_1=80, 6_3=2, 8_2=10, 8_3=2}
Number of gene trees: 100
100 trees have missing taxa
Calculating quartet distance matrix (for completion of X)
Species tree distances calculated ...
Will attempt to complete bipartitions from X before adding using a distance matrix.
Building set of clusters (X) from gene trees 
In second round sampling 3 rounds will be done
------------------------------
gradient0: 151
------------------------------
gradient1: 48
------------------------------
gradient2: 36
Number of Clusters after addition by distance: 235
calculating extra bipartitions to be added at level 1 ...
Adding to X using resolutions of greedy consensus ...
Limit for sigma of degrees:675
polytomy size limit : 4
discarded polytomies:  [3, 4, 4]
Threshold 0.0:
Threshold 0.01:
Threshold 0.02:
Threshold 0.05:
Threshold 0.1:
polytomy of size 3; rounds with additions with at least 5 support: 0; clusters: 235
Threshold 0.2:
polytomy of size 4; rounds with additions with at least 5 support: 0; clusters: 235
Threshold 0.3333333333333333:
polytomy of size 4; rounds with additions with at least 5 support: 0; clusters: 235
max k is :0
Number of Clusters after addition by greedy: 235
gradient0 in heuristiic: 235
calculating extra bipartitions to be added at level 1 ...
Adding to X using resolutions of greedy consensus ...
Limit for sigma of degrees:675
polytomy size limit : 3
discarded polytomies:  []
Threshold 0.0:
Threshold 0.01:
Threshold 0.02:
Threshold 0.05:
Threshold 0.1:
Threshold 0.2:
Threshold 0.3333333333333333:
max k is :0
Number of Clusters after addition by greedy: 235
gradient1 in heuristiic: 0
calculating extra bipartitions to be added at level 1 ...
Adding to X using resolutions of greedy consensus ...
Limit for sigma of degrees:675
polytomy size limit : 3
discarded polytomies:  [3, 3]
Threshold 0.0:
Threshold 0.01:
Threshold 0.02:
Threshold 0.05:
Threshold 0.1:
Threshold 0.2:
polytomy of size 3; rounds with additions with at least 5 support: 0; clusters: 235
Threshold 0.3333333333333333:
polytomy of size 3; rounds with additions with at least 5 support: 0; clusters: 235
max k is :0
Number of Clusters after addition by greedy: 235
gradient2 in heuristiic: 0
partitions formed in 8.58 secs
Dynamic Programming starting after 8.581 secs
Using tree-based weight calculation.
Using polytree-based weight calculation.
Polytree max score: 2269512
Polytree building time: 0.025 seconds.
Number of quartet trees in the gene trees: 2266774
Size of largest cluster: 78
Greedy score: 1588730
estimationFactor: 1.4285065969338413
Sub-optimal score: 1637903
Total Number of elements weighted: 378
Normalized score (portion of input quartet trees satisfied before correcting for multiple individuals): 0.7346107287272573
Optimization score: 1665196
Optimal tree inferred in 8.716 secs.
(3,(19,((18,(13,(5,(12,9)))),((22,(23,((25,21),(24,20)))),((2,8),((16,(7,6)),(1,((17,(10,4)),(11,(14,15))))))))));
Final quartet score is: 1712921
Final normalized quartet score is: 0.7556646582323602
You may want to ignore posterior probabilities and other statistics related to the following branch branch because the effective number of genes impacting it is only 7:
	{14}
You may want to ignore posterior probabilities and other statistics related to the following branch branch because the effective number of genes impacting it is only 7:
	{15}
You may want to ignore posterior probabilities and other statistics related to the following branch branch because the effective number of genes impacting it is only 7:
	{11}
You may want to ignore posterior probabilities and other statistics related to the following branch branch because the effective number of genes impacting it is only 7:
	{17}
You may want to ignore posterior probabilities and other statistics related to the following branch branch because the effective number of genes impacting it is only 5:
	{10}
You may want to ignore posterior probabilities and other statistics related to the following branch branch because the effective number of genes impacting it is only 5:
	{4}
You may want to ignore posterior probabilities and other statistics related to the following branch branch because the effective number of genes impacting it is only 9:
	{1}
You may want to ignore posterior probabilities and other statistics related to the following branch branch because the effective number of genes impacting it is only 9:
	{16}
You may want to ignore posterior probabilities and other statistics related to the following branch branch because the effective number of genes impacting it is only 7:
	{7}
You may want to ignore posterior probabilities and other statistics related to the following branch branch because the effective number of genes impacting it is only 7:
	{6}
You may want to ignore posterior probabilities and other statistics related to the following branch branch because the effective number of genes impacting it is only 8:
	{2}
You may want to ignore posterior probabilities and other statistics related to the following branch branch because the effective number of genes impacting it is only 7:
	{8}
You may want to ignore posterior probabilities and other statistics related to the following branch branch because the effective number of genes impacting it is only 5:
	{22}
You may want to ignore posterior probabilities and other statistics related to the following branch branch because the effective number of genes impacting it is only 5:
	{23}
You may want to ignore posterior probabilities and other statistics related to the following branch branch because the effective number of genes impacting it is only 6:
	{25}
You may want to ignore posterior probabilities and other statistics related to the following branch branch because the effective number of genes impacting it is only 7:
	{21}
You may want to ignore posterior probabilities and other statistics related to the following branch branch because the effective number of genes impacting it is only 6:
	{24}
You may want to ignore posterior probabilities and other statistics related to the following branch branch because the effective number of genes impacting it is only 7:
	{20}
You may want to ignore posterior probabilities and other statistics related to the following branch branch because the effective number of genes impacting it is only 9:
	{18}
You may want to ignore posterior probabilities and other statistics related to the following branch branch because the effective number of genes impacting it is only 7:
	{13}
You may want to ignore posterior probabilities and other statistics related to the following branch branch because the effective number of genes impacting it is only 9:
	{5}
You may want to ignore posterior probabilities and other statistics related to the following branch branch because the effective number of genes impacting it is only 6:
	{12}
You may want to ignore posterior probabilities and other statistics related to the following branch branch because the effective number of genes impacting it is only 7:
	{9}
You may want to ignore posterior probabilities and other statistics related to the following branch branch because the effective number of genes impacting it is only 9:
	{19}
You may want to ignore posterior probabilities and other statistics related to the following branch branch because the effective number of genes impacting it is only 14:
	{3}
((14_3,14_2,14_1)0.08:0.0,((15_2,15_1,15_3)0.09:0.0,((11_3,11_2,11_1)0.35:0.0,(((17_3,17_2,17_1)0.22:0.0,((10_3,10_2,10_1)0.09:0.0,(4_1,4_2,4_3)0.09:0.0)1:2.3361956932565593)1:2.5550722668063353,((1_1,1_2,1_3)0.94:0.5085269112420707,(((16_1,16_4,16_3,16_2)0.76:0.26628357784188533,((7_1,7_2,7_3)0.08:0.0,(6_1,6_2,6_3)0.08:0.0)1:2.6736688984795167)1:2.5176127440589053,(((2_1,2_2,2_3)0.29:0.0,(8_1,8_2,8_3)0.22:0.0)1:2.822411391402172,(((22_3,22_2,22_1)0.39:0.0,((23_3,23_2,23_1)0.17:0.0,(((25_3,25_2,25_1)0.09:0.0,(21_3,21_2,21_1)0.19:0.0)1:2.6533711719205275,((24_3,24_2,24_1)0.08:0.0,(20_3,20_2,20_1)0.12:0.0)1:2.673992606670496)1:2.6397035331918643)1:2.7101099340652186)1:3.8985999850960074,(((18_3,18_2,18_1)0.12:0.0,((13_4,13_3,13_2,13_1)0.2:0.0,((5_1,5_2,5_3)0.13:0.0,((12_4,12_3,12_2,12_1)0.1:0.0,(9_1,9_2,9_3,9_4)0.12:0.0)1:2.098529761862578)1:2.0434950939685503)1:2.08445101537007)1:2.479449704561774,((19_3,19_2,19_1)0.13:0.0,(3_1,3_2)0.1:0.0)1:2.4702239190226356)1:2.9060730383178326)1:2.7279352493773223)1:2.6003703286219806)1:2.672793905624479)1:2.531057593634244)1:2.619186806341596)1:2.247709944488321));
Weight calculation took 0.125952577 secs
ASTRAL finished in 8.894 secs
