
================== ASTRAL ===================== 

This is ASTRAL version 5.6.3
Gene trees are treated as unrooted
100 trees read from g_trees-raxml-sqlen-50-ngen-100-s2g.trees
All output trees will be *arbitrarily* rooted at 14

======== Running the main analysis
Number of taxa: 78 (25 species)
Taxa: {22=[22_3, 22_2, 22_1], 23=[23_3, 23_2, 23_1], 24=[24_3, 24_2, 24_1], 25=[25_3, 25_2, 25_1], 10=[10_3, 10_2, 10_1], 11=[11_3, 11_2, 11_1], 12=[12_4, 12_3, 12_2, 12_1], 13=[13_4, 13_3, 13_2, 13_1], 14=[14_3, 14_2, 14_1], 15=[15_2, 15_1, 15_3], 16=[16_1, 16_4, 16_3, 16_2], 17=[17_3, 17_2, 17_1], 18=[18_3, 18_2, 18_1], 19=[19_3, 19_2, 19_1], 1=[1_1, 1_2, 1_3], 2=[2_1, 2_2, 2_3], 3=[3_1, 3_2], 4=[4_1, 4_2, 4_3], 5=[5_1, 5_2, 5_3], 6=[6_1, 6_2, 6_3], 7=[7_1, 7_2, 7_3], 8=[8_1, 8_2, 8_3], 9=[9_1, 9_2, 9_3, 9_4], 20=[20_3, 20_2, 20_1], 21=[21_3, 21_2, 21_1]}
Taxon occupancy: {16_1=80, 14_3=3, 14_2=10, 12_4=1, 14_1=82, 12_3=3, 12_2=11, 12_1=85, 10_3=1, 10_2=8, 10_1=81, 18_3=3, 18_2=12, 16_4=1, 18_1=85, 16_3=2, 16_2=17, 25_3=2, 25_2=9, 25_1=88, 23_3=1, 1_1=79, 23_2=7, 23_1=88, 1_2=14, 21_3=4, 3_1=79, 21_2=9, 1_3=1, 21_1=87, 3_2=14, 5_1=85, 5_2=14, 7_1=82, 5_3=1, 7_2=10, 9_1=85, 7_3=2, 9_2=13, 9_3=3, 9_4=1, 15_2=9, 13_4=1, 15_1=81, 13_3=4, 13_2=12, 13_1=84, 11_3=3, 11_2=10, 11_1=84, 19_3=2, 19_2=13, 19_1=78, 17_3=2, 17_2=10, 17_1=81, 15_3=3, 24_3=1, 24_2=9, 24_1=89, 22_3=1, 2_1=79, 22_2=8, 22_1=85, 2_2=11, 20_3=1, 4_1=82, 20_2=10, 2_3=2, 20_1=89, 4_2=8, 6_1=80, 4_3=1, 6_2=10, 8_1=80, 6_3=2, 8_2=10, 8_3=2}
Number of gene trees: 100
100 trees have missing taxa
Calculating quartet distance matrix (for completion of X)
Species tree distances calculated ...
Will attempt to complete bipartitions from X before adding using a distance matrix.
Building set of clusters (X) from gene trees 
In second round sampling 3 rounds will be done
------------------------------
gradient0: 655
------------------------------
gradient1: 184
------------------------------
gradient2: 206
Number of Clusters after addition by distance: 1045
calculating extra bipartitions to be added at level 1 ...
Adding to X using resolutions of greedy consensus ...
Limit for sigma of degrees:675
polytomy size limit : 4
discarded polytomies:  [3, 3, 3, 4]
Threshold 0.0:
Threshold 0.01:
Threshold 0.02:
Threshold 0.05:
polytomy of size 3; rounds with additions with at least 5 support: 0; clusters: 1045
Threshold 0.1:
polytomy of size 3; rounds with additions with at least 5 support: 0; clusters: 1045
Threshold 0.2:
polytomy of size 3; rounds with additions with at least 5 support: 0; clusters: 1045
Threshold 0.3333333333333333:
polytomy of size 4; rounds with additions with at least 5 support: 0; clusters: 1045
max k is :0
Number of Clusters after addition by greedy: 1045
gradient0 in heuristiic: 1045
calculating extra bipartitions to be added at level 1 ...
Adding to X using resolutions of greedy consensus ...
Limit for sigma of degrees:675
polytomy size limit : 3
discarded polytomies:  [3, 3]
Threshold 0.0:
Threshold 0.01:
Threshold 0.02:
Threshold 0.05:
Threshold 0.1:
Threshold 0.2:
polytomy of size 3; rounds with additions with at least 5 support: 0; clusters: 1045
Threshold 0.3333333333333333:
polytomy of size 3; rounds with additions with at least 5 support: 0; clusters: 1045
max k is :0
Number of Clusters after addition by greedy: 1045
gradient1 in heuristiic: 0
calculating extra bipartitions to be added at level 1 ...
Adding to X using resolutions of greedy consensus ...
Limit for sigma of degrees:675
polytomy size limit : 4
discarded polytomies:  [4]
Threshold 0.0:
Threshold 0.01:
Threshold 0.02:
Threshold 0.05:
Threshold 0.1:
Threshold 0.2:
Threshold 0.3333333333333333:
polytomy of size 4; rounds with additions with at least 5 support: 0; clusters: 1045
max k is :0
Number of Clusters after addition by greedy: 1045
gradient2 in heuristiic: 0
partitions formed in 9.398 secs
Dynamic Programming starting after 9.398 secs
Using tree-based weight calculation.
Using polytree-based weight calculation.
Polytree max score: 2269512
Polytree building time: 0.026 seconds.
Number of quartet trees in the gene trees: 2266774
Size of largest cluster: 78
Greedy score: 1122694
estimationFactor: 2.0214867000773586
Sub-optimal score: 1255812
Total Number of elements weighted: 3546
Normalized score (portion of input quartet trees satisfied before correcting for multiple individuals): 0.610244559007647
Optimization score: 1383286
Optimal tree inferred in 9.821 secs.
(3,(19,((18,(13,(5,(12,9)))),((22,((25,21),(23,(24,20)))),((2,8),((16,(7,6)),(1,((11,(14,15)),(17,(10,4))))))))));
Final quartet score is: 1430624
Final normalized quartet score is: 0.6311277613030677
You may want to ignore posterior probabilities and other statistics related to the following branch branch because the effective number of genes impacting it is only 7:
	{14}
You may want to ignore posterior probabilities and other statistics related to the following branch branch because the effective number of genes impacting it is only 7:
	{15}
You may want to ignore posterior probabilities and other statistics related to the following branch branch because the effective number of genes impacting it is only 7:
	{11}
You may want to ignore posterior probabilities and other statistics related to the following branch branch because the effective number of genes impacting it is only 7:
	{17}
You may want to ignore posterior probabilities and other statistics related to the following branch branch because the effective number of genes impacting it is only 5:
	{10}
You may want to ignore posterior probabilities and other statistics related to the following branch branch because the effective number of genes impacting it is only 5:
	{4}
You may want to ignore posterior probabilities and other statistics related to the following branch branch because the effective number of genes impacting it is only 9:
	{1}
You may want to ignore posterior probabilities and other statistics related to the following branch branch because the effective number of genes impacting it is only 9:
	{16}
You may want to ignore posterior probabilities and other statistics related to the following branch branch because the effective number of genes impacting it is only 7:
	{7}
You may want to ignore posterior probabilities and other statistics related to the following branch branch because the effective number of genes impacting it is only 7:
	{6}
You may want to ignore posterior probabilities and other statistics related to the following branch branch because the effective number of genes impacting it is only 8:
	{2}
You may want to ignore posterior probabilities and other statistics related to the following branch branch because the effective number of genes impacting it is only 7:
	{8}
You may want to ignore posterior probabilities and other statistics related to the following branch branch because the effective number of genes impacting it is only 5:
	{22}
You may want to ignore posterior probabilities and other statistics related to the following branch branch because the effective number of genes impacting it is only 6:
	{25}
You may want to ignore posterior probabilities and other statistics related to the following branch branch because the effective number of genes impacting it is only 7:
	{21}
You may want to ignore posterior probabilities and other statistics related to the following branch branch because the effective number of genes impacting it is only 5:
	{23}
You may want to ignore posterior probabilities and other statistics related to the following branch branch because the effective number of genes impacting it is only 6:
	{24}
You may want to ignore posterior probabilities and other statistics related to the following branch branch because the effective number of genes impacting it is only 7:
	{20}
You may want to ignore posterior probabilities and other statistics related to the following branch branch because the effective number of genes impacting it is only 9:
	{18}
You may want to ignore posterior probabilities and other statistics related to the following branch branch because the effective number of genes impacting it is only 7:
	{13}
You may want to ignore posterior probabilities and other statistics related to the following branch branch because the effective number of genes impacting it is only 9:
	{5}
You may want to ignore posterior probabilities and other statistics related to the following branch branch because the effective number of genes impacting it is only 6:
	{12}
You may want to ignore posterior probabilities and other statistics related to the following branch branch because the effective number of genes impacting it is only 7:
	{9}
You may want to ignore posterior probabilities and other statistics related to the following branch branch because the effective number of genes impacting it is only 9:
	{19}
You may want to ignore posterior probabilities and other statistics related to the following branch branch because the effective number of genes impacting it is only 14:
	{3}
((14_3,14_2,14_1)0.09:0.0,((15_2,15_1,15_3)0.09:0.0,((11_3,11_2,11_1)0.22:0.0,(((17_3,17_2,17_1)0.26:0.0,((10_3,10_2,10_1)0.09:0.0,(4_1,4_2,4_3)0.09:0.0)1:1.1615700251231296)1:0.888776883236089,((1_1,1_2,1_3)0.54:0.10033498861309047,(((16_1,16_4,16_3,16_2)0.83:0.3329955887810202,((7_1,7_2,7_3)0.08:0.0,(6_1,6_2,6_3)0.1:0.0)1:2.020039845392499)0.99:0.2565589608733523,(((2_1,2_2,2_3)0.38:0.0,(8_1,8_2,8_3)0.28:0.0)1:2.0851130185912172,(((22_3,22_2,22_1)0.42:0.005012541823544286,(((25_3,25_2,25_1)0.18:0.0,(21_3,21_2,21_1)0.18:0.0)1:0.7819157026229953,((23_3,23_2,23_1)0.24:0.0,((24_3,24_2,24_1)0.1:0.0,(20_3,20_2,20_1)0.15:0.0)1:1.9940818601679184)0.78:0.10637106076910073)0.85:0.13332599134553325)1:2.057957973333467,(((18_3,18_2,18_1)0.15:0.0,((13_4,13_3,13_2,13_1)0.17:0.0,((5_1,5_2,5_3)0.15:0.0,((12_4,12_3,12_2,12_1)0.11:0.0,(9_1,9_2,9_3,9_4)0.12:0.0)1:0.7444740528483534)1:0.27501021747121157)1:0.2730583927999799)1:1.1966638313039863,((19_3,19_2,19_1)0.14:0.0,(3_1,3_2)0.11:0.0)1:1.6678305568555953)1:0.7255304881418894)1:0.32634507163310256)0.97:0.2123172341469649)0.99:0.23545859914410894)1:0.42566298352592735)1:0.7699710670848144)1:1.375209804181757));
Weight calculation took 0.344533918 secs
ASTRAL finished in 9.969 secs
