
================== ASTRAL ===================== 

This is ASTRAL version 5.6.3
Gene trees are treated as unrooted
25 trees read from g_trees-raxml-sqlen-250-ngen-25-s2g.trees
All output trees will be *arbitrarily* rooted at 14

======== Running the main analysis
Number of taxa: 64 (25 species)
Taxa: {22=[22_3, 22_2, 22_1], 23=[23_3, 23_2, 23_1], 24=[24_3, 24_2, 24_1], 25=[25_3, 25_2, 25_1], 10=[10_2, 10_1], 11=[11_3, 11_2, 11_1], 12=[12_2, 12_1], 13=[13_2, 13_1], 14=[14_3, 14_2, 14_1], 15=[15_2, 15_1, 15_3], 16=[16_1, 16_2], 17=[17_2, 17_1], 18=[18_3, 18_2, 18_1], 19=[19_2, 19_1], 1=[1_1, 1_2, 1_3], 2=[2_1, 2_2], 3=[3_1, 3_2], 4=[4_1, 4_2], 5=[5_1, 5_2], 6=[6_1, 6_2, 6_3], 7=[7_1, 7_2, 7_3], 8=[8_1, 8_2, 8_3], 9=[9_1, 9_2], 20=[20_3, 20_2, 20_1], 21=[21_3, 21_2, 21_1]}
Taxon occupancy: {16_1=20, 14_3=2, 14_2=3, 14_1=18, 12_2=3, 12_1=21, 10_2=3, 10_1=18, 18_3=1, 18_2=4, 18_1=23, 16_2=3, 25_3=2, 25_2=3, 25_1=24, 23_3=1, 1_1=19, 23_2=3, 23_1=24, 1_2=4, 21_3=2, 3_1=20, 21_2=3, 1_3=1, 21_1=24, 3_2=2, 5_1=22, 5_2=6, 7_1=21, 7_2=2, 9_1=21, 7_3=1, 9_2=3, 15_2=3, 15_1=18, 13_2=4, 13_1=22, 11_3=2, 11_2=3, 11_1=19, 19_2=2, 19_1=19, 17_2=3, 17_1=19, 15_3=2, 24_3=1, 24_2=4, 24_1=23, 22_3=1, 2_1=21, 22_2=3, 22_1=23, 2_2=2, 20_3=1, 4_1=18, 20_2=5, 20_1=23, 4_2=3, 6_1=21, 6_2=2, 8_1=21, 6_3=1, 8_2=3, 8_3=1}
Number of gene trees: 25
25 trees have missing taxa
Calculating quartet distance matrix (for completion of X)
Species tree distances calculated ...
Will attempt to complete bipartitions from X before adding using a distance matrix.
Building set of clusters (X) from gene trees 
In second round sampling 3 rounds will be done
------------------------------
gradient0: 197
------------------------------
gradient1: 40
------------------------------
gradient2: 20
Number of Clusters after addition by distance: 257
calculating extra bipartitions to be added at level 1 ...
Adding to X using resolutions of greedy consensus ...
Limit for sigma of degrees:675
polytomy size limit : 3
discarded polytomies:  [3]
Threshold 0.0:
Threshold 0.01:
Threshold 0.02:
Threshold 0.05:
Threshold 0.1:
Threshold 0.2:
Threshold 0.3333333333333333:
polytomy of size 3; rounds with additions with at least 5 support: 0; clusters: 259
max k is :0
Number of Clusters after addition by greedy: 259
gradient0 in heuristiic: 259
calculating extra bipartitions to be added at level 1 ...
Adding to X using resolutions of greedy consensus ...
Limit for sigma of degrees:675
polytomy size limit : 3
discarded polytomies:  [3]
Threshold 0.0:
Threshold 0.01:
Threshold 0.02:
Threshold 0.05:
Threshold 0.1:
Threshold 0.2:
Threshold 0.3333333333333333:
polytomy of size 3; rounds with additions with at least 5 support: 0; clusters: 259
max k is :0
Number of Clusters after addition by greedy: 259
gradient1 in heuristiic: 0
calculating extra bipartitions to be added at level 1 ...
Adding to X using resolutions of greedy consensus ...
Limit for sigma of degrees:675
polytomy size limit : 3
discarded polytomies:  []
Threshold 0.0:
Threshold 0.01:
Threshold 0.02:
Threshold 0.05:
Threshold 0.1:
Threshold 0.2:
Threshold 0.3333333333333333:
max k is :0
Number of Clusters after addition by greedy: 259
gradient2 in heuristiic: 0
partitions formed in 3.301 secs
Dynamic Programming starting after 3.301 secs
Using tree-based weight calculation.
Using polytree-based weight calculation.
Polytree max score: 612768
Polytree building time: 0.012 seconds.
Number of quartet trees in the gene trees: 612140
Size of largest cluster: 64
Greedy score: 424285
estimationFactor: 1.4442350728459963
Sub-optimal score: 437760
Total Number of elements weighted: 412
Normalized score (portion of input quartet trees satisfied before correcting for multiple individuals): 0.7213684777991962
Optimization score: 441578
Optimal tree inferred in 3.371 secs.
(13,((5,(12,9)),(18,((3,19),((22,(23,((25,21),(24,20)))),((2,8),((1,(16,(7,6))),((17,(10,4)),(11,(14,15))))))))));
Final quartet score is: 454274
Final normalized quartet score is: 0.7421080145064854
You may want to ignore posterior probabilities and other statistics related to the following branch branch because the effective number of genes impacting it is only 2:
	{14}
You may want to ignore posterior probabilities and other statistics related to the following branch branch because the effective number of genes impacting it is only 2:
	{15}
You may want to ignore posterior probabilities and other statistics related to the following branch branch because the effective number of genes impacting it is only 2:
	{11}
You may want to ignore posterior probabilities and other statistics related to the following branch branch because the effective number of genes impacting it is only 3:
	{17}
You may want to ignore posterior probabilities and other statistics related to the following branch branch because the effective number of genes impacting it is only 3:
	{10}
You may want to ignore posterior probabilities and other statistics related to the following branch branch because the effective number of genes impacting it is only 3:
	{4}
You may want to ignore posterior probabilities and other statistics related to the following branch branch because the effective number of genes impacting it is only 18:
	{10, 4}
You may want to ignore posterior probabilities and other statistics related to the following branch branch because the effective number of genes impacting it is only 18:
	{10, 17, 4}
You may want to ignore posterior probabilities and other statistics related to the following branch branch because the effective number of genes impacting it is only 3:
	{1}
You may want to ignore posterior probabilities and other statistics related to the following branch branch because the effective number of genes impacting it is only 3:
	{16}
You may want to ignore posterior probabilities and other statistics related to the following branch branch because the effective number of genes impacting it is only 1:
	{7}
You may want to ignore posterior probabilities and other statistics related to the following branch branch because the effective number of genes impacting it is only 1:
	{6}
You may want to ignore posterior probabilities and other statistics related to the following branch branch because the effective number of genes impacting it is only 18:
	{16, 7, 6}
You may want to ignore posterior probabilities and other statistics related to the following branch branch because the effective number of genes impacting it is only 18:
	{16, 1, 7, 6}
You may want to ignore posterior probabilities and other statistics related to the following branch branch because the effective number of genes impacting it is only 2:
	{2}
You may want to ignore posterior probabilities and other statistics related to the following branch branch because the effective number of genes impacting it is only 2:
	{8}
You may want to ignore posterior probabilities and other statistics related to the following branch branch because the effective number of genes impacting it is only 2:
	{22}
You may want to ignore posterior probabilities and other statistics related to the following branch branch because the effective number of genes impacting it is only 2:
	{23}
You may want to ignore posterior probabilities and other statistics related to the following branch branch because the effective number of genes impacting it is only 2:
	{25}
You may want to ignore posterior probabilities and other statistics related to the following branch branch because the effective number of genes impacting it is only 2:
	{21}
You may want to ignore posterior probabilities and other statistics related to the following branch branch because the effective number of genes impacting it is only 3:
	{24}
You may want to ignore posterior probabilities and other statistics related to the following branch branch because the effective number of genes impacting it is only 3:
	{20}
You may want to ignore posterior probabilities and other statistics related to the following branch branch because the effective number of genes impacting it is only 19:
	{25, 23, 21, 24, 22, 20}
You may want to ignore posterior probabilities and other statistics related to the following branch branch because the effective number of genes impacting it is only 2:
	{3}
You may want to ignore posterior probabilities and other statistics related to the following branch branch because the effective number of genes impacting it is only 2:
	{19}
You may want to ignore posterior probabilities and other statistics related to the following branch branch because the effective number of genes impacting it is only 19:
	{3, 19}
You may want to ignore posterior probabilities and other statistics related to the following branch branch because the effective number of genes impacting it is only 3:
	{18}
You may want to ignore posterior probabilities and other statistics related to the following branch branch because the effective number of genes impacting it is only 6:
	{5}
You may want to ignore posterior probabilities and other statistics related to the following branch branch because the effective number of genes impacting it is only 3:
	{12}
You may want to ignore posterior probabilities and other statistics related to the following branch branch because the effective number of genes impacting it is only 3:
	{9}
You may want to ignore posterior probabilities and other statistics related to the following branch branch because the effective number of genes impacting it is only 4:
	{13}
You may want to ignore posterior probabilities and other statistics related to the following branch branch because the effective number of genes impacting it is only 19:
	{12, 18, 5, 9, 13}
You may want to ignore posterior probabilities and other statistics related to the following branch branch because the effective number of genes impacting it is only 18:
	{12, 18, 3, 5, 9, 13, 19}
You may want to ignore posterior probabilities and other statistics related to the following branch branch because the effective number of genes impacting it is only 19:
	{12, 18, 25, 23, 21, 3, 5, 9, 13, 19, 24, 22, 2, 20, 8}
You may want to ignore posterior probabilities and other statistics related to the following branch branch because the effective number of genes impacting it is only 19:
	{16, 12, 18, 25, 23, 1, 21, 3, 5, 7, 9, 13, 19, 24, 22, 2, 20, 6, 8}
You may want to ignore posterior probabilities and other statistics related to the following branch branch because the effective number of genes impacting it is only 18:
	{16, 12, 10, 18, 25, 23, 1, 21, 3, 5, 7, 9, 13, 19, 17, 24, 22, 2, 20, 4, 6, 8}
You may want to ignore posterior probabilities and other statistics related to the following branch branch because the effective number of genes impacting it is only 18:
	{16, 12, 10, 18, 25, 23, 1, 21, 3, 5, 7, 9, 13, 11, 19, 17, 24, 22, 2, 20, 4, 6, 8}
((14_3,14_2,14_1)0.18:0.0,((15_2,15_1,15_3)0.18:0.0,((11_3,11_2,11_1)0.2:0.0,(((17_2,17_1)0.13:0.0,((10_2,10_1)0.13:0.0,(4_1,4_2)0.14:0.0)1:1.2511195827516381)1:1.2906161960308242,(((1_1,1_2,1_3)0.76:0.3997344333991795,((16_1,16_2)0.34:0.0,((7_1,7_2,7_3)0.21:0.0,(6_1,6_2,6_3)0.21:0.0)1:2.003543058752326)0.97:0.45582258081468324)0.53:0.08489341311909306,(((2_1,2_2)0.17:0.0,(8_1,8_2,8_3)0.41:0.0)1:1.9906604764518345,(((22_3,22_2,22_1)0.33:0.0,((23_3,23_2,23_1)0.17:0.0,(((25_3,25_2,25_1)0.2:0.0,(21_3,21_2,21_1)0.18:0.0)1:1.400893699218197,((24_3,24_2,24_1)0.15:0.0,(20_3,20_2,20_1)0.23:0.0)1:1.2859523566410593)0.64:0.12592138470279376)0.78:0.20337496599178684)1:2.590267165445826,(((3_1,3_2)0.17:0.0,(19_2,19_1)0.17:0.0)1:1.6739764335716716,((18_3,18_2,18_1)0.18:0.0,(((5_1,5_2)0.18:0.0,((12_2,12_1)0.13:0.0,(9_1,9_2)0.13:0.0)1:1.7692866133759964)1:0.7351425804177762,(13_2,13_1)0.26:0.0)1:0.597343051622337)1:1.8971199848858815)1:1.1526795099383855)1:0.7815541262823305)0.97:0.443937237883547)1:0.9257099537906467)1:1.6681455132608782)1:1.5454220744724612));
Weight calculation took 0.032227197 secs
ASTRAL finished in 3.475 secs
