
================== ASTRAL ===================== 

This is ASTRAL version 5.6.3
Gene trees are treated as unrooted
500 trees read from g_trees-raxml-sqlen-0-ngen-500-s2g.trees
All output trees will be *arbitrarily* rooted at 14

======== Running the main analysis
Number of taxa: 102 (25 species)
Taxa: {22=[22_6, 22_5, 22_4, 22_3, 22_2, 22_1], 23=[23_5, 23_4, 23_3, 23_2, 23_1], 24=[24_4, 24_3, 24_2, 24_1, 24_5], 25=[25_3, 25_2, 25_1, 25_5, 25_4], 10=[10_4, 10_3, 10_2, 10_1], 11=[11_4, 11_3, 11_2, 11_1], 12=[12_4, 12_3, 12_2, 12_1], 13=[13_4, 13_3, 13_2, 13_1], 14=[14_3, 14_2, 14_1, 14_4], 15=[15_2, 15_1, 15_4, 15_3], 16=[16_1, 16_4, 16_3, 16_2], 17=[17_4, 17_3, 17_2, 17_1], 18=[18_3, 18_2, 18_1], 19=[19_3, 19_2, 19_1], 1=[1_1, 1_2, 1_3], 2=[2_1, 2_2, 2_3], 3=[3_1, 3_2, 3_3, 3_4], 4=[4_1, 4_2, 4_3, 4_4], 5=[5_1, 5_2, 5_3], 6=[6_1, 6_2, 6_3, 6_4], 7=[7_1, 7_2, 7_3, 7_4], 8=[8_1, 8_2, 8_3, 8_4], 9=[9_1, 9_2, 9_3, 9_4], 20=[20_5, 20_4, 20_3, 20_2, 20_1], 21=[21_5, 21_4, 21_3, 21_2, 21_1]}
Taxon occupancy: {14_3=10, 14_2=52, 14_1=421, 10_4=1, 10_3=7, 10_2=48, 10_1=412, 18_3=9, 18_2=64, 18_1=430, 14_4=1, 25_3=14, 25_2=56, 25_1=414, 21_5=1, 21_4=2, 21_3=16, 3_1=436, 21_2=54, 21_1=414, 3_2=80, 3_3=9, 3_4=1, 7_1=425, 7_2=49, 7_3=10, 7_4=5, 25_5=1, 25_4=2, 13_4=1, 13_3=10, 13_2=62, 13_1=429, 17_4=1, 17_3=8, 17_2=58, 17_1=419, 24_4=1, 24_3=10, 24_2=57, 24_1=413, 20_5=1, 2_1=418, 20_4=1, 2_2=49, 20_3=11, 20_2=58, 2_3=11, 20_1=415, 6_1=424, 6_2=51, 6_3=10, 6_4=5, 24_5=1, 16_1=419, 12_4=1, 12_3=8, 12_2=61, 12_1=427, 16_4=1, 16_3=11, 16_2=58, 23_5=1, 23_4=2, 23_3=10, 1_1=411, 23_2=53, 23_1=415, 1_2=58, 1_3=7, 5_1=430, 5_2=63, 5_3=7, 9_1=427, 9_2=60, 9_3=8, 9_4=1, 15_2=51, 15_1=421, 11_4=2, 11_3=8, 11_2=58, 11_1=415, 19_3=8, 19_2=73, 19_1=432, 15_4=1, 15_3=10, 22_6=1, 22_5=1, 22_4=2, 22_3=8, 22_2=52, 22_1=417, 4_1=415, 4_2=47, 4_3=6, 4_4=2, 8_1=418, 8_2=50, 8_3=8, 8_4=1}
Number of gene trees: 500
500 trees have missing taxa
Calculating quartet distance matrix (for completion of X)
Species tree distances calculated ...
Will attempt to complete bipartitions from X before adding using a distance matrix.
Building set of clusters (X) from gene trees 
In second round sampling 4 rounds will be done
------------------------------
gradient0: 253
------------------------------
gradient1: 146
------------------------------
gradient2: 56
------------------------------
gradient3: 84
Number of Clusters after addition by distance: 539
calculating extra bipartitions to be added at level 1 ...
Adding to X using resolutions of greedy consensus ...
Limit for sigma of degrees:675
polytomy size limit : 3
discarded polytomies:  [3, 3, 3, 3]
Threshold 0.0:
Threshold 0.01:
Threshold 0.02:
Threshold 0.05:
polytomy of size 3; rounds with additions with at least 5 support: 0; clusters: 539
Threshold 0.1:
polytomy of size 3; rounds with additions with at least 5 support: 0; clusters: 539
Threshold 0.2:
polytomy of size 3; rounds with additions with at least 5 support: 0; clusters: 539
Threshold 0.3333333333333333:
polytomy of size 3; rounds with additions with at least 5 support: 0; clusters: 539
max k is :0
Number of Clusters after addition by greedy: 539
gradient0 in heuristiic: 539
calculating extra bipartitions to be added at level 1 ...
Adding to X using resolutions of greedy consensus ...
Limit for sigma of degrees:675
polytomy size limit : 4
discarded polytomies:  [3, 3, 4, 4]
Threshold 0.0:
Threshold 0.01:
Threshold 0.02:
Threshold 0.05:
polytomy of size 3; rounds with additions with at least 5 support: 0; clusters: 539
Threshold 0.1:
polytomy of size 3; rounds with additions with at least 5 support: 1; clusters: 541
Threshold 0.2:
polytomy of size 4; rounds with additions with at least 5 support: 0; clusters: 541
Threshold 0.3333333333333333:
polytomy of size 4; rounds with additions with at least 5 support: 0; clusters: 541
max k is :2
Number of Clusters after addition by greedy: 541
gradient1 in heuristiic: 2
calculating extra bipartitions to be added at level 1 ...
Adding to X using resolutions of greedy consensus ...
Limit for sigma of degrees:675
polytomy size limit : 3
discarded polytomies:  [3]
Threshold 0.0:
Threshold 0.01:
Threshold 0.02:
Threshold 0.05:
Threshold 0.1:
Threshold 0.2:
Threshold 0.3333333333333333:
polytomy of size 3; rounds with additions with at least 5 support: 0; clusters: 541
max k is :0
Number of Clusters after addition by greedy: 541
gradient2 in heuristiic: 0
calculating extra bipartitions to be added at level 1 ...
Adding to X using resolutions of greedy consensus ...
Limit for sigma of degrees:675
polytomy size limit : 3
discarded polytomies:  [3, 3, 3]
Threshold 0.0:
Threshold 0.01:
Threshold 0.02:
Threshold 0.05:
Threshold 0.1:
polytomy of size 3; rounds with additions with at least 5 support: 0; clusters: 541
Threshold 0.2:
polytomy of size 3; rounds with additions with at least 5 support: 0; clusters: 541
Threshold 0.3333333333333333:
polytomy of size 3; rounds with additions with at least 5 support: 0; clusters: 541
max k is :0
Number of Clusters after addition by greedy: 541
gradient3 in heuristiic: 0
partitions formed in 49.953 secs
Dynamic Programming starting after 49.953 secs
Using tree-based weight calculation.
Using polytree-based weight calculation.
Polytree max score: 10878519
Polytree building time: 0.052 seconds.
Number of quartet trees in the gene trees: 10862659
Size of largest cluster: 102
Greedy score: 8011479
estimationFactor: 1.3578665062967774
Sub-optimal score: 8354785
Total Number of elements weighted: 1272
Normalized score (portion of input quartet trees satisfied before correcting for multiple individuals): 0.7719295984528282
Optimization score: 8385208
Optimal tree inferred in 50.488 secs.
(18,((13,(5,(12,9))),((3,19),((22,(23,((25,21),(24,20)))),((2,8),((16,(7,6)),(1,((17,(10,4)),(11,(14,15))))))))));
Final quartet score is: 8640659
Final normalized quartet score is: 0.7954460321363305
You may want to ignore posterior probabilities and other statistics related to the following branch branch because the effective number of genes impacting it is only 18:
	{22}
((14_3,14_2,14_1,14_4)0.02:0.0,((15_2,15_1,15_4,15_3)0.02:0.0,((11_4,11_3,11_2,11_1)0.16:0.0,(((17_4,17_3,17_2,17_1)0.28:0.0,((10_4,10_3,10_2,10_1)0.03:0.0,(4_1,4_2,4_3,4_4)0.02:0.0)1:2.5185012376384313)1:2.6693036146354676,((1_1,1_2,1_3)1:0.5987256383711532,(((16_1,16_4,16_3,16_2)0.96:0.319777982814951,((7_1,7_2,7_3,7_4)0.02:0.0,(6_1,6_2,6_3,6_4)0.02:0.0)1:3.066689602409607)1:3.0426586338655643,(((2_1,2_2,2_3)0.06:0.0,(8_1,8_2,8_3,8_4)0.1:0.0)1:3.4764471427754993,(((22_6,22_5,22_4,22_3,22_2,22_1)0.24:0.0,((23_5,23_4,23_3,23_2,23_1)0.08:0.0,(((25_3,25_2,25_1,25_5,25_4)0.03:0.0,(21_5,21_4,21_3,21_2,21_1)0.03:0.0)1:2.3644215523249454,((24_4,24_3,24_2,24_1,24_5)0.02:0.0,(20_5,20_4,20_3,20_2,20_1)0.02:0.0)1:2.3995294995942094)1:2.347730191754432)1:2.4637709827938425)1:5.502617830060783,(((3_1,3_2,3_3,3_4)0.08:0.0,(19_3,19_2,19_1)0.02:0.0)1:2.7858735840463926,(((13_4,13_3,13_2,13_1)0.05:0.0,((5_1,5_2,5_3)0.03:0.0,((12_4,12_3,12_2,12_1)0.02:0.0,(9_1,9_2,9_3,9_4)0.01:0.0)1:2.2665758273634626)1:2.205550773590329)1:2.2370789797727926,(18_3,18_2,18_1)0.06:0.0)1:2.801991976758917)1:3.4169692655412236)1:3.2717853874271006)1:3.3151977412356124)1:3.1324450114747067)1:2.9713997834485255)1:2.7791565307356656)1:2.4129866029623788));
Weight calculation took 0.525650971 secs
ASTRAL finished in 50.851 secs
