
================== ASTRAL ===================== 

This is ASTRAL version 5.6.3
Gene trees are treated as unrooted
187 trees read from g_trees-raxml-sqlen-25-ngen-100.trees.tree
All output trees will be *arbitrarily* rooted at 10

======== Running the main analysis
Number of taxa: 25 (25 species)
Taxa: [10, 4, 17, 1, 7, 6, 5, 12, 9, 13, 18, 11, 20, 24, 21, 23, 25, 15, 14, 2, 8, 3, 19, 16, 22]
Taxon occupancy: {22=139, 23=149, 24=148, 25=148, 10=149, 11=165, 12=141, 13=138, 14=156, 15=151, 16=149, 17=154, 18=139, 19=138, 1=146, 2=144, 3=136, 4=152, 5=145, 6=144, 7=146, 8=142, 9=142, 20=144, 21=139}
Number of gene trees: 187
168 trees have missing taxa
Calculating quartet distance matrix (for completion of X)
Species tree distances calculated ...
Will attempt to complete bipartitions from X before adding using a distance matrix.
Building set of clusters (X) from gene trees 
------------------------------
gradient0: 1001
Number of Clusters after addition by distance: 1001
calculating extra bipartitions to be added at level 1 ...
Adding to X using resolutions of greedy consensus ...
Limit for sigma of degrees:675
polytomy size limit : 5
discarded polytomies:  [3, 4, 5]
Threshold 0.0:
Threshold 0.01:
Threshold 0.02:
Threshold 0.05:
Threshold 0.1:
Threshold 0.2:
Threshold 0.3333333333333333:
polytomy of size 4; rounds with additions with at least 5 support: 0; clusters: 1001
polytomy of size 3; rounds with additions with at least 5 support: 0; clusters: 1001
polytomy of size 5; rounds with additions with at least 5 support: 0; clusters: 1001
max k is :0
Number of Clusters after addition by greedy: 1001
gradient0 in heuristiic: 1001
partitions formed in 0.397 secs
Dynamic Programming starting after 0.397 secs
Using tree-based weight calculation.
Using polytree-based weight calculation.
Polytree max score: 1023501
Polytree building time: 0.033 seconds.
Number of quartet trees in the gene trees: 1023501
Size of largest cluster: 25
Greedy score: 609567
estimationFactor: 1.6790623508162352
Sub-optimal score: 696888
Total Number of elements weighted: 2793
Normalized score (portion of input quartet trees satisfied before correcting for multiple individuals): 0.731277253270881
Optimization score: 748463
Optimal tree inferred in 0.85 secs.
(8,(2,(((16,(7,6)),(1,((11,(15,14)),(17,(10,4))))),((22,(23,((20,24),(21,25)))),((3,19),(18,(13,(5,(12,9)))))))));
Final quartet score is: 748463
Final normalized quartet score is: 0.731277253270881
(10,(4,(17,((11,(15,14)1:1.865261197539052)1:0.5080784981939985,(1,((16,(7,6)1:2.1297956595738445)0.66:0.07017624056437474,(((22,(23,((20,24)1:3.496331072970626,(21,25)1:0.794055524326403)0.62:0.06010928967591727)0.96:0.15198204414283778)1:1.7410074560194746,((3,19)1:1.25060184386988,(18,(13,(5,(12,9)1:0.8258507363019758)1:0.3843239494579606)0.95:0.15010041823766201)1:0.4839745737742736)1:0.5777123886572253)0.75:0.1181819247258604,(2,8)1:1.6366809556893487)1:0.3021662083874208)0.19:3.613245026496095E-5)1:0.33424120755724224)1:0.37158127408707137)1:1.4089126841058255));
Weight calculation took 0.359809869 secs
ASTRAL finished in 0.993 secs
