
================== ASTRAL ===================== 

This is ASTRAL version 5.6.3
Gene trees are treated as unrooted
92 trees read from g_trees-raxml-sqlen-25-ngen-50.trees.tree
All output trees will be *arbitrarily* rooted at 10

======== Running the main analysis
Number of taxa: 25 (25 species)
Taxa: [10, 4, 17, 1, 7, 6, 5, 12, 9, 13, 18, 11, 20, 24, 21, 23, 25, 15, 14, 2, 8, 3, 19, 16, 22]
Taxon occupancy: {22=64, 23=69, 24=67, 25=68, 10=73, 11=80, 12=80, 13=78, 14=77, 15=72, 16=72, 17=73, 18=78, 19=70, 1=69, 2=73, 3=69, 4=73, 5=82, 6=72, 7=73, 8=74, 9=77, 20=63, 21=67}
Number of gene trees: 92
80 trees have missing taxa
Calculating quartet distance matrix (for completion of X)
Species tree distances calculated ...
Will attempt to complete bipartitions from X before adding using a distance matrix.
Building set of clusters (X) from gene trees 
------------------------------
gradient0: 675
Number of Clusters after addition by distance: 675
calculating extra bipartitions to be added at level 1 ...
Adding to X using resolutions of greedy consensus ...
Limit for sigma of degrees:675
polytomy size limit : 5
discarded polytomies:  [3, 5]
Threshold 0.0:
Threshold 0.01:
Threshold 0.02:
Threshold 0.05:
Threshold 0.1:
Threshold 0.2:
Threshold 0.3333333333333333:
polytomy of size 3; rounds with additions with at least 5 support: 0; clusters: 675
polytomy of size 5; rounds with additions with at least 5 support: 0; clusters: 675
max k is :0
Number of Clusters after addition by greedy: 675
gradient0 in heuristiic: 675
partitions formed in 0.267 secs
Dynamic Programming starting after 0.267 secs
Using tree-based weight calculation.
Using polytree-based weight calculation.
Polytree max score: 520346
Polytree building time: 0.023 seconds.
Number of quartet trees in the gene trees: 520346
Size of largest cluster: 25
Greedy score: 355827
estimationFactor: 1.4623567070514605
Sub-optimal score: 366138
Total Number of elements weighted: 1435
Normalized score (portion of input quartet trees satisfied before correcting for multiple individuals): 0.7364445964800345
Optimization score: 383206
Optimal tree inferred in 0.51 secs.
(7,(6,(((1,16),((11,(15,14)),(17,(10,4)))),(((3,19),(18,(13,(5,(12,9))))),((2,8),(23,((21,25),(22,(20,24)))))))));
Final quartet score is: 383206
Final normalized quartet score is: 0.7364445964800345
(10,(4,(17,((11,(15,14)1:2.3127816868080453)1:0.6058511580448143,((1,16)0.38:0.06093509491774083,((((3,19)1:0.9995257185073242,(18,(13,(5,(12,9)1:0.4403133507128221)1:0.8699451885522369)0.89:0.15334929531724567)0.99:0.2880529057031317)1:0.5924410708620013,((2,8)1:1.5612102525911502,(23,((21,25)1:0.765197154216839,(22,(20,24)1:1.8175435863837692)0.86:0.16269068784184668)0.88:0.1855070359700584)1:1.1722377226617968)0.97:0.24847386963516563)0.89:0.15993681857304134,(6,7)1:1.9692979625814118)0.97:0.2220195975453256)1:0.3823880345252775)1:0.33338165358165617)1:1.2125079632868887));
Weight calculation took 0.161319011 secs
ASTRAL finished in 1.991 secs
