
================== ASTRAL ===================== 

This is ASTRAL version 5.6.3
Gene trees are treated as unrooted
65 trees read from g_trees-raxml-sqlen-0-ngen-50.trees.tree
All output trees will be *arbitrarily* rooted at 6

======== Running the main analysis
Number of taxa: 25 (25 species)
Taxa: [6, 7, 1, 4, 10, 17, 14, 15, 11, 2, 8, 19, 3, 5, 12, 9, 13, 18, 24, 20, 25, 21, 23, 16, 22]
Taxon occupancy: {22=59, 23=62, 24=61, 25=60, 10=59, 11=59, 12=60, 13=59, 14=58, 15=53, 16=60, 17=58, 18=59, 19=53, 1=51, 2=56, 3=53, 4=59, 5=61, 6=60, 7=61, 8=57, 9=61, 20=61, 21=61}
Number of gene trees: 65
46 trees have missing taxa
Calculating quartet distance matrix (for completion of X)
Species tree distances calculated ...
Will attempt to complete bipartitions from X before adding using a distance matrix.
Building set of clusters (X) from gene trees 
------------------------------
gradient0: 99
Number of Clusters after addition by distance: 99
calculating extra bipartitions to be added at level 1 ...
Adding to X using resolutions of greedy consensus ...
Limit for sigma of degrees:675
polytomy size limit : 3
discarded polytomies:  []
Threshold 0.0:
Threshold 0.01:
Threshold 0.02:
Threshold 0.05:
Threshold 0.1:
Threshold 0.2:
Threshold 0.3333333333333333:
max k is :0
Number of Clusters after addition by greedy: 99
gradient0 in heuristiic: 99
partitions formed in 0.115 secs
Dynamic Programming starting after 0.115 secs
Using tree-based weight calculation.
Using polytree-based weight calculation.
Polytree max score: 572117
Polytree building time: 0.018 seconds.
Number of quartet trees in the gene trees: 572117
Size of largest cluster: 25
Greedy score: 571491
estimationFactor: 1.001095380329699
Sub-optimal score: 571491
Total Number of elements weighted: 82
Normalized score (portion of input quartet trees satisfied before correcting for multiple individuals): 0.9989058182155048
Optimization score: 571491
Optimal tree inferred in 0.191 secs.
(10,(4,(17,((11,(14,15)),(1,((16,(6,7)),((2,8),((22,(23,((25,21),(24,20)))),((19,3),(18,(13,(5,(12,9)))))))))))));
Final quartet score is: 571491
Final normalized quartet score is: 0.9989058182155048
(6,(7,(16,(((2,8)1:3.601868077124306,((22,(23,((25,21)1:3.688879454113933,(24,20)1:3.705408756065146)1:3.705408756065146)1:3.688879454113933)1:3.654977902438253,((19,3)1:3.564826805443958,(18,(13,(5,(12,9)1:3.6720723357975578)1:3.6198865826269824)1:3.6198865826269824)1:3.5457786104732607)1:3.5457786104732607)1:3.5263605246161593)1:3.072693314690122,(1,((11,(14,15)1:3.564826805443958)1:3.654977902438253,(17,(4,10)1:3.654977902438253)1:3.654977902438253)1:3.506557897319981)1:3.486355190002461)1:2.9789251552376093)1:3.688879454113933));
Weight calculation took 0.029289891 secs
ASTRAL finished in 0.298 secs
