
================== ASTRAL ===================== 

This is ASTRAL version 5.6.3
Gene trees are treated as unrooted
38 trees read from g_trees-raxml-sqlen-250-ngen-25.trees.tree
All output trees will be *arbitrarily* rooted at 6

======== Running the main analysis
Number of taxa: 25 (25 species)
Taxa: [6, 7, 18, 13, 12, 9, 5, 8, 2, 10, 17, 4, 11, 15, 14, 1, 23, 21, 25, 24, 20, 3, 19, 22, 16]
Taxon occupancy: {22=32, 23=33, 24=32, 25=33, 10=32, 11=32, 12=35, 13=37, 14=30, 15=30, 16=34, 17=33, 18=37, 19=33, 1=31, 2=35, 3=34, 4=32, 5=38, 6=35, 7=35, 8=35, 9=35, 20=32, 21=33}
Number of gene trees: 38
26 trees have missing taxa
Calculating quartet distance matrix (for completion of X)
Species tree distances calculated ...
Will attempt to complete bipartitions from X before adding using a distance matrix.
Building set of clusters (X) from gene trees 
------------------------------
gradient0: 201
Number of Clusters after addition by distance: 201
calculating extra bipartitions to be added at level 1 ...
Adding to X using resolutions of greedy consensus ...
Limit for sigma of degrees:675
polytomy size limit : 3
discarded polytomies:  [3]
Threshold 0.0:
Threshold 0.01:
Threshold 0.02:
Threshold 0.05:
Threshold 0.1:
Threshold 0.2:
Threshold 0.3333333333333333:
polytomy of size 3; rounds with additions with at least 5 support: 0; clusters: 201
max k is :0
Number of Clusters after addition by greedy: 201
gradient0 in heuristiic: 201
partitions formed in 0.145 secs
Dynamic Programming starting after 0.145 secs
Using tree-based weight calculation.
Using polytree-based weight calculation.
Polytree max score: 310021
Polytree building time: 0.011 seconds.
Number of quartet trees in the gene trees: 310021
Size of largest cluster: 25
Greedy score: 280078
estimationFactor: 1.1069095037810897
Sub-optimal score: 281599
Total Number of elements weighted: 215
Normalized score (portion of input quartet trees satisfied before correcting for multiple individuals): 0.9085094235551785
Optimization score: 281657
Optimal tree inferred in 0.219 secs.
(20,(24,((21,25),(23,(22,(((3,19),(18,(13,(5,(12,9))))),((8,2),((1,(16,(6,7))),((11,(15,14)),(17,(10,4)))))))))));
Final quartet score is: 281657
Final normalized quartet score is: 0.9085094235551785
(6,(7,(16,(1,(((11,(15,14)1:2.9957322735539913)1:2.9957322735539913,(17,(10,4)1:1.9924301646902058)1:2.3978952727983716)1:1.3034687379778112,((8,2)1:3.0602707946915624,(((3,19)1:2.4277482359480516,(18,(13,(5,(12,9)1:3.1780538303479453)1:0.8846334120034638)1:0.5930637220029626)1:2.7154303083998337)1:1.7429693050586228,(22,(23,((21,25)1:2.0703917061599193,(24,20)1:2.4245635198805338)0.51:0.08732929147331199)0.96:0.30294954458256934)1:3.091042453358317)1:0.7922124818933876)1:0.7927002195426185)0.47:0.0818642891177387)1:0.9169829289852888)1:3.149882953381249));
Weight calculation took 0.020590713 secs
ASTRAL finished in 1.123 secs
