
================== ASTRAL ===================== 

This is ASTRAL version 5.6.3
Gene trees are treated as unrooted
1007 trees read from g_trees-raxml-sqlen-25-ngen-500.trees.tree
All output trees will be *arbitrarily* rooted at 10

======== Running the main analysis
Number of taxa: 25 (25 species)
Taxa: [10, 4, 17, 1, 7, 6, 5, 12, 9, 13, 18, 11, 20, 24, 21, 23, 25, 15, 14, 2, 8, 3, 19, 16, 22]
Taxon occupancy: {22=762, 23=730, 24=732, 25=751, 10=783, 11=803, 12=756, 13=772, 14=786, 15=786, 16=804, 17=794, 18=756, 19=777, 1=769, 2=779, 3=772, 4=791, 5=756, 6=788, 7=790, 8=781, 9=759, 20=732, 21=742}
Number of gene trees: 1007
911 trees have missing taxa
Calculating quartet distance matrix (for completion of X)
Species tree distances calculated ...
Will attempt to complete bipartitions from X before adding using a distance matrix.
Building set of clusters (X) from gene trees 
------------------------------
gradient0: 2689
Number of Clusters after addition by distance: 2689
calculating extra bipartitions to be added at level 1 ...
Adding to X using resolutions of greedy consensus ...
Limit for sigma of degrees:675
polytomy size limit : 5
discarded polytomies:  [3, 5]
Threshold 0.0:
Threshold 0.01:
Threshold 0.02:
Threshold 0.05:
Threshold 0.1:
Threshold 0.2:
Threshold 0.3333333333333333:
polytomy of size 3; rounds with additions with at least 5 support: 0; clusters: 2689
polytomy of size 5; rounds with additions with at least 5 support: 0; clusters: 2689
max k is :0
Number of Clusters after addition by greedy: 2689
gradient0 in heuristiic: 2689
partitions formed in 0.983 secs
Dynamic Programming starting after 0.983 secs
Using tree-based weight calculation.
Using polytree-based weight calculation.
Polytree max score: 5168950
Polytree building time: 0.147 seconds.
Number of quartet trees in the gene trees: 5168950
Size of largest cluster: 25
Greedy score: 3261922
estimationFactor: 1.5846332315732872
Sub-optimal score: 3494705
Total Number of elements weighted: 14882
Normalized score (portion of input quartet trees satisfied before correcting for multiple individuals): 0.7297008096421904
Optimization score: 3771787
Optimal tree inferred in 9.143 secs.
(8,(2,(((16,(7,6)),(1,((11,(15,14)),(17,(10,4))))),((22,((21,25),(23,(20,24)))),((3,19),(18,(13,(5,(12,9)))))))));
Final quartet score is: 3771787
Final normalized quartet score is: 0.7297008096421904
(10,(4,(17,((11,(15,14)1:1.5131391921880704)1:0.7037298770700263,(1,((16,(7,6)1:2.357211159291011)0.99:0.07883204279539527,(((22,((21,25)1:0.8513439059152992,(23,(20,24)1:2.0077740862144977)1:0.09369143578375948)1:0.10084792196263594)1:2.36223276439534,((3,19)1:0.9395906533980125,(18,(13,(5,(12,9)1:0.9287731720654179)1:0.2177339743274588)1:0.14406748568632233)1:0.8140852106413281)1:0.5533285285347637)1:0.16239808819538712,(2,8)1:1.6275598476765236)1:0.16011022775906228)1:0.08795937499934567)1:0.397972780614002)1:0.3218472584133011)1:1.0677348463760512));
Weight calculation took 7.847852779 secs
ASTRAL finished in 9.743 secs
