
================== ASTRAL ===================== 

This is ASTRAL version 5.6.3
Gene trees are treated as unrooted
56 trees read from g_trees-raxml-sqlen-25-ngen-25.trees.tree
All output trees will be *arbitrarily* rooted at 10

======== Running the main analysis
Number of taxa: 25 (25 species)
Taxa: [10, 4, 17, 1, 7, 6, 5, 12, 9, 13, 18, 11, 20, 24, 21, 23, 25, 15, 14, 2, 8, 3, 19, 16, 22]
Taxon occupancy: {22=38, 23=38, 24=37, 25=38, 10=44, 11=50, 12=52, 13=53, 14=48, 15=48, 16=41, 17=43, 18=52, 19=47, 1=43, 2=46, 3=47, 4=44, 5=53, 6=44, 7=44, 8=46, 9=48, 20=33, 21=38}
Number of gene trees: 56
49 trees have missing taxa
Calculating quartet distance matrix (for completion of X)
Species tree distances calculated ...
Will attempt to complete bipartitions from X before adding using a distance matrix.
Building set of clusters (X) from gene trees 
------------------------------
gradient0: 505
Number of Clusters after addition by distance: 505
calculating extra bipartitions to be added at level 1 ...
Adding to X using resolutions of greedy consensus ...
Limit for sigma of degrees:675
polytomy size limit : 4
discarded polytomies:  [3, 3, 3, 4]
Threshold 0.0:
Threshold 0.01:
Threshold 0.02:
Threshold 0.05:
Threshold 0.1:
Threshold 0.2:
polytomy of size 3; rounds with additions with at least 5 support: 0; clusters: 505
Threshold 0.3333333333333333:
polytomy of size 4; rounds with additions with at least 5 support: 0; clusters: 505
polytomy of size 3; rounds with additions with at least 5 support: 0; clusters: 505
polytomy of size 3; rounds with additions with at least 5 support: 0; clusters: 505
max k is :0
Number of Clusters after addition by greedy: 505
gradient0 in heuristiic: 505
partitions formed in 0.243 secs
Dynamic Programming starting after 0.243 secs
Using tree-based weight calculation.
Using polytree-based weight calculation.
Polytree max score: 327839
Polytree building time: 0.019 seconds.
Number of quartet trees in the gene trees: 327839
Size of largest cluster: 25
Greedy score: 209346
estimationFactor: 1.5660151137351561
Sub-optimal score: 226647
Total Number of elements weighted: 904
Normalized score (portion of input quartet trees satisfied before correcting for multiple individuals): 0.7448198658487856
Optimization score: 244181
Optimal tree inferred in 0.398 secs.
(7,(6,(((2,8),(23,((21,25),(22,(20,24))))),(((3,19),(18,(13,(5,(12,9))))),(16,(1,((11,(15,14)),(17,(10,4)))))))));
Final quartet score is: 244181
Final normalized quartet score is: 0.7448198658487856
(10,(4,(17,((11,(15,14)1:2.6519607344511678)1:0.7637644856479141,(1,(16,(((3,19)1:1.6229547810136955,(18,(13,(5,(12,9)0.94:0.23310930850555234)1:1.2239262461382767)0.78:0.1372248980765231)0.45:0.06260662776210421)1:0.7178116072730325,(((2,8)1:2.2589100294913846,(23,((21,25)1:0.7762350606086484,(22,(20,24)1:1.2441976056364445)0.72:0.17005392127022717)1:0.6495143130361564)1:0.6489895788972484)0.76:0.18721558217387702,(6,7)1:3.0874165562430145)0.65:0.0943298134197837)0.85:0.1934671118471585)0.67:0.12659007122270363)0.87:0.19830638957579072)1:0.4468805698100394)1:1.1275682291771882));
Weight calculation took 0.089678764 secs
ASTRAL finished in 1.445 secs
