
================== ASTRAL ===================== 

This is ASTRAL version 5.6.3
Gene trees are treated as unrooted
73 trees read from g_trees-raxml-sqlen-250-ngen-50.trees.tree
All output trees will be *arbitrarily* rooted at 6

======== Running the main analysis
Number of taxa: 25 (25 species)
Taxa: [6, 7, 18, 13, 12, 9, 5, 8, 2, 10, 17, 4, 11, 15, 14, 1, 23, 21, 25, 24, 20, 3, 19, 22, 16]
Taxon occupancy: {22=63, 23=64, 24=63, 25=62, 10=65, 11=63, 12=65, 13=62, 14=60, 15=57, 16=63, 17=64, 18=64, 19=60, 1=59, 2=60, 3=61, 4=65, 5=68, 6=63, 7=65, 8=61, 9=66, 20=63, 21=63}
Number of gene trees: 73
57 trees have missing taxa
Calculating quartet distance matrix (for completion of X)
Species tree distances calculated ...
Will attempt to complete bipartitions from X before adding using a distance matrix.
Building set of clusters (X) from gene trees 
------------------------------
gradient0: 253
Number of Clusters after addition by distance: 253
calculating extra bipartitions to be added at level 1 ...
Adding to X using resolutions of greedy consensus ...
Limit for sigma of degrees:675
polytomy size limit : 3
discarded polytomies:  []
Threshold 0.0:
Threshold 0.01:
Threshold 0.02:
Threshold 0.05:
Threshold 0.1:
Threshold 0.2:
Threshold 0.3333333333333333:
max k is :0
Number of Clusters after addition by greedy: 253
gradient0 in heuristiic: 253
partitions formed in 0.152 secs
Dynamic Programming starting after 0.152 secs
Using tree-based weight calculation.
Using polytree-based weight calculation.
Polytree max score: 546149
Polytree building time: 0.015 seconds.
Number of quartet trees in the gene trees: 546149
Size of largest cluster: 25
Greedy score: 489529
estimationFactor: 1.1156621977451795
Sub-optimal score: 497264
Total Number of elements weighted: 291
Normalized score (portion of input quartet trees satisfied before correcting for multiple individuals): 0.9110572389585992
Optimization score: 497573
Optimal tree inferred in 0.239 secs.
(20,(24,(23,((21,25),(22,(((3,19),(18,(13,(5,(12,9))))),((8,2),((16,(6,7)),(1,((11,(15,14)),(17,(10,4))))))))))));
Final quartet score is: 497573
Final normalized quartet score is: 0.9110572389585992
(6,(7,(16,((1,((11,(15,14)1:2.9444389791664407)1:3.688879454113933,(17,(10,4)1:2.200069529468449)1:1.7757591278816138)1:1.593467634069609)0.87:0.19789270985784196,((8,2)1:2.5326380526091907,(((3,19)1:2.9789251552376093,(18,(13,(5,(12,9)1:3.768922161787476)1:0.7974628232340476)1:0.42543724129507937)1:2.7386871705640994)1:2.097790680348033,(22,((21,25)1:2.1708290111116146,(23,(24,20)1:2.7013257022182895)0.6:0.06817381235160595)1:0.39543493374822697)1:3.6720723357975578)1:0.9101239777918148)1:0.6945624314657236)1:1.0270627890245976)1:3.737669618283365));
Weight calculation took 0.029226282 secs
ASTRAL finished in 1.306 secs
