
================== ASTRAL ===================== 

This is ASTRAL version 5.6.3
Gene trees are treated as unrooted
500 trees read from g_trees-raxml-sqlen-250-ngen-500-s2g.trees
All output trees will be *arbitrarily* rooted at 16

======== Running the main analysis
Number of taxa: 25 (25 species)
Taxa: [16, 15, 14, 13, 12, 11, 10, 19, 18, 17, 25, 24, 1, 23, 2, 22, 3, 21, 4, 20, 5, 6, 7, 8, 9]
Taxon occupancy: {16_1=500, 15_1=500, 14_1=500, 13_1=500, 12_1=500, 11_1=500, 10_1=500, 19_1=500, 18_1=500, 17_1=500, 25_1=500, 24_1=500, 1_1=500, 23_1=500, 2_1=500, 3_1=500, 22_1=500, 21_1=500, 4_1=500, 20_1=500, 5_1=500, 6_1=500, 7_1=500, 8_1=500, 9_1=500}
Number of gene trees: 500
0 trees have missing taxa
Calculating quartet distance matrix (for completion of X)
Species tree distances calculated ...
Building set of clusters (X) from gene trees 
------------------------------
gradient0: 467
Number of Clusters after addition by distance: 467
calculating extra bipartitions to be added at level 1 ...
Adding to X using resolutions of greedy consensus ...
Limit for sigma of degrees:675
polytomy size limit : 3
discarded polytomies:  []
Threshold 0.0:
Threshold 0.01:
Threshold 0.02:
Threshold 0.05:
Threshold 0.1:
Threshold 0.2:
Threshold 0.3333333333333333:
max k is :0
Number of Clusters after addition by greedy: 467
gradient0 in heuristiic: 467
partitions formed in 0.334 secs
Dynamic Programming starting after 0.334 secs
Using tree-based weight calculation.
Using polytree-based weight calculation.
Polytree max score: 6325000
Polytree building time: 0.103 seconds.
Number of quartet trees in the gene trees: 6325000
Size of largest cluster: 25
Greedy score: 5891048
estimationFactor: 1.0736629543673724
Sub-optimal score: 5891048
Total Number of elements weighted: 645
Normalized score (portion of input quartet trees satisfied before correcting for multiple individuals): 0.9313909881422925
Optimization score: 5891048
Optimal tree inferred in 0.565 secs.
(21,(23,(20,((24,(22,(25,(19,18)))),((3,((2,(15,6)),(5,(12,8)))),((13,(11,10)),((4,(17,1)),(16,(9,(14,7))))))))));
Final quartet score is: 5891048
Final normalized quartet score is: 0.9313909881422925
(16_1,((9_1,(14_1,7_1)1:3.644688074307239)1:0.5171185507115441,((4_1,(17_1,1_1)1:1.4685169061688481)1:3.5085558999826563,((13_1,(11_1,10_1)1:0.361469059877433)1:4.013841343373032,((3_1,((2_1,(15_1,6_1)1:3.322453620348792)1:1.4341709811472854,(5_1,(12_1,8_1)1:3.239222966199068)1:1.013105614980661)1:2.079959159172078)1:1.8402203463010687,((24_1,(22_1,(25_1,(19_1,18_1)1:2.0269513590584407)1:1.6211255656442911)1:3.398207842813788)1:0.6902454418784558,(20_1,(23_1,21_1)1:1.0316356018273043)1:3.5109116136751135)1:3.8883532613422327)1:0.7395076640648987)1:1.2331707269152625)1:1.7772281699395183));
Weight calculation took 0.0545237 secs
ASTRAL finished in 0.909 secs
