
================== ASTRAL ===================== 

This is ASTRAL version 5.6.3
Gene trees are treated as unrooted
500 trees read from g_trees-raxml-sqlen-50-ngen-500-s2g.trees
All output trees will be *arbitrarily* rooted at 16

======== Running the main analysis
Number of taxa: 25 (25 species)
Taxa: [16, 15, 14, 13, 12, 11, 10, 19, 18, 17, 25, 24, 1, 23, 2, 22, 3, 21, 4, 20, 5, 6, 7, 8, 9]
Taxon occupancy: {16_1=500, 15_1=500, 14_1=500, 13_1=500, 12_1=500, 11_1=500, 10_1=500, 19_1=500, 18_1=500, 17_1=500, 25_1=500, 24_1=500, 1_1=500, 23_1=500, 2_1=500, 3_1=500, 22_1=500, 21_1=500, 4_1=500, 20_1=500, 5_1=500, 6_1=500, 7_1=500, 8_1=500, 9_1=500}
Number of gene trees: 500
0 trees have missing taxa
Calculating quartet distance matrix (for completion of X)
Species tree distances calculated ...
Building set of clusters (X) from gene trees 
------------------------------
gradient0: 1709
Number of Clusters after addition by distance: 1709
calculating extra bipartitions to be added at level 1 ...
Adding to X using resolutions of greedy consensus ...
Limit for sigma of degrees:675
polytomy size limit : 3
discarded polytomies:  [3, 3]
Threshold 0.0:
Threshold 0.01:
Threshold 0.02:
Threshold 0.05:
Threshold 0.1:
Threshold 0.2:
Threshold 0.3333333333333333:
polytomy of size 3; rounds with additions with at least 5 support: 0; clusters: 1709
polytomy of size 3; rounds with additions with at least 5 support: 0; clusters: 1709
max k is :0
Number of Clusters after addition by greedy: 1709
gradient0 in heuristiic: 1709
partitions formed in 0.684 secs
Dynamic Programming starting after 0.684 secs
Using tree-based weight calculation.
Using polytree-based weight calculation.
Polytree max score: 6325000
Polytree building time: 0.485 seconds.
Number of quartet trees in the gene trees: 6325000
Size of largest cluster: 25
Greedy score: 4182246
estimationFactor: 1.5123452805023903
Sub-optimal score: 4792229
Total Number of elements weighted: 6809
Normalized score (portion of input quartet trees satisfied before correcting for multiple individuals): 0.7942969169960474
Optimization score: 5023928
Optimal tree inferred in 1.874 secs.
(3,(((5,(12,8)),(2,(15,6))),(((20,(23,21)),(24,(22,(25,(19,18))))),((13,(11,10)),((4,(17,1)),(16,(9,(14,7))))))));
Final quartet score is: 5023928
Final normalized quartet score is: 0.7942969169960474
(16_1,((9_1,(14_1,7_1)1:1.9295771950332652)1:0.11014016128237633,((4_1,(17_1,1_1)1:0.6199533830383315)1:1.5750236290652184,((13_1,(11_1,10_1)1:0.16762335638202344)1:2.5232722966215495,(((20_1,(23_1,21_1)1:0.39584899825365455)1:1.337152022268177,(24_1,(22_1,(25_1,(19_1,18_1)1:1.0278246216051357)1:0.7593028245231721)1:1.6104364147636867)1:0.21604700562511994)1:1.652079354130438,(((5_1,(12_1,8_1)1:1.4342411140491664)1:0.31343365504981513,(2_1,(15_1,6_1)1:1.8607717825402055)1:0.38422212895044755)1:0.6652268627316505,3_1)1:0.6136804102403464)1:0.219497435491914)1:0.37057685110422955)1:0.5881859462010949));
Weight calculation took 0.580339168 secs
ASTRAL finished in 2.181 secs
