
================== ASTRAL ===================== 

This is ASTRAL version 5.6.3
Gene trees are treated as unrooted
25 trees read from g_trees-raxml-sqlen-50-ngen-25-s2g.trees
All output trees will be *arbitrarily* rooted at 16

======== Running the main analysis
Number of taxa: 25 (25 species)
Taxa: [16, 15, 14, 13, 12, 11, 10, 19, 18, 17, 25, 24, 1, 23, 2, 22, 3, 21, 4, 20, 5, 6, 7, 8, 9]
Taxon occupancy: {16_1=25, 15_1=25, 14_1=25, 13_1=25, 12_1=25, 11_1=25, 10_1=25, 19_1=25, 18_1=25, 17_1=25, 25_1=25, 24_1=25, 1_1=25, 23_1=25, 2_1=25, 3_1=25, 22_1=25, 21_1=25, 4_1=25, 20_1=25, 5_1=25, 6_1=25, 7_1=25, 8_1=25, 9_1=25}
Number of gene trees: 25
0 trees have missing taxa
Calculating quartet distance matrix (for completion of X)
Species tree distances calculated ...
Building set of clusters (X) from gene trees 
------------------------------
gradient0: 335
Number of Clusters after addition by distance: 335
calculating extra bipartitions to be added at level 1 ...
Adding to X using resolutions of greedy consensus ...
Limit for sigma of degrees:675
polytomy size limit : 3
discarded polytomies:  [3, 3]
Threshold 0.0:
Threshold 0.01:
Threshold 0.02:
Threshold 0.05:
Threshold 0.1:
Threshold 0.2:
Threshold 0.3333333333333333:
polytomy of size 3; rounds with additions with at least 5 support: 0; clusters: 335
polytomy of size 3; rounds with additions with at least 5 support: 0; clusters: 335
max k is :0
Number of Clusters after addition by greedy: 335
gradient0 in heuristiic: 335
partitions formed in 0.099 secs
Dynamic Programming starting after 0.099 secs
Using tree-based weight calculation.
Using polytree-based weight calculation.
Polytree max score: 316250
Polytree building time: 0.011 seconds.
Number of quartet trees in the gene trees: 316250
Size of largest cluster: 25
Greedy score: 219779
estimationFactor: 1.4389454861474482
Sub-optimal score: 245481
Total Number of elements weighted: 522
Normalized score (portion of input quartet trees satisfied before correcting for multiple individuals): 0.7850656126482214
Optimization score: 248277
Optimal tree inferred in 0.149 secs.
(2,((15,6),((5,(12,8)),(3,(((20,(23,21)),(24,(22,(25,(19,18))))),((10,(13,11)),((4,(17,1)),(16,(9,(14,7))))))))));
Final quartet score is: 248277
Final normalized quartet score is: 0.7850656126482214
(16_1,((9_1,(14_1,7_1)1:1.8493293210495327)0.5:0.09806121317621462,((4_1,(17_1,1_1)1:0.6655592240411163)1:1.3672461661491964,((10_1,(13_1,11_1)0.41:0.019418085857101513)1:1.6053255008810081,(((20_1,(23_1,21_1)0.89:0.26009411593295184)1:1.0120817965158306,(24_1,(22_1,(25_1,(19_1,18_1)1:1.0838614789099614)1:1.0373414632750688)1:2.087163587773747)0.8:0.21357410029805904)1:1.3986784203196123,(3_1,((5_1,(12_1,8_1)1:1.2431935174792175)1:0.8043728156701696,((15_1,6_1)1:1.4218853062225925,2_1)0.98:0.4064777664225509)0.92:0.3121966382153667)1:0.6057352427798607)0.61:0.11179140598811681)1:0.5483810576002105)0.97:0.36618275977350206));
Weight calculation took 0.015535165 secs
ASTRAL finished in 0.21 secs
