
================== ASTRAL ===================== 

This is ASTRAL version 5.6.3
Gene trees are treated as unrooted
50 trees read from g_trees-raxml-sqlen-50-ngen-50-s2g.trees
All output trees will be *arbitrarily* rooted at 16

======== Running the main analysis
Number of taxa: 25 (25 species)
Taxa: [16, 15, 14, 13, 12, 11, 10, 19, 18, 17, 25, 24, 1, 23, 2, 22, 3, 21, 4, 20, 5, 6, 7, 8, 9]
Taxon occupancy: {16_1=50, 15_1=50, 14_1=50, 13_1=50, 12_1=50, 11_1=50, 10_1=50, 19_1=50, 18_1=50, 17_1=50, 25_1=50, 24_1=50, 1_1=50, 23_1=50, 2_1=50, 3_1=50, 22_1=50, 21_1=50, 4_1=50, 20_1=50, 5_1=50, 6_1=50, 7_1=50, 8_1=50, 9_1=50}
Number of gene trees: 50
0 trees have missing taxa
Calculating quartet distance matrix (for completion of X)
Species tree distances calculated ...
Building set of clusters (X) from gene trees 
------------------------------
gradient0: 511
Number of Clusters after addition by distance: 511
calculating extra bipartitions to be added at level 1 ...
Adding to X using resolutions of greedy consensus ...
Limit for sigma of degrees:675
polytomy size limit : 4
discarded polytomies:  [3, 4]
Threshold 0.0:
Threshold 0.01:
Threshold 0.02:
Threshold 0.05:
Threshold 0.1:
Threshold 0.2:
Threshold 0.3333333333333333:
polytomy of size 4; rounds with additions with at least 5 support: 0; clusters: 511
polytomy of size 3; rounds with additions with at least 5 support: 0; clusters: 511
max k is :0
Number of Clusters after addition by greedy: 511
gradient0 in heuristiic: 511
partitions formed in 0.182 secs
Dynamic Programming starting after 0.182 secs
Using tree-based weight calculation.
Using polytree-based weight calculation.
Polytree max score: 632500
Polytree building time: 0.032 seconds.
Number of quartet trees in the gene trees: 632500
Size of largest cluster: 25
Greedy score: 440477
estimationFactor: 1.4359433069150036
Sub-optimal score: 465006
Total Number of elements weighted: 991
Normalized score (portion of input quartet trees satisfied before correcting for multiple individuals): 0.7812901185770751
Optimization score: 494166
Optimal tree inferred in 0.291 secs.
(3,(((5,(12,8)),(2,(15,6))),(((20,(23,21)),(24,(22,(25,(19,18))))),((13,(11,10)),((4,(17,1)),((14,7),(16,9)))))));
Final quartet score is: 494166
Final normalized quartet score is: 0.7812901185770751
(16_1,(9_1,((14_1,7_1)1:2.195125940679299,((4_1,(17_1,1_1)1:0.7566167545086121)1:1.4280018238041208,((13_1,(11_1,10_1)0.53:0.05354745144234985)1:1.8285629382042599,(((20_1,(23_1,21_1)1:0.4148674607865548)1:1.1194154162978733,(24_1,(22_1,(25_1,(19_1,18_1)1:1.4583476787599485)1:0.8958429565490376)1:1.9473818196667696)0.92:0.21253108974595172)1:1.5522794985941522,(((5_1,(12_1,8_1)1:0.8680099920662238)1:0.4357168748523635,(2_1,(15_1,6_1)1:1.6829290448437855)1:0.3931572604335675)1:0.47451633797393655,3_1)1:0.535222120072398)0.89:0.1840036429769394)0.99:0.31574091087710177)1:0.49918341835451213)0.56:0.10785350541891418));
Weight calculation took 0.040233266 secs
ASTRAL finished in 0.391 secs
