
================== ASTRAL ===================== 

This is ASTRAL version 5.6.3
Gene trees are treated as unrooted
50 trees read from g_trees-raxml-sqlen-100-ngen-50-s2g.trees
All output trees will be *arbitrarily* rooted at 16

======== Running the main analysis
Number of taxa: 25 (25 species)
Taxa: [16, 15, 14, 13, 12, 11, 10, 19, 18, 17, 25, 24, 1, 23, 2, 22, 3, 21, 4, 20, 5, 6, 7, 8, 9]
Taxon occupancy: {16_1=50, 15_1=50, 14_1=50, 13_1=50, 12_1=50, 11_1=50, 10_1=50, 19_1=50, 18_1=50, 17_1=50, 25_1=50, 24_1=50, 1_1=50, 23_1=50, 2_1=50, 22_1=50, 3_1=50, 21_1=50, 4_1=50, 20_1=50, 5_1=50, 6_1=50, 7_1=50, 8_1=50, 9_1=50}
Number of gene trees: 50
0 trees have missing taxa
Calculating quartet distance matrix (for completion of X)
Species tree distances calculated ...
Building set of clusters (X) from gene trees 
------------------------------
gradient0: 339
Number of Clusters after addition by distance: 339
calculating extra bipartitions to be added at level 1 ...
Adding to X using resolutions of greedy consensus ...
Limit for sigma of degrees:675
polytomy size limit : 3
discarded polytomies:  []
Threshold 0.0:
Threshold 0.01:
Threshold 0.02:
Threshold 0.05:
Threshold 0.1:
Threshold 0.2:
Threshold 0.3333333333333333:
max k is :0
Number of Clusters after addition by greedy: 339
gradient0 in heuristiic: 339
partitions formed in 0.095 secs
Dynamic Programming starting after 0.095 secs
Using tree-based weight calculation.
Using polytree-based weight calculation.
Polytree max score: 632500
Polytree building time: 0.017 seconds.
Number of quartet trees in the gene trees: 632500
Size of largest cluster: 25
Greedy score: 504515
estimationFactor: 1.2536792761364874
Sub-optimal score: 520459
Total Number of elements weighted: 523
Normalized score (portion of input quartet trees satisfied before correcting for multiple individuals): 0.8498434782608696
Optimization score: 537526
Optimal tree inferred in 0.154 secs.
(20,((23,21),((24,(22,(25,(19,18)))),((3,((5,(12,8)),(2,(15,6)))),((13,(11,10)),((4,(17,1)),(16,(9,(14,7)))))))));
Final quartet score is: 537526
Final normalized quartet score is: 0.8498434782608696
(16_1,((9_1,(14_1,7_1)1:2.1865861791311656)0.97:0.2609646841130676,((4_1,(17_1,1_1)1:1.2702954472570094)1:2.1826257779150673,((13_1,(11_1,10_1)0.99:0.33513623107847074)1:2.5419662054399406,((3_1,((5_1,(12_1,8_1)1:1.3809610151445277)1:0.48434749849816433,(2_1,(15_1,6_1)1:2.4277482359480516)1:0.5394388807443249)1:0.8939389194163012)1:0.9212047466765839,((24_1,(22_1,(25_1,(19_1,18_1)1:1.334199249236489)1:0.6386377748915738)1:2.4277482359480516)0.86:0.17062551703076334,((23_1,21_1)1:0.5559460590464603,20_1)1:1.7514081737044882)1:2.5278316945050334)0.98:0.2900859197631753)1:0.4383529749529995)1:0.892608247230596));
Weight calculation took 0.016998639 secs
ASTRAL finished in 0.225 secs
