
================== ASTRAL ===================== 

This is ASTRAL version 5.6.3
Gene trees are treated as unrooted
500 trees read from g_trees-raxml-sqlen-100-ngen-500.trees.tree
All output trees will be *arbitrarily* rooted at 13

======== Running the main analysis
Number of taxa: 25 (25 species)
Taxa: [13, 11, 10, 3, 8, 12, 2, 15, 6, 5, 17, 4, 1, 9, 14, 7, 16, 24, 23, 21, 20, 25, 22, 18, 19]
Taxon occupancy: {22=500, 23=500, 24=500, 25=500, 10=500, 11=500, 12=500, 13=500, 14=500, 15=500, 16=500, 17=500, 18=500, 19=500, 1=500, 2=500, 3=500, 4=500, 5=500, 6=500, 7=500, 8=500, 9=500, 20=500, 21=500}
Number of gene trees: 500
0 trees have missing taxa
Calculating quartet distance matrix (for completion of X)
Species tree distances calculated ...
Building set of clusters (X) from gene trees 
------------------------------
gradient0: 927
Number of Clusters after addition by distance: 927
calculating extra bipartitions to be added at level 1 ...
Adding to X using resolutions of greedy consensus ...
Limit for sigma of degrees:675
polytomy size limit : 3
discarded polytomies:  []
Threshold 0.0:
Threshold 0.01:
Threshold 0.02:
Threshold 0.05:
Threshold 0.1:
Threshold 0.2:
Threshold 0.3333333333333333:
max k is :0
Number of Clusters after addition by greedy: 927
gradient0 in heuristiic: 927
partitions formed in 0.329 secs
Dynamic Programming starting after 0.329 secs
Using tree-based weight calculation.
Using polytree-based weight calculation.
Polytree max score: 6325000
Polytree building time: 0.249 seconds.
Number of quartet trees in the gene trees: 6325000
Size of largest cluster: 25
Greedy score: 5037260
estimationFactor: 1.2556429487459453
Sub-optimal score: 5291423
Total Number of elements weighted: 2571
Normalized score (portion of input quartet trees satisfied before correcting for multiple individuals): 0.8649739130434783
Optimization score: 5470960
Optimal tree inferred in 0.913 secs.
(20,((23,21),((24,(22,(25,(18,19)))),((3,((5,(8,12)),(2,(15,6)))),((13,(11,10)),((4,(17,1)),(16,(9,(14,7)))))))));
Final quartet score is: 5470960
Final normalized quartet score is: 0.8649739130434783
(13,((11,10)1:0.2682744552228183,(((4,(17,1)1:0.8988203877050687)1:2.451054999556974,(16,(9,(14,7)1:2.4756949888773283)1:0.27897566749824665)1:0.9424675902339869)1:0.6020495749848639,((3,((5,(8,12)1:2.0446693837896253)1:0.5054386816814419,(2,(15,6)1:2.487086487163421)1:0.7913083583029429)1:1.1090345649795768)1:0.9771102953451701,((24,(22,(25,(18,19)1:1.3862943611198915)1:0.8194134885680074)1:2.3945078031847067)1:0.29579678330607057,((23,21)1:0.65025873253366,20)1:2.0346008629094157)1:2.7333899434807223)1:0.3494120257524968)1:3.69316578729462));
Weight calculation took 0.241358444 secs
ASTRAL finished in 1.378 secs
