
================== ASTRAL ===================== 

This is ASTRAL version 5.6.3
Gene trees are treated as unrooted
50 trees read from g_trees-raxml-sqlen-25-ngen-50.trees.tree
All output trees will be *arbitrarily* rooted at 4

======== Running the main analysis
Number of taxa: 25 (25 species)
Taxa: [4, 1, 17, 5, 3, 8, 12, 2, 15, 6, 9, 16, 14, 7, 24, 23, 21, 20, 11, 10, 13, 22, 25, 18, 19]
Taxon occupancy: {22=50, 23=50, 24=50, 25=50, 10=50, 11=50, 12=50, 13=50, 14=50, 15=50, 16=50, 17=50, 18=50, 19=50, 1=50, 2=50, 3=50, 4=50, 5=50, 6=50, 7=50, 8=50, 9=50, 20=50, 21=50}
Number of gene trees: 50
0 trees have missing taxa
Calculating quartet distance matrix (for completion of X)
Species tree distances calculated ...
Building set of clusters (X) from gene trees 
------------------------------
gradient0: 811
Number of Clusters after addition by distance: 811
calculating extra bipartitions to be added at level 1 ...
Adding to X using resolutions of greedy consensus ...
Limit for sigma of degrees:675
polytomy size limit : 7
discarded polytomies:  [3, 3, 3, 4, 4, 7]
Threshold 0.0:
Threshold 0.01:
Threshold 0.02:
Threshold 0.05:
Threshold 0.1:
polytomy of size 3; rounds with additions with at least 5 support: 0; clusters: 813
Threshold 0.2:
polytomy of size 3; rounds with additions with at least 5 support: 0; clusters: 813
polytomy of size 4; rounds with additions with at least 5 support: 0; clusters: 813
Threshold 0.3333333333333333:
polytomy of size 3; rounds with additions with at least 5 support: 0; clusters: 813
polytomy of size 4; rounds with additions with at least 5 support: 0; clusters: 813
polytomy of size 7; rounds with additions with at least 5 support: 0; clusters: 813
max k is :0
Number of Clusters after addition by greedy: 813
gradient0 in heuristiic: 813
partitions formed in 0.347 secs
Dynamic Programming starting after 0.347 secs
Using tree-based weight calculation.
Using polytree-based weight calculation.
Polytree max score: 632500
Polytree building time: 0.034 seconds.
Number of quartet trees in the gene trees: 632500
Size of largest cluster: 25
Greedy score: 405569
estimationFactor: 1.559537341364848
Sub-optimal score: 418080
Total Number of elements weighted: 1695
Normalized score (portion of input quartet trees satisfied before correcting for multiple individuals): 0.7051494071146245
Optimization score: 446007
Optimal tree inferred in 0.56 secs.
(3,(((2,(15,6)),(5,(8,12))),(((20,(23,21)),(24,(22,(25,(18,19))))),((13,(11,10)),((4,(1,17)),(16,(9,(14,7))))))));
Final quartet score is: 446007
Final normalized quartet score is: 0.7051494071146245
(4,((1,17)1:0.7566167545086121,((16,(9,(14,7)1:1.3240981532499843)0.39:0.009852296443011483)1:0.412570904609937,((13,(11,10)0.58:0.07349113240968518)1:1.648714649565659,(((20,(23,21)0.75:0.1342956265172786)1:0.8381129508101314,(24,(22,(25,(18,19)1:0.6385172130733554)1:0.8151407487526724)1:1.303540400090978)0.75:0.12336737069768997)1:1.1133420902435711,(((2,(15,6)1:1.8989041066793813)0.99:0.3004916642569901,(5,(8,12)1:0.6110498183727447)0.78:0.13191100485007312)1:0.48891776248080016,3)1:0.35930444847775733)0.43:0.03442431113283991)0.5:0.05946788368861132)1:0.8127701431383362));
Weight calculation took 0.126644038 secs
ASTRAL finished in 2.747 secs
