
================== ASTRAL ===================== 

This is ASTRAL version 5.6.3
Gene trees are treated as unrooted
100 trees read from g_trees-raxml-sqlen-250-ngen-100.trees.tree
All output trees will be *arbitrarily* rooted at 10

======== Running the main analysis
Number of taxa: 25 (25 species)
Taxa: [10, 13, 11, 3, 5, 15, 6, 2, 12, 8, 4, 17, 1, 9, 7, 14, 16, 20, 23, 21, 24, 22, 25, 18, 19]
Taxon occupancy: {22=100, 23=100, 24=100, 25=100, 10=100, 11=100, 12=100, 13=100, 14=100, 15=100, 16=100, 17=100, 18=100, 19=100, 1=100, 2=100, 3=100, 4=100, 5=100, 6=100, 7=100, 8=100, 9=100, 20=100, 21=100}
Number of gene trees: 100
0 trees have missing taxa
Calculating quartet distance matrix (for completion of X)
Species tree distances calculated ...
Building set of clusters (X) from gene trees 
------------------------------
gradient0: 259
Number of Clusters after addition by distance: 259
calculating extra bipartitions to be added at level 1 ...
Adding to X using resolutions of greedy consensus ...
Limit for sigma of degrees:675
polytomy size limit : 3
discarded polytomies:  []
Threshold 0.0:
Threshold 0.01:
Threshold 0.02:
Threshold 0.05:
Threshold 0.1:
Threshold 0.2:
Threshold 0.3333333333333333:
max k is :0
Number of Clusters after addition by greedy: 259
gradient0 in heuristiic: 259
partitions formed in 0.189 secs
Dynamic Programming starting after 0.189 secs
Using tree-based weight calculation.
Using polytree-based weight calculation.
Polytree max score: 1265000
Polytree building time: 0.037 seconds.
Number of quartet trees in the gene trees: 1265000
Size of largest cluster: 25
Greedy score: 1120005
estimationFactor: 1.1294592434855202
Sub-optimal score: 1159349
Total Number of elements weighted: 286
Normalized score (portion of input quartet trees satisfied before correcting for multiple individuals): 0.9211296442687747
Optimization score: 1165229
Optimal tree inferred in 0.304 secs.
(24,((22,(25,(18,19))),((20,(23,21)),((3,((5,(12,8)),(2,(15,6)))),((13,(10,11)),((4,(17,1)),(16,(9,(7,14)))))))));
Final quartet score is: 1165229
Final normalized quartet score is: 0.9211296442687747
(10,(11,(13,(((4,(17,1)1:1.5016052076308848)1:4.209655408733094,(16,(9,(7,14)1:2.8347897434368283)1:0.6301126186566243)1:1.8134450562996458)1:1.0604869962897143,((3,((5,(12,8)1:3.1575631356998732)1:0.8954694040605694,(2,(15,6)1:4.165203646162264)1:1.3920430051193593)1:1.6953497840903131)1:1.6020396049526557,((20,(23,21)1:1.2230556187423767)1:3.180035991551936,((22,(25,(18,19)1:2.1359118881678967)1:1.8582801515696175)1:3.516508228173149,24)1:0.46211404197057265)1:3.254143963705662)1:0.6301126186566243)1:2.9474136962831845)1:0.38101401224400017));
Weight calculation took 0.030010553 secs
ASTRAL finished in 0.664 secs
