
================== ASTRAL ===================== 

This is ASTRAL version 5.6.3
Gene trees are treated as unrooted
500 trees read from g_trees-raxml-sqlen-250-ngen-500.trees.tree
All output trees will be *arbitrarily* rooted at 10

======== Running the main analysis
Number of taxa: 25 (25 species)
Taxa: [10, 13, 11, 3, 5, 15, 6, 2, 12, 8, 4, 17, 1, 9, 7, 14, 16, 20, 23, 21, 24, 22, 25, 18, 19]
Taxon occupancy: {22=500, 23=500, 24=500, 25=500, 10=500, 11=500, 12=500, 13=500, 14=500, 15=500, 16=500, 17=500, 18=500, 19=500, 1=500, 2=500, 3=500, 4=500, 5=500, 6=500, 7=500, 8=500, 9=500, 20=500, 21=500}
Number of gene trees: 500
0 trees have missing taxa
Calculating quartet distance matrix (for completion of X)
Species tree distances calculated ...
Building set of clusters (X) from gene trees 
------------------------------
gradient0: 467
Number of Clusters after addition by distance: 467
calculating extra bipartitions to be added at level 1 ...
Adding to X using resolutions of greedy consensus ...
Limit for sigma of degrees:675
polytomy size limit : 3
discarded polytomies:  []
Threshold 0.0:
Threshold 0.01:
Threshold 0.02:
Threshold 0.05:
Threshold 0.1:
Threshold 0.2:
Threshold 0.3333333333333333:
max k is :0
Number of Clusters after addition by greedy: 467
gradient0 in heuristiic: 467
partitions formed in 0.289 secs
Dynamic Programming starting after 0.289 secs
Using tree-based weight calculation.
Using polytree-based weight calculation.
Polytree max score: 6325000
Polytree building time: 0.126 seconds.
Number of quartet trees in the gene trees: 6325000
Size of largest cluster: 25
Greedy score: 5891048
estimationFactor: 1.0736629543673724
Sub-optimal score: 5891048
Total Number of elements weighted: 691
Normalized score (portion of input quartet trees satisfied before correcting for multiple individuals): 0.9313909881422925
Optimization score: 5891048
Optimal tree inferred in 0.539 secs.
(24,((22,(25,(18,19))),((20,(23,21)),((3,((5,(12,8)),(2,(15,6)))),((13,(10,11)),((4,(17,1)),(16,(9,(7,14)))))))));
Final quartet score is: 5891048
Final normalized quartet score is: 0.9313909881422925
(10,(11,(13,(((4,(17,1)1:1.4685169061688481)1:3.5085558999826563,(16,(9,(7,14)1:3.644688074307239)1:0.5171185507115441)1:1.7772281699395183)1:1.2331707269152625,((3,((5,(12,8)1:3.239222966199068)1:1.013105614980661,(2,(15,6)1:3.322453620348792)1:1.4341709811472854)1:2.079959159172078)1:1.8402203463010687,((20,(23,21)1:1.0316356018273043)1:3.5109116136751135,((22,(25,(18,19)1:2.0269513590584407)1:1.6211255656442911)1:3.398207842813788,24)1:0.6902454418784558)1:3.8883532613422327)1:0.7395076640648987)1:4.013841343373032)1:0.361469059877433));
Weight calculation took 0.048660597 secs
ASTRAL finished in 1.066 secs
