
================== ASTRAL ===================== 

This is ASTRAL version 5.6.3
Gene trees are treated as unrooted
500 trees read from g_trees-raxml-sqlen-50-ngen-500.trees.tree
All output trees will be *arbitrarily* rooted at 3

======== Running the main analysis
Number of taxa: 25 (25 species)
Taxa: [3, 8, 12, 5, 1, 17, 14, 7, 16, 9, 4, 10, 11, 13, 6, 15, 2, 24, 23, 21, 20, 25, 22, 18, 19]
Taxon occupancy: {22=500, 23=500, 24=500, 25=500, 10=500, 11=500, 12=500, 13=500, 14=500, 15=500, 16=500, 17=500, 18=500, 19=500, 1=500, 2=500, 3=500, 4=500, 5=500, 6=500, 7=500, 8=500, 9=500, 20=500, 21=500}
Number of gene trees: 500
0 trees have missing taxa
Calculating quartet distance matrix (for completion of X)
Species tree distances calculated ...
Building set of clusters (X) from gene trees 
------------------------------
gradient0: 1709
Number of Clusters after addition by distance: 1709
calculating extra bipartitions to be added at level 1 ...
Adding to X using resolutions of greedy consensus ...
Limit for sigma of degrees:675
polytomy size limit : 3
discarded polytomies:  [3, 3]
Threshold 0.0:
Threshold 0.01:
Threshold 0.02:
Threshold 0.05:
Threshold 0.1:
Threshold 0.2:
Threshold 0.3333333333333333:
polytomy of size 3; rounds with additions with at least 5 support: 0; clusters: 1709
polytomy of size 3; rounds with additions with at least 5 support: 0; clusters: 1709
max k is :0
Number of Clusters after addition by greedy: 1709
gradient0 in heuristiic: 1709
partitions formed in 0.5 secs
Dynamic Programming starting after 0.5 secs
Using tree-based weight calculation.
Using polytree-based weight calculation.
Polytree max score: 6325000
Polytree building time: 0.416 seconds.
Number of quartet trees in the gene trees: 6325000
Size of largest cluster: 25
Greedy score: 4179883
estimationFactor: 1.5132002498634531
Sub-optimal score: 5000812
Total Number of elements weighted: 6974
Normalized score (portion of input quartet trees satisfied before correcting for multiple individuals): 0.7942969169960474
Optimization score: 5023928
Optimal tree inferred in 1.602 secs.
(20,((23,21),((24,(22,(25,(18,19)))),((3,((2,(6,15)),(5,(8,12)))),((13,(10,11)),((4,(1,17)),(16,(9,(14,7)))))))));
Final quartet score is: 5023928
Final normalized quartet score is: 0.7942969169960474
(3,(((2,(6,15)1:1.8607717825402055)1:0.38422212895044755,(5,(8,12)1:1.4342411140491664)1:0.31343365504981513)1:0.6652268627316505,(((13,(10,11)1:0.16762335638202344)1:2.5232722966215495,((4,(1,17)1:0.6199533830383315)1:1.5750236290652184,(16,(9,(14,7)1:1.9295771950332652)1:0.11014016128237633)1:0.5881859462010949)1:0.37057685110422955)1:0.219497435491914,((24,(22,(25,(18,19)1:1.0278246216051357)1:0.7593028245231721)1:1.6104364147636867)1:0.21604700562511994,((23,21)1:0.39584899825365455,20)1:1.337152022268177)1:1.652079354130438)1:0.6136804102403464));
Weight calculation took 0.57705424 secs
ASTRAL finished in 2.036 secs
