
================== ASTRAL ===================== 

This is ASTRAL version 5.6.3
Gene trees are treated as unrooted
50 trees read from g_trees-raxml-sqlen-25-ngen-50-s2g.trees
All output trees will be *arbitrarily* rooted at 14

======== Running the main analysis
Number of taxa: 97 (25 species)
Taxa: {22=[22_4, 22_3, 22_2, 22_1], 23=[23_4, 23_3, 23_2, 23_1], 24=[24_4, 24_3, 24_2, 24_1, 24_6, 24_5], 25=[25_3, 25_2, 25_1, 25_7, 25_6, 25_5, 25_4], 10=[10_3, 10_2, 10_1], 11=[11_5, 11_4, 11_3, 11_2, 11_1], 12=[12_3, 12_2, 12_1], 13=[13_4, 13_3, 13_2, 13_1], 14=[14_3, 14_2, 14_1, 14_4], 15=[15_2, 15_1, 15_3], 16=[16_1, 16_4, 16_3, 16_2], 17=[17_3, 17_2, 17_1], 18=[18_4, 18_3, 18_2, 18_1], 19=[19_3, 19_2, 19_1], 1=[1_1, 1_2, 1_3], 2=[2_1, 2_2, 2_3], 3=[3_1, 3_2, 3_3, 3_4], 4=[4_1, 4_2, 4_3, 4_4], 5=[5_1, 5_2, 5_3], 6=[6_1, 6_2, 6_3, 6_4], 7=[7_1, 7_2, 7_3], 8=[8_1, 8_2, 8_3, 8_4], 9=[9_1, 9_2, 9_3, 9_4], 20=[20_3, 20_2, 20_1], 21=[21_5, 21_4, 21_3, 21_2, 21_1]}
Taxon occupancy: {14_3=3, 14_2=11, 14_1=35, 10_3=1, 10_2=6, 10_1=36, 18_4=1, 18_3=3, 18_2=10, 18_1=36, 14_4=2, 25_3=2, 25_2=12, 25_1=41, 21_5=2, 21_4=2, 21_3=2, 3_1=35, 21_2=11, 21_1=37, 3_2=12, 3_3=3, 3_4=1, 7_1=34, 7_2=7, 7_3=1, 25_7=1, 25_6=1, 25_5=1, 25_4=2, 13_4=1, 13_3=2, 13_2=9, 13_1=35, 17_3=3, 17_2=6, 17_1=39, 24_4=2, 24_3=2, 24_2=12, 24_1=39, 2_1=38, 2_2=12, 20_3=4, 20_2=11, 2_3=4, 20_1=37, 6_1=39, 6_2=9, 6_3=2, 6_4=1, 24_6=1, 24_5=2, 16_1=32, 12_3=3, 12_2=8, 12_1=39, 16_4=1, 16_3=5, 16_2=11, 23_4=1, 23_3=3, 1_1=36, 23_2=13, 23_1=38, 1_2=8, 1_3=4, 5_1=38, 5_2=13, 5_3=4, 9_1=37, 9_2=12, 9_3=3, 9_4=2, 15_2=11, 15_1=36, 11_5=2, 11_4=2, 11_3=3, 11_2=13, 11_1=37, 19_3=3, 19_2=7, 19_1=38, 15_3=5, 22_4=1, 22_3=3, 22_2=13, 22_1=39, 4_1=30, 4_2=8, 4_3=5, 4_4=2, 8_1=36, 8_2=14, 8_3=6, 8_4=1}
Number of gene trees: 50
50 trees have missing taxa
Calculating quartet distance matrix (for completion of X)
Species tree distances calculated ...
Will attempt to complete bipartitions from X before adding using a distance matrix.
Building set of clusters (X) from gene trees 
In second round sampling 3 rounds will be done
------------------------------
gradient0: 779
------------------------------
gradient1: 348
------------------------------
gradient2: 462
Number of Clusters after addition by distance: 1589
calculating extra bipartitions to be added at level 1 ...
Adding to X using resolutions of greedy consensus ...
Limit for sigma of degrees:675
polytomy size limit : 9
discarded polytomies:  [3, 5, 6, 9]
Threshold 0.0:
Threshold 0.01:
Threshold 0.02:
Threshold 0.05:
polytomy of size 3; rounds with additions with at least 5 support: 0; clusters: 1589
Threshold 0.1:
polytomy of size 5; rounds with additions with at least 5 support: 1; clusters: 1599
Threshold 0.2:
polytomy of size 6; rounds with additions with at least 5 support: 0; clusters: 1605
Threshold 0.3333333333333333:
polytomy of size 9; rounds with additions with at least 5 support: 0; clusters: 1615
max k is :2
Number of Clusters after addition by greedy: 1615
gradient0 in heuristiic: 1615
calculating extra bipartitions to be added at level 1 ...
Adding to X using resolutions of greedy consensus ...
Limit for sigma of degrees:675
polytomy size limit : 8
discarded polytomies:  [4, 4, 8]
Threshold 0.0:
Threshold 0.01:
Threshold 0.02:
Threshold 0.05:
Threshold 0.1:
polytomy of size 4; rounds with additions with at least 5 support: 0; clusters: 1621
Threshold 0.2:
polytomy of size 4; rounds with additions with at least 5 support: 0; clusters: 1621
Threshold 0.3333333333333333:
polytomy of size 8; rounds with additions with at least 5 support: 0; clusters: 1631
max k is :0
Number of Clusters after addition by greedy: 1631
gradient1 in heuristiic: 16
calculating extra bipartitions to be added at level 1 ...
Adding to X using resolutions of greedy consensus ...
Limit for sigma of degrees:675
polytomy size limit : 10
discarded polytomies:  [3, 3, 3, 6, 10]
Threshold 0.0:
Threshold 0.01:
Threshold 0.02:
Threshold 0.05:
polytomy of size 3; rounds with additions with at least 5 support: 0; clusters: 1631
Threshold 0.1:
polytomy of size 3; rounds with additions with at least 5 support: 0; clusters: 1631
polytomy of size 3; rounds with additions with at least 5 support: 0; clusters: 1631
Threshold 0.2:
polytomy of size 6; rounds with additions with at least 5 support: 2; clusters: 1649
Threshold 0.3333333333333333:
polytomy of size 10; rounds with additions with at least 5 support: 0; clusters: 1659
max k is :4
Number of Clusters after addition by greedy: 1659
gradient2 in heuristiic: 28
partitions formed in 6.034 secs
Dynamic Programming starting after 6.034 secs
Using tree-based weight calculation.
Using polytree-based weight calculation.
Polytree max score: 2790962
Polytree building time: 0.015 seconds.
Number of quartet trees in the gene trees: 2781283
Size of largest cluster: 97
Greedy score: 1135485
estimationFactor: 2.457945962321844
Sub-optimal score: 1135485
Total Number of elements weighted: 5843
Normalized score (portion of input quartet trees satisfied before correcting for multiple individuals): 0.4360737472598078
Optimization score: 1212844
Optimal tree inferred in 6.373 secs.
(1,(15,(((12,(17,19)),(18,(7,13))),(((25,24),(21,(23,22))),((16,4),((10,6),((11,(14,9)),(8,((2,5),(3,20))))))))));
Final quartet score is: 1309707
Final normalized quartet score is: 0.4709003003290208
You may want to ignore posterior probabilities and other statistics related to the following branch branch because the effective number of genes impacting it is only 6:
	{14}
You may want to ignore posterior probabilities and other statistics related to the following branch branch because the effective number of genes impacting it is only 6:
	{9}
You may want to ignore posterior probabilities and other statistics related to the following branch branch because the effective number of genes impacting it is only 6:
	{11}
You may want to ignore posterior probabilities and other statistics related to the following branch branch because the effective number of genes impacting it is only 8:
	{8}
You may want to ignore posterior probabilities and other statistics related to the following branch branch because the effective number of genes impacting it is only 9:
	{2}
You may want to ignore posterior probabilities and other statistics related to the following branch branch because the effective number of genes impacting it is only 10:
	{5}
You may want to ignore posterior probabilities and other statistics related to the following branch branch because the effective number of genes impacting it is only 7:
	{3}
You may want to ignore posterior probabilities and other statistics related to the following branch branch because the effective number of genes impacting it is only 8:
	{20}
You may want to ignore posterior probabilities and other statistics related to the following branch branch because the effective number of genes impacting it is only 4:
	{10}
You may want to ignore posterior probabilities and other statistics related to the following branch branch because the effective number of genes impacting it is only 4:
	{6}
You may want to ignore posterior probabilities and other statistics related to the following branch branch because the effective number of genes impacting it is only 6:
	{16}
You may want to ignore posterior probabilities and other statistics related to the following branch branch because the effective number of genes impacting it is only 5:
	{4}
You may want to ignore posterior probabilities and other statistics related to the following branch branch because the effective number of genes impacting it is only 4:
	{25}
You may want to ignore posterior probabilities and other statistics related to the following branch branch because the effective number of genes impacting it is only 5:
	{24}
You may want to ignore posterior probabilities and other statistics related to the following branch branch because the effective number of genes impacting it is only 5:
	{21}
You may want to ignore posterior probabilities and other statistics related to the following branch branch because the effective number of genes impacting it is only 7:
	{23}
You may want to ignore posterior probabilities and other statistics related to the following branch branch because the effective number of genes impacting it is only 7:
	{22}
You may want to ignore posterior probabilities and other statistics related to the following branch branch because the effective number of genes impacting it is only 6:
	{12}
You may want to ignore posterior probabilities and other statistics related to the following branch branch because the effective number of genes impacting it is only 5:
	{17}
You may want to ignore posterior probabilities and other statistics related to the following branch branch because the effective number of genes impacting it is only 5:
	{19}
You may want to ignore posterior probabilities and other statistics related to the following branch branch because the effective number of genes impacting it is only 4:
	{18}
You may want to ignore posterior probabilities and other statistics related to the following branch branch because the effective number of genes impacting it is only 5:
	{7}
You may want to ignore posterior probabilities and other statistics related to the following branch branch because the effective number of genes impacting it is only 5:
	{13}
You may want to ignore posterior probabilities and other statistics related to the following branch branch because the effective number of genes impacting it is only 9:
	{15}
You may want to ignore posterior probabilities and other statistics related to the following branch branch because the effective number of genes impacting it is only 6:
	{1}
((14_3,14_2,14_1,14_4)0.11:0.0,((9_1,9_2,9_3,9_4)0.15:0.0,((11_5,11_4,11_3,11_2,11_1)0.27:0.0,(((8_1,8_2,8_3,8_4)0.49:0.06312266843139751,(((2_1,2_2,2_3)0.08:0.0,(5_1,5_2,5_3)0.07:0.0)1:1.0294699399530716,((3_1,3_2,3_3,3_4)0.21:0.0,(20_3,20_2,20_1)0.13:0.0)0.68:0.14224631904477567)0.8:0.18295392169839375)0.13:0.0,(((10_3,10_2,10_1)0.13:0.0,(6_1,6_2,6_3,6_4)0.21:0.0)1:1.271363864515969,(((16_1,16_4,16_3,16_2)0.16:0.0,(4_1,4_2,4_3,4_4)0.16:0.0)0.99:0.4338131379218146,((((25_3,25_2,25_1,25_7,25_6,25_5,25_4)0.19:0.0,(24_4,24_3,24_2,24_1,24_6,24_5)0.38:0.0)1:0.7536378972742968,((21_5,21_4,21_3,21_2,21_1)0.38:0.0,((23_4,23_3,23_2,23_1)0.19:0.0,(22_4,22_3,22_2,22_1)0.17:0.0)1:1.0826652657791804)0.26:0.0)1:0.822913567878714,((((12_3,12_2,12_1)0.14:0.0,((17_3,17_2,17_1)0.15:0.0,(19_3,19_2,19_1)0.12:0.0)0.7:0.1175443226289692)1:1.444626836903533,((18_4,18_3,18_2,18_1)0.37:0.0,((7_1,7_2,7_3)0.16:0.0,(13_4,13_3,13_2,13_1)0.37:0.0)1:0.6498934811719129)0.03:0.0)0.5:0.0771010894704961,((15_2,15_1,15_3)0.45:0.03748246695222702,(1_1,1_2,1_3)0.51:0.08682164966938065)0.3:0.0)0.24:0.0)0.79:0.1754814201867437)0.54:0.08666254202153979)0.91:0.23562450732277693)1:0.8702782517489719)0.68:0.1251124206058782));
Weight calculation took 0.29147635 secs
ASTRAL finished in 6.517 secs
