
================== ASTRAL ===================== 

This is ASTRAL version 5.6.3
Gene trees are treated as unrooted
1369 trees read from g_trees-raxml-sqlen-250-ngen-500.trees.tree
All output trees will be *arbitrarily* rooted at 24

======== Running the main analysis
Number of taxa: 25 (25 species)
Taxa: [24, 25, 21, 23, 22, 1, 13, 7, 10, 6, 16, 20, 3, 8, 11, 14, 9, 2, 5, 15, 17, 12, 19, 4, 18]
Taxon occupancy: {22=963, 23=956, 24=899, 25=941, 10=1163, 11=1116, 12=1105, 13=1013, 14=1116, 15=974, 16=1119, 17=1113, 18=1091, 19=1090, 1=1041, 2=1140, 3=1125, 4=1130, 5=1134, 6=1154, 7=978, 8=1167, 9=1128, 20=1104, 21=962}
Number of gene trees: 1369
1339 trees have missing taxa
Calculating quartet distance matrix (for completion of X)
Species tree distances calculated ...
Will attempt to complete bipartitions from X before adding using a distance matrix.
Building set of clusters (X) from gene trees 
------------------------------
gradient0: 559
Number of Clusters after addition by distance: 559
calculating extra bipartitions to be added at level 1 ...
Adding to X using resolutions of greedy consensus ...
Limit for sigma of degrees:675
polytomy size limit : 3
discarded polytomies:  []
Threshold 0.0:
Threshold 0.01:
Threshold 0.02:
Threshold 0.05:
Threshold 0.1:
Threshold 0.2:
Threshold 0.3333333333333333:
max k is :0
Number of Clusters after addition by greedy: 559
gradient0 in heuristiic: 559
partitions formed in 0.673 secs
Dynamic Programming starting after 0.673 secs
Using tree-based weight calculation.
Using polytree-based weight calculation.
Polytree max score: 6938004
Polytree building time: 0.12 seconds.
Number of quartet trees in the gene trees: 6938004
Size of largest cluster: 25
Greedy score: 6398775
estimationFactor: 1.0842706611812418
Sub-optimal score: 6398775
Total Number of elements weighted: 986
Normalized score (portion of input quartet trees satisfied before correcting for multiple individuals): 0.9222789436270143
Optimization score: 6398775
Optimal tree inferred in 1.501 secs.
(17,(19,(12,(18,((((13,7),(1,15)),((24,25),(21,(23,22)))),((10,6),((16,4),(8,((2,5),((20,3),(11,(14,9))))))))))));
Final quartet score is: 6398775
Final normalized quartet score is: 0.9222789436270143
(24,(25,((21,(23,22)1:4.818936575489708)1:0.1684775724480199,(((13,7)1:3.7355351457547377,(1,15)1:0.18456021130465172)1:0.3354432243363583,(((10,6)1:3.4740963788081793,((16,4)1:2.8912880914333075,(8,((2,5)1:4.465838458129616,((20,3)1:2.132211027809698,(11,(14,9)1:0.8885875897830144)1:3.623400299934576)1:0.3608586602117594)1:1.1402151869340547)1:1.6034169677837047)1:1.4755699816789458)1:1.5864827577185414,(18,(12,(19,17)1:0.6232465086880914)1:3.0331825036641873)1:1.2298100384055701)1:1.3939462239854126)1:4.612917872778911)1:2.7980353879009394));
Weight calculation took 0.637914799 secs
ASTRAL finished in 1.869 secs
