
================== ASTRAL ===================== 

This is ASTRAL version 5.6.3
Gene trees are treated as unrooted
1210 trees read from g_trees-raxml-sqlen-25-ngen-500.trees.tree
All output trees will be *arbitrarily* rooted at 22

======== Running the main analysis
Number of taxa: 25 (25 species)
Taxa: [22, 21, 23, 24, 25, 8, 11, 14, 9, 3, 5, 2, 6, 10, 20, 16, 17, 1, 7, 15, 13, 12, 19, 4, 18]
Taxon occupancy: {22=689, 23=680, 24=585, 25=626, 10=967, 11=984, 12=859, 13=844, 14=948, 15=737, 16=915, 17=883, 18=805, 19=889, 1=740, 2=953, 3=939, 4=929, 5=964, 6=998, 7=823, 8=963, 9=1004, 20=918, 21=636}
Number of gene trees: 1210
1204 trees have missing taxa
Calculating quartet distance matrix (for completion of X)
Species tree distances calculated ...
Will attempt to complete bipartitions from X before adding using a distance matrix.
Building set of clusters (X) from gene trees 
------------------------------
gradient0: 3917
Number of Clusters after addition by distance: 3917
calculating extra bipartitions to be added at level 1 ...
Adding to X using resolutions of greedy consensus ...
Limit for sigma of degrees:675
polytomy size limit : 8
discarded polytomies:  [3, 3, 8]
Threshold 0.0:
Threshold 0.01:
Threshold 0.02:
Threshold 0.05:
Threshold 0.1:
Threshold 0.2:
polytomy of size 3; rounds with additions with at least 5 support: 0; clusters: 3917
Threshold 0.3333333333333333:
polytomy of size 3; rounds with additions with at least 5 support: 0; clusters: 3917
polytomy of size 8; rounds with additions with at least 5 support: 0; clusters: 3917
max k is :0
Number of Clusters after addition by greedy: 3917
gradient0 in heuristiic: 3917
partitions formed in 1.255 secs
Dynamic Programming starting after 1.255 secs
Using tree-based weight calculation.
Using polytree-based weight calculation.
Polytree max score: 4088723
Polytree building time: 0.111 seconds.
Number of quartet trees in the gene trees: 4088723
Size of largest cluster: 25
Greedy score: 2444301
estimationFactor: 1.6727575695464674
Sub-optimal score: 2677536
Total Number of elements weighted: 24032
Normalized score (portion of input quartet trees satisfied before correcting for multiple individuals): 0.6665836741691721
Optimization score: 2725476
Optimal tree inferred in 16.167 secs.
(25,(24,((21,(22,23)),((15,(7,13)),(1,((18,(19,(17,12))),((6,10),((16,4),(8,((5,2),((3,20),(11,(14,9)))))))))))));
Final quartet score is: 2725476
Final normalized quartet score is: 0.6665836741691721
(22,(23,(21,(((15,(7,13)1:1.396227461013516)1:0.13643230031044687,(1,((18,(19,(17,12)1:0.14452717601234516)1:1.9224954675794574)1:0.27900032013396614,((6,10)1:1.4367082874089045,((16,4)1:0.7844197364418718,(8,((5,2)1:1.5586198608898925,((3,20)1:0.44191723645650005,(11,(14,9)1:0.13446879741987638)1:0.6930257837189251)0.27:0.014681523464930188)1:0.2194317731708911)1:0.22350048663748154)1:0.28352678864892533)1:0.27497878833147454)1:0.13650548689500916)0.48:0.028835670980370605)1:1.2850803566819795,(24,25)1:0.8689080769689644)0.97:0.10484432549472761)1:1.5653772009506917));
Weight calculation took 14.569451597 secs
ASTRAL finished in 17.921 secs
