
================== ASTRAL ===================== 

This is ASTRAL version 5.6.3
Gene trees are treated as unrooted
1042 trees read from g_trees-raxml-sqlen-0-ngen-500.trees.tree
All output trees will be *arbitrarily* rooted at 25

======== Running the main analysis
Number of taxa: 25 (25 species)
Taxa: [25, 24, 21, 23, 22, 1, 15, 13, 7, 17, 19, 12, 8, 3, 20, 11, 9, 14, 5, 2, 16, 10, 6, 4, 18]
Taxon occupancy: {22=771, 23=768, 24=728, 25=776, 10=930, 11=901, 12=894, 13=799, 14=891, 15=758, 16=890, 17=899, 18=854, 19=891, 1=815, 2=920, 3=901, 4=905, 5=912, 6=926, 7=807, 8=923, 9=902, 20=887, 21=773}
Number of gene trees: 1042
979 trees have missing taxa
Calculating quartet distance matrix (for completion of X)
Species tree distances calculated ...
Will attempt to complete bipartitions from X before adding using a distance matrix.
Building set of clusters (X) from gene trees 
------------------------------
gradient0: 99
Number of Clusters after addition by distance: 99
calculating extra bipartitions to be added at level 1 ...
Adding to X using resolutions of greedy consensus ...
Limit for sigma of degrees:675
polytomy size limit : 3
discarded polytomies:  []
Threshold 0.0:
Threshold 0.01:
Threshold 0.02:
Threshold 0.05:
Threshold 0.1:
Threshold 0.2:
Threshold 0.3333333333333333:
max k is :0
Number of Clusters after addition by greedy: 99
gradient0 in heuristiic: 99
partitions formed in 0.481 secs
Dynamic Programming starting after 0.481 secs
Using tree-based weight calculation.
Using polytree-based weight calculation.
Polytree max score: 6494498
Polytree building time: 0.086 seconds.
Number of quartet trees in the gene trees: 6494498
Size of largest cluster: 25
Greedy score: 6494480
estimationFactor: 1.0000027715844841
Sub-optimal score: 6494480
Total Number of elements weighted: 86
Normalized score (portion of input quartet trees satisfied before correcting for multiple individuals): 0.9999972284231976
Optimization score: 6494480
Optimal tree inferred in 0.707 secs.
(16,(4,((8,((5,2),((3,20),(11,(9,14))))),((10,6),((18,(12,(17,19))),(((13,7),(1,15)),((25,24),(21,(23,22)))))))));
Final quartet score is: 6494480
Final normalized quartet score is: 0.9999972284231976
(25,(24,((21,(23,22)1:6.085258426394344)1:6.003063682951351,(((13,7)1:6.073044534100385,(1,15)1:5.241747015059643)1:6.172396249612889,((18,(12,(17,19)1:6.350303813876088)1:6.213273875409043)1:6.219927259899816,((10,6)1:6.385756354617979,((8,((5,2)1:6.399149411954467,((3,20)1:6.284134161070784,(11,(9,14)1:6.349138991379784)1:6.347972810489604)1:6.3171646867473)1:6.347972810489604)1:6.326745598359042,(4,16)1:6.314755047027176)1:6.345636360828625)1:6.38463212740577)1:6.3135480462770905)1:6.206575926724929)1:6.122492809514358));
Weight calculation took 0.076681743 secs
ASTRAL finished in 2.162 secs
