
================== ASTRAL ===================== 

This is ASTRAL version 5.6.3
Gene trees are treated as unrooted
42 trees read from g_trees-raxml-sqlen-100-ngen-25.trees.tree
All output trees will be *arbitrarily* rooted at 23

======== Running the main analysis
Number of taxa: 25 (25 species)
Taxa: [23, 22, 21, 24, 25, 16, 14, 11, 9, 3, 20, 8, 2, 5, 10, 6, 15, 7, 13, 1, 17, 12, 19, 4, 18]
Taxon occupancy: {22=21, 23=19, 24=24, 25=23, 10=28, 11=27, 12=32, 13=30, 14=27, 15=22, 16=33, 17=31, 18=31, 19=32, 1=29, 2=39, 3=38, 4=30, 5=39, 6=29, 7=27, 8=32, 9=31, 20=36, 21=16}
Number of gene trees: 42
42 trees have missing taxa
Calculating quartet distance matrix (for completion of X)
Species tree distances calculated ...
Will attempt to complete bipartitions from X before adding using a distance matrix.
Building set of clusters (X) from gene trees 
------------------------------
gradient0: 279
Number of Clusters after addition by distance: 279
calculating extra bipartitions to be added at level 1 ...
Adding to X using resolutions of greedy consensus ...
Limit for sigma of degrees:675
polytomy size limit : 3
discarded polytomies:  []
Threshold 0.0:
Threshold 0.01:
Threshold 0.02:
Threshold 0.05:
Threshold 0.1:
Threshold 0.2:
Threshold 0.3333333333333333:
max k is :0
Number of Clusters after addition by greedy: 279
gradient0 in heuristiic: 279
partitions formed in 0.122 secs
Dynamic Programming starting after 0.122 secs
Using tree-based weight calculation.
Using polytree-based weight calculation.
Polytree max score: 128465
Polytree building time: 0.011 seconds.
Number of quartet trees in the gene trees: 128465
Size of largest cluster: 25
Greedy score: 108217
estimationFactor: 1.1871055379469029
Sub-optimal score: 108217
Total Number of elements weighted: 379
Normalized score (portion of input quartet trees satisfied before correcting for multiple individuals): 0.8423850854318297
Optimization score: 108217
Optimal tree inferred in 0.191 secs.
(17,(19,(12,(18,(((7,13),(15,(1,((24,25),(21,(23,22)))))),((10,6),((16,4),(8,((2,5),((3,20),(11,(14,9))))))))))));
Final quartet score is: 108217
Final normalized quartet score is: 0.8423850854318297
You may want to ignore posterior probabilities and other statistics related to the following branch branch because the effective number of genes impacting it is only 16:
	{16, 14, 11, 9, 3, 20, 8, 2, 5, 10, 6, 7, 13, 17, 12, 19, 4, 18}
You may want to ignore posterior probabilities and other statistics related to the following branch branch because the effective number of genes impacting it is only 13:
	{16, 14, 11, 9, 3, 20, 8, 2, 5, 10, 6, 15, 7, 13, 17, 12, 19, 4, 18}
You may want to ignore posterior probabilities and other statistics related to the following branch branch because the effective number of genes impacting it is only 15:
	{16, 14, 11, 9, 3, 20, 8, 2, 5, 10, 6, 15, 7, 13, 1, 17, 12, 19, 4, 18}
You may want to ignore posterior probabilities and other statistics related to the following branch branch because the effective number of genes impacting it is only 13:
	{24, 25, 16, 14, 11, 9, 3, 20, 8, 2, 5, 10, 6, 15, 7, 13, 1, 17, 12, 19, 4, 18}
You may want to ignore posterior probabilities and other statistics related to the following branch branch because the effective number of genes impacting it is only 14:
	{21, 24, 25, 16, 14, 11, 9, 3, 20, 8, 2, 5, 10, 6, 15, 7, 13, 1, 17, 12, 19, 4, 18}
(23,(22,(21,((24,25)1:0.6061358035703156,(1,(15,((7,13)1:1.7740598921286537,(((10,6)1:2.268683541318364,((16,4)1:1.1700712526502548,(8,((2,5)1:1.4455137207798625,((3,20)1:0.6751286750572671,(11,(14,9)0.8:0.2451224580329851)1:2.757321250108991)0.67:0.13545859586818615)0.26:0.05231554717245153)1:1.010209023661335)0.29:0.046179937413625124)1:0.8209451218584854,(18,(12,(19,17)1:0.6931471805599453)1:2.8526314299133184)0.58:0.13944453243756283)1:0.9586361906009446)0.92:0.3708810163067548)0.37:0.017261216560769527)1:2.367123614131617)0.98:0.6241543090729941)1:2.302585092994046));
Weight calculation took 0.028415595 secs
ASTRAL finished in 0.282 secs
