
================== ASTRAL ===================== 

This is ASTRAL version 5.6.3
Gene trees are treated as unrooted
95 trees read from g_trees-raxml-sqlen-100-ngen-50.trees.tree
All output trees will be *arbitrarily* rooted at 23

======== Running the main analysis
Number of taxa: 25 (25 species)
Taxa: [23, 22, 21, 24, 25, 16, 14, 11, 9, 3, 20, 8, 2, 5, 10, 6, 15, 7, 13, 1, 17, 12, 19, 4, 18]
Taxon occupancy: {22=59, 23=53, 24=58, 25=58, 10=70, 11=75, 12=71, 13=57, 14=73, 15=58, 16=65, 17=68, 18=66, 19=69, 1=64, 2=85, 3=80, 4=67, 5=85, 6=79, 7=53, 8=77, 9=78, 20=82, 21=53}
Number of gene trees: 95
94 trees have missing taxa
Calculating quartet distance matrix (for completion of X)
Species tree distances calculated ...
Will attempt to complete bipartitions from X before adding using a distance matrix.
Building set of clusters (X) from gene trees 
------------------------------
gradient0: 415
Number of Clusters after addition by distance: 415
calculating extra bipartitions to be added at level 1 ...
Adding to X using resolutions of greedy consensus ...
Limit for sigma of degrees:675
polytomy size limit : 3
discarded polytomies:  [3, 3]
Threshold 0.0:
Threshold 0.01:
Threshold 0.02:
Threshold 0.05:
Threshold 0.1:
Threshold 0.2:
Threshold 0.3333333333333333:
polytomy of size 3; rounds with additions with at least 5 support: 0; clusters: 415
polytomy of size 3; rounds with additions with at least 5 support: 0; clusters: 415
max k is :0
Number of Clusters after addition by greedy: 415
gradient0 in heuristiic: 415
partitions formed in 0.184 secs
Dynamic Programming starting after 0.184 secs
Using tree-based weight calculation.
Using polytree-based weight calculation.
Polytree max score: 340515
Polytree building time: 0.02 seconds.
Number of quartet trees in the gene trees: 340515
Size of largest cluster: 25
Greedy score: 263638
estimationFactor: 1.291600603858321
Sub-optimal score: 269714
Total Number of elements weighted: 725
Normalized score (portion of input quartet trees satisfied before correcting for multiple individuals): 0.8204924893176512
Optimization score: 279390
Optimal tree inferred in 0.325 secs.
(17,(19,(12,(18,(((15,(7,13)),(1,((24,25),(21,(23,22))))),((10,6),((16,4),(8,((11,(14,9)),((2,5),(3,20)))))))))));
Final quartet score is: 279390
Final normalized quartet score is: 0.8204924893176512
(23,(22,(21,((24,25)1:1.2237754316221159,(1,((15,(7,13)1:1.845826690498331)0.33:0.07971538029860617,(((10,6)1:3.149882953381249,((16,4)1:1.691676010671072,(8,((11,(14,9)0.97:0.22802052839371387)1:2.4688884428689986,((2,5)1:2.15218023032199,(3,20)1:1.1603865022089825)0.38:0.009002726211695877)1:0.359979116623639)1:0.7050973820062133)1:0.3360539092139104)1:0.4878762710593465,(18,(12,(19,17)1:0.5653138090500606)1:3.564826805443958)1:0.5898655438510639)1:0.48001260227696285)0.86:0.1962169010159202)1:2.9177707320842834)0.83:0.18953501131225647)1:2.6855773452501523));
Weight calculation took 0.084727314 secs
ASTRAL finished in 0.434 secs
