
================== ASTRAL ===================== 

This is ASTRAL version 5.6.3
Gene trees are treated as unrooted
103 trees read from g_trees-raxml-sqlen-50-ngen-50.trees.tree
All output trees will be *arbitrarily* rooted at 25

======== Running the main analysis
Number of taxa: 25 (25 species)
Taxa: [25, 24, 21, 23, 22, 8, 20, 6, 10, 5, 2, 3, 9, 14, 11, 15, 1, 13, 7, 16, 17, 12, 19, 4, 18]
Taxon occupancy: {22=56, 23=64, 24=66, 25=67, 10=73, 11=80, 12=76, 13=66, 14=76, 15=63, 16=55, 17=76, 18=60, 19=73, 1=70, 2=81, 3=78, 4=54, 5=81, 6=77, 7=59, 8=83, 9=78, 20=82, 21=60}
Number of gene trees: 103
102 trees have missing taxa
Calculating quartet distance matrix (for completion of X)
Species tree distances calculated ...
Will attempt to complete bipartitions from X before adding using a distance matrix.
Building set of clusters (X) from gene trees 
------------------------------
gradient0: 615
Number of Clusters after addition by distance: 615
calculating extra bipartitions to be added at level 1 ...
Adding to X using resolutions of greedy consensus ...
Limit for sigma of degrees:675
polytomy size limit : 4
discarded polytomies:  [3, 3, 3, 4]
Threshold 0.0:
Threshold 0.01:
Threshold 0.02:
Threshold 0.05:
Threshold 0.1:
Threshold 0.2:
polytomy of size 3; rounds with additions with at least 5 support: 0; clusters: 615
Threshold 0.3333333333333333:
polytomy of size 3; rounds with additions with at least 5 support: 0; clusters: 615
polytomy of size 4; rounds with additions with at least 5 support: 0; clusters: 615
polytomy of size 3; rounds with additions with at least 5 support: 0; clusters: 615
max k is :0
Number of Clusters after addition by greedy: 615
gradient0 in heuristiic: 615
partitions formed in 0.313 secs
Dynamic Programming starting after 0.313 secs
Using tree-based weight calculation.
Using polytree-based weight calculation.
Polytree max score: 316324
Polytree building time: 0.022 seconds.
Number of quartet trees in the gene trees: 316324
Size of largest cluster: 25
Greedy score: 228965
estimationFactor: 1.3815386631144497
Sub-optimal score: 244676
Total Number of elements weighted: 1357
Normalized score (portion of input quartet trees satisfied before correcting for multiple individuals): 0.7734980589522136
Optimization score: 244676
Optimal tree inferred in 0.571 secs.
(17,(19,(12,(18,((6,10),(((1,(15,(13,7))),(21,((25,24),(23,22)))),((16,4),(8,((5,2),((20,3),(14,(9,11))))))))))));
Final quartet score is: 244676
Final normalized quartet score is: 0.7734980589522136
(25,(24,((23,22)1:2.121017968525576,(21,((1,(15,(13,7)1:0.8797331361403576)0.51:0.08274668813733715)0.97:0.2522862504256055,(((16,4)1:1.8671071879629837,(8,((5,2)1:1.3691049538029,((20,3)1:0.6843094047012817,(14,(9,11)0.5:0.04631948260029485)1:1.709823968505316)0.67:0.08773143234161532)0.99:0.24923623634803085)0.97:0.27311834037309357)0.96:0.23624502692407756,((6,10)1:1.0170846700347362,(18,(12,(19,17)1:0.44496755108441083)1:2.704015225890031)1:0.4682188820028878)0.78:0.159466813678636)1:0.9105331101295688)1:2.423343341210657)0.36:0.019418085857101513)1:0.9663734309006609));
Weight calculation took 0.186588041 secs
ASTRAL finished in 0.686 secs
