
================== ASTRAL ===================== 

This is ASTRAL version 5.6.3
Gene trees are treated as unrooted
500 trees read from g_trees-raxml-sqlen-0-ngen-500-s2g.trees
All output trees will be *arbitrarily* rooted at 16

======== Running the main analysis
Number of taxa: 25 (25 species)
Taxa: [16, 15, 14, 13, 12, 11, 10, 19, 18, 17, 25, 24, 1, 23, 2, 22, 3, 21, 4, 20, 5, 6, 7, 8, 9]
Taxon occupancy: {16_1=500, 15_1=500, 14_1=500, 13_1=500, 12_1=500, 11_1=500, 10_1=500, 19_1=500, 18_1=500, 17_1=500, 25_1=500, 1_1=500, 24_1=500, 2_1=500, 23_1=500, 3_1=500, 22_1=500, 4_1=500, 21_1=500, 5_1=500, 20_1=500, 6_1=500, 7_1=500, 8_1=500, 9_1=500}
Number of gene trees: 500
0 trees have missing taxa
Calculating quartet distance matrix (for completion of X)
Species tree distances calculated ...
Building set of clusters (X) from gene trees 
------------------------------
gradient0: 97
Number of Clusters after addition by distance: 97
calculating extra bipartitions to be added at level 1 ...
Adding to X using resolutions of greedy consensus ...
Limit for sigma of degrees:675
polytomy size limit : 3
discarded polytomies:  []
Threshold 0.0:
Threshold 0.01:
Threshold 0.02:
Threshold 0.05:
Threshold 0.1:
Threshold 0.2:
Threshold 0.3333333333333333:
max k is :0
Number of Clusters after addition by greedy: 97
gradient0 in heuristiic: 97
partitions formed in 0.252 secs
Dynamic Programming starting after 0.253 secs
Using tree-based weight calculation.
Using polytree-based weight calculation.
Polytree max score: 6325000
Polytree building time: 0.048 seconds.
Number of quartet trees in the gene trees: 6325000
Size of largest cluster: 25
Greedy score: 6325000
estimationFactor: 1.0
Sub-optimal score: 6325000
Total Number of elements weighted: 81
Normalized score (portion of input quartet trees satisfied before correcting for multiple individuals): 1.0
Optimization score: 6325000
Optimal tree inferred in 0.37 secs.
(9,(7,(3,(8,((1,4),((5,6),(2,((11,21),(16,(((14,10),(25,(15,(22,20)))),((23,(19,24)),(13,(18,(12,17))))))))))))));
Final quartet score is: 6325000
Final normalized quartet score is: 1.0
(16_1,((((14_1,10_1)1:5.811140992976674,(25_1,(15_1,(22_1,20_1)1:5.811140992976674)1:5.811140992976674)1:5.811140992976674)1:5.811140992976674,((23_1,(19_1,24_1)1:5.811140992976674)1:5.811140992976674,(13_1,(18_1,(12_1,17_1)1:5.811140992976674)1:5.811140992976674)1:5.811140992976674)1:5.811140992976674)1:5.811140992976674,((11_1,21_1)1:5.811140992976674,(2_1,((5_1,6_1)1:5.811140992976674,((1_1,4_1)1:5.811140992976674,(8_1,(3_1,(7_1,9_1)1:5.811140992976674)1:5.811140992976674)1:5.811140992976674)1:5.811140992976674)1:5.811140992976674)1:5.811140992976674)1:5.811140992976674));
Weight calculation took 0.012409288 secs
ASTRAL finished in 0.653 secs
