
================== ASTRAL ===================== 

This is ASTRAL version 5.6.3
Gene trees are treated as unrooted
25 trees read from g_trees-raxml-sqlen-50-ngen-25-s2g.trees
All output trees will be *arbitrarily* rooted at 16

======== Running the main analysis
Number of taxa: 25 (25 species)
Taxa: [16, 15, 14, 13, 12, 11, 10, 19, 18, 17, 25, 24, 1, 23, 2, 22, 3, 21, 4, 20, 5, 6, 7, 8, 9]
Taxon occupancy: {16_1=25, 15_1=25, 14_1=25, 13_1=25, 12_1=25, 11_1=25, 10_1=25, 19_1=25, 18_1=25, 17_1=25, 25_1=25, 1_1=25, 24_1=25, 2_1=25, 23_1=25, 3_1=25, 22_1=25, 21_1=25, 4_1=25, 5_1=25, 20_1=25, 6_1=25, 7_1=25, 8_1=25, 9_1=25}
Number of gene trees: 25
0 trees have missing taxa
Calculating quartet distance matrix (for completion of X)
Species tree distances calculated ...
Building set of clusters (X) from gene trees 
------------------------------
gradient0: 443
Number of Clusters after addition by distance: 443
calculating extra bipartitions to be added at level 1 ...
Adding to X using resolutions of greedy consensus ...
Limit for sigma of degrees:675
polytomy size limit : 6
discarded polytomies:  [3, 4, 6]
Threshold 0.0:
Threshold 0.01:
Threshold 0.02:
Threshold 0.05:
Threshold 0.1:
Threshold 0.2:
polytomy of size 3; rounds with additions with at least 5 support: 0; clusters: 443
Threshold 0.3333333333333333:
polytomy of size 4; rounds with additions with at least 5 support: 0; clusters: 443
polytomy of size 6; rounds with additions with at least 5 support: 0; clusters: 445
max k is :0
Number of Clusters after addition by greedy: 445
gradient0 in heuristiic: 445
partitions formed in 0.125 secs
Dynamic Programming starting after 0.125 secs
Using tree-based weight calculation.
Using polytree-based weight calculation.
Polytree max score: 316250
Polytree building time: 0.014 seconds.
Number of quartet trees in the gene trees: 316250
Size of largest cluster: 25
Greedy score: 223613
estimationFactor: 1.414273767625317
Sub-optimal score: 228488
Total Number of elements weighted: 709
Normalized score (portion of input quartet trees satisfied before correcting for multiple individuals): 0.7610150197628458
Optimization score: 240671
Optimal tree inferred in 0.185 secs.
(14,(10,((25,(20,(15,22))),(((23,(19,24)),(13,(18,(12,17)))),(16,((11,21),((2,(5,6)),((1,4),(8,(3,(7,9)))))))))));
Final quartet score is: 240671
Final normalized quartet score is: 0.7610150197628458
(16_1,(((11_1,21_1)1:1.7202057768794305,((2_1,(5_1,6_1)1:1.47776576461705)0.83:0.22029305054680412,((1_1,4_1)1:1.5169380820872165,(8_1,(3_1,(7_1,9_1)1:0.6706743247078866)1:1.4198170531585343)0.61:0.13410992894381216)0.99:0.4561576214623248)1:1.6949519095582273)0.59:0.12679168724760925,(((23_1,(19_1,24_1)1:1.5742260308046112)0.91:0.28982111070053035,(13_1,(18_1,(12_1,17_1)1:0.8747696810514014)0.89:0.2749430466743512)1:0.9362536284230221)0.9:0.27353756506561616,((25_1,(20_1,(15_1,22_1)0.53:0.08288765980576775)0.82:0.21357410029805904)1:0.9017212704412988,(10_1,14_1)1:2.429774579093283)0.96:0.35491041059196593)0.45:0.03818229146079951));
Weight calculation took 0.021596068 secs
ASTRAL finished in 0.243 secs
