
================== ASTRAL ===================== 

This is ASTRAL version 5.6.3
Gene trees are treated as unrooted
50 trees read from g_trees-raxml-sqlen-50-ngen-50-s2g.trees
All output trees will be *arbitrarily* rooted at 16

======== Running the main analysis
Number of taxa: 25 (25 species)
Taxa: [16, 15, 14, 13, 12, 11, 10, 19, 18, 17, 25, 24, 1, 23, 2, 22, 3, 21, 4, 20, 5, 6, 7, 8, 9]
Taxon occupancy: {16_1=50, 15_1=50, 14_1=50, 13_1=50, 12_1=50, 11_1=50, 10_1=50, 19_1=50, 18_1=50, 17_1=50, 25_1=50, 1_1=50, 24_1=50, 2_1=50, 23_1=50, 3_1=50, 22_1=50, 21_1=50, 4_1=50, 5_1=50, 20_1=50, 6_1=50, 7_1=50, 8_1=50, 9_1=50}
Number of gene trees: 50
0 trees have missing taxa
Calculating quartet distance matrix (for completion of X)
Species tree distances calculated ...
Building set of clusters (X) from gene trees 
------------------------------
gradient0: 615
Number of Clusters after addition by distance: 615
calculating extra bipartitions to be added at level 1 ...
Adding to X using resolutions of greedy consensus ...
Limit for sigma of degrees:675
polytomy size limit : 4
discarded polytomies:  [3, 3, 4]
Threshold 0.0:
Threshold 0.01:
Threshold 0.02:
Threshold 0.05:
Threshold 0.1:
Threshold 0.2:
polytomy of size 3; rounds with additions with at least 5 support: 0; clusters: 615
Threshold 0.3333333333333333:
polytomy of size 4; rounds with additions with at least 5 support: 0; clusters: 615
polytomy of size 3; rounds with additions with at least 5 support: 0; clusters: 615
max k is :0
Number of Clusters after addition by greedy: 615
gradient0 in heuristiic: 615
partitions formed in 0.203 secs
Dynamic Programming starting after 0.203 secs
Using tree-based weight calculation.
Using polytree-based weight calculation.
Polytree max score: 632500
Polytree building time: 0.03 seconds.
Number of quartet trees in the gene trees: 632500
Size of largest cluster: 25
Greedy score: 440285
estimationFactor: 1.4365694947590766
Sub-optimal score: 475898
Total Number of elements weighted: 1182
Normalized score (portion of input quartet trees satisfied before correcting for multiple individuals): 0.7861343873517787
Optimization score: 497230
Optimal tree inferred in 0.338 secs.
(14,(10,((25,(20,(15,22))),(((23,(19,24)),(13,(18,(12,17)))),(16,((11,21),((5,6),(2,((1,4),(8,(3,(7,9))))))))))));
Final quartet score is: 497230
Final normalized quartet score is: 0.7861343873517787
(16_1,(((11_1,21_1)1:2.0973412188299294,((5_1,6_1)1:2.169513364822571,(2_1,((1_1,4_1)1:1.6770772112499188,(8_1,(3_1,(7_1,9_1)1:0.38692153039599525)1:1.3056054498697485)0.84:0.16879121507957676)1:0.6290683238754231)0.78:0.13353139262452274)1:2.3683248154772514)0.93:0.21031145466324253,(((23_1,(19_1,24_1)1:1.3599076059466957)1:0.4988470011940644,(13_1,(18_1,(12_1,17_1)1:0.8428514324300685)1:0.5082612209152746)1:0.8349082149229888)1:0.40403639064909314,((25_1,(20_1,(15_1,22_1)0.51:0.04792155756018127)0.78:0.14197026127038723)1:1.0681221219103225,(10_1,14_1)1:2.359925639609289)1:0.3983997902180638)0.57:0.06455549776923805));
Weight calculation took 0.058809608 secs
ASTRAL finished in 0.439 secs
