
================== ASTRAL ===================== 

This is ASTRAL version 5.6.3
Gene trees are treated as unrooted
100 trees read from g_trees-raxml-sqlen-25-ngen-100-s2g.trees
All output trees will be *arbitrarily* rooted at 16

======== Running the main analysis
Number of taxa: 25 (25 species)
Taxa: [16, 15, 14, 13, 12, 11, 10, 19, 18, 17, 25, 24, 1, 23, 2, 22, 3, 21, 4, 20, 5, 6, 7, 8, 9]
Taxon occupancy: {16_1=100, 15_1=100, 14_1=100, 13_1=100, 12_1=100, 11_1=100, 10_1=100, 19_1=100, 18_1=100, 17_1=100, 25_1=100, 1_1=100, 24_1=100, 23_1=100, 2_1=100, 22_1=100, 3_1=100, 21_1=100, 4_1=100, 20_1=100, 5_1=100, 6_1=100, 7_1=100, 8_1=100, 9_1=100}
Number of gene trees: 100
0 trees have missing taxa
Calculating quartet distance matrix (for completion of X)
Species tree distances calculated ...
Building set of clusters (X) from gene trees 
------------------------------
gradient0: 1373
Number of Clusters after addition by distance: 1373
calculating extra bipartitions to be added at level 1 ...
Adding to X using resolutions of greedy consensus ...
Limit for sigma of degrees:675
polytomy size limit : 6
discarded polytomies:  [3, 3, 3, 4, 5, 6]
Threshold 0.0:
Threshold 0.01:
Threshold 0.02:
Threshold 0.05:
Threshold 0.1:
Threshold 0.2:
polytomy of size 5; rounds with additions with at least 5 support: 0; clusters: 1373
Threshold 0.3333333333333333:
polytomy of size 3; rounds with additions with at least 5 support: 0; clusters: 1373
polytomy of size 3; rounds with additions with at least 5 support: 0; clusters: 1373
polytomy of size 3; rounds with additions with at least 5 support: 0; clusters: 1373
polytomy of size 4; rounds with additions with at least 5 support: 0; clusters: 1373
polytomy of size 6; rounds with additions with at least 5 support: 0; clusters: 1373
max k is :0
Number of Clusters after addition by greedy: 1373
gradient0 in heuristiic: 1373
partitions formed in 0.39 secs
Dynamic Programming starting after 0.39 secs
Using tree-based weight calculation.
Using polytree-based weight calculation.
Polytree max score: 1265000
Polytree building time: 0.1 seconds.
Number of quartet trees in the gene trees: 1265000
Size of largest cluster: 25
Greedy score: 811042
estimationFactor: 1.5597219379514256
Sub-optimal score: 855759
Total Number of elements weighted: 4324
Normalized score (portion of input quartet trees satisfied before correcting for multiple individuals): 0.7079367588932807
Optimization score: 895540
Optimal tree inferred in 0.795 secs.
(3,((7,9),(8,((1,4),((2,(5,6)),((11,21),(16,(((14,10),(25,(15,(22,20)))),((23,(19,24)),(13,(18,(12,17))))))))))));
Final quartet score is: 895540
Final normalized quartet score is: 0.7079367588932807
(16_1,((((14_1,10_1)1:1.1288324612082627,(25_1,(15_1,(22_1,20_1)0.44:0.02899415520404312)0.99:0.2066606250992223)1:0.6280876904082469)1:0.3095784743233497,((23_1,(19_1,24_1)1:1.1186129553747794)1:0.3374421788102846,(13_1,(18_1,(12_1,17_1)1:0.37118109132776084)1:0.2607036920718435)1:0.7391085662202873)0.8:0.10850535280155515)0.96:0.17040874143974308,((11_1,21_1)1:2.121324919636014,((2_1,(5_1,6_1)1:1.37644206467688)0.55:0.0446064775088697,((1_1,4_1)1:0.9871021434190074,(8_1,((7_1,9_1)0.9:0.13520438703056503,3_1)1:1.0286298079959917)0.99:0.21322675746719613)1:0.4096119990426567)1:1.1929151965917646)0.48:0.03809923003939967));
Weight calculation took 0.227324492 secs
ASTRAL finished in 0.917 secs
