
================== ASTRAL ===================== 

This is ASTRAL version 5.6.3
Gene trees are treated as unrooted
50 trees read from g_trees-raxml-sqlen-25-ngen-50-s2g.trees
All output trees will be *arbitrarily* rooted at 16

======== Running the main analysis
Number of taxa: 25 (25 species)
Taxa: [16, 15, 14, 13, 12, 11, 10, 19, 18, 17, 25, 24, 1, 23, 2, 22, 3, 21, 4, 20, 5, 6, 7, 8, 9]
Taxon occupancy: {16_1=50, 15_1=50, 14_1=50, 13_1=50, 12_1=50, 11_1=50, 10_1=50, 19_1=50, 18_1=50, 17_1=50, 25_1=50, 1_1=50, 24_1=50, 23_1=50, 2_1=50, 22_1=50, 3_1=50, 21_1=50, 4_1=50, 20_1=50, 5_1=50, 6_1=50, 7_1=50, 8_1=50, 9_1=50}
Number of gene trees: 50
0 trees have missing taxa
Calculating quartet distance matrix (for completion of X)
Species tree distances calculated ...
Building set of clusters (X) from gene trees 
------------------------------
gradient0: 905
Number of Clusters after addition by distance: 905
calculating extra bipartitions to be added at level 1 ...
Adding to X using resolutions of greedy consensus ...
Limit for sigma of degrees:675
polytomy size limit : 7
discarded polytomies:  [4, 4, 5, 7]
Threshold 0.0:
Threshold 0.01:
Threshold 0.02:
Threshold 0.05:
Threshold 0.1:
Threshold 0.2:
polytomy of size 4; rounds with additions with at least 5 support: 0; clusters: 905
Threshold 0.3333333333333333:
polytomy of size 5; rounds with additions with at least 5 support: 0; clusters: 905
polytomy of size 4; rounds with additions with at least 5 support: 0; clusters: 905
polytomy of size 7; rounds with additions with at least 5 support: 0; clusters: 905
max k is :0
Number of Clusters after addition by greedy: 905
gradient0 in heuristiic: 905
partitions formed in 0.288 secs
Dynamic Programming starting after 0.288 secs
Using tree-based weight calculation.
Using polytree-based weight calculation.
Polytree max score: 632500
Polytree building time: 0.038 seconds.
Number of quartet trees in the gene trees: 632500
Size of largest cluster: 25
Greedy score: 416235
estimationFactor: 1.5195742789529953
Sub-optimal score: 441121
Total Number of elements weighted: 2134
Normalized score (portion of input quartet trees satisfied before correcting for multiple individuals): 0.7159857707509881
Optimization score: 452861
Optimal tree inferred in 0.473 secs.
(3,((7,9),(8,((1,4),((2,(5,6)),((11,21),(16,(((14,10),(25,(15,(22,20)))),((23,(19,24)),(13,(18,(12,17))))))))))));
Final quartet score is: 452861
Final normalized quartet score is: 0.7159857707509881
(16_1,((((14_1,10_1)1:1.2042308355491453,(25_1,(15_1,(22_1,20_1)0.44:0.0257292459658192)0.98:0.2848848678307197)1:0.5089354264509106)0.99:0.33935629347869667,((23_1,(19_1,24_1)1:0.9338232106357959)0.98:0.28306312659548655,(13_1,(18_1,(12_1,17_1)1:0.40479688222295807)0.98:0.2811673914305873)1:0.5738321954001656)0.84:0.16764224531607788)0.78:0.1306616374901346,((11_1,21_1)1:1.8016117656710657,((2_1,(5_1,6_1)1:1.3190856114264413)0.52:0.06029915395351281,((1_1,4_1)1:1.0480545588595134,(8_1,((7_1,9_1)0.91:0.21714553266565606,3_1)1:0.8538552609333627)0.62:0.110072897230416)0.99:0.32365642674782596)1:1.3034544488252924)0.83:0.15862270567221579));
Weight calculation took 0.09460082 secs
ASTRAL finished in 0.574 secs
