
================== ASTRAL ===================== 

This is ASTRAL version 5.6.3
Gene trees are treated as unrooted
25 trees read from g_trees-raxml-sqlen-100-ngen-25-s2g.trees
All output trees will be *arbitrarily* rooted at 16

======== Running the main analysis
Number of taxa: 25 (25 species)
Taxa: [16, 15, 14, 13, 12, 11, 10, 19, 18, 17, 25, 24, 1, 23, 2, 22, 3, 21, 4, 20, 5, 6, 7, 8, 9]
Taxon occupancy: {16_1=25, 15_1=25, 14_1=25, 13_1=25, 12_1=25, 11_1=25, 10_1=25, 19_1=25, 18_1=25, 17_1=25, 25_1=25, 24_1=25, 1_1=25, 2_1=25, 23_1=25, 3_1=25, 22_1=25, 4_1=25, 21_1=25, 5_1=25, 20_1=25, 6_1=25, 7_1=25, 8_1=25, 9_1=25}
Number of gene trees: 25
0 trees have missing taxa
Calculating quartet distance matrix (for completion of X)
Species tree distances calculated ...
Building set of clusters (X) from gene trees 
------------------------------
gradient0: 267
Number of Clusters after addition by distance: 267
calculating extra bipartitions to be added at level 1 ...
Adding to X using resolutions of greedy consensus ...
Limit for sigma of degrees:675
polytomy size limit : 3
discarded polytomies:  [3, 3]
Threshold 0.0:
Threshold 0.01:
Threshold 0.02:
Threshold 0.05:
Threshold 0.1:
Threshold 0.2:
Threshold 0.3333333333333333:
polytomy of size 3; rounds with additions with at least 5 support: 0; clusters: 267
polytomy of size 3; rounds with additions with at least 5 support: 0; clusters: 267
max k is :0
Number of Clusters after addition by greedy: 267
gradient0 in heuristiic: 267
partitions formed in 0.135 secs
Dynamic Programming starting after 0.135 secs
Using tree-based weight calculation.
Using polytree-based weight calculation.
Polytree max score: 316250
Polytree building time: 0.015 seconds.
Number of quartet trees in the gene trees: 316250
Size of largest cluster: 25
Greedy score: 263215
estimationFactor: 1.2014892768269285
Sub-optimal score: 273578
Total Number of elements weighted: 357
Normalized score (portion of input quartet trees satisfied before correcting for multiple individuals): 0.8700521739130435
Optimization score: 275154
Optimal tree inferred in 0.201 secs.
(8,((3,(7,9)),((1,4),((5,6),(2,((11,21),((16,((14,10),(25,(22,(15,20))))),((23,(19,24)),(13,(18,(12,17)))))))))));
Final quartet score is: 275154
Final normalized quartet score is: 0.8700521739130435
(16_1,(((14_1,10_1)1:2.801338135525766,(25_1,(22_1,(15_1,20_1)0.41:0.016747857301222652)0.77:0.18507259016584446)1:1.5533484457830564)1:1.1303609869826898,(((23_1,(19_1,24_1)1:2.6855773452501523)1:0.6867573824611746,(13_1,(18_1,(12_1,17_1)1:0.7019268682119908)1:1.0608719606852628)1:2.1876551263200694)1:0.5539500503997451,((11_1,21_1)1:1.7540191412452077,(2_1,((5_1,6_1)1:2.159484249353373,((1_1,4_1)1:1.9363406980391626,((3_1,(7_1,9_1)0.99:0.4630349599296422)1:1.2919836816486492,8_1)1:0.9167969328467463)1:0.9606717955867461)0.41:0.019418085857101513)1:2.8349318528139174)1:0.7529871809159625)0.5:0.09092420786107051));
Weight calculation took 0.014620835 secs
ASTRAL finished in 0.317 secs
