
================== ASTRAL ===================== 

This is ASTRAL version 5.6.3
Gene trees are treated as unrooted
100 trees read from g_trees-raxml-sqlen-100-ngen-100-s2g.trees
All output trees will be *arbitrarily* rooted at 16

======== Running the main analysis
Number of taxa: 25 (25 species)
Taxa: [16, 15, 14, 13, 12, 11, 10, 19, 18, 17, 25, 24, 1, 23, 2, 22, 3, 21, 4, 20, 5, 6, 7, 8, 9]
Taxon occupancy: {16_1=100, 15_1=100, 14_1=100, 13_1=100, 12_1=100, 11_1=100, 10_1=100, 19_1=100, 18_1=100, 17_1=100, 25_1=100, 24_1=100, 1_1=100, 2_1=100, 23_1=100, 3_1=100, 22_1=100, 4_1=100, 21_1=100, 5_1=100, 20_1=100, 6_1=100, 7_1=100, 8_1=100, 9_1=100}
Number of gene trees: 100
0 trees have missing taxa
Calculating quartet distance matrix (for completion of X)
Species tree distances calculated ...
Building set of clusters (X) from gene trees 
------------------------------
gradient0: 571
Number of Clusters after addition by distance: 571
calculating extra bipartitions to be added at level 1 ...
Adding to X using resolutions of greedy consensus ...
Limit for sigma of degrees:675
polytomy size limit : 3
discarded polytomies:  [3, 3]
Threshold 0.0:
Threshold 0.01:
Threshold 0.02:
Threshold 0.05:
Threshold 0.1:
Threshold 0.2:
Threshold 0.3333333333333333:
polytomy of size 3; rounds with additions with at least 5 support: 0; clusters: 571
polytomy of size 3; rounds with additions with at least 5 support: 0; clusters: 571
max k is :0
Number of Clusters after addition by greedy: 571
gradient0 in heuristiic: 571
partitions formed in 0.227 secs
Dynamic Programming starting after 0.227 secs
Using tree-based weight calculation.
Using polytree-based weight calculation.
Polytree max score: 1265000
Polytree building time: 0.049 seconds.
Number of quartet trees in the gene trees: 1265000
Size of largest cluster: 25
Greedy score: 1025645
estimationFactor: 1.233370220690395
Sub-optimal score: 1071630
Total Number of elements weighted: 1177
Normalized score (portion of input quartet trees satisfied before correcting for multiple individuals): 0.8501169960474309
Optimization score: 1075398
Optimal tree inferred in 0.394 secs.
(8,((3,(7,9)),((1,4),(2,((5,6),((11,21),(16,(((14,10),(25,(15,(22,20)))),((23,(19,24)),(13,(18,(12,17))))))))))));
Final quartet score is: 1075398
Final normalized quartet score is: 0.8501169960474309
(16_1,((((14_1,10_1)1:2.221420635272991,(25_1,(15_1,(22_1,20_1)0.63:0.06435851933706717)1:0.42980417641343216)1:1.549518563326781)1:0.8965522411994014,((23_1,(19_1,24_1)1:2.012430831396876)1:1.0183791954632986,(13_1,(18_1,(12_1,17_1)1:1.0921078359947822)1:0.8301195238521191)1:1.741869799725207)1:0.6111389014454783)0.99:0.20962945459302443,((11_1,21_1)1:2.2592203650794933,((5_1,6_1)1:2.758543547536734,(2_1,((1_1,4_1)1:2.0271586381071183,((3_1,(7_1,9_1)1:0.5684871556242048)1:2.1331944951913964,8_1)1:0.5587693510583733)1:1.33326989281167)0.57:0.055340033151978496)1:2.8784208247962373)1:0.29022401586422725));
Weight calculation took 0.065542643 secs
ASTRAL finished in 0.538 secs
