
================== ASTRAL ===================== 

This is ASTRAL version 5.6.3
Gene trees are treated as unrooted
25 trees read from g_trees-raxml-sqlen-25-ngen-25-s2g.trees
All output trees will be *arbitrarily* rooted at 16

======== Running the main analysis
Number of taxa: 25 (25 species)
Taxa: [16, 15, 14, 13, 12, 11, 10, 19, 18, 17, 25, 24, 1, 23, 2, 22, 3, 21, 4, 20, 5, 6, 7, 8, 9]
Taxon occupancy: {16_1=25, 15_1=25, 14_1=25, 13_1=25, 12_1=25, 11_1=25, 10_1=25, 19_1=25, 18_1=25, 17_1=25, 25_1=25, 1_1=25, 24_1=25, 23_1=25, 2_1=25, 22_1=25, 3_1=25, 21_1=25, 4_1=25, 20_1=25, 5_1=25, 6_1=25, 7_1=25, 8_1=25, 9_1=25}
Number of gene trees: 25
0 trees have missing taxa
Calculating quartet distance matrix (for completion of X)
Species tree distances calculated ...
Building set of clusters (X) from gene trees 
------------------------------
gradient0: 589
Number of Clusters after addition by distance: 589
calculating extra bipartitions to be added at level 1 ...
Adding to X using resolutions of greedy consensus ...
Limit for sigma of degrees:675
polytomy size limit : 8
discarded polytomies:  [3, 3, 4, 4, 5, 8]
Threshold 0.0:
Threshold 0.01:
Threshold 0.02:
Threshold 0.05:
polytomy of size 3; rounds with additions with at least 5 support: 0; clusters: 589
Threshold 0.1:
polytomy of size 3; rounds with additions with at least 5 support: 0; clusters: 589
Threshold 0.2:
polytomy of size 4; rounds with additions with at least 5 support: 1; clusters: 591
Threshold 0.3333333333333333:
polytomy of size 5; rounds with additions with at least 5 support: 0; clusters: 591
polytomy of size 4; rounds with additions with at least 5 support: 0; clusters: 591
polytomy of size 8; rounds with additions with at least 5 support: 0; clusters: 591
max k is :2
Number of Clusters after addition by greedy: 591
gradient0 in heuristiic: 591
partitions formed in 0.278 secs
Dynamic Programming starting after 0.278 secs
Using tree-based weight calculation.
Using polytree-based weight calculation.
Polytree max score: 316250
Polytree building time: 0.023 seconds.
Number of quartet trees in the gene trees: 316250
Size of largest cluster: 25
Greedy score: 207872
estimationFactor: 1.5213689193349753
Sub-optimal score: 215519
Total Number of elements weighted: 1066
Normalized score (portion of input quartet trees satisfied before correcting for multiple individuals): 0.7155573122529644
Optimization score: 226295
Optimal tree inferred in 0.405 secs.
(3,((7,9),(8,((1,4),(2,((5,6),((11,21),(16,(((14,10),(25,(15,(22,20)))),((23,(19,24)),(13,(18,(12,17)))))))))))));
Final quartet score is: 226295
Final normalized quartet score is: 0.7155573122529644
(16_1,((((14_1,10_1)1:0.8220622926266535,(25_1,(15_1,(22_1,20_1)0.4:0.014084739881738972)0.87:0.23941533148194657)0.96:0.360441426734209)1:0.5594655588357635,((23_1,(19_1,24_1)1:0.9878468256703729)0.57:0.08526465165468802,(13_1,(18_1,(12_1,17_1)0.88:0.2841916675120123)0.49:0.0638061886258959)0.99:0.4762911606767769)0.82:0.2167205796680223)0.44:0.03429778573459841,((11_1,21_1)1:1.3241625800128842,((5_1,6_1)1:1.3328056761689042,(2_1,((1_1,4_1)1:1.1574987963743346,(8_1,((7_1,9_1)0.72:0.1911012444460006,3_1)1:0.8251099454118416)0.7:0.1833342151083409)0.97:0.384061199445011)0.47:0.0938089034376843)1:1.1497403484221052)0.72:0.1802526924532473));
Weight calculation took 0.05653197 secs
ASTRAL finished in 0.499 secs
