
================== ASTRAL ===================== 

This is ASTRAL version 5.6.3
Gene trees are treated as unrooted
25 trees read from g_trees-raxml-sqlen-250-ngen-25-s2g.trees
All output trees will be *arbitrarily* rooted at 16

======== Running the main analysis
Number of taxa: 25 (25 species)
Taxa: [16, 15, 14, 13, 12, 11, 10, 19, 18, 17, 25, 24, 1, 23, 2, 22, 3, 21, 4, 20, 5, 6, 7, 8, 9]
Taxon occupancy: {16_1=25, 15_1=25, 14_1=25, 13_1=25, 12_1=25, 11_1=25, 10_1=25, 19_1=25, 18_1=25, 17_1=25, 25_1=25, 24_1=25, 1_1=25, 23_1=25, 2_1=25, 22_1=25, 3_1=25, 21_1=25, 4_1=25, 20_1=25, 5_1=25, 6_1=25, 7_1=25, 8_1=25, 9_1=25}
Number of gene trees: 25
0 trees have missing taxa
Calculating quartet distance matrix (for completion of X)
Species tree distances calculated ...
Building set of clusters (X) from gene trees 
------------------------------
gradient0: 191
Number of Clusters after addition by distance: 191
calculating extra bipartitions to be added at level 1 ...
Adding to X using resolutions of greedy consensus ...
Limit for sigma of degrees:675
polytomy size limit : 3
discarded polytomies:  []
Threshold 0.0:
Threshold 0.01:
Threshold 0.02:
Threshold 0.05:
Threshold 0.1:
Threshold 0.2:
Threshold 0.3333333333333333:
max k is :0
Number of Clusters after addition by greedy: 191
gradient0 in heuristiic: 191
partitions formed in 0.088 secs
Dynamic Programming starting after 0.088 secs
Using tree-based weight calculation.
Using polytree-based weight calculation.
Polytree max score: 316250
Polytree building time: 0.01 seconds.
Number of quartet trees in the gene trees: 316250
Size of largest cluster: 25
Greedy score: 294993
estimationFactor: 1.072059337001217
Sub-optimal score: 294993
Total Number of elements weighted: 195
Normalized score (portion of input quartet trees satisfied before correcting for multiple individuals): 0.9327841897233201
Optimization score: 294993
Optimal tree inferred in 0.132 secs.
(3,((7,9),(8,((1,4),((2,(5,6)),((11,21),(16,(((14,10),(25,(15,(22,20)))),((23,(19,24)),(13,(18,(12,17))))))))))));
Final quartet score is: 294993
Final normalized quartet score is: 0.9327841897233201
(16_1,((((14_1,10_1)1:2.8526314299133184,(25_1,(15_1,(22_1,20_1)0.99:0.4424156727269065)0.99:0.4722038501553378)1:1.7540191412452077)1:1.7540191412452077,((23_1,(19_1,24_1)1:2.159484249353373)1:1.7540191412452077,(13_1,(18_1,(12_1,17_1)1:2.159484249353373)1:1.3485540331370434)1:2.8526314299133184)1:1.2886558915559745)1:0.8438074554474353,((11_1,21_1)1:2.8526314299133184,((2_1,(5_1,6_1)1:2.8526314299133184)0.62:0.11179140598811681,((1_1,4_1)1:2.2930156419778953,(8_1,((7_1,9_1)1:0.9067212808580042,3_1)1:2.8526314299133184)1:0.884415523343706)1:1.5308755899309978)1:2.8526314299133184)0.93:0.30559299901831105));
Weight calculation took 0.008266274 secs
ASTRAL finished in 0.214 secs
