
================== ASTRAL ===================== 

This is ASTRAL version 5.6.3
Gene trees are treated as unrooted
25 trees read from g_trees-raxml-sqlen-0-ngen-25.trees.tree
All output trees will be *arbitrarily* rooted at 16

======== Running the main analysis
Number of taxa: 25 (25 species)
Taxa: [16, 22, 20, 15, 25, 14, 10, 13, 12, 17, 18, 24, 19, 23, 21, 11, 2, 6, 5, 3, 9, 7, 8, 1, 4]
Taxon occupancy: {22=25, 23=25, 24=25, 25=25, 10=25, 11=25, 12=25, 13=25, 14=25, 15=25, 16=25, 17=25, 18=25, 19=25, 1=25, 2=25, 3=25, 4=25, 5=25, 6=25, 7=25, 8=25, 9=25, 20=25, 21=25}
Number of gene trees: 25
0 trees have missing taxa
Calculating quartet distance matrix (for completion of X)
Species tree distances calculated ...
Building set of clusters (X) from gene trees 
------------------------------
gradient0: 97
Number of Clusters after addition by distance: 97
calculating extra bipartitions to be added at level 1 ...
Adding to X using resolutions of greedy consensus ...
Limit for sigma of degrees:675
polytomy size limit : 3
discarded polytomies:  []
Threshold 0.0:
Threshold 0.01:
Threshold 0.02:
Threshold 0.05:
Threshold 0.1:
Threshold 0.2:
Threshold 0.3333333333333333:
max k is :0
Number of Clusters after addition by greedy: 97
gradient0 in heuristiic: 97
partitions formed in 0.083 secs
Dynamic Programming starting after 0.083 secs
Using tree-based weight calculation.
Using polytree-based weight calculation.
Polytree max score: 316250
Polytree building time: 0.01 seconds.
Number of quartet trees in the gene trees: 316250
Size of largest cluster: 25
Greedy score: 316250
estimationFactor: 1.0
Sub-optimal score: 316250
Total Number of elements weighted: 81
Normalized score (portion of input quartet trees satisfied before correcting for multiple individuals): 1.0
Optimization score: 316250
Optimal tree inferred in 0.126 secs.
(9,(7,(3,(8,((1,4),((6,5),(2,((21,11),(16,(((14,10),(25,(15,(22,20)))),((23,(24,19)),(13,(18,(12,17))))))))))))));
Final quartet score is: 316250
Final normalized quartet score is: 1.0
(16,((((14,10)1:2.8526314299133184,(25,(15,(22,20)1:2.8526314299133184)1:2.8526314299133184)1:2.8526314299133184)1:2.8526314299133184,((23,(24,19)1:2.8526314299133184)1:2.8526314299133184,(13,(18,(12,17)1:2.8526314299133184)1:2.8526314299133184)1:2.8526314299133184)1:2.8526314299133184)1:2.8526314299133184,((21,11)1:2.8526314299133184,(2,((6,5)1:2.8526314299133184,((1,4)1:2.8526314299133184,(8,(3,(7,9)1:2.8526314299133184)1:2.8526314299133184)1:2.8526314299133184)1:2.8526314299133184)1:2.8526314299133184)1:2.8526314299133184)1:2.8526314299133184));
Weight calculation took 0.004017508 secs
ASTRAL finished in 2.309 secs
