
================== ASTRAL ===================== 

This is ASTRAL version 5.6.3
Gene trees are treated as unrooted
25 trees read from g_trees-raxml-sqlen-100-ngen-25.trees.tree
All output trees will be *arbitrarily* rooted at 16

======== Running the main analysis
Number of taxa: 25 (25 species)
Taxa: [16, 14, 10, 20, 25, 15, 22, 5, 6, 2, 8, 7, 3, 9, 1, 4, 11, 21, 12, 17, 13, 18, 23, 24, 19]
Taxon occupancy: {22=25, 23=25, 24=25, 25=25, 10=25, 11=25, 12=25, 13=25, 14=25, 15=25, 16=25, 17=25, 18=25, 19=25, 1=25, 2=25, 3=25, 4=25, 5=25, 6=25, 7=25, 8=25, 9=25, 20=25, 21=25}
Number of gene trees: 25
0 trees have missing taxa
Calculating quartet distance matrix (for completion of X)
Species tree distances calculated ...
Building set of clusters (X) from gene trees 
------------------------------
gradient0: 267
Number of Clusters after addition by distance: 267
calculating extra bipartitions to be added at level 1 ...
Adding to X using resolutions of greedy consensus ...
Limit for sigma of degrees:675
polytomy size limit : 3
discarded polytomies:  [3, 3]
Threshold 0.0:
Threshold 0.01:
Threshold 0.02:
Threshold 0.05:
Threshold 0.1:
Threshold 0.2:
Threshold 0.3333333333333333:
polytomy of size 3; rounds with additions with at least 5 support: 0; clusters: 267
polytomy of size 3; rounds with additions with at least 5 support: 0; clusters: 267
max k is :0
Number of Clusters after addition by greedy: 267
gradient0 in heuristiic: 267
partitions formed in 0.139 secs
Dynamic Programming starting after 0.139 secs
Using tree-based weight calculation.
Using polytree-based weight calculation.
Polytree max score: 316250
Polytree building time: 0.013 seconds.
Number of quartet trees in the gene trees: 316250
Size of largest cluster: 25
Greedy score: 268565
estimationFactor: 1.1775547818963752
Sub-optimal score: 272169
Total Number of elements weighted: 341
Normalized score (portion of input quartet trees satisfied before correcting for multiple individuals): 0.8700521739130435
Optimization score: 275154
Optimal tree inferred in 0.209 secs.
(13,((18,(12,17)),((23,(24,19)),((16,((14,10),(25,(22,(20,15))))),((11,21),(2,((5,6),((1,4),(8,(3,(7,9)))))))))));
Final quartet score is: 275154
Final normalized quartet score is: 0.8700521739130435
(16,(((14,10)1:2.801338135525766,(25,(22,(20,15)0.41:0.016747857301222652)0.77:0.18507259016584446)1:1.5533484457830564)1:1.1303609869826898,(((11,21)1:1.7540191412452077,(2,((5,6)1:2.159484249353373,((1,4)1:1.9363406980391626,(8,(3,(7,9)0.99:0.4630349599296422)1:1.2919836816486492)1:0.9167969328467463)1:0.9606717955867461)0.41:0.019418085857101513)1:2.8349318528139174)1:0.7529871809159625,((23,(24,19)1:2.6855773452501523)1:0.6867573824611746,((18,(12,17)1:0.7019268682119908)1:1.0608719606852628,13)1:2.1876551263200694)1:0.5539500503997451)0.5:0.09092420786107051));
Weight calculation took 0.023869454 secs
ASTRAL finished in 0.304 secs
