
================== ASTRAL ===================== 

This is ASTRAL version 5.6.3
Gene trees are treated as unrooted
50 trees read from g_trees-raxml-sqlen-100-ngen-50.trees.tree
All output trees will be *arbitrarily* rooted at 16

======== Running the main analysis
Number of taxa: 25 (25 species)
Taxa: [16, 14, 10, 20, 25, 15, 22, 5, 6, 2, 8, 7, 3, 9, 1, 4, 11, 21, 12, 17, 13, 18, 23, 24, 19]
Taxon occupancy: {22=50, 23=50, 24=50, 25=50, 10=50, 11=50, 12=50, 13=50, 14=50, 15=50, 16=50, 17=50, 18=50, 19=50, 1=50, 2=50, 3=50, 4=50, 5=50, 6=50, 7=50, 8=50, 9=50, 20=50, 21=50}
Number of gene trees: 50
0 trees have missing taxa
Calculating quartet distance matrix (for completion of X)
Species tree distances calculated ...
Building set of clusters (X) from gene trees 
------------------------------
gradient0: 387
Number of Clusters after addition by distance: 387
calculating extra bipartitions to be added at level 1 ...
Adding to X using resolutions of greedy consensus ...
Limit for sigma of degrees:675
polytomy size limit : 3
discarded polytomies:  [3]
Threshold 0.0:
Threshold 0.01:
Threshold 0.02:
Threshold 0.05:
Threshold 0.1:
Threshold 0.2:
Threshold 0.3333333333333333:
polytomy of size 3; rounds with additions with at least 5 support: 0; clusters: 387
max k is :0
Number of Clusters after addition by greedy: 387
gradient0 in heuristiic: 387
partitions formed in 0.145 secs
Dynamic Programming starting after 0.145 secs
Using tree-based weight calculation.
Using polytree-based weight calculation.
Polytree max score: 632500
Polytree building time: 0.023 seconds.
Number of quartet trees in the gene trees: 632500
Size of largest cluster: 25
Greedy score: 531895
estimationFactor: 1.1891444740033277
Sub-optimal score: 536727
Total Number of elements weighted: 605
Normalized score (portion of input quartet trees satisfied before correcting for multiple individuals): 0.8610909090909091
Optimization score: 544640
Optimal tree inferred in 0.229 secs.
(13,((18,(12,17)),((23,(24,19)),(((14,10),(25,(22,(20,15)))),(16,((11,21),(2,((5,6),((1,4),(8,(3,(7,9))))))))))));
Final quartet score is: 544640
Final normalized quartet score is: 0.8610909090909091
(16,(((11,21)1:2.104974843685,(2,((5,6)1:2.7760549302162683,((1,4)1:1.8216124323777365,(8,(3,(7,9)1:0.42708757212133014)1:1.7227665977411044)1:0.8037962806296973)1:0.9602805847843391)0.57:0.07109592168373022)1:2.815513766956816)0.99:0.310566366285369,(((14,10)1:2.6697080590617364,(25,(22,(20,15)0.45:0.02985296314968093)0.96:0.24652399995827332)1:1.4166790977466073)1:1.0345334319835875,((23,(24,19)1:2.3689077359251183)1:0.9917822650309237,((18,(12,17)1:0.9475220549939573)1:0.8230836022666087,13)1:1.9356147451942145)1:0.5760906251389277)0.97:0.2622878731913378));
Weight calculation took 0.024832411 secs
ASTRAL finished in 0.332 secs
