
================== ASTRAL ===================== 

This is ASTRAL version 5.6.3
Gene trees are treated as unrooted
25 trees read from g_trees-raxml-sqlen-25-ngen-25.trees.tree
All output trees will be *arbitrarily* rooted at 16

======== Running the main analysis
Number of taxa: 25 (25 species)
Taxa: [16, 17, 18, 12, 13, 20, 25, 22, 15, 23, 10, 6, 1, 4, 2, 5, 9, 8, 3, 7, 14, 21, 11, 24, 19]
Taxon occupancy: {22=25, 23=25, 24=25, 25=25, 10=25, 11=25, 12=25, 13=25, 14=25, 15=25, 16=25, 17=25, 18=25, 19=25, 1=25, 2=25, 3=25, 4=25, 5=25, 6=25, 7=25, 8=25, 9=25, 20=25, 21=25}
Number of gene trees: 25
0 trees have missing taxa
Calculating quartet distance matrix (for completion of X)
Species tree distances calculated ...
Building set of clusters (X) from gene trees 
------------------------------
gradient0: 589
Number of Clusters after addition by distance: 589
calculating extra bipartitions to be added at level 1 ...
Adding to X using resolutions of greedy consensus ...
Limit for sigma of degrees:675
polytomy size limit : 8
discarded polytomies:  [3, 3, 4, 4, 5, 8]
Threshold 0.0:
Threshold 0.01:
Threshold 0.02:
Threshold 0.05:
polytomy of size 3; rounds with additions with at least 5 support: 0; clusters: 589
Threshold 0.1:
polytomy of size 3; rounds with additions with at least 5 support: 0; clusters: 589
Threshold 0.2:
polytomy of size 4; rounds with additions with at least 5 support: 0; clusters: 589
Threshold 0.3333333333333333:
polytomy of size 5; rounds with additions with at least 5 support: 0; clusters: 589
polytomy of size 4; rounds with additions with at least 5 support: 0; clusters: 589
polytomy of size 8; rounds with additions with at least 5 support: 0; clusters: 591
max k is :0
Number of Clusters after addition by greedy: 591
gradient0 in heuristiic: 591
partitions formed in 0.292 secs
Dynamic Programming starting after 0.292 secs
Using tree-based weight calculation.
Using polytree-based weight calculation.
Polytree max score: 316250
Polytree building time: 0.026 seconds.
Number of quartet trees in the gene trees: 316250
Size of largest cluster: 25
Greedy score: 193047
estimationFactor: 1.6382020958626655
Sub-optimal score: 215489
Total Number of elements weighted: 1013
Normalized score (portion of input quartet trees satisfied before correcting for multiple individuals): 0.7155573122529644
Optimization score: 226295
Optimal tree inferred in 0.418 secs.
(14,(10,((25,(15,(20,22))),(((23,(24,19)),(13,(18,(17,12)))),(16,((21,11),((6,5),(2,((1,4),(8,(3,(9,7))))))))))));
Final quartet score is: 226295
Final normalized quartet score is: 0.7155573122529644
(16,(((21,11)1:1.3241625800128842,((6,5)1:1.3328056761689042,(2,((1,4)1:1.1574987963743346,(8,(3,(9,7)0.72:0.1911012444460006)1:0.8251099454118416)0.7:0.1833342151083409)0.97:0.384061199445011)0.47:0.0938089034376843)1:1.1497403484221052)0.72:0.1802526924532473,(((23,(24,19)1:0.9878468256703729)0.57:0.08526465165468802,(13,(18,(17,12)0.88:0.2841916675120123)0.49:0.0638061886258959)0.99:0.4762911606767769)0.82:0.2167205796680223,((25,(15,(20,22)0.4:0.014084739881738972)0.87:0.23941533148194657)0.96:0.360441426734209,(10,14)1:0.8220622926266535)1:0.5594655588357635)0.44:0.03429778573459841));
Weight calculation took 0.047441853 secs
ASTRAL finished in 2.966 secs
