
================== ASTRAL ===================== 

This is ASTRAL version 5.6.3
Gene trees are treated as unrooted
100 trees read from g_trees-raxml-sqlen-25-ngen-100.trees.tree
All output trees will be *arbitrarily* rooted at 16

======== Running the main analysis
Number of taxa: 25 (25 species)
Taxa: [16, 17, 18, 12, 13, 20, 25, 22, 15, 23, 10, 6, 1, 4, 2, 5, 9, 8, 3, 7, 14, 21, 11, 24, 19]
Taxon occupancy: {22=100, 23=100, 24=100, 25=100, 10=100, 11=100, 12=100, 13=100, 14=100, 15=100, 16=100, 17=100, 18=100, 19=100, 1=100, 2=100, 3=100, 4=100, 5=100, 6=100, 7=100, 8=100, 9=100, 20=100, 21=100}
Number of gene trees: 100
0 trees have missing taxa
Calculating quartet distance matrix (for completion of X)
Species tree distances calculated ...
Building set of clusters (X) from gene trees 
------------------------------
gradient0: 1373
Number of Clusters after addition by distance: 1373
calculating extra bipartitions to be added at level 1 ...
Adding to X using resolutions of greedy consensus ...
Limit for sigma of degrees:675
polytomy size limit : 6
discarded polytomies:  [3, 3, 3, 4, 5, 6]
Threshold 0.0:
Threshold 0.01:
Threshold 0.02:
Threshold 0.05:
Threshold 0.1:
Threshold 0.2:
polytomy of size 5; rounds with additions with at least 5 support: 0; clusters: 1373
Threshold 0.3333333333333333:
polytomy of size 3; rounds with additions with at least 5 support: 0; clusters: 1373
polytomy of size 3; rounds with additions with at least 5 support: 0; clusters: 1373
polytomy of size 3; rounds with additions with at least 5 support: 0; clusters: 1373
polytomy of size 4; rounds with additions with at least 5 support: 0; clusters: 1373
polytomy of size 6; rounds with additions with at least 5 support: 0; clusters: 1373
max k is :0
Number of Clusters after addition by greedy: 1373
gradient0 in heuristiic: 1373
partitions formed in 0.458 secs
Dynamic Programming starting after 0.458 secs
Using tree-based weight calculation.
Using polytree-based weight calculation.
Polytree max score: 1265000
Polytree building time: 0.084 seconds.
Number of quartet trees in the gene trees: 1265000
Size of largest cluster: 25
Greedy score: 824527
estimationFactor: 1.5342129487572875
Sub-optimal score: 848146
Total Number of elements weighted: 4244
Normalized score (portion of input quartet trees satisfied before correcting for multiple individuals): 0.7079367588932807
Optimization score: 895540
Optimal tree inferred in 0.89 secs.
(13,((18,(17,12)),((23,(24,19)),(((10,14),(25,(15,(20,22)))),(16,((21,11),((2,(6,5)),((1,4),(8,(3,(9,7)))))))))));
Final quartet score is: 895540
Final normalized quartet score is: 0.7079367588932807
(16,(((21,11)1:2.121324919636014,((2,(6,5)1:1.37644206467688)0.55:0.0446064775088697,((1,4)1:0.9871021434190074,(8,(3,(9,7)0.9:0.13520438703056503)1:1.0286298079959917)0.99:0.21322675746719613)1:0.4096119990426567)1:1.1929151965917646)0.48:0.03809923003939967,(((10,14)1:1.1288324612082627,(25,(15,(20,22)0.44:0.02899415520404312)0.99:0.2066606250992223)1:0.6280876904082469)1:0.3095784743233497,((23,(24,19)1:1.1186129553747794)1:0.3374421788102846,((18,(17,12)1:0.37118109132776084)1:0.2607036920718435,13)1:0.7391085662202873)0.8:0.10850535280155515)0.96:0.17040874143974308));
Weight calculation took 0.262096795 secs
ASTRAL finished in 1.024 secs
