
================== ASTRAL ===================== 

This is ASTRAL version 5.6.3
Gene trees are treated as unrooted
50 trees read from g_trees-raxml-sqlen-50-ngen-50.trees.tree
All output trees will be *arbitrarily* rooted at 16

======== Running the main analysis
Number of taxa: 25 (25 species)
Taxa: [16, 14, 10, 8, 3, 9, 7, 1, 4, 2, 6, 5, 23, 13, 18, 15, 22, 20, 25, 17, 12, 11, 21, 24, 19]
Taxon occupancy: {22=50, 23=50, 24=50, 25=50, 10=50, 11=50, 12=50, 13=50, 14=50, 15=50, 16=50, 17=50, 18=50, 19=50, 1=50, 2=50, 3=50, 4=50, 5=50, 6=50, 7=50, 8=50, 9=50, 20=50, 21=50}
Number of gene trees: 50
0 trees have missing taxa
Calculating quartet distance matrix (for completion of X)
Species tree distances calculated ...
Building set of clusters (X) from gene trees 
------------------------------
gradient0: 615
Number of Clusters after addition by distance: 615
calculating extra bipartitions to be added at level 1 ...
Adding to X using resolutions of greedy consensus ...
Limit for sigma of degrees:675
polytomy size limit : 4
discarded polytomies:  [3, 3, 4]
Threshold 0.0:
Threshold 0.01:
Threshold 0.02:
Threshold 0.05:
Threshold 0.1:
Threshold 0.2:
polytomy of size 3; rounds with additions with at least 5 support: 0; clusters: 615
Threshold 0.3333333333333333:
polytomy of size 4; rounds with additions with at least 5 support: 0; clusters: 615
polytomy of size 3; rounds with additions with at least 5 support: 0; clusters: 615
max k is :0
Number of Clusters after addition by greedy: 615
gradient0 in heuristiic: 615
partitions formed in 0.263 secs
Dynamic Programming starting after 0.264 secs
Using tree-based weight calculation.
Using polytree-based weight calculation.
Polytree max score: 632500
Polytree building time: 0.044 seconds.
Number of quartet trees in the gene trees: 632500
Size of largest cluster: 25
Greedy score: 456667
estimationFactor: 1.3850354853755582
Sub-optimal score: 496989
Total Number of elements weighted: 1259
Normalized score (portion of input quartet trees satisfied before correcting for multiple individuals): 0.7861343873517787
Optimization score: 497230
Optimal tree inferred in 0.477 secs.
(3,((9,7),(8,((1,4),(2,((6,5),((11,21),(16,(((14,10),(25,(20,(15,22)))),((23,(24,19)),(13,(18,(17,12)))))))))))));
Final quartet score is: 497230
Final normalized quartet score is: 0.7861343873517787
(16,((((14,10)1:2.359925639609289,(25,(20,(15,22)0.51:0.04792155756018127)0.78:0.14197026127038723)1:1.0681221219103225)1:0.3983997902180638,((23,(24,19)1:1.3599076059466957)1:0.4988470011940644,(13,(18,(17,12)1:0.8428514324300685)1:0.5082612209152746)1:0.8349082149229888)1:0.40403639064909314)0.57:0.06455549776923805,((11,21)1:2.0973412188299294,((6,5)1:2.169513364822571,(2,((1,4)1:1.6770772112499188,(8,((9,7)1:0.38692153039599525,3)1:1.3056054498697485)0.84:0.16879121507957676)1:0.6290683238754231)0.78:0.13353139262452274)1:2.3683248154772514)0.93:0.21031145466324253));
Weight calculation took 0.092988005 secs
ASTRAL finished in 2.292 secs
