
================== ASTRAL ===================== 

This is ASTRAL version 5.6.3
Gene trees are treated as unrooted
500 trees read from g_trees-raxml-sqlen-50-ngen-500.trees.tree
All output trees will be *arbitrarily* rooted at 16

======== Running the main analysis
Number of taxa: 25 (25 species)
Taxa: [16, 14, 10, 8, 3, 9, 7, 1, 4, 2, 6, 5, 23, 13, 18, 15, 22, 20, 25, 17, 12, 11, 21, 24, 19]
Taxon occupancy: {22=500, 23=500, 24=500, 25=500, 10=500, 11=500, 12=500, 13=500, 14=500, 15=500, 16=500, 17=500, 18=500, 19=500, 1=500, 2=500, 3=500, 4=500, 5=500, 6=500, 7=500, 8=500, 9=500, 20=500, 21=500}
Number of gene trees: 500
0 trees have missing taxa
Calculating quartet distance matrix (for completion of X)
Species tree distances calculated ...
Building set of clusters (X) from gene trees 
------------------------------
gradient0: 2033
Number of Clusters after addition by distance: 2033
calculating extra bipartitions to be added at level 1 ...
Adding to X using resolutions of greedy consensus ...
Limit for sigma of degrees:675
polytomy size limit : 4
discarded polytomies:  [3, 4, 4]
Threshold 0.0:
Threshold 0.01:
Threshold 0.02:
Threshold 0.05:
Threshold 0.1:
Threshold 0.2:
Threshold 0.3333333333333333:
polytomy of size 3; rounds with additions with at least 5 support: 0; clusters: 2033
polytomy of size 4; rounds with additions with at least 5 support: 0; clusters: 2033
polytomy of size 4; rounds with additions with at least 5 support: 0; clusters: 2033
max k is :0
Number of Clusters after addition by greedy: 2033
gradient0 in heuristiic: 2033
partitions formed in 0.579 secs
Dynamic Programming starting after 0.579 secs
Using tree-based weight calculation.
Using polytree-based weight calculation.
Polytree max score: 6325000
Polytree building time: 0.536 seconds.
Number of quartet trees in the gene trees: 6325000
Size of largest cluster: 25
Greedy score: 4302285
estimationFactor: 1.4701490022162642
Sub-optimal score: 4727580
Total Number of elements weighted: 8906
Normalized score (portion of input quartet trees satisfied before correcting for multiple individuals): 0.7900687747035573
Optimization score: 4997185
Optimal tree inferred in 1.994 secs.
(3,((9,7),(8,((1,4),((2,(6,5)),((11,21),(16,(((14,10),(25,(15,(22,20)))),((23,(24,19)),(13,(18,(17,12))))))))))));
Final quartet score is: 4997185
Final normalized quartet score is: 0.7900687747035573
(16,((((14,10)1:1.6074307884402683,(25,(15,(22,20)1:0.16810625377571345)1:0.23266982039767486)1:0.9896575466373572)1:0.598075189163776,((23,(24,19)1:1.741337539670719)1:0.6901576417115785,(13,(18,(17,12)1:0.6589009232866413)1:0.5547623156489946)1:1.0240093973443822)1:0.4645682172081209)1:0.17731815258117598,((11,21)1:2.803182181786363,((2,(6,5)1:1.888267971524489)0.51:0.017079915087651578,((1,4)1:1.638982926557651,(8,((9,7)1:0.3063639344635894,3)1:1.7597702096025938)1:0.3241625577483075)1:0.5676043544992019)1:1.9337587286135693)1:0.14826954814331061));
Weight calculation took 0.751344495 secs
ASTRAL finished in 2.432 secs
