
================== ASTRAL ===================== 

This is ASTRAL version 5.6.3
Gene trees are treated as unrooted
100 trees read from g_trees-raxml-sqlen-250-ngen-100.trees.tree
All output trees will be *arbitrarily* rooted at 16

======== Running the main analysis
Number of taxa: 25 (25 species)
Taxa: [16, 6, 5, 4, 1, 8, 3, 7, 9, 2, 21, 11, 25, 15, 22, 20, 14, 10, 13, 18, 12, 17, 23, 24, 19]
Taxon occupancy: {22=100, 23=100, 24=100, 25=100, 10=100, 11=100, 12=100, 13=100, 14=100, 15=100, 16=100, 17=100, 18=100, 19=100, 1=100, 2=100, 3=100, 4=100, 5=100, 6=100, 7=100, 8=100, 9=100, 20=100, 21=100}
Number of gene trees: 100
0 trees have missing taxa
Calculating quartet distance matrix (for completion of X)
Species tree distances calculated ...
Building set of clusters (X) from gene trees 
------------------------------
gradient0: 299
Number of Clusters after addition by distance: 299
calculating extra bipartitions to be added at level 1 ...
Adding to X using resolutions of greedy consensus ...
Limit for sigma of degrees:675
polytomy size limit : 3
discarded polytomies:  []
Threshold 0.0:
Threshold 0.01:
Threshold 0.02:
Threshold 0.05:
Threshold 0.1:
Threshold 0.2:
Threshold 0.3333333333333333:
max k is :0
Number of Clusters after addition by greedy: 299
gradient0 in heuristiic: 299
partitions formed in 0.206 secs
Dynamic Programming starting after 0.206 secs
Using tree-based weight calculation.
Using polytree-based weight calculation.
Polytree max score: 1265000
Polytree building time: 0.038 seconds.
Number of quartet trees in the gene trees: 1265000
Size of largest cluster: 25
Greedy score: 1175906
estimationFactor: 1.0757662602282836
Sub-optimal score: 1175906
Total Number of elements weighted: 346
Normalized score (portion of input quartet trees satisfied before correcting for multiple individuals): 0.9295699604743083
Optimization score: 1175906
Optimal tree inferred in 0.329 secs.
(1,(4,((8,(3,(7,9))),((6,5),(2,((21,11),(16,(((14,10),(25,(15,(22,20)))),((23,(24,19)),(13,(18,(12,17))))))))))));
Final quartet score is: 1175906
Final normalized quartet score is: 0.9295699604743083
(16,((((14,10)1:3.1110431200649846,(25,(15,(22,20)0.99:0.21898927598583595)1:0.8506036485217031)1:2.4178959395050392)1:1.8325372638764834,((23,(24,19)1:3.1110431200649846)1:1.8067223419047675,(13,(18,(12,17)1:1.9070703157390496)1:1.3529115672666845)1:2.809567725480871)1:1.786821187587474)1:0.5895369420470998,((21,11)1:3.516508228173149,(2,((6,5)1:3.546361191322832,((8,(3,(7,9)1:0.7756682042479487)1:2.884729993989497)1:1.0359971898581875,(4,1)1:2.941966790021051)1:1.597209548343347)0.8:0.09878154455978391)1:3.1110431200649846)1:0.49233801929862525));
Weight calculation took 0.034421819 secs
ASTRAL finished in 0.683 secs
