
================== ASTRAL ===================== 

This is ASTRAL version 5.6.3
Gene trees are treated as unrooted
500 trees read from g_trees-raxml-sqlen-25-ngen-500-s2g.trees
All output trees will be *arbitrarily* rooted at 10

======== Running the main analysis
Number of taxa: 215 (25 species)
Taxa: {22=[22_6, 22_5, 22_4, 22_3, 22_2, 22_1, 22_8, 22_7], 23=[23_5, 23_4, 23_3, 23_2, 23_1, 23_7, 23_6], 24=[24_4, 24_3, 24_2, 24_1, 24_9, 24_8, 24_7, 24_6, 24_5, 24_11, 24_10, 24_12], 25=[25_3, 25_2, 25_1, 25_7, 25_6, 25_5, 25_4], 10=[10_7, 10_6, 10_5, 10_4, 10_3, 10_2, 10_1, 10_9, 10_8], 11=[11_10, 11_11, 11_12, 11_6, 11_5, 11_4, 11_3, 11_2, 11_1, 11_9, 11_8, 11_7], 12=[12_5, 12_4, 12_3, 12_2, 12_1, 12_7, 12_6], 13=[13_4, 13_3, 13_2, 13_1, 13_7, 13_6, 13_5], 14=[14_3, 14_2, 14_1, 14_9, 14_8, 14_7, 14_6, 14_5, 14_4, 14_10], 15=[15_2, 15_1, 15_6, 15_5, 15_4, 15_3], 16=[16_1, 16_9, 16_8, 16_7, 16_6, 16_5, 16_4, 16_3, 16_2, 16_10, 16_11], 17=[17_10, 17_11, 17_12, 17_8, 17_7, 17_6, 17_5, 17_4, 17_3, 17_2, 17_1, 17_9], 18=[18_7, 18_6, 18_5, 18_4, 18_3, 18_2, 18_1], 19=[19_6, 19_5, 19_4, 19_3, 19_2, 19_1, 19_9, 19_8, 19_7], 1=[1_1, 1_2, 1_3, 1_4, 1_5, 1_6, 1_7, 1_8, 1_9], 2=[2_1, 2_2, 2_3, 2_4, 2_5, 2_6, 2_7, 2_8, 2_9], 3=[3_1, 3_2, 3_3, 3_4, 3_5, 3_6, 3_7, 3_8], 4=[4_1, 4_2, 4_3, 4_4, 4_5, 4_6, 4_7, 4_8], 5=[5_1, 5_2, 5_3, 5_4, 5_5, 5_6, 5_7], 6=[6_1, 6_2, 6_3, 6_4, 6_5, 6_6], 7=[7_1, 7_2, 7_3, 7_4, 7_5, 7_6, 7_7, 7_8, 7_9], 8=[8_1, 8_2, 8_3, 8_4, 8_5, 8_6, 8_7, 8_8], 9=[9_1, 9_2, 9_3, 9_4, 9_5, 9_6, 9_7, 9_8, 9_9], 20=[20_8, 20_7, 20_6, 20_5, 20_4, 20_3, 20_2, 20_1, 20_9], 21=[21_7, 21_6, 21_5, 21_4, 21_3, 21_2, 21_1, 21_9, 21_8]}
Taxon occupancy: {10_7=4, 10_6=6, 10_5=15, 10_4=26, 10_3=62, 10_2=135, 10_1=273, 18_7=2, 18_6=3, 18_5=12, 18_4=29, 18_3=60, 18_2=131, 18_1=281, 10_9=1, 10_8=2, 17_10=2, 17_11=1, 17_12=1, 21_7=4, 21_6=7, 21_5=16, 21_4=27, 21_3=58, 21_2=129, 21_1=301, 7_1=293, 7_2=151, 7_3=61, 7_4=30, 7_5=10, 7_6=7, 21_9=1, 7_7=2, 21_8=3, 7_8=1, 7_9=1, 17_8=3, 17_7=3, 17_6=4, 17_5=12, 17_4=33, 17_3=58, 17_2=139, 17_1=301, 11_10=1, 11_11=1, 20_8=1, 20_7=5, 20_6=9, 20_5=14, 20_4=22, 20_3=58, 20_2=146, 20_1=298, 6_1=291, 6_2=151, 6_3=71, 11_12=1, 6_4=27, 6_5=11, 6_6=5, 20_9=1, 17_9=3, 16_1=302, 16_9=1, 16_8=2, 16_7=3, 16_6=7, 16_5=14, 16_4=30, 16_3=70, 16_2=138, 5_1=288, 5_2=133, 5_3=70, 5_4=32, 5_5=13, 5_6=3, 5_7=1, 16_10=1, 16_11=1, 15_2=139, 15_1=297, 15_6=6, 15_5=10, 15_4=25, 15_3=64, 4_1=287, 4_2=136, 4_3=74, 4_4=33, 4_5=15, 4_6=5, 4_7=2, 4_8=1, 14_3=67, 14_2=144, 14_1=312, 14_9=2, 14_8=3, 14_7=5, 14_6=9, 14_5=14, 14_4=32, 25_3=60, 25_2=132, 25_1=293, 3_1=288, 3_2=129, 3_3=64, 3_4=31, 3_5=15, 3_6=8, 3_7=3, 25_7=1, 3_8=2, 25_6=4, 25_5=10, 25_4=28, 13_4=34, 13_3=73, 13_2=138, 13_1=281, 13_7=2, 13_6=6, 13_5=16, 24_4=40, 24_3=78, 24_2=126, 24_1=274, 2_1=297, 2_2=152, 2_3=67, 2_4=31, 2_5=11, 2_6=6, 2_7=2, 24_9=1, 2_8=1, 24_8=1, 2_9=1, 24_7=5, 24_6=11, 24_5=18, 14_10=1, 12_5=14, 12_4=32, 12_3=73, 12_2=139, 12_1=280, 12_7=2, 12_6=6, 23_5=13, 23_4=29, 23_3=63, 1_1=277, 23_2=137, 23_1=290, 1_2=131, 1_3=65, 1_4=34, 1_5=19, 1_6=10, 1_7=4, 1_8=3, 9_1=291, 1_9=2, 9_2=138, 9_3=55, 9_4=23, 23_7=1, 9_5=13, 23_6=5, 9_6=6, 9_7=2, 9_8=1, 9_9=1, 11_6=5, 11_5=14, 11_4=33, 11_3=62, 11_2=140, 11_1=305, 19_6=5, 19_5=9, 19_4=23, 19_3=62, 19_2=133, 19_1=290, 11_9=1, 11_8=1, 11_7=3, 22_6=7, 22_5=13, 22_4=22, 22_3=58, 22_2=141, 24_11=1, 22_1=299, 24_10=1, 24_12=1, 8_1=289, 8_2=148, 8_3=64, 8_4=37, 8_5=14, 22_8=1, 22_7=5, 8_6=5, 8_7=3, 8_8=3, 19_9=1, 19_8=2, 19_7=4}
Number of gene trees: 500
500 trees have missing taxa
Calculating quartet distance matrix (for completion of X)
Species tree distances calculated ...
Will attempt to complete bipartitions from X before adding using a distance matrix.
Building set of clusters (X) from gene trees 
In second round sampling 5 rounds will be done
------------------------------
gradient0: 1257
------------------------------
gradient1: 544
------------------------------
gradient2: 470
------------------------------
gradient3: 422
------------------------------
gradient4: 604
Number of Clusters after addition by distance: 3297
calculating extra bipartitions to be added at level 1 ...
Adding to X using resolutions of greedy consensus ...
Limit for sigma of degrees:675
polytomy size limit : 4
discarded polytomies:  [4]
Threshold 0.0:
Threshold 0.01:
Threshold 0.02:
Threshold 0.05:
Threshold 0.1:
Threshold 0.2:
Threshold 0.3333333333333333:
polytomy of size 4; rounds with additions with at least 5 support: 0; clusters: 3297
max k is :0
Number of Clusters after addition by greedy: 3297
gradient0 in heuristiic: 3297
calculating extra bipartitions to be added at level 1 ...
Adding to X using resolutions of greedy consensus ...
Limit for sigma of degrees:675
polytomy size limit : 5
discarded polytomies:  [5, 5]
Threshold 0.0:
Threshold 0.01:
Threshold 0.02:
Threshold 0.05:
Threshold 0.1:
Threshold 0.2:
polytomy of size 5; rounds with additions with at least 5 support: 0; clusters: 3297
Threshold 0.3333333333333333:
polytomy of size 5; rounds with additions with at least 5 support: 0; clusters: 3297
max k is :0
Number of Clusters after addition by greedy: 3297
gradient1 in heuristiic: 0
calculating extra bipartitions to be added at level 1 ...
Adding to X using resolutions of greedy consensus ...
Limit for sigma of degrees:675
polytomy size limit : 5
discarded polytomies:  [3, 5]
Threshold 0.0:
Threshold 0.01:
Threshold 0.02:
Threshold 0.05:
Threshold 0.1:
Threshold 0.2:
Threshold 0.3333333333333333:
polytomy of size 3; rounds with additions with at least 5 support: 0; clusters: 3297
polytomy of size 5; rounds with additions with at least 5 support: 0; clusters: 3297
max k is :0
Number of Clusters after addition by greedy: 3297
gradient2 in heuristiic: 0
calculating extra bipartitions to be added at level 1 ...
Adding to X using resolutions of greedy consensus ...
Limit for sigma of degrees:675
polytomy size limit : 5
discarded polytomies:  [3, 3, 4, 5]
Threshold 0.0:
Threshold 0.01:
Threshold 0.02:
Threshold 0.05:
Threshold 0.1:
polytomy of size 3; rounds with additions with at least 5 support: 0; clusters: 3297
Threshold 0.2:
polytomy of size 4; rounds with additions with at least 5 support: 0; clusters: 3297
Threshold 0.3333333333333333:
polytomy of size 3; rounds with additions with at least 5 support: 0; clusters: 3297
polytomy of size 5; rounds with additions with at least 5 support: 0; clusters: 3297
max k is :0
Number of Clusters after addition by greedy: 3297
gradient3 in heuristiic: 0
calculating extra bipartitions to be added at level 1 ...
Adding to X using resolutions of greedy consensus ...
Limit for sigma of degrees:675
polytomy size limit : 6
discarded polytomies:  [4, 6, 6]
Threshold 0.0:
Threshold 0.01:
Threshold 0.02:
Threshold 0.05:
Threshold 0.1:
polytomy of size 4; rounds with additions with at least 5 support: 0; clusters: 3297
Threshold 0.2:
polytomy of size 6; rounds with additions with at least 5 support: 0; clusters: 3297
Threshold 0.3333333333333333:
polytomy of size 6; rounds with additions with at least 5 support: 0; clusters: 3297
max k is :0
Number of Clusters after addition by greedy: 3297
gradient4 in heuristiic: 0
partitions formed in 86.546 secs
Dynamic Programming starting after 86.546 secs
Using tree-based weight calculation.
Using polytree-based weight calculation.
Polytree max score: 54026953
Polytree building time: 0.051 seconds.
Number of quartet trees in the gene trees: 53523636
Size of largest cluster: 215
Greedy score: 23368166
estimationFactor: 2.3119894389658135
Sub-optimal score: 24762262
Total Number of elements weighted: 21048
Normalized score (portion of input quartet trees satisfied before correcting for multiple individuals): 0.4898093993464869
Optimization score: 26216380
Optimal tree inferred in 96.0 secs.
(6,((7,2),(1,((8,(5,(4,3))),((24,(16,14)),(((10,18),(19,(13,12))),((17,(21,11)),(9,((20,22),(15,(25,23)))))))))));
Final quartet score is: 29313901
Final normalized quartet score is: 0.547681420597061
((10_7,10_6,10_5,10_4,10_3,10_2,10_1,10_9,10_8)0.27:0.0,((18_7,18_6,18_5,18_4,18_3,18_2,18_1)0.21:0.0,(((19_6,19_5,19_4,19_3,19_2,19_1,19_9,19_8,19_7)0.39:0.00847715733754047,((13_4,13_3,13_2,13_1,13_7,13_6,13_5)0.02:0.0,(12_5,12_4,12_3,12_2,12_1,12_7,12_6)0.02:0.0)1:1.1063719184937257)0.43:0.012554364480578012,((((17_10,17_11,17_12,17_8,17_7,17_6,17_5,17_4,17_3,17_2,17_1,17_9)0.24:0.0,((21_7,21_6,21_5,21_4,21_3,21_2,21_1,21_9,21_8)0.14:0.0,(11_10,11_11,11_12,11_6,11_5,11_4,11_3,11_2,11_1,11_9,11_8,11_7)0.19:0.0)1:0.1567909842021064)1:0.7638795443211125,((9_1,9_2,9_3,9_4,9_5,9_6,9_7,9_8,9_9)0.35:0.0,(((20_8,20_7,20_6,20_5,20_4,20_3,20_2,20_1,20_9)0.02:0.0,(22_6,22_5,22_4,22_3,22_2,22_1,22_8,22_7)0.02:0.0)1:0.9321966730303424,((15_2,15_1,15_6,15_5,15_4,15_3)0.1:0.0,((25_3,25_2,25_1,25_7,25_6,25_5,25_4)0.11:0.0,(23_5,23_4,23_3,23_2,23_1,23_7,23_6)0.11:0.0)0.63:0.03990718943024805)1:0.24759050216503625)0.62:0.03748934866414444)1:0.5714249131336885)0.72:0.06483182746590113,(((24_4,24_3,24_2,24_1,24_9,24_8,24_7,24_6,24_5,24_11,24_10,24_12)0.97:0.35873878978946,((16_1,16_9,16_8,16_7,16_6,16_5,16_4,16_3,16_2,16_10,16_11)0.14:0.0,(14_3,14_2,14_1,14_9,14_8,14_7,14_6,14_5,14_4,14_10)0.12:0.0)1:1.0200477477150183)0.52:0.037636940754320315,(((8_1,8_2,8_3,8_4,8_5,8_6,8_7,8_8)0.21:0.0,((5_1,5_2,5_3,5_4,5_5,5_6,5_7)0.04:0.0,((4_1,4_2,4_3,4_4,4_5,4_6,4_7,4_8)0.05:0.0,(3_1,3_2,3_3,3_4,3_5,3_6,3_7,3_8)0.04:0.0)0.75:0.05295785995849814)1:0.2899767873273514)1:0.3588877937974373,((1_1,1_2,1_3,1_4,1_5,1_6,1_7,1_8,1_9)0.33:0.0,(((7_1,7_2,7_3,7_4,7_5,7_6,7_7,7_8,7_9)0.02:0.0,(2_1,2_2,2_3,2_4,2_5,2_6,2_7,2_8,2_9)0.05:0.0)1:0.3499855783204981,(6_1,6_2,6_3,6_4,6_5,6_6)0.04:0.0)1:0.6797764838727058)0.76:0.06408741795010181)1:1.1482192349316398)1:0.2185946686353021)1:0.5878722997181031)1:0.1763254533747981));
Weight calculation took 10.543669694 secs
ASTRAL finished in 97.671 secs
