
================== ASTRAL ===================== 

This is ASTRAL version 5.6.3
Gene trees are treated as unrooted
25 trees read from g_trees-raxml-sqlen-250-ngen-25-s2g.trees
All output trees will be *arbitrarily* rooted at 14

======== Running the main analysis
Number of taxa: 94 (25 species)
Taxa: {22=[22_3, 22_2, 22_1], 23=[23_3, 23_2, 23_1], 24=[24_4, 24_3, 24_2, 24_1], 25=[25_3, 25_2, 25_1, 25_6, 25_5, 25_4], 10=[10_3, 10_2, 10_1], 11=[11_3, 11_2, 11_1], 12=[12_4, 12_3, 12_2, 12_1], 13=[13_4, 13_3, 13_2, 13_1, 13_5], 14=[14_3, 14_2, 14_1, 14_5, 14_4], 15=[15_2, 15_1, 15_3], 16=[16_1, 16_5, 16_4, 16_3, 16_2], 17=[17_2, 17_1], 18=[18_6, 18_5, 18_4, 18_3, 18_2, 18_1], 19=[19_3, 19_2, 19_1], 1=[1_1, 1_2, 1_3], 2=[2_1, 2_2, 2_3, 2_4, 2_5], 3=[3_1, 3_2, 3_3, 3_4], 4=[4_1, 4_2, 4_3, 4_4], 5=[5_1, 5_2, 5_3], 6=[6_1, 6_2, 6_3, 6_4], 7=[7_1, 7_2, 7_3, 7_4], 8=[8_1, 8_2, 8_3, 8_4], 9=[9_1, 9_2], 20=[20_3, 20_2, 20_1], 21=[21_3, 21_2, 21_1]}
Taxon occupancy: {16_1=16, 14_3=2, 14_2=5, 12_4=2, 14_1=16, 12_3=2, 12_2=3, 12_1=10, 10_3=5, 10_2=5, 10_1=12, 18_6=1, 18_5=1, 18_4=1, 16_5=1, 18_3=1, 16_4=1, 18_2=2, 16_3=2, 14_5=1, 18_1=12, 16_2=5, 14_4=1, 25_3=1, 25_2=3, 25_1=11, 23_3=1, 1_1=11, 23_2=4, 23_1=11, 1_2=4, 21_3=2, 3_1=13, 21_2=5, 1_3=2, 3_2=5, 21_1=16, 5_1=12, 3_3=2, 5_2=6, 3_4=1, 7_1=14, 5_3=3, 7_2=7, 7_3=4, 9_1=13, 9_2=6, 7_4=1, 25_6=1, 25_5=1, 25_4=1, 15_2=4, 13_4=2, 15_1=11, 13_3=2, 13_2=3, 13_1=11, 11_3=2, 11_2=6, 11_1=16, 19_3=3, 19_2=5, 19_1=13, 17_2=5, 17_1=15, 13_5=1, 15_3=1, 24_4=1, 24_3=1, 24_2=5, 24_1=12, 22_3=3, 2_1=14, 22_2=6, 22_1=11, 2_2=7, 20_3=3, 4_1=12, 2_3=6, 20_2=7, 20_1=12, 4_2=6, 2_4=1, 6_1=14, 4_3=3, 2_5=1, 6_2=6, 4_4=1, 8_1=12, 6_3=3, 8_2=4, 6_4=1, 8_3=3, 8_4=1}
Number of gene trees: 25
25 trees have missing taxa
Calculating quartet distance matrix (for completion of X)
Species tree distances calculated ...
Will attempt to complete bipartitions from X before adding using a distance matrix.
Building set of clusters (X) from gene trees 
In second round sampling 3 rounds will be done
------------------------------
gradient0: 249
------------------------------
gradient1: 38
------------------------------
gradient2: 24
Number of Clusters after addition by distance: 311
calculating extra bipartitions to be added at level 1 ...
Adding to X using resolutions of greedy consensus ...
Limit for sigma of degrees:675
polytomy size limit : 4
discarded polytomies:  [4]
Threshold 0.0:
Threshold 0.01:
Threshold 0.02:
Threshold 0.05:
Threshold 0.1:
Threshold 0.2:
Threshold 0.3333333333333333:
polytomy of size 4; rounds with additions with at least 5 support: 0; clusters: 311
max k is :0
Number of Clusters after addition by greedy: 311
gradient0 in heuristiic: 311
calculating extra bipartitions to be added at level 1 ...
Adding to X using resolutions of greedy consensus ...
Limit for sigma of degrees:675
polytomy size limit : 3
discarded polytomies:  []
Threshold 0.0:
Threshold 0.01:
Threshold 0.02:
Threshold 0.05:
Threshold 0.1:
Threshold 0.2:
Threshold 0.3333333333333333:
max k is :0
Number of Clusters after addition by greedy: 311
gradient1 in heuristiic: 0
calculating extra bipartitions to be added at level 1 ...
Adding to X using resolutions of greedy consensus ...
Limit for sigma of degrees:675
polytomy size limit : 3
discarded polytomies:  []
Threshold 0.0:
Threshold 0.01:
Threshold 0.02:
Threshold 0.05:
Threshold 0.1:
Threshold 0.2:
Threshold 0.3333333333333333:
max k is :0
Number of Clusters after addition by greedy: 311
gradient2 in heuristiic: 0
partitions formed in 1.612 secs
Dynamic Programming starting after 1.612 secs
Using tree-based weight calculation.
Using polytree-based weight calculation.
Polytree max score: 1535234
Polytree building time: 0.007 seconds.
Number of quartet trees in the gene trees: 1527706
Size of largest cluster: 94
Greedy score: 847606
estimationFactor: 1.811257936318327
Sub-optimal score: 879702
Total Number of elements weighted: 521
Normalized score (portion of input quartet trees satisfied before correcting for multiple individuals): 0.6262281486097456
Optimization score: 956692
Optimal tree inferred in 1.669 secs.
(17,((21,11),((9,((22,20),(15,(25,23)))),(((10,18),(19,(12,13))),((24,(14,16)),(1,((6,(7,2)),(8,(5,(3,4))))))))));
Final quartet score is: 1040397
Final normalized quartet score is: 0.6810191227893325
You may want to ignore posterior probabilities and other statistics related to the following branch branch because the effective number of genes impacting it is only 2:
	{14}
You may want to ignore posterior probabilities and other statistics related to the following branch branch because the effective number of genes impacting it is only 2:
	{16}
You may want to ignore posterior probabilities and other statistics related to the following branch branch because the effective number of genes impacting it is only 3:
	{24}
You may want to ignore posterior probabilities and other statistics related to the following branch branch because the effective number of genes impacting it is only 2:
	{1}
You may want to ignore posterior probabilities and other statistics related to the following branch branch because the effective number of genes impacting it is only 4:
	{6}
You may want to ignore posterior probabilities and other statistics related to the following branch branch because the effective number of genes impacting it is only 4:
	{7}
You may want to ignore posterior probabilities and other statistics related to the following branch branch because the effective number of genes impacting it is only 4:
	{2}
You may want to ignore posterior probabilities and other statistics related to the following branch branch because the effective number of genes impacting it is only 14:
	{7, 2}
You may want to ignore posterior probabilities and other statistics related to the following branch branch because the effective number of genes impacting it is only 12:
	{7, 2, 6}
You may want to ignore posterior probabilities and other statistics related to the following branch branch because the effective number of genes impacting it is only 3:
	{8}
You may want to ignore posterior probabilities and other statistics related to the following branch branch because the effective number of genes impacting it is only 5:
	{5}
You may want to ignore posterior probabilities and other statistics related to the following branch branch because the effective number of genes impacting it is only 3:
	{3}
You may want to ignore posterior probabilities and other statistics related to the following branch branch because the effective number of genes impacting it is only 4:
	{4}
You may want to ignore posterior probabilities and other statistics related to the following branch branch because the effective number of genes impacting it is only 11:
	{3, 4}
You may want to ignore posterior probabilities and other statistics related to the following branch branch because the effective number of genes impacting it is only 11:
	{3, 5, 4}
You may want to ignore posterior probabilities and other statistics related to the following branch branch because the effective number of genes impacting it is only 11:
	{3, 5, 4, 8}
You may want to ignore posterior probabilities and other statistics related to the following branch branch because the effective number of genes impacting it is only 7:
	{3, 5, 7, 2, 4, 6, 8}
You may want to ignore posterior probabilities and other statistics related to the following branch branch because the effective number of genes impacting it is only 6:
	{1, 3, 5, 7, 2, 4, 6, 8}
You may want to ignore posterior probabilities and other statistics related to the following branch branch because the effective number of genes impacting it is only 3:
	{10}
You may want to ignore posterior probabilities and other statistics related to the following branch branch because the effective number of genes impacting it is only 1:
	{18}
You may want to ignore posterior probabilities and other statistics related to the following branch branch because the effective number of genes impacting it is only 9:
	{10, 18}
You may want to ignore posterior probabilities and other statistics related to the following branch branch because the effective number of genes impacting it is only 3:
	{19}
You may want to ignore posterior probabilities and other statistics related to the following branch branch because the effective number of genes impacting it is only 2:
	{12}
You may want to ignore posterior probabilities and other statistics related to the following branch branch because the effective number of genes impacting it is only 2:
	{13}
You may want to ignore posterior probabilities and other statistics related to the following branch branch because the effective number of genes impacting it is only 9:
	{12, 13}
You may want to ignore posterior probabilities and other statistics related to the following branch branch because the effective number of genes impacting it is only 9:
	{12, 13, 19}
You may want to ignore posterior probabilities and other statistics related to the following branch branch because the effective number of genes impacting it is only 11:
	{12, 10, 18, 13, 19}
You may want to ignore posterior probabilities and other statistics related to the following branch branch because the effective number of genes impacting it is only 6:
	{9}
You may want to ignore posterior probabilities and other statistics related to the following branch branch because the effective number of genes impacting it is only 5:
	{22}
You may want to ignore posterior probabilities and other statistics related to the following branch branch because the effective number of genes impacting it is only 5:
	{20}
You may want to ignore posterior probabilities and other statistics related to the following branch branch because the effective number of genes impacting it is only 9:
	{22, 20}
You may want to ignore posterior probabilities and other statistics related to the following branch branch because the effective number of genes impacting it is only 3:
	{15}
You may want to ignore posterior probabilities and other statistics related to the following branch branch because the effective number of genes impacting it is only 1:
	{25}
You may want to ignore posterior probabilities and other statistics related to the following branch branch because the effective number of genes impacting it is only 3:
	{23}
You may want to ignore posterior probabilities and other statistics related to the following branch branch because the effective number of genes impacting it is only 9:
	{25, 23}
You may want to ignore posterior probabilities and other statistics related to the following branch branch because the effective number of genes impacting it is only 9:
	{25, 23, 15}
You may want to ignore posterior probabilities and other statistics related to the following branch branch because the effective number of genes impacting it is only 9:
	{25, 23, 15, 22, 20}
You may want to ignore posterior probabilities and other statistics related to the following branch branch because the effective number of genes impacting it is only 13:
	{25, 23, 9, 15, 22, 20}
You may want to ignore posterior probabilities and other statistics related to the following branch branch because the effective number of genes impacting it is only 4:
	{21}
You may want to ignore posterior probabilities and other statistics related to the following branch branch because the effective number of genes impacting it is only 4:
	{11}
You may want to ignore posterior probabilities and other statistics related to the following branch branch because the effective number of genes impacting it is only 14:
	{21, 11}
You may want to ignore posterior probabilities and other statistics related to the following branch branch because the effective number of genes impacting it is only 5:
	{17}
You may want to ignore posterior probabilities and other statistics related to the following branch branch because the effective number of genes impacting it is only 11:
	{21, 11, 17}
You may want to ignore posterior probabilities and other statistics related to the following branch branch because the effective number of genes impacting it is only 11:
	{25, 23, 21, 9, 15, 11, 17, 22, 20}
You may want to ignore posterior probabilities and other statistics related to the following branch branch because the effective number of genes impacting it is only 7:
	{12, 10, 18, 25, 23, 21, 9, 13, 15, 11, 19, 17, 22, 20}
You may want to ignore posterior probabilities and other statistics related to the following branch branch because the effective number of genes impacting it is only 4:
	{12, 10, 18, 25, 23, 1, 21, 3, 5, 7, 9, 13, 15, 11, 19, 17, 22, 2, 20, 4, 6, 8}
You may want to ignore posterior probabilities and other statistics related to the following branch branch because the effective number of genes impacting it is only 9:
	{12, 10, 18, 25, 23, 1, 21, 3, 5, 7, 9, 13, 15, 11, 19, 17, 24, 22, 2, 20, 4, 6, 8}
((14_3,14_2,14_1,14_5,14_4)0.19:0.0,((16_1,16_5,16_4,16_3,16_2)0.2:0.0,((24_4,24_3,24_2,24_1)0.85:0.5753641449035618,(((1_1,1_2,1_3)0.25:0.0,(((6_1,6_2,6_3,6_4)0.15:0.0,((7_1,7_2,7_3,7_4)0.2:0.0,(2_1,2_2,2_3,2_4,2_5)0.17:0.0)0.81:0.27766740974917864)0.99:0.7675294090519298,((8_1,8_2,8_3,8_4)0.2:0.0,((5_1,5_2,5_3)0.13:0.0,((3_1,3_2,3_3,3_4)0.17:0.0,(4_1,4_2,4_3,4_4)0.16:0.0)0.94:0.49428464564176244)0.99:0.7672788946859139)0.93:0.4687152231469185)0.36:0.0)1:1.5404450409471486,((((10_3,10_2,10_1)0.33:0.0,(18_6,18_5,18_4,18_3,18_2,18_1)0.42:0.0)1:1.0033021088637848,((19_3,19_2,19_1)0.56:0.13301137976542815,((12_4,12_3,12_2,12_1)0.22:0.0,(13_4,13_3,13_2,13_1,13_5)0.22:0.0)1:1.1939655728496907)0.14:0.0)1:1.5939337258981354,(((9_1,9_2)0.85:0.4418327522790392,(((22_3,22_2,22_1)0.12:0.0,(20_3,20_2,20_1)0.12:0.0)0.99:0.7942230342120957,((15_2,15_1,15_3)0.16:0.0,((25_3,25_2,25_1,25_6,25_5,25_4)0.37:0.0,(23_3,23_2,23_1)0.16:0.0)0.27:0.0)0.99:0.7741121782595085)0.45:0.05195140563209966)1:1.4690140666088374,(((21_3,21_2,21_1)0.18:0.0,(11_3,11_2,11_1)0.29:0.0)0.87:0.3280276009792902,(17_2,17_1)0.25:0.0)1:1.2633857949937592)0.65:0.17655695408910213)0.99:1.1347128744851476)0.64:0.2195784851497135)1:1.2259363854916498));
Weight calculation took 0.028519928 secs
ASTRAL finished in 1.743 secs
