
================== ASTRAL ===================== 

This is ASTRAL version 5.6.3
Gene trees are treated as unrooted
50 trees read from g_trees-raxml-sqlen-250-ngen-50-s2g.trees
All output trees will be *arbitrarily* rooted at 14

======== Running the main analysis
Number of taxa: 114 (25 species)
Taxa: {22=[22_3, 22_2, 22_1], 23=[23_4, 23_3, 23_2, 23_1], 24=[24_4, 24_3, 24_2, 24_1, 24_6, 24_5], 25=[25_3, 25_2, 25_1, 25_6, 25_5, 25_4], 10=[10_3, 10_2, 10_1], 11=[11_6, 11_5, 11_4, 11_3, 11_2, 11_1, 11_7], 12=[12_4, 12_3, 12_2, 12_1], 13=[13_4, 13_3, 13_2, 13_1, 13_5], 14=[14_3, 14_2, 14_1, 14_5, 14_4], 15=[15_2, 15_1, 15_3], 16=[16_1, 16_5, 16_4, 16_3, 16_2], 17=[17_5, 17_4, 17_3, 17_2, 17_1], 18=[18_6, 18_5, 18_4, 18_3, 18_2, 18_1], 19=[19_4, 19_3, 19_2, 19_1], 1=[1_1, 1_2, 1_3, 1_4, 1_5], 2=[2_1, 2_2, 2_3, 2_4, 2_5], 3=[3_1, 3_2, 3_3, 3_4], 4=[4_1, 4_2, 4_3, 4_4, 4_5], 5=[5_1, 5_2, 5_3, 5_4], 6=[6_1, 6_2, 6_3, 6_4, 6_5], 7=[7_1, 7_2, 7_3, 7_4], 8=[8_1, 8_2, 8_3, 8_4, 8_5], 9=[9_1, 9_2, 9_3], 20=[20_3, 20_2, 20_1], 21=[21_5, 21_4, 21_3, 21_2, 21_1]}
Taxon occupancy: {14_3=2, 14_2=7, 14_1=29, 10_3=8, 10_2=14, 10_1=29, 18_6=1, 18_5=1, 18_4=1, 18_3=2, 18_2=6, 14_5=1, 18_1=24, 14_4=1, 25_3=4, 25_2=9, 25_1=23, 21_5=1, 21_4=2, 21_3=5, 3_1=29, 21_2=13, 3_2=14, 21_1=29, 3_3=6, 3_4=2, 7_1=29, 7_2=16, 7_3=9, 7_4=4, 25_6=1, 25_5=1, 25_4=1, 13_4=2, 13_3=5, 13_2=13, 13_1=26, 17_5=2, 17_4=2, 17_3=2, 17_2=12, 17_1=29, 13_5=1, 24_4=3, 24_3=8, 24_2=13, 24_1=23, 2_1=29, 2_2=16, 20_3=3, 2_3=12, 20_2=14, 20_1=26, 2_4=5, 6_1=29, 2_5=1, 6_2=15, 6_3=9, 6_4=4, 6_5=1, 24_6=1, 24_5=1, 16_1=28, 12_4=2, 12_3=5, 12_2=13, 12_1=25, 16_5=1, 16_4=1, 16_3=3, 16_2=7, 23_4=1, 23_3=3, 1_1=25, 23_2=11, 23_1=24, 1_2=10, 1_3=6, 1_4=3, 5_1=28, 1_5=1, 5_2=15, 5_3=8, 5_4=2, 9_1=25, 9_2=11, 9_3=3, 15_2=12, 11_6=1, 15_1=25, 11_5=1, 11_4=3, 11_3=5, 11_2=14, 11_1=30, 19_4=1, 19_3=7, 19_2=12, 19_1=29, 15_3=4, 11_7=1, 22_3=3, 22_2=13, 22_1=26, 4_1=27, 4_2=16, 4_3=7, 4_4=4, 8_1=26, 4_5=2, 8_2=13, 8_3=6, 8_4=3, 8_5=1}
Number of gene trees: 50
50 trees have missing taxa
Calculating quartet distance matrix (for completion of X)
Species tree distances calculated ...
Will attempt to complete bipartitions from X before adding using a distance matrix.
Building set of clusters (X) from gene trees 
In second round sampling 4 rounds will be done
------------------------------
gradient0: 305
------------------------------
gradient1: 82
------------------------------
gradient2: 26
------------------------------
gradient3: 52
Number of Clusters after addition by distance: 465
calculating extra bipartitions to be added at level 1 ...
Adding to X using resolutions of greedy consensus ...
Limit for sigma of degrees:675
polytomy size limit : 3
discarded polytomies:  []
Threshold 0.0:
Threshold 0.01:
Threshold 0.02:
Threshold 0.05:
Threshold 0.1:
Threshold 0.2:
Threshold 0.3333333333333333:
max k is :0
Number of Clusters after addition by greedy: 465
gradient0 in heuristiic: 465
calculating extra bipartitions to be added at level 1 ...
Adding to X using resolutions of greedy consensus ...
Limit for sigma of degrees:675
polytomy size limit : 3
discarded polytomies:  [3]
Threshold 0.0:
Threshold 0.01:
Threshold 0.02:
Threshold 0.05:
Threshold 0.1:
Threshold 0.2:
Threshold 0.3333333333333333:
polytomy of size 3; rounds with additions with at least 5 support: 0; clusters: 465
max k is :0
Number of Clusters after addition by greedy: 465
gradient1 in heuristiic: 0
calculating extra bipartitions to be added at level 1 ...
Adding to X using resolutions of greedy consensus ...
Limit for sigma of degrees:675
polytomy size limit : 3
discarded polytomies:  []
Threshold 0.0:
Threshold 0.01:
Threshold 0.02:
Threshold 0.05:
Threshold 0.1:
Threshold 0.2:
Threshold 0.3333333333333333:
max k is :0
Number of Clusters after addition by greedy: 465
gradient2 in heuristiic: 0
calculating extra bipartitions to be added at level 1 ...
Adding to X using resolutions of greedy consensus ...
Limit for sigma of degrees:675
polytomy size limit : 3
discarded polytomies:  []
Threshold 0.0:
Threshold 0.01:
Threshold 0.02:
Threshold 0.05:
Threshold 0.1:
Threshold 0.2:
Threshold 0.3333333333333333:
max k is :0
Number of Clusters after addition by greedy: 465
gradient3 in heuristiic: 0
partitions formed in 4.844 secs
Dynamic Programming starting after 4.844 secs
Using tree-based weight calculation.
Using polytree-based weight calculation.
Polytree max score: 2723311
Polytree building time: 0.016 seconds.
Number of quartet trees in the gene trees: 2705951
Size of largest cluster: 114
Greedy score: 1562071
estimationFactor: 1.743397149234206
Sub-optimal score: 1640978
Total Number of elements weighted: 959
Normalized score (portion of input quartet trees satisfied before correcting for multiple individuals): 0.63024810870559
Optimization score: 1705420
Optimal tree inferred in 5.037 secs.
(10,(18,((19,(13,12)),(((17,(21,11)),(9,((20,22),(15,(25,23))))),((24,(14,16)),(1,((6,(7,2)),(8,(5,(3,4))))))))));
Final quartet score is: 1873657
Final normalized quartet score is: 0.6924208901048098
You may want to ignore posterior probabilities and other statistics related to the following branch branch because the effective number of genes impacting it is only 3:
	{14}
You may want to ignore posterior probabilities and other statistics related to the following branch branch because the effective number of genes impacting it is only 3:
	{16}
You may want to ignore posterior probabilities and other statistics related to the following branch branch because the effective number of genes impacting it is only 4:
	{24}
You may want to ignore posterior probabilities and other statistics related to the following branch branch because the effective number of genes impacting it is only 5:
	{1}
You may want to ignore posterior probabilities and other statistics related to the following branch branch because the effective number of genes impacting it is only 8:
	{6}
You may want to ignore posterior probabilities and other statistics related to the following branch branch because the effective number of genes impacting it is only 11:
	{7}
You may want to ignore posterior probabilities and other statistics related to the following branch branch because the effective number of genes impacting it is only 10:
	{2}
You may want to ignore posterior probabilities and other statistics related to the following branch branch because the effective number of genes impacting it is only 7:
	{8}
You may want to ignore posterior probabilities and other statistics related to the following branch branch because the effective number of genes impacting it is only 10:
	{5}
You may want to ignore posterior probabilities and other statistics related to the following branch branch because the effective number of genes impacting it is only 9:
	{3}
You may want to ignore posterior probabilities and other statistics related to the following branch branch because the effective number of genes impacting it is only 9:
	{4}
You may want to ignore posterior probabilities and other statistics related to the following branch branch because the effective number of genes impacting it is only 18:
	{3, 7, 2, 6, 5, 4, 8}
You may want to ignore posterior probabilities and other statistics related to the following branch branch because the effective number of genes impacting it is only 15:
	{3, 7, 2, 6, 1, 5, 4, 8}
You may want to ignore posterior probabilities and other statistics related to the following branch branch because the effective number of genes impacting it is only 6:
	{17}
You may want to ignore posterior probabilities and other statistics related to the following branch branch because the effective number of genes impacting it is only 6:
	{21}
You may want to ignore posterior probabilities and other statistics related to the following branch branch because the effective number of genes impacting it is only 5:
	{11}
You may want to ignore posterior probabilities and other statistics related to the following branch branch because the effective number of genes impacting it is only 8:
	{9}
You may want to ignore posterior probabilities and other statistics related to the following branch branch because the effective number of genes impacting it is only 9:
	{20}
You may want to ignore posterior probabilities and other statistics related to the following branch branch because the effective number of genes impacting it is only 9:
	{22}
You may want to ignore posterior probabilities and other statistics related to the following branch branch because the effective number of genes impacting it is only 9:
	{15}
You may want to ignore posterior probabilities and other statistics related to the following branch branch because the effective number of genes impacting it is only 4:
	{25}
You may want to ignore posterior probabilities and other statistics related to the following branch branch because the effective number of genes impacting it is only 6:
	{23}
You may want to ignore posterior probabilities and other statistics related to the following branch branch because the effective number of genes impacting it is only 18:
	{25, 21, 17, 20, 23, 9, 11, 15, 22}
You may want to ignore posterior probabilities and other statistics related to the following branch branch because the effective number of genes impacting it is only 6:
	{19}
You may want to ignore posterior probabilities and other statistics related to the following branch branch because the effective number of genes impacting it is only 6:
	{13}
You may want to ignore posterior probabilities and other statistics related to the following branch branch because the effective number of genes impacting it is only 8:
	{12}
You may want to ignore posterior probabilities and other statistics related to the following branch branch because the effective number of genes impacting it is only 2:
	{18}
You may want to ignore posterior probabilities and other statistics related to the following branch branch because the effective number of genes impacting it is only 8:
	{10}
You may want to ignore posterior probabilities and other statistics related to the following branch branch because the effective number of genes impacting it is only 13:
	{10, 18, 25, 21, 13, 17, 20, 12, 23, 9, 11, 15, 19, 22}
You may want to ignore posterior probabilities and other statistics related to the following branch branch because the effective number of genes impacting it is only 8:
	{10, 18, 25, 21, 3, 7, 13, 17, 2, 20, 6, 12, 23, 1, 5, 9, 11, 15, 19, 22, 4, 8}
You may want to ignore posterior probabilities and other statistics related to the following branch branch because the effective number of genes impacting it is only 14:
	{10, 18, 25, 21, 3, 7, 13, 17, 24, 2, 20, 6, 12, 23, 1, 5, 9, 11, 15, 19, 22, 4, 8}
((14_3,14_2,14_1,14_5,14_4)0.16:0.0,((16_1,16_5,16_4,16_3,16_2)0.18:0.0,((24_4,24_3,24_2,24_1,24_6,24_5)0.76:0.35667494393873245,(((1_1,1_2,1_3,1_4,1_5)0.31:0.0,(((6_1,6_2,6_3,6_4,6_5)0.11:0.0,((7_1,7_2,7_3,7_4)0.12:0.0,(2_1,2_2,2_3,2_4,2_5)0.1:0.0)0.98:0.3730516117464039)1:0.7711250602706817,((8_1,8_2,8_3,8_4,8_5)0.14:0.0,((5_1,5_2,5_3,5_4)0.12:0.0,((3_1,3_2,3_3,3_4)0.09:0.0,(4_1,4_2,4_3,4_4,4_5)0.14:0.0)0.93:0.2952493194237565)1:0.6702341755202672)1:0.6051746097332097)0.11:0.0)1:2.367123614131617,((((17_5,17_4,17_3,17_2,17_1)0.16:0.0,((21_5,21_4,21_3,21_2,21_1)0.13:0.0,(11_6,11_5,11_4,11_3,11_2,11_1,11_7)0.24:0.0)0.97:0.3650938153788004)1:1.1191200961316594,((9_1,9_2,9_3)0.55:0.10617484795038457,(((20_3,20_2,20_1)0.09:0.0,(22_3,22_2,22_1)0.09:0.0)1:1.0276525959996843,((15_2,15_1,15_3)0.09:0.0,((25_3,25_2,25_1,25_6,25_5,25_4)0.22:0.0,(23_4,23_3,23_2,23_1)0.13:0.0)0.32:0.0)1:1.0220158203706118)0.43:0.02862287414576426)1:1.5693780495957)0.67:0.17472289721027645,(((19_4,19_3,19_2,19_1)0.58:0.1366806348201197,((13_4,13_3,13_2,13_1,13_5)0.1:0.0,(12_4,12_3,12_2,12_1)0.09:0.0)1:1.100016730943559)0.37:0.0014200899762382578,((18_6,18_5,18_4,18_3,18_2,18_1)0.28:0.0,(10_3,10_2,10_1)0.28:0.0)1:0.6858983844042618)1:1.9075912847531764)1:0.834628235196931)0.96:0.6360769540298997)1:1.403826464559059));
Weight calculation took 0.190877294 secs
ASTRAL finished in 5.202 secs
