
================== ASTRAL ===================== 

This is ASTRAL version 5.6.3
Gene trees are treated as unrooted
1372 trees read from g_trees-raxml-sqlen-25-ngen-500.trees.tree
All output trees will be *arbitrarily* rooted at 23

======== Running the main analysis
Number of taxa: 25 (25 species)
Taxa: [23, 21, 1, 6, 7, 2, 8, 3, 5, 4, 12, 13, 19, 24, 16, 14, 17, 15, 11, 25, 18, 10, 9, 20, 22]
Taxon occupancy: {22=930, 23=872, 24=558, 25=840, 10=693, 11=804, 12=982, 13=983, 14=894, 15=889, 16=823, 17=713, 18=856, 19=870, 1=825, 2=968, 3=882, 4=863, 5=855, 6=927, 7=945, 8=963, 9=726, 20=939, 21=759}
Number of gene trees: 1372
1372 trees have missing taxa
Calculating quartet distance matrix (for completion of X)
Species tree distances calculated ...
Will attempt to complete bipartitions from X before adding using a distance matrix.
Building set of clusters (X) from gene trees 
------------------------------
gradient0: 1379
Number of Clusters after addition by distance: 1379
calculating extra bipartitions to be added at level 1 ...
Adding to X using resolutions of greedy consensus ...
Limit for sigma of degrees:675
polytomy size limit : 3
discarded polytomies:  [3, 3]
Threshold 0.0:
Threshold 0.01:
Threshold 0.02:
Threshold 0.05:
Threshold 0.1:
Threshold 0.2:
Threshold 0.3333333333333333:
polytomy of size 3; rounds with additions with at least 5 support: 0; clusters: 1379
polytomy of size 3; rounds with additions with at least 5 support: 0; clusters: 1379
max k is :0
Number of Clusters after addition by greedy: 1379
gradient0 in heuristiic: 1379
partitions formed in 1.009 secs
Dynamic Programming starting after 1.009 secs
Using tree-based weight calculation.
Using polytree-based weight calculation.
Polytree max score: 2648905
Polytree building time: 0.099 seconds.
Number of quartet trees in the gene trees: 2648905
Size of largest cluster: 25
Greedy score: 1883629
estimationFactor: 1.4062774569726841
Sub-optimal score: 2034210
Total Number of elements weighted: 4670
Normalized score (portion of input quartet trees satisfied before correcting for multiple individuals): 0.7774759759221264
Optimization score: 2059460
Optimal tree inferred in 4.019 secs.
(7,(2,(6,(1,((8,(5,(3,4))),((24,(16,14)),((17,(21,11)),(((12,13),(19,(18,10))),((20,22),(9,(15,(23,25))))))))))));
Final quartet score is: 2059460
Final normalized quartet score is: 0.7774759759221264
(23,(25,(15,(9,((20,22)1:1.919741501189135,(((12,13)1:3.226097890591598,(19,(18,10)1:0.29181693517088775)1:0.3276428228090385)1:0.443260923367342,((17,(21,11)1:0.3580782432144572)1:1.6020103078209422,((24,(16,14)1:0.887646486389651)0.99:0.1230656939631609,((8,(5,(3,4)1:0.0940836854196925)1:0.47214345964291027)1:0.4912401192970558,(1,(6,(2,7)1:0.9542455426611215)1:1.0856404395185113)0.52:0.08417611981263799)1:2.315310367380455)1:0.11017900416128949)0:0.0)1:1.003819348396704)0.92:0.09077885581233225)1:0.6717296331374859)0.94:0.07677294125936372));
Weight calculation took 2.811031621 secs
ASTRAL finished in 4.306 secs
