
================== ASTRAL ===================== 

This is ASTRAL version 5.6.3
Gene trees are treated as unrooted
156 trees read from g_trees-raxml-sqlen-50-ngen-50.trees.tree
All output trees will be *arbitrarily* rooted at 16

======== Running the main analysis
Number of taxa: 25 (25 species)
Taxa: [16, 14, 24, 11, 17, 1, 4, 6, 2, 7, 5, 3, 8, 13, 21, 23, 20, 22, 9, 15, 12, 25, 19, 10, 18]
Taxon occupancy: {22=47, 23=48, 24=51, 25=44, 10=102, 11=123, 12=132, 13=132, 14=134, 15=52, 16=50, 17=97, 18=100, 19=113, 1=131, 2=128, 3=131, 4=129, 5=127, 6=124, 7=124, 8=128, 9=38, 20=48, 21=106}
Number of gene trees: 156
156 trees have missing taxa
Calculating quartet distance matrix (for completion of X)
Species tree distances calculated ...
Will attempt to complete bipartitions from X before adding using a distance matrix.
Building set of clusters (X) from gene trees 
------------------------------
gradient0: 295
Number of Clusters after addition by distance: 295
calculating extra bipartitions to be added at level 1 ...
Adding to X using resolutions of greedy consensus ...
Limit for sigma of degrees:675
polytomy size limit : 3
discarded polytomies:  []
Threshold 0.0:
Threshold 0.01:
Threshold 0.02:
Threshold 0.05:
Threshold 0.1:
Threshold 0.2:
Threshold 0.3333333333333333:
max k is :0
Number of Clusters after addition by greedy: 295
gradient0 in heuristiic: 295
partitions formed in 0.173 secs
Dynamic Programming starting after 0.173 secs
Using tree-based weight calculation.
Using polytree-based weight calculation.
Polytree max score: 299681
Polytree building time: 0.018 seconds.
Number of quartet trees in the gene trees: 299681
Size of largest cluster: 25
Greedy score: 265247
estimationFactor: 1.1298186218882778
Sub-optimal score: 265247
Total Number of elements weighted: 394
Normalized score (portion of input quartet trees satisfied before correcting for multiple individuals): 0.8854481932454844
Optimization score: 265352
Optimal tree inferred in 0.274 secs.
(12,(13,((19,(10,18)),((1,((6,(2,7)),(8,(5,(4,3))))),(16,(14,(24,((17,(11,21)),(9,((20,22),(23,(15,25))))))))))));
Final quartet score is: 265352
Final normalized quartet score is: 0.8854481932454844
(16,((14,(24,((17,(11,21)0.96:0.24170216385273413)1:0.9723221240964891,(9,((20,22)1:2.5632032931876867,(23,(15,25)1:0.6209641368158078)1:1.1054098151161642)0.39:0.039808581046906016)1:0.8651990707164431)1:1.041606737536014)1:0.9552724230602452)0.96:0.3122675479243956,((1,((6,(2,7)1:0.7861071830193167)1:2.567306605357958,(8,(5,(4,3)1:1.3468852491347092)1:0.9051489532014817)0.01:0.17147689364478413)1:0.7817005779013905)1:4.366759162543099,((19,(10,18)1:1.4220923669956704)1:0.941608539858445,(13,12)1:4.295015257684257)1:4.065357025348842)1:0.6618295879437385));
Weight calculation took 0.046716971 secs
ASTRAL finished in 0.387 secs
