
================== ASTRAL ===================== 

This is ASTRAL version 5.6.3
Gene trees are treated as unrooted
2131 trees read from g_trees-raxml-sqlen-0-ngen-500.trees.tree
All output trees will be *arbitrarily* rooted at 14

======== Running the main analysis
Number of taxa: 25 (25 species)
Taxa: [14, 16, 24, 21, 11, 17, 22, 20, 15, 25, 23, 19, 12, 13, 7, 2, 6, 5, 4, 3, 8, 1, 9, 18, 10]
Taxon occupancy: {22=1763, 23=1720, 24=1396, 25=1662, 10=1351, 11=1374, 12=1561, 13=1565, 14=1649, 15=1665, 16=1603, 17=1375, 18=1362, 19=1493, 1=1641, 2=1603, 3=1576, 4=1555, 5=1571, 6=1617, 7=1595, 8=1612, 9=1713, 20=1699, 21=1335}
Number of gene trees: 2131
2112 trees have missing taxa
Calculating quartet distance matrix (for completion of X)
Species tree distances calculated ...
Will attempt to complete bipartitions from X before adding using a distance matrix.
Building set of clusters (X) from gene trees 
------------------------------
gradient0: 113
Number of Clusters after addition by distance: 113
calculating extra bipartitions to be added at level 1 ...
Adding to X using resolutions of greedy consensus ...
Limit for sigma of degrees:675
polytomy size limit : 3
discarded polytomies:  []
Threshold 0.0:
Threshold 0.01:
Threshold 0.02:
Threshold 0.05:
Threshold 0.1:
Threshold 0.2:
Threshold 0.3333333333333333:
max k is :0
Number of Clusters after addition by greedy: 113
gradient0 in heuristiic: 113
partitions formed in 0.733 secs
Dynamic Programming starting after 0.733 secs
Using tree-based weight calculation.
Using polytree-based weight calculation.
Polytree max score: 8600750
Polytree building time: 0.131 seconds.
Number of quartet trees in the gene trees: 8600750
Size of largest cluster: 25
Greedy score: 8585930
estimationFactor: 1.0017260797607248
Sub-optimal score: 8585930
Total Number of elements weighted: 99
Normalized score (portion of input quartet trees satisfied before correcting for multiple individuals): 0.9982768944568787
Optimization score: 8585930
Optimal tree inferred in 1.042 secs.
(8,((5,(4,3)),(1,((6,(7,2)),((24,(14,16)),((19,((12,13),(18,10))),((17,(21,11)),(9,((22,20),(15,(25,23)))))))))));
Final quartet score is: 8585930
Final normalized quartet score is: 0.9982768944568787
(14,(16,(24,(((19,((12,13)1:6.855057489981622,(18,10)1:6.476972362889643)1:6.6601482554895615)1:6.8578645093686506,((17,(21,11)1:4.477336814478208)1:6.705231014870651,(9,((22,20)1:6.976036786398539,(15,(25,23)1:6.803875148494702)1:6.928864242192325)1:6.882779292911908)1:6.7254337221881535)1:3.7570877041404733)1:5.735137577003432,((6,(7,2)1:6.928864242192325)1:6.93147180559951,(1,((5,(4,3)1:6.871091294610549)1:6.87247346483744,8)1:6.794213237582985)1:5.693357957320328)1:6.939253946041563)1:2.4787146795400794)1:6.4635493425575685));
Weight calculation took 0.118021652 secs
ASTRAL finished in 1.589 secs
