
================== ASTRAL ===================== 

This is ASTRAL version 5.6.3
Gene trees are treated as unrooted
74 trees read from g_trees-raxml-sqlen-100-ngen-25.trees.tree
All output trees will be *arbitrarily* rooted at 6

======== Running the main analysis
Number of taxa: 25 (25 species)
Taxa: [6, 2, 7, 24, 16, 14, 21, 17, 23, 15, 9, 20, 22, 8, 3, 4, 5, 1, 25, 11, 13, 12, 19, 18, 10]
Taxon occupancy: {22=62, 23=52, 24=43, 25=61, 10=28, 11=57, 12=45, 13=47, 14=44, 15=65, 16=42, 17=56, 18=46, 19=41, 1=47, 2=57, 3=49, 4=50, 5=41, 6=58, 7=49, 8=49, 9=46, 20=63, 21=61}
Number of gene trees: 74
74 trees have missing taxa
Calculating quartet distance matrix (for completion of X)
Species tree distances calculated ...
Will attempt to complete bipartitions from X before adding using a distance matrix.
Building set of clusters (X) from gene trees 
------------------------------
gradient0: 195
Number of Clusters after addition by distance: 195
calculating extra bipartitions to be added at level 1 ...
Adding to X using resolutions of greedy consensus ...
Limit for sigma of degrees:675
polytomy size limit : 3
discarded polytomies:  []
Threshold 0.0:
Threshold 0.01:
Threshold 0.02:
Threshold 0.05:
Threshold 0.1:
Threshold 0.2:
Threshold 0.3333333333333333:
max k is :0
Number of Clusters after addition by greedy: 195
gradient0 in heuristiic: 195
partitions formed in 0.148 secs
Dynamic Programming starting after 0.148 secs
Using tree-based weight calculation.
Using polytree-based weight calculation.
Polytree max score: 233628
Polytree building time: 0.013 seconds.
Number of quartet trees in the gene trees: 233628
Size of largest cluster: 25
Greedy score: 222649
estimationFactor: 1.049310798611267
Sub-optimal score: 222649
Total Number of elements weighted: 170
Normalized score (portion of input quartet trees satisfied before correcting for multiple individuals): 0.9537940657797866
Optimization score: 222833
Optimal tree inferred in 0.222 secs.
(13,(12,((18,10),(19,(((17,(21,11)),((9,(20,22)),(15,(23,25)))),((24,(16,14)),((8,(5,(3,4))),(1,(2,(6,7))))))))));
Final quartet score is: 222833
Final normalized quartet score is: 0.9537940657797866
You may want to ignore posterior probabilities and other statistics related to the following branch branch because the effective number of genes impacting it is only 16:
	{18, 10}
(6,(7,(2,(1,((8,(5,(3,4)1:1.4916548767777167)0.33:0.23889190828234882)1:2.387742901334353,((24,(16,14)1:2.9957322735539913)0.32:0.21357410029805904,(((17,(21,11)1:0.4689346820568304)1:3.506557897319981,((9,(20,22)1:3.3787245258100977)1:2.890371757896163,(15,(23,25)1:0.7783049889002521)1:0.7830035096818063)1:3.564826805443958)0.98:0.3435341503776741,(19,((18,10)0.99:0.6660662219572747,(12,13)1:3.283414346005771)0.98:0.4418327522790392)1:1.4916548767777167)1:1.5686159179138457)1:3.3557350075853964)1:1.81373837594683)1:2.502450959438909)0.85:0.1709281587215311));
Weight calculation took 0.021961999 secs
ASTRAL finished in 1.919 secs
