
================== ASTRAL ===================== 

This is ASTRAL version 5.6.3
Gene trees are treated as unrooted
2860 trees read from g_trees-raxml-sqlen-100-ngen-500.trees.tree
All output trees will be *arbitrarily* rooted at 6

======== Running the main analysis
Number of taxa: 25 (25 species)
Taxa: [6, 2, 7, 24, 16, 14, 21, 17, 23, 15, 9, 20, 22, 8, 3, 4, 5, 1, 25, 11, 13, 12, 19, 18, 10]
Taxon occupancy: {22=2077, 23=1991, 24=1191, 25=1818, 10=1676, 11=1574, 12=1919, 13=1926, 14=1858, 15=1713, 16=1753, 17=1471, 18=1491, 19=2094, 1=1643, 2=1841, 3=2058, 4=2064, 5=2007, 6=1948, 7=1809, 8=2033, 9=1988, 20=2149, 21=1514}
Number of gene trees: 2860
2858 trees have missing taxa
Calculating quartet distance matrix (for completion of X)
Species tree distances calculated ...
Will attempt to complete bipartitions from X before adding using a distance matrix.
Building set of clusters (X) from gene trees 
------------------------------
gradient0: 677
Number of Clusters after addition by distance: 677
calculating extra bipartitions to be added at level 1 ...
Adding to X using resolutions of greedy consensus ...
Limit for sigma of degrees:675
polytomy size limit : 3
discarded polytomies:  []
Threshold 0.0:
Threshold 0.01:
Threshold 0.02:
Threshold 0.05:
Threshold 0.1:
Threshold 0.2:
Threshold 0.3333333333333333:
max k is :0
Number of Clusters after addition by greedy: 677
gradient0 in heuristiic: 677
partitions formed in 0.983 secs
Dynamic Programming starting after 0.983 secs
Using tree-based weight calculation.
Using polytree-based weight calculation.
Polytree max score: 6223762
Polytree building time: 0.156 seconds.
Number of quartet trees in the gene trees: 6223762
Size of largest cluster: 25
Greedy score: 5530290
estimationFactor: 1.1253952324380818
Sub-optimal score: 5530290
Total Number of elements weighted: 1501
Normalized score (portion of input quartet trees satisfied before correcting for multiple individuals): 0.8919115158966554
Optimization score: 5551045
Optimal tree inferred in 2.776 secs.
(16,(14,(((8,(5,(3,4))),(1,(6,(2,7)))),(24,((19,((18,10),(13,12))),((17,(21,11)),(9,((20,22),(23,(15,25))))))))));
Final quartet score is: 5551045
Final normalized quartet score is: 0.8919115158966554
(6,((2,7)1:1.0999155016723994,(1,((8,(5,(3,4)0.9:0.1639267074981478)1:0.31903015880554514)1:1.551526238298053,((24,((19,((18,10)1:0.8862278400250179,(13,12)1:4.418897467079366)1:0.16949639224106947)1:3.5409060673101287,((17,(21,11)1:0.8285944995527573)1:2.8204637002243307,(9,((20,22)1:4.005674196796521,(23,(15,25)1:0.06711985650149568)1:0.9593436394262799)1:0.3170904054854724)1:2.237819843397765)1:0.2371521507044879)1:0.27828525593841785)1:0.3000275742232253,(14,16)1:5.958284756560774)1:5.166316081889363)1:0.21325905284143035)1:1.88143170046527));
Weight calculation took 1.548034723 secs
ASTRAL finished in 3.379 secs
