
================== ASTRAL ===================== 

This is ASTRAL version 5.6.3
Gene trees are treated as unrooted
118 trees read from g_trees-raxml-sqlen-25-ngen-50.trees.tree
All output trees will be *arbitrarily* rooted at 23

======== Running the main analysis
Number of taxa: 25 (25 species)
Taxa: [23, 21, 1, 6, 7, 2, 8, 3, 5, 4, 12, 13, 19, 24, 16, 14, 17, 15, 11, 25, 18, 10, 9, 20, 22]
Taxon occupancy: {22=43, 23=41, 24=55, 25=43, 10=72, 11=80, 12=85, 13=85, 14=80, 15=46, 16=35, 17=85, 18=82, 19=70, 1=84, 2=82, 3=94, 4=95, 5=104, 6=74, 7=77, 8=101, 9=44, 20=44, 21=86}
Number of gene trees: 118
118 trees have missing taxa
Calculating quartet distance matrix (for completion of X)
Species tree distances calculated ...
Will attempt to complete bipartitions from X before adding using a distance matrix.
Building set of clusters (X) from gene trees 
------------------------------
gradient0: 337
Number of Clusters after addition by distance: 337
calculating extra bipartitions to be added at level 1 ...
Adding to X using resolutions of greedy consensus ...
Limit for sigma of degrees:675
polytomy size limit : 3
discarded polytomies:  []
Threshold 0.0:
Threshold 0.01:
Threshold 0.02:
Threshold 0.05:
Threshold 0.1:
Threshold 0.2:
Threshold 0.3333333333333333:
max k is :0
Number of Clusters after addition by greedy: 337
gradient0 in heuristiic: 337
partitions formed in 0.208 secs
Dynamic Programming starting after 0.209 secs
Using tree-based weight calculation.
Using polytree-based weight calculation.
Polytree max score: 201116
Polytree building time: 0.018 seconds.
Number of quartet trees in the gene trees: 201116
Size of largest cluster: 25
Greedy score: 158879
estimationFactor: 1.2658438182516254
Sub-optimal score: 163535
Total Number of elements weighted: 550
Normalized score (portion of input quartet trees satisfied before correcting for multiple individuals): 0.842941387060204
Optimization score: 169529
Optimal tree inferred in 0.349 secs.
(7,(2,(6,((8,(4,(3,5))),(1,(24,(((21,(17,11)),(19,((18,10),(12,13)))),((16,14),((9,(20,22)),(23,(15,25)))))))))));
Final quartet score is: 169529
Final normalized quartet score is: 0.842941387060204
(23,((15,25)1:0.8194260309287011,((9,(20,22)1:2.5662567870369095)1:0.5389965007326871,((16,14)1:1.8913893101768966,(((21,(17,11)0.97:0.24138790805400429)1:1.6897152572423861,(19,((18,10)1:0.99013164567404,(12,13)1:3.0757749812275272)1:1.1952391243571816)1:0.976930612596069)0:0.0,(24,(1,((8,(4,(3,5)1:0.564494437062227)1:0.6372988967649109)1:0.34794920743954105,(6,(2,7)0.68:0.09531017980432477)1:1.4480011669760742)1:0.49740260343385)1:2.9029902218553763)1:0.6171786953365686)0.82:0.23323898197956092)1:1.3238887949324607)0.99:0.40581837428082407));
Weight calculation took 0.068264722 secs
ASTRAL finished in 2.771 secs
