
================== ASTRAL ===================== 

This is ASTRAL version 5.6.3
Gene trees are treated as unrooted
240 trees read from g_trees-raxml-sqlen-25-ngen-100.trees.tree
All output trees will be *arbitrarily* rooted at 23

======== Running the main analysis
Number of taxa: 25 (25 species)
Taxa: [23, 21, 1, 6, 7, 2, 8, 3, 5, 4, 12, 13, 19, 24, 16, 14, 17, 15, 11, 25, 18, 10, 9, 20, 22]
Taxon occupancy: {22=117, 23=116, 24=109, 25=97, 10=157, 11=135, 12=178, 13=177, 14=150, 15=118, 16=99, 17=149, 18=157, 19=167, 1=179, 2=167, 3=173, 4=168, 5=188, 6=157, 7=159, 8=173, 9=104, 20=126, 21=141}
Number of gene trees: 240
240 trees have missing taxa
Calculating quartet distance matrix (for completion of X)
Species tree distances calculated ...
Will attempt to complete bipartitions from X before adding using a distance matrix.
Building set of clusters (X) from gene trees 
------------------------------
gradient0: 553
Number of Clusters after addition by distance: 553
calculating extra bipartitions to be added at level 1 ...
Adding to X using resolutions of greedy consensus ...
Limit for sigma of degrees:675
polytomy size limit : 4
discarded polytomies:  [3, 4]
Threshold 0.0:
Threshold 0.01:
Threshold 0.02:
Threshold 0.05:
Threshold 0.1:
Threshold 0.2:
polytomy of size 3; rounds with additions with at least 5 support: 0; clusters: 553
Threshold 0.3333333333333333:
polytomy of size 4; rounds with additions with at least 5 support: 0; clusters: 553
max k is :0
Number of Clusters after addition by greedy: 553
gradient0 in heuristiic: 553
partitions formed in 0.352 secs
Dynamic Programming starting after 0.352 secs
Using tree-based weight calculation.
Using polytree-based weight calculation.
Polytree max score: 425576
Polytree building time: 0.031 seconds.
Number of quartet trees in the gene trees: 425576
Size of largest cluster: 25
Greedy score: 306914
estimationFactor: 1.386629479267808
Sub-optimal score: 317673
Total Number of elements weighted: 1144
Normalized score (portion of input quartet trees satisfied before correcting for multiple individuals): 0.7923896084365659
Optimization score: 337222
Optimal tree inferred in 0.646 secs.
(7,(2,(6,((8,(4,(3,5))),(1,(24,((16,14),(((20,22),(9,(23,(15,25)))),((17,(21,11)),(19,((18,10),(12,13))))))))))));
Final quartet score is: 337222
Final normalized quartet score is: 0.7923896084365659
(23,((15,25)0.98:0.23501850208005012,(9,((20,22)1:2.0389758859443483,(((17,(21,11)0.53:0.1232226504638579)1:1.1560383688318518,(19,((18,10)1:0.5195096232047361,(12,13)1:3.9576335166801986)1:0.30334720788244013)1:0.613426644779185)0.98:0.20857644281721607,((16,14)1:1.5953435668196603,(24,(1,((8,(4,(3,5)1:0.3989091103347902)1:0.7691497481204621)0.99:0.17585256731106555,(6,(2,7)1:0.37588237255362006)1:1.0777977167086252)0.98:0.16129418960187888)1:3.252053215855015)0.46:0.06947492759239329)1:0.588132934759142)1:1.0440268100009895)0.18:0.1021962417582284)1:0.44940812893033033));
Weight calculation took 0.216040821 secs
ASTRAL finished in 0.774 secs
