
================== ASTRAL ===================== 

This is ASTRAL version 5.6.3
Gene trees are treated as unrooted
48 trees read from g_trees-raxml-sqlen-50-ngen-25.trees.tree
All output trees will be *arbitrarily* rooted at 16

======== Running the main analysis
Number of taxa: 25 (25 species)
Taxa: [16, 14, 24, 11, 17, 1, 4, 6, 2, 7, 5, 3, 8, 13, 21, 23, 20, 22, 9, 15, 12, 25, 19, 10, 18]
Taxon occupancy: {22=38, 23=34, 24=36, 25=29, 10=17, 11=41, 12=37, 13=37, 14=36, 15=36, 16=36, 17=26, 18=21, 19=29, 1=36, 2=40, 3=26, 4=26, 5=23, 6=40, 7=36, 8=23, 9=24, 20=39, 21=25}
Number of gene trees: 48
48 trees have missing taxa
Calculating quartet distance matrix (for completion of X)
Species tree distances calculated ...
Will attempt to complete bipartitions from X before adding using a distance matrix.
Building set of clusters (X) from gene trees 
------------------------------
gradient0: 217
Number of Clusters after addition by distance: 217
calculating extra bipartitions to be added at level 1 ...
Adding to X using resolutions of greedy consensus ...
Limit for sigma of degrees:675
polytomy size limit : 3
discarded polytomies:  []
Threshold 0.0:
Threshold 0.01:
Threshold 0.02:
Threshold 0.05:
Threshold 0.1:
Threshold 0.2:
Threshold 0.3333333333333333:
max k is :0
Number of Clusters after addition by greedy: 217
gradient0 in heuristiic: 217
partitions formed in 0.138 secs
Dynamic Programming starting after 0.138 secs
Using tree-based weight calculation.
Using polytree-based weight calculation.
Polytree max score: 118412
Polytree building time: 0.011 seconds.
Number of quartet trees in the gene trees: 118412
Size of largest cluster: 25
Greedy score: 97173
estimationFactor: 1.218568944048244
Sub-optimal score: 104465
Total Number of elements weighted: 232
Normalized score (portion of input quartet trees satisfied before correcting for multiple individuals): 0.8822163294260716
Optimization score: 104465
Optimal tree inferred in 0.21 secs.
(17,(21,(11,(((9,(20,22)),(23,(15,25))),(24,(14,(16,(((10,18),(19,(13,12))),(1,(8,(4,(3,(5,(6,(2,7)))))))))))))));
Final quartet score is: 104465
Final normalized quartet score is: 0.8822163294260716
You may want to ignore posterior probabilities and other statistics related to the following branch branch because the effective number of genes impacting it is only 12:
	{10, 18}
You may want to ignore posterior probabilities and other statistics related to the following branch branch because the effective number of genes impacting it is only 17:
	{13, 12, 19, 10, 18}
(16,((((10,18)0.95:0.48550781578170055,(19,(13,12)1:2.961830721878311)0.66:0.15415067982725836)1:2.484906649788,(1,(8,(4,(3,(5,(6,(2,7)1:1.965031190502093)1:2.1106940851839413)1:0.942875169884582)0.98:0.43278600627315605)1:0.948039430188735)1:1.2484245668967704)1:3.110142624731734)1:1.1470925834966335,(14,(24,(((9,(20,22)1:1.1631508098056806)0.9:0.276832056427715,(23,(15,25)1:2.159484249353373)1:1.0826119473216684)1:2.497893845314812,(11,(21,17)0.77:0.2838483441384164)0.97:0.47112226711019545)1:1.0041667209339957)1:1.0233428597472307)1:0.7724662119264191));
Weight calculation took 0.020950408 secs
ASTRAL finished in 1.066 secs
