
================== ASTRAL ===================== 

This is ASTRAL version 5.6.3
Gene trees are treated as unrooted
307 trees read from g_trees-raxml-sqlen-0-ngen-100.trees.tree
All output trees will be *arbitrarily* rooted at 14

======== Running the main analysis
Number of taxa: 25 (25 species)
Taxa: [14, 16, 24, 21, 11, 17, 22, 20, 15, 25, 23, 19, 12, 13, 7, 2, 6, 5, 4, 3, 8, 1, 9, 18, 10]
Taxon occupancy: {22=252, 23=237, 24=207, 25=240, 10=202, 11=248, 12=214, 13=218, 14=195, 15=256, 16=195, 17=216, 18=194, 19=215, 1=217, 2=231, 3=201, 4=201, 5=216, 6=225, 7=229, 8=201, 9=238, 20=254, 21=252}
Number of gene trees: 307
289 trees have missing taxa
Calculating quartet distance matrix (for completion of X)
Species tree distances calculated ...
Will attempt to complete bipartitions from X before adding using a distance matrix.
Building set of clusters (X) from gene trees 
------------------------------
gradient0: 103
Number of Clusters after addition by distance: 103
calculating extra bipartitions to be added at level 1 ...
Adding to X using resolutions of greedy consensus ...
Limit for sigma of degrees:675
polytomy size limit : 3
discarded polytomies:  []
Threshold 0.0:
Threshold 0.01:
Threshold 0.02:
Threshold 0.05:
Threshold 0.1:
Threshold 0.2:
Threshold 0.3333333333333333:
max k is :0
Number of Clusters after addition by greedy: 103
gradient0 in heuristiic: 103
partitions formed in 0.277 secs
Dynamic Programming starting after 0.277 secs
Using tree-based weight calculation.
Using polytree-based weight calculation.
Polytree max score: 1240844
Polytree building time: 0.034 seconds.
Number of quartet trees in the gene trees: 1240844
Size of largest cluster: 25
Greedy score: 1234966
estimationFactor: 1.0047596452048073
Sub-optimal score: 1234966
Total Number of elements weighted: 89
Normalized score (portion of input quartet trees satisfied before correcting for multiple individuals): 0.9952629017023896
Optimization score: 1234966
Optimal tree inferred in 0.393 secs.
(8,((5,(4,3)),(1,((6,(7,2)),((24,(14,16)),((19,((12,13),(18,10))),((17,(21,11)),(9,((22,20),(15,(25,23)))))))))));
Final quartet score is: 1234966
Final normalized quartet score is: 0.9952629017023896
(14,(16,(24,(((19,((12,13)1:4.882801922586364,(18,10)1:4.644390899141376)1:4.736198448394486)1:4.912654885736056,((17,(21,11)1:3.1159814017055694)1:4.897839799950916,(9,((22,20)1:5.070998443823357,(15,(25,23)1:4.95582705760127)1:5.032614200815037)1:4.877738620629821)1:4.965172920019501)1:4.804021044733256)1:4.706522680248385,((6,(7,2)1:4.988162438244203)1:4.9744322454323,(1,((5,(4,3)1:4.836281906951467)1:4.8148907169701705,8)1:4.712528704308583)1:4.730333328942101)1:4.932072971593157)1:0.8075575317376896)1:4.446565155811453));
Weight calculation took 0.033568704 secs
ASTRAL finished in 1.974 secs
