
================== ASTRAL ===================== 

This is ASTRAL version 5.6.3
Gene trees are treated as unrooted
50 trees read from g_trees-raxml-sqlen-50-ngen-50-s2g.trees
All output trees will be *arbitrarily* rooted at 14

======== Running the main analysis
Number of taxa: 118 (25 species)
Taxa: {22=[22_4, 22_3, 22_2, 22_1], 23=[23_4, 23_3, 23_2, 23_1], 24=[24_4, 24_3, 24_2, 24_1], 25=[25_3, 25_2, 25_1, 25_4], 10=[10_5, 10_4, 10_3, 10_2, 10_1], 11=[11_4, 11_3, 11_2, 11_1], 12=[12_4, 12_3, 12_2, 12_1], 13=[13_4, 13_3, 13_2, 13_1, 13_6, 13_5], 14=[14_3, 14_2, 14_1, 14_5, 14_4], 15=[15_2, 15_1, 15_4, 15_3], 16=[16_1, 16_5, 16_4, 16_3, 16_2], 17=[17_4, 17_3, 17_2, 17_1], 18=[18_7, 18_6, 18_5, 18_4, 18_3, 18_2, 18_1, 18_9, 18_8], 19=[19_5, 19_4, 19_3, 19_2, 19_1], 1=[1_1, 1_2, 1_3, 1_4, 1_5], 2=[2_1, 2_2, 2_3, 2_4], 3=[3_1, 3_2, 3_3, 3_4, 3_5], 4=[4_1, 4_2, 4_3], 5=[5_1, 5_2, 5_3, 5_4], 6=[6_1, 6_2, 6_3, 6_4, 6_5, 6_6, 6_7], 7=[7_1, 7_2, 7_3], 8=[8_1, 8_2, 8_3, 8_4, 8_5], 9=[9_1, 9_2, 9_3, 9_4, 9_5], 20=[20_6, 20_5, 20_4, 20_3, 20_2, 20_1], 21=[21_4, 21_3, 21_2, 21_1]}
Taxon occupancy: {14_3=5, 14_2=13, 14_1=29, 10_5=2, 10_4=4, 10_3=5, 10_2=14, 10_1=27, 18_7=1, 18_6=1, 18_5=1, 18_4=5, 18_3=6, 18_2=9, 18_1=23, 14_5=2, 14_4=3, 25_3=6, 25_2=11, 25_1=28, 21_4=1, 21_3=3, 3_1=29, 21_2=12, 21_1=29, 3_2=10, 3_3=5, 3_4=1, 7_1=28, 3_5=1, 7_2=12, 7_3=4, 25_4=2, 18_9=1, 18_8=1, 13_4=5, 13_3=7, 13_2=11, 13_1=25, 17_4=1, 17_3=3, 17_2=9, 13_6=1, 17_1=27, 13_5=4, 24_4=2, 24_3=7, 20_6=1, 24_2=12, 20_5=1, 24_1=27, 2_1=28, 20_4=3, 20_3=6, 2_2=11, 20_2=14, 2_3=6, 20_1=26, 2_4=4, 6_1=27, 6_2=14, 6_3=8, 6_4=3, 6_5=2, 6_6=2, 6_7=1, 16_1=30, 12_4=1, 12_3=5, 12_2=12, 12_1=31, 16_5=1, 16_4=1, 16_3=3, 16_2=12, 23_4=1, 23_3=9, 1_1=29, 23_2=16, 23_1=30, 1_2=10, 1_3=5, 1_4=1, 5_1=30, 1_5=1, 5_2=12, 5_3=6, 5_4=1, 9_1=28, 9_2=11, 9_3=3, 9_4=1, 9_5=1, 15_2=13, 15_1=28, 11_4=1, 11_3=4, 11_2=10, 11_1=28, 19_5=1, 19_4=1, 19_3=5, 19_2=14, 19_1=29, 15_4=1, 15_3=6, 22_4=2, 22_3=6, 22_2=12, 22_1=27, 4_1=27, 4_2=9, 4_3=5, 8_1=24, 8_2=10, 8_3=7, 8_4=4, 8_5=1}
Number of gene trees: 50
50 trees have missing taxa
Calculating quartet distance matrix (for completion of X)
Species tree distances calculated ...
Will attempt to complete bipartitions from X before adding using a distance matrix.
Building set of clusters (X) from gene trees 
In second round sampling 4 rounds will be done
------------------------------
gradient0: 395
------------------------------
gradient1: 122
------------------------------
gradient2: 78
------------------------------
gradient3: 94
Number of Clusters after addition by distance: 689
calculating extra bipartitions to be added at level 1 ...
Adding to X using resolutions of greedy consensus ...
Limit for sigma of degrees:675
polytomy size limit : 3
discarded polytomies:  [3]
Threshold 0.0:
Threshold 0.01:
Threshold 0.02:
Threshold 0.05:
Threshold 0.1:
Threshold 0.2:
Threshold 0.3333333333333333:
polytomy of size 3; rounds with additions with at least 5 support: 0; clusters: 689
max k is :0
Number of Clusters after addition by greedy: 689
gradient0 in heuristiic: 689
calculating extra bipartitions to be added at level 1 ...
Adding to X using resolutions of greedy consensus ...
Limit for sigma of degrees:675
polytomy size limit : 3
discarded polytomies:  [3, 3]
Threshold 0.0:
Threshold 0.01:
Threshold 0.02:
Threshold 0.05:
Threshold 0.1:
Threshold 0.2:
Threshold 0.3333333333333333:
polytomy of size 3; rounds with additions with at least 5 support: 0; clusters: 689
polytomy of size 3; rounds with additions with at least 5 support: 0; clusters: 689
max k is :0
Number of Clusters after addition by greedy: 689
gradient1 in heuristiic: 0
calculating extra bipartitions to be added at level 1 ...
Adding to X using resolutions of greedy consensus ...
Limit for sigma of degrees:675
polytomy size limit : 3
discarded polytomies:  []
Threshold 0.0:
Threshold 0.01:
Threshold 0.02:
Threshold 0.05:
Threshold 0.1:
Threshold 0.2:
Threshold 0.3333333333333333:
max k is :0
Number of Clusters after addition by greedy: 689
gradient2 in heuristiic: 0
calculating extra bipartitions to be added at level 1 ...
Adding to X using resolutions of greedy consensus ...
Limit for sigma of degrees:675
polytomy size limit : 3
discarded polytomies:  [3]
Threshold 0.0:
Threshold 0.01:
Threshold 0.02:
Threshold 0.05:
Threshold 0.1:
Threshold 0.2:
Threshold 0.3333333333333333:
polytomy of size 3; rounds with additions with at least 5 support: 0; clusters: 689
max k is :0
Number of Clusters after addition by greedy: 689
gradient3 in heuristiic: 0
partitions formed in 5.632 secs
Dynamic Programming starting after 5.632 secs
Using tree-based weight calculation.
Using polytree-based weight calculation.
Polytree max score: 1982654
Polytree building time: 0.015 seconds.
Number of quartet trees in the gene trees: 1967280
Size of largest cluster: 118
Greedy score: 924617
estimationFactor: 2.14429758483783
Sub-optimal score: 977506
Total Number of elements weighted: 1710
Normalized score (portion of input quartet trees satisfied before correcting for multiple individuals): 0.5148804440649017
Optimization score: 1012914
Optimal tree inferred in 5.856 secs.
(7,(5,(((6,9),(8,(2,4))),((10,(3,1)),((18,20),((13,23),((25,(14,12)),((24,22),(15,(11,(17,(16,(21,19)))))))))))));
Final quartet score is: 1113244
Final normalized quartet score is: 0.565879793420357
You may want to ignore posterior probabilities and other statistics related to the following branch branch because the effective number of genes impacting it is only 7:
	{14}
You may want to ignore posterior probabilities and other statistics related to the following branch branch because the effective number of genes impacting it is only 7:
	{12}
You may want to ignore posterior probabilities and other statistics related to the following branch branch because the effective number of genes impacting it is only 7:
	{25}
You may want to ignore posterior probabilities and other statistics related to the following branch branch because the effective number of genes impacting it is only 8:
	{24}
You may want to ignore posterior probabilities and other statistics related to the following branch branch because the effective number of genes impacting it is only 8:
	{22}
You may want to ignore posterior probabilities and other statistics related to the following branch branch because the effective number of genes impacting it is only 8:
	{15}
You may want to ignore posterior probabilities and other statistics related to the following branch branch because the effective number of genes impacting it is only 6:
	{11}
You may want to ignore posterior probabilities and other statistics related to the following branch branch because the effective number of genes impacting it is only 5:
	{17}
You may want to ignore posterior probabilities and other statistics related to the following branch branch because the effective number of genes impacting it is only 5:
	{16}
You may want to ignore posterior probabilities and other statistics related to the following branch branch because the effective number of genes impacting it is only 7:
	{21}
You may want to ignore posterior probabilities and other statistics related to the following branch branch because the effective number of genes impacting it is only 6:
	{19}
You may want to ignore posterior probabilities and other statistics related to the following branch branch because the effective number of genes impacting it is only 6:
	{13}
You may want to ignore posterior probabilities and other statistics related to the following branch branch because the effective number of genes impacting it is only 10:
	{23}
You may want to ignore posterior probabilities and other statistics related to the following branch branch because the effective number of genes impacting it is only 17:
	{13, 23}
You may want to ignore posterior probabilities and other statistics related to the following branch branch because the effective number of genes impacting it is only 2:
	{18}
You may want to ignore posterior probabilities and other statistics related to the following branch branch because the effective number of genes impacting it is only 4:
	{20}
You may want to ignore posterior probabilities and other statistics related to the following branch branch because the effective number of genes impacting it is only 9:
	{18, 20}
You may want to ignore posterior probabilities and other statistics related to the following branch branch because the effective number of genes impacting it is only 7:
	{10}
You may want to ignore posterior probabilities and other statistics related to the following branch branch because the effective number of genes impacting it is only 5:
	{3}
You may want to ignore posterior probabilities and other statistics related to the following branch branch because the effective number of genes impacting it is only 5:
	{1}
You may want to ignore posterior probabilities and other statistics related to the following branch branch because the effective number of genes impacting it is only 18:
	{10, 3, 1}
You may want to ignore posterior probabilities and other statistics related to the following branch branch because the effective number of genes impacting it is only 6:
	{6}
You may want to ignore posterior probabilities and other statistics related to the following branch branch because the effective number of genes impacting it is only 5:
	{9}
You may want to ignore posterior probabilities and other statistics related to the following branch branch because the effective number of genes impacting it is only 5:
	{8}
You may want to ignore posterior probabilities and other statistics related to the following branch branch because the effective number of genes impacting it is only 8:
	{2}
You may want to ignore posterior probabilities and other statistics related to the following branch branch because the effective number of genes impacting it is only 7:
	{4}
You may want to ignore posterior probabilities and other statistics related to the following branch branch because the effective number of genes impacting it is only 7:
	{5}
You may want to ignore posterior probabilities and other statistics related to the following branch branch because the effective number of genes impacting it is only 9:
	{7}
You may want to ignore posterior probabilities and other statistics related to the following branch branch because the effective number of genes impacting it is only 16:
	{7, 2, 6, 5, 9, 4, 8}
You may want to ignore posterior probabilities and other statistics related to the following branch branch because the effective number of genes impacting it is only 16:
	{10, 3, 7, 2, 6, 1, 5, 9, 4, 8}
You may want to ignore posterior probabilities and other statistics related to the following branch branch because the effective number of genes impacting it is only 13:
	{10, 18, 3, 7, 20, 2, 6, 1, 5, 9, 4, 8}
((14_3,14_2,14_1,14_5,14_4)0.25:0.0,((12_4,12_3,12_2,12_1)0.17:0.0,((25_3,25_2,25_1,25_4)0.15:0.0,((((24_4,24_3,24_2,24_1)0.13:0.0,(22_4,22_3,22_2,22_1)0.11:0.0)1:1.0641144675162102,((15_2,15_1,15_4,15_3)0.28:0.0,((11_4,11_3,11_2,11_1)0.18:0.0,((17_4,17_3,17_2,17_1)0.2:0.0,((16_1,16_5,16_4,16_3,16_2)0.12:0.0,((21_4,21_3,21_2,21_1)0.11:0.0,(19_5,19_4,19_3,19_2,19_1)0.2:0.0)0.82:0.21407274859655384)0.99:0.42074023817149436)0.34:0.0)0.84:0.2327299804545871)0.97:0.3645907348394713)0.83:0.2202038445753623,(((13_4,13_3,13_2,13_1,13_6,13_5)0.3:0.0,(23_4,23_3,23_2,23_1)0.29:0.0)1:0.7365429964675457,(((18_7,18_6,18_5,18_4,18_3,18_2,18_1,18_9,18_8)0.51:0.07061756721395318,(20_6,20_5,20_4,20_3,20_2,20_1)0.71:0.2764411412904122)0.41:0.013559001462353322,(((10_5,10_4,10_3,10_2,10_1)0.37:0.0,((3_1,3_2,3_3,3_4,3_5)0.13:0.0,(1_1,1_2,1_3,1_4,1_5)0.16:0.0)1:0.716964948665644)1:0.7375145738259907,((((6_1,6_2,6_3,6_4,6_5,6_6,6_7)0.32:0.0,(9_1,9_2,9_3,9_4,9_5)0.15:0.0)0.98:0.39785884552487594,((8_1,8_2,8_3,8_4,8_5)0.22:0.0,((2_1,2_2,2_3,2_4)0.2:0.0,(4_1,4_2,4_3)0.12:0.0)1:0.8740818644353794)0.43:0.029361048729497193)0.96:0.38456429040092377,((5_1,5_2,5_3,5_4)0.35:0.0,(7_1,7_2,7_3)0.18:0.0)1:0.9072735382239662)1:1.270140653726197)1:1.0209218058017484)0.97:0.5423311205828665)0.92:0.32286523589787675)1:1.0519459160084645)0.97:0.35985254758584656));
Weight calculation took 0.221381443 secs
ASTRAL finished in 6.03 secs
