
================== ASTRAL ===================== 

This is ASTRAL version 5.6.3
Gene trees are treated as unrooted
500 trees read from g_trees-raxml-sqlen-100-ngen-500-s2g.trees
All output trees will be *arbitrarily* rooted at 10

======== Running the main analysis
Number of taxa: 217 (25 species)
Taxa: {22=[22_6, 22_5, 22_4, 22_3, 22_2, 22_1, 22_9, 22_8, 22_7], 23=[23_5, 23_4, 23_3, 23_2, 23_1, 23_8, 23_7, 23_6], 24=[24_4, 24_3, 24_2, 24_1, 24_9, 24_8, 24_7, 24_6, 24_5], 25=[25_3, 25_2, 25_1, 25_9, 25_8, 25_7, 25_6, 25_5, 25_4], 10=[10_7, 10_6, 10_5, 10_4, 10_3, 10_2, 10_1, 10_9, 10_8, 10_12, 10_11, 10_10], 11=[11_6, 11_5, 11_4, 11_3, 11_2, 11_1, 11_8, 11_7], 12=[12_5, 12_4, 12_3, 12_2, 12_1, 12_9, 12_8, 12_7, 12_6], 13=[13_4, 13_3, 13_2, 13_1, 13_8, 13_7, 13_6, 13_5], 14=[14_3, 14_2, 14_1, 14_9, 14_8, 14_7, 14_6, 14_5, 14_4], 15=[15_2, 15_1, 15_8, 15_7, 15_6, 15_5, 15_4, 15_3], 16=[16_1, 16_9, 16_8, 16_7, 16_6, 16_5, 16_4, 16_3, 16_2], 17=[17_8, 17_7, 17_6, 17_5, 17_4, 17_3, 17_2, 17_1, 17_9], 18=[18_7, 18_6, 18_5, 18_4, 18_3, 18_2, 18_1, 18_9, 18_8], 19=[19_6, 19_5, 19_4, 19_3, 19_2, 19_1, 19_9, 19_8, 19_7], 1=[1_10, 1_1, 1_2, 1_3, 1_4, 1_5, 1_6, 1_7, 1_8, 1_9], 2=[2_1, 2_2, 2_3, 2_4, 2_5, 2_6, 2_7, 2_8], 3=[3_1, 3_2, 3_3, 3_4, 3_5, 3_6, 3_7, 3_8, 3_9], 4=[4_1, 4_2, 4_3, 4_4, 4_5, 4_6, 4_7, 4_8], 5=[5_1, 5_2, 5_3, 5_4, 5_5, 5_6, 5_7], 6=[6_1, 6_2, 6_3, 6_4, 6_5, 6_6, 6_7], 7=[7_1, 7_2, 7_3, 7_4, 7_5, 7_6, 7_7, 7_8, 7_9, 7_10], 8=[8_1, 8_2, 8_3, 8_4, 8_5, 8_6, 8_7], 9=[9_1, 9_2, 9_3, 9_4, 9_5, 9_6, 9_7, 9_8, 9_9], 20=[20_8, 20_7, 20_6, 20_5, 20_4, 20_3, 20_2, 20_1], 21=[21_7, 21_6, 21_5, 21_4, 21_3, 21_2, 21_1, 21_9, 21_8]}
Taxon occupancy: {10_7=5, 10_6=7, 10_5=18, 10_4=33, 10_3=63, 10_2=136, 10_1=291, 18_7=3, 18_6=9, 18_5=15, 18_4=28, 18_3=51, 18_2=112, 18_1=269, 10_9=1, 10_8=3, 21_7=5, 21_6=5, 21_5=13, 21_4=30, 21_3=57, 21_2=133, 21_1=297, 7_1=291, 7_2=133, 7_3=64, 7_4=31, 7_5=16, 7_6=6, 21_9=1, 7_7=3, 21_8=3, 7_8=2, 7_9=1, 18_9=1, 18_8=1, 17_8=1, 17_7=1, 17_6=8, 17_5=13, 17_4=28, 17_3=61, 17_2=130, 17_1=296, 20_8=1, 20_7=2, 20_6=3, 20_5=9, 20_4=27, 20_3=55, 20_2=142, 20_1=280, 6_1=290, 6_2=134, 6_3=68, 6_4=35, 6_5=16, 6_6=8, 6_7=4, 17_9=1, 16_1=300, 16_9=2, 10_12=1, 16_8=2, 10_11=1, 16_7=4, 16_6=5, 16_5=12, 16_4=30, 16_3=61, 16_2=128, 5_1=289, 5_2=143, 5_3=64, 5_4=34, 5_5=13, 5_6=6, 5_7=3, 15_2=134, 15_1=295, 15_8=1, 15_7=4, 15_6=5, 15_5=14, 15_4=30, 15_3=68, 4_1=286, 4_2=142, 4_3=66, 4_4=32, 4_5=10, 4_6=4, 4_7=1, 4_8=1, 10_10=1, 1_10=1, 14_3=58, 14_2=123, 14_1=280, 14_9=2, 14_8=2, 14_7=7, 14_6=9, 14_5=15, 14_4=25, 25_3=65, 25_2=126, 25_1=275, 3_1=294, 3_2=142, 3_3=70, 3_4=35, 3_5=16, 3_6=10, 25_9=1, 3_7=6, 25_8=2, 25_7=5, 3_8=2, 25_6=7, 3_9=1, 25_5=10, 25_4=26, 7_10=1, 13_4=41, 13_3=66, 13_2=128, 13_1=287, 13_8=2, 13_7=4, 13_6=7, 13_5=18, 24_4=21, 24_3=61, 24_2=134, 24_1=292, 2_1=292, 2_2=144, 2_3=65, 2_4=31, 2_5=11, 2_6=6, 2_7=2, 2_8=1, 24_9=1, 24_8=2, 24_7=3, 24_6=6, 24_5=11, 12_5=16, 12_4=27, 12_3=61, 12_2=128, 12_1=288, 12_9=1, 12_8=2, 12_7=2, 12_6=9, 23_5=12, 23_4=29, 23_3=66, 1_1=295, 23_2=140, 23_1=294, 1_2=146, 1_3=79, 1_4=35, 1_5=15, 1_6=6, 1_7=4, 1_8=2, 9_1=290, 1_9=1, 9_2=138, 9_3=56, 23_8=4, 9_4=23, 23_7=6, 9_5=9, 23_6=7, 9_6=4, 9_7=3, 9_8=1, 9_9=1, 11_6=5, 11_5=9, 11_4=25, 11_3=63, 11_2=139, 11_1=299, 19_6=5, 19_5=15, 19_4=29, 19_3=64, 19_2=133, 19_1=300, 11_8=3, 11_7=5, 22_6=5, 22_5=12, 22_4=20, 22_3=63, 22_2=134, 22_1=294, 8_1=286, 8_2=146, 8_3=58, 8_4=28, 22_9=1, 8_5=13, 22_8=2, 8_6=5, 22_7=3, 8_7=2, 19_9=1, 19_8=2, 19_7=5}
Number of gene trees: 500
500 trees have missing taxa
Calculating quartet distance matrix (for completion of X)
Species tree distances calculated ...
Will attempt to complete bipartitions from X before adding using a distance matrix.
Building set of clusters (X) from gene trees 
In second round sampling 5 rounds will be done
------------------------------
gradient0: 719
------------------------------
gradient1: 698
------------------------------
gradient2: 320
------------------------------
gradient3: 258
------------------------------
gradient4: 270
Number of Clusters after addition by distance: 2265
calculating extra bipartitions to be added at level 1 ...
Adding to X using resolutions of greedy consensus ...
Limit for sigma of degrees:675
polytomy size limit : 4
discarded polytomies:  [3, 3, 3, 3, 3, 3, 4]
Threshold 0.0:
polytomy of size 3; rounds with additions with at least 5 support: 0; clusters: 2265
Threshold 0.01:
polytomy of size 3; rounds with additions with at least 5 support: 0; clusters: 2265
Threshold 0.02:
polytomy of size 3; rounds with additions with at least 5 support: 0; clusters: 2265
Threshold 0.05:
polytomy of size 3; rounds with additions with at least 5 support: 0; clusters: 2265
Threshold 0.1:
polytomy of size 3; rounds with additions with at least 5 support: 0; clusters: 2265
Threshold 0.2:
polytomy of size 3; rounds with additions with at least 5 support: 0; clusters: 2265
Threshold 0.3333333333333333:
polytomy of size 4; rounds with additions with at least 5 support: 0; clusters: 2265
max k is :0
Number of Clusters after addition by greedy: 2265
gradient0 in heuristiic: 2265
calculating extra bipartitions to be added at level 1 ...
Adding to X using resolutions of greedy consensus ...
Limit for sigma of degrees:675
polytomy size limit : 4
discarded polytomies:  [3, 3, 3, 3, 3, 4]
Threshold 0.0:
Threshold 0.01:
polytomy of size 3; rounds with additions with at least 5 support: 0; clusters: 2265
Threshold 0.02:
polytomy of size 3; rounds with additions with at least 5 support: 0; clusters: 2265
Threshold 0.05:
polytomy of size 3; rounds with additions with at least 5 support: 0; clusters: 2265
Threshold 0.1:
polytomy of size 3; rounds with additions with at least 5 support: 0; clusters: 2265
Threshold 0.2:
polytomy of size 3; rounds with additions with at least 5 support: 0; clusters: 2265
Threshold 0.3333333333333333:
polytomy of size 4; rounds with additions with at least 5 support: 0; clusters: 2265
max k is :0
Number of Clusters after addition by greedy: 2265
gradient1 in heuristiic: 0
calculating extra bipartitions to be added at level 1 ...
Adding to X using resolutions of greedy consensus ...
Limit for sigma of degrees:675
polytomy size limit : 5
discarded polytomies:  [4, 4, 5, 5, 5, 5]
Threshold 0.0:
Threshold 0.01:
polytomy of size 4; rounds with additions with at least 5 support: 0; clusters: 2269
Threshold 0.02:
polytomy of size 4; rounds with additions with at least 5 support: 0; clusters: 2269
Threshold 0.05:
polytomy of size 5; rounds with additions with at least 5 support: 1; clusters: 2273
Threshold 0.1:
polytomy of size 5; rounds with additions with at least 5 support: 0; clusters: 2273
Threshold 0.2:
polytomy of size 5; rounds with additions with at least 5 support: 0; clusters: 2273
Threshold 0.3333333333333333:
polytomy of size 5; rounds with additions with at least 5 support: 0; clusters: 2273
max k is :2
Number of Clusters after addition by greedy: 2273
gradient2 in heuristiic: 8
calculating extra bipartitions to be added at level 1 ...
Adding to X using resolutions of greedy consensus ...
Limit for sigma of degrees:675
polytomy size limit : 5
discarded polytomies:  [3, 3, 3, 3, 5]
Threshold 0.0:
Threshold 0.01:
Threshold 0.02:
polytomy of size 3; rounds with additions with at least 5 support: 0; clusters: 2273
Threshold 0.05:
polytomy of size 3; rounds with additions with at least 5 support: 0; clusters: 2273
Threshold 0.1:
polytomy of size 3; rounds with additions with at least 5 support: 0; clusters: 2273
Threshold 0.2:
polytomy of size 3; rounds with additions with at least 5 support: 0; clusters: 2273
Threshold 0.3333333333333333:
polytomy of size 5; rounds with additions with at least 5 support: 0; clusters: 2273
max k is :0
Number of Clusters after addition by greedy: 2273
gradient3 in heuristiic: 0
calculating extra bipartitions to be added at level 1 ...
Adding to X using resolutions of greedy consensus ...
Limit for sigma of degrees:675
polytomy size limit : 3
discarded polytomies:  [3, 3, 3, 3, 3, 3]
Threshold 0.0:
Threshold 0.01:
polytomy of size 3; rounds with additions with at least 5 support: 0; clusters: 2273
Threshold 0.02:
polytomy of size 3; rounds with additions with at least 5 support: 0; clusters: 2273
Threshold 0.05:
polytomy of size 3; rounds with additions with at least 5 support: 0; clusters: 2273
Threshold 0.1:
polytomy of size 3; rounds with additions with at least 5 support: 0; clusters: 2273
Threshold 0.2:
polytomy of size 3; rounds with additions with at least 5 support: 0; clusters: 2273
Threshold 0.3333333333333333:
polytomy of size 3; rounds with additions with at least 5 support: 0; clusters: 2273
max k is :0
Number of Clusters after addition by greedy: 2273
gradient4 in heuristiic: 0
partitions formed in 83.722 secs
Dynamic Programming starting after 83.722 secs
Using tree-based weight calculation.
Using polytree-based weight calculation.
Polytree max score: 56683497
Polytree building time: 0.053 seconds.
Number of quartet trees in the gene trees: 56107384
Size of largest cluster: 217
Greedy score: 25738256
estimationFactor: 2.202305276627911
Sub-optimal score: 27486029
Total Number of elements weighted: 14215
Normalized score (portion of input quartet trees satisfied before correcting for multiple individuals): 0.4935826628452326
Optimization score: 27693632
Optimal tree inferred in 90.01 secs.
(8,((4,2),((6,9),((7,5),((10,(1,3)),(18,(20,((13,23),((25,(14,12)),((24,22),(15,(11,(17,(16,(21,19)))))))))))))));
Final quartet score is: 30915418
Final normalized quartet score is: 0.5510044453328995
((10_7,10_6,10_5,10_4,10_3,10_2,10_1,10_9,10_8,10_12,10_11,10_10)0.72:0.13383709892954948,(((1_10,1_1,1_2,1_3,1_4,1_5,1_6,1_7,1_8,1_9)0.04:0.0,(3_1,3_2,3_3,3_4,3_5,3_6,3_7,3_8,3_9)0.04:0.0)1:0.9758566698561906,(((18_7,18_6,18_5,18_4,18_3,18_2,18_1,18_9,18_8)1:0.6606832349378007,((20_8,20_7,20_6,20_5,20_4,20_3,20_2,20_1)1:0.8788202814082212,(((13_4,13_3,13_2,13_1,13_8,13_7,13_6,13_5)0.52:0.052060831620281266,(23_5,23_4,23_3,23_2,23_1,23_8,23_7,23_6)0.38:0.006482246573295869)1:0.8482988131502147,(((25_3,25_2,25_1,25_9,25_8,25_7,25_6,25_5,25_4)0.09:0.0,((14_3,14_2,14_1,14_9,14_8,14_7,14_6,14_5,14_4)0.05:0.0,(12_5,12_4,12_3,12_2,12_1,12_9,12_8,12_7,12_6)0.06:0.0)1:0.3734974255688433)1:1.052610788886779,(((24_4,24_3,24_2,24_1,24_9,24_8,24_7,24_6,24_5)0.03:0.0,(22_6,22_5,22_4,22_3,22_2,22_1,22_9,22_8,22_7)0.03:0.0)1:0.9818328863770001,((15_2,15_1,15_8,15_7,15_6,15_5,15_4,15_3)0.07:0.0,((11_6,11_5,11_4,11_3,11_2,11_1,11_8,11_7)0.06:0.0,((17_8,17_7,17_6,17_5,17_4,17_3,17_2,17_1,17_9)0.04:0.0,((16_1,16_9,16_8,16_7,16_6,16_5,16_4,16_3,16_2)0.03:0.0,((21_7,21_6,21_5,21_4,21_3,21_2,21_1,21_9,21_8)0.03:0.0,(19_6,19_5,19_4,19_3,19_2,19_1,19_9,19_8,19_7)0.03:0.0)0.99:0.12693824787908486)1:0.5137165324495658)1:0.35716438487942015)1:0.2272677877357176)1:0.5855545383876924)1:0.7027726610619054)1:0.5184232230876485)1:0.6916049129924144)0.91:0.14190883402565493)1:1.659268542953972,(((7_1,7_2,7_3,7_4,7_5,7_6,7_7,7_8,7_9,7_10)0.1:0.0,(5_1,5_2,5_3,5_4,5_5,5_6,5_7)0.11:0.0)1:1.0587129282035543,(((6_1,6_2,6_3,6_4,6_5,6_6,6_7)0.06:0.0,(9_1,9_2,9_3,9_4,9_5,9_6,9_7,9_8,9_9)0.07:0.0)1:0.8458580820819559,(((4_1,4_2,4_3,4_4,4_5,4_6,4_7,4_8)0.06:0.0,(2_1,2_2,2_3,2_4,2_5,2_6,2_7,2_8)0.05:0.0)1:0.7990310059257419,(8_1,8_2,8_3,8_4,8_5,8_6,8_7)0.28:0.0)0.98:0.11477422248203967)1:0.7855509700910062)1:0.3977711261565868)1:0.8409008399501009));
Weight calculation took 7.322180039 secs
ASTRAL finished in 91.601 secs
