
================== ASTRAL ===================== 

This is ASTRAL version 5.6.3
Gene trees are treated as unrooted
27 trees read from g_trees-raxml-sqlen-25-ngen-25.trees.tree
All output trees will be *arbitrarily* rooted at 2

======== Running the main analysis
Number of taxa: 25 (25 species)
Taxa: [2, 4, 8, 6, 9, 10, 1, 3, 25, 12, 14, 19, 17, 16, 11, 22, 24, 15, 5, 7, 23, 21, 20, 13, 18]
Taxon occupancy: {22=21, 23=9, 24=21, 25=21, 10=12, 11=25, 12=21, 13=5, 14=18, 15=24, 16=25, 17=25, 18=8, 19=25, 1=16, 2=14, 3=17, 4=13, 5=17, 6=11, 7=13, 8=8, 9=9, 20=16, 21=24}
Number of gene trees: 27
27 trees have missing taxa
Calculating quartet distance matrix (for completion of X)
Species tree distances calculated ...
Will attempt to complete bipartitions from X before adding using a distance matrix.
Building set of clusters (X) from gene trees 
------------------------------
gradient0: 225
Number of Clusters after addition by distance: 225
calculating extra bipartitions to be added at level 1 ...
Adding to X using resolutions of greedy consensus ...
Limit for sigma of degrees:675
polytomy size limit : 4
discarded polytomies:  [3, 4]
Threshold 0.0:
Threshold 0.01:
Threshold 0.02:
Threshold 0.05:
Threshold 0.1:
Threshold 0.2:
Threshold 0.3333333333333333:
polytomy of size 4; rounds with additions with at least 5 support: 0; clusters: 227
polytomy of size 3; rounds with additions with at least 5 support: 0; clusters: 227
max k is :0
Number of Clusters after addition by greedy: 227
gradient0 in heuristiic: 227
partitions formed in 0.124 secs
Dynamic Programming starting after 0.124 secs
Using tree-based weight calculation.
Using polytree-based weight calculation.
Polytree max score: 51587
Polytree building time: 0.008 seconds.
Number of quartet trees in the gene trees: 51587
Size of largest cluster: 25
Greedy score: 37172
estimationFactor: 1.387791886366082
Sub-optimal score: 40685
Total Number of elements weighted: 297
Normalized score (portion of input quartet trees satisfied before correcting for multiple individuals): 0.794037257448582
Optimization score: 40962
Optimal tree inferred in 0.178 secs.
(9,(6,(((5,7),(8,(2,4))),((10,(1,3)),((20,18),((22,24),(((23,13),(12,(25,14))),((11,15),(17,(16,(19,21)))))))))));
Final quartet score is: 40962
Final normalized quartet score is: 0.794037257448582
You may want to ignore posterior probabilities and other statistics related to the following branch branch because the effective number of genes impacting it is only 12:
	{5, 7}
You may want to ignore posterior probabilities and other statistics related to the following branch branch because the effective number of genes impacting it is only 10:
	{1, 3}
You may want to ignore posterior probabilities and other statistics related to the following branch branch because the effective number of genes impacting it is only 8:
	{10, 1, 3}
You may want to ignore posterior probabilities and other statistics related to the following branch branch because the effective number of genes impacting it is only 8:
	{20, 18}
You may want to ignore posterior probabilities and other statistics related to the following branch branch because the effective number of genes impacting it is only 2:
	{23, 13}
You may want to ignore posterior probabilities and other statistics related to the following branch branch because the effective number of genes impacting it is only 17:
	{25, 14}
You may want to ignore posterior probabilities and other statistics related to the following branch branch because the effective number of genes impacting it is only 9:
	{25, 12, 14}
You may want to ignore posterior probabilities and other statistics related to the following branch branch because the effective number of genes impacting it is only 10:
	{25, 12, 14, 23, 13}
You may want to ignore posterior probabilities and other statistics related to the following branch branch because the effective number of genes impacting it is only 17:
	{25, 12, 14, 19, 17, 16, 11, 15, 23, 21, 13}
You may want to ignore posterior probabilities and other statistics related to the following branch branch because the effective number of genes impacting it is only 14:
	{25, 12, 14, 19, 17, 16, 11, 22, 24, 15, 23, 21, 13}
You may want to ignore posterior probabilities and other statistics related to the following branch branch because the effective number of genes impacting it is only 11:
	{25, 12, 14, 19, 17, 16, 11, 22, 24, 15, 23, 21, 20, 13, 18}
You may want to ignore posterior probabilities and other statistics related to the following branch branch because the effective number of genes impacting it is only 9:
	{10, 1, 3, 25, 12, 14, 19, 17, 16, 11, 22, 24, 15, 23, 21, 20, 13, 18}
You may want to ignore posterior probabilities and other statistics related to the following branch branch because the effective number of genes impacting it is only 9:
	{6, 9}
You may want to ignore posterior probabilities and other statistics related to the following branch branch because the effective number of genes impacting it is only 7:
	{6, 9, 10, 1, 3, 25, 12, 14, 19, 17, 16, 11, 22, 24, 15, 23, 21, 20, 13, 18}
You may want to ignore posterior probabilities and other statistics related to the following branch branch because the effective number of genes impacting it is only 3:
	{6, 9, 10, 1, 3, 25, 12, 14, 19, 17, 16, 11, 22, 24, 15, 5, 7, 23, 21, 20, 13, 18}
You may want to ignore posterior probabilities and other statistics related to the following branch branch because the effective number of genes impacting it is only 5:
	{8, 6, 9, 10, 1, 3, 25, 12, 14, 19, 17, 16, 11, 22, 24, 15, 5, 7, 23, 21, 20, 13, 18}
(2,(4,(8,((5,7)1:1.4039315026059973,(((10,(1,3)1:1.9924301646902058)0.99:0.904456274227152,((20,18)1:1.7917594692280545,((22,24)1:0.9671491491076465,(((23,13)0.87:0.6931471805599453,(12,(25,14)0.98:0.5389965007326871)1:1.0199691613489965)0.46:0.04652001563489282,((11,15)0.45:0.03474502969811997,(17,(16,(19,21)0.98:0.4348147014661826)0.96:0.36482719646418815)0.89:0.2658731607024826)1:0.6345402242897479)0.62:0.14077255388108215)0.48:0.2231435513142097)0.91:0.4700036292457356)1:1.309333319983762,(6,9)0.59:0.22314355131420957)0.67:0.2876820724517809)0.89:0.6818476253060121)0.99:1.3862943611198908));
Weight calculation took 0.019339001 secs
ASTRAL finished in 0.252 secs
