
================== ASTRAL ===================== 

This is ASTRAL version 5.6.3
Gene trees are treated as unrooted
1420 trees read from g_trees-raxml-sqlen-0-ngen-500.trees.tree
All output trees will be *arbitrarily* rooted at 20

======== Running the main analysis
Number of taxa: 25 (25 species)
Taxa: [20, 14, 12, 25, 15, 11, 19, 21, 16, 17, 22, 24, 18, 23, 13, 1, 3, 10, 6, 9, 4, 2, 8, 7, 5]
Taxon occupancy: {22=1180, 23=1019, 24=1192, 25=1128, 10=805, 11=1217, 12=1092, 13=1031, 14=1111, 15=1212, 16=1215, 17=1200, 18=719, 19=1242, 1=911, 2=990, 3=916, 4=918, 5=961, 6=924, 7=914, 8=988, 9=969, 20=913, 21=1220}
Number of gene trees: 1420
1401 trees have missing taxa
Calculating quartet distance matrix (for completion of X)
Species tree distances calculated ...
Will attempt to complete bipartitions from X before adding using a distance matrix.
Building set of clusters (X) from gene trees 
------------------------------
gradient0: 135
Number of Clusters after addition by distance: 135
calculating extra bipartitions to be added at level 1 ...
Adding to X using resolutions of greedy consensus ...
Limit for sigma of degrees:675
polytomy size limit : 3
discarded polytomies:  []
Threshold 0.0:
Threshold 0.01:
Threshold 0.02:
Threshold 0.05:
Threshold 0.1:
Threshold 0.2:
Threshold 0.3333333333333333:
max k is :0
Number of Clusters after addition by greedy: 135
gradient0 in heuristiic: 135
partitions formed in 0.571 secs
Dynamic Programming starting after 0.571 secs
Using tree-based weight calculation.
Using polytree-based weight calculation.
Polytree max score: 5643692
Polytree building time: 0.107 seconds.
Number of quartet trees in the gene trees: 5643692
Size of largest cluster: 25
Greedy score: 5624523
estimationFactor: 1.0034081112300546
Sub-optimal score: 5624523
Total Number of elements weighted: 117
Normalized score (portion of input quartet trees satisfied before correcting for multiple individuals): 0.996603464540588
Optimization score: 5624523
Optimal tree inferred in 0.849 secs.
(4,(2,(8,((6,9),((7,5),((10,(1,3)),(18,(20,((23,13),((25,(14,12)),((22,24),(15,(11,(17,(16,(19,21))))))))))))))));
Final quartet score is: 5624523
Final normalized quartet score is: 0.996603464540588
(20,(((23,13)1:5.175521789068097,((25,(14,12)1:6.502290170873972)1:5.455321115357718,((22,24)1:6.615618856180979,(15,(11,(17,(16,(19,21)1:6.659293919683641)1:6.637694807880224)1:6.607550681531431)1:6.588467867115055)1:6.56055907899789)1:6.482087463556441)1:2.7644254116006195)1:5.513428746164983,(18,((10,(1,3)1:6.060679616129466)1:6.014529820038978,((7,5)1:4.617098756853365,((6,9)1:6.329126551864749,(8,(2,4)1:6.2538288115754765)1:4.706522680248385)1:5.087596335232361)1:2.604271213529842)1:5.7990926544605195)1:2.6330871626287538));
Weight calculation took 0.121491756 secs
ASTRAL finished in 1.274 secs
