
================== ASTRAL ===================== 

This is ASTRAL version 5.6.3
Gene trees are treated as unrooted
151 trees read from g_trees-raxml-sqlen-100-ngen-50.trees.tree
All output trees will be *arbitrarily* rooted at 3

======== Running the main analysis
Number of taxa: 25 (25 species)
Taxa: [3, 1, 10, 8, 2, 4, 9, 6, 24, 22, 15, 13, 12, 14, 25, 11, 21, 16, 19, 17, 23, 18, 7, 5, 20]
Taxon occupancy: {22=98, 23=97, 24=105, 25=77, 10=113, 11=132, 12=85, 13=107, 14=86, 15=121, 16=123, 17=98, 18=70, 19=124, 1=85, 2=95, 3=91, 4=96, 5=77, 6=103, 7=85, 8=71, 9=105, 20=76, 21=120}
Number of gene trees: 151
151 trees have missing taxa
Calculating quartet distance matrix (for completion of X)
Species tree distances calculated ...
Will attempt to complete bipartitions from X before adding using a distance matrix.
Building set of clusters (X) from gene trees 
------------------------------
gradient0: 261
Number of Clusters after addition by distance: 261
calculating extra bipartitions to be added at level 1 ...
Adding to X using resolutions of greedy consensus ...
Limit for sigma of degrees:675
polytomy size limit : 3
discarded polytomies:  []
Threshold 0.0:
Threshold 0.01:
Threshold 0.02:
Threshold 0.05:
Threshold 0.1:
Threshold 0.2:
Threshold 0.3333333333333333:
max k is :0
Number of Clusters after addition by greedy: 261
gradient0 in heuristiic: 261
partitions formed in 0.196 secs
Dynamic Programming starting after 0.196 secs
Using tree-based weight calculation.
Using polytree-based weight calculation.
Polytree max score: 341723
Polytree building time: 0.019 seconds.
Number of quartet trees in the gene trees: 341723
Size of largest cluster: 25
Greedy score: 317043
estimationFactor: 1.077844330264349
Sub-optimal score: 317043
Total Number of elements weighted: 300
Normalized score (portion of input quartet trees satisfied before correcting for multiple individuals): 0.9322726301712205
Optimization score: 318579
Optimal tree inferred in 0.307 secs.
(2,(4,((9,6),(8,((7,5),((10,(3,1)),(18,(20,((13,23),((25,(12,14)),((24,22),(15,(11,(17,(16,(21,19))))))))))))))));
Final quartet score is: 318579
Final normalized quartet score is: 0.9322726301712205
(3,(1,(10,((18,(20,((13,23)1:1.8516576108091243,((25,(12,14)1:1.144074662744867)1:2.7006152226146916,((24,22)1:2.708050201102211,(15,(11,(17,(16,(21,19)1:0.5181204518767984)1:0.6838864109225525)1:1.0341173687558591)0.69:0.24470763419672467)1:0.49032296143947346)1:1.2580400255962116)1:0.6931471805599453)1:2.6661592593930514)0.02:0.03636764417087495)1:2.864396271492902,((7,5)1:3.654977902438253,(8,((9,6)1:3.938340313745519,(4,2)1:4.037186148382156)1:1.220779922642318)1:2.056452023455138)1:2.093234863812172)1:1.5260563034950494)1:2.8134107167600355));
Weight calculation took 0.048169195 secs
ASTRAL finished in 0.593 secs
