
================== ASTRAL ===================== 

This is ASTRAL version 5.6.3
Gene trees are treated as unrooted
69 trees read from g_trees-raxml-sqlen-50-ngen-25.trees.tree
All output trees will be *arbitrarily* rooted at 3

======== Running the main analysis
Number of taxa: 25 (25 species)
Taxa: [3, 1, 10, 8, 9, 4, 2, 6, 13, 14, 25, 12, 22, 24, 15, 21, 19, 16, 11, 17, 23, 18, 7, 5, 20]
Taxon occupancy: {22=59, 23=39, 24=58, 25=53, 10=47, 11=58, 12=49, 13=43, 14=49, 15=59, 16=57, 17=51, 18=22, 19=54, 1=52, 2=42, 3=58, 4=40, 5=22, 6=38, 7=10, 8=37, 9=36, 20=31, 21=56}
Number of gene trees: 69
69 trees have missing taxa
Calculating quartet distance matrix (for completion of X)
Species tree distances calculated ...
Will attempt to complete bipartitions from X before adding using a distance matrix.
Building set of clusters (X) from gene trees 
------------------------------
gradient0: 255
Number of Clusters after addition by distance: 255
calculating extra bipartitions to be added at level 1 ...
Adding to X using resolutions of greedy consensus ...
Limit for sigma of degrees:675
polytomy size limit : 3
discarded polytomies:  []
Threshold 0.0:
Threshold 0.01:
Threshold 0.02:
Threshold 0.05:
Threshold 0.1:
Threshold 0.2:
Threshold 0.3333333333333333:
max k is :0
Number of Clusters after addition by greedy: 255
gradient0 in heuristiic: 255
partitions formed in 0.155 secs
Dynamic Programming starting after 0.155 secs
Using tree-based weight calculation.
Using polytree-based weight calculation.
Polytree max score: 154126
Polytree building time: 0.013 seconds.
Number of quartet trees in the gene trees: 154126
Size of largest cluster: 25
Greedy score: 135424
estimationFactor: 1.1380995982986768
Sub-optimal score: 135424
Total Number of elements weighted: 308
Normalized score (portion of input quartet trees satisfied before correcting for multiple individuals): 0.8858596213487666
Optimization score: 136534
Optimal tree inferred in 0.239 secs.
(9,((4,2),(6,((7,5),((8,(10,(3,1))),((18,20),(((13,23),(12,(14,25))),((22,24),(15,(11,(17,(21,(19,16)))))))))))));
Final quartet score is: 136534
Final normalized quartet score is: 0.8858596213487666
You may want to ignore posterior probabilities and other statistics related to the following branch branch because the effective number of genes impacting it is only 17:
	{18, 20}
You may want to ignore posterior probabilities and other statistics related to the following branch branch because the effective number of genes impacting it is only 8:
	{7, 5}
You may want to ignore posterior probabilities and other statistics related to the following branch branch because the effective number of genes impacting it is only 6:
	{9, 4, 2, 6}
You may want to ignore posterior probabilities and other statistics related to the following branch branch because the effective number of genes impacting it is only 6:
	{9, 4, 2, 6, 7, 5}
(3,(1,(10,(8,(((18,20)1:0.8754687373538999,(((13,23)1:2.8134107167600355,(12,(14,25)0.89:0.2170645052378275)1:2.0902524577840516)1:0.45020100194955576,((22,24)1:2.890371757896163,(15,(11,(17,(21,(19,16)0.56:0.09681649123676755)1:0.9765624161156651)0.92:0.21966346559600206)1:0.7679231107907366)1:1.6518707761080662)1:0.6153046937960107)1:0.6623755218931916)1:2.5398363118189353,((7,5)1:1.7917594692280545,(6,((4,2)1:3.149882953381249,9)1:0.5849335959197125)0.99:1.0144322972225046)0.54:0.13353139262452263)0.99:0.4595323293784402)1:3.0602707946915624)1:3.3081069585961425));
Weight calculation took 0.030731655 secs
ASTRAL finished in 0.827 secs
