
================== ASTRAL ===================== 

This is ASTRAL version 5.6.3
Gene trees are treated as unrooted
219 trees read from g_trees-raxml-sqlen-25-ngen-100.trees.tree
All output trees will be *arbitrarily* rooted at 2

======== Running the main analysis
Number of taxa: 25 (25 species)
Taxa: [2, 4, 8, 6, 9, 10, 1, 3, 25, 12, 14, 19, 17, 16, 11, 22, 24, 15, 5, 7, 23, 21, 20, 13, 18]
Taxon occupancy: {22=167, 23=122, 24=184, 25=142, 10=113, 11=171, 12=144, 13=126, 14=145, 15=132, 16=192, 17=169, 18=99, 19=194, 1=95, 2=140, 3=94, 4=138, 5=112, 6=111, 7=114, 8=108, 9=129, 20=144, 21=195}
Number of gene trees: 219
219 trees have missing taxa
Calculating quartet distance matrix (for completion of X)
Species tree distances calculated ...
Will attempt to complete bipartitions from X before adding using a distance matrix.
Building set of clusters (X) from gene trees 
------------------------------
gradient0: 669
Number of Clusters after addition by distance: 669
calculating extra bipartitions to be added at level 1 ...
Adding to X using resolutions of greedy consensus ...
Limit for sigma of degrees:675
polytomy size limit : 5
discarded polytomies:  [3, 5, 5]
Threshold 0.0:
Threshold 0.01:
Threshold 0.02:
Threshold 0.05:
Threshold 0.1:
Threshold 0.2:
polytomy of size 3; rounds with additions with at least 5 support: 0; clusters: 669
Threshold 0.3333333333333333:
polytomy of size 5; rounds with additions with at least 5 support: 0; clusters: 669
polytomy of size 5; rounds with additions with at least 5 support: 0; clusters: 669
max k is :0
Number of Clusters after addition by greedy: 669
gradient0 in heuristiic: 669
partitions formed in 0.465 secs
Dynamic Programming starting after 0.465 secs
Using tree-based weight calculation.
Using polytree-based weight calculation.
Polytree max score: 463805
Polytree building time: 0.032 seconds.
Number of quartet trees in the gene trees: 463805
Size of largest cluster: 25
Greedy score: 336227
estimationFactor: 1.3794400806597924
Sub-optimal score: 352537
Total Number of elements weighted: 1554
Normalized score (portion of input quartet trees satisfied before correcting for multiple individuals): 0.7834628777180065
Optimization score: 363374
Optimal tree inferred in 0.814 secs.
(23,(13,(((25,(12,14)),((22,24),((15,(17,11)),(21,(19,16))))),(18,(20,((10,(1,3)),((5,7),((2,4),(8,(6,9))))))))));
Final quartet score is: 363374
Final normalized quartet score is: 0.7834628777180065
(2,(4,((8,(6,9)1:1.485024247005741)0.98:0.2323315834227176,((5,7)1:0.5266115618700297,((10,(1,3)1:2.4037512011165374)1:1.7669726902455993,(20,(18,(((25,(12,14)1:0.46833359251743223)1:1.1440911797945914,((22,24)1:1.5740628241759793,((15,(17,11)0.99:0.22274246600306905)0.27:0.034579245808453896,(21,(19,16)0.98:0.14355350508445253)1:0.24361236443313714)1:0.45321804228882995)0.58:0.13127599367634532)1:0.9083293109789891,(13,23)1:0.49758741084373215)1:1.4010491441853608)1:0.6315892875605117)1:0.5234009390759329)1:0.3102241185965325)1:0.5206538078237054)1:1.1807315486330707));
Weight calculation took 0.266970541 secs
ASTRAL finished in 0.986 secs
