
================== ASTRAL ===================== 

This is ASTRAL version 5.6.3
Gene trees are treated as unrooted
58 trees read from g_trees-raxml-sqlen-250-ngen-25.trees.tree
All output trees will be *arbitrarily* rooted at 13

======== Running the main analysis
Number of taxa: 25 (25 species)
Taxa: [13, 8, 4, 2, 9, 6, 10, 1, 3, 25, 14, 12, 24, 22, 11, 17, 16, 19, 15, 23, 21, 18, 5, 7, 20]
Taxon occupancy: {22=47, 23=46, 24=45, 25=56, 10=43, 11=47, 12=55, 13=20, 14=54, 15=45, 16=41, 17=42, 18=15, 19=41, 1=44, 2=30, 3=48, 4=25, 5=30, 6=28, 7=27, 8=29, 9=26, 20=21, 21=39}
Number of gene trees: 58
58 trees have missing taxa
Calculating quartet distance matrix (for completion of X)
Species tree distances calculated ...
Will attempt to complete bipartitions from X before adding using a distance matrix.
Building set of clusters (X) from gene trees 
------------------------------
gradient0: 169
Number of Clusters after addition by distance: 169
calculating extra bipartitions to be added at level 1 ...
Adding to X using resolutions of greedy consensus ...
Limit for sigma of degrees:675
polytomy size limit : 3
discarded polytomies:  []
Threshold 0.0:
Threshold 0.01:
Threshold 0.02:
Threshold 0.05:
Threshold 0.1:
Threshold 0.2:
Threshold 0.3333333333333333:
max k is :0
Number of Clusters after addition by greedy: 169
gradient0 in heuristiic: 169
partitions formed in 0.121 secs
Dynamic Programming starting after 0.121 secs
Using tree-based weight calculation.
Using polytree-based weight calculation.
Polytree max score: 136960
Polytree building time: 0.014 seconds.
Number of quartet trees in the gene trees: 136960
Size of largest cluster: 25
Greedy score: 130797
estimationFactor: 1.0471188177098862
Sub-optimal score: 131943
Total Number of elements weighted: 151
Normalized score (portion of input quartet trees satisfied before correcting for multiple individuals): 0.96336886682243
Optimization score: 131943
Optimal tree inferred in 0.198 secs.
(9,(6,((8,(4,2)),((5,7),((10,(1,3)),((18,20),((13,23),((25,(14,12)),((24,22),(15,(11,(17,(16,(19,21))))))))))))));
Final quartet score is: 131943
Final normalized quartet score is: 0.96336886682243
You may want to ignore posterior probabilities and other statistics related to the following branch branch because the effective number of genes impacting it is only 10:
	{18, 20}
You may want to ignore posterior probabilities and other statistics related to the following branch branch because the effective number of genes impacting it is only 14:
	{8, 4, 2, 9, 6, 10, 1, 3, 5, 7}
You may want to ignore posterior probabilities and other statistics related to the following branch branch because the effective number of genes impacting it is only 10:
	{8, 4, 2, 9, 6, 10, 1, 3, 18, 5, 7, 20}
You may want to ignore posterior probabilities and other statistics related to the following branch branch because the effective number of genes impacting it is only 16:
	{8, 4, 2, 9, 6, 10, 1, 3, 25, 14, 12, 24, 22, 11, 17, 16, 19, 15, 21, 18, 5, 7, 20}
(13,(23,(((25,(14,12)1:1.3862943611198908)1:2.92673940206704,((24,22)1:3.332204510175203,(15,(11,(17,(16,(19,21)1:0.7793451567269136)1:1.2187058464863838)1:1.19570175192403)1:1.8191584434161694)1:2.022283127839887)1:1.299282984130261)1:2.2801122371419864,((18,20)0.99:0.8938178760220965,((10,(1,3)1:1.8971199848858815)1:1.6739764335716716,((5,7)1:2.8526314299133184,((8,(4,2)1:2.6390573296152575)0.9:0.3746934494414107,(6,9)1:2.890371757896163)1:1.252762968495368)1:2.0794415416798353)1:2.302585092994046)1:1.9924301646902058)1:2.4277482359480516));
Weight calculation took 0.033105862 secs
ASTRAL finished in 0.294 secs
