
================== ASTRAL ===================== 

This is ASTRAL version 5.6.3
Gene trees are treated as unrooted
51 trees read from g_trees-raxml-sqlen-100-ngen-25.trees.tree
All output trees will be *arbitrarily* rooted at 3

======== Running the main analysis
Number of taxa: 25 (25 species)
Taxa: [3, 1, 10, 8, 2, 4, 9, 6, 24, 22, 15, 13, 12, 14, 25, 11, 21, 16, 19, 17, 23, 18, 7, 5, 20]
Taxon occupancy: {22=44, 23=29, 24=41, 25=42, 10=36, 11=39, 12=38, 13=30, 14=39, 15=41, 16=39, 17=33, 18=14, 19=39, 1=42, 2=34, 3=46, 4=33, 5=12, 6=33, 7=8, 8=32, 9=32, 20=19, 21=38}
Number of gene trees: 51
51 trees have missing taxa
Calculating quartet distance matrix (for completion of X)
Species tree distances calculated ...
Will attempt to complete bipartitions from X before adding using a distance matrix.
Building set of clusters (X) from gene trees 
------------------------------
gradient0: 199
Number of Clusters after addition by distance: 199
calculating extra bipartitions to be added at level 1 ...
Adding to X using resolutions of greedy consensus ...
Limit for sigma of degrees:675
polytomy size limit : 3
discarded polytomies:  []
Threshold 0.0:
Threshold 0.01:
Threshold 0.02:
Threshold 0.05:
Threshold 0.1:
Threshold 0.2:
Threshold 0.3333333333333333:
max k is :0
Number of Clusters after addition by greedy: 199
gradient0 in heuristiic: 199
partitions formed in 0.141 secs
Dynamic Programming starting after 0.141 secs
Using tree-based weight calculation.
Using polytree-based weight calculation.
Polytree max score: 119188
Polytree building time: 0.011 seconds.
Number of quartet trees in the gene trees: 119188
Size of largest cluster: 25
Greedy score: 108943
estimationFactor: 1.0940400025701513
Sub-optimal score: 110193
Total Number of elements weighted: 219
Normalized score (portion of input quartet trees satisfied before correcting for multiple individuals): 0.9245309930529919
Optimization score: 110193
Optimal tree inferred in 0.216 secs.
(2,(4,((9,6),(8,((7,5),((10,(3,1)),(20,(18,(((13,23),(25,(12,14))),((24,22),(15,(11,(17,(16,(21,19)))))))))))))));
Final quartet score is: 110193
Final normalized quartet score is: 0.9245309930529919
You may want to ignore posterior probabilities and other statistics related to the following branch branch because the effective number of genes impacting it is only 18:
	{13, 23}
You may want to ignore posterior probabilities and other statistics related to the following branch branch because the effective number of genes impacting it is only 13:
	{24, 22, 15, 13, 12, 14, 25, 11, 21, 16, 19, 17, 23}
You may want to ignore posterior probabilities and other statistics related to the following branch branch because the effective number of genes impacting it is only 8:
	{24, 22, 15, 13, 12, 14, 25, 11, 21, 16, 19, 17, 23, 18}
You may want to ignore posterior probabilities and other statistics related to the following branch branch because the effective number of genes impacting it is only 14:
	{24, 22, 15, 13, 12, 14, 25, 11, 21, 16, 19, 17, 23, 18, 20}
You may want to ignore posterior probabilities and other statistics related to the following branch branch because the effective number of genes impacting it is only 6:
	{7, 5}
You may want to ignore posterior probabilities and other statistics related to the following branch branch because the effective number of genes impacting it is only 3:
	{8, 2, 4, 9, 6}
You may want to ignore posterior probabilities and other statistics related to the following branch branch because the effective number of genes impacting it is only 5:
	{8, 2, 4, 9, 6, 7, 5}
(3,(1,(10,((20,(18,(((13,23)1:2.538973871058275,(25,(12,14)1:1.3298530502149386)1:2.772588722239782)0.95:0.31666960932503313,((24,22)1:3.283414346005771,(15,(11,(17,(16,(21,19)0.7:0.1403361047022444)1:0.650394278333179)1:0.6068368734926506)1:0.7225525854765521)1:1.2352448960702112)1:1.25160085331519)1:2.2335922215070947)0.4:0.14695441295666323)1:1.6094379124341005,((7,5)1:1.5404450409471486,(8,((9,6)1:3.0285220963769826,(4,2)1:3.0602707946915624)1:1.040018124402057)0.49:0.06453852113757118)0.99:1.3862943611198908)1:3.091042453358317)1:2.0794415416798353));
Weight calculation took 0.021869385 secs
ASTRAL finished in 1.611 secs
