
================== ASTRAL ===================== 

This is ASTRAL version 5.6.3
Gene trees are treated as unrooted
254 trees read from g_trees-raxml-sqlen-0-ngen-100.trees.tree
All output trees will be *arbitrarily* rooted at 20

======== Running the main analysis
Number of taxa: 25 (25 species)
Taxa: [20, 14, 12, 25, 15, 11, 19, 21, 16, 17, 22, 24, 18, 23, 13, 1, 3, 10, 6, 9, 4, 2, 8, 7, 5]
Taxon occupancy: {22=215, 23=175, 24=220, 25=201, 10=145, 11=211, 12=205, 13=164, 14=201, 15=202, 16=215, 17=183, 18=128, 19=214, 1=164, 2=168, 3=170, 4=162, 5=164, 6=163, 7=146, 8=187, 9=172, 20=163, 21=207}
Number of gene trees: 254
254 trees have missing taxa
Calculating quartet distance matrix (for completion of X)
Species tree distances calculated ...
Will attempt to complete bipartitions from X before adding using a distance matrix.
Building set of clusters (X) from gene trees 
------------------------------
gradient0: 111
Number of Clusters after addition by distance: 111
calculating extra bipartitions to be added at level 1 ...
Adding to X using resolutions of greedy consensus ...
Limit for sigma of degrees:675
polytomy size limit : 3
discarded polytomies:  []
Threshold 0.0:
Threshold 0.01:
Threshold 0.02:
Threshold 0.05:
Threshold 0.1:
Threshold 0.2:
Threshold 0.3333333333333333:
max k is :0
Number of Clusters after addition by greedy: 111
gradient0 in heuristiic: 111
partitions formed in 0.242 secs
Dynamic Programming starting after 0.242 secs
Using tree-based weight calculation.
Using polytree-based weight calculation.
Polytree max score: 905552
Polytree building time: 0.031 seconds.
Number of quartet trees in the gene trees: 905552
Size of largest cluster: 25
Greedy score: 902400
estimationFactor: 1.0034929078014185
Sub-optimal score: 902400
Total Number of elements weighted: 96
Normalized score (portion of input quartet trees satisfied before correcting for multiple individuals): 0.9965192501369331
Optimization score: 902400
Optimal tree inferred in 0.361 secs.
(15,((11,(17,(16,(19,21)))),((22,24),((25,(14,12)),((23,13),(20,(18,((10,(1,3)),((7,5),((6,9),(8,(4,2))))))))))));
Final quartet score is: 902400
Final normalized quartet score is: 0.9965192501369331
(20,((18,((10,(1,3)1:4.373658385003369)1:4.276666119016051,((7,5)1:2.805378545062773,((6,9)1:4.611814728706755,(8,(4,2)1:4.550361949493098)1:4.578141513600168)1:4.618415412738117)1:3.316204168828764)1:4.116323468940871)1:3.784189633918262,((23,13)1:4.295015257684257,((25,(14,12)1:4.85203026391961)1:4.872649551122363,((22,24)1:4.862393050955167,((11,(17,(16,(19,21)1:4.927253685157201)1:4.809470649500817)1:4.793031923157664)1:4.867534450455586,15)1:4.820281565605038)1:4.804021044733256)1:2.5448047913690695)1:4.462069342347422));
Weight calculation took 0.040279998 secs
ASTRAL finished in 0.766 secs
