
================== ASTRAL ===================== 

This is ASTRAL version 5.6.3
Gene trees are treated as unrooted
130 trees read from g_trees-raxml-sqlen-250-ngen-50.trees.tree
All output trees will be *arbitrarily* rooted at 13

======== Running the main analysis
Number of taxa: 25 (25 species)
Taxa: [13, 8, 4, 2, 9, 6, 10, 1, 3, 25, 14, 12, 24, 22, 11, 17, 16, 19, 15, 23, 21, 18, 5, 7, 20]
Taxon occupancy: {22=95, 23=85, 24=98, 25=95, 10=100, 11=111, 12=96, 13=78, 14=94, 15=97, 16=102, 17=90, 18=60, 19=101, 1=88, 2=70, 3=89, 4=65, 5=70, 6=71, 7=77, 8=61, 9=72, 20=76, 21=99}
Number of gene trees: 130
130 trees have missing taxa
Calculating quartet distance matrix (for completion of X)
Species tree distances calculated ...
Will attempt to complete bipartitions from X before adding using a distance matrix.
Building set of clusters (X) from gene trees 
------------------------------
gradient0: 195
Number of Clusters after addition by distance: 195
calculating extra bipartitions to be added at level 1 ...
Adding to X using resolutions of greedy consensus ...
Limit for sigma of degrees:675
polytomy size limit : 3
discarded polytomies:  []
Threshold 0.0:
Threshold 0.01:
Threshold 0.02:
Threshold 0.05:
Threshold 0.1:
Threshold 0.2:
Threshold 0.3333333333333333:
max k is :0
Number of Clusters after addition by greedy: 195
gradient0 in heuristiic: 195
partitions formed in 0.171 secs
Dynamic Programming starting after 0.171 secs
Using tree-based weight calculation.
Using polytree-based weight calculation.
Polytree max score: 332761
Polytree building time: 0.018 seconds.
Number of quartet trees in the gene trees: 332761
Size of largest cluster: 25
Greedy score: 324115
estimationFactor: 1.0266757169523164
Sub-optimal score: 324115
Total Number of elements weighted: 171
Normalized score (portion of input quartet trees satisfied before correcting for multiple individuals): 0.974017387854947
Optimization score: 324115
Optimal tree inferred in 0.262 secs.
(9,(6,((4,2),(8,((5,7),((10,(1,3)),(18,(20,((13,23),((25,(14,12)),((24,22),(15,(11,(17,(16,(19,21))))))))))))))));
Final quartet score is: 324115
Final normalized quartet score is: 0.974017387854947
(13,(23,(((25,(14,12)1:1.4484261422268971)1:3.401197381662154,((24,22)1:4.048882188145342,(15,(11,(17,(16,(19,21)1:0.8079497523875792)1:1.6713311891967808)1:1.7215760074377344)1:0.5455111817538806)1:2.7006152226146916)1:2.0149030205422647)1:2.0430738975089606,(20,(18,((10,(1,3)1:2.538973871058275)1:2.367123614131617,((5,7)1:3.601868077124306,(8,((4,2)1:3.6720723357975578,(6,9)1:3.5263605246161593)0.99:0.40698602094887104)1:2.2735975561207935)1:2.4277482359480516)1:3.3081069585961425)0.92:0.3112125698619751)1:3.6198865826269824)1:3.5835189384561117));
Weight calculation took 0.031960588 secs
ASTRAL finished in 0.553 secs
