
================== ASTRAL ===================== 

This is ASTRAL version 5.6.3
Gene trees are treated as unrooted
125 trees read from g_trees-raxml-sqlen-50-ngen-50.trees.tree
All output trees will be *arbitrarily* rooted at 3

======== Running the main analysis
Number of taxa: 25 (25 species)
Taxa: [3, 1, 10, 8, 9, 4, 2, 6, 13, 14, 25, 12, 22, 24, 15, 21, 19, 16, 11, 17, 23, 18, 7, 5, 20]
Taxon occupancy: {22=113, 23=68, 24=113, 25=91, 10=80, 11=108, 12=85, 13=75, 14=86, 15=96, 16=108, 17=90, 18=41, 19=104, 1=83, 2=71, 3=89, 4=65, 5=65, 6=72, 7=42, 8=59, 9=76, 20=72, 21=107}
Number of gene trees: 125
125 trees have missing taxa
Calculating quartet distance matrix (for completion of X)
Species tree distances calculated ...
Will attempt to complete bipartitions from X before adding using a distance matrix.
Building set of clusters (X) from gene trees 
------------------------------
gradient0: 327
Number of Clusters after addition by distance: 327
calculating extra bipartitions to be added at level 1 ...
Adding to X using resolutions of greedy consensus ...
Limit for sigma of degrees:675
polytomy size limit : 3
discarded polytomies:  []
Threshold 0.0:
Threshold 0.01:
Threshold 0.02:
Threshold 0.05:
Threshold 0.1:
Threshold 0.2:
Threshold 0.3333333333333333:
max k is :0
Number of Clusters after addition by greedy: 327
gradient0 in heuristiic: 327
partitions formed in 0.206 secs
Dynamic Programming starting after 0.206 secs
Using tree-based weight calculation.
Using polytree-based weight calculation.
Polytree max score: 308896
Polytree building time: 0.017 seconds.
Number of quartet trees in the gene trees: 308896
Size of largest cluster: 25
Greedy score: 265036
estimationFactor: 1.1654869527158576
Sub-optimal score: 268558
Total Number of elements weighted: 416
Normalized score (portion of input quartet trees satisfied before correcting for multiple individuals): 0.874177716771988
Optimization score: 270030
Optimal tree inferred in 0.327 secs.
(9,(6,((4,2),(8,((7,5),((10,(3,1)),((18,20),(((13,23),(25,(14,12))),((22,24),(15,(11,(17,(16,(21,19))))))))))))));
Final quartet score is: 270030
Final normalized quartet score is: 0.874177716771988
(3,(1,(10,(((18,20)1:1.122328815285426,(((13,23)1:1.2254790095468993,(25,(14,12)0.99:0.28555214619395614)1:2.249592562853535)0.97:0.3027199498163214,((22,24)1:2.1533750955624353,(15,(11,(17,(16,(21,19)0.97:0.1856630177681998)1:0.6367602329205294)1:0.3541213648027753)1:0.847867519666117)1:0.7399833726239182)1:0.5833989834417264)1:0.34044114127482467)1:2.7181005369557107,((7,5)1:0.5714502455824255,(8,((4,2)1:2.694978119534855,(6,9)0.97:0.326521905768045)0.92:0.2848997258990225)1:1.6025174695895263)1:2.022283127839887)1:1.807507826196194)1:2.437499854929089));
Weight calculation took 0.059033854 secs
ASTRAL finished in 0.618 secs
