
================== ASTRAL ===================== 

This is ASTRAL version 5.6.3
Gene trees are treated as unrooted
324 trees read from g_trees-raxml-sqlen-50-ngen-100.trees.tree
All output trees will be *arbitrarily* rooted at 3

======== Running the main analysis
Number of taxa: 25 (25 species)
Taxa: [3, 1, 10, 8, 9, 4, 2, 6, 13, 14, 25, 12, 22, 24, 15, 21, 19, 16, 11, 17, 23, 18, 7, 5, 20]
Taxon occupancy: {22=287, 23=199, 24=233, 25=212, 10=143, 11=278, 12=203, 13=204, 14=204, 15=249, 16=265, 17=243, 18=180, 19=261, 1=140, 2=221, 3=143, 4=162, 5=175, 6=196, 7=125, 8=210, 9=216, 20=208, 21=249}
Number of gene trees: 324
324 trees have missing taxa
Calculating quartet distance matrix (for completion of X)
Species tree distances calculated ...
Will attempt to complete bipartitions from X before adding using a distance matrix.
Building set of clusters (X) from gene trees 
------------------------------
gradient0: 485
Number of Clusters after addition by distance: 485
calculating extra bipartitions to be added at level 1 ...
Adding to X using resolutions of greedy consensus ...
Limit for sigma of degrees:675
polytomy size limit : 3
discarded polytomies:  [3]
Threshold 0.0:
Threshold 0.01:
Threshold 0.02:
Threshold 0.05:
Threshold 0.1:
Threshold 0.2:
Threshold 0.3333333333333333:
polytomy of size 3; rounds with additions with at least 5 support: 0; clusters: 485
max k is :0
Number of Clusters after addition by greedy: 485
gradient0 in heuristiic: 485
partitions formed in 0.336 secs
Dynamic Programming starting after 0.336 secs
Using tree-based weight calculation.
Using polytree-based weight calculation.
Polytree max score: 706622
Polytree building time: 0.034 seconds.
Number of quartet trees in the gene trees: 706622
Size of largest cluster: 25
Greedy score: 602673
estimationFactor: 1.1724799352219197
Sub-optimal score: 616149
Total Number of elements weighted: 757
Normalized score (portion of input quartet trees satisfied before correcting for multiple individuals): 0.8787343162256482
Optimization score: 620933
Optimal tree inferred in 0.64 secs.
(9,(6,((4,2),(8,((7,5),((10,(3,1)),((18,20),(((13,23),(25,(14,12))),((22,24),(15,(11,(17,(16,(21,19))))))))))))));
Final quartet score is: 620933
Final normalized quartet score is: 0.8787343162256482
(3,(1,(10,(((18,20)1:1.7204174820963232,(((13,23)1:2.0464175334885626,(25,(14,12)1:0.642187074926905)1:2.024965141038251)1:0.3866258298377505,((22,24)1:1.2241542434419506,(15,(11,(17,(16,(21,19)0.87:0.10286942663979427)1:0.9606126193648806)1:0.5152109585051907)1:0.5184910748513398)1:0.37321334065798467)1:0.7561226069616743)1:0.9840961621570733)1:3.167582530480651,((7,5)1:1.5722589091923462,(8,((4,2)1:1.770439757352458,(6,9)1:1.0042275378661427)0:0.0)1:1.7208600194705224)1:1.6314168191528755)1:2.089804328715382)1:2.9149384626623442));
Weight calculation took 0.220312096 secs
ASTRAL finished in 0.79 secs
