
================== ASTRAL ===================== 

This is ASTRAL version 5.6.3
Gene trees are treated as unrooted
25 trees read from g_trees-raxml-sqlen-50-ngen-25-s2g.trees
All output trees will be *arbitrarily* rooted at 16

======== Running the main analysis
Number of taxa: 89 (25 species)
Taxa: {22=[22_2, 22_1], 23=[23_5, 23_4, 23_3, 23_2, 23_1, 23_6], 24=[24_3, 24_2, 24_1], 25=[25_3, 25_2, 25_1, 25_6, 25_5, 25_4], 10=[10_4, 10_3, 10_2, 10_1], 11=[11_4, 11_3, 11_2, 11_1], 12=[12_3, 12_2, 12_1], 13=[13_3, 13_2, 13_1], 14=[14_2, 14_1], 15=[15_2, 15_1, 15_3], 16=[16_1, 16_2], 17=[17_2, 17_1], 18=[18_4, 18_3, 18_2, 18_1], 19=[19_3, 19_2, 19_1], 1=[1_1, 1_2, 1_3], 2=[2_1, 2_2, 2_3], 3=[3_1, 3_2, 3_3, 3_4], 4=[4_1, 4_2, 4_3, 4_4, 4_5], 5=[5_1, 5_2, 5_3], 6=[6_1, 6_2, 6_3, 6_4], 7=[7_1, 7_2, 7_3], 8=[8_1, 8_2, 8_3, 8_4, 8_5, 8_6], 9=[9_1, 9_2, 9_3, 9_4, 9_5], 20=[20_3, 20_2, 20_1], 21=[21_3, 21_2, 21_1]}
Taxon occupancy: {16_1=18, 14_2=2, 14_1=18, 12_3=2, 12_2=10, 10_4=2, 12_1=21, 10_3=3, 10_2=6, 10_1=19, 18_4=1, 18_3=1, 18_2=3, 18_1=20, 16_2=2, 25_3=2, 23_5=1, 25_2=7, 23_4=1, 25_1=19, 23_3=2, 1_1=20, 23_2=7, 23_1=18, 1_2=10, 21_3=1, 3_1=19, 1_3=4, 21_2=3, 21_1=12, 3_2=6, 5_1=18, 3_3=3, 5_2=4, 3_4=2, 7_1=21, 5_3=2, 7_2=11, 9_1=18, 7_3=3, 9_2=9, 9_3=2, 25_6=1, 9_4=2, 25_5=1, 9_5=1, 25_4=1, 23_6=1, 15_2=4, 15_1=14, 13_3=3, 13_2=11, 11_4=2, 13_1=21, 11_3=2, 11_2=6, 11_1=19, 19_3=1, 19_2=6, 19_1=16, 17_2=3, 17_1=18, 15_3=1, 24_3=1, 24_2=5, 24_1=16, 2_1=19, 22_2=4, 22_1=18, 2_2=5, 20_3=3, 4_1=19, 20_2=8, 2_3=1, 20_1=17, 4_2=10, 6_1=19, 4_3=2, 6_2=6, 4_4=2, 8_1=18, 6_3=3, 4_5=1, 8_2=8, 6_4=2, 8_3=3, 8_4=2, 8_5=1, 8_6=1}
Number of gene trees: 25
25 trees have missing taxa
Calculating quartet distance matrix (for completion of X)
Species tree distances calculated ...
Will attempt to complete bipartitions from X before adding using a distance matrix.
Building set of clusters (X) from gene trees 
In second round sampling 3 rounds will be done
------------------------------
gradient0: 309
------------------------------
gradient1: 98
------------------------------
gradient2: 38
Number of Clusters after addition by distance: 445
calculating extra bipartitions to be added at level 1 ...
Adding to X using resolutions of greedy consensus ...
Limit for sigma of degrees:675
polytomy size limit : 6
discarded polytomies:  [3, 4, 4, 6]
Threshold 0.0:
Threshold 0.01:
Threshold 0.02:
Threshold 0.05:
Threshold 0.1:
polytomy of size 3; rounds with additions with at least 5 support: 0; clusters: 445
Threshold 0.2:
polytomy of size 4; rounds with additions with at least 5 support: 1; clusters: 447
Threshold 0.3333333333333333:
polytomy of size 4; rounds with additions with at least 5 support: 0; clusters: 447
polytomy of size 6; rounds with additions with at least 5 support: 0; clusters: 449
max k is :2
Number of Clusters after addition by greedy: 449
gradient0 in heuristiic: 449
calculating extra bipartitions to be added at level 1 ...
Adding to X using resolutions of greedy consensus ...
Limit for sigma of degrees:675
polytomy size limit : 4
discarded polytomies:  [3, 3, 3, 4]
Threshold 0.0:
Threshold 0.01:
Threshold 0.02:
Threshold 0.05:
Threshold 0.1:
Threshold 0.2:
polytomy of size 3; rounds with additions with at least 5 support: 0; clusters: 449
Threshold 0.3333333333333333:
polytomy of size 4; rounds with additions with at least 5 support: 0; clusters: 451
polytomy of size 3; rounds with additions with at least 5 support: 0; clusters: 451
polytomy of size 3; rounds with additions with at least 5 support: 0; clusters: 453
max k is :0
Number of Clusters after addition by greedy: 453
gradient1 in heuristiic: 4
calculating extra bipartitions to be added at level 1 ...
Adding to X using resolutions of greedy consensus ...
Limit for sigma of degrees:675
polytomy size limit : 6
discarded polytomies:  [4, 6]
Threshold 0.0:
Threshold 0.01:
Threshold 0.02:
Threshold 0.05:
Threshold 0.1:
Threshold 0.2:
Threshold 0.3333333333333333:
polytomy of size 4; rounds with additions with at least 5 support: 0; clusters: 453
polytomy of size 6; rounds with additions with at least 5 support: 0; clusters: 453
max k is :0
Number of Clusters after addition by greedy: 453
gradient2 in heuristiic: 0
partitions formed in 3.212 secs
Dynamic Programming starting after 3.212 secs
Using tree-based weight calculation.
Using polytree-based weight calculation.
Polytree max score: 1325178
Polytree building time: 0.014 seconds.
Number of quartet trees in the gene trees: 1318803
Size of largest cluster: 89
Greedy score: 707869
estimationFactor: 1.872065401885517
Sub-optimal score: 746720
Total Number of elements weighted: 926
Normalized score (portion of input quartet trees satisfied before correcting for multiple individuals): 0.5736508788651528
Optimization score: 756532
Optimal tree inferred in 3.342 secs.
(14,((16,22),((18,17),((25,23),((20,(21,(15,(19,24)))),((5,2),((12,(7,13)),((8,(9,4)),(1,(11,(6,(10,3))))))))))));
Final quartet score is: 804516
Final normalized quartet score is: 0.6100350090195428
You may want to ignore posterior probabilities and other statistics related to the following branch branch because the effective number of genes impacting it is only 2:
	{16}
You may want to ignore posterior probabilities and other statistics related to the following branch branch because the effective number of genes impacting it is only 4:
	{22}
You may want to ignore posterior probabilities and other statistics related to the following branch branch because the effective number of genes impacting it is only 2:
	{18}
You may want to ignore posterior probabilities and other statistics related to the following branch branch because the effective number of genes impacting it is only 3:
	{17}
You may want to ignore posterior probabilities and other statistics related to the following branch branch because the effective number of genes impacting it is only 16:
	{18, 17}
You may want to ignore posterior probabilities and other statistics related to the following branch branch because the effective number of genes impacting it is only 3:
	{25}
You may want to ignore posterior probabilities and other statistics related to the following branch branch because the effective number of genes impacting it is only 3:
	{23}
You may want to ignore posterior probabilities and other statistics related to the following branch branch because the effective number of genes impacting it is only 18:
	{25, 23}
You may want to ignore posterior probabilities and other statistics related to the following branch branch because the effective number of genes impacting it is only 5:
	{20}
You may want to ignore posterior probabilities and other statistics related to the following branch branch because the effective number of genes impacting it is only 2:
	{21}
You may want to ignore posterior probabilities and other statistics related to the following branch branch because the effective number of genes impacting it is only 3:
	{15}
You may want to ignore posterior probabilities and other statistics related to the following branch branch because the effective number of genes impacting it is only 4:
	{19}
You may want to ignore posterior probabilities and other statistics related to the following branch branch because the effective number of genes impacting it is only 3:
	{24}
You may want to ignore posterior probabilities and other statistics related to the following branch branch because the effective number of genes impacting it is only 14:
	{19, 24}
You may want to ignore posterior probabilities and other statistics related to the following branch branch because the effective number of genes impacting it is only 11:
	{15, 19, 24}
You may want to ignore posterior probabilities and other statistics related to the following branch branch because the effective number of genes impacting it is only 11:
	{21, 15, 19, 24}
You may want to ignore posterior probabilities and other statistics related to the following branch branch because the effective number of genes impacting it is only 14:
	{21, 15, 19, 24, 20}
You may want to ignore posterior probabilities and other statistics related to the following branch branch because the effective number of genes impacting it is only 3:
	{5}
You may want to ignore posterior probabilities and other statistics related to the following branch branch because the effective number of genes impacting it is only 3:
	{2}
You may want to ignore posterior probabilities and other statistics related to the following branch branch because the effective number of genes impacting it is only 13:
	{5, 2}
You may want to ignore posterior probabilities and other statistics related to the following branch branch because the effective number of genes impacting it is only 7:
	{12}
You may want to ignore posterior probabilities and other statistics related to the following branch branch because the effective number of genes impacting it is only 8:
	{7}
You may want to ignore posterior probabilities and other statistics related to the following branch branch because the effective number of genes impacting it is only 8:
	{13}
You may want to ignore posterior probabilities and other statistics related to the following branch branch because the effective number of genes impacting it is only 18:
	{12, 7, 13}
You may want to ignore posterior probabilities and other statistics related to the following branch branch because the effective number of genes impacting it is only 3:
	{8}
You may want to ignore posterior probabilities and other statistics related to the following branch branch because the effective number of genes impacting it is only 4:
	{9}
You may want to ignore posterior probabilities and other statistics related to the following branch branch because the effective number of genes impacting it is only 5:
	{4}
You may want to ignore posterior probabilities and other statistics related to the following branch branch because the effective number of genes impacting it is only 17:
	{9, 4}
You may want to ignore posterior probabilities and other statistics related to the following branch branch because the effective number of genes impacting it is only 17:
	{9, 4, 8}
You may want to ignore posterior probabilities and other statistics related to the following branch branch because the effective number of genes impacting it is only 7:
	{1}
You may want to ignore posterior probabilities and other statistics related to the following branch branch because the effective number of genes impacting it is only 4:
	{11}
You may want to ignore posterior probabilities and other statistics related to the following branch branch because the effective number of genes impacting it is only 4:
	{6}
You may want to ignore posterior probabilities and other statistics related to the following branch branch because the effective number of genes impacting it is only 4:
	{10}
You may want to ignore posterior probabilities and other statistics related to the following branch branch because the effective number of genes impacting it is only 4:
	{3}
You may want to ignore posterior probabilities and other statistics related to the following branch branch because the effective number of genes impacting it is only 19:
	{10, 3}
You may want to ignore posterior probabilities and other statistics related to the following branch branch because the effective number of genes impacting it is only 19:
	{10, 3, 6}
You may want to ignore posterior probabilities and other statistics related to the following branch branch because the effective number of genes impacting it is only 18:
	{10, 3, 11, 6}
You may want to ignore posterior probabilities and other statistics related to the following branch branch because the effective number of genes impacting it is only 17:
	{10, 1, 3, 11, 6}
You may want to ignore posterior probabilities and other statistics related to the following branch branch because the effective number of genes impacting it is only 17:
	{10, 1, 3, 9, 11, 4, 6, 8}
You may want to ignore posterior probabilities and other statistics related to the following branch branch because the effective number of genes impacting it is only 11:
	{12, 10, 1, 3, 7, 9, 13, 11, 4, 6, 8}
You may want to ignore posterior probabilities and other statistics related to the following branch branch because the effective number of genes impacting it is only 13:
	{12, 10, 1, 3, 5, 7, 9, 13, 11, 2, 4, 6, 8}
You may want to ignore posterior probabilities and other statistics related to the following branch branch because the effective number of genes impacting it is only 18:
	{12, 10, 1, 21, 3, 5, 7, 9, 15, 13, 11, 19, 24, 2, 20, 4, 6, 8}
You may want to ignore posterior probabilities and other statistics related to the following branch branch because the effective number of genes impacting it is only 17:
	{12, 10, 25, 23, 1, 21, 3, 5, 7, 9, 15, 13, 11, 19, 24, 2, 20, 4, 6, 8}
You may want to ignore posterior probabilities and other statistics related to the following branch branch because the effective number of genes impacting it is only 18:
	{12, 10, 18, 25, 23, 1, 21, 3, 5, 7, 9, 15, 13, 11, 19, 17, 24, 2, 20, 4, 6, 8}
You may want to ignore posterior probabilities and other statistics related to the following branch branch because the effective number of genes impacting it is only 2:
	{14}
You may want to ignore posterior probabilities and other statistics related to the following branch branch because the effective number of genes impacting it is only 18:
	{14, 12, 10, 18, 25, 23, 1, 21, 3, 5, 7, 9, 15, 13, 11, 19, 17, 24, 2, 20, 4, 6, 8}
You may want to ignore posterior probabilities and other statistics related to the following branch branch because the effective number of genes impacting it is only 2:
	{14, 12, 10, 18, 25, 23, 1, 21, 3, 5, 7, 9, 15, 13, 11, 19, 17, 24, 22, 2, 20, 4, 6, 8}
((16_1,16_2)0.24:0.0,((22_2,22_1)0.46:0.03787938779026396,((((18_4,18_3,18_2,18_1)0.24:0.0,(17_2,17_1)0.16:0.0)0.21:0.0,(((25_3,25_2,25_1,25_6,25_5,25_4)0.19:0.0,(23_5,23_4,23_3,23_2,23_1,23_6)0.2:0.0)1:1.3182129544445258,(((20_3,20_2,20_1)0.7:0.26260238805475755,((21_3,21_2,21_1)0.22:0.0,((15_2,15_1,15_3)0.19:0.0,((19_3,19_2,19_1)0.15:0.0,(24_3,24_2,24_1)0.13:0.0)0.91:0.37106368139083173)1:0.8962344260371672)1:0.9237577159489949)0.55:0.09691280642595249,(((5_1,5_2,5_3)0.23:0.0,(2_1,2_2,2_3)0.4:0.0)1:1.2119409739751126,(((12_3,12_2,12_1)0.22:0.0,((7_1,7_2,7_3)0.08:0.0,(13_3,13_2,13_1)0.07:0.0)0.99:0.5654196347552227)1:0.727618532544128,(((8_1,8_2,8_3,8_4,8_5,8_6)0.17:0.0,((9_1,9_2,9_3,9_4,9_5)0.17:0.0,(4_1,4_2,4_3,4_4,4_5)0.21:0.0)0.37:0.00115612766408995)0.93:0.35935591129433103,((1_1,1_2,1_3)0.38:0.0,((11_4,11_3,11_2,11_1)0.17:0.0,((6_1,6_2,6_3,6_4)0.19:0.0,((10_4,10_3,10_2,10_1)0.17:0.0,(3_1,3_2,3_3,3_4)0.15:0.0)0.47:0.10404976149861325)0.99:0.5169905302459121)0.97:0.44160316621678847)0.53:0.0773260810171113)1:0.7841082387231261)0.6:0.17206886585001469)1:0.8495637873000119)0.63:0.17097131430559048)0.68:0.16239480331339656)1:0.9219360201071921,(14_2,14_1)0.25:0.0)0.58:0.11087609633802141)0.24:0.0);
Weight calculation took 0.093203613 secs
ASTRAL finished in 3.465 secs
