
================== ASTRAL ===================== 

This is ASTRAL version 5.6.3
Gene trees are treated as unrooted
500 trees read from g_trees-raxml-sqlen-0-ngen-500-s2g.trees
All output trees will be *arbitrarily* rooted at 14

======== Running the main analysis
Number of taxa: 133 (25 species)
Taxa: {22=[22_6, 22_5, 22_4, 22_3, 22_2, 22_1], 23=[23_5, 23_4, 23_3, 23_2, 23_1, 23_6], 24=[24_4, 24_3, 24_2, 24_1, 24_5], 25=[25_3, 25_2, 25_1, 25_6, 25_5, 25_4], 10=[10_6, 10_5, 10_4, 10_3, 10_2, 10_1], 11=[11_6, 11_5, 11_4, 11_3, 11_2, 11_1], 12=[12_5, 12_4, 12_3, 12_2, 12_1], 13=[13_4, 13_3, 13_2, 13_1, 13_5], 14=[14_3, 14_2, 14_1, 14_6, 14_5, 14_4], 15=[15_2, 15_1, 15_4, 15_3], 16=[16_1, 16_6, 16_5, 16_4, 16_3, 16_2], 17=[17_5, 17_4, 17_3, 17_2, 17_1], 18=[18_5, 18_4, 18_3, 18_2, 18_1], 19=[19_5, 19_4, 19_3, 19_2, 19_1], 1=[1_1, 1_2, 1_3, 1_4, 1_5], 2=[2_1, 2_2, 2_3, 2_4], 3=[3_1, 3_2, 3_3, 3_4, 3_5, 3_6], 4=[4_1, 4_2, 4_3, 4_4, 4_5], 5=[5_1, 5_2, 5_3, 5_4], 6=[6_1, 6_2, 6_3, 6_4, 6_5, 6_6], 7=[7_1, 7_2, 7_3, 7_4, 7_5], 8=[8_1, 8_2, 8_3, 8_4, 8_5, 8_6], 9=[9_1, 9_2, 9_3, 9_4, 9_5], 20=[20_5, 20_4, 20_3, 20_2, 20_1], 21=[21_6, 21_5, 21_4, 21_3, 21_2, 21_1]}
Taxon occupancy: {14_3=27, 14_2=105, 10_6=1, 14_1=375, 10_5=3, 10_4=7, 10_3=23, 10_2=82, 10_1=352, 18_5=2, 18_4=10, 18_3=32, 18_2=109, 14_6=1, 18_1=383, 14_5=3, 14_4=6, 25_3=31, 25_2=114, 21_6=1, 25_1=376, 21_5=3, 21_4=6, 21_3=29, 3_1=352, 21_2=96, 21_1=374, 3_2=82, 3_3=23, 3_4=7, 7_1=385, 3_5=3, 7_2=110, 3_6=1, 7_3=24, 7_4=7, 25_6=2, 7_5=1, 25_5=3, 25_4=8, 13_4=7, 13_3=24, 13_2=111, 13_1=385, 17_5=1, 17_4=12, 17_3=27, 17_2=102, 17_1=385, 13_5=2, 24_4=10, 24_3=32, 24_2=107, 24_1=379, 20_5=7, 2_1=365, 20_4=17, 2_2=103, 20_3=39, 20_2=123, 2_3=22, 20_1=380, 2_4=5, 6_1=355, 6_2=82, 6_3=23, 6_4=7, 6_5=3, 6_6=1, 24_5=1, 16_1=375, 12_5=1, 12_4=7, 12_3=29, 12_2=108, 12_1=380, 16_6=1, 16_5=3, 16_4=6, 16_3=25, 16_2=104, 23_5=4, 23_4=8, 23_3=31, 1_1=367, 23_2=111, 23_1=374, 1_2=100, 1_3=27, 1_4=6, 5_1=369, 1_5=1, 5_2=96, 5_3=33, 5_4=3, 9_1=362, 9_2=94, 9_3=17, 9_4=6, 9_5=3, 23_6=3, 15_2=108, 11_6=1, 15_1=383, 11_5=2, 11_4=7, 11_3=27, 11_2=85, 11_1=355, 19_5=4, 19_4=10, 19_3=33, 19_2=109, 19_1=379, 15_4=7, 15_3=30, 22_6=1, 22_5=3, 22_4=6, 22_3=23, 22_2=110, 22_1=377, 4_1=359, 4_2=90, 4_3=17, 4_4=6, 8_1=358, 4_5=3, 8_2=93, 8_3=21, 8_4=5, 8_5=3, 8_6=1}
Number of gene trees: 500
500 trees have missing taxa
Calculating quartet distance matrix (for completion of X)
Species tree distances calculated ...
Will attempt to complete bipartitions from X before adding using a distance matrix.
Building set of clusters (X) from gene trees 
In second round sampling 4 rounds will be done
------------------------------
gradient0: 351
------------------------------
gradient1: 132
------------------------------
gradient2: 126
------------------------------
gradient3: 68
Number of Clusters after addition by distance: 677
calculating extra bipartitions to be added at level 1 ...
Adding to X using resolutions of greedy consensus ...
Limit for sigma of degrees:675
polytomy size limit : 3
discarded polytomies:  []
Threshold 0.0:
Threshold 0.01:
Threshold 0.02:
Threshold 0.05:
Threshold 0.1:
Threshold 0.2:
Threshold 0.3333333333333333:
max k is :0
Number of Clusters after addition by greedy: 677
gradient0 in heuristiic: 677
calculating extra bipartitions to be added at level 1 ...
Adding to X using resolutions of greedy consensus ...
Limit for sigma of degrees:675
polytomy size limit : 3
discarded polytomies:  [3]
Threshold 0.0:
Threshold 0.01:
Threshold 0.02:
Threshold 0.05:
Threshold 0.1:
Threshold 0.2:
Threshold 0.3333333333333333:
polytomy of size 3; rounds with additions with at least 5 support: 0; clusters: 677
max k is :0
Number of Clusters after addition by greedy: 677
gradient1 in heuristiic: 0
calculating extra bipartitions to be added at level 1 ...
Adding to X using resolutions of greedy consensus ...
Limit for sigma of degrees:675
polytomy size limit : 3
discarded polytomies:  []
Threshold 0.0:
Threshold 0.01:
Threshold 0.02:
Threshold 0.05:
Threshold 0.1:
Threshold 0.2:
Threshold 0.3333333333333333:
max k is :0
Number of Clusters after addition by greedy: 677
gradient2 in heuristiic: 0
calculating extra bipartitions to be added at level 1 ...
Adding to X using resolutions of greedy consensus ...
Limit for sigma of degrees:675
polytomy size limit : 3
discarded polytomies:  [3]
Threshold 0.0:
Threshold 0.01:
Threshold 0.02:
Threshold 0.05:
Threshold 0.1:
Threshold 0.2:
Threshold 0.3333333333333333:
polytomy of size 3; rounds with additions with at least 5 support: 0; clusters: 677
max k is :0
Number of Clusters after addition by greedy: 677
gradient3 in heuristiic: 0
partitions formed in 42.951 secs
Dynamic Programming starting after 42.951 secs
Using tree-based weight calculation.
Using polytree-based weight calculation.
Polytree max score: 19419399
Polytree building time: 0.052 seconds.
Number of quartet trees in the gene trees: 19346330
Size of largest cluster: 133
Greedy score: 12052996
estimationFactor: 1.6111677291203064
Sub-optimal score: 13041391
Total Number of elements weighted: 1715
Normalized score (portion of input quartet trees satisfied before correcting for multiple individuals): 0.6742110519152729
Optimization score: 13043509
Optimal tree inferred in 43.816 secs.
(2,(5,(((12,(7,13)),(1,((4,(9,8)),(11,(6,(10,3)))))),((20,(21,(15,(24,19)))),((25,23),(17,(18,(22,(14,16)))))))));
Final quartet score is: 13771950
Final normalized quartet score is: 0.7118636971456602
((14_3,14_2,14_1,14_6,14_5,14_4)0.01:0.0,((16_1,16_6,16_5,16_4,16_3,16_2)0.01:0.0,((22_6,22_5,22_4,22_3,22_2,22_1)0.02:0.0,((18_5,18_4,18_3,18_2,18_1)0.29:0.0,((17_5,17_4,17_3,17_2,17_1)0.23:0.0,(((25_3,25_2,25_1,25_6,25_5,25_4)0.01:0.0,(23_5,23_4,23_3,23_2,23_1,23_6)0.01:0.0)1:1.973776759405679,(((20_5,20_4,20_3,20_2,20_1)1:0.35755835165480065,((21_6,21_5,21_4,21_3,21_2,21_1)0.33:0.0,((15_2,15_1,15_4,15_3)0.05:0.0,((24_4,24_3,24_2,24_1,24_5)0.01:0.0,(19_5,19_4,19_3,19_2,19_1)0.01:0.0)1:1.4778306756257027)1:1.5630933377056369)1:1.9667380404404589)1:1.1891846671372688,((((12_5,12_4,12_3,12_2,12_1)0.1:0.0,((7_1,7_2,7_3,7_4,7_5)0:0.0,(13_4,13_3,13_2,13_1,13_5)0.01:0.0)1:1.6837438691788096)1:2.120716120948341,((1_1,1_2,1_3,1_4,1_5)0.25:0.0,(((4_1,4_2,4_3,4_4,4_5)0.02:0.0,((9_1,9_2,9_3,9_4,9_5)0.02:0.0,(8_1,8_2,8_3,8_4,8_5,8_6)0.03:0.0)1:0.4861328281869523)1:1.715075748560158,((11_6,11_5,11_4,11_3,11_2,11_1)0.05:0.0,((6_1,6_2,6_3,6_4,6_5,6_6)0.02:0.0,((10_6,10_5,10_4,10_3,10_2,10_1)0.02:0.0,(3_1,3_2,3_3,3_4,3_5,3_6)0.02:0.0)1:0.6696465066241153)1:1.0477496170925296)1:1.801594065416427)1:1.56905666658824)1:2.0940998196435476)1:2.8359434163475044,((5_1,5_2,5_3,5_4)0.16:0.0,(2_1,2_2,2_3,2_4)0.16:0.0)1:2.882529214566832)1:5.28489434621589)1:1.4395443121868425)1:1.8326598683369963)0.9:0.09157825956556656)1:1.7114707277579904)1:0.6282346437534043));
Weight calculation took 1.014812021 secs
ASTRAL finished in 44.371 secs
