
================== ASTRAL ===================== 

This is ASTRAL version 5.6.3
Gene trees are treated as unrooted
100 trees read from g_trees-raxml-sqlen-100-ngen-100-s2g.trees
All output trees will be *arbitrarily* rooted at 14

======== Running the main analysis
Number of taxa: 102 (25 species)
Taxa: {22=[22_4, 22_3, 22_2, 22_1], 23=[23_5, 23_4, 23_3, 23_2, 23_1, 23_6], 24=[24_4, 24_3, 24_2, 24_1], 25=[25_3, 25_2, 25_1, 25_6, 25_5, 25_4], 10=[10_4, 10_3, 10_2, 10_1], 11=[11_4, 11_3, 11_2, 11_1], 12=[12_3, 12_2, 12_1], 13=[13_4, 13_3, 13_2, 13_1], 14=[14_3, 14_2, 14_1], 15=[15_2, 15_1, 15_4, 15_3], 16=[16_1, 16_3, 16_2], 17=[17_4, 17_3, 17_2, 17_1], 18=[18_4, 18_3, 18_2, 18_1], 19=[19_4, 19_3, 19_2, 19_1], 1=[1_1, 1_2, 1_3], 2=[2_1, 2_2, 2_3], 3=[3_1, 3_2, 3_3, 3_4], 4=[4_1, 4_2, 4_3, 4_4, 4_5], 5=[5_1, 5_2, 5_3], 6=[6_1, 6_2, 6_3, 6_4], 7=[7_1, 7_2, 7_3, 7_4], 8=[8_1, 8_2, 8_3, 8_4, 8_5, 8_6], 9=[9_1, 9_2, 9_3, 9_4, 9_5], 20=[20_5, 20_4, 20_3, 20_2, 20_1], 21=[21_3, 21_2, 21_1]}
Taxon occupancy: {14_3=6, 14_2=20, 14_1=78, 10_4=3, 10_3=7, 10_2=17, 10_1=71, 18_4=1, 18_3=3, 18_2=17, 18_1=80, 25_3=10, 25_2=29, 25_1=86, 21_3=8, 3_1=71, 21_2=21, 21_1=69, 3_2=17, 3_3=7, 3_4=3, 7_1=79, 7_2=24, 7_3=7, 7_4=3, 25_6=2, 25_5=3, 25_4=5, 13_4=3, 13_3=7, 13_2=23, 13_1=79, 17_4=2, 17_3=6, 17_2=22, 17_1=79, 24_4=2, 24_3=7, 24_2=19, 24_1=70, 20_5=3, 2_1=75, 20_4=5, 20_3=12, 2_2=19, 20_2=29, 2_3=2, 20_1=77, 6_1=71, 6_2=17, 6_3=7, 6_4=3, 16_1=78, 12_3=7, 12_2=23, 12_1=78, 16_3=5, 16_2=20, 23_5=3, 23_4=5, 23_3=10, 1_1=73, 23_2=29, 23_1=85, 1_2=21, 1_3=5, 5_1=74, 5_2=19, 5_3=7, 9_1=71, 9_2=22, 9_3=4, 9_4=3, 9_5=1, 23_6=3, 15_2=20, 15_1=72, 11_4=3, 11_3=7, 11_2=16, 11_1=70, 19_4=2, 19_3=7, 19_2=19, 19_1=71, 15_4=1, 15_3=6, 22_4=1, 22_3=5, 22_2=22, 22_1=78, 4_1=73, 4_2=23, 4_3=4, 4_4=3, 8_1=74, 4_5=1, 8_2=21, 8_3=5, 8_4=3, 8_5=1, 8_6=1}
Number of gene trees: 100
100 trees have missing taxa
Calculating quartet distance matrix (for completion of X)
Species tree distances calculated ...
Will attempt to complete bipartitions from X before adding using a distance matrix.
Building set of clusters (X) from gene trees 
In second round sampling 4 rounds will be done
------------------------------
gradient0: 397
------------------------------
gradient1: 112
------------------------------
gradient2: 130
------------------------------
gradient3: 74
Number of Clusters after addition by distance: 713
calculating extra bipartitions to be added at level 1 ...
Adding to X using resolutions of greedy consensus ...
Limit for sigma of degrees:675
polytomy size limit : 3
discarded polytomies:  []
Threshold 0.0:
Threshold 0.01:
Threshold 0.02:
Threshold 0.05:
Threshold 0.1:
Threshold 0.2:
Threshold 0.3333333333333333:
max k is :0
Number of Clusters after addition by greedy: 713
gradient0 in heuristiic: 713
calculating extra bipartitions to be added at level 1 ...
Adding to X using resolutions of greedy consensus ...
Limit for sigma of degrees:675
polytomy size limit : 3
discarded polytomies:  [3]
Threshold 0.0:
Threshold 0.01:
Threshold 0.02:
Threshold 0.05:
Threshold 0.1:
Threshold 0.2:
Threshold 0.3333333333333333:
polytomy of size 3; rounds with additions with at least 5 support: 0; clusters: 713
max k is :0
Number of Clusters after addition by greedy: 713
gradient1 in heuristiic: 0
calculating extra bipartitions to be added at level 1 ...
Adding to X using resolutions of greedy consensus ...
Limit for sigma of degrees:675
polytomy size limit : 3
discarded polytomies:  [3]
Threshold 0.0:
Threshold 0.01:
Threshold 0.02:
Threshold 0.05:
Threshold 0.1:
Threshold 0.2:
Threshold 0.3333333333333333:
polytomy of size 3; rounds with additions with at least 5 support: 0; clusters: 713
max k is :0
Number of Clusters after addition by greedy: 713
gradient2 in heuristiic: 0
calculating extra bipartitions to be added at level 1 ...
Adding to X using resolutions of greedy consensus ...
Limit for sigma of degrees:675
polytomy size limit : 3
discarded polytomies:  [3]
Threshold 0.0:
Threshold 0.01:
Threshold 0.02:
Threshold 0.05:
Threshold 0.1:
Threshold 0.2:
Threshold 0.3333333333333333:
polytomy of size 3; rounds with additions with at least 5 support: 0; clusters: 713
max k is :0
Number of Clusters after addition by greedy: 713
gradient3 in heuristiic: 0
partitions formed in 11.006 secs
Dynamic Programming starting after 11.006 secs
Using tree-based weight calculation.
Using polytree-based weight calculation.
Polytree max score: 4071277
Polytree building time: 0.024 seconds.
Number of quartet trees in the gene trees: 4053664
Size of largest cluster: 102
Greedy score: 2376530
estimationFactor: 1.7131179254800222
Sub-optimal score: 2530200
Total Number of elements weighted: 1871
Normalized score (portion of input quartet trees satisfied before correcting for multiple individuals): 0.6292298769705629
Optimization score: 2550686
Optimal tree inferred in 11.315 secs.
(16,(14,(22,((18,17),((25,23),((20,(21,(15,(24,19)))),((2,5),((12,(7,13)),(1,((4,(9,8)),(11,(6,(10,3)))))))))))));
Final quartet score is: 2703313
Final normalized quartet score is: 0.6668813695461686
You may want to ignore posterior probabilities and other statistics related to the following branch branch because the effective number of genes impacting it is only 15:
	{14}
You may want to ignore posterior probabilities and other statistics related to the following branch branch because the effective number of genes impacting it is only 12:
	{22}
You may want to ignore posterior probabilities and other statistics related to the following branch branch because the effective number of genes impacting it is only 9:
	{18}
You may want to ignore posterior probabilities and other statistics related to the following branch branch because the effective number of genes impacting it is only 13:
	{17}
You may want to ignore posterior probabilities and other statistics related to the following branch branch because the effective number of genes impacting it is only 13:
	{25}
You may want to ignore posterior probabilities and other statistics related to the following branch branch because the effective number of genes impacting it is only 13:
	{23}
You may want to ignore posterior probabilities and other statistics related to the following branch branch because the effective number of genes impacting it is only 14:
	{20}
You may want to ignore posterior probabilities and other statistics related to the following branch branch because the effective number of genes impacting it is only 16:
	{21}
You may want to ignore posterior probabilities and other statistics related to the following branch branch because the effective number of genes impacting it is only 11:
	{15}
You may want to ignore posterior probabilities and other statistics related to the following branch branch because the effective number of genes impacting it is only 11:
	{24}
You may want to ignore posterior probabilities and other statistics related to the following branch branch because the effective number of genes impacting it is only 11:
	{19}
You may want to ignore posterior probabilities and other statistics related to the following branch branch because the effective number of genes impacting it is only 13:
	{2}
You may want to ignore posterior probabilities and other statistics related to the following branch branch because the effective number of genes impacting it is only 15:
	{5}
You may want to ignore posterior probabilities and other statistics related to the following branch branch because the effective number of genes impacting it is only 17:
	{12}
You may want to ignore posterior probabilities and other statistics related to the following branch branch because the effective number of genes impacting it is only 14:
	{7}
You may want to ignore posterior probabilities and other statistics related to the following branch branch because the effective number of genes impacting it is only 14:
	{13}
You may want to ignore posterior probabilities and other statistics related to the following branch branch because the effective number of genes impacting it is only 14:
	{1}
You may want to ignore posterior probabilities and other statistics related to the following branch branch because the effective number of genes impacting it is only 10:
	{4}
You may want to ignore posterior probabilities and other statistics related to the following branch branch because the effective number of genes impacting it is only 10:
	{9}
You may want to ignore posterior probabilities and other statistics related to the following branch branch because the effective number of genes impacting it is only 8:
	{8}
You may want to ignore posterior probabilities and other statistics related to the following branch branch because the effective number of genes impacting it is only 10:
	{11}
You may want to ignore posterior probabilities and other statistics related to the following branch branch because the effective number of genes impacting it is only 11:
	{6}
You may want to ignore posterior probabilities and other statistics related to the following branch branch because the effective number of genes impacting it is only 11:
	{10}
You may want to ignore posterior probabilities and other statistics related to the following branch branch because the effective number of genes impacting it is only 11:
	{3}
You may want to ignore posterior probabilities and other statistics related to the following branch branch because the effective number of genes impacting it is only 15:
	{16}
((14_3,14_2,14_1)0.05:0.0,(((22_4,22_3,22_2,22_1)0.09:0.0,(((18_4,18_3,18_2,18_1)0.18:0.0,(17_4,17_3,17_2,17_1)0.2:0.0)0.36:0.02346467395589708,(((25_3,25_2,25_1,25_6,25_5,25_4)0.07:0.0,(23_5,23_4,23_3,23_2,23_1,23_6)0.1:0.0)1:1.54032976349383,(((20_5,20_4,20_3,20_2,20_1)0.95:0.44044027053747065,((21_3,21_2,21_1)0.2:0.0,((15_2,15_1,15_4,15_3)0.09:0.0,((24_4,24_3,24_2,24_1)0.07:0.0,(19_4,19_3,19_2,19_1)0.07:0.0)1:0.7502856610652036)1:0.791908117485564)1:1.0436055790006806)0.78:0.11945273926805755,(((2_1,2_2,2_3)0.25:0.0,(5_1,5_2,5_3)0.25:0.0)1:1.7695088602932363,(((12_3,12_2,12_1)0.27:0.0,((7_1,7_2,7_3,7_4)0.05:0.0,(13_4,13_3,13_2,13_1)0.09:0.0)1:1.1526130927641223)1:1.3637990272857123,((1_1,1_2,1_3)0.22:0.0,(((4_1,4_2,4_3,4_4,4_5)0.16:0.0,((9_1,9_2,9_3,9_4,9_5)0.08:0.0,(8_1,8_2,8_3,8_4,8_5,8_6)0.15:0.0)0.92:0.1727101853736954)1:0.6809344300916443,((11_4,11_3,11_2,11_1)0.1:0.0,((6_1,6_2,6_3,6_4)0.11:0.0,((10_4,10_3,10_2,10_1)0.09:0.0,(3_1,3_2,3_3,3_4)0.08:0.0)1:0.3488188252036575)1:0.4233845844757098)1:1.055118418594014)1:0.4358372629256193)1:1.149186808543276)1:0.8307867033641385)1:2.1011317167323207)0.85:0.13092866990638594)1:0.9266112409241167)1:1.3486157107368621)0.98:0.2229625439611985,(16_1,16_3,16_2)0.04:0.0));
Weight calculation took 0.305619086 secs
ASTRAL finished in 11.536 secs
