
================== ASTRAL ===================== 

This is ASTRAL version 5.6.3
Gene trees are treated as unrooted
177 trees read from g_trees-raxml-sqlen-50-ngen-50.trees.tree
All output trees will be *arbitrarily* rooted at 18

======== Running the main analysis
Number of taxa: 25 (25 species)
Taxa: [18, 8, 4, 1, 6, 3, 10, 11, 9, 17, 7, 13, 12, 16, 20, 25, 23, 14, 5, 22, 2, 21, 15, 24, 19]
Taxon occupancy: {22=148, 23=151, 24=115, 25=149, 10=90, 11=103, 12=110, 13=116, 14=146, 15=112, 16=145, 17=148, 18=153, 19=120, 1=120, 2=126, 3=90, 4=113, 5=124, 6=103, 7=117, 8=127, 9=119, 20=134, 21=127}
Number of gene trees: 177
175 trees have missing taxa
Calculating quartet distance matrix (for completion of X)
Species tree distances calculated ...
Will attempt to complete bipartitions from X before adding using a distance matrix.
Building set of clusters (X) from gene trees 
------------------------------
gradient0: 455
Number of Clusters after addition by distance: 455
calculating extra bipartitions to be added at level 1 ...
Adding to X using resolutions of greedy consensus ...
Limit for sigma of degrees:675
polytomy size limit : 3
discarded polytomies:  [3]
Threshold 0.0:
Threshold 0.01:
Threshold 0.02:
Threshold 0.05:
Threshold 0.1:
Threshold 0.2:
Threshold 0.3333333333333333:
polytomy of size 3; rounds with additions with at least 5 support: 0; clusters: 455
max k is :0
Number of Clusters after addition by greedy: 455
gradient0 in heuristiic: 455
partitions formed in 0.282 secs
Dynamic Programming starting after 0.282 secs
Using tree-based weight calculation.
Using polytree-based weight calculation.
Polytree max score: 626867
Polytree building time: 0.03 seconds.
Number of quartet trees in the gene trees: 626867
Size of largest cluster: 25
Greedy score: 513081
estimationFactor: 1.2217700519021364
Sub-optimal score: 528196
Total Number of elements weighted: 799
Normalized score (portion of input quartet trees satisfied before correcting for multiple individuals): 0.8481129170940567
Optimization score: 531654
Optimal tree inferred in 0.513 secs.
(6,((3,10),(11,((4,(8,9)),(1,((12,(7,13)),((5,2),((20,(21,(15,(24,19)))),((25,23),(17,(18,(22,(16,14)))))))))))));
Final quartet score is: 531654
Final normalized quartet score is: 0.8481129170940567
(18,((22,(16,14)0.87:0.19902653066094342)1:1.2830569623159702,(17,((25,23)1:3.0173547375671506,((20,(21,(15,(24,19)1:1.8353161690703956)1:0.9175288490548713)1:0.5438664949643708)1:0.27022943942080385,((5,2)1:1.131934466051802,((12,(7,13)1:1.972021293058999)1:1.4821481669229262,(1,((4,(8,9)0.23:0.0)1:0.8921258455401481,(11,((3,10)1:0.3499398021362514,6)1:0.593677822442784)1:0.83685664233244)0.98:0.21401096132327957)1:1.3978440563991634)1:0.7925654036897762)1:2.3547182172741303)1:0.41121374274854294)0.6:0.16363539915687839)0.84:0.09403753853702353));
Weight calculation took 0.1496104 secs
ASTRAL finished in 1.616 secs
