
================== ASTRAL ===================== 

This is ASTRAL version 5.6.3
Gene trees are treated as unrooted
1707 trees read from g_trees-raxml-sqlen-50-ngen-500.trees.tree
All output trees will be *arbitrarily* rooted at 18

======== Running the main analysis
Number of taxa: 25 (25 species)
Taxa: [18, 8, 4, 1, 6, 3, 10, 11, 9, 17, 7, 13, 12, 16, 20, 25, 23, 14, 5, 22, 2, 21, 15, 24, 19]
Taxon occupancy: {22=1206, 23=1223, 24=1245, 25=1233, 10=1212, 11=1223, 12=1266, 13=1249, 14=1182, 15=1259, 16=1197, 17=1183, 18=1211, 19=1241, 1=1298, 2=1163, 3=1213, 4=1222, 5=1200, 6=1221, 7=1250, 8=1298, 9=1298, 20=1260, 21=1175}
Number of gene trees: 1707
1672 trees have missing taxa
Calculating quartet distance matrix (for completion of X)
Species tree distances calculated ...
Will attempt to complete bipartitions from X before adding using a distance matrix.
Building set of clusters (X) from gene trees 
------------------------------
gradient0: 1319
Number of Clusters after addition by distance: 1319
calculating extra bipartitions to be added at level 1 ...
Adding to X using resolutions of greedy consensus ...
Limit for sigma of degrees:675
polytomy size limit : 3
discarded polytomies:  []
Threshold 0.0:
Threshold 0.01:
Threshold 0.02:
Threshold 0.05:
Threshold 0.1:
Threshold 0.2:
Threshold 0.3333333333333333:
max k is :0
Number of Clusters after addition by greedy: 1319
gradient0 in heuristiic: 1319
partitions formed in 0.849 secs
Dynamic Programming starting after 0.849 secs
Using tree-based weight calculation.
Using polytree-based weight calculation.
Polytree max score: 6680954
Polytree building time: 0.185 seconds.
Number of quartet trees in the gene trees: 6680954
Size of largest cluster: 25
Greedy score: 5282308
estimationFactor: 1.264779335093675
Sub-optimal score: 5527719
Total Number of elements weighted: 4799
Normalized score (portion of input quartet trees satisfied before correcting for multiple individuals): 0.8403229538775451
Optimization score: 5614159
Optimal tree inferred in 5.263 secs.
(6,((3,10),(11,((4,(8,9)),(1,((12,(7,13)),((5,2),((20,(21,(15,(24,19)))),((25,23),(17,(18,(22,(16,14)))))))))))));
Final quartet score is: 5614159
Final normalized quartet score is: 0.8403229538775451
(18,((22,(16,14)1:0.327818936895248)1:1.6521588164185579,(17,((25,23)1:2.5458301687266833,((20,(21,(15,(24,19)1:1.0248765785554264)1:0.7032422647080109)1:0.6508797677398441)1:0.24702018012391116,((5,2)1:1.7143022950929852,((12,(7,13)1:1.653200591184191)1:1.5243805881401846,(1,((4,(8,9)1:0.27301690261705386)1:1.0294931423635187,(11,((3,10)1:0.5434499898701953,6)1:0.6269253398402611)1:0.6966917808866078)1:0.22960860872001468)1:0.9568836512267193)1:0.9213259751920705)1:1.5758615981838755)1:0.16103980611438262)1:0.5398601962612163)1:0.07850906506027078));
Weight calculation took 4.110811806 secs
ASTRAL finished in 6.042 secs
