
================== ASTRAL ===================== 

This is ASTRAL version 5.6.3
Gene trees are treated as unrooted
287 trees read from g_trees-raxml-sqlen-250-ngen-100.trees.tree
All output trees will be *arbitrarily* rooted at 12

======== Running the main analysis
Number of taxa: 25 (25 species)
Taxa: [12, 13, 7, 5, 1, 11, 10, 3, 6, 4, 8, 9, 16, 14, 22, 17, 18, 20, 25, 23, 2, 21, 15, 24, 19]
Taxon occupancy: {22=220, 23=245, 24=201, 25=256, 10=188, 11=206, 12=234, 13=247, 14=216, 15=204, 16=216, 17=222, 18=223, 19=199, 1=247, 2=204, 3=188, 4=236, 5=205, 6=203, 7=250, 8=229, 9=232, 20=231, 21=208}
Number of gene trees: 287
275 trees have missing taxa
Calculating quartet distance matrix (for completion of X)
Species tree distances calculated ...
Will attempt to complete bipartitions from X before adding using a distance matrix.
Building set of clusters (X) from gene trees 
------------------------------
gradient0: 257
Number of Clusters after addition by distance: 257
calculating extra bipartitions to be added at level 1 ...
Adding to X using resolutions of greedy consensus ...
Limit for sigma of degrees:675
polytomy size limit : 3
discarded polytomies:  []
Threshold 0.0:
Threshold 0.01:
Threshold 0.02:
Threshold 0.05:
Threshold 0.1:
Threshold 0.2:
Threshold 0.3333333333333333:
max k is :0
Number of Clusters after addition by greedy: 257
gradient0 in heuristiic: 257
partitions formed in 0.236 secs
Dynamic Programming starting after 0.236 secs
Using tree-based weight calculation.
Using polytree-based weight calculation.
Polytree max score: 1418894
Polytree building time: 0.039 seconds.
Number of quartet trees in the gene trees: 1418894
Size of largest cluster: 25
Greedy score: 1327081
estimationFactor: 1.0691841718779789
Sub-optimal score: 1327081
Total Number of elements weighted: 318
Normalized score (portion of input quartet trees satisfied before correcting for multiple individuals): 0.9354574760341505
Optimization score: 1327315
Optimal tree inferred in 0.439 secs.
(1,(((4,(8,9)),(11,(6,(10,3)))),((12,(13,7)),((5,2),((20,(21,(15,(24,19)))),((25,23),(17,(18,(22,(16,14))))))))));
Final quartet score is: 1327315
Final normalized quartet score is: 0.9354574760341505
(12,((13,7)1:3.227725440145184,(((5,2)1:4.8148907169701705,((20,(21,(15,(24,19)1:2.1704133198855624)1:1.218787890111077)1:4.066756605703273)0.93:0.12762649196873804,((25,23)1:4.071836249777775,(17,(18,(22,(16,14)1:0.725937003382936)1:4.846808319938475)0.63:0.04706202694367739)1:2.0532736760523207)1:0.5761814580531937)1:4.089847432039133)1:2.2395269570269085,(((4,(8,9)1:0.41055076496843734)1:2.595516521331971,(11,(6,(10,3)1:0.651499440105202)1:0.7057700010470823)1:1.5639925633558915)1:1.1786282872966267,1)1:4.502553810929559)1:3.0422522891888826));
Weight calculation took 0.127730025 secs
ASTRAL finished in 0.789 secs
