
================== ASTRAL ===================== 

This is ASTRAL version 5.6.3
Gene trees are treated as unrooted
322 trees read from g_trees-raxml-sqlen-50-ngen-100.trees.tree
All output trees will be *arbitrarily* rooted at 18

======== Running the main analysis
Number of taxa: 25 (25 species)
Taxa: [18, 8, 4, 1, 6, 3, 10, 11, 9, 17, 7, 13, 12, 16, 20, 25, 23, 14, 5, 22, 2, 21, 15, 24, 19]
Taxon occupancy: {22=231, 23=256, 24=220, 25=264, 10=195, 11=196, 12=228, 13=235, 14=235, 15=217, 16=234, 17=238, 18=229, 19=221, 1=227, 2=207, 3=195, 4=225, 5=208, 6=204, 7=237, 8=240, 9=230, 20=231, 21=225}
Number of gene trees: 322
316 trees have missing taxa
Calculating quartet distance matrix (for completion of X)
Species tree distances calculated ...
Will attempt to complete bipartitions from X before adding using a distance matrix.
Building set of clusters (X) from gene trees 
------------------------------
gradient0: 695
Number of Clusters after addition by distance: 695
calculating extra bipartitions to be added at level 1 ...
Adding to X using resolutions of greedy consensus ...
Limit for sigma of degrees:675
polytomy size limit : 3
discarded polytomies:  [3]
Threshold 0.0:
Threshold 0.01:
Threshold 0.02:
Threshold 0.05:
Threshold 0.1:
Threshold 0.2:
Threshold 0.3333333333333333:
polytomy of size 3; rounds with additions with at least 5 support: 0; clusters: 695
max k is :0
Number of Clusters after addition by greedy: 695
gradient0 in heuristiic: 695
partitions formed in 0.347 secs
Dynamic Programming starting after 0.347 secs
Using tree-based weight calculation.
Using polytree-based weight calculation.
Polytree max score: 1115824
Polytree building time: 0.036 seconds.
Number of quartet trees in the gene trees: 1115824
Size of largest cluster: 25
Greedy score: 884969
estimationFactor: 1.260862244892194
Sub-optimal score: 927580
Total Number of elements weighted: 1593
Normalized score (portion of input quartet trees satisfied before correcting for multiple individuals): 0.8348673267468705
Optimization score: 931565
Optimal tree inferred in 0.868 secs.
(6,((3,10),(11,((9,(8,4)),(1,((12,(7,13)),((5,2),((20,(21,(15,(24,19)))),((25,23),(17,(18,(22,(16,14)))))))))))));
Final quartet score is: 931565
Final normalized quartet score is: 0.8348673267468705
(18,((22,(16,14)1:0.2574039347353343)1:1.4001340615853086,(17,((25,23)1:2.951018882216002,((20,(21,(15,(24,19)1:1.3861235338064073)1:0.8909926914945578)1:0.5183259971341563)0.96:0.11869452437020592,((5,2)1:1.5192716115171905,((12,(7,13)1:1.6691571471357227)1:1.2976091280773068,(1,((9,(8,4)0.98:0.15321250502921782)1:0.6136890615571855,(11,((3,10)1:0.4134209117161185,6)1:0.5074417301156853)1:1.0458559358603854)1:0.29960531441685706)1:1.263633808357071)1:0.6727423431344581)1:1.7254675725390283)1:0.29415464491485116)1:0.3323066059180457)0.98:0.1306330911383711));
Weight calculation took 0.41870793 secs
ASTRAL finished in 1.306 secs
