
================== ASTRAL ===================== 

This is ASTRAL version 5.6.3
Gene trees are treated as unrooted
1251 trees read from g_trees-raxml-sqlen-0-ngen-500.trees.tree
All output trees will be *arbitrarily* rooted at 20

======== Running the main analysis
Number of taxa: 25 (25 species)
Taxa: [20, 25, 23, 16, 22, 14, 17, 18, 3, 10, 6, 11, 9, 4, 8, 1, 7, 13, 12, 5, 2, 21, 19, 24, 15]
Taxon occupancy: {22=988, 23=1032, 24=1046, 25=1045, 10=980, 11=1025, 12=1025, 13=1005, 14=989, 15=1056, 16=989, 17=994, 18=1019, 19=1041, 1=1061, 2=989, 3=979, 4=995, 5=994, 6=1007, 7=1002, 8=1020, 9=1028, 20=992, 21=939}
Number of gene trees: 1251
1155 trees have missing taxa
Calculating quartet distance matrix (for completion of X)
Species tree distances calculated ...
Will attempt to complete bipartitions from X before adding using a distance matrix.
Building set of clusters (X) from gene trees 
------------------------------
gradient0: 207
Number of Clusters after addition by distance: 207
calculating extra bipartitions to be added at level 1 ...
Adding to X using resolutions of greedy consensus ...
Limit for sigma of degrees:675
polytomy size limit : 3
discarded polytomies:  []
Threshold 0.0:
Threshold 0.01:
Threshold 0.02:
Threshold 0.05:
Threshold 0.1:
Threshold 0.2:
Threshold 0.3333333333333333:
max k is :0
Number of Clusters after addition by greedy: 207
gradient0 in heuristiic: 207
partitions formed in 0.569 secs
Dynamic Programming starting after 0.569 secs
Using tree-based weight calculation.
Using polytree-based weight calculation.
Polytree max score: 7517635
Polytree building time: 0.107 seconds.
Number of quartet trees in the gene trees: 7517635
Size of largest cluster: 25
Greedy score: 7434693
estimationFactor: 1.0111560759805416
Sub-optimal score: 7434693
Total Number of elements weighted: 187
Normalized score (portion of input quartet trees satisfied before correcting for multiple individuals): 0.9889670089063914
Optimization score: 7434693
Optimal tree inferred in 0.896 secs.
(2,(5,(((12,(7,13)),(1,((4,(9,8)),(11,(6,(3,10)))))),((20,(21,(15,(19,24)))),((25,23),(17,(18,(22,(16,14)))))))));
Final quartet score is: 7434693
Final normalized quartet score is: 0.9889670089063914
(20,((21,(15,(19,24)1:3.5866006049935204)1:3.6948141896337496)1:6.256389632437173,(((25,23)1:6.49526555593698,(17,(18,(22,(16,14)1:0.8269793702990836)1:5.928406411140815)1:0.18944601881703865)1:5.675611597689483)1:2.677640795654416,(((12,(7,13)1:6.429719478039117)1:6.392475304866794,(1,((4,(9,8)1:0.7230001437096266)1:5.035869765274791,(11,(6,(3,10)1:0.9062669075067566)1:1.5456833976087376)1:6.457292804943248)1:3.8087766554626534)1:6.413458957167336)1:6.331501849893694,(5,2)1:6.364176868744358)1:6.435081421180498)1:1.8541614077648054));
Weight calculation took 0.165072251 secs
ASTRAL finished in 1.336 secs
