
================== ASTRAL ===================== 

This is ASTRAL version 5.6.3
Gene trees are treated as unrooted
68 trees read from g_trees-raxml-sqlen-25-ngen-25.trees.tree
All output trees will be *arbitrarily* rooted at 20

======== Running the main analysis
Number of taxa: 25 (25 species)
Taxa: [20, 25, 16, 17, 18, 12, 13, 7, 1, 4, 8, 9, 10, 3, 6, 11, 5, 14, 22, 23, 2, 21, 15, 24, 19]
Taxon occupancy: {22=57, 23=50, 24=39, 25=54, 10=59, 11=55, 12=40, 13=47, 14=55, 15=33, 16=57, 17=45, 18=60, 19=39, 1=51, 2=29, 3=59, 4=40, 5=21, 6=59, 7=47, 8=55, 9=48, 20=49, 21=33}
Number of gene trees: 68
68 trees have missing taxa
Calculating quartet distance matrix (for completion of X)
Species tree distances calculated ...
Will attempt to complete bipartitions from X before adding using a distance matrix.
Building set of clusters (X) from gene trees 
------------------------------
gradient0: 443
Number of Clusters after addition by distance: 443
calculating extra bipartitions to be added at level 1 ...
Adding to X using resolutions of greedy consensus ...
Limit for sigma of degrees:675
polytomy size limit : 5
discarded polytomies:  [3, 5]
Threshold 0.0:
Threshold 0.01:
Threshold 0.02:
Threshold 0.05:
Threshold 0.1:
Threshold 0.2:
Threshold 0.3333333333333333:
polytomy of size 3; rounds with additions with at least 5 support: 0; clusters: 443
polytomy of size 5; rounds with additions with at least 5 support: 0; clusters: 443
max k is :0
Number of Clusters after addition by greedy: 443
gradient0 in heuristiic: 443
partitions formed in 0.194 secs
Dynamic Programming starting after 0.194 secs
Using tree-based weight calculation.
Using polytree-based weight calculation.
Polytree max score: 226013
Polytree building time: 0.016 seconds.
Number of quartet trees in the gene trees: 226013
Size of largest cluster: 25
Greedy score: 172889
estimationFactor: 1.307272296097496
Sub-optimal score: 174485
Total Number of elements weighted: 723
Normalized score (portion of input quartet trees satisfied before correcting for multiple individuals): 0.7878661846884913
Optimization score: 178068
Optimal tree inferred in 0.321 secs.
(18,((22,(16,14)),(17,((25,23),((21,(15,(24,19))),(20,(((5,2),(12,(13,7))),(1,((8,(4,9)),(11,(6,(10,3))))))))))));
Final quartet score is: 178068
Final normalized quartet score is: 0.7878661846884913
You may want to ignore posterior probabilities and other statistics related to the following branch branch because the effective number of genes impacting it is only 18:
	{5, 2}
You may want to ignore posterior probabilities and other statistics related to the following branch branch because the effective number of genes impacting it is only 19:
	{12, 13, 7}
(20,((((5,2)1:1.2153896382458411,(12,(13,7)1:1.6858108912186744)1:1.864330162062891)0.59:0.20111958682616757,(1,((8,(4,9)0.47:0.04310099573977715)1:1.238099833307727,(11,(6,(10,3)1:0.3311873061228541)1:1.1533990147516513)1:0.70326315931897)0.95:0.2573777886064063)1:0.7059326490694066)1:0.8558995640099883,((21,(15,(24,19)1:0.5013368260187464)0.96:0.36516956793015526)0.39:0.11229852457413289,((25,23)1:1.5965632772377594,(17,((22,(16,14)0.85:0.1677971679987927)1:0.3368412417437332,18)1:0.8599821570978099)1:1.0723699756972935)0.86:0.22316743122847527)0.97:0.333768103878182));
Weight calculation took 0.077957633 secs
ASTRAL finished in 0.423 secs
