
================== ASTRAL ===================== 

This is ASTRAL version 5.6.3
Gene trees are treated as unrooted
1474 trees read from g_trees-raxml-sqlen-0-ngen-500.trees.tree
All output trees will be *arbitrarily* rooted at 24

======== Running the main analysis
Number of taxa: 25 (25 species)
Taxa: [24, 4, 17, 2, 5, 1, 14, 21, 16, 7, 18, 15, 11, 6, 9, 8, 3, 22, 19, 12, 10, 20, 13, 25, 23]
Taxon occupancy: {22=1224, 23=1143, 24=1108, 25=1098, 10=1209, 11=1171, 12=1238, 13=1204, 14=1231, 15=1117, 16=1181, 17=1128, 18=1128, 19=1231, 1=1189, 2=1217, 3=1225, 4=1222, 5=1190, 6=1174, 7=1133, 8=1202, 9=1178, 20=1205, 21=1182}
Number of gene trees: 1474
1375 trees have missing taxa
Calculating quartet distance matrix (for completion of X)
Species tree distances calculated ...
Will attempt to complete bipartitions from X before adding using a distance matrix.
Building set of clusters (X) from gene trees 
------------------------------
gradient0: 209
Number of Clusters after addition by distance: 209
calculating extra bipartitions to be added at level 1 ...
Adding to X using resolutions of greedy consensus ...
Limit for sigma of degrees:675
polytomy size limit : 3
discarded polytomies:  []
Threshold 0.0:
Threshold 0.01:
Threshold 0.02:
Threshold 0.05:
Threshold 0.1:
Threshold 0.2:
Threshold 0.3333333333333333:
max k is :0
Number of Clusters after addition by greedy: 209
gradient0 in heuristiic: 209
partitions formed in 0.628 secs
Dynamic Programming starting after 0.628 secs
Using tree-based weight calculation.
Using polytree-based weight calculation.
Polytree max score: 8421212
Polytree building time: 0.11 seconds.
Number of quartet trees in the gene trees: 8421212
Size of largest cluster: 25
Greedy score: 8187412
estimationFactor: 1.0285560321136886
Sub-optimal score: 8187412
Total Number of elements weighted: 244
Normalized score (portion of input quartet trees satisfied before correcting for multiple individuals): 0.9722722809970822
Optimization score: 8187711
Optimal tree inferred in 1.046 secs.
(5,(1,((14,21),(16,(17,(2,((4,12),(((24,(25,23)),(8,(9,(11,6)))),((10,(15,(7,18))),((20,13),(3,(22,19))))))))))));
Final quartet score is: 8187711
Final normalized quartet score is: 0.9722722809970822
(24,((25,23)1:6.382379874201431,((8,(9,(11,6)1:0.41812074287342915)1:6.583870157866376)1:6.474918974077894,(((10,(15,(7,18)1:3.2352739706778384)1:4.529008825022534)1:6.5092657846103865,((20,13)1:6.645524338959889,(3,(22,19)1:6.592130874873788)1:1.3368209034493264)1:6.579251212010145)1:1.5210495943083782,((4,12)1:6.592130874873788,(2,(17,(16,((14,21)1:0.7632285295462605,(1,5)1:2.913902255306359)1:1.3027292827738486)1:6.419994928147142)0.08:0.012436565041008488)1:2.404242261665198)1:4.491588837185414)1:2.495552434199318)1:6.357264398823667));
Weight calculation took 0.242948368 secs
ASTRAL finished in 1.432 secs
