
================== ASTRAL ===================== 

This is ASTRAL version 5.6.3
Gene trees are treated as unrooted
1861 trees read from g_trees-raxml-sqlen-50-ngen-500.trees.tree
All output trees will be *arbitrarily* rooted at 8

======== Running the main analysis
Number of taxa: 25 (25 species)
Taxa: [8, 17, 2, 16, 14, 21, 5, 1, 18, 7, 4, 15, 9, 11, 24, 6, 12, 3, 19, 22, 10, 23, 25, 13, 20]
Taxon occupancy: {22=1444, 23=1189, 24=1114, 25=1185, 10=1279, 11=1298, 12=1388, 13=1418, 14=1382, 15=1207, 16=1316, 17=1216, 18=1296, 19=1441, 1=1335, 2=1465, 3=1460, 4=1427, 5=1340, 6=1287, 7=1322, 8=1412, 9=1290, 20=1412, 21=1339}
Number of gene trees: 1861
1834 trees have missing taxa
Calculating quartet distance matrix (for completion of X)
Species tree distances calculated ...
Will attempt to complete bipartitions from X before adding using a distance matrix.
Building set of clusters (X) from gene trees 
------------------------------
gradient0: 2229
Number of Clusters after addition by distance: 2229
calculating extra bipartitions to be added at level 1 ...
Adding to X using resolutions of greedy consensus ...
Limit for sigma of degrees:675
polytomy size limit : 3
discarded polytomies:  [3, 3]
Threshold 0.0:
Threshold 0.01:
Threshold 0.02:
Threshold 0.05:
Threshold 0.1:
Threshold 0.2:
Threshold 0.3333333333333333:
polytomy of size 3; rounds with additions with at least 5 support: 0; clusters: 2229
polytomy of size 3; rounds with additions with at least 5 support: 0; clusters: 2229
max k is :0
Number of Clusters after addition by greedy: 2229
gradient0 in heuristiic: 2229
partitions formed in 1.316 secs
Dynamic Programming starting after 1.316 secs
Using tree-based weight calculation.
Using polytree-based weight calculation.
Polytree max score: 6835502
Polytree building time: 0.145 seconds.
Number of quartet trees in the gene trees: 6835502
Size of largest cluster: 25
Greedy score: 4746065
estimationFactor: 1.4402461828904576
Sub-optimal score: 4941306
Total Number of elements weighted: 10532
Normalized score (portion of input quartet trees satisfied before correcting for multiple individuals): 0.7551132308936491
Optimization score: 5161578
Optimal tree inferred in 11.217 secs.
(14,(21,((5,1),(16,((17,2),((4,12),(((24,(23,25)),(8,(9,(11,6)))),((10,(15,(18,7))),((13,20),(3,(19,22)))))))))));
Final quartet score is: 5161578
Final normalized quartet score is: 0.7551132308936491
(8,((9,(11,6)1:0.13734376601616036)1:1.4406729945195653,((24,(23,25)1:1.86069903377246)1:1.3429522718471454,(((10,(15,(18,7)1:0.5353900151484562)1:0.5159227766467398)1:1.032295209161217,((13,20)1:2.109259282046175,(3,(19,22)1:1.2519375822448362)1:0.2630967811150758)1:1.7159715857518938)0.99:0.05655103610825184,((4,12)1:0.8558103772064828,((17,2)1:0.10475772163268039,(16,((5,1)1:1.022252324505019,(21,14)1:0.28535882745190644)1:0.20010200007941117)1:1.774653471025628)1:0.13026898948722412)1:0.4336645561043173)0.98:0.05992732757641343)1:1.3577256446505717));
Weight calculation took 9.614029317 secs
ASTRAL finished in 11.824 secs
