
================== ASTRAL ===================== 

This is ASTRAL version 5.6.3
Gene trees are treated as unrooted
1689 trees read from g_trees-raxml-sqlen-250-ngen-500.trees.tree
All output trees will be *arbitrarily* rooted at 24

======== Running the main analysis
Number of taxa: 25 (25 species)
Taxa: [24, 18, 15, 7, 4, 2, 17, 16, 21, 14, 5, 1, 8, 9, 11, 6, 12, 3, 22, 19, 10, 25, 23, 13, 20]
Taxon occupancy: {22=1380, 23=1255, 24=1205, 25=1207, 10=1351, 11=1243, 12=1393, 13=1296, 14=1385, 15=1291, 16=1350, 17=1263, 18=1270, 19=1375, 1=1355, 2=1381, 3=1326, 4=1346, 5=1357, 6=1242, 7=1248, 8=1267, 9=1254, 20=1317, 21=1281}
Number of gene trees: 1689
1610 trees have missing taxa
Calculating quartet distance matrix (for completion of X)
Species tree distances calculated ...
Will attempt to complete bipartitions from X before adding using a distance matrix.
Building set of clusters (X) from gene trees 
------------------------------
gradient0: 613
Number of Clusters after addition by distance: 613
calculating extra bipartitions to be added at level 1 ...
Adding to X using resolutions of greedy consensus ...
Limit for sigma of degrees:675
polytomy size limit : 3
discarded polytomies:  []
Threshold 0.0:
Threshold 0.01:
Threshold 0.02:
Threshold 0.05:
Threshold 0.1:
Threshold 0.2:
Threshold 0.3333333333333333:
max k is :0
Number of Clusters after addition by greedy: 613
gradient0 in heuristiic: 613
partitions formed in 0.84 secs
Dynamic Programming starting after 0.84 secs
Using tree-based weight calculation.
Using polytree-based weight calculation.
Polytree max score: 8495369
Polytree building time: 0.213 seconds.
Number of quartet trees in the gene trees: 8495369
Size of largest cluster: 25
Greedy score: 7060988
estimationFactor: 1.2031416849879932
Sub-optimal score: 7212963
Total Number of elements weighted: 1194
Normalized score (portion of input quartet trees satisfied before correcting for multiple individuals): 0.8829780083713844
Optimization score: 7501224
Optimal tree inferred in 2.135 secs.
(4,(12,(((2,17),(16,((5,1),(21,14)))),(((24,(25,23)),(8,(9,(11,6)))),((10,(15,(18,7))),((13,20),(3,(22,19))))))));
Final quartet score is: 7501224
Final normalized quartet score is: 0.8829780083713844
(24,((25,23)1:3.7205934296034653,((8,(9,(11,6)1:0.12402182773151321)1:2.9517834999086565)1:3.2917743651897418,(((10,(15,(18,7)1:1.5639129585911833)1:1.293704239834838)1:2.298486836638543,((13,20)1:3.2032332856556973,(3,(22,19)1:2.737746929804699)1:0.6181546439964892)1:4.144511038215489)1:0.395633846620964,(((2,17)1:0.1461212208784777,(16,((5,1)1:1.7984827559693575,(21,14)1:0.4139751926100084)1:0.6025772699007907)1:3.5650054290365536)1:0.7859104926449286,(12,4)1:2.583821476081038)1:1.223735579238371)1:0.3333032622378316)1:3.960524527655901));
Weight calculation took 0.9698788 secs
ASTRAL finished in 2.566 secs
